[2024-08-26T08:16:17.456+0700] {local_task_job_runner.py:123} INFO - ::group::Pre task execution logs
[2024-08-26T08:16:17.463+0700] {taskinstance.py:2603} INFO - Dependencies all met for dep_context=non-requeueable deps ti=<TaskInstance: combine_columns_dag.combine_columns scheduled__2024-02-03T00:00:00+00:00 [queued]>
[2024-08-26T08:16:17.468+0700] {taskinstance.py:2603} INFO - Dependencies all met for dep_context=requeueable deps ti=<TaskInstance: combine_columns_dag.combine_columns scheduled__2024-02-03T00:00:00+00:00 [queued]>
[2024-08-26T08:16:17.469+0700] {taskinstance.py:2856} INFO - Starting attempt 1 of 2
[2024-08-26T08:16:17.484+0700] {taskinstance.py:2879} INFO - Executing <Task(PythonOperator): combine_columns> on 2024-02-03 00:00:00+00:00
[2024-08-26T08:16:17.488+0700] {standard_task_runner.py:72} INFO - Started process 13651 to run task
[2024-08-26T08:16:17.492+0700] {standard_task_runner.py:104} INFO - Running: ['airflow', 'tasks', 'run', 'combine_columns_dag', 'combine_columns', 'scheduled__2024-02-03T00:00:00+00:00', '--job-id', '100', '--raw', '--subdir', 'DAGS_FOLDER/test_pandas.py', '--cfg-path', '/tmp/tmp_drf6dj0']
[2024-08-26T08:16:17.493+0700] {standard_task_runner.py:105} INFO - Job 100: Subtask combine_columns
[2024-08-26T08:16:17.539+0700] {task_command.py:467} INFO - Running <TaskInstance: combine_columns_dag.combine_columns scheduled__2024-02-03T00:00:00+00:00 [running]> on host LAPTOP-G8FSBU09.
[2024-08-26T08:16:17.600+0700] {taskinstance.py:3122} INFO - Exporting env vars: AIRFLOW_CTX_DAG_OWNER='airflow' AIRFLOW_CTX_DAG_ID='combine_columns_dag' AIRFLOW_CTX_TASK_ID='combine_columns' AIRFLOW_CTX_EXECUTION_DATE='2024-02-03T00:00:00+00:00' AIRFLOW_CTX_TRY_NUMBER='1' AIRFLOW_CTX_DAG_RUN_ID='scheduled__2024-02-03T00:00:00+00:00'
[2024-08-26T08:16:17.600+0700] {logging_mixin.py:190} INFO - Task instance is in running state
[2024-08-26T08:16:17.601+0700] {logging_mixin.py:190} INFO -  Previous state of the Task instance: queued
[2024-08-26T08:16:17.601+0700] {logging_mixin.py:190} INFO - Current task name:combine_columns state:running start_date:2024-08-26 01:16:17.464126+00:00
[2024-08-26T08:16:17.601+0700] {logging_mixin.py:190} INFO - Dag name:combine_columns_dag and current dag run status:running
[2024-08-26T08:16:17.601+0700] {taskinstance.py:731} INFO - ::endgroup::
[2024-08-26T08:16:17.632+0700] {python.py:240} INFO - Done. Returned value was: None
[2024-08-26T08:16:17.639+0700] {taskinstance.py:340} INFO - ::group::Post task execution logs
[2024-08-26T08:16:17.640+0700] {taskinstance.py:352} INFO - Marking task as SUCCESS. dag_id=combine_columns_dag, task_id=combine_columns, run_id=scheduled__2024-02-03T00:00:00+00:00, execution_date=20240203T000000, start_date=20240826T011617, end_date=20240826T011617
[2024-08-26T08:16:17.656+0700] {logging_mixin.py:190} INFO - Task instance in success state
[2024-08-26T08:16:17.656+0700] {logging_mixin.py:190} INFO -  Previous state of the Task instance: running
[2024-08-26T08:16:17.656+0700] {logging_mixin.py:190} INFO - Dag name:combine_columns_dag queued_at:2024-08-26 01:16:15.533247+00:00
[2024-08-26T08:16:17.656+0700] {logging_mixin.py:190} INFO - Task hostname:LAPTOP-G8FSBU09. operator:PythonOperator
[2024-08-26T08:16:17.666+0700] {local_task_job_runner.py:261} INFO - Task exited with return code 0
[2024-08-26T08:16:17.677+0700] {taskinstance.py:3891} INFO - 0 downstream tasks scheduled from follow-on schedule check
[2024-08-26T08:16:17.678+0700] {local_task_job_runner.py:240} INFO - ::endgroup::
