[2024-08-21T09:44:16.280+0700] {local_task_job_runner.py:123} INFO - ::group::Pre task execution logs
[2024-08-21T09:44:16.287+0700] {taskinstance.py:2603} INFO - Dependencies all met for dep_context=non-requeueable deps ti=<TaskInstance: simple_dag.sleep scheduled__2024-08-21T00:04:00+00:00 [queued]>
[2024-08-21T09:44:16.290+0700] {taskinstance.py:2603} INFO - Dependencies all met for dep_context=requeueable deps ti=<TaskInstance: simple_dag.sleep scheduled__2024-08-21T00:04:00+00:00 [queued]>
[2024-08-21T09:44:16.290+0700] {taskinstance.py:2856} INFO - Starting attempt 1 of 2
[2024-08-21T09:44:16.303+0700] {taskinstance.py:2879} INFO - Executing <Task(BashOperator): sleep> on 2024-08-21 00:04:00+00:00
[2024-08-21T09:44:16.305+0700] {standard_task_runner.py:72} INFO - Started process 55276 to run task
[2024-08-21T09:44:16.311+0700] {standard_task_runner.py:104} INFO - Running: ['airflow', 'tasks', 'run', 'simple_dag', 'sleep', 'scheduled__2024-08-21T00:04:00+00:00', '--job-id', '19', '--raw', '--subdir', 'DAGS_FOLDER/daily_report.py', '--cfg-path', '/tmp/tmpt01m6kx8']
[2024-08-21T09:44:16.312+0700] {standard_task_runner.py:105} INFO - Job 19: Subtask sleep
[2024-08-21T09:44:16.344+0700] {task_command.py:467} INFO - Running <TaskInstance: simple_dag.sleep scheduled__2024-08-21T00:04:00+00:00 [running]> on host LAPTOP-G8FSBU09.
[2024-08-21T09:44:16.389+0700] {taskinstance.py:3122} INFO - Exporting env vars: AIRFLOW_CTX_DAG_OWNER='airflow' AIRFLOW_CTX_DAG_ID='simple_dag' AIRFLOW_CTX_TASK_ID='sleep' AIRFLOW_CTX_EXECUTION_DATE='2024-08-21T00:04:00+00:00' AIRFLOW_CTX_TRY_NUMBER='1' AIRFLOW_CTX_DAG_RUN_ID='scheduled__2024-08-21T00:04:00+00:00'
[2024-08-21T09:44:16.390+0700] {logging_mixin.py:190} INFO - Task instance is in running state
[2024-08-21T09:44:16.390+0700] {logging_mixin.py:190} INFO -  Previous state of the Task instance: queued
[2024-08-21T09:44:16.391+0700] {logging_mixin.py:190} INFO - Current task name:sleep state:running start_date:2024-08-21 02:44:16.287387+00:00
[2024-08-21T09:44:16.391+0700] {logging_mixin.py:190} INFO - Dag name:simple_dag and current dag run status:running
[2024-08-21T09:44:16.391+0700] {taskinstance.py:731} INFO - ::endgroup::
[2024-08-21T09:44:16.392+0700] {subprocess.py:63} INFO - Tmp dir root location: /tmp
[2024-08-21T09:44:16.394+0700] {subprocess.py:75} INFO - Running command: ['/usr/bin/bash', '-c', 'sleep 5']
[2024-08-21T09:44:16.399+0700] {subprocess.py:86} INFO - Output:
[2024-08-21T09:44:21.401+0700] {subprocess.py:97} INFO - Command exited with return code 0
[2024-08-21T09:44:21.417+0700] {taskinstance.py:340} INFO - ::group::Post task execution logs
[2024-08-21T09:44:21.418+0700] {taskinstance.py:352} INFO - Marking task as SUCCESS. dag_id=simple_dag, task_id=sleep, run_id=scheduled__2024-08-21T00:04:00+00:00, execution_date=20240821T000400, start_date=20240821T024416, end_date=20240821T024421
[2024-08-21T09:44:21.427+0700] {logging_mixin.py:190} INFO - Task instance in success state
[2024-08-21T09:44:21.427+0700] {logging_mixin.py:190} INFO -  Previous state of the Task instance: running
[2024-08-21T09:44:21.427+0700] {logging_mixin.py:190} INFO - Dag name:simple_dag queued_at:2024-08-21 02:44:01.070436+00:00
[2024-08-21T09:44:21.427+0700] {logging_mixin.py:190} INFO - Task hostname:LAPTOP-G8FSBU09. operator:BashOperator
[2024-08-21T09:44:21.464+0700] {local_task_job_runner.py:261} INFO - Task exited with return code 0
[2024-08-21T09:44:21.473+0700] {taskinstance.py:3891} INFO - 1 downstream tasks scheduled from follow-on schedule check
[2024-08-21T09:44:21.479+0700] {local_task_job_runner.py:240} INFO - ::endgroup::
