[2024-08-22T10:51:47.329+0700] {local_task_job_runner.py:123} INFO - ::group::Pre task execution logs
[2024-08-22T10:51:47.336+0700] {taskinstance.py:2603} INFO - Dependencies all met for dep_context=non-requeueable deps ti=<TaskInstance: simple_dag.sleep scheduled__2024-08-21T04:25:00+00:00 [queued]>
[2024-08-22T10:51:47.340+0700] {taskinstance.py:2603} INFO - Dependencies all met for dep_context=requeueable deps ti=<TaskInstance: simple_dag.sleep scheduled__2024-08-21T04:25:00+00:00 [queued]>
[2024-08-22T10:51:47.340+0700] {taskinstance.py:2856} INFO - Starting attempt 1 of 1
[2024-08-22T10:51:47.351+0700] {taskinstance.py:2879} INFO - Executing <Task(BashOperator): sleep> on 2024-08-21 04:25:00+00:00
[2024-08-22T10:51:47.353+0700] {standard_task_runner.py:72} INFO - Started process 19460 to run task
[2024-08-22T10:51:47.356+0700] {standard_task_runner.py:104} INFO - Running: ['airflow', 'tasks', 'run', 'simple_dag', 'sleep', 'scheduled__2024-08-21T04:25:00+00:00', '--job-id', '221', '--raw', '--subdir', 'DAGS_FOLDER/test.py', '--cfg-path', '/tmp/tmp13gv_00m']
[2024-08-22T10:51:47.357+0700] {standard_task_runner.py:105} INFO - Job 221: Subtask sleep
[2024-08-22T10:51:47.384+0700] {task_command.py:467} INFO - Running <TaskInstance: simple_dag.sleep scheduled__2024-08-21T04:25:00+00:00 [running]> on host LAPTOP-G8FSBU09.
[2024-08-22T10:51:47.451+0700] {taskinstance.py:3122} INFO - Exporting env vars: AIRFLOW_CTX_DAG_OWNER='airflow' AIRFLOW_CTX_DAG_ID='simple_dag' AIRFLOW_CTX_TASK_ID='sleep' AIRFLOW_CTX_EXECUTION_DATE='2024-08-21T04:25:00+00:00' AIRFLOW_CTX_TRY_NUMBER='1' AIRFLOW_CTX_DAG_RUN_ID='scheduled__2024-08-21T04:25:00+00:00'
[2024-08-22T10:51:47.452+0700] {logging_mixin.py:190} INFO - Task instance is in running state
[2024-08-22T10:51:47.453+0700] {logging_mixin.py:190} INFO -  Previous state of the Task instance: queued
[2024-08-22T10:51:47.453+0700] {logging_mixin.py:190} INFO - Current task name:sleep state:running start_date:2024-08-22 03:51:47.336946+00:00
[2024-08-22T10:51:47.453+0700] {logging_mixin.py:190} INFO - Dag name:simple_dag and current dag run status:running
[2024-08-22T10:51:47.453+0700] {taskinstance.py:731} INFO - ::endgroup::
[2024-08-22T10:51:47.454+0700] {subprocess.py:63} INFO - Tmp dir root location: /tmp
[2024-08-22T10:51:47.454+0700] {subprocess.py:75} INFO - Running command: ['/usr/bin/bash', '-c', 'sleep 5']
[2024-08-22T10:51:47.459+0700] {subprocess.py:86} INFO - Output:
[2024-08-22T10:51:52.462+0700] {subprocess.py:97} INFO - Command exited with return code 0
[2024-08-22T10:51:52.495+0700] {taskinstance.py:340} INFO - ::group::Post task execution logs
[2024-08-22T10:51:52.496+0700] {taskinstance.py:352} INFO - Marking task as SUCCESS. dag_id=simple_dag, task_id=sleep, run_id=scheduled__2024-08-21T04:25:00+00:00, execution_date=20240821T042500, start_date=20240822T035147, end_date=20240822T035152
[2024-08-22T10:51:52.509+0700] {logging_mixin.py:190} INFO - Task instance in success state
[2024-08-22T10:51:52.509+0700] {logging_mixin.py:190} INFO -  Previous state of the Task instance: running
[2024-08-22T10:51:52.509+0700] {logging_mixin.py:190} INFO - Dag name:simple_dag queued_at:2024-08-22 03:51:36.290724+00:00
[2024-08-22T10:51:52.509+0700] {logging_mixin.py:190} INFO - Task hostname:LAPTOP-G8FSBU09. operator:BashOperator
[2024-08-22T10:51:52.566+0700] {local_task_job_runner.py:261} INFO - Task exited with return code 0
[2024-08-22T10:51:52.587+0700] {taskinstance.py:3891} INFO - 1 downstream tasks scheduled from follow-on schedule check
[2024-08-22T10:51:52.594+0700] {local_task_job_runner.py:240} INFO - ::endgroup::
