[2024-08-21T07:20:33.652+0700] {processor.py:186} INFO - Started process (PID=1702) to work on /home/user/airflow/airflow_venv/lib/python3.10/site-packages/airflow/example_dags/subdags/subdag.py
[2024-08-21T07:20:33.653+0700] {processor.py:914} INFO - Processing file /home/user/airflow/airflow_venv/lib/python3.10/site-packages/airflow/example_dags/subdags/subdag.py for tasks to queue
[2024-08-21T07:20:33.655+0700] {logging_mixin.py:190} INFO - [2024-08-21T07:20:33.655+0700] {dagbag.py:587} INFO - Filling up the DagBag from /home/user/airflow/airflow_venv/lib/python3.10/site-packages/airflow/example_dags/subdags/subdag.py
[2024-08-21T07:20:33.656+0700] {processor.py:927} WARNING - No viable dags retrieved from /home/user/airflow/airflow_venv/lib/python3.10/site-packages/airflow/example_dags/subdags/subdag.py
[2024-08-21T07:20:33.664+0700] {processor.py:208} INFO - Processing /home/user/airflow/airflow_venv/lib/python3.10/site-packages/airflow/example_dags/subdags/subdag.py took 0.016 seconds
[2024-08-21T07:21:32.890+0700] {processor.py:186} INFO - Started process (PID=2165) to work on /home/user/airflow/airflow_venv/lib/python3.10/site-packages/airflow/example_dags/subdags/subdag.py
[2024-08-21T07:21:32.893+0700] {processor.py:914} INFO - Processing file /home/user/airflow/airflow_venv/lib/python3.10/site-packages/airflow/example_dags/subdags/subdag.py for tasks to queue
[2024-08-21T07:21:32.896+0700] {logging_mixin.py:190} INFO - [2024-08-21T07:21:32.896+0700] {dagbag.py:587} INFO - Filling up the DagBag from /home/user/airflow/airflow_venv/lib/python3.10/site-packages/airflow/example_dags/subdags/subdag.py
[2024-08-21T07:21:32.898+0700] {processor.py:927} WARNING - No viable dags retrieved from /home/user/airflow/airflow_venv/lib/python3.10/site-packages/airflow/example_dags/subdags/subdag.py
[2024-08-21T07:21:32.920+0700] {processor.py:208} INFO - Processing /home/user/airflow/airflow_venv/lib/python3.10/site-packages/airflow/example_dags/subdags/subdag.py took 0.034 seconds
[2024-08-21T07:22:42.552+0700] {processor.py:186} INFO - Started process (PID=2723) to work on /home/user/airflow/airflow_venv/lib/python3.10/site-packages/airflow/example_dags/subdags/subdag.py
[2024-08-21T07:22:42.554+0700] {processor.py:914} INFO - Processing file /home/user/airflow/airflow_venv/lib/python3.10/site-packages/airflow/example_dags/subdags/subdag.py for tasks to queue
[2024-08-21T07:22:42.558+0700] {logging_mixin.py:190} INFO - [2024-08-21T07:22:42.557+0700] {dagbag.py:587} INFO - Filling up the DagBag from /home/user/airflow/airflow_venv/lib/python3.10/site-packages/airflow/example_dags/subdags/subdag.py
[2024-08-21T07:22:42.560+0700] {processor.py:927} WARNING - No viable dags retrieved from /home/user/airflow/airflow_venv/lib/python3.10/site-packages/airflow/example_dags/subdags/subdag.py
[2024-08-21T07:22:42.571+0700] {processor.py:208} INFO - Processing /home/user/airflow/airflow_venv/lib/python3.10/site-packages/airflow/example_dags/subdags/subdag.py took 0.025 seconds
[2024-08-21T07:23:29.410+0700] {processor.py:186} INFO - Started process (PID=3095) to work on /home/user/airflow/airflow_venv/lib/python3.10/site-packages/airflow/example_dags/subdags/subdag.py
[2024-08-21T07:23:29.412+0700] {processor.py:914} INFO - Processing file /home/user/airflow/airflow_venv/lib/python3.10/site-packages/airflow/example_dags/subdags/subdag.py for tasks to queue
[2024-08-21T07:23:29.414+0700] {logging_mixin.py:190} INFO - [2024-08-21T07:23:29.414+0700] {dagbag.py:587} INFO - Filling up the DagBag from /home/user/airflow/airflow_venv/lib/python3.10/site-packages/airflow/example_dags/subdags/subdag.py
[2024-08-21T07:23:29.416+0700] {processor.py:927} WARNING - No viable dags retrieved from /home/user/airflow/airflow_venv/lib/python3.10/site-packages/airflow/example_dags/subdags/subdag.py
[2024-08-21T07:23:29.426+0700] {processor.py:208} INFO - Processing /home/user/airflow/airflow_venv/lib/python3.10/site-packages/airflow/example_dags/subdags/subdag.py took 0.023 seconds
[2024-08-21T07:24:34.127+0700] {processor.py:186} INFO - Started process (PID=3619) to work on /home/user/airflow/airflow_venv/lib/python3.10/site-packages/airflow/example_dags/subdags/subdag.py
[2024-08-21T07:24:34.129+0700] {processor.py:914} INFO - Processing file /home/user/airflow/airflow_venv/lib/python3.10/site-packages/airflow/example_dags/subdags/subdag.py for tasks to queue
[2024-08-21T07:24:34.132+0700] {logging_mixin.py:190} INFO - [2024-08-21T07:24:34.131+0700] {dagbag.py:587} INFO - Filling up the DagBag from /home/user/airflow/airflow_venv/lib/python3.10/site-packages/airflow/example_dags/subdags/subdag.py
[2024-08-21T07:24:34.134+0700] {processor.py:927} WARNING - No viable dags retrieved from /home/user/airflow/airflow_venv/lib/python3.10/site-packages/airflow/example_dags/subdags/subdag.py
[2024-08-21T07:24:34.142+0700] {processor.py:208} INFO - Processing /home/user/airflow/airflow_venv/lib/python3.10/site-packages/airflow/example_dags/subdags/subdag.py took 0.021 seconds
[2024-08-21T07:25:31.891+0700] {processor.py:186} INFO - Started process (PID=4083) to work on /home/user/airflow/airflow_venv/lib/python3.10/site-packages/airflow/example_dags/subdags/subdag.py
[2024-08-21T07:25:31.892+0700] {processor.py:914} INFO - Processing file /home/user/airflow/airflow_venv/lib/python3.10/site-packages/airflow/example_dags/subdags/subdag.py for tasks to queue
[2024-08-21T07:25:31.895+0700] {logging_mixin.py:190} INFO - [2024-08-21T07:25:31.894+0700] {dagbag.py:587} INFO - Filling up the DagBag from /home/user/airflow/airflow_venv/lib/python3.10/site-packages/airflow/example_dags/subdags/subdag.py
[2024-08-21T07:25:31.896+0700] {processor.py:927} WARNING - No viable dags retrieved from /home/user/airflow/airflow_venv/lib/python3.10/site-packages/airflow/example_dags/subdags/subdag.py
[2024-08-21T07:25:31.904+0700] {processor.py:208} INFO - Processing /home/user/airflow/airflow_venv/lib/python3.10/site-packages/airflow/example_dags/subdags/subdag.py took 0.017 seconds
[2024-08-21T07:26:24.614+0700] {processor.py:186} INFO - Started process (PID=4505) to work on /home/user/airflow/airflow_venv/lib/python3.10/site-packages/airflow/example_dags/subdags/subdag.py
[2024-08-21T07:26:24.621+0700] {processor.py:914} INFO - Processing file /home/user/airflow/airflow_venv/lib/python3.10/site-packages/airflow/example_dags/subdags/subdag.py for tasks to queue
[2024-08-21T07:26:24.623+0700] {logging_mixin.py:190} INFO - [2024-08-21T07:26:24.623+0700] {dagbag.py:587} INFO - Filling up the DagBag from /home/user/airflow/airflow_venv/lib/python3.10/site-packages/airflow/example_dags/subdags/subdag.py
[2024-08-21T07:26:24.625+0700] {processor.py:927} WARNING - No viable dags retrieved from /home/user/airflow/airflow_venv/lib/python3.10/site-packages/airflow/example_dags/subdags/subdag.py
[2024-08-21T07:26:24.633+0700] {processor.py:208} INFO - Processing /home/user/airflow/airflow_venv/lib/python3.10/site-packages/airflow/example_dags/subdags/subdag.py took 0.023 seconds
[2024-08-21T07:27:15.320+0700] {processor.py:186} INFO - Started process (PID=4907) to work on /home/user/airflow/airflow_venv/lib/python3.10/site-packages/airflow/example_dags/subdags/subdag.py
[2024-08-21T07:27:15.321+0700] {processor.py:914} INFO - Processing file /home/user/airflow/airflow_venv/lib/python3.10/site-packages/airflow/example_dags/subdags/subdag.py for tasks to queue
[2024-08-21T07:27:15.323+0700] {logging_mixin.py:190} INFO - [2024-08-21T07:27:15.323+0700] {dagbag.py:587} INFO - Filling up the DagBag from /home/user/airflow/airflow_venv/lib/python3.10/site-packages/airflow/example_dags/subdags/subdag.py
[2024-08-21T07:27:15.324+0700] {processor.py:927} WARNING - No viable dags retrieved from /home/user/airflow/airflow_venv/lib/python3.10/site-packages/airflow/example_dags/subdags/subdag.py
[2024-08-21T07:27:15.332+0700] {processor.py:208} INFO - Processing /home/user/airflow/airflow_venv/lib/python3.10/site-packages/airflow/example_dags/subdags/subdag.py took 0.017 seconds
[2024-08-21T07:28:07.610+0700] {processor.py:186} INFO - Started process (PID=5349) to work on /home/user/airflow/airflow_venv/lib/python3.10/site-packages/airflow/example_dags/subdags/subdag.py
[2024-08-21T07:28:07.611+0700] {processor.py:914} INFO - Processing file /home/user/airflow/airflow_venv/lib/python3.10/site-packages/airflow/example_dags/subdags/subdag.py for tasks to queue
[2024-08-21T07:28:07.613+0700] {logging_mixin.py:190} INFO - [2024-08-21T07:28:07.613+0700] {dagbag.py:587} INFO - Filling up the DagBag from /home/user/airflow/airflow_venv/lib/python3.10/site-packages/airflow/example_dags/subdags/subdag.py
[2024-08-21T07:28:07.615+0700] {processor.py:927} WARNING - No viable dags retrieved from /home/user/airflow/airflow_venv/lib/python3.10/site-packages/airflow/example_dags/subdags/subdag.py
[2024-08-21T07:28:07.624+0700] {processor.py:208} INFO - Processing /home/user/airflow/airflow_venv/lib/python3.10/site-packages/airflow/example_dags/subdags/subdag.py took 0.019 seconds
[2024-08-21T07:28:59.749+0700] {processor.py:186} INFO - Started process (PID=5840) to work on /home/user/airflow/airflow_venv/lib/python3.10/site-packages/airflow/example_dags/subdags/subdag.py
[2024-08-21T07:28:59.752+0700] {processor.py:914} INFO - Processing file /home/user/airflow/airflow_venv/lib/python3.10/site-packages/airflow/example_dags/subdags/subdag.py for tasks to queue
[2024-08-21T07:28:59.754+0700] {logging_mixin.py:190} INFO - [2024-08-21T07:28:59.753+0700] {dagbag.py:587} INFO - Filling up the DagBag from /home/user/airflow/airflow_venv/lib/python3.10/site-packages/airflow/example_dags/subdags/subdag.py
[2024-08-21T07:28:59.755+0700] {processor.py:927} WARNING - No viable dags retrieved from /home/user/airflow/airflow_venv/lib/python3.10/site-packages/airflow/example_dags/subdags/subdag.py
[2024-08-21T07:28:59.763+0700] {processor.py:208} INFO - Processing /home/user/airflow/airflow_venv/lib/python3.10/site-packages/airflow/example_dags/subdags/subdag.py took 0.018 seconds
[2024-08-21T07:29:49.301+0700] {processor.py:186} INFO - Started process (PID=6260) to work on /home/user/airflow/airflow_venv/lib/python3.10/site-packages/airflow/example_dags/subdags/subdag.py
[2024-08-21T07:29:49.308+0700] {processor.py:914} INFO - Processing file /home/user/airflow/airflow_venv/lib/python3.10/site-packages/airflow/example_dags/subdags/subdag.py for tasks to queue
[2024-08-21T07:29:49.310+0700] {logging_mixin.py:190} INFO - [2024-08-21T07:29:49.310+0700] {dagbag.py:587} INFO - Filling up the DagBag from /home/user/airflow/airflow_venv/lib/python3.10/site-packages/airflow/example_dags/subdags/subdag.py
[2024-08-21T07:29:49.312+0700] {processor.py:927} WARNING - No viable dags retrieved from /home/user/airflow/airflow_venv/lib/python3.10/site-packages/airflow/example_dags/subdags/subdag.py
[2024-08-21T07:29:49.320+0700] {processor.py:208} INFO - Processing /home/user/airflow/airflow_venv/lib/python3.10/site-packages/airflow/example_dags/subdags/subdag.py took 0.022 seconds
[2024-08-21T07:30:39.576+0700] {processor.py:186} INFO - Started process (PID=6692) to work on /home/user/airflow/airflow_venv/lib/python3.10/site-packages/airflow/example_dags/subdags/subdag.py
[2024-08-21T07:30:39.578+0700] {processor.py:914} INFO - Processing file /home/user/airflow/airflow_venv/lib/python3.10/site-packages/airflow/example_dags/subdags/subdag.py for tasks to queue
[2024-08-21T07:30:39.580+0700] {logging_mixin.py:190} INFO - [2024-08-21T07:30:39.579+0700] {dagbag.py:587} INFO - Filling up the DagBag from /home/user/airflow/airflow_venv/lib/python3.10/site-packages/airflow/example_dags/subdags/subdag.py
[2024-08-21T07:30:39.581+0700] {processor.py:927} WARNING - No viable dags retrieved from /home/user/airflow/airflow_venv/lib/python3.10/site-packages/airflow/example_dags/subdags/subdag.py
[2024-08-21T07:30:39.590+0700] {processor.py:208} INFO - Processing /home/user/airflow/airflow_venv/lib/python3.10/site-packages/airflow/example_dags/subdags/subdag.py took 0.018 seconds
[2024-08-21T07:31:27.267+0700] {processor.py:186} INFO - Started process (PID=7216) to work on /home/user/airflow/airflow_venv/lib/python3.10/site-packages/airflow/example_dags/subdags/subdag.py
[2024-08-21T07:31:27.269+0700] {processor.py:914} INFO - Processing file /home/user/airflow/airflow_venv/lib/python3.10/site-packages/airflow/example_dags/subdags/subdag.py for tasks to queue
[2024-08-21T07:31:27.271+0700] {logging_mixin.py:190} INFO - [2024-08-21T07:31:27.270+0700] {dagbag.py:587} INFO - Filling up the DagBag from /home/user/airflow/airflow_venv/lib/python3.10/site-packages/airflow/example_dags/subdags/subdag.py
[2024-08-21T07:31:27.274+0700] {processor.py:927} WARNING - No viable dags retrieved from /home/user/airflow/airflow_venv/lib/python3.10/site-packages/airflow/example_dags/subdags/subdag.py
[2024-08-21T07:31:27.285+0700] {processor.py:208} INFO - Processing /home/user/airflow/airflow_venv/lib/python3.10/site-packages/airflow/example_dags/subdags/subdag.py took 0.025 seconds
[2024-08-21T07:32:15.804+0700] {processor.py:186} INFO - Started process (PID=7638) to work on /home/user/airflow/airflow_venv/lib/python3.10/site-packages/airflow/example_dags/subdags/subdag.py
[2024-08-21T07:32:15.806+0700] {processor.py:914} INFO - Processing file /home/user/airflow/airflow_venv/lib/python3.10/site-packages/airflow/example_dags/subdags/subdag.py for tasks to queue
[2024-08-21T07:32:15.809+0700] {logging_mixin.py:190} INFO - [2024-08-21T07:32:15.808+0700] {dagbag.py:587} INFO - Filling up the DagBag from /home/user/airflow/airflow_venv/lib/python3.10/site-packages/airflow/example_dags/subdags/subdag.py
[2024-08-21T07:32:15.811+0700] {processor.py:927} WARNING - No viable dags retrieved from /home/user/airflow/airflow_venv/lib/python3.10/site-packages/airflow/example_dags/subdags/subdag.py
[2024-08-21T07:32:15.821+0700] {processor.py:208} INFO - Processing /home/user/airflow/airflow_venv/lib/python3.10/site-packages/airflow/example_dags/subdags/subdag.py took 0.023 seconds
[2024-08-21T07:33:06.471+0700] {processor.py:186} INFO - Started process (PID=8176) to work on /home/user/airflow/airflow_venv/lib/python3.10/site-packages/airflow/example_dags/subdags/subdag.py
[2024-08-21T07:33:06.473+0700] {processor.py:914} INFO - Processing file /home/user/airflow/airflow_venv/lib/python3.10/site-packages/airflow/example_dags/subdags/subdag.py for tasks to queue
[2024-08-21T07:33:06.474+0700] {logging_mixin.py:190} INFO - [2024-08-21T07:33:06.474+0700] {dagbag.py:587} INFO - Filling up the DagBag from /home/user/airflow/airflow_venv/lib/python3.10/site-packages/airflow/example_dags/subdags/subdag.py
[2024-08-21T07:33:06.476+0700] {processor.py:927} WARNING - No viable dags retrieved from /home/user/airflow/airflow_venv/lib/python3.10/site-packages/airflow/example_dags/subdags/subdag.py
[2024-08-21T07:33:06.484+0700] {processor.py:208} INFO - Processing /home/user/airflow/airflow_venv/lib/python3.10/site-packages/airflow/example_dags/subdags/subdag.py took 0.019 seconds
[2024-08-21T07:33:59.821+0700] {processor.py:186} INFO - Started process (PID=8656) to work on /home/user/airflow/airflow_venv/lib/python3.10/site-packages/airflow/example_dags/subdags/subdag.py
[2024-08-21T07:33:59.823+0700] {processor.py:914} INFO - Processing file /home/user/airflow/airflow_venv/lib/python3.10/site-packages/airflow/example_dags/subdags/subdag.py for tasks to queue
[2024-08-21T07:33:59.824+0700] {logging_mixin.py:190} INFO - [2024-08-21T07:33:59.824+0700] {dagbag.py:587} INFO - Filling up the DagBag from /home/user/airflow/airflow_venv/lib/python3.10/site-packages/airflow/example_dags/subdags/subdag.py
[2024-08-21T07:33:59.826+0700] {processor.py:927} WARNING - No viable dags retrieved from /home/user/airflow/airflow_venv/lib/python3.10/site-packages/airflow/example_dags/subdags/subdag.py
[2024-08-21T07:33:59.834+0700] {processor.py:208} INFO - Processing /home/user/airflow/airflow_venv/lib/python3.10/site-packages/airflow/example_dags/subdags/subdag.py took 0.017 seconds
[2024-08-21T07:34:54.484+0700] {processor.py:186} INFO - Started process (PID=9754) to work on /home/user/airflow/airflow_venv/lib/python3.10/site-packages/airflow/example_dags/subdags/subdag.py
[2024-08-21T07:34:54.486+0700] {processor.py:914} INFO - Processing file /home/user/airflow/airflow_venv/lib/python3.10/site-packages/airflow/example_dags/subdags/subdag.py for tasks to queue
[2024-08-21T07:34:54.488+0700] {logging_mixin.py:190} INFO - [2024-08-21T07:34:54.488+0700] {dagbag.py:587} INFO - Filling up the DagBag from /home/user/airflow/airflow_venv/lib/python3.10/site-packages/airflow/example_dags/subdags/subdag.py
[2024-08-21T07:34:54.491+0700] {processor.py:927} WARNING - No viable dags retrieved from /home/user/airflow/airflow_venv/lib/python3.10/site-packages/airflow/example_dags/subdags/subdag.py
[2024-08-21T07:34:54.501+0700] {processor.py:208} INFO - Processing /home/user/airflow/airflow_venv/lib/python3.10/site-packages/airflow/example_dags/subdags/subdag.py took 0.023 seconds
[2024-08-21T07:35:44.584+0700] {processor.py:186} INFO - Started process (PID=10267) to work on /home/user/airflow/airflow_venv/lib/python3.10/site-packages/airflow/example_dags/subdags/subdag.py
[2024-08-21T07:35:44.585+0700] {processor.py:914} INFO - Processing file /home/user/airflow/airflow_venv/lib/python3.10/site-packages/airflow/example_dags/subdags/subdag.py for tasks to queue
[2024-08-21T07:35:44.587+0700] {logging_mixin.py:190} INFO - [2024-08-21T07:35:44.587+0700] {dagbag.py:587} INFO - Filling up the DagBag from /home/user/airflow/airflow_venv/lib/python3.10/site-packages/airflow/example_dags/subdags/subdag.py
[2024-08-21T07:35:44.590+0700] {processor.py:927} WARNING - No viable dags retrieved from /home/user/airflow/airflow_venv/lib/python3.10/site-packages/airflow/example_dags/subdags/subdag.py
[2024-08-21T07:35:44.606+0700] {processor.py:208} INFO - Processing /home/user/airflow/airflow_venv/lib/python3.10/site-packages/airflow/example_dags/subdags/subdag.py took 0.028 seconds
[2024-08-21T07:36:38.524+0700] {processor.py:186} INFO - Started process (PID=10767) to work on /home/user/airflow/airflow_venv/lib/python3.10/site-packages/airflow/example_dags/subdags/subdag.py
[2024-08-21T07:36:38.531+0700] {processor.py:914} INFO - Processing file /home/user/airflow/airflow_venv/lib/python3.10/site-packages/airflow/example_dags/subdags/subdag.py for tasks to queue
[2024-08-21T07:36:38.533+0700] {logging_mixin.py:190} INFO - [2024-08-21T07:36:38.533+0700] {dagbag.py:587} INFO - Filling up the DagBag from /home/user/airflow/airflow_venv/lib/python3.10/site-packages/airflow/example_dags/subdags/subdag.py
[2024-08-21T07:36:38.535+0700] {processor.py:927} WARNING - No viable dags retrieved from /home/user/airflow/airflow_venv/lib/python3.10/site-packages/airflow/example_dags/subdags/subdag.py
[2024-08-21T07:36:38.543+0700] {processor.py:208} INFO - Processing /home/user/airflow/airflow_venv/lib/python3.10/site-packages/airflow/example_dags/subdags/subdag.py took 0.023 seconds
[2024-08-21T07:37:31.312+0700] {processor.py:186} INFO - Started process (PID=11280) to work on /home/user/airflow/airflow_venv/lib/python3.10/site-packages/airflow/example_dags/subdags/subdag.py
[2024-08-21T07:37:31.313+0700] {processor.py:914} INFO - Processing file /home/user/airflow/airflow_venv/lib/python3.10/site-packages/airflow/example_dags/subdags/subdag.py for tasks to queue
[2024-08-21T07:37:31.314+0700] {logging_mixin.py:190} INFO - [2024-08-21T07:37:31.314+0700] {dagbag.py:587} INFO - Filling up the DagBag from /home/user/airflow/airflow_venv/lib/python3.10/site-packages/airflow/example_dags/subdags/subdag.py
[2024-08-21T07:37:31.316+0700] {processor.py:927} WARNING - No viable dags retrieved from /home/user/airflow/airflow_venv/lib/python3.10/site-packages/airflow/example_dags/subdags/subdag.py
[2024-08-21T07:37:31.328+0700] {processor.py:208} INFO - Processing /home/user/airflow/airflow_venv/lib/python3.10/site-packages/airflow/example_dags/subdags/subdag.py took 0.021 seconds
[2024-08-21T07:38:24.167+0700] {processor.py:186} INFO - Started process (PID=11917) to work on /home/user/airflow/airflow_venv/lib/python3.10/site-packages/airflow/example_dags/subdags/subdag.py
[2024-08-21T07:38:24.168+0700] {processor.py:914} INFO - Processing file /home/user/airflow/airflow_venv/lib/python3.10/site-packages/airflow/example_dags/subdags/subdag.py for tasks to queue
[2024-08-21T07:38:24.170+0700] {logging_mixin.py:190} INFO - [2024-08-21T07:38:24.170+0700] {dagbag.py:587} INFO - Filling up the DagBag from /home/user/airflow/airflow_venv/lib/python3.10/site-packages/airflow/example_dags/subdags/subdag.py
[2024-08-21T07:38:24.172+0700] {processor.py:927} WARNING - No viable dags retrieved from /home/user/airflow/airflow_venv/lib/python3.10/site-packages/airflow/example_dags/subdags/subdag.py
[2024-08-21T07:38:24.181+0700] {processor.py:208} INFO - Processing /home/user/airflow/airflow_venv/lib/python3.10/site-packages/airflow/example_dags/subdags/subdag.py took 0.018 seconds
[2024-08-21T07:39:15.911+0700] {processor.py:186} INFO - Started process (PID=12499) to work on /home/user/airflow/airflow_venv/lib/python3.10/site-packages/airflow/example_dags/subdags/subdag.py
[2024-08-21T07:39:15.913+0700] {processor.py:914} INFO - Processing file /home/user/airflow/airflow_venv/lib/python3.10/site-packages/airflow/example_dags/subdags/subdag.py for tasks to queue
[2024-08-21T07:39:15.915+0700] {logging_mixin.py:190} INFO - [2024-08-21T07:39:15.915+0700] {dagbag.py:587} INFO - Filling up the DagBag from /home/user/airflow/airflow_venv/lib/python3.10/site-packages/airflow/example_dags/subdags/subdag.py
[2024-08-21T07:39:15.918+0700] {processor.py:927} WARNING - No viable dags retrieved from /home/user/airflow/airflow_venv/lib/python3.10/site-packages/airflow/example_dags/subdags/subdag.py
[2024-08-21T07:39:15.928+0700] {processor.py:208} INFO - Processing /home/user/airflow/airflow_venv/lib/python3.10/site-packages/airflow/example_dags/subdags/subdag.py took 0.022 seconds
[2024-08-21T07:40:08.395+0700] {processor.py:186} INFO - Started process (PID=13040) to work on /home/user/airflow/airflow_venv/lib/python3.10/site-packages/airflow/example_dags/subdags/subdag.py
[2024-08-21T07:40:08.397+0700] {processor.py:914} INFO - Processing file /home/user/airflow/airflow_venv/lib/python3.10/site-packages/airflow/example_dags/subdags/subdag.py for tasks to queue
[2024-08-21T07:40:08.399+0700] {logging_mixin.py:190} INFO - [2024-08-21T07:40:08.399+0700] {dagbag.py:587} INFO - Filling up the DagBag from /home/user/airflow/airflow_venv/lib/python3.10/site-packages/airflow/example_dags/subdags/subdag.py
[2024-08-21T07:40:08.401+0700] {processor.py:927} WARNING - No viable dags retrieved from /home/user/airflow/airflow_venv/lib/python3.10/site-packages/airflow/example_dags/subdags/subdag.py
[2024-08-21T07:40:08.411+0700] {processor.py:208} INFO - Processing /home/user/airflow/airflow_venv/lib/python3.10/site-packages/airflow/example_dags/subdags/subdag.py took 0.022 seconds
[2024-08-21T07:40:58.836+0700] {processor.py:186} INFO - Started process (PID=13626) to work on /home/user/airflow/airflow_venv/lib/python3.10/site-packages/airflow/example_dags/subdags/subdag.py
[2024-08-21T07:40:58.838+0700] {processor.py:914} INFO - Processing file /home/user/airflow/airflow_venv/lib/python3.10/site-packages/airflow/example_dags/subdags/subdag.py for tasks to queue
[2024-08-21T07:40:58.840+0700] {logging_mixin.py:190} INFO - [2024-08-21T07:40:58.839+0700] {dagbag.py:587} INFO - Filling up the DagBag from /home/user/airflow/airflow_venv/lib/python3.10/site-packages/airflow/example_dags/subdags/subdag.py
[2024-08-21T07:40:58.842+0700] {processor.py:927} WARNING - No viable dags retrieved from /home/user/airflow/airflow_venv/lib/python3.10/site-packages/airflow/example_dags/subdags/subdag.py
[2024-08-21T07:40:58.851+0700] {processor.py:208} INFO - Processing /home/user/airflow/airflow_venv/lib/python3.10/site-packages/airflow/example_dags/subdags/subdag.py took 0.021 seconds
[2024-08-21T09:42:42.463+0700] {processor.py:186} INFO - Started process (PID=54526) to work on /home/user/airflow/airflow_venv/lib/python3.10/site-packages/airflow/example_dags/subdags/subdag.py
[2024-08-21T09:42:42.468+0700] {processor.py:914} INFO - Processing file /home/user/airflow/airflow_venv/lib/python3.10/site-packages/airflow/example_dags/subdags/subdag.py for tasks to queue
[2024-08-21T09:42:42.471+0700] {logging_mixin.py:190} INFO - [2024-08-21T09:42:42.470+0700] {dagbag.py:587} INFO - Filling up the DagBag from /home/user/airflow/airflow_venv/lib/python3.10/site-packages/airflow/example_dags/subdags/subdag.py
[2024-08-21T09:42:42.473+0700] {processor.py:927} WARNING - No viable dags retrieved from /home/user/airflow/airflow_venv/lib/python3.10/site-packages/airflow/example_dags/subdags/subdag.py
[2024-08-21T09:42:42.483+0700] {processor.py:208} INFO - Processing /home/user/airflow/airflow_venv/lib/python3.10/site-packages/airflow/example_dags/subdags/subdag.py took 0.024 seconds
[2024-08-21T09:43:39.218+0700] {processor.py:186} INFO - Started process (PID=54979) to work on /home/user/airflow/airflow_venv/lib/python3.10/site-packages/airflow/example_dags/subdags/subdag.py
[2024-08-21T09:43:39.220+0700] {processor.py:914} INFO - Processing file /home/user/airflow/airflow_venv/lib/python3.10/site-packages/airflow/example_dags/subdags/subdag.py for tasks to queue
[2024-08-21T09:43:39.223+0700] {logging_mixin.py:190} INFO - [2024-08-21T09:43:39.223+0700] {dagbag.py:587} INFO - Filling up the DagBag from /home/user/airflow/airflow_venv/lib/python3.10/site-packages/airflow/example_dags/subdags/subdag.py
[2024-08-21T09:43:39.226+0700] {processor.py:927} WARNING - No viable dags retrieved from /home/user/airflow/airflow_venv/lib/python3.10/site-packages/airflow/example_dags/subdags/subdag.py
[2024-08-21T09:43:39.235+0700] {processor.py:208} INFO - Processing /home/user/airflow/airflow_venv/lib/python3.10/site-packages/airflow/example_dags/subdags/subdag.py took 0.022 seconds
[2024-08-21T09:46:09.122+0700] {processor.py:186} INFO - Started process (PID=56217) to work on /home/user/airflow/airflow_venv/lib/python3.10/site-packages/airflow/example_dags/subdags/subdag.py
[2024-08-21T09:46:09.123+0700] {processor.py:914} INFO - Processing file /home/user/airflow/airflow_venv/lib/python3.10/site-packages/airflow/example_dags/subdags/subdag.py for tasks to queue
[2024-08-21T09:46:09.125+0700] {logging_mixin.py:190} INFO - [2024-08-21T09:46:09.125+0700] {dagbag.py:587} INFO - Filling up the DagBag from /home/user/airflow/airflow_venv/lib/python3.10/site-packages/airflow/example_dags/subdags/subdag.py
[2024-08-21T09:46:09.127+0700] {processor.py:927} WARNING - No viable dags retrieved from /home/user/airflow/airflow_venv/lib/python3.10/site-packages/airflow/example_dags/subdags/subdag.py
[2024-08-21T09:46:09.136+0700] {processor.py:208} INFO - Processing /home/user/airflow/airflow_venv/lib/python3.10/site-packages/airflow/example_dags/subdags/subdag.py took 0.019 seconds
[2024-08-21T09:53:28.615+0700] {processor.py:186} INFO - Started process (PID=59462) to work on /home/user/airflow/airflow_venv/lib/python3.10/site-packages/airflow/example_dags/subdags/subdag.py
[2024-08-21T09:53:28.617+0700] {processor.py:914} INFO - Processing file /home/user/airflow/airflow_venv/lib/python3.10/site-packages/airflow/example_dags/subdags/subdag.py for tasks to queue
[2024-08-21T09:53:28.619+0700] {logging_mixin.py:190} INFO - [2024-08-21T09:53:28.618+0700] {dagbag.py:587} INFO - Filling up the DagBag from /home/user/airflow/airflow_venv/lib/python3.10/site-packages/airflow/example_dags/subdags/subdag.py
[2024-08-21T09:53:28.620+0700] {processor.py:927} WARNING - No viable dags retrieved from /home/user/airflow/airflow_venv/lib/python3.10/site-packages/airflow/example_dags/subdags/subdag.py
[2024-08-21T09:53:28.635+0700] {processor.py:208} INFO - Processing /home/user/airflow/airflow_venv/lib/python3.10/site-packages/airflow/example_dags/subdags/subdag.py took 0.024 seconds
[2024-08-21T09:54:24.178+0700] {processor.py:186} INFO - Started process (PID=59900) to work on /home/user/airflow/airflow_venv/lib/python3.10/site-packages/airflow/example_dags/subdags/subdag.py
[2024-08-21T09:54:24.180+0700] {processor.py:914} INFO - Processing file /home/user/airflow/airflow_venv/lib/python3.10/site-packages/airflow/example_dags/subdags/subdag.py for tasks to queue
[2024-08-21T09:54:24.181+0700] {logging_mixin.py:190} INFO - [2024-08-21T09:54:24.180+0700] {dagbag.py:587} INFO - Filling up the DagBag from /home/user/airflow/airflow_venv/lib/python3.10/site-packages/airflow/example_dags/subdags/subdag.py
[2024-08-21T09:54:24.183+0700] {processor.py:927} WARNING - No viable dags retrieved from /home/user/airflow/airflow_venv/lib/python3.10/site-packages/airflow/example_dags/subdags/subdag.py
[2024-08-21T09:54:24.191+0700] {processor.py:208} INFO - Processing /home/user/airflow/airflow_venv/lib/python3.10/site-packages/airflow/example_dags/subdags/subdag.py took 0.019 seconds
[2024-08-21T09:55:14.888+0700] {processor.py:186} INFO - Started process (PID=60300) to work on /home/user/airflow/airflow_venv/lib/python3.10/site-packages/airflow/example_dags/subdags/subdag.py
[2024-08-21T09:55:14.890+0700] {processor.py:914} INFO - Processing file /home/user/airflow/airflow_venv/lib/python3.10/site-packages/airflow/example_dags/subdags/subdag.py for tasks to queue
[2024-08-21T09:55:14.892+0700] {logging_mixin.py:190} INFO - [2024-08-21T09:55:14.891+0700] {dagbag.py:587} INFO - Filling up the DagBag from /home/user/airflow/airflow_venv/lib/python3.10/site-packages/airflow/example_dags/subdags/subdag.py
[2024-08-21T09:55:14.894+0700] {processor.py:927} WARNING - No viable dags retrieved from /home/user/airflow/airflow_venv/lib/python3.10/site-packages/airflow/example_dags/subdags/subdag.py
[2024-08-21T09:55:14.905+0700] {processor.py:208} INFO - Processing /home/user/airflow/airflow_venv/lib/python3.10/site-packages/airflow/example_dags/subdags/subdag.py took 0.023 seconds
[2024-08-21T09:56:06.861+0700] {processor.py:186} INFO - Started process (PID=60704) to work on /home/user/airflow/airflow_venv/lib/python3.10/site-packages/airflow/example_dags/subdags/subdag.py
[2024-08-21T09:56:06.862+0700] {processor.py:914} INFO - Processing file /home/user/airflow/airflow_venv/lib/python3.10/site-packages/airflow/example_dags/subdags/subdag.py for tasks to queue
[2024-08-21T09:56:06.864+0700] {logging_mixin.py:190} INFO - [2024-08-21T09:56:06.863+0700] {dagbag.py:587} INFO - Filling up the DagBag from /home/user/airflow/airflow_venv/lib/python3.10/site-packages/airflow/example_dags/subdags/subdag.py
[2024-08-21T09:56:06.868+0700] {processor.py:927} WARNING - No viable dags retrieved from /home/user/airflow/airflow_venv/lib/python3.10/site-packages/airflow/example_dags/subdags/subdag.py
[2024-08-21T09:56:06.879+0700] {processor.py:208} INFO - Processing /home/user/airflow/airflow_venv/lib/python3.10/site-packages/airflow/example_dags/subdags/subdag.py took 0.024 seconds
[2024-08-21T09:56:58.865+0700] {processor.py:186} INFO - Started process (PID=61109) to work on /home/user/airflow/airflow_venv/lib/python3.10/site-packages/airflow/example_dags/subdags/subdag.py
[2024-08-21T09:56:58.866+0700] {processor.py:914} INFO - Processing file /home/user/airflow/airflow_venv/lib/python3.10/site-packages/airflow/example_dags/subdags/subdag.py for tasks to queue
[2024-08-21T09:56:58.867+0700] {logging_mixin.py:190} INFO - [2024-08-21T09:56:58.867+0700] {dagbag.py:587} INFO - Filling up the DagBag from /home/user/airflow/airflow_venv/lib/python3.10/site-packages/airflow/example_dags/subdags/subdag.py
[2024-08-21T09:56:58.870+0700] {processor.py:927} WARNING - No viable dags retrieved from /home/user/airflow/airflow_venv/lib/python3.10/site-packages/airflow/example_dags/subdags/subdag.py
[2024-08-21T09:56:58.882+0700] {processor.py:208} INFO - Processing /home/user/airflow/airflow_venv/lib/python3.10/site-packages/airflow/example_dags/subdags/subdag.py took 0.022 seconds
[2024-08-21T09:57:53.912+0700] {processor.py:186} INFO - Started process (PID=61542) to work on /home/user/airflow/airflow_venv/lib/python3.10/site-packages/airflow/example_dags/subdags/subdag.py
[2024-08-21T09:57:53.914+0700] {processor.py:914} INFO - Processing file /home/user/airflow/airflow_venv/lib/python3.10/site-packages/airflow/example_dags/subdags/subdag.py for tasks to queue
[2024-08-21T09:57:53.915+0700] {logging_mixin.py:190} INFO - [2024-08-21T09:57:53.914+0700] {dagbag.py:587} INFO - Filling up the DagBag from /home/user/airflow/airflow_venv/lib/python3.10/site-packages/airflow/example_dags/subdags/subdag.py
[2024-08-21T09:57:53.917+0700] {processor.py:927} WARNING - No viable dags retrieved from /home/user/airflow/airflow_venv/lib/python3.10/site-packages/airflow/example_dags/subdags/subdag.py
[2024-08-21T09:57:53.927+0700] {processor.py:208} INFO - Processing /home/user/airflow/airflow_venv/lib/python3.10/site-packages/airflow/example_dags/subdags/subdag.py took 0.021 seconds
[2024-08-21T09:58:45.109+0700] {processor.py:186} INFO - Started process (PID=61945) to work on /home/user/airflow/airflow_venv/lib/python3.10/site-packages/airflow/example_dags/subdags/subdag.py
[2024-08-21T09:58:45.110+0700] {processor.py:914} INFO - Processing file /home/user/airflow/airflow_venv/lib/python3.10/site-packages/airflow/example_dags/subdags/subdag.py for tasks to queue
[2024-08-21T09:58:45.112+0700] {logging_mixin.py:190} INFO - [2024-08-21T09:58:45.112+0700] {dagbag.py:587} INFO - Filling up the DagBag from /home/user/airflow/airflow_venv/lib/python3.10/site-packages/airflow/example_dags/subdags/subdag.py
[2024-08-21T09:58:45.114+0700] {processor.py:927} WARNING - No viable dags retrieved from /home/user/airflow/airflow_venv/lib/python3.10/site-packages/airflow/example_dags/subdags/subdag.py
[2024-08-21T09:58:45.121+0700] {processor.py:208} INFO - Processing /home/user/airflow/airflow_venv/lib/python3.10/site-packages/airflow/example_dags/subdags/subdag.py took 0.018 seconds
