[2024-08-22T11:29:51.093+0700] {local_task_job_runner.py:123} INFO - ::group::Pre task execution logs
[2024-08-22T11:29:51.100+0700] {taskinstance.py:2603} INFO - Dependencies all met for dep_context=non-requeueable deps ti=<TaskInstance: sqlite_query_dag.query_sqlite_users scheduled__2023-01-18T00:00:00+00:00 [queued]>
[2024-08-22T11:29:51.104+0700] {taskinstance.py:2603} INFO - Dependencies all met for dep_context=requeueable deps ti=<TaskInstance: sqlite_query_dag.query_sqlite_users scheduled__2023-01-18T00:00:00+00:00 [queued]>
[2024-08-22T11:29:51.104+0700] {taskinstance.py:2856} INFO - Starting attempt 1 of 2
[2024-08-22T11:29:51.115+0700] {taskinstance.py:2879} INFO - Executing <Task(PythonOperator): query_sqlite_users> on 2023-01-18 00:00:00+00:00
[2024-08-22T11:29:51.118+0700] {standard_task_runner.py:72} INFO - Started process 38599 to run task
[2024-08-22T11:29:51.154+0700] {standard_task_runner.py:104} INFO - Running: ['airflow', 'tasks', 'run', 'sqlite_query_dag', 'query_sqlite_users', 'scheduled__2023-01-18T00:00:00+00:00', '--job-id', '28', '--raw', '--subdir', 'DAGS_FOLDER/test_slqite.py', '--cfg-path', '/tmp/tmpatkn0063']
[2024-08-22T11:29:51.154+0700] {standard_task_runner.py:105} INFO - Job 28: Subtask query_sqlite_users
[2024-08-22T11:29:51.193+0700] {task_command.py:467} INFO - Running <TaskInstance: sqlite_query_dag.query_sqlite_users scheduled__2023-01-18T00:00:00+00:00 [running]> on host LAPTOP-G8FSBU09.
[2024-08-22T11:29:51.243+0700] {taskinstance.py:3122} INFO - Exporting env vars: AIRFLOW_CTX_DAG_OWNER='airflow' AIRFLOW_CTX_DAG_ID='sqlite_query_dag' AIRFLOW_CTX_TASK_ID='query_sqlite_users' AIRFLOW_CTX_EXECUTION_DATE='2023-01-18T00:00:00+00:00' AIRFLOW_CTX_TRY_NUMBER='1' AIRFLOW_CTX_DAG_RUN_ID='scheduled__2023-01-18T00:00:00+00:00'
[2024-08-22T11:29:51.244+0700] {logging_mixin.py:190} INFO - Task instance is in running state
[2024-08-22T11:29:51.244+0700] {logging_mixin.py:190} INFO -  Previous state of the Task instance: queued
[2024-08-22T11:29:51.244+0700] {logging_mixin.py:190} INFO - Current task name:query_sqlite_users state:running start_date:2024-08-22 04:29:51.100495+00:00
[2024-08-22T11:29:51.244+0700] {logging_mixin.py:190} INFO - Dag name:sqlite_query_dag and current dag run status:running
[2024-08-22T11:29:51.244+0700] {taskinstance.py:731} INFO - ::endgroup::
[2024-08-22T11:29:51.245+0700] {logging_mixin.py:190} INFO - (1, 'abc')
[2024-08-22T11:29:51.246+0700] {logging_mixin.py:190} INFO - (2, 'bcd')
[2024-08-22T11:29:51.246+0700] {logging_mixin.py:190} INFO - (3, 'cde')
[2024-08-22T11:29:51.246+0700] {python.py:240} INFO - Done. Returned value was: None
[2024-08-22T11:29:51.249+0700] {taskinstance.py:340} INFO - ::group::Post task execution logs
[2024-08-22T11:29:51.249+0700] {taskinstance.py:352} INFO - Marking task as SUCCESS. dag_id=sqlite_query_dag, task_id=query_sqlite_users, run_id=scheduled__2023-01-18T00:00:00+00:00, execution_date=20230118T000000, start_date=20240822T042951, end_date=20240822T042951
[2024-08-22T11:29:51.258+0700] {logging_mixin.py:190} INFO - Task instance in success state
[2024-08-22T11:29:51.258+0700] {logging_mixin.py:190} INFO -  Previous state of the Task instance: running
[2024-08-22T11:29:51.258+0700] {logging_mixin.py:190} INFO - Dag name:sqlite_query_dag queued_at:2024-08-22 04:29:49.484915+00:00
[2024-08-22T11:29:51.259+0700] {logging_mixin.py:190} INFO - Task hostname:LAPTOP-G8FSBU09. operator:PythonOperator
[2024-08-22T11:29:51.294+0700] {local_task_job_runner.py:261} INFO - Task exited with return code 0
[2024-08-22T11:29:51.303+0700] {taskinstance.py:3891} INFO - 0 downstream tasks scheduled from follow-on schedule check
[2024-08-22T11:29:51.303+0700] {local_task_job_runner.py:240} INFO - ::endgroup::
