[2024-08-27T09:39:21.216+0700] {local_task_job_runner.py:123} INFO - ::group::Pre task execution logs
[2024-08-27T09:39:21.230+0700] {taskinstance.py:2603} INFO - Dependencies all met for dep_context=non-requeueable deps ti=<TaskInstance: run_notebook_and_return_first_5_rows.run_notebook_task manual__2024-08-27T02:39:17.051240+00:00 [queued]>
[2024-08-27T09:39:21.241+0700] {taskinstance.py:2603} INFO - Dependencies all met for dep_context=requeueable deps ti=<TaskInstance: run_notebook_and_return_first_5_rows.run_notebook_task manual__2024-08-27T02:39:17.051240+00:00 [queued]>
[2024-08-27T09:39:21.242+0700] {taskinstance.py:2856} INFO - Starting attempt 1 of 2
[2024-08-27T09:39:21.259+0700] {taskinstance.py:2879} INFO - Executing <Task(PythonOperator): run_notebook_task> on 2024-08-27 02:39:17.051240+00:00
[2024-08-27T09:39:21.268+0700] {standard_task_runner.py:72} INFO - Started process 14918 to run task
[2024-08-27T09:39:21.300+0700] {standard_task_runner.py:104} INFO - Running: ['airflow', 'tasks', 'run', 'run_notebook_and_return_first_5_rows', 'run_notebook_task', 'manual__2024-08-27T02:39:17.051240+00:00', '--job-id', '180', '--raw', '--subdir', 'DAGS_FOLDER/test_jupyter.py', '--cfg-path', '/tmp/tmp47k8o8hf']
[2024-08-27T09:39:21.300+0700] {standard_task_runner.py:105} INFO - Job 180: Subtask run_notebook_task
[2024-08-27T09:39:21.474+0700] {task_command.py:467} INFO - Running <TaskInstance: run_notebook_and_return_first_5_rows.run_notebook_task manual__2024-08-27T02:39:17.051240+00:00 [running]> on host LAPTOP-G8FSBU09.
[2024-08-27T09:39:21.571+0700] {taskinstance.py:3122} INFO - Exporting env vars: AIRFLOW_CTX_DAG_OWNER='airflow' AIRFLOW_CTX_DAG_ID='run_notebook_and_return_first_5_rows' AIRFLOW_CTX_TASK_ID='run_notebook_task' AIRFLOW_CTX_EXECUTION_DATE='2024-08-27T02:39:17.051240+00:00' AIRFLOW_CTX_TRY_NUMBER='1' AIRFLOW_CTX_DAG_RUN_ID='manual__2024-08-27T02:39:17.051240+00:00'
[2024-08-27T09:39:21.577+0700] {logging_mixin.py:190} INFO - Task instance is in running state
[2024-08-27T09:39:21.577+0700] {logging_mixin.py:190} INFO -  Previous state of the Task instance: queued
[2024-08-27T09:39:21.577+0700] {logging_mixin.py:190} INFO - Current task name:run_notebook_task state:running start_date:2024-08-27 02:39:21.230242+00:00
[2024-08-27T09:39:21.577+0700] {logging_mixin.py:190} INFO - Dag name:run_notebook_and_return_first_5_rows and current dag run status:running
[2024-08-27T09:39:21.578+0700] {taskinstance.py:731} INFO - ::endgroup::
[2024-08-27T09:39:21.580+0700] {execute.py:83} INFO - Input Notebook:  /home/user/airflow/dags/data_clean.ipynb
[2024-08-27T09:39:21.580+0700] {execute.py:84} INFO - Output Notebook: /home/user/airflow/dags/data_clean_2.ipynb
[2024-08-27T09:39:21.655+0700] {logging_mixin.py:190} WARNING - Executing:   0%|          | 0/5 [00:00<?, ?cell/s]
[2024-08-27T09:39:23.103+0700] {clientwrap.py:44} INFO - Executing notebook with kernel: python3
[2024-08-27T09:39:24.428+0700] {logging_mixin.py:190} WARNING - Executing:  20%|##        | 1/5 [00:02<00:11,  2.77s/cell]
[2024-08-27T09:39:24.826+0700] {logging_mixin.py:190} WARNING - Executing: 100%|##########| 5/5 [00:03<00:00,  1.58cell/s]
[2024-08-27T09:39:24.831+0700] {python.py:240} INFO - Done. Returned value was: /home/user/airflow/dags/data_clean_2.ipynb
[2024-08-27T09:39:24.846+0700] {taskinstance.py:340} INFO - ::group::Post task execution logs
[2024-08-27T09:39:24.846+0700] {taskinstance.py:352} INFO - Marking task as SUCCESS. dag_id=run_notebook_and_return_first_5_rows, task_id=run_notebook_task, run_id=manual__2024-08-27T02:39:17.051240+00:00, execution_date=20240827T023917, start_date=20240827T023921, end_date=20240827T023924
[2024-08-27T09:39:24.858+0700] {logging_mixin.py:190} INFO - Task instance in success state
[2024-08-27T09:39:24.859+0700] {logging_mixin.py:190} INFO -  Previous state of the Task instance: running
[2024-08-27T09:39:24.859+0700] {logging_mixin.py:190} INFO - Dag name:run_notebook_and_return_first_5_rows queued_at:2024-08-27 02:39:17.069067+00:00
[2024-08-27T09:39:24.859+0700] {logging_mixin.py:190} INFO - Task hostname:LAPTOP-G8FSBU09. operator:PythonOperator
[2024-08-27T09:39:24.885+0700] {local_task_job_runner.py:261} INFO - Task exited with return code 0
[2024-08-27T09:39:24.898+0700] {taskinstance.py:3891} INFO - 1 downstream tasks scheduled from follow-on schedule check
[2024-08-27T09:39:24.910+0700] {local_task_job_runner.py:240} INFO - ::endgroup::
