[2024-08-21T09:45:48.494+0700] {local_task_job_runner.py:123} INFO - ::group::Pre task execution logs
[2024-08-21T09:45:48.501+0700] {taskinstance.py:2603} INFO - Dependencies all met for dep_context=non-requeueable deps ti=<TaskInstance: simple_dag.print_date scheduled__2024-08-21T00:22:00+00:00 [queued]>
[2024-08-21T09:45:48.504+0700] {taskinstance.py:2603} INFO - Dependencies all met for dep_context=requeueable deps ti=<TaskInstance: simple_dag.print_date scheduled__2024-08-21T00:22:00+00:00 [queued]>
[2024-08-21T09:45:48.505+0700] {taskinstance.py:2856} INFO - Starting attempt 1 of 2
[2024-08-21T09:45:48.517+0700] {taskinstance.py:2879} INFO - Executing <Task(BashOperator): print_date> on 2024-08-21 00:22:00+00:00
[2024-08-21T09:45:48.519+0700] {standard_task_runner.py:72} INFO - Started process 56042 to run task
[2024-08-21T09:45:48.522+0700] {standard_task_runner.py:104} INFO - Running: ['airflow', 'tasks', 'run', 'simple_dag', 'print_date', 'scheduled__2024-08-21T00:22:00+00:00', '--job-id', '42', '--raw', '--subdir', 'DAGS_FOLDER/daily_report.py', '--cfg-path', '/tmp/tmpa8vkc9ku']
[2024-08-21T09:45:48.522+0700] {standard_task_runner.py:105} INFO - Job 42: Subtask print_date
[2024-08-21T09:45:48.553+0700] {task_command.py:467} INFO - Running <TaskInstance: simple_dag.print_date scheduled__2024-08-21T00:22:00+00:00 [running]> on host LAPTOP-G8FSBU09.
[2024-08-21T09:45:48.597+0700] {taskinstance.py:3122} INFO - Exporting env vars: AIRFLOW_CTX_DAG_OWNER='airflow' AIRFLOW_CTX_DAG_ID='simple_dag' AIRFLOW_CTX_TASK_ID='print_date' AIRFLOW_CTX_EXECUTION_DATE='2024-08-21T00:22:00+00:00' AIRFLOW_CTX_TRY_NUMBER='1' AIRFLOW_CTX_DAG_RUN_ID='scheduled__2024-08-21T00:22:00+00:00'
[2024-08-21T09:45:48.597+0700] {logging_mixin.py:190} INFO - Task instance is in running state
[2024-08-21T09:45:48.598+0700] {logging_mixin.py:190} INFO -  Previous state of the Task instance: queued
[2024-08-21T09:45:48.598+0700] {logging_mixin.py:190} INFO - Current task name:print_date state:running start_date:2024-08-21 02:45:48.501678+00:00
[2024-08-21T09:45:48.598+0700] {logging_mixin.py:190} INFO - Dag name:simple_dag and current dag run status:running
[2024-08-21T09:45:48.598+0700] {taskinstance.py:731} INFO - ::endgroup::
[2024-08-21T09:45:48.599+0700] {subprocess.py:63} INFO - Tmp dir root location: /tmp
[2024-08-21T09:45:48.600+0700] {subprocess.py:75} INFO - Running command: ['/usr/bin/bash', '-c', 'date']
[2024-08-21T09:45:48.606+0700] {subprocess.py:86} INFO - Output:
[2024-08-21T09:45:48.607+0700] {subprocess.py:93} INFO - Wed Aug 21 09:45:48 WIB 2024
[2024-08-21T09:45:48.608+0700] {subprocess.py:97} INFO - Command exited with return code 0
[2024-08-21T09:45:48.626+0700] {taskinstance.py:340} INFO - ::group::Post task execution logs
[2024-08-21T09:45:48.626+0700] {taskinstance.py:352} INFO - Marking task as SUCCESS. dag_id=simple_dag, task_id=print_date, run_id=scheduled__2024-08-21T00:22:00+00:00, execution_date=20240821T002200, start_date=20240821T024548, end_date=20240821T024548
[2024-08-21T09:45:48.634+0700] {logging_mixin.py:190} INFO - Task instance in success state
[2024-08-21T09:45:48.634+0700] {logging_mixin.py:190} INFO -  Previous state of the Task instance: running
[2024-08-21T09:45:48.634+0700] {logging_mixin.py:190} INFO - Dag name:simple_dag queued_at:2024-08-21 02:45:46.924896+00:00
[2024-08-21T09:45:48.634+0700] {logging_mixin.py:190} INFO - Task hostname:LAPTOP-G8FSBU09. operator:BashOperator
[2024-08-21T09:45:48.656+0700] {local_task_job_runner.py:261} INFO - Task exited with return code 0
[2024-08-21T09:45:48.670+0700] {taskinstance.py:3891} INFO - 1 downstream tasks scheduled from follow-on schedule check
[2024-08-21T09:45:48.675+0700] {local_task_job_runner.py:240} INFO - ::endgroup::
