[2024-08-26T08:20:47.524+0700] {local_task_job_runner.py:123} INFO - ::group::Pre task execution logs
[2024-08-26T08:20:47.533+0700] {taskinstance.py:2603} INFO - Dependencies all met for dep_context=non-requeueable deps ti=<TaskInstance: combine_columns_dag.combine_columns manual__2024-08-26T01:20:41.645980+00:00 [queued]>
[2024-08-26T08:20:47.538+0700] {taskinstance.py:2603} INFO - Dependencies all met for dep_context=requeueable deps ti=<TaskInstance: combine_columns_dag.combine_columns manual__2024-08-26T01:20:41.645980+00:00 [queued]>
[2024-08-26T08:20:47.539+0700] {taskinstance.py:2856} INFO - Starting attempt 1 of 1
[2024-08-26T08:20:47.557+0700] {taskinstance.py:2879} INFO - Executing <Task(PythonOperator): combine_columns> on 2024-08-26 01:20:41.645980+00:00
[2024-08-26T08:20:47.567+0700] {standard_task_runner.py:72} INFO - Started process 17131 to run task
[2024-08-26T08:20:47.592+0700] {standard_task_runner.py:104} INFO - Running: ['airflow', 'tasks', 'run', 'combine_columns_dag', 'combine_columns', 'manual__2024-08-26T01:20:41.645980+00:00', '--job-id', '163', '--raw', '--subdir', 'DAGS_FOLDER/test_pandas.py', '--cfg-path', '/tmp/tmp2dishy5w']
[2024-08-26T08:20:47.594+0700] {standard_task_runner.py:105} INFO - Job 163: Subtask combine_columns
[2024-08-26T08:20:47.839+0700] {task_command.py:467} INFO - Running <TaskInstance: combine_columns_dag.combine_columns manual__2024-08-26T01:20:41.645980+00:00 [running]> on host LAPTOP-G8FSBU09.
[2024-08-26T08:20:48.134+0700] {taskinstance.py:3122} INFO - Exporting env vars: AIRFLOW_CTX_DAG_OWNER='airflow' AIRFLOW_CTX_DAG_ID='combine_columns_dag' AIRFLOW_CTX_TASK_ID='combine_columns' AIRFLOW_CTX_EXECUTION_DATE='2024-08-26T01:20:41.645980+00:00' AIRFLOW_CTX_TRY_NUMBER='1' AIRFLOW_CTX_DAG_RUN_ID='manual__2024-08-26T01:20:41.645980+00:00'
[2024-08-26T08:20:48.143+0700] {logging_mixin.py:190} INFO - Task instance is in running state
[2024-08-26T08:20:48.143+0700] {logging_mixin.py:190} INFO -  Previous state of the Task instance: queued
[2024-08-26T08:20:48.144+0700] {logging_mixin.py:190} INFO - Current task name:combine_columns state:running start_date:2024-08-26 01:20:47.533428+00:00
[2024-08-26T08:20:48.144+0700] {logging_mixin.py:190} INFO - Dag name:combine_columns_dag and current dag run status:running
[2024-08-26T08:20:48.145+0700] {taskinstance.py:731} INFO - ::endgroup::
[2024-08-26T08:20:48.263+0700] {python.py:240} INFO - Done. Returned value was: [{'id': 1, 'name': 'abc', 'combined': '1abc'}, {'id': 2, 'name': 'bcd', 'combined': '2bcd'}, {'id': 3, 'name': 'cde', 'combined': '3cde'}]
[2024-08-26T08:20:48.288+0700] {taskinstance.py:340} INFO - ::group::Post task execution logs
[2024-08-26T08:20:48.289+0700] {taskinstance.py:352} INFO - Marking task as SUCCESS. dag_id=combine_columns_dag, task_id=combine_columns, run_id=manual__2024-08-26T01:20:41.645980+00:00, execution_date=20240826T012041, start_date=20240826T012047, end_date=20240826T012048
[2024-08-26T08:20:48.303+0700] {logging_mixin.py:190} INFO - Task instance in success state
[2024-08-26T08:20:48.304+0700] {logging_mixin.py:190} INFO -  Previous state of the Task instance: running
[2024-08-26T08:20:48.304+0700] {logging_mixin.py:190} INFO - Dag name:combine_columns_dag queued_at:2024-08-26 01:20:41.793867+00:00
[2024-08-26T08:20:48.304+0700] {logging_mixin.py:190} INFO - Task hostname:LAPTOP-G8FSBU09. operator:PythonOperator
[2024-08-26T08:20:48.345+0700] {local_task_job_runner.py:261} INFO - Task exited with return code 0
[2024-08-26T08:20:48.363+0700] {taskinstance.py:3891} INFO - 1 downstream tasks scheduled from follow-on schedule check
[2024-08-26T08:20:48.369+0700] {local_task_job_runner.py:240} INFO - ::endgroup::
