[2024-08-22T10:43:21.345+0700] {processor.py:186} INFO - Started process (PID=15411) to work on /home/user/.local/lib/python3.10/site-packages/airflow/example_dags/example_dataset_alias_with_no_taskflow.py
[2024-08-22T10:43:21.345+0700] {processor.py:914} INFO - Processing file /home/user/.local/lib/python3.10/site-packages/airflow/example_dags/example_dataset_alias_with_no_taskflow.py for tasks to queue
[2024-08-22T10:43:21.348+0700] {logging_mixin.py:190} INFO - [2024-08-22T10:43:21.347+0700] {dagbag.py:587} INFO - Filling up the DagBag from /home/user/.local/lib/python3.10/site-packages/airflow/example_dags/example_dataset_alias_with_no_taskflow.py
[2024-08-22T10:43:21.372+0700] {processor.py:925} INFO - DAG(s) 'dataset_alias_example_alias_producer_with_no_taskflow', 'dataset_alias_example_alias_consumer_with_no_taskflow', 'dataset_s3_bucket_producer_with_no_taskflow', 'dataset_s3_bucket_consumer_with_no_taskflow' retrieved from /home/user/.local/lib/python3.10/site-packages/airflow/example_dags/example_dataset_alias_with_no_taskflow.py
[2024-08-22T10:43:21.453+0700] {logging_mixin.py:190} INFO - [2024-08-22T10:43:21.453+0700] {dag.py:3211} INFO - Sync 4 DAGs
[2024-08-22T10:43:21.466+0700] {logging_mixin.py:190} INFO - [2024-08-22T10:43:21.466+0700] {dag.py:4138} INFO - Setting next_dagrun for dataset_alias_example_alias_consumer_with_no_taskflow to None, run_after=None
[2024-08-22T10:43:21.469+0700] {logging_mixin.py:190} INFO - [2024-08-22T10:43:21.469+0700] {dag.py:4138} INFO - Setting next_dagrun for dataset_alias_example_alias_producer_with_no_taskflow to None, run_after=None
[2024-08-22T10:43:21.470+0700] {logging_mixin.py:190} INFO - [2024-08-22T10:43:21.469+0700] {dag.py:4138} INFO - Setting next_dagrun for dataset_s3_bucket_consumer_with_no_taskflow to None, run_after=None
[2024-08-22T10:43:21.470+0700] {logging_mixin.py:190} INFO - [2024-08-22T10:43:21.470+0700] {dag.py:4138} INFO - Setting next_dagrun for dataset_s3_bucket_producer_with_no_taskflow to None, run_after=None
[2024-08-22T10:43:21.488+0700] {processor.py:208} INFO - Processing /home/user/.local/lib/python3.10/site-packages/airflow/example_dags/example_dataset_alias_with_no_taskflow.py took 0.149 seconds
[2024-08-22T10:50:14.335+0700] {processor.py:186} INFO - Started process (PID=18617) to work on /home/user/.local/lib/python3.10/site-packages/airflow/example_dags/example_dataset_alias_with_no_taskflow.py
[2024-08-22T10:50:14.347+0700] {processor.py:914} INFO - Processing file /home/user/.local/lib/python3.10/site-packages/airflow/example_dags/example_dataset_alias_with_no_taskflow.py for tasks to queue
[2024-08-22T10:50:14.373+0700] {logging_mixin.py:190} INFO - [2024-08-22T10:50:14.370+0700] {dagbag.py:587} INFO - Filling up the DagBag from /home/user/.local/lib/python3.10/site-packages/airflow/example_dags/example_dataset_alias_with_no_taskflow.py
[2024-08-22T10:50:14.540+0700] {processor.py:925} INFO - DAG(s) 'dataset_alias_example_alias_producer_with_no_taskflow', 'dataset_s3_bucket_consumer_with_no_taskflow', 'dataset_alias_example_alias_consumer_with_no_taskflow', 'dataset_s3_bucket_producer_with_no_taskflow' retrieved from /home/user/.local/lib/python3.10/site-packages/airflow/example_dags/example_dataset_alias_with_no_taskflow.py
[2024-08-22T10:50:14.597+0700] {logging_mixin.py:190} INFO - [2024-08-22T10:50:14.596+0700] {dag.py:3211} INFO - Sync 4 DAGs
[2024-08-22T10:50:14.666+0700] {logging_mixin.py:190} INFO - [2024-08-22T10:50:14.665+0700] {dag.py:4138} INFO - Setting next_dagrun for dataset_alias_example_alias_consumer_with_no_taskflow to None, run_after=None
[2024-08-22T10:50:14.673+0700] {logging_mixin.py:190} INFO - [2024-08-22T10:50:14.673+0700] {dag.py:4138} INFO - Setting next_dagrun for dataset_alias_example_alias_producer_with_no_taskflow to None, run_after=None
[2024-08-22T10:50:14.674+0700] {logging_mixin.py:190} INFO - [2024-08-22T10:50:14.674+0700] {dag.py:4138} INFO - Setting next_dagrun for dataset_s3_bucket_consumer_with_no_taskflow to None, run_after=None
[2024-08-22T10:50:14.675+0700] {logging_mixin.py:190} INFO - [2024-08-22T10:50:14.675+0700] {dag.py:4138} INFO - Setting next_dagrun for dataset_s3_bucket_producer_with_no_taskflow to None, run_after=None
[2024-08-22T10:50:14.726+0700] {processor.py:208} INFO - Processing /home/user/.local/lib/python3.10/site-packages/airflow/example_dags/example_dataset_alias_with_no_taskflow.py took 0.452 seconds
[2024-08-22T10:56:51.457+0700] {processor.py:186} INFO - Started process (PID=22023) to work on /home/user/.local/lib/python3.10/site-packages/airflow/example_dags/example_dataset_alias_with_no_taskflow.py
[2024-08-22T10:56:51.458+0700] {processor.py:914} INFO - Processing file /home/user/.local/lib/python3.10/site-packages/airflow/example_dags/example_dataset_alias_with_no_taskflow.py for tasks to queue
[2024-08-22T10:56:51.461+0700] {logging_mixin.py:190} INFO - [2024-08-22T10:56:51.460+0700] {dagbag.py:587} INFO - Filling up the DagBag from /home/user/.local/lib/python3.10/site-packages/airflow/example_dags/example_dataset_alias_with_no_taskflow.py
[2024-08-22T10:56:51.489+0700] {processor.py:925} INFO - DAG(s) 'dataset_alias_example_alias_producer_with_no_taskflow', 'dataset_s3_bucket_consumer_with_no_taskflow', 'dataset_alias_example_alias_consumer_with_no_taskflow', 'dataset_s3_bucket_producer_with_no_taskflow' retrieved from /home/user/.local/lib/python3.10/site-packages/airflow/example_dags/example_dataset_alias_with_no_taskflow.py
[2024-08-22T10:56:51.510+0700] {logging_mixin.py:190} INFO - [2024-08-22T10:56:51.510+0700] {dag.py:3211} INFO - Sync 4 DAGs
[2024-08-22T10:56:51.526+0700] {logging_mixin.py:190} INFO - [2024-08-22T10:56:51.525+0700] {dag.py:4138} INFO - Setting next_dagrun for dataset_alias_example_alias_consumer_with_no_taskflow to None, run_after=None
[2024-08-22T10:56:51.528+0700] {logging_mixin.py:190} INFO - [2024-08-22T10:56:51.528+0700] {dag.py:4138} INFO - Setting next_dagrun for dataset_alias_example_alias_producer_with_no_taskflow to None, run_after=None
[2024-08-22T10:56:51.529+0700] {logging_mixin.py:190} INFO - [2024-08-22T10:56:51.529+0700] {dag.py:4138} INFO - Setting next_dagrun for dataset_s3_bucket_consumer_with_no_taskflow to None, run_after=None
[2024-08-22T10:56:51.530+0700] {logging_mixin.py:190} INFO - [2024-08-22T10:56:51.530+0700] {dag.py:4138} INFO - Setting next_dagrun for dataset_s3_bucket_producer_with_no_taskflow to None, run_after=None
[2024-08-22T10:56:51.550+0700] {processor.py:208} INFO - Processing /home/user/.local/lib/python3.10/site-packages/airflow/example_dags/example_dataset_alias_with_no_taskflow.py took 0.098 seconds
[2024-08-22T10:57:54.759+0700] {processor.py:186} INFO - Started process (PID=22628) to work on /home/user/.local/lib/python3.10/site-packages/airflow/example_dags/example_dataset_alias_with_no_taskflow.py
[2024-08-22T10:57:54.824+0700] {processor.py:914} INFO - Processing file /home/user/.local/lib/python3.10/site-packages/airflow/example_dags/example_dataset_alias_with_no_taskflow.py for tasks to queue
[2024-08-22T10:57:54.828+0700] {logging_mixin.py:190} INFO - [2024-08-22T10:57:54.828+0700] {dagbag.py:587} INFO - Filling up the DagBag from /home/user/.local/lib/python3.10/site-packages/airflow/example_dags/example_dataset_alias_with_no_taskflow.py
[2024-08-22T10:57:54.861+0700] {processor.py:925} INFO - DAG(s) 'dataset_alias_example_alias_consumer_with_no_taskflow', 'dataset_alias_example_alias_producer_with_no_taskflow', 'dataset_s3_bucket_consumer_with_no_taskflow', 'dataset_s3_bucket_producer_with_no_taskflow' retrieved from /home/user/.local/lib/python3.10/site-packages/airflow/example_dags/example_dataset_alias_with_no_taskflow.py
[2024-08-22T10:57:54.882+0700] {logging_mixin.py:190} INFO - [2024-08-22T10:57:54.882+0700] {dag.py:3211} INFO - Sync 4 DAGs
[2024-08-22T10:57:54.899+0700] {logging_mixin.py:190} INFO - [2024-08-22T10:57:54.899+0700] {dag.py:4138} INFO - Setting next_dagrun for dataset_alias_example_alias_consumer_with_no_taskflow to None, run_after=None
[2024-08-22T10:57:54.902+0700] {logging_mixin.py:190} INFO - [2024-08-22T10:57:54.902+0700] {dag.py:4138} INFO - Setting next_dagrun for dataset_alias_example_alias_producer_with_no_taskflow to None, run_after=None
[2024-08-22T10:57:54.903+0700] {logging_mixin.py:190} INFO - [2024-08-22T10:57:54.903+0700] {dag.py:4138} INFO - Setting next_dagrun for dataset_s3_bucket_consumer_with_no_taskflow to None, run_after=None
[2024-08-22T10:57:54.903+0700] {logging_mixin.py:190} INFO - [2024-08-22T10:57:54.903+0700] {dag.py:4138} INFO - Setting next_dagrun for dataset_s3_bucket_producer_with_no_taskflow to None, run_after=None
[2024-08-22T10:57:54.928+0700] {processor.py:208} INFO - Processing /home/user/.local/lib/python3.10/site-packages/airflow/example_dags/example_dataset_alias_with_no_taskflow.py took 0.176 seconds
[2024-08-22T10:59:05.499+0700] {processor.py:186} INFO - Started process (PID=23389) to work on /home/user/.local/lib/python3.10/site-packages/airflow/example_dags/example_dataset_alias_with_no_taskflow.py
[2024-08-22T10:59:05.500+0700] {processor.py:914} INFO - Processing file /home/user/.local/lib/python3.10/site-packages/airflow/example_dags/example_dataset_alias_with_no_taskflow.py for tasks to queue
[2024-08-22T10:59:05.502+0700] {logging_mixin.py:190} INFO - [2024-08-22T10:59:05.502+0700] {dagbag.py:587} INFO - Filling up the DagBag from /home/user/.local/lib/python3.10/site-packages/airflow/example_dags/example_dataset_alias_with_no_taskflow.py
[2024-08-22T10:59:05.524+0700] {processor.py:925} INFO - DAG(s) 'dataset_alias_example_alias_consumer_with_no_taskflow', 'dataset_alias_example_alias_producer_with_no_taskflow', 'dataset_s3_bucket_consumer_with_no_taskflow', 'dataset_s3_bucket_producer_with_no_taskflow' retrieved from /home/user/.local/lib/python3.10/site-packages/airflow/example_dags/example_dataset_alias_with_no_taskflow.py
[2024-08-22T10:59:05.541+0700] {logging_mixin.py:190} INFO - [2024-08-22T10:59:05.541+0700] {dag.py:3211} INFO - Sync 4 DAGs
[2024-08-22T10:59:05.555+0700] {logging_mixin.py:190} INFO - [2024-08-22T10:59:05.554+0700] {dag.py:4138} INFO - Setting next_dagrun for dataset_alias_example_alias_consumer_with_no_taskflow to None, run_after=None
[2024-08-22T10:59:05.557+0700] {logging_mixin.py:190} INFO - [2024-08-22T10:59:05.557+0700] {dag.py:4138} INFO - Setting next_dagrun for dataset_alias_example_alias_producer_with_no_taskflow to None, run_after=None
[2024-08-22T10:59:05.558+0700] {logging_mixin.py:190} INFO - [2024-08-22T10:59:05.557+0700] {dag.py:4138} INFO - Setting next_dagrun for dataset_s3_bucket_consumer_with_no_taskflow to None, run_after=None
[2024-08-22T10:59:05.558+0700] {logging_mixin.py:190} INFO - [2024-08-22T10:59:05.558+0700] {dag.py:4138} INFO - Setting next_dagrun for dataset_s3_bucket_producer_with_no_taskflow to None, run_after=None
[2024-08-22T10:59:05.577+0700] {processor.py:208} INFO - Processing /home/user/.local/lib/python3.10/site-packages/airflow/example_dags/example_dataset_alias_with_no_taskflow.py took 0.083 seconds
[2024-08-22T11:00:04.624+0700] {processor.py:186} INFO - Started process (PID=23881) to work on /home/user/.local/lib/python3.10/site-packages/airflow/example_dags/example_dataset_alias_with_no_taskflow.py
[2024-08-22T11:00:04.627+0700] {processor.py:914} INFO - Processing file /home/user/.local/lib/python3.10/site-packages/airflow/example_dags/example_dataset_alias_with_no_taskflow.py for tasks to queue
[2024-08-22T11:00:04.628+0700] {logging_mixin.py:190} INFO - [2024-08-22T11:00:04.628+0700] {dagbag.py:587} INFO - Filling up the DagBag from /home/user/.local/lib/python3.10/site-packages/airflow/example_dags/example_dataset_alias_with_no_taskflow.py
[2024-08-22T11:00:04.658+0700] {processor.py:925} INFO - DAG(s) 'dataset_alias_example_alias_producer_with_no_taskflow', 'dataset_alias_example_alias_consumer_with_no_taskflow', 'dataset_s3_bucket_producer_with_no_taskflow', 'dataset_s3_bucket_consumer_with_no_taskflow' retrieved from /home/user/.local/lib/python3.10/site-packages/airflow/example_dags/example_dataset_alias_with_no_taskflow.py
[2024-08-22T11:00:04.681+0700] {logging_mixin.py:190} INFO - [2024-08-22T11:00:04.680+0700] {dag.py:3211} INFO - Sync 4 DAGs
[2024-08-22T11:00:04.698+0700] {logging_mixin.py:190} INFO - [2024-08-22T11:00:04.697+0700] {dag.py:4138} INFO - Setting next_dagrun for dataset_alias_example_alias_consumer_with_no_taskflow to None, run_after=None
[2024-08-22T11:00:04.701+0700] {logging_mixin.py:190} INFO - [2024-08-22T11:00:04.701+0700] {dag.py:4138} INFO - Setting next_dagrun for dataset_alias_example_alias_producer_with_no_taskflow to None, run_after=None
[2024-08-22T11:00:04.703+0700] {logging_mixin.py:190} INFO - [2024-08-22T11:00:04.702+0700] {dag.py:4138} INFO - Setting next_dagrun for dataset_s3_bucket_consumer_with_no_taskflow to None, run_after=None
[2024-08-22T11:00:04.703+0700] {logging_mixin.py:190} INFO - [2024-08-22T11:00:04.703+0700] {dag.py:4138} INFO - Setting next_dagrun for dataset_s3_bucket_producer_with_no_taskflow to None, run_after=None
[2024-08-22T11:00:04.732+0700] {processor.py:208} INFO - Processing /home/user/.local/lib/python3.10/site-packages/airflow/example_dags/example_dataset_alias_with_no_taskflow.py took 0.144 seconds
[2024-08-22T11:01:02.904+0700] {processor.py:186} INFO - Started process (PID=24349) to work on /home/user/.local/lib/python3.10/site-packages/airflow/example_dags/example_dataset_alias_with_no_taskflow.py
[2024-08-22T11:01:02.905+0700] {processor.py:914} INFO - Processing file /home/user/.local/lib/python3.10/site-packages/airflow/example_dags/example_dataset_alias_with_no_taskflow.py for tasks to queue
[2024-08-22T11:01:02.907+0700] {logging_mixin.py:190} INFO - [2024-08-22T11:01:02.907+0700] {dagbag.py:587} INFO - Filling up the DagBag from /home/user/.local/lib/python3.10/site-packages/airflow/example_dags/example_dataset_alias_with_no_taskflow.py
[2024-08-22T11:01:02.934+0700] {processor.py:925} INFO - DAG(s) 'dataset_s3_bucket_producer_with_no_taskflow', 'dataset_alias_example_alias_producer_with_no_taskflow', 'dataset_alias_example_alias_consumer_with_no_taskflow', 'dataset_s3_bucket_consumer_with_no_taskflow' retrieved from /home/user/.local/lib/python3.10/site-packages/airflow/example_dags/example_dataset_alias_with_no_taskflow.py
[2024-08-22T11:01:02.954+0700] {logging_mixin.py:190} INFO - [2024-08-22T11:01:02.954+0700] {dag.py:3211} INFO - Sync 4 DAGs
[2024-08-22T11:01:02.973+0700] {logging_mixin.py:190} INFO - [2024-08-22T11:01:02.973+0700] {dag.py:4138} INFO - Setting next_dagrun for dataset_alias_example_alias_consumer_with_no_taskflow to None, run_after=None
[2024-08-22T11:01:02.975+0700] {logging_mixin.py:190} INFO - [2024-08-22T11:01:02.975+0700] {dag.py:4138} INFO - Setting next_dagrun for dataset_alias_example_alias_producer_with_no_taskflow to None, run_after=None
[2024-08-22T11:01:02.976+0700] {logging_mixin.py:190} INFO - [2024-08-22T11:01:02.976+0700] {dag.py:4138} INFO - Setting next_dagrun for dataset_s3_bucket_consumer_with_no_taskflow to None, run_after=None
[2024-08-22T11:01:02.977+0700] {logging_mixin.py:190} INFO - [2024-08-22T11:01:02.977+0700] {dag.py:4138} INFO - Setting next_dagrun for dataset_s3_bucket_producer_with_no_taskflow to None, run_after=None
[2024-08-22T11:01:03.004+0700] {processor.py:208} INFO - Processing /home/user/.local/lib/python3.10/site-packages/airflow/example_dags/example_dataset_alias_with_no_taskflow.py took 0.106 seconds
[2024-08-22T11:02:04.720+0700] {processor.py:186} INFO - Started process (PID=24842) to work on /home/user/.local/lib/python3.10/site-packages/airflow/example_dags/example_dataset_alias_with_no_taskflow.py
[2024-08-22T11:02:04.723+0700] {processor.py:914} INFO - Processing file /home/user/.local/lib/python3.10/site-packages/airflow/example_dags/example_dataset_alias_with_no_taskflow.py for tasks to queue
[2024-08-22T11:02:04.729+0700] {logging_mixin.py:190} INFO - [2024-08-22T11:02:04.728+0700] {dagbag.py:587} INFO - Filling up the DagBag from /home/user/.local/lib/python3.10/site-packages/airflow/example_dags/example_dataset_alias_with_no_taskflow.py
[2024-08-22T11:02:04.790+0700] {processor.py:925} INFO - DAG(s) 'dataset_s3_bucket_consumer_with_no_taskflow', 'dataset_alias_example_alias_consumer_with_no_taskflow', 'dataset_s3_bucket_producer_with_no_taskflow', 'dataset_alias_example_alias_producer_with_no_taskflow' retrieved from /home/user/.local/lib/python3.10/site-packages/airflow/example_dags/example_dataset_alias_with_no_taskflow.py
[2024-08-22T11:02:04.827+0700] {logging_mixin.py:190} INFO - [2024-08-22T11:02:04.827+0700] {dag.py:3211} INFO - Sync 4 DAGs
[2024-08-22T11:02:04.870+0700] {logging_mixin.py:190} INFO - [2024-08-22T11:02:04.869+0700] {dag.py:4138} INFO - Setting next_dagrun for dataset_alias_example_alias_consumer_with_no_taskflow to None, run_after=None
[2024-08-22T11:02:04.872+0700] {logging_mixin.py:190} INFO - [2024-08-22T11:02:04.872+0700] {dag.py:4138} INFO - Setting next_dagrun for dataset_alias_example_alias_producer_with_no_taskflow to None, run_after=None
[2024-08-22T11:02:04.873+0700] {logging_mixin.py:190} INFO - [2024-08-22T11:02:04.873+0700] {dag.py:4138} INFO - Setting next_dagrun for dataset_s3_bucket_consumer_with_no_taskflow to None, run_after=None
[2024-08-22T11:02:04.875+0700] {logging_mixin.py:190} INFO - [2024-08-22T11:02:04.874+0700] {dag.py:4138} INFO - Setting next_dagrun for dataset_s3_bucket_producer_with_no_taskflow to None, run_after=None
[2024-08-22T11:02:04.916+0700] {processor.py:208} INFO - Processing /home/user/.local/lib/python3.10/site-packages/airflow/example_dags/example_dataset_alias_with_no_taskflow.py took 0.214 seconds
[2024-08-22T11:03:05.046+0700] {processor.py:186} INFO - Started process (PID=25347) to work on /home/user/.local/lib/python3.10/site-packages/airflow/example_dags/example_dataset_alias_with_no_taskflow.py
[2024-08-22T11:03:05.048+0700] {processor.py:914} INFO - Processing file /home/user/.local/lib/python3.10/site-packages/airflow/example_dags/example_dataset_alias_with_no_taskflow.py for tasks to queue
[2024-08-22T11:03:05.050+0700] {logging_mixin.py:190} INFO - [2024-08-22T11:03:05.049+0700] {dagbag.py:587} INFO - Filling up the DagBag from /home/user/.local/lib/python3.10/site-packages/airflow/example_dags/example_dataset_alias_with_no_taskflow.py
[2024-08-22T11:03:05.147+0700] {processor.py:925} INFO - DAG(s) 'dataset_s3_bucket_producer_with_no_taskflow', 'dataset_alias_example_alias_consumer_with_no_taskflow', 'dataset_alias_example_alias_producer_with_no_taskflow', 'dataset_s3_bucket_consumer_with_no_taskflow' retrieved from /home/user/.local/lib/python3.10/site-packages/airflow/example_dags/example_dataset_alias_with_no_taskflow.py
[2024-08-22T11:03:05.214+0700] {logging_mixin.py:190} INFO - [2024-08-22T11:03:05.214+0700] {dag.py:3211} INFO - Sync 4 DAGs
[2024-08-22T11:03:05.293+0700] {logging_mixin.py:190} INFO - [2024-08-22T11:03:05.292+0700] {dag.py:4138} INFO - Setting next_dagrun for dataset_alias_example_alias_consumer_with_no_taskflow to None, run_after=None
[2024-08-22T11:03:05.297+0700] {logging_mixin.py:190} INFO - [2024-08-22T11:03:05.297+0700] {dag.py:4138} INFO - Setting next_dagrun for dataset_alias_example_alias_producer_with_no_taskflow to None, run_after=None
[2024-08-22T11:03:05.298+0700] {logging_mixin.py:190} INFO - [2024-08-22T11:03:05.298+0700] {dag.py:4138} INFO - Setting next_dagrun for dataset_s3_bucket_consumer_with_no_taskflow to None, run_after=None
[2024-08-22T11:03:05.299+0700] {logging_mixin.py:190} INFO - [2024-08-22T11:03:05.299+0700] {dag.py:4138} INFO - Setting next_dagrun for dataset_s3_bucket_producer_with_no_taskflow to None, run_after=None
[2024-08-22T11:03:05.348+0700] {processor.py:208} INFO - Processing /home/user/.local/lib/python3.10/site-packages/airflow/example_dags/example_dataset_alias_with_no_taskflow.py took 0.308 seconds
[2024-08-22T11:04:06.196+0700] {processor.py:186} INFO - Started process (PID=25994) to work on /home/user/.local/lib/python3.10/site-packages/airflow/example_dags/example_dataset_alias_with_no_taskflow.py
[2024-08-22T11:04:06.198+0700] {processor.py:914} INFO - Processing file /home/user/.local/lib/python3.10/site-packages/airflow/example_dags/example_dataset_alias_with_no_taskflow.py for tasks to queue
[2024-08-22T11:04:06.201+0700] {logging_mixin.py:190} INFO - [2024-08-22T11:04:06.200+0700] {dagbag.py:587} INFO - Filling up the DagBag from /home/user/.local/lib/python3.10/site-packages/airflow/example_dags/example_dataset_alias_with_no_taskflow.py
[2024-08-22T11:04:06.233+0700] {processor.py:925} INFO - DAG(s) 'dataset_alias_example_alias_consumer_with_no_taskflow', 'dataset_s3_bucket_producer_with_no_taskflow', 'dataset_s3_bucket_consumer_with_no_taskflow', 'dataset_alias_example_alias_producer_with_no_taskflow' retrieved from /home/user/.local/lib/python3.10/site-packages/airflow/example_dags/example_dataset_alias_with_no_taskflow.py
[2024-08-22T11:04:06.258+0700] {logging_mixin.py:190} INFO - [2024-08-22T11:04:06.258+0700] {dag.py:3211} INFO - Sync 4 DAGs
[2024-08-22T11:04:06.283+0700] {logging_mixin.py:190} INFO - [2024-08-22T11:04:06.283+0700] {dag.py:4138} INFO - Setting next_dagrun for dataset_alias_example_alias_consumer_with_no_taskflow to None, run_after=None
[2024-08-22T11:04:06.285+0700] {logging_mixin.py:190} INFO - [2024-08-22T11:04:06.285+0700] {dag.py:4138} INFO - Setting next_dagrun for dataset_alias_example_alias_producer_with_no_taskflow to None, run_after=None
[2024-08-22T11:04:06.286+0700] {logging_mixin.py:190} INFO - [2024-08-22T11:04:06.286+0700] {dag.py:4138} INFO - Setting next_dagrun for dataset_s3_bucket_consumer_with_no_taskflow to None, run_after=None
[2024-08-22T11:04:06.287+0700] {logging_mixin.py:190} INFO - [2024-08-22T11:04:06.287+0700] {dag.py:4138} INFO - Setting next_dagrun for dataset_s3_bucket_producer_with_no_taskflow to None, run_after=None
[2024-08-22T11:04:06.308+0700] {processor.py:208} INFO - Processing /home/user/.local/lib/python3.10/site-packages/airflow/example_dags/example_dataset_alias_with_no_taskflow.py took 0.120 seconds
[2024-08-22T11:05:41.822+0700] {processor.py:186} INFO - Started process (PID=26599) to work on /home/user/.local/lib/python3.10/site-packages/airflow/example_dags/example_dataset_alias_with_no_taskflow.py
[2024-08-22T11:05:41.824+0700] {processor.py:914} INFO - Processing file /home/user/.local/lib/python3.10/site-packages/airflow/example_dags/example_dataset_alias_with_no_taskflow.py for tasks to queue
[2024-08-22T11:05:41.826+0700] {logging_mixin.py:190} INFO - [2024-08-22T11:05:41.826+0700] {dagbag.py:587} INFO - Filling up the DagBag from /home/user/.local/lib/python3.10/site-packages/airflow/example_dags/example_dataset_alias_with_no_taskflow.py
[2024-08-22T11:05:41.854+0700] {processor.py:925} INFO - DAG(s) 'dataset_s3_bucket_producer_with_no_taskflow', 'dataset_alias_example_alias_consumer_with_no_taskflow', 'dataset_alias_example_alias_producer_with_no_taskflow', 'dataset_s3_bucket_consumer_with_no_taskflow' retrieved from /home/user/.local/lib/python3.10/site-packages/airflow/example_dags/example_dataset_alias_with_no_taskflow.py
[2024-08-22T11:05:41.872+0700] {logging_mixin.py:190} INFO - [2024-08-22T11:05:41.872+0700] {dag.py:3211} INFO - Sync 4 DAGs
[2024-08-22T11:05:41.887+0700] {logging_mixin.py:190} INFO - [2024-08-22T11:05:41.887+0700] {dag.py:4138} INFO - Setting next_dagrun for dataset_alias_example_alias_consumer_with_no_taskflow to None, run_after=None
[2024-08-22T11:05:41.888+0700] {logging_mixin.py:190} INFO - [2024-08-22T11:05:41.888+0700] {dag.py:4138} INFO - Setting next_dagrun for dataset_alias_example_alias_producer_with_no_taskflow to None, run_after=None
[2024-08-22T11:05:41.889+0700] {logging_mixin.py:190} INFO - [2024-08-22T11:05:41.889+0700] {dag.py:4138} INFO - Setting next_dagrun for dataset_s3_bucket_consumer_with_no_taskflow to None, run_after=None
[2024-08-22T11:05:41.890+0700] {logging_mixin.py:190} INFO - [2024-08-22T11:05:41.890+0700] {dag.py:4138} INFO - Setting next_dagrun for dataset_s3_bucket_producer_with_no_taskflow to None, run_after=None
[2024-08-22T11:05:41.910+0700] {processor.py:208} INFO - Processing /home/user/.local/lib/python3.10/site-packages/airflow/example_dags/example_dataset_alias_with_no_taskflow.py took 0.092 seconds
[2024-08-22T11:06:39.087+0700] {processor.py:186} INFO - Started process (PID=27049) to work on /home/user/.local/lib/python3.10/site-packages/airflow/example_dags/example_dataset_alias_with_no_taskflow.py
[2024-08-22T11:06:39.088+0700] {processor.py:914} INFO - Processing file /home/user/.local/lib/python3.10/site-packages/airflow/example_dags/example_dataset_alias_with_no_taskflow.py for tasks to queue
[2024-08-22T11:06:39.091+0700] {logging_mixin.py:190} INFO - [2024-08-22T11:06:39.091+0700] {dagbag.py:587} INFO - Filling up the DagBag from /home/user/.local/lib/python3.10/site-packages/airflow/example_dags/example_dataset_alias_with_no_taskflow.py
[2024-08-22T11:06:39.114+0700] {processor.py:925} INFO - DAG(s) 'dataset_s3_bucket_consumer_with_no_taskflow', 'dataset_alias_example_alias_consumer_with_no_taskflow', 'dataset_s3_bucket_producer_with_no_taskflow', 'dataset_alias_example_alias_producer_with_no_taskflow' retrieved from /home/user/.local/lib/python3.10/site-packages/airflow/example_dags/example_dataset_alias_with_no_taskflow.py
[2024-08-22T11:06:39.135+0700] {logging_mixin.py:190} INFO - [2024-08-22T11:06:39.135+0700] {dag.py:3211} INFO - Sync 4 DAGs
[2024-08-22T11:06:39.154+0700] {logging_mixin.py:190} INFO - [2024-08-22T11:06:39.154+0700] {dag.py:4138} INFO - Setting next_dagrun for dataset_alias_example_alias_consumer_with_no_taskflow to None, run_after=None
[2024-08-22T11:06:39.157+0700] {logging_mixin.py:190} INFO - [2024-08-22T11:06:39.156+0700] {dag.py:4138} INFO - Setting next_dagrun for dataset_alias_example_alias_producer_with_no_taskflow to None, run_after=None
[2024-08-22T11:06:39.157+0700] {logging_mixin.py:190} INFO - [2024-08-22T11:06:39.157+0700] {dag.py:4138} INFO - Setting next_dagrun for dataset_s3_bucket_consumer_with_no_taskflow to None, run_after=None
[2024-08-22T11:06:39.158+0700] {logging_mixin.py:190} INFO - [2024-08-22T11:06:39.158+0700] {dag.py:4138} INFO - Setting next_dagrun for dataset_s3_bucket_producer_with_no_taskflow to None, run_after=None
[2024-08-22T11:06:39.182+0700] {processor.py:208} INFO - Processing /home/user/.local/lib/python3.10/site-packages/airflow/example_dags/example_dataset_alias_with_no_taskflow.py took 0.101 seconds
[2024-08-22T11:07:48.601+0700] {processor.py:186} INFO - Started process (PID=27592) to work on /home/user/.local/lib/python3.10/site-packages/airflow/example_dags/example_dataset_alias_with_no_taskflow.py
[2024-08-22T11:07:48.602+0700] {processor.py:914} INFO - Processing file /home/user/.local/lib/python3.10/site-packages/airflow/example_dags/example_dataset_alias_with_no_taskflow.py for tasks to queue
[2024-08-22T11:07:48.605+0700] {logging_mixin.py:190} INFO - [2024-08-22T11:07:48.604+0700] {dagbag.py:587} INFO - Filling up the DagBag from /home/user/.local/lib/python3.10/site-packages/airflow/example_dags/example_dataset_alias_with_no_taskflow.py
[2024-08-22T11:07:48.627+0700] {processor.py:925} INFO - DAG(s) 'dataset_alias_example_alias_consumer_with_no_taskflow', 'dataset_s3_bucket_consumer_with_no_taskflow', 'dataset_alias_example_alias_producer_with_no_taskflow', 'dataset_s3_bucket_producer_with_no_taskflow' retrieved from /home/user/.local/lib/python3.10/site-packages/airflow/example_dags/example_dataset_alias_with_no_taskflow.py
[2024-08-22T11:07:48.646+0700] {logging_mixin.py:190} INFO - [2024-08-22T11:07:48.646+0700] {dag.py:3211} INFO - Sync 4 DAGs
[2024-08-22T11:07:48.664+0700] {logging_mixin.py:190} INFO - [2024-08-22T11:07:48.664+0700] {dag.py:4138} INFO - Setting next_dagrun for dataset_alias_example_alias_consumer_with_no_taskflow to None, run_after=None
[2024-08-22T11:07:48.667+0700] {logging_mixin.py:190} INFO - [2024-08-22T11:07:48.666+0700] {dag.py:4138} INFO - Setting next_dagrun for dataset_alias_example_alias_producer_with_no_taskflow to None, run_after=None
[2024-08-22T11:07:48.667+0700] {logging_mixin.py:190} INFO - [2024-08-22T11:07:48.667+0700] {dag.py:4138} INFO - Setting next_dagrun for dataset_s3_bucket_consumer_with_no_taskflow to None, run_after=None
[2024-08-22T11:07:48.668+0700] {logging_mixin.py:190} INFO - [2024-08-22T11:07:48.668+0700] {dag.py:4138} INFO - Setting next_dagrun for dataset_s3_bucket_producer_with_no_taskflow to None, run_after=None
[2024-08-22T11:07:48.687+0700] {processor.py:208} INFO - Processing /home/user/.local/lib/python3.10/site-packages/airflow/example_dags/example_dataset_alias_with_no_taskflow.py took 0.091 seconds
[2024-08-22T11:08:48.676+0700] {processor.py:186} INFO - Started process (PID=28059) to work on /home/user/.local/lib/python3.10/site-packages/airflow/example_dags/example_dataset_alias_with_no_taskflow.py
[2024-08-22T11:08:48.677+0700] {processor.py:914} INFO - Processing file /home/user/.local/lib/python3.10/site-packages/airflow/example_dags/example_dataset_alias_with_no_taskflow.py for tasks to queue
[2024-08-22T11:08:48.679+0700] {logging_mixin.py:190} INFO - [2024-08-22T11:08:48.678+0700] {dagbag.py:587} INFO - Filling up the DagBag from /home/user/.local/lib/python3.10/site-packages/airflow/example_dags/example_dataset_alias_with_no_taskflow.py
[2024-08-22T11:08:48.697+0700] {processor.py:925} INFO - DAG(s) 'dataset_alias_example_alias_consumer_with_no_taskflow', 'dataset_s3_bucket_consumer_with_no_taskflow', 'dataset_s3_bucket_producer_with_no_taskflow', 'dataset_alias_example_alias_producer_with_no_taskflow' retrieved from /home/user/.local/lib/python3.10/site-packages/airflow/example_dags/example_dataset_alias_with_no_taskflow.py
[2024-08-22T11:08:48.713+0700] {logging_mixin.py:190} INFO - [2024-08-22T11:08:48.713+0700] {dag.py:3211} INFO - Sync 4 DAGs
[2024-08-22T11:08:48.725+0700] {logging_mixin.py:190} INFO - [2024-08-22T11:08:48.725+0700] {dag.py:4138} INFO - Setting next_dagrun for dataset_alias_example_alias_consumer_with_no_taskflow to None, run_after=None
[2024-08-22T11:08:48.727+0700] {logging_mixin.py:190} INFO - [2024-08-22T11:08:48.727+0700] {dag.py:4138} INFO - Setting next_dagrun for dataset_alias_example_alias_producer_with_no_taskflow to None, run_after=None
[2024-08-22T11:08:48.727+0700] {logging_mixin.py:190} INFO - [2024-08-22T11:08:48.727+0700] {dag.py:4138} INFO - Setting next_dagrun for dataset_s3_bucket_consumer_with_no_taskflow to None, run_after=None
[2024-08-22T11:08:48.728+0700] {logging_mixin.py:190} INFO - [2024-08-22T11:08:48.728+0700] {dag.py:4138} INFO - Setting next_dagrun for dataset_s3_bucket_producer_with_no_taskflow to None, run_after=None
[2024-08-22T11:08:48.749+0700] {processor.py:208} INFO - Processing /home/user/.local/lib/python3.10/site-packages/airflow/example_dags/example_dataset_alias_with_no_taskflow.py took 0.077 seconds
[2024-08-22T11:09:45.162+0700] {processor.py:186} INFO - Started process (PID=28505) to work on /home/user/.local/lib/python3.10/site-packages/airflow/example_dags/example_dataset_alias_with_no_taskflow.py
[2024-08-22T11:09:45.163+0700] {processor.py:914} INFO - Processing file /home/user/.local/lib/python3.10/site-packages/airflow/example_dags/example_dataset_alias_with_no_taskflow.py for tasks to queue
[2024-08-22T11:09:45.165+0700] {logging_mixin.py:190} INFO - [2024-08-22T11:09:45.164+0700] {dagbag.py:587} INFO - Filling up the DagBag from /home/user/.local/lib/python3.10/site-packages/airflow/example_dags/example_dataset_alias_with_no_taskflow.py
[2024-08-22T11:09:45.183+0700] {processor.py:925} INFO - DAG(s) 'dataset_alias_example_alias_producer_with_no_taskflow', 'dataset_s3_bucket_producer_with_no_taskflow', 'dataset_s3_bucket_consumer_with_no_taskflow', 'dataset_alias_example_alias_consumer_with_no_taskflow' retrieved from /home/user/.local/lib/python3.10/site-packages/airflow/example_dags/example_dataset_alias_with_no_taskflow.py
[2024-08-22T11:09:45.199+0700] {logging_mixin.py:190} INFO - [2024-08-22T11:09:45.199+0700] {dag.py:3211} INFO - Sync 4 DAGs
[2024-08-22T11:09:45.215+0700] {logging_mixin.py:190} INFO - [2024-08-22T11:09:45.215+0700] {dag.py:4138} INFO - Setting next_dagrun for dataset_alias_example_alias_consumer_with_no_taskflow to None, run_after=None
[2024-08-22T11:09:45.216+0700] {logging_mixin.py:190} INFO - [2024-08-22T11:09:45.216+0700] {dag.py:4138} INFO - Setting next_dagrun for dataset_alias_example_alias_producer_with_no_taskflow to None, run_after=None
[2024-08-22T11:09:45.217+0700] {logging_mixin.py:190} INFO - [2024-08-22T11:09:45.217+0700] {dag.py:4138} INFO - Setting next_dagrun for dataset_s3_bucket_consumer_with_no_taskflow to None, run_after=None
[2024-08-22T11:09:45.218+0700] {logging_mixin.py:190} INFO - [2024-08-22T11:09:45.218+0700] {dag.py:4138} INFO - Setting next_dagrun for dataset_s3_bucket_producer_with_no_taskflow to None, run_after=None
[2024-08-22T11:09:45.238+0700] {processor.py:208} INFO - Processing /home/user/.local/lib/python3.10/site-packages/airflow/example_dags/example_dataset_alias_with_no_taskflow.py took 0.080 seconds
[2024-08-22T11:10:39.107+0700] {processor.py:186} INFO - Started process (PID=28927) to work on /home/user/.local/lib/python3.10/site-packages/airflow/example_dags/example_dataset_alias_with_no_taskflow.py
[2024-08-22T11:10:39.108+0700] {processor.py:914} INFO - Processing file /home/user/.local/lib/python3.10/site-packages/airflow/example_dags/example_dataset_alias_with_no_taskflow.py for tasks to queue
[2024-08-22T11:10:39.111+0700] {logging_mixin.py:190} INFO - [2024-08-22T11:10:39.110+0700] {dagbag.py:587} INFO - Filling up the DagBag from /home/user/.local/lib/python3.10/site-packages/airflow/example_dags/example_dataset_alias_with_no_taskflow.py
[2024-08-22T11:10:39.135+0700] {processor.py:925} INFO - DAG(s) 'dataset_s3_bucket_producer_with_no_taskflow', 'dataset_alias_example_alias_producer_with_no_taskflow', 'dataset_s3_bucket_consumer_with_no_taskflow', 'dataset_alias_example_alias_consumer_with_no_taskflow' retrieved from /home/user/.local/lib/python3.10/site-packages/airflow/example_dags/example_dataset_alias_with_no_taskflow.py
[2024-08-22T11:10:39.167+0700] {logging_mixin.py:190} INFO - [2024-08-22T11:10:39.167+0700] {dag.py:3211} INFO - Sync 4 DAGs
[2024-08-22T11:10:39.181+0700] {logging_mixin.py:190} INFO - [2024-08-22T11:10:39.181+0700] {dag.py:4138} INFO - Setting next_dagrun for dataset_alias_example_alias_consumer_with_no_taskflow to None, run_after=None
[2024-08-22T11:10:39.182+0700] {logging_mixin.py:190} INFO - [2024-08-22T11:10:39.182+0700] {dag.py:4138} INFO - Setting next_dagrun for dataset_alias_example_alias_producer_with_no_taskflow to None, run_after=None
[2024-08-22T11:10:39.183+0700] {logging_mixin.py:190} INFO - [2024-08-22T11:10:39.183+0700] {dag.py:4138} INFO - Setting next_dagrun for dataset_s3_bucket_consumer_with_no_taskflow to None, run_after=None
[2024-08-22T11:10:39.184+0700] {logging_mixin.py:190} INFO - [2024-08-22T11:10:39.184+0700] {dag.py:4138} INFO - Setting next_dagrun for dataset_s3_bucket_producer_with_no_taskflow to None, run_after=None
[2024-08-22T11:10:39.203+0700] {processor.py:208} INFO - Processing /home/user/.local/lib/python3.10/site-packages/airflow/example_dags/example_dataset_alias_with_no_taskflow.py took 0.102 seconds
[2024-08-22T11:11:34.836+0700] {processor.py:186} INFO - Started process (PID=29474) to work on /home/user/.local/lib/python3.10/site-packages/airflow/example_dags/example_dataset_alias_with_no_taskflow.py
[2024-08-22T11:11:34.838+0700] {processor.py:914} INFO - Processing file /home/user/.local/lib/python3.10/site-packages/airflow/example_dags/example_dataset_alias_with_no_taskflow.py for tasks to queue
[2024-08-22T11:11:34.840+0700] {logging_mixin.py:190} INFO - [2024-08-22T11:11:34.839+0700] {dagbag.py:587} INFO - Filling up the DagBag from /home/user/.local/lib/python3.10/site-packages/airflow/example_dags/example_dataset_alias_with_no_taskflow.py
[2024-08-22T11:11:34.857+0700] {processor.py:925} INFO - DAG(s) 'dataset_s3_bucket_producer_with_no_taskflow', 'dataset_s3_bucket_consumer_with_no_taskflow', 'dataset_alias_example_alias_consumer_with_no_taskflow', 'dataset_alias_example_alias_producer_with_no_taskflow' retrieved from /home/user/.local/lib/python3.10/site-packages/airflow/example_dags/example_dataset_alias_with_no_taskflow.py
[2024-08-22T11:11:34.874+0700] {logging_mixin.py:190} INFO - [2024-08-22T11:11:34.874+0700] {dag.py:3211} INFO - Sync 4 DAGs
[2024-08-22T11:11:34.890+0700] {logging_mixin.py:190} INFO - [2024-08-22T11:11:34.890+0700] {dag.py:4138} INFO - Setting next_dagrun for dataset_alias_example_alias_consumer_with_no_taskflow to None, run_after=None
[2024-08-22T11:11:34.895+0700] {logging_mixin.py:190} INFO - [2024-08-22T11:11:34.894+0700] {dag.py:4138} INFO - Setting next_dagrun for dataset_alias_example_alias_producer_with_no_taskflow to None, run_after=None
[2024-08-22T11:11:34.897+0700] {logging_mixin.py:190} INFO - [2024-08-22T11:11:34.897+0700] {dag.py:4138} INFO - Setting next_dagrun for dataset_s3_bucket_consumer_with_no_taskflow to None, run_after=None
[2024-08-22T11:11:34.898+0700] {logging_mixin.py:190} INFO - [2024-08-22T11:11:34.898+0700] {dag.py:4138} INFO - Setting next_dagrun for dataset_s3_bucket_producer_with_no_taskflow to None, run_after=None
[2024-08-22T11:11:34.942+0700] {processor.py:208} INFO - Processing /home/user/.local/lib/python3.10/site-packages/airflow/example_dags/example_dataset_alias_with_no_taskflow.py took 0.110 seconds
[2024-08-22T11:12:53.193+0700] {processor.py:186} INFO - Started process (PID=30106) to work on /home/user/.local/lib/python3.10/site-packages/airflow/example_dags/example_dataset_alias_with_no_taskflow.py
[2024-08-22T11:12:53.195+0700] {processor.py:914} INFO - Processing file /home/user/.local/lib/python3.10/site-packages/airflow/example_dags/example_dataset_alias_with_no_taskflow.py for tasks to queue
[2024-08-22T11:12:53.196+0700] {logging_mixin.py:190} INFO - [2024-08-22T11:12:53.196+0700] {dagbag.py:587} INFO - Filling up the DagBag from /home/user/.local/lib/python3.10/site-packages/airflow/example_dags/example_dataset_alias_with_no_taskflow.py
[2024-08-22T11:12:53.211+0700] {processor.py:925} INFO - DAG(s) 'dataset_s3_bucket_consumer_with_no_taskflow', 'dataset_s3_bucket_producer_with_no_taskflow', 'dataset_alias_example_alias_producer_with_no_taskflow', 'dataset_alias_example_alias_consumer_with_no_taskflow' retrieved from /home/user/.local/lib/python3.10/site-packages/airflow/example_dags/example_dataset_alias_with_no_taskflow.py
[2024-08-22T11:12:53.292+0700] {logging_mixin.py:190} INFO - [2024-08-22T11:12:53.292+0700] {override.py:1858} INFO - Created Permission View: can read on DAG:dataset_s3_bucket_consumer_with_no_taskflow
[2024-08-22T11:12:53.307+0700] {logging_mixin.py:190} INFO - [2024-08-22T11:12:53.306+0700] {override.py:1858} INFO - Created Permission View: can edit on DAG:dataset_s3_bucket_consumer_with_no_taskflow
[2024-08-22T11:12:53.315+0700] {logging_mixin.py:190} INFO - [2024-08-22T11:12:53.315+0700] {override.py:1858} INFO - Created Permission View: can delete on DAG:dataset_s3_bucket_consumer_with_no_taskflow
[2024-08-22T11:12:53.335+0700] {logging_mixin.py:190} INFO - [2024-08-22T11:12:53.334+0700] {override.py:1858} INFO - Created Permission View: can read on DAG:dataset_s3_bucket_producer_with_no_taskflow
[2024-08-22T11:12:53.342+0700] {logging_mixin.py:190} INFO - [2024-08-22T11:12:53.342+0700] {override.py:1858} INFO - Created Permission View: can edit on DAG:dataset_s3_bucket_producer_with_no_taskflow
[2024-08-22T11:12:53.351+0700] {logging_mixin.py:190} INFO - [2024-08-22T11:12:53.350+0700] {override.py:1858} INFO - Created Permission View: can delete on DAG:dataset_s3_bucket_producer_with_no_taskflow
[2024-08-22T11:12:53.368+0700] {logging_mixin.py:190} INFO - [2024-08-22T11:12:53.367+0700] {override.py:1858} INFO - Created Permission View: can read on DAG:dataset_alias_example_alias_producer_with_no_taskflow
[2024-08-22T11:12:53.375+0700] {logging_mixin.py:190} INFO - [2024-08-22T11:12:53.375+0700] {override.py:1858} INFO - Created Permission View: can edit on DAG:dataset_alias_example_alias_producer_with_no_taskflow
[2024-08-22T11:12:53.383+0700] {logging_mixin.py:190} INFO - [2024-08-22T11:12:53.382+0700] {override.py:1858} INFO - Created Permission View: can delete on DAG:dataset_alias_example_alias_producer_with_no_taskflow
[2024-08-22T11:12:53.401+0700] {logging_mixin.py:190} INFO - [2024-08-22T11:12:53.400+0700] {override.py:1858} INFO - Created Permission View: can read on DAG:dataset_alias_example_alias_consumer_with_no_taskflow
[2024-08-22T11:12:53.408+0700] {logging_mixin.py:190} INFO - [2024-08-22T11:12:53.407+0700] {override.py:1858} INFO - Created Permission View: can edit on DAG:dataset_alias_example_alias_consumer_with_no_taskflow
[2024-08-22T11:12:53.415+0700] {logging_mixin.py:190} INFO - [2024-08-22T11:12:53.414+0700] {override.py:1858} INFO - Created Permission View: can delete on DAG:dataset_alias_example_alias_consumer_with_no_taskflow
[2024-08-22T11:12:53.415+0700] {logging_mixin.py:190} INFO - [2024-08-22T11:12:53.415+0700] {dag.py:3211} INFO - Sync 4 DAGs
[2024-08-22T11:12:53.423+0700] {logging_mixin.py:190} INFO - [2024-08-22T11:12:53.422+0700] {dag.py:3234} INFO - Creating ORM DAG for dataset_alias_example_alias_producer_with_no_taskflow
[2024-08-22T11:12:53.423+0700] {logging_mixin.py:190} INFO - [2024-08-22T11:12:53.423+0700] {dag.py:3234} INFO - Creating ORM DAG for dataset_s3_bucket_producer_with_no_taskflow
[2024-08-22T11:12:53.424+0700] {logging_mixin.py:190} INFO - [2024-08-22T11:12:53.424+0700] {dag.py:3234} INFO - Creating ORM DAG for dataset_alias_example_alias_consumer_with_no_taskflow
[2024-08-22T11:12:53.424+0700] {logging_mixin.py:190} INFO - [2024-08-22T11:12:53.424+0700] {dag.py:3234} INFO - Creating ORM DAG for dataset_s3_bucket_consumer_with_no_taskflow
[2024-08-22T11:12:53.430+0700] {logging_mixin.py:190} INFO - [2024-08-22T11:12:53.430+0700] {dag.py:4138} INFO - Setting next_dagrun for dataset_alias_example_alias_consumer_with_no_taskflow to None, run_after=None
[2024-08-22T11:12:53.431+0700] {logging_mixin.py:190} INFO - [2024-08-22T11:12:53.431+0700] {dag.py:4138} INFO - Setting next_dagrun for dataset_alias_example_alias_producer_with_no_taskflow to None, run_after=None
[2024-08-22T11:12:53.431+0700] {logging_mixin.py:190} INFO - [2024-08-22T11:12:53.431+0700] {dag.py:4138} INFO - Setting next_dagrun for dataset_s3_bucket_consumer_with_no_taskflow to None, run_after=None
[2024-08-22T11:12:53.431+0700] {logging_mixin.py:190} INFO - [2024-08-22T11:12:53.431+0700] {dag.py:4138} INFO - Setting next_dagrun for dataset_s3_bucket_producer_with_no_taskflow to None, run_after=None
[2024-08-22T11:12:53.455+0700] {processor.py:208} INFO - Processing /home/user/.local/lib/python3.10/site-packages/airflow/example_dags/example_dataset_alias_with_no_taskflow.py took 0.268 seconds
[2024-08-22T11:14:18.336+0700] {processor.py:186} INFO - Started process (PID=30789) to work on /home/user/.local/lib/python3.10/site-packages/airflow/example_dags/example_dataset_alias_with_no_taskflow.py
[2024-08-22T11:14:18.338+0700] {processor.py:914} INFO - Processing file /home/user/.local/lib/python3.10/site-packages/airflow/example_dags/example_dataset_alias_with_no_taskflow.py for tasks to queue
[2024-08-22T11:14:18.340+0700] {logging_mixin.py:190} INFO - [2024-08-22T11:14:18.340+0700] {dagbag.py:587} INFO - Filling up the DagBag from /home/user/.local/lib/python3.10/site-packages/airflow/example_dags/example_dataset_alias_with_no_taskflow.py
[2024-08-22T11:14:18.359+0700] {processor.py:925} INFO - DAG(s) 'dataset_alias_example_alias_consumer_with_no_taskflow', 'dataset_s3_bucket_consumer_with_no_taskflow', 'dataset_s3_bucket_producer_with_no_taskflow', 'dataset_alias_example_alias_producer_with_no_taskflow' retrieved from /home/user/.local/lib/python3.10/site-packages/airflow/example_dags/example_dataset_alias_with_no_taskflow.py
[2024-08-22T11:14:18.380+0700] {logging_mixin.py:190} INFO - [2024-08-22T11:14:18.380+0700] {dag.py:3211} INFO - Sync 4 DAGs
[2024-08-22T11:14:18.397+0700] {logging_mixin.py:190} INFO - [2024-08-22T11:14:18.397+0700] {dag.py:4138} INFO - Setting next_dagrun for dataset_alias_example_alias_consumer_with_no_taskflow to None, run_after=None
[2024-08-22T11:14:18.399+0700] {logging_mixin.py:190} INFO - [2024-08-22T11:14:18.399+0700] {dag.py:4138} INFO - Setting next_dagrun for dataset_alias_example_alias_producer_with_no_taskflow to None, run_after=None
[2024-08-22T11:14:18.400+0700] {logging_mixin.py:190} INFO - [2024-08-22T11:14:18.400+0700] {dag.py:4138} INFO - Setting next_dagrun for dataset_s3_bucket_consumer_with_no_taskflow to None, run_after=None
[2024-08-22T11:14:18.400+0700] {logging_mixin.py:190} INFO - [2024-08-22T11:14:18.400+0700] {dag.py:4138} INFO - Setting next_dagrun for dataset_s3_bucket_producer_with_no_taskflow to None, run_after=None
[2024-08-22T11:14:18.421+0700] {processor.py:208} INFO - Processing /home/user/.local/lib/python3.10/site-packages/airflow/example_dags/example_dataset_alias_with_no_taskflow.py took 0.089 seconds
[2024-08-22T11:15:18.453+0700] {processor.py:186} INFO - Started process (PID=31263) to work on /home/user/.local/lib/python3.10/site-packages/airflow/example_dags/example_dataset_alias_with_no_taskflow.py
[2024-08-22T11:15:18.455+0700] {processor.py:914} INFO - Processing file /home/user/.local/lib/python3.10/site-packages/airflow/example_dags/example_dataset_alias_with_no_taskflow.py for tasks to queue
[2024-08-22T11:15:18.456+0700] {logging_mixin.py:190} INFO - [2024-08-22T11:15:18.456+0700] {dagbag.py:587} INFO - Filling up the DagBag from /home/user/.local/lib/python3.10/site-packages/airflow/example_dags/example_dataset_alias_with_no_taskflow.py
[2024-08-22T11:15:18.479+0700] {processor.py:925} INFO - DAG(s) 'dataset_alias_example_alias_producer_with_no_taskflow', 'dataset_s3_bucket_consumer_with_no_taskflow', 'dataset_alias_example_alias_consumer_with_no_taskflow', 'dataset_s3_bucket_producer_with_no_taskflow' retrieved from /home/user/.local/lib/python3.10/site-packages/airflow/example_dags/example_dataset_alias_with_no_taskflow.py
[2024-08-22T11:15:18.500+0700] {logging_mixin.py:190} INFO - [2024-08-22T11:15:18.500+0700] {dag.py:3211} INFO - Sync 4 DAGs
[2024-08-22T11:15:18.517+0700] {logging_mixin.py:190} INFO - [2024-08-22T11:15:18.517+0700] {dag.py:4138} INFO - Setting next_dagrun for dataset_alias_example_alias_consumer_with_no_taskflow to None, run_after=None
[2024-08-22T11:15:18.520+0700] {logging_mixin.py:190} INFO - [2024-08-22T11:15:18.520+0700] {dag.py:4138} INFO - Setting next_dagrun for dataset_alias_example_alias_producer_with_no_taskflow to None, run_after=None
[2024-08-22T11:15:18.521+0700] {logging_mixin.py:190} INFO - [2024-08-22T11:15:18.521+0700] {dag.py:4138} INFO - Setting next_dagrun for dataset_s3_bucket_consumer_with_no_taskflow to None, run_after=None
[2024-08-22T11:15:18.521+0700] {logging_mixin.py:190} INFO - [2024-08-22T11:15:18.521+0700] {dag.py:4138} INFO - Setting next_dagrun for dataset_s3_bucket_producer_with_no_taskflow to None, run_after=None
[2024-08-22T11:15:18.544+0700] {processor.py:208} INFO - Processing /home/user/.local/lib/python3.10/site-packages/airflow/example_dags/example_dataset_alias_with_no_taskflow.py took 0.097 seconds
[2024-08-22T11:16:15.008+0700] {processor.py:186} INFO - Started process (PID=31745) to work on /home/user/.local/lib/python3.10/site-packages/airflow/example_dags/example_dataset_alias_with_no_taskflow.py
[2024-08-22T11:16:15.009+0700] {processor.py:914} INFO - Processing file /home/user/.local/lib/python3.10/site-packages/airflow/example_dags/example_dataset_alias_with_no_taskflow.py for tasks to queue
[2024-08-22T11:16:15.012+0700] {logging_mixin.py:190} INFO - [2024-08-22T11:16:15.011+0700] {dagbag.py:587} INFO - Filling up the DagBag from /home/user/.local/lib/python3.10/site-packages/airflow/example_dags/example_dataset_alias_with_no_taskflow.py
[2024-08-22T11:16:15.039+0700] {processor.py:925} INFO - DAG(s) 'dataset_alias_example_alias_consumer_with_no_taskflow', 'dataset_s3_bucket_producer_with_no_taskflow', 'dataset_s3_bucket_consumer_with_no_taskflow', 'dataset_alias_example_alias_producer_with_no_taskflow' retrieved from /home/user/.local/lib/python3.10/site-packages/airflow/example_dags/example_dataset_alias_with_no_taskflow.py
[2024-08-22T11:16:15.061+0700] {logging_mixin.py:190} INFO - [2024-08-22T11:16:15.060+0700] {dag.py:3211} INFO - Sync 4 DAGs
[2024-08-22T11:16:15.081+0700] {logging_mixin.py:190} INFO - [2024-08-22T11:16:15.080+0700] {dag.py:4138} INFO - Setting next_dagrun for dataset_alias_example_alias_consumer_with_no_taskflow to None, run_after=None
[2024-08-22T11:16:15.086+0700] {logging_mixin.py:190} INFO - [2024-08-22T11:16:15.086+0700] {dag.py:4138} INFO - Setting next_dagrun for dataset_alias_example_alias_producer_with_no_taskflow to None, run_after=None
[2024-08-22T11:16:15.089+0700] {logging_mixin.py:190} INFO - [2024-08-22T11:16:15.088+0700] {dag.py:4138} INFO - Setting next_dagrun for dataset_s3_bucket_consumer_with_no_taskflow to None, run_after=None
[2024-08-22T11:16:15.090+0700] {logging_mixin.py:190} INFO - [2024-08-22T11:16:15.090+0700] {dag.py:4138} INFO - Setting next_dagrun for dataset_s3_bucket_producer_with_no_taskflow to None, run_after=None
[2024-08-22T11:16:15.116+0700] {processor.py:208} INFO - Processing /home/user/.local/lib/python3.10/site-packages/airflow/example_dags/example_dataset_alias_with_no_taskflow.py took 0.115 seconds
[2024-08-22T11:17:48.644+0700] {processor.py:186} INFO - Started process (PID=32478) to work on /home/user/.local/lib/python3.10/site-packages/airflow/example_dags/example_dataset_alias_with_no_taskflow.py
[2024-08-22T11:17:48.646+0700] {processor.py:914} INFO - Processing file /home/user/.local/lib/python3.10/site-packages/airflow/example_dags/example_dataset_alias_with_no_taskflow.py for tasks to queue
[2024-08-22T11:17:48.648+0700] {logging_mixin.py:190} INFO - [2024-08-22T11:17:48.647+0700] {dagbag.py:587} INFO - Filling up the DagBag from /home/user/.local/lib/python3.10/site-packages/airflow/example_dags/example_dataset_alias_with_no_taskflow.py
[2024-08-22T11:17:48.666+0700] {processor.py:925} INFO - DAG(s) 'dataset_s3_bucket_producer_with_no_taskflow', 'dataset_alias_example_alias_producer_with_no_taskflow', 'dataset_alias_example_alias_consumer_with_no_taskflow', 'dataset_s3_bucket_consumer_with_no_taskflow' retrieved from /home/user/.local/lib/python3.10/site-packages/airflow/example_dags/example_dataset_alias_with_no_taskflow.py
[2024-08-22T11:17:48.685+0700] {logging_mixin.py:190} INFO - [2024-08-22T11:17:48.685+0700] {dag.py:3211} INFO - Sync 4 DAGs
[2024-08-22T11:17:48.699+0700] {logging_mixin.py:190} INFO - [2024-08-22T11:17:48.699+0700] {dag.py:4138} INFO - Setting next_dagrun for dataset_alias_example_alias_consumer_with_no_taskflow to None, run_after=None
[2024-08-22T11:17:48.700+0700] {logging_mixin.py:190} INFO - [2024-08-22T11:17:48.700+0700] {dag.py:4138} INFO - Setting next_dagrun for dataset_alias_example_alias_producer_with_no_taskflow to None, run_after=None
[2024-08-22T11:17:48.701+0700] {logging_mixin.py:190} INFO - [2024-08-22T11:17:48.701+0700] {dag.py:4138} INFO - Setting next_dagrun for dataset_s3_bucket_consumer_with_no_taskflow to None, run_after=None
[2024-08-22T11:17:48.701+0700] {logging_mixin.py:190} INFO - [2024-08-22T11:17:48.701+0700] {dag.py:4138} INFO - Setting next_dagrun for dataset_s3_bucket_producer_with_no_taskflow to None, run_after=None
[2024-08-22T11:17:48.721+0700] {processor.py:208} INFO - Processing /home/user/.local/lib/python3.10/site-packages/airflow/example_dags/example_dataset_alias_with_no_taskflow.py took 0.082 seconds
[2024-08-22T11:18:44.220+0700] {processor.py:186} INFO - Started process (PID=32915) to work on /home/user/.local/lib/python3.10/site-packages/airflow/example_dags/example_dataset_alias_with_no_taskflow.py
[2024-08-22T11:18:44.223+0700] {processor.py:914} INFO - Processing file /home/user/.local/lib/python3.10/site-packages/airflow/example_dags/example_dataset_alias_with_no_taskflow.py for tasks to queue
[2024-08-22T11:18:44.225+0700] {logging_mixin.py:190} INFO - [2024-08-22T11:18:44.225+0700] {dagbag.py:587} INFO - Filling up the DagBag from /home/user/.local/lib/python3.10/site-packages/airflow/example_dags/example_dataset_alias_with_no_taskflow.py
[2024-08-22T11:18:44.248+0700] {processor.py:925} INFO - DAG(s) 'dataset_alias_example_alias_consumer_with_no_taskflow', 'dataset_s3_bucket_consumer_with_no_taskflow', 'dataset_alias_example_alias_producer_with_no_taskflow', 'dataset_s3_bucket_producer_with_no_taskflow' retrieved from /home/user/.local/lib/python3.10/site-packages/airflow/example_dags/example_dataset_alias_with_no_taskflow.py
[2024-08-22T11:18:44.270+0700] {logging_mixin.py:190} INFO - [2024-08-22T11:18:44.270+0700] {dag.py:3211} INFO - Sync 4 DAGs
[2024-08-22T11:18:44.285+0700] {logging_mixin.py:190} INFO - [2024-08-22T11:18:44.285+0700] {dag.py:4138} INFO - Setting next_dagrun for dataset_alias_example_alias_consumer_with_no_taskflow to None, run_after=None
[2024-08-22T11:18:44.288+0700] {logging_mixin.py:190} INFO - [2024-08-22T11:18:44.288+0700] {dag.py:4138} INFO - Setting next_dagrun for dataset_alias_example_alias_producer_with_no_taskflow to None, run_after=None
[2024-08-22T11:18:44.290+0700] {logging_mixin.py:190} INFO - [2024-08-22T11:18:44.290+0700] {dag.py:4138} INFO - Setting next_dagrun for dataset_s3_bucket_consumer_with_no_taskflow to None, run_after=None
[2024-08-22T11:18:44.291+0700] {logging_mixin.py:190} INFO - [2024-08-22T11:18:44.291+0700] {dag.py:4138} INFO - Setting next_dagrun for dataset_s3_bucket_producer_with_no_taskflow to None, run_after=None
[2024-08-22T11:18:44.315+0700] {processor.py:208} INFO - Processing /home/user/.local/lib/python3.10/site-packages/airflow/example_dags/example_dataset_alias_with_no_taskflow.py took 0.101 seconds
[2024-08-22T11:19:48.688+0700] {processor.py:186} INFO - Started process (PID=33422) to work on /home/user/.local/lib/python3.10/site-packages/airflow/example_dags/example_dataset_alias_with_no_taskflow.py
[2024-08-22T11:19:48.690+0700] {processor.py:914} INFO - Processing file /home/user/.local/lib/python3.10/site-packages/airflow/example_dags/example_dataset_alias_with_no_taskflow.py for tasks to queue
[2024-08-22T11:19:48.691+0700] {logging_mixin.py:190} INFO - [2024-08-22T11:19:48.691+0700] {dagbag.py:587} INFO - Filling up the DagBag from /home/user/.local/lib/python3.10/site-packages/airflow/example_dags/example_dataset_alias_with_no_taskflow.py
[2024-08-22T11:19:48.712+0700] {processor.py:925} INFO - DAG(s) 'dataset_s3_bucket_producer_with_no_taskflow', 'dataset_alias_example_alias_producer_with_no_taskflow', 'dataset_alias_example_alias_consumer_with_no_taskflow', 'dataset_s3_bucket_consumer_with_no_taskflow' retrieved from /home/user/.local/lib/python3.10/site-packages/airflow/example_dags/example_dataset_alias_with_no_taskflow.py
[2024-08-22T11:19:48.728+0700] {logging_mixin.py:190} INFO - [2024-08-22T11:19:48.728+0700] {dag.py:3211} INFO - Sync 4 DAGs
[2024-08-22T11:19:48.741+0700] {logging_mixin.py:190} INFO - [2024-08-22T11:19:48.741+0700] {dag.py:4138} INFO - Setting next_dagrun for dataset_alias_example_alias_consumer_with_no_taskflow to None, run_after=None
[2024-08-22T11:19:48.743+0700] {logging_mixin.py:190} INFO - [2024-08-22T11:19:48.743+0700] {dag.py:4138} INFO - Setting next_dagrun for dataset_alias_example_alias_producer_with_no_taskflow to None, run_after=None
[2024-08-22T11:19:48.744+0700] {logging_mixin.py:190} INFO - [2024-08-22T11:19:48.744+0700] {dag.py:4138} INFO - Setting next_dagrun for dataset_s3_bucket_consumer_with_no_taskflow to None, run_after=None
[2024-08-22T11:19:48.744+0700] {logging_mixin.py:190} INFO - [2024-08-22T11:19:48.744+0700] {dag.py:4138} INFO - Setting next_dagrun for dataset_s3_bucket_producer_with_no_taskflow to None, run_after=None
[2024-08-22T11:19:48.763+0700] {processor.py:208} INFO - Processing /home/user/.local/lib/python3.10/site-packages/airflow/example_dags/example_dataset_alias_with_no_taskflow.py took 0.079 seconds
[2024-08-22T11:20:50.597+0700] {processor.py:186} INFO - Started process (PID=33912) to work on /home/user/.local/lib/python3.10/site-packages/airflow/example_dags/example_dataset_alias_with_no_taskflow.py
[2024-08-22T11:20:50.598+0700] {processor.py:914} INFO - Processing file /home/user/.local/lib/python3.10/site-packages/airflow/example_dags/example_dataset_alias_with_no_taskflow.py for tasks to queue
[2024-08-22T11:20:50.601+0700] {logging_mixin.py:190} INFO - [2024-08-22T11:20:50.600+0700] {dagbag.py:587} INFO - Filling up the DagBag from /home/user/.local/lib/python3.10/site-packages/airflow/example_dags/example_dataset_alias_with_no_taskflow.py
[2024-08-22T11:20:50.624+0700] {processor.py:925} INFO - DAG(s) 'dataset_alias_example_alias_producer_with_no_taskflow', 'dataset_s3_bucket_producer_with_no_taskflow', 'dataset_alias_example_alias_consumer_with_no_taskflow', 'dataset_s3_bucket_consumer_with_no_taskflow' retrieved from /home/user/.local/lib/python3.10/site-packages/airflow/example_dags/example_dataset_alias_with_no_taskflow.py
[2024-08-22T11:20:50.642+0700] {logging_mixin.py:190} INFO - [2024-08-22T11:20:50.641+0700] {dag.py:3211} INFO - Sync 4 DAGs
[2024-08-22T11:20:50.656+0700] {logging_mixin.py:190} INFO - [2024-08-22T11:20:50.656+0700] {dag.py:4138} INFO - Setting next_dagrun for dataset_alias_example_alias_consumer_with_no_taskflow to None, run_after=None
[2024-08-22T11:20:50.658+0700] {logging_mixin.py:190} INFO - [2024-08-22T11:20:50.658+0700] {dag.py:4138} INFO - Setting next_dagrun for dataset_alias_example_alias_producer_with_no_taskflow to None, run_after=None
[2024-08-22T11:20:50.659+0700] {logging_mixin.py:190} INFO - [2024-08-22T11:20:50.659+0700] {dag.py:4138} INFO - Setting next_dagrun for dataset_s3_bucket_consumer_with_no_taskflow to None, run_after=None
[2024-08-22T11:20:50.659+0700] {logging_mixin.py:190} INFO - [2024-08-22T11:20:50.659+0700] {dag.py:4138} INFO - Setting next_dagrun for dataset_s3_bucket_producer_with_no_taskflow to None, run_after=None
[2024-08-22T11:20:50.681+0700] {processor.py:208} INFO - Processing /home/user/.local/lib/python3.10/site-packages/airflow/example_dags/example_dataset_alias_with_no_taskflow.py took 0.090 seconds
[2024-08-22T11:21:50.269+0700] {processor.py:186} INFO - Started process (PID=34373) to work on /home/user/.local/lib/python3.10/site-packages/airflow/example_dags/example_dataset_alias_with_no_taskflow.py
[2024-08-22T11:21:50.271+0700] {processor.py:914} INFO - Processing file /home/user/.local/lib/python3.10/site-packages/airflow/example_dags/example_dataset_alias_with_no_taskflow.py for tasks to queue
[2024-08-22T11:21:50.274+0700] {logging_mixin.py:190} INFO - [2024-08-22T11:21:50.274+0700] {dagbag.py:587} INFO - Filling up the DagBag from /home/user/.local/lib/python3.10/site-packages/airflow/example_dags/example_dataset_alias_with_no_taskflow.py
[2024-08-22T11:21:50.300+0700] {processor.py:925} INFO - DAG(s) 'dataset_s3_bucket_producer_with_no_taskflow', 'dataset_alias_example_alias_producer_with_no_taskflow', 'dataset_s3_bucket_consumer_with_no_taskflow', 'dataset_alias_example_alias_consumer_with_no_taskflow' retrieved from /home/user/.local/lib/python3.10/site-packages/airflow/example_dags/example_dataset_alias_with_no_taskflow.py
[2024-08-22T11:21:50.326+0700] {logging_mixin.py:190} INFO - [2024-08-22T11:21:50.325+0700] {dag.py:3211} INFO - Sync 4 DAGs
[2024-08-22T11:21:50.345+0700] {logging_mixin.py:190} INFO - [2024-08-22T11:21:50.345+0700] {dag.py:4138} INFO - Setting next_dagrun for dataset_alias_example_alias_consumer_with_no_taskflow to None, run_after=None
[2024-08-22T11:21:50.347+0700] {logging_mixin.py:190} INFO - [2024-08-22T11:21:50.347+0700] {dag.py:4138} INFO - Setting next_dagrun for dataset_alias_example_alias_producer_with_no_taskflow to None, run_after=None
[2024-08-22T11:21:50.348+0700] {logging_mixin.py:190} INFO - [2024-08-22T11:21:50.348+0700] {dag.py:4138} INFO - Setting next_dagrun for dataset_s3_bucket_consumer_with_no_taskflow to None, run_after=None
[2024-08-22T11:21:50.349+0700] {logging_mixin.py:190} INFO - [2024-08-22T11:21:50.349+0700] {dag.py:4138} INFO - Setting next_dagrun for dataset_s3_bucket_producer_with_no_taskflow to None, run_after=None
[2024-08-22T11:21:50.376+0700] {processor.py:208} INFO - Processing /home/user/.local/lib/python3.10/site-packages/airflow/example_dags/example_dataset_alias_with_no_taskflow.py took 0.114 seconds
[2024-08-22T11:23:06.657+0700] {processor.py:186} INFO - Started process (PID=35007) to work on /home/user/.local/lib/python3.10/site-packages/airflow/example_dags/example_dataset_alias_with_no_taskflow.py
[2024-08-22T11:23:06.660+0700] {processor.py:914} INFO - Processing file /home/user/.local/lib/python3.10/site-packages/airflow/example_dags/example_dataset_alias_with_no_taskflow.py for tasks to queue
[2024-08-22T11:23:06.662+0700] {logging_mixin.py:190} INFO - [2024-08-22T11:23:06.662+0700] {dagbag.py:587} INFO - Filling up the DagBag from /home/user/.local/lib/python3.10/site-packages/airflow/example_dags/example_dataset_alias_with_no_taskflow.py
[2024-08-22T11:23:06.684+0700] {processor.py:925} INFO - DAG(s) 'dataset_s3_bucket_producer_with_no_taskflow', 'dataset_alias_example_alias_consumer_with_no_taskflow', 'dataset_s3_bucket_consumer_with_no_taskflow', 'dataset_alias_example_alias_producer_with_no_taskflow' retrieved from /home/user/.local/lib/python3.10/site-packages/airflow/example_dags/example_dataset_alias_with_no_taskflow.py
[2024-08-22T11:23:06.701+0700] {logging_mixin.py:190} INFO - [2024-08-22T11:23:06.701+0700] {dag.py:3211} INFO - Sync 4 DAGs
[2024-08-22T11:23:06.716+0700] {logging_mixin.py:190} INFO - [2024-08-22T11:23:06.716+0700] {dag.py:4138} INFO - Setting next_dagrun for dataset_alias_example_alias_consumer_with_no_taskflow to None, run_after=None
[2024-08-22T11:23:06.718+0700] {logging_mixin.py:190} INFO - [2024-08-22T11:23:06.717+0700] {dag.py:4138} INFO - Setting next_dagrun for dataset_alias_example_alias_producer_with_no_taskflow to None, run_after=None
[2024-08-22T11:23:06.718+0700] {logging_mixin.py:190} INFO - [2024-08-22T11:23:06.718+0700] {dag.py:4138} INFO - Setting next_dagrun for dataset_s3_bucket_consumer_with_no_taskflow to None, run_after=None
[2024-08-22T11:23:06.719+0700] {logging_mixin.py:190} INFO - [2024-08-22T11:23:06.719+0700] {dag.py:4138} INFO - Setting next_dagrun for dataset_s3_bucket_producer_with_no_taskflow to None, run_after=None
[2024-08-22T11:23:06.739+0700] {processor.py:208} INFO - Processing /home/user/.local/lib/python3.10/site-packages/airflow/example_dags/example_dataset_alias_with_no_taskflow.py took 0.087 seconds
[2024-08-22T11:24:03.489+0700] {processor.py:186} INFO - Started process (PID=35538) to work on /home/user/.local/lib/python3.10/site-packages/airflow/example_dags/example_dataset_alias_with_no_taskflow.py
[2024-08-22T11:24:03.491+0700] {processor.py:914} INFO - Processing file /home/user/.local/lib/python3.10/site-packages/airflow/example_dags/example_dataset_alias_with_no_taskflow.py for tasks to queue
[2024-08-22T11:24:03.493+0700] {logging_mixin.py:190} INFO - [2024-08-22T11:24:03.493+0700] {dagbag.py:587} INFO - Filling up the DagBag from /home/user/.local/lib/python3.10/site-packages/airflow/example_dags/example_dataset_alias_with_no_taskflow.py
[2024-08-22T11:24:03.518+0700] {processor.py:925} INFO - DAG(s) 'dataset_alias_example_alias_consumer_with_no_taskflow', 'dataset_s3_bucket_consumer_with_no_taskflow', 'dataset_s3_bucket_producer_with_no_taskflow', 'dataset_alias_example_alias_producer_with_no_taskflow' retrieved from /home/user/.local/lib/python3.10/site-packages/airflow/example_dags/example_dataset_alias_with_no_taskflow.py
[2024-08-22T11:24:03.537+0700] {logging_mixin.py:190} INFO - [2024-08-22T11:24:03.537+0700] {dag.py:3211} INFO - Sync 4 DAGs
[2024-08-22T11:24:03.556+0700] {logging_mixin.py:190} INFO - [2024-08-22T11:24:03.556+0700] {dag.py:4138} INFO - Setting next_dagrun for dataset_alias_example_alias_consumer_with_no_taskflow to None, run_after=None
[2024-08-22T11:24:03.558+0700] {logging_mixin.py:190} INFO - [2024-08-22T11:24:03.558+0700] {dag.py:4138} INFO - Setting next_dagrun for dataset_alias_example_alias_producer_with_no_taskflow to None, run_after=None
[2024-08-22T11:24:03.558+0700] {logging_mixin.py:190} INFO - [2024-08-22T11:24:03.558+0700] {dag.py:4138} INFO - Setting next_dagrun for dataset_s3_bucket_consumer_with_no_taskflow to None, run_after=None
[2024-08-22T11:24:03.559+0700] {logging_mixin.py:190} INFO - [2024-08-22T11:24:03.559+0700] {dag.py:4138} INFO - Setting next_dagrun for dataset_s3_bucket_producer_with_no_taskflow to None, run_after=None
[2024-08-22T11:24:03.583+0700] {processor.py:208} INFO - Processing /home/user/.local/lib/python3.10/site-packages/airflow/example_dags/example_dataset_alias_with_no_taskflow.py took 0.100 seconds
[2024-08-22T11:25:05.840+0700] {processor.py:186} INFO - Started process (PID=36073) to work on /home/user/.local/lib/python3.10/site-packages/airflow/example_dags/example_dataset_alias_with_no_taskflow.py
[2024-08-22T11:25:05.842+0700] {processor.py:914} INFO - Processing file /home/user/.local/lib/python3.10/site-packages/airflow/example_dags/example_dataset_alias_with_no_taskflow.py for tasks to queue
[2024-08-22T11:25:05.843+0700] {logging_mixin.py:190} INFO - [2024-08-22T11:25:05.843+0700] {dagbag.py:587} INFO - Filling up the DagBag from /home/user/.local/lib/python3.10/site-packages/airflow/example_dags/example_dataset_alias_with_no_taskflow.py
[2024-08-22T11:25:05.868+0700] {processor.py:925} INFO - DAG(s) 'dataset_s3_bucket_consumer_with_no_taskflow', 'dataset_alias_example_alias_consumer_with_no_taskflow', 'dataset_alias_example_alias_producer_with_no_taskflow', 'dataset_s3_bucket_producer_with_no_taskflow' retrieved from /home/user/.local/lib/python3.10/site-packages/airflow/example_dags/example_dataset_alias_with_no_taskflow.py
[2024-08-22T11:25:05.885+0700] {logging_mixin.py:190} INFO - [2024-08-22T11:25:05.884+0700] {dag.py:3211} INFO - Sync 4 DAGs
[2024-08-22T11:25:05.909+0700] {logging_mixin.py:190} INFO - [2024-08-22T11:25:05.909+0700] {dag.py:4138} INFO - Setting next_dagrun for dataset_alias_example_alias_consumer_with_no_taskflow to None, run_after=None
[2024-08-22T11:25:05.912+0700] {logging_mixin.py:190} INFO - [2024-08-22T11:25:05.912+0700] {dag.py:4138} INFO - Setting next_dagrun for dataset_alias_example_alias_producer_with_no_taskflow to None, run_after=None
[2024-08-22T11:25:05.913+0700] {logging_mixin.py:190} INFO - [2024-08-22T11:25:05.913+0700] {dag.py:4138} INFO - Setting next_dagrun for dataset_s3_bucket_consumer_with_no_taskflow to None, run_after=None
[2024-08-22T11:25:05.914+0700] {logging_mixin.py:190} INFO - [2024-08-22T11:25:05.914+0700] {dag.py:4138} INFO - Setting next_dagrun for dataset_s3_bucket_producer_with_no_taskflow to None, run_after=None
[2024-08-22T11:25:05.945+0700] {processor.py:208} INFO - Processing /home/user/.local/lib/python3.10/site-packages/airflow/example_dags/example_dataset_alias_with_no_taskflow.py took 0.109 seconds
[2024-08-22T11:26:29.692+0700] {processor.py:186} INFO - Started process (PID=36883) to work on /home/user/.local/lib/python3.10/site-packages/airflow/example_dags/example_dataset_alias_with_no_taskflow.py
[2024-08-22T11:26:29.698+0700] {processor.py:914} INFO - Processing file /home/user/.local/lib/python3.10/site-packages/airflow/example_dags/example_dataset_alias_with_no_taskflow.py for tasks to queue
[2024-08-22T11:26:29.701+0700] {logging_mixin.py:190} INFO - [2024-08-22T11:26:29.700+0700] {dagbag.py:587} INFO - Filling up the DagBag from /home/user/.local/lib/python3.10/site-packages/airflow/example_dags/example_dataset_alias_with_no_taskflow.py
[2024-08-22T11:26:29.783+0700] {processor.py:925} INFO - DAG(s) 'dataset_s3_bucket_consumer_with_no_taskflow', 'dataset_alias_example_alias_producer_with_no_taskflow', 'dataset_alias_example_alias_consumer_with_no_taskflow', 'dataset_s3_bucket_producer_with_no_taskflow' retrieved from /home/user/.local/lib/python3.10/site-packages/airflow/example_dags/example_dataset_alias_with_no_taskflow.py
[2024-08-22T11:26:29.846+0700] {logging_mixin.py:190} INFO - [2024-08-22T11:26:29.846+0700] {dag.py:3211} INFO - Sync 4 DAGs
[2024-08-22T11:26:29.891+0700] {logging_mixin.py:190} INFO - [2024-08-22T11:26:29.891+0700] {dag.py:4138} INFO - Setting next_dagrun for dataset_alias_example_alias_consumer_with_no_taskflow to None, run_after=None
[2024-08-22T11:26:29.895+0700] {logging_mixin.py:190} INFO - [2024-08-22T11:26:29.895+0700] {dag.py:4138} INFO - Setting next_dagrun for dataset_alias_example_alias_producer_with_no_taskflow to None, run_after=None
[2024-08-22T11:26:29.896+0700] {logging_mixin.py:190} INFO - [2024-08-22T11:26:29.896+0700] {dag.py:4138} INFO - Setting next_dagrun for dataset_s3_bucket_consumer_with_no_taskflow to None, run_after=None
[2024-08-22T11:26:29.898+0700] {logging_mixin.py:190} INFO - [2024-08-22T11:26:29.898+0700] {dag.py:4138} INFO - Setting next_dagrun for dataset_s3_bucket_producer_with_no_taskflow to None, run_after=None
[2024-08-22T11:26:29.947+0700] {processor.py:208} INFO - Processing /home/user/.local/lib/python3.10/site-packages/airflow/example_dags/example_dataset_alias_with_no_taskflow.py took 0.270 seconds
[2024-08-22T11:28:17.264+0700] {processor.py:186} INFO - Started process (PID=37804) to work on /home/user/.local/lib/python3.10/site-packages/airflow/example_dags/example_dataset_alias_with_no_taskflow.py
[2024-08-22T11:28:17.265+0700] {processor.py:914} INFO - Processing file /home/user/.local/lib/python3.10/site-packages/airflow/example_dags/example_dataset_alias_with_no_taskflow.py for tasks to queue
[2024-08-22T11:28:17.266+0700] {logging_mixin.py:190} INFO - [2024-08-22T11:28:17.266+0700] {dagbag.py:587} INFO - Filling up the DagBag from /home/user/.local/lib/python3.10/site-packages/airflow/example_dags/example_dataset_alias_with_no_taskflow.py
[2024-08-22T11:28:17.294+0700] {processor.py:925} INFO - DAG(s) 'dataset_s3_bucket_producer_with_no_taskflow', 'dataset_alias_example_alias_producer_with_no_taskflow', 'dataset_alias_example_alias_consumer_with_no_taskflow', 'dataset_s3_bucket_consumer_with_no_taskflow' retrieved from /home/user/.local/lib/python3.10/site-packages/airflow/example_dags/example_dataset_alias_with_no_taskflow.py
[2024-08-22T11:28:17.316+0700] {logging_mixin.py:190} INFO - [2024-08-22T11:28:17.316+0700] {dag.py:3211} INFO - Sync 4 DAGs
[2024-08-22T11:28:17.332+0700] {logging_mixin.py:190} INFO - [2024-08-22T11:28:17.332+0700] {dag.py:4138} INFO - Setting next_dagrun for dataset_alias_example_alias_consumer_with_no_taskflow to None, run_after=None
[2024-08-22T11:28:17.334+0700] {logging_mixin.py:190} INFO - [2024-08-22T11:28:17.334+0700] {dag.py:4138} INFO - Setting next_dagrun for dataset_alias_example_alias_producer_with_no_taskflow to None, run_after=None
[2024-08-22T11:28:17.335+0700] {logging_mixin.py:190} INFO - [2024-08-22T11:28:17.335+0700] {dag.py:4138} INFO - Setting next_dagrun for dataset_s3_bucket_consumer_with_no_taskflow to None, run_after=None
[2024-08-22T11:28:17.335+0700] {logging_mixin.py:190} INFO - [2024-08-22T11:28:17.335+0700] {dag.py:4138} INFO - Setting next_dagrun for dataset_s3_bucket_producer_with_no_taskflow to None, run_after=None
[2024-08-22T11:28:17.361+0700] {processor.py:208} INFO - Processing /home/user/.local/lib/python3.10/site-packages/airflow/example_dags/example_dataset_alias_with_no_taskflow.py took 0.103 seconds
[2024-08-22T11:29:38.033+0700] {processor.py:186} INFO - Started process (PID=38486) to work on /home/user/.local/lib/python3.10/site-packages/airflow/example_dags/example_dataset_alias_with_no_taskflow.py
[2024-08-22T11:29:38.034+0700] {processor.py:914} INFO - Processing file /home/user/.local/lib/python3.10/site-packages/airflow/example_dags/example_dataset_alias_with_no_taskflow.py for tasks to queue
[2024-08-22T11:29:38.035+0700] {logging_mixin.py:190} INFO - [2024-08-22T11:29:38.034+0700] {dagbag.py:587} INFO - Filling up the DagBag from /home/user/.local/lib/python3.10/site-packages/airflow/example_dags/example_dataset_alias_with_no_taskflow.py
[2024-08-22T11:29:38.065+0700] {processor.py:925} INFO - DAG(s) 'dataset_alias_example_alias_consumer_with_no_taskflow', 'dataset_s3_bucket_consumer_with_no_taskflow', 'dataset_alias_example_alias_producer_with_no_taskflow', 'dataset_s3_bucket_producer_with_no_taskflow' retrieved from /home/user/.local/lib/python3.10/site-packages/airflow/example_dags/example_dataset_alias_with_no_taskflow.py
[2024-08-22T11:29:38.083+0700] {logging_mixin.py:190} INFO - [2024-08-22T11:29:38.082+0700] {dag.py:3211} INFO - Sync 4 DAGs
[2024-08-22T11:29:38.098+0700] {logging_mixin.py:190} INFO - [2024-08-22T11:29:38.098+0700] {dag.py:4138} INFO - Setting next_dagrun for dataset_alias_example_alias_consumer_with_no_taskflow to None, run_after=None
[2024-08-22T11:29:38.100+0700] {logging_mixin.py:190} INFO - [2024-08-22T11:29:38.100+0700] {dag.py:4138} INFO - Setting next_dagrun for dataset_alias_example_alias_producer_with_no_taskflow to None, run_after=None
[2024-08-22T11:29:38.101+0700] {logging_mixin.py:190} INFO - [2024-08-22T11:29:38.101+0700] {dag.py:4138} INFO - Setting next_dagrun for dataset_s3_bucket_consumer_with_no_taskflow to None, run_after=None
[2024-08-22T11:29:38.102+0700] {logging_mixin.py:190} INFO - [2024-08-22T11:29:38.101+0700] {dag.py:4138} INFO - Setting next_dagrun for dataset_s3_bucket_producer_with_no_taskflow to None, run_after=None
[2024-08-22T11:29:38.127+0700] {processor.py:208} INFO - Processing /home/user/.local/lib/python3.10/site-packages/airflow/example_dags/example_dataset_alias_with_no_taskflow.py took 0.099 seconds
[2024-08-22T11:31:02.801+0700] {processor.py:186} INFO - Started process (PID=39082) to work on /home/user/.local/lib/python3.10/site-packages/airflow/example_dags/example_dataset_alias_with_no_taskflow.py
[2024-08-22T11:31:02.804+0700] {processor.py:914} INFO - Processing file /home/user/.local/lib/python3.10/site-packages/airflow/example_dags/example_dataset_alias_with_no_taskflow.py for tasks to queue
[2024-08-22T11:31:02.806+0700] {logging_mixin.py:190} INFO - [2024-08-22T11:31:02.805+0700] {dagbag.py:587} INFO - Filling up the DagBag from /home/user/.local/lib/python3.10/site-packages/airflow/example_dags/example_dataset_alias_with_no_taskflow.py
[2024-08-22T11:31:02.836+0700] {processor.py:925} INFO - DAG(s) 'dataset_alias_example_alias_consumer_with_no_taskflow', 'dataset_s3_bucket_producer_with_no_taskflow', 'dataset_alias_example_alias_producer_with_no_taskflow', 'dataset_s3_bucket_consumer_with_no_taskflow' retrieved from /home/user/.local/lib/python3.10/site-packages/airflow/example_dags/example_dataset_alias_with_no_taskflow.py
[2024-08-22T11:31:02.857+0700] {logging_mixin.py:190} INFO - [2024-08-22T11:31:02.857+0700] {dag.py:3211} INFO - Sync 4 DAGs
[2024-08-22T11:31:02.875+0700] {logging_mixin.py:190} INFO - [2024-08-22T11:31:02.875+0700] {dag.py:4138} INFO - Setting next_dagrun for dataset_alias_example_alias_consumer_with_no_taskflow to None, run_after=None
[2024-08-22T11:31:02.877+0700] {logging_mixin.py:190} INFO - [2024-08-22T11:31:02.877+0700] {dag.py:4138} INFO - Setting next_dagrun for dataset_alias_example_alias_producer_with_no_taskflow to None, run_after=None
[2024-08-22T11:31:02.878+0700] {logging_mixin.py:190} INFO - [2024-08-22T11:31:02.878+0700] {dag.py:4138} INFO - Setting next_dagrun for dataset_s3_bucket_consumer_with_no_taskflow to None, run_after=None
[2024-08-22T11:31:02.878+0700] {logging_mixin.py:190} INFO - [2024-08-22T11:31:02.878+0700] {dag.py:4138} INFO - Setting next_dagrun for dataset_s3_bucket_producer_with_no_taskflow to None, run_after=None
[2024-08-22T11:31:02.967+0700] {processor.py:208} INFO - Processing /home/user/.local/lib/python3.10/site-packages/airflow/example_dags/example_dataset_alias_with_no_taskflow.py took 0.173 seconds
