[2024-08-22T10:43:30.629+0700] {processor.py:186} INFO - Started process (PID=15456) to work on /home/user/.local/lib/python3.10/site-packages/airflow/example_dags/example_python_operator.py
[2024-08-22T10:43:30.629+0700] {processor.py:914} INFO - Processing file /home/user/.local/lib/python3.10/site-packages/airflow/example_dags/example_python_operator.py for tasks to queue
[2024-08-22T10:43:30.631+0700] {logging_mixin.py:190} INFO - [2024-08-22T10:43:30.630+0700] {dagbag.py:587} INFO - Filling up the DagBag from /home/user/.local/lib/python3.10/site-packages/airflow/example_dags/example_python_operator.py
[2024-08-22T10:43:30.672+0700] {logging_mixin.py:190} INFO - [2024-08-22T10:43:30.672+0700] {example_python_operator.py:93} WARNING - The virtalenv_python example task requires virtualenv, please install it.
[2024-08-22T10:43:30.675+0700] {processor.py:925} INFO - DAG(s) 'example_python_operator' retrieved from /home/user/.local/lib/python3.10/site-packages/airflow/example_dags/example_python_operator.py
[2024-08-22T10:43:30.744+0700] {logging_mixin.py:190} INFO - [2024-08-22T10:43:30.744+0700] {dag.py:3211} INFO - Sync 1 DAGs
[2024-08-22T10:43:30.759+0700] {logging_mixin.py:190} INFO - [2024-08-22T10:43:30.758+0700] {dag.py:4138} INFO - Setting next_dagrun for example_python_operator to None, run_after=None
[2024-08-22T10:43:30.784+0700] {processor.py:208} INFO - Processing /home/user/.local/lib/python3.10/site-packages/airflow/example_dags/example_python_operator.py took 0.161 seconds
[2024-08-22T10:51:16.031+0700] {processor.py:186} INFO - Started process (PID=19132) to work on /home/user/.local/lib/python3.10/site-packages/airflow/example_dags/example_python_operator.py
[2024-08-22T10:51:16.036+0700] {processor.py:914} INFO - Processing file /home/user/.local/lib/python3.10/site-packages/airflow/example_dags/example_python_operator.py for tasks to queue
[2024-08-22T10:51:16.046+0700] {logging_mixin.py:190} INFO - [2024-08-22T10:51:16.045+0700] {dagbag.py:587} INFO - Filling up the DagBag from /home/user/.local/lib/python3.10/site-packages/airflow/example_dags/example_python_operator.py
[2024-08-22T10:51:16.105+0700] {logging_mixin.py:190} INFO - [2024-08-22T10:51:16.104+0700] {example_python_operator.py:93} WARNING - The virtalenv_python example task requires virtualenv, please install it.
[2024-08-22T10:51:16.129+0700] {processor.py:925} INFO - DAG(s) 'example_python_operator' retrieved from /home/user/.local/lib/python3.10/site-packages/airflow/example_dags/example_python_operator.py
[2024-08-22T10:51:16.184+0700] {logging_mixin.py:190} INFO - [2024-08-22T10:51:16.183+0700] {dag.py:3211} INFO - Sync 1 DAGs
[2024-08-22T10:51:16.220+0700] {logging_mixin.py:190} INFO - [2024-08-22T10:51:16.219+0700] {dag.py:4138} INFO - Setting next_dagrun for example_python_operator to None, run_after=None
[2024-08-22T10:51:16.273+0700] {processor.py:208} INFO - Processing /home/user/.local/lib/python3.10/site-packages/airflow/example_dags/example_python_operator.py took 0.267 seconds
[2024-08-22T10:57:00.053+0700] {processor.py:186} INFO - Started process (PID=22089) to work on /home/user/.local/lib/python3.10/site-packages/airflow/example_dags/example_python_operator.py
[2024-08-22T10:57:00.055+0700] {processor.py:914} INFO - Processing file /home/user/.local/lib/python3.10/site-packages/airflow/example_dags/example_python_operator.py for tasks to queue
[2024-08-22T10:57:00.057+0700] {logging_mixin.py:190} INFO - [2024-08-22T10:57:00.057+0700] {dagbag.py:587} INFO - Filling up the DagBag from /home/user/.local/lib/python3.10/site-packages/airflow/example_dags/example_python_operator.py
[2024-08-22T10:57:00.092+0700] {logging_mixin.py:190} INFO - [2024-08-22T10:57:00.092+0700] {example_python_operator.py:93} WARNING - The virtalenv_python example task requires virtualenv, please install it.
[2024-08-22T10:57:00.094+0700] {processor.py:925} INFO - DAG(s) 'example_python_operator' retrieved from /home/user/.local/lib/python3.10/site-packages/airflow/example_dags/example_python_operator.py
[2024-08-22T10:57:00.111+0700] {logging_mixin.py:190} INFO - [2024-08-22T10:57:00.111+0700] {dag.py:3211} INFO - Sync 1 DAGs
[2024-08-22T10:57:00.122+0700] {logging_mixin.py:190} INFO - [2024-08-22T10:57:00.122+0700] {dag.py:4138} INFO - Setting next_dagrun for example_python_operator to None, run_after=None
[2024-08-22T10:57:00.145+0700] {processor.py:208} INFO - Processing /home/user/.local/lib/python3.10/site-packages/airflow/example_dags/example_python_operator.py took 0.100 seconds
[2024-08-22T10:58:02.635+0700] {processor.py:186} INFO - Started process (PID=22687) to work on /home/user/.local/lib/python3.10/site-packages/airflow/example_dags/example_python_operator.py
[2024-08-22T10:58:02.637+0700] {processor.py:914} INFO - Processing file /home/user/.local/lib/python3.10/site-packages/airflow/example_dags/example_python_operator.py for tasks to queue
[2024-08-22T10:58:02.640+0700] {logging_mixin.py:190} INFO - [2024-08-22T10:58:02.639+0700] {dagbag.py:587} INFO - Filling up the DagBag from /home/user/.local/lib/python3.10/site-packages/airflow/example_dags/example_python_operator.py
[2024-08-22T10:58:02.676+0700] {logging_mixin.py:190} INFO - [2024-08-22T10:58:02.675+0700] {example_python_operator.py:93} WARNING - The virtalenv_python example task requires virtualenv, please install it.
[2024-08-22T10:58:02.678+0700] {processor.py:925} INFO - DAG(s) 'example_python_operator' retrieved from /home/user/.local/lib/python3.10/site-packages/airflow/example_dags/example_python_operator.py
[2024-08-22T10:58:02.696+0700] {logging_mixin.py:190} INFO - [2024-08-22T10:58:02.695+0700] {dag.py:3211} INFO - Sync 1 DAGs
[2024-08-22T10:58:02.708+0700] {logging_mixin.py:190} INFO - [2024-08-22T10:58:02.708+0700] {dag.py:4138} INFO - Setting next_dagrun for example_python_operator to None, run_after=None
[2024-08-22T10:58:02.736+0700] {processor.py:208} INFO - Processing /home/user/.local/lib/python3.10/site-packages/airflow/example_dags/example_python_operator.py took 0.108 seconds
[2024-08-22T10:59:14.002+0700] {processor.py:186} INFO - Started process (PID=23454) to work on /home/user/.local/lib/python3.10/site-packages/airflow/example_dags/example_python_operator.py
[2024-08-22T10:59:14.003+0700] {processor.py:914} INFO - Processing file /home/user/.local/lib/python3.10/site-packages/airflow/example_dags/example_python_operator.py for tasks to queue
[2024-08-22T10:59:14.006+0700] {logging_mixin.py:190} INFO - [2024-08-22T10:59:14.005+0700] {dagbag.py:587} INFO - Filling up the DagBag from /home/user/.local/lib/python3.10/site-packages/airflow/example_dags/example_python_operator.py
[2024-08-22T10:59:14.042+0700] {logging_mixin.py:190} INFO - [2024-08-22T10:59:14.042+0700] {example_python_operator.py:93} WARNING - The virtalenv_python example task requires virtualenv, please install it.
[2024-08-22T10:59:14.045+0700] {processor.py:925} INFO - DAG(s) 'example_python_operator' retrieved from /home/user/.local/lib/python3.10/site-packages/airflow/example_dags/example_python_operator.py
[2024-08-22T10:59:14.062+0700] {logging_mixin.py:190} INFO - [2024-08-22T10:59:14.061+0700] {dag.py:3211} INFO - Sync 1 DAGs
[2024-08-22T10:59:14.073+0700] {logging_mixin.py:190} INFO - [2024-08-22T10:59:14.072+0700] {dag.py:4138} INFO - Setting next_dagrun for example_python_operator to None, run_after=None
[2024-08-22T10:59:14.096+0700] {processor.py:208} INFO - Processing /home/user/.local/lib/python3.10/site-packages/airflow/example_dags/example_python_operator.py took 0.100 seconds
[2024-08-22T11:00:13.593+0700] {processor.py:186} INFO - Started process (PID=23951) to work on /home/user/.local/lib/python3.10/site-packages/airflow/example_dags/example_python_operator.py
[2024-08-22T11:00:13.594+0700] {processor.py:914} INFO - Processing file /home/user/.local/lib/python3.10/site-packages/airflow/example_dags/example_python_operator.py for tasks to queue
[2024-08-22T11:00:13.596+0700] {logging_mixin.py:190} INFO - [2024-08-22T11:00:13.596+0700] {dagbag.py:587} INFO - Filling up the DagBag from /home/user/.local/lib/python3.10/site-packages/airflow/example_dags/example_python_operator.py
[2024-08-22T11:00:13.636+0700] {logging_mixin.py:190} INFO - [2024-08-22T11:00:13.636+0700] {example_python_operator.py:93} WARNING - The virtalenv_python example task requires virtualenv, please install it.
[2024-08-22T11:00:13.638+0700] {processor.py:925} INFO - DAG(s) 'example_python_operator' retrieved from /home/user/.local/lib/python3.10/site-packages/airflow/example_dags/example_python_operator.py
[2024-08-22T11:00:13.659+0700] {logging_mixin.py:190} INFO - [2024-08-22T11:00:13.658+0700] {dag.py:3211} INFO - Sync 1 DAGs
[2024-08-22T11:00:13.668+0700] {logging_mixin.py:190} INFO - [2024-08-22T11:00:13.667+0700] {dag.py:4138} INFO - Setting next_dagrun for example_python_operator to None, run_after=None
[2024-08-22T11:00:13.687+0700] {processor.py:208} INFO - Processing /home/user/.local/lib/python3.10/site-packages/airflow/example_dags/example_python_operator.py took 0.099 seconds
[2024-08-22T11:01:37.792+0700] {processor.py:186} INFO - Started process (PID=24627) to work on /home/user/.local/lib/python3.10/site-packages/airflow/example_dags/example_python_operator.py
[2024-08-22T11:01:37.794+0700] {processor.py:914} INFO - Processing file /home/user/.local/lib/python3.10/site-packages/airflow/example_dags/example_python_operator.py for tasks to queue
[2024-08-22T11:01:37.797+0700] {logging_mixin.py:190} INFO - [2024-08-22T11:01:37.796+0700] {dagbag.py:587} INFO - Filling up the DagBag from /home/user/.local/lib/python3.10/site-packages/airflow/example_dags/example_python_operator.py
[2024-08-22T11:01:37.831+0700] {logging_mixin.py:190} INFO - [2024-08-22T11:01:37.831+0700] {example_python_operator.py:93} WARNING - The virtalenv_python example task requires virtualenv, please install it.
[2024-08-22T11:01:37.833+0700] {processor.py:925} INFO - DAG(s) 'example_python_operator' retrieved from /home/user/.local/lib/python3.10/site-packages/airflow/example_dags/example_python_operator.py
[2024-08-22T11:01:37.865+0700] {logging_mixin.py:190} INFO - [2024-08-22T11:01:37.864+0700] {dag.py:3211} INFO - Sync 1 DAGs
[2024-08-22T11:01:37.885+0700] {logging_mixin.py:190} INFO - [2024-08-22T11:01:37.885+0700] {dag.py:4138} INFO - Setting next_dagrun for example_python_operator to None, run_after=None
[2024-08-22T11:01:37.919+0700] {processor.py:208} INFO - Processing /home/user/.local/lib/python3.10/site-packages/airflow/example_dags/example_python_operator.py took 0.133 seconds
[2024-08-22T11:02:40.587+0700] {processor.py:186} INFO - Started process (PID=25124) to work on /home/user/.local/lib/python3.10/site-packages/airflow/example_dags/example_python_operator.py
[2024-08-22T11:02:40.589+0700] {processor.py:914} INFO - Processing file /home/user/.local/lib/python3.10/site-packages/airflow/example_dags/example_python_operator.py for tasks to queue
[2024-08-22T11:02:40.592+0700] {logging_mixin.py:190} INFO - [2024-08-22T11:02:40.592+0700] {dagbag.py:587} INFO - Filling up the DagBag from /home/user/.local/lib/python3.10/site-packages/airflow/example_dags/example_python_operator.py
[2024-08-22T11:02:40.625+0700] {logging_mixin.py:190} INFO - [2024-08-22T11:02:40.625+0700] {example_python_operator.py:93} WARNING - The virtalenv_python example task requires virtualenv, please install it.
[2024-08-22T11:02:40.628+0700] {processor.py:925} INFO - DAG(s) 'example_python_operator' retrieved from /home/user/.local/lib/python3.10/site-packages/airflow/example_dags/example_python_operator.py
[2024-08-22T11:02:40.645+0700] {logging_mixin.py:190} INFO - [2024-08-22T11:02:40.645+0700] {dag.py:3211} INFO - Sync 1 DAGs
[2024-08-22T11:02:40.658+0700] {logging_mixin.py:190} INFO - [2024-08-22T11:02:40.657+0700] {dag.py:4138} INFO - Setting next_dagrun for example_python_operator to None, run_after=None
[2024-08-22T11:02:40.687+0700] {processor.py:208} INFO - Processing /home/user/.local/lib/python3.10/site-packages/airflow/example_dags/example_python_operator.py took 0.107 seconds
[2024-08-22T11:03:42.352+0700] {processor.py:186} INFO - Started process (PID=25798) to work on /home/user/.local/lib/python3.10/site-packages/airflow/example_dags/example_python_operator.py
[2024-08-22T11:03:42.354+0700] {processor.py:914} INFO - Processing file /home/user/.local/lib/python3.10/site-packages/airflow/example_dags/example_python_operator.py for tasks to queue
[2024-08-22T11:03:42.356+0700] {logging_mixin.py:190} INFO - [2024-08-22T11:03:42.355+0700] {dagbag.py:587} INFO - Filling up the DagBag from /home/user/.local/lib/python3.10/site-packages/airflow/example_dags/example_python_operator.py
[2024-08-22T11:03:42.387+0700] {logging_mixin.py:190} INFO - [2024-08-22T11:03:42.386+0700] {example_python_operator.py:93} WARNING - The virtalenv_python example task requires virtualenv, please install it.
[2024-08-22T11:03:42.389+0700] {processor.py:925} INFO - DAG(s) 'example_python_operator' retrieved from /home/user/.local/lib/python3.10/site-packages/airflow/example_dags/example_python_operator.py
[2024-08-22T11:03:42.407+0700] {logging_mixin.py:190} INFO - [2024-08-22T11:03:42.407+0700] {dag.py:3211} INFO - Sync 1 DAGs
[2024-08-22T11:03:42.419+0700] {logging_mixin.py:190} INFO - [2024-08-22T11:03:42.418+0700] {dag.py:4138} INFO - Setting next_dagrun for example_python_operator to None, run_after=None
[2024-08-22T11:03:42.438+0700] {processor.py:208} INFO - Processing /home/user/.local/lib/python3.10/site-packages/airflow/example_dags/example_python_operator.py took 0.091 seconds
[2024-08-22T11:05:49.102+0700] {processor.py:186} INFO - Started process (PID=26655) to work on /home/user/.local/lib/python3.10/site-packages/airflow/example_dags/example_python_operator.py
[2024-08-22T11:05:49.105+0700] {processor.py:914} INFO - Processing file /home/user/.local/lib/python3.10/site-packages/airflow/example_dags/example_python_operator.py for tasks to queue
[2024-08-22T11:05:49.107+0700] {logging_mixin.py:190} INFO - [2024-08-22T11:05:49.107+0700] {dagbag.py:587} INFO - Filling up the DagBag from /home/user/.local/lib/python3.10/site-packages/airflow/example_dags/example_python_operator.py
[2024-08-22T11:05:49.141+0700] {logging_mixin.py:190} INFO - [2024-08-22T11:05:49.141+0700] {example_python_operator.py:93} WARNING - The virtalenv_python example task requires virtualenv, please install it.
[2024-08-22T11:05:49.145+0700] {processor.py:925} INFO - DAG(s) 'example_python_operator' retrieved from /home/user/.local/lib/python3.10/site-packages/airflow/example_dags/example_python_operator.py
[2024-08-22T11:05:49.164+0700] {logging_mixin.py:190} INFO - [2024-08-22T11:05:49.164+0700] {dag.py:3211} INFO - Sync 1 DAGs
[2024-08-22T11:05:49.176+0700] {logging_mixin.py:190} INFO - [2024-08-22T11:05:49.175+0700] {dag.py:4138} INFO - Setting next_dagrun for example_python_operator to None, run_after=None
[2024-08-22T11:05:49.197+0700] {processor.py:208} INFO - Processing /home/user/.local/lib/python3.10/site-packages/airflow/example_dags/example_python_operator.py took 0.101 seconds
[2024-08-22T11:07:19.148+0700] {processor.py:186} INFO - Started process (PID=27360) to work on /home/user/.local/lib/python3.10/site-packages/airflow/example_dags/example_python_operator.py
[2024-08-22T11:07:19.149+0700] {processor.py:914} INFO - Processing file /home/user/.local/lib/python3.10/site-packages/airflow/example_dags/example_python_operator.py for tasks to queue
[2024-08-22T11:07:19.151+0700] {logging_mixin.py:190} INFO - [2024-08-22T11:07:19.150+0700] {dagbag.py:587} INFO - Filling up the DagBag from /home/user/.local/lib/python3.10/site-packages/airflow/example_dags/example_python_operator.py
[2024-08-22T11:07:19.192+0700] {logging_mixin.py:190} INFO - [2024-08-22T11:07:19.191+0700] {example_python_operator.py:93} WARNING - The virtalenv_python example task requires virtualenv, please install it.
[2024-08-22T11:07:19.202+0700] {processor.py:925} INFO - DAG(s) 'example_python_operator' retrieved from /home/user/.local/lib/python3.10/site-packages/airflow/example_dags/example_python_operator.py
[2024-08-22T11:07:19.240+0700] {logging_mixin.py:190} INFO - [2024-08-22T11:07:19.240+0700] {dag.py:3211} INFO - Sync 1 DAGs
[2024-08-22T11:07:19.273+0700] {logging_mixin.py:190} INFO - [2024-08-22T11:07:19.273+0700] {dag.py:4138} INFO - Setting next_dagrun for example_python_operator to None, run_after=None
[2024-08-22T11:07:19.309+0700] {processor.py:208} INFO - Processing /home/user/.local/lib/python3.10/site-packages/airflow/example_dags/example_python_operator.py took 0.166 seconds
[2024-08-22T11:08:23.593+0700] {processor.py:186} INFO - Started process (PID=27866) to work on /home/user/.local/lib/python3.10/site-packages/airflow/example_dags/example_python_operator.py
[2024-08-22T11:08:23.595+0700] {processor.py:914} INFO - Processing file /home/user/.local/lib/python3.10/site-packages/airflow/example_dags/example_python_operator.py for tasks to queue
[2024-08-22T11:08:23.597+0700] {logging_mixin.py:190} INFO - [2024-08-22T11:08:23.596+0700] {dagbag.py:587} INFO - Filling up the DagBag from /home/user/.local/lib/python3.10/site-packages/airflow/example_dags/example_python_operator.py
[2024-08-22T11:08:23.632+0700] {logging_mixin.py:190} INFO - [2024-08-22T11:08:23.631+0700] {example_python_operator.py:93} WARNING - The virtalenv_python example task requires virtualenv, please install it.
[2024-08-22T11:08:23.634+0700] {processor.py:925} INFO - DAG(s) 'example_python_operator' retrieved from /home/user/.local/lib/python3.10/site-packages/airflow/example_dags/example_python_operator.py
[2024-08-22T11:08:23.652+0700] {logging_mixin.py:190} INFO - [2024-08-22T11:08:23.652+0700] {dag.py:3211} INFO - Sync 1 DAGs
[2024-08-22T11:08:23.666+0700] {logging_mixin.py:190} INFO - [2024-08-22T11:08:23.666+0700] {dag.py:4138} INFO - Setting next_dagrun for example_python_operator to None, run_after=None
[2024-08-22T11:08:23.705+0700] {processor.py:208} INFO - Processing /home/user/.local/lib/python3.10/site-packages/airflow/example_dags/example_python_operator.py took 0.118 seconds
[2024-08-22T11:09:21.122+0700] {processor.py:186} INFO - Started process (PID=28315) to work on /home/user/.local/lib/python3.10/site-packages/airflow/example_dags/example_python_operator.py
[2024-08-22T11:09:21.123+0700] {processor.py:914} INFO - Processing file /home/user/.local/lib/python3.10/site-packages/airflow/example_dags/example_python_operator.py for tasks to queue
[2024-08-22T11:09:21.125+0700] {logging_mixin.py:190} INFO - [2024-08-22T11:09:21.125+0700] {dagbag.py:587} INFO - Filling up the DagBag from /home/user/.local/lib/python3.10/site-packages/airflow/example_dags/example_python_operator.py
[2024-08-22T11:09:21.157+0700] {logging_mixin.py:190} INFO - [2024-08-22T11:09:21.157+0700] {example_python_operator.py:93} WARNING - The virtalenv_python example task requires virtualenv, please install it.
[2024-08-22T11:09:21.159+0700] {processor.py:925} INFO - DAG(s) 'example_python_operator' retrieved from /home/user/.local/lib/python3.10/site-packages/airflow/example_dags/example_python_operator.py
[2024-08-22T11:09:21.173+0700] {logging_mixin.py:190} INFO - [2024-08-22T11:09:21.172+0700] {dag.py:3211} INFO - Sync 1 DAGs
[2024-08-22T11:09:21.183+0700] {logging_mixin.py:190} INFO - [2024-08-22T11:09:21.182+0700] {dag.py:4138} INFO - Setting next_dagrun for example_python_operator to None, run_after=None
[2024-08-22T11:09:21.202+0700] {processor.py:208} INFO - Processing /home/user/.local/lib/python3.10/site-packages/airflow/example_dags/example_python_operator.py took 0.085 seconds
[2024-08-22T11:10:42.627+0700] {processor.py:186} INFO - Started process (PID=28956) to work on /home/user/.local/lib/python3.10/site-packages/airflow/example_dags/example_python_operator.py
[2024-08-22T11:10:42.628+0700] {processor.py:914} INFO - Processing file /home/user/.local/lib/python3.10/site-packages/airflow/example_dags/example_python_operator.py for tasks to queue
[2024-08-22T11:10:42.630+0700] {logging_mixin.py:190} INFO - [2024-08-22T11:10:42.630+0700] {dagbag.py:587} INFO - Filling up the DagBag from /home/user/.local/lib/python3.10/site-packages/airflow/example_dags/example_python_operator.py
[2024-08-22T11:10:42.661+0700] {logging_mixin.py:190} INFO - [2024-08-22T11:10:42.660+0700] {example_python_operator.py:93} WARNING - The virtalenv_python example task requires virtualenv, please install it.
[2024-08-22T11:10:42.664+0700] {processor.py:925} INFO - DAG(s) 'example_python_operator' retrieved from /home/user/.local/lib/python3.10/site-packages/airflow/example_dags/example_python_operator.py
[2024-08-22T11:10:42.678+0700] {logging_mixin.py:190} INFO - [2024-08-22T11:10:42.678+0700] {dag.py:3211} INFO - Sync 1 DAGs
[2024-08-22T11:10:42.689+0700] {logging_mixin.py:190} INFO - [2024-08-22T11:10:42.688+0700] {dag.py:4138} INFO - Setting next_dagrun for example_python_operator to None, run_after=None
[2024-08-22T11:10:42.705+0700] {processor.py:208} INFO - Processing /home/user/.local/lib/python3.10/site-packages/airflow/example_dags/example_python_operator.py took 0.084 seconds
[2024-08-22T11:13:02.350+0700] {processor.py:186} INFO - Started process (PID=30176) to work on /home/user/.local/lib/python3.10/site-packages/airflow/example_dags/example_python_operator.py
[2024-08-22T11:13:02.352+0700] {processor.py:914} INFO - Processing file /home/user/.local/lib/python3.10/site-packages/airflow/example_dags/example_python_operator.py for tasks to queue
[2024-08-22T11:13:02.354+0700] {logging_mixin.py:190} INFO - [2024-08-22T11:13:02.353+0700] {dagbag.py:587} INFO - Filling up the DagBag from /home/user/.local/lib/python3.10/site-packages/airflow/example_dags/example_python_operator.py
[2024-08-22T11:13:02.387+0700] {logging_mixin.py:190} INFO - [2024-08-22T11:13:02.387+0700] {example_python_operator.py:93} WARNING - The virtalenv_python example task requires virtualenv, please install it.
[2024-08-22T11:13:02.389+0700] {processor.py:925} INFO - DAG(s) 'example_python_operator' retrieved from /home/user/.local/lib/python3.10/site-packages/airflow/example_dags/example_python_operator.py
[2024-08-22T11:13:02.489+0700] {logging_mixin.py:190} INFO - [2024-08-22T11:13:02.488+0700] {override.py:1858} INFO - Created Permission View: can read on DAG:example_python_operator
[2024-08-22T11:13:02.501+0700] {logging_mixin.py:190} INFO - [2024-08-22T11:13:02.501+0700] {override.py:1858} INFO - Created Permission View: can edit on DAG:example_python_operator
[2024-08-22T11:13:02.511+0700] {logging_mixin.py:190} INFO - [2024-08-22T11:13:02.511+0700] {override.py:1858} INFO - Created Permission View: can delete on DAG:example_python_operator
[2024-08-22T11:13:02.512+0700] {logging_mixin.py:190} INFO - [2024-08-22T11:13:02.511+0700] {dag.py:3211} INFO - Sync 1 DAGs
[2024-08-22T11:13:02.524+0700] {logging_mixin.py:190} INFO - [2024-08-22T11:13:02.524+0700] {dag.py:3234} INFO - Creating ORM DAG for example_python_operator
[2024-08-22T11:13:02.525+0700] {logging_mixin.py:190} INFO - [2024-08-22T11:13:02.525+0700] {dag.py:4138} INFO - Setting next_dagrun for example_python_operator to None, run_after=None
[2024-08-22T11:13:02.550+0700] {processor.py:208} INFO - Processing /home/user/.local/lib/python3.10/site-packages/airflow/example_dags/example_python_operator.py took 0.207 seconds
[2024-08-22T11:14:26.632+0700] {processor.py:186} INFO - Started process (PID=30856) to work on /home/user/.local/lib/python3.10/site-packages/airflow/example_dags/example_python_operator.py
[2024-08-22T11:14:26.633+0700] {processor.py:914} INFO - Processing file /home/user/.local/lib/python3.10/site-packages/airflow/example_dags/example_python_operator.py for tasks to queue
[2024-08-22T11:14:26.636+0700] {logging_mixin.py:190} INFO - [2024-08-22T11:14:26.635+0700] {dagbag.py:587} INFO - Filling up the DagBag from /home/user/.local/lib/python3.10/site-packages/airflow/example_dags/example_python_operator.py
[2024-08-22T11:14:26.668+0700] {logging_mixin.py:190} INFO - [2024-08-22T11:14:26.667+0700] {example_python_operator.py:93} WARNING - The virtalenv_python example task requires virtualenv, please install it.
[2024-08-22T11:14:26.670+0700] {processor.py:925} INFO - DAG(s) 'example_python_operator' retrieved from /home/user/.local/lib/python3.10/site-packages/airflow/example_dags/example_python_operator.py
[2024-08-22T11:14:26.685+0700] {logging_mixin.py:190} INFO - [2024-08-22T11:14:26.685+0700] {dag.py:3211} INFO - Sync 1 DAGs
[2024-08-22T11:14:26.694+0700] {logging_mixin.py:190} INFO - [2024-08-22T11:14:26.694+0700] {dag.py:4138} INFO - Setting next_dagrun for example_python_operator to None, run_after=None
[2024-08-22T11:14:26.716+0700] {processor.py:208} INFO - Processing /home/user/.local/lib/python3.10/site-packages/airflow/example_dags/example_python_operator.py took 0.091 seconds
[2024-08-22T11:15:53.241+0700] {processor.py:186} INFO - Started process (PID=31548) to work on /home/user/.local/lib/python3.10/site-packages/airflow/example_dags/example_python_operator.py
[2024-08-22T11:15:53.242+0700] {processor.py:914} INFO - Processing file /home/user/.local/lib/python3.10/site-packages/airflow/example_dags/example_python_operator.py for tasks to queue
[2024-08-22T11:15:53.245+0700] {logging_mixin.py:190} INFO - [2024-08-22T11:15:53.244+0700] {dagbag.py:587} INFO - Filling up the DagBag from /home/user/.local/lib/python3.10/site-packages/airflow/example_dags/example_python_operator.py
[2024-08-22T11:15:53.280+0700] {logging_mixin.py:190} INFO - [2024-08-22T11:15:53.280+0700] {example_python_operator.py:93} WARNING - The virtalenv_python example task requires virtualenv, please install it.
[2024-08-22T11:15:53.283+0700] {processor.py:925} INFO - DAG(s) 'example_python_operator' retrieved from /home/user/.local/lib/python3.10/site-packages/airflow/example_dags/example_python_operator.py
[2024-08-22T11:15:53.302+0700] {logging_mixin.py:190} INFO - [2024-08-22T11:15:53.302+0700] {dag.py:3211} INFO - Sync 1 DAGs
[2024-08-22T11:15:53.318+0700] {logging_mixin.py:190} INFO - [2024-08-22T11:15:53.318+0700] {dag.py:4138} INFO - Setting next_dagrun for example_python_operator to None, run_after=None
[2024-08-22T11:15:53.353+0700] {processor.py:208} INFO - Processing /home/user/.local/lib/python3.10/site-packages/airflow/example_dags/example_python_operator.py took 0.117 seconds
[2024-08-22T11:17:57.153+0700] {processor.py:186} INFO - Started process (PID=32543) to work on /home/user/.local/lib/python3.10/site-packages/airflow/example_dags/example_python_operator.py
[2024-08-22T11:17:57.176+0700] {processor.py:914} INFO - Processing file /home/user/.local/lib/python3.10/site-packages/airflow/example_dags/example_python_operator.py for tasks to queue
[2024-08-22T11:17:57.179+0700] {logging_mixin.py:190} INFO - [2024-08-22T11:17:57.178+0700] {dagbag.py:587} INFO - Filling up the DagBag from /home/user/.local/lib/python3.10/site-packages/airflow/example_dags/example_python_operator.py
[2024-08-22T11:17:57.202+0700] {logging_mixin.py:190} INFO - [2024-08-22T11:17:57.202+0700] {example_python_operator.py:93} WARNING - The virtalenv_python example task requires virtualenv, please install it.
[2024-08-22T11:17:57.204+0700] {processor.py:925} INFO - DAG(s) 'example_python_operator' retrieved from /home/user/.local/lib/python3.10/site-packages/airflow/example_dags/example_python_operator.py
[2024-08-22T11:17:57.218+0700] {logging_mixin.py:190} INFO - [2024-08-22T11:17:57.218+0700] {dag.py:3211} INFO - Sync 1 DAGs
[2024-08-22T11:17:57.226+0700] {logging_mixin.py:190} INFO - [2024-08-22T11:17:57.225+0700] {dag.py:4138} INFO - Setting next_dagrun for example_python_operator to None, run_after=None
[2024-08-22T11:17:57.244+0700] {processor.py:208} INFO - Processing /home/user/.local/lib/python3.10/site-packages/airflow/example_dags/example_python_operator.py took 0.095 seconds
[2024-08-22T11:19:21.484+0700] {processor.py:186} INFO - Started process (PID=33208) to work on /home/user/.local/lib/python3.10/site-packages/airflow/example_dags/example_python_operator.py
[2024-08-22T11:19:21.485+0700] {processor.py:914} INFO - Processing file /home/user/.local/lib/python3.10/site-packages/airflow/example_dags/example_python_operator.py for tasks to queue
[2024-08-22T11:19:21.488+0700] {logging_mixin.py:190} INFO - [2024-08-22T11:19:21.487+0700] {dagbag.py:587} INFO - Filling up the DagBag from /home/user/.local/lib/python3.10/site-packages/airflow/example_dags/example_python_operator.py
[2024-08-22T11:19:21.527+0700] {logging_mixin.py:190} INFO - [2024-08-22T11:19:21.527+0700] {example_python_operator.py:93} WARNING - The virtalenv_python example task requires virtualenv, please install it.
[2024-08-22T11:19:21.531+0700] {processor.py:925} INFO - DAG(s) 'example_python_operator' retrieved from /home/user/.local/lib/python3.10/site-packages/airflow/example_dags/example_python_operator.py
[2024-08-22T11:19:21.597+0700] {logging_mixin.py:190} INFO - [2024-08-22T11:19:21.596+0700] {dag.py:3211} INFO - Sync 1 DAGs
[2024-08-22T11:19:21.636+0700] {logging_mixin.py:190} INFO - [2024-08-22T11:19:21.635+0700] {dag.py:4138} INFO - Setting next_dagrun for example_python_operator to None, run_after=None
[2024-08-22T11:19:21.677+0700] {processor.py:208} INFO - Processing /home/user/.local/lib/python3.10/site-packages/airflow/example_dags/example_python_operator.py took 0.199 seconds
[2024-08-22T11:20:27.130+0700] {processor.py:186} INFO - Started process (PID=33723) to work on /home/user/.local/lib/python3.10/site-packages/airflow/example_dags/example_python_operator.py
[2024-08-22T11:20:27.131+0700] {processor.py:914} INFO - Processing file /home/user/.local/lib/python3.10/site-packages/airflow/example_dags/example_python_operator.py for tasks to queue
[2024-08-22T11:20:27.135+0700] {logging_mixin.py:190} INFO - [2024-08-22T11:20:27.133+0700] {dagbag.py:587} INFO - Filling up the DagBag from /home/user/.local/lib/python3.10/site-packages/airflow/example_dags/example_python_operator.py
[2024-08-22T11:20:27.170+0700] {logging_mixin.py:190} INFO - [2024-08-22T11:20:27.169+0700] {example_python_operator.py:93} WARNING - The virtalenv_python example task requires virtualenv, please install it.
[2024-08-22T11:20:27.173+0700] {processor.py:925} INFO - DAG(s) 'example_python_operator' retrieved from /home/user/.local/lib/python3.10/site-packages/airflow/example_dags/example_python_operator.py
[2024-08-22T11:20:27.192+0700] {logging_mixin.py:190} INFO - [2024-08-22T11:20:27.192+0700] {dag.py:3211} INFO - Sync 1 DAGs
[2024-08-22T11:20:27.211+0700] {logging_mixin.py:190} INFO - [2024-08-22T11:20:27.210+0700] {dag.py:4138} INFO - Setting next_dagrun for example_python_operator to None, run_after=None
[2024-08-22T11:20:27.242+0700] {processor.py:208} INFO - Processing /home/user/.local/lib/python3.10/site-packages/airflow/example_dags/example_python_operator.py took 0.120 seconds
[2024-08-22T11:21:25.773+0700] {processor.py:186} INFO - Started process (PID=34180) to work on /home/user/.local/lib/python3.10/site-packages/airflow/example_dags/example_python_operator.py
[2024-08-22T11:21:25.777+0700] {processor.py:914} INFO - Processing file /home/user/.local/lib/python3.10/site-packages/airflow/example_dags/example_python_operator.py for tasks to queue
[2024-08-22T11:21:25.779+0700] {logging_mixin.py:190} INFO - [2024-08-22T11:21:25.779+0700] {dagbag.py:587} INFO - Filling up the DagBag from /home/user/.local/lib/python3.10/site-packages/airflow/example_dags/example_python_operator.py
[2024-08-22T11:21:25.865+0700] {logging_mixin.py:190} INFO - [2024-08-22T11:21:25.865+0700] {example_python_operator.py:93} WARNING - The virtalenv_python example task requires virtualenv, please install it.
[2024-08-22T11:21:25.881+0700] {processor.py:925} INFO - DAG(s) 'example_python_operator' retrieved from /home/user/.local/lib/python3.10/site-packages/airflow/example_dags/example_python_operator.py
[2024-08-22T11:21:26.009+0700] {logging_mixin.py:190} INFO - [2024-08-22T11:21:26.009+0700] {dag.py:3211} INFO - Sync 1 DAGs
[2024-08-22T11:21:26.073+0700] {logging_mixin.py:190} INFO - [2024-08-22T11:21:26.072+0700] {dag.py:4138} INFO - Setting next_dagrun for example_python_operator to None, run_after=None
[2024-08-22T11:21:26.125+0700] {processor.py:208} INFO - Processing /home/user/.local/lib/python3.10/site-packages/airflow/example_dags/example_python_operator.py took 0.363 seconds
[2024-08-22T11:22:37.004+0700] {processor.py:186} INFO - Started process (PID=34749) to work on /home/user/.local/lib/python3.10/site-packages/airflow/example_dags/example_python_operator.py
[2024-08-22T11:22:37.005+0700] {processor.py:914} INFO - Processing file /home/user/.local/lib/python3.10/site-packages/airflow/example_dags/example_python_operator.py for tasks to queue
[2024-08-22T11:22:37.008+0700] {logging_mixin.py:190} INFO - [2024-08-22T11:22:37.007+0700] {dagbag.py:587} INFO - Filling up the DagBag from /home/user/.local/lib/python3.10/site-packages/airflow/example_dags/example_python_operator.py
[2024-08-22T11:22:37.043+0700] {logging_mixin.py:190} INFO - [2024-08-22T11:22:37.043+0700] {example_python_operator.py:93} WARNING - The virtalenv_python example task requires virtualenv, please install it.
[2024-08-22T11:22:37.045+0700] {processor.py:925} INFO - DAG(s) 'example_python_operator' retrieved from /home/user/.local/lib/python3.10/site-packages/airflow/example_dags/example_python_operator.py
[2024-08-22T11:22:37.074+0700] {logging_mixin.py:190} INFO - [2024-08-22T11:22:37.073+0700] {dag.py:3211} INFO - Sync 1 DAGs
[2024-08-22T11:22:37.095+0700] {logging_mixin.py:190} INFO - [2024-08-22T11:22:37.095+0700] {dag.py:4138} INFO - Setting next_dagrun for example_python_operator to None, run_after=None
[2024-08-22T11:22:37.124+0700] {processor.py:208} INFO - Processing /home/user/.local/lib/python3.10/site-packages/airflow/example_dags/example_python_operator.py took 0.126 seconds
[2024-08-22T11:23:38.140+0700] {processor.py:186} INFO - Started process (PID=35252) to work on /home/user/.local/lib/python3.10/site-packages/airflow/example_dags/example_python_operator.py
[2024-08-22T11:23:38.142+0700] {processor.py:914} INFO - Processing file /home/user/.local/lib/python3.10/site-packages/airflow/example_dags/example_python_operator.py for tasks to queue
[2024-08-22T11:23:38.144+0700] {logging_mixin.py:190} INFO - [2024-08-22T11:23:38.144+0700] {dagbag.py:587} INFO - Filling up the DagBag from /home/user/.local/lib/python3.10/site-packages/airflow/example_dags/example_python_operator.py
[2024-08-22T11:23:38.171+0700] {logging_mixin.py:190} INFO - [2024-08-22T11:23:38.171+0700] {example_python_operator.py:93} WARNING - The virtalenv_python example task requires virtualenv, please install it.
[2024-08-22T11:23:38.173+0700] {processor.py:925} INFO - DAG(s) 'example_python_operator' retrieved from /home/user/.local/lib/python3.10/site-packages/airflow/example_dags/example_python_operator.py
[2024-08-22T11:23:38.188+0700] {logging_mixin.py:190} INFO - [2024-08-22T11:23:38.188+0700] {dag.py:3211} INFO - Sync 1 DAGs
[2024-08-22T11:23:38.200+0700] {logging_mixin.py:190} INFO - [2024-08-22T11:23:38.200+0700] {dag.py:4138} INFO - Setting next_dagrun for example_python_operator to None, run_after=None
[2024-08-22T11:23:38.219+0700] {processor.py:208} INFO - Processing /home/user/.local/lib/python3.10/site-packages/airflow/example_dags/example_python_operator.py took 0.083 seconds
[2024-08-22T11:25:10.584+0700] {processor.py:186} INFO - Started process (PID=36114) to work on /home/user/.local/lib/python3.10/site-packages/airflow/example_dags/example_python_operator.py
[2024-08-22T11:25:10.585+0700] {processor.py:914} INFO - Processing file /home/user/.local/lib/python3.10/site-packages/airflow/example_dags/example_python_operator.py for tasks to queue
[2024-08-22T11:25:10.587+0700] {logging_mixin.py:190} INFO - [2024-08-22T11:25:10.587+0700] {dagbag.py:587} INFO - Filling up the DagBag from /home/user/.local/lib/python3.10/site-packages/airflow/example_dags/example_python_operator.py
[2024-08-22T11:25:10.624+0700] {logging_mixin.py:190} INFO - [2024-08-22T11:25:10.624+0700] {example_python_operator.py:93} WARNING - The virtalenv_python example task requires virtualenv, please install it.
[2024-08-22T11:25:10.626+0700] {processor.py:925} INFO - DAG(s) 'example_python_operator' retrieved from /home/user/.local/lib/python3.10/site-packages/airflow/example_dags/example_python_operator.py
[2024-08-22T11:25:10.642+0700] {logging_mixin.py:190} INFO - [2024-08-22T11:25:10.641+0700] {dag.py:3211} INFO - Sync 1 DAGs
[2024-08-22T11:25:10.661+0700] {logging_mixin.py:190} INFO - [2024-08-22T11:25:10.660+0700] {dag.py:4138} INFO - Setting next_dagrun for example_python_operator to None, run_after=None
[2024-08-22T11:25:10.681+0700] {processor.py:208} INFO - Processing /home/user/.local/lib/python3.10/site-packages/airflow/example_dags/example_python_operator.py took 0.148 seconds
[2024-08-22T11:27:41.260+0700] {processor.py:186} INFO - Started process (PID=37515) to work on /home/user/.local/lib/python3.10/site-packages/airflow/example_dags/example_python_operator.py
[2024-08-22T11:27:41.262+0700] {processor.py:914} INFO - Processing file /home/user/.local/lib/python3.10/site-packages/airflow/example_dags/example_python_operator.py for tasks to queue
[2024-08-22T11:27:41.264+0700] {logging_mixin.py:190} INFO - [2024-08-22T11:27:41.263+0700] {dagbag.py:587} INFO - Filling up the DagBag from /home/user/.local/lib/python3.10/site-packages/airflow/example_dags/example_python_operator.py
[2024-08-22T11:27:41.292+0700] {logging_mixin.py:190} INFO - [2024-08-22T11:27:41.291+0700] {example_python_operator.py:93} WARNING - The virtalenv_python example task requires virtualenv, please install it.
[2024-08-22T11:27:41.295+0700] {processor.py:925} INFO - DAG(s) 'example_python_operator' retrieved from /home/user/.local/lib/python3.10/site-packages/airflow/example_dags/example_python_operator.py
[2024-08-22T11:27:41.315+0700] {logging_mixin.py:190} INFO - [2024-08-22T11:27:41.315+0700] {dag.py:3211} INFO - Sync 1 DAGs
[2024-08-22T11:27:41.328+0700] {logging_mixin.py:190} INFO - [2024-08-22T11:27:41.328+0700] {dag.py:4138} INFO - Setting next_dagrun for example_python_operator to None, run_after=None
[2024-08-22T11:27:41.351+0700] {processor.py:208} INFO - Processing /home/user/.local/lib/python3.10/site-packages/airflow/example_dags/example_python_operator.py took 0.097 seconds
[2024-08-22T11:28:58.252+0700] {processor.py:186} INFO - Started process (PID=38146) to work on /home/user/.local/lib/python3.10/site-packages/airflow/example_dags/example_python_operator.py
[2024-08-22T11:28:58.253+0700] {processor.py:914} INFO - Processing file /home/user/.local/lib/python3.10/site-packages/airflow/example_dags/example_python_operator.py for tasks to queue
[2024-08-22T11:28:58.254+0700] {logging_mixin.py:190} INFO - [2024-08-22T11:28:58.254+0700] {dagbag.py:587} INFO - Filling up the DagBag from /home/user/.local/lib/python3.10/site-packages/airflow/example_dags/example_python_operator.py
[2024-08-22T11:28:58.293+0700] {logging_mixin.py:190} INFO - [2024-08-22T11:28:58.292+0700] {example_python_operator.py:93} WARNING - The virtalenv_python example task requires virtualenv, please install it.
[2024-08-22T11:28:58.297+0700] {processor.py:925} INFO - DAG(s) 'example_python_operator' retrieved from /home/user/.local/lib/python3.10/site-packages/airflow/example_dags/example_python_operator.py
[2024-08-22T11:28:58.318+0700] {logging_mixin.py:190} INFO - [2024-08-22T11:28:58.318+0700] {dag.py:3211} INFO - Sync 1 DAGs
[2024-08-22T11:28:58.331+0700] {logging_mixin.py:190} INFO - [2024-08-22T11:28:58.330+0700] {dag.py:4138} INFO - Setting next_dagrun for example_python_operator to None, run_after=None
[2024-08-22T11:28:58.360+0700] {processor.py:208} INFO - Processing /home/user/.local/lib/python3.10/site-packages/airflow/example_dags/example_python_operator.py took 0.113 seconds
[2024-08-22T11:30:31.278+0700] {processor.py:186} INFO - Started process (PID=38923) to work on /home/user/.local/lib/python3.10/site-packages/airflow/example_dags/example_python_operator.py
[2024-08-22T11:30:31.279+0700] {processor.py:914} INFO - Processing file /home/user/.local/lib/python3.10/site-packages/airflow/example_dags/example_python_operator.py for tasks to queue
[2024-08-22T11:30:31.280+0700] {logging_mixin.py:190} INFO - [2024-08-22T11:30:31.280+0700] {dagbag.py:587} INFO - Filling up the DagBag from /home/user/.local/lib/python3.10/site-packages/airflow/example_dags/example_python_operator.py
[2024-08-22T11:30:31.328+0700] {logging_mixin.py:190} INFO - [2024-08-22T11:30:31.328+0700] {example_python_operator.py:93} WARNING - The virtalenv_python example task requires virtualenv, please install it.
[2024-08-22T11:30:31.330+0700] {processor.py:925} INFO - DAG(s) 'example_python_operator' retrieved from /home/user/.local/lib/python3.10/site-packages/airflow/example_dags/example_python_operator.py
[2024-08-22T11:30:31.345+0700] {logging_mixin.py:190} INFO - [2024-08-22T11:30:31.345+0700] {dag.py:3211} INFO - Sync 1 DAGs
[2024-08-22T11:30:31.355+0700] {logging_mixin.py:190} INFO - [2024-08-22T11:30:31.355+0700] {dag.py:4138} INFO - Setting next_dagrun for example_python_operator to None, run_after=None
[2024-08-22T11:30:31.378+0700] {processor.py:208} INFO - Processing /home/user/.local/lib/python3.10/site-packages/airflow/example_dags/example_python_operator.py took 0.104 seconds
[2024-08-22T11:31:32.422+0700] {processor.py:186} INFO - Started process (PID=39228) to work on /home/user/.local/lib/python3.10/site-packages/airflow/example_dags/example_python_operator.py
[2024-08-22T11:31:32.428+0700] {processor.py:914} INFO - Processing file /home/user/.local/lib/python3.10/site-packages/airflow/example_dags/example_python_operator.py for tasks to queue
[2024-08-22T11:31:32.429+0700] {logging_mixin.py:190} INFO - [2024-08-22T11:31:32.429+0700] {dagbag.py:587} INFO - Filling up the DagBag from /home/user/.local/lib/python3.10/site-packages/airflow/example_dags/example_python_operator.py
[2024-08-22T11:31:32.471+0700] {logging_mixin.py:190} INFO - [2024-08-22T11:31:32.471+0700] {example_python_operator.py:93} WARNING - The virtalenv_python example task requires virtualenv, please install it.
[2024-08-22T11:31:32.473+0700] {processor.py:925} INFO - DAG(s) 'example_python_operator' retrieved from /home/user/.local/lib/python3.10/site-packages/airflow/example_dags/example_python_operator.py
[2024-08-22T11:31:32.488+0700] {logging_mixin.py:190} INFO - [2024-08-22T11:31:32.487+0700] {dag.py:3211} INFO - Sync 1 DAGs
[2024-08-22T11:31:32.496+0700] {logging_mixin.py:190} INFO - [2024-08-22T11:31:32.496+0700] {dag.py:4138} INFO - Setting next_dagrun for example_python_operator to None, run_after=None
[2024-08-22T11:31:32.514+0700] {processor.py:208} INFO - Processing /home/user/.local/lib/python3.10/site-packages/airflow/example_dags/example_python_operator.py took 0.098 seconds
