[2024-08-22T10:42:50.109+0700] {processor.py:186} INFO - Started process (PID=15246) to work on /home/user/.local/lib/python3.10/site-packages/airflow/example_dags/example_task_group.py
[2024-08-22T10:42:50.110+0700] {processor.py:914} INFO - Processing file /home/user/.local/lib/python3.10/site-packages/airflow/example_dags/example_task_group.py for tasks to queue
[2024-08-22T10:42:50.111+0700] {logging_mixin.py:190} INFO - [2024-08-22T10:42:50.111+0700] {dagbag.py:587} INFO - Filling up the DagBag from /home/user/.local/lib/python3.10/site-packages/airflow/example_dags/example_task_group.py
[2024-08-22T10:42:50.118+0700] {processor.py:925} INFO - DAG(s) 'example_task_group' retrieved from /home/user/.local/lib/python3.10/site-packages/airflow/example_dags/example_task_group.py
[2024-08-22T10:42:50.183+0700] {logging_mixin.py:190} INFO - [2024-08-22T10:42:50.182+0700] {dag.py:3211} INFO - Sync 1 DAGs
[2024-08-22T10:42:50.195+0700] {logging_mixin.py:190} INFO - [2024-08-22T10:42:50.195+0700] {dag.py:4138} INFO - Setting next_dagrun for example_task_group to 2024-08-21 00:00:00+00:00, run_after=2024-08-22 00:00:00+00:00
[2024-08-22T10:42:50.215+0700] {processor.py:208} INFO - Processing /home/user/.local/lib/python3.10/site-packages/airflow/example_dags/example_task_group.py took 0.110 seconds
[2024-08-22T10:43:51.009+0700] {processor.py:186} INFO - Started process (PID=15559) to work on /home/user/.local/lib/python3.10/site-packages/airflow/example_dags/example_task_group.py
[2024-08-22T10:43:51.010+0700] {processor.py:914} INFO - Processing file /home/user/.local/lib/python3.10/site-packages/airflow/example_dags/example_task_group.py for tasks to queue
[2024-08-22T10:43:51.012+0700] {logging_mixin.py:190} INFO - [2024-08-22T10:43:51.012+0700] {dagbag.py:587} INFO - Filling up the DagBag from /home/user/.local/lib/python3.10/site-packages/airflow/example_dags/example_task_group.py
[2024-08-22T10:43:51.019+0700] {processor.py:925} INFO - DAG(s) 'example_task_group' retrieved from /home/user/.local/lib/python3.10/site-packages/airflow/example_dags/example_task_group.py
[2024-08-22T10:43:51.034+0700] {logging_mixin.py:190} INFO - [2024-08-22T10:43:51.034+0700] {dag.py:3211} INFO - Sync 1 DAGs
[2024-08-22T10:43:51.050+0700] {logging_mixin.py:190} INFO - [2024-08-22T10:43:51.049+0700] {dag.py:4138} INFO - Setting next_dagrun for example_task_group to 2024-08-21 00:00:00+00:00, run_after=2024-08-22 00:00:00+00:00
[2024-08-22T10:43:51.067+0700] {processor.py:208} INFO - Processing /home/user/.local/lib/python3.10/site-packages/airflow/example_dags/example_task_group.py took 0.064 seconds
[2024-08-22T10:47:04.423+0700] {processor.py:186} INFO - Started process (PID=16546) to work on /home/user/.local/lib/python3.10/site-packages/airflow/example_dags/example_task_group.py
[2024-08-22T10:47:04.424+0700] {processor.py:914} INFO - Processing file /home/user/.local/lib/python3.10/site-packages/airflow/example_dags/example_task_group.py for tasks to queue
[2024-08-22T10:47:04.426+0700] {logging_mixin.py:190} INFO - [2024-08-22T10:47:04.426+0700] {dagbag.py:587} INFO - Filling up the DagBag from /home/user/.local/lib/python3.10/site-packages/airflow/example_dags/example_task_group.py
[2024-08-22T10:47:04.432+0700] {processor.py:925} INFO - DAG(s) 'example_task_group' retrieved from /home/user/.local/lib/python3.10/site-packages/airflow/example_dags/example_task_group.py
[2024-08-22T10:47:04.446+0700] {logging_mixin.py:190} INFO - [2024-08-22T10:47:04.446+0700] {dag.py:3211} INFO - Sync 1 DAGs
[2024-08-22T10:47:04.458+0700] {logging_mixin.py:190} INFO - [2024-08-22T10:47:04.458+0700] {dag.py:4138} INFO - Setting next_dagrun for example_task_group to 2024-08-21 00:00:00+00:00, run_after=2024-08-22 00:00:00+00:00
[2024-08-22T10:47:04.472+0700] {processor.py:208} INFO - Processing /home/user/.local/lib/python3.10/site-packages/airflow/example_dags/example_task_group.py took 0.054 seconds
[2024-08-22T10:53:33.174+0700] {processor.py:186} INFO - Started process (PID=20295) to work on /home/user/.local/lib/python3.10/site-packages/airflow/example_dags/example_task_group.py
[2024-08-22T10:53:33.176+0700] {processor.py:914} INFO - Processing file /home/user/.local/lib/python3.10/site-packages/airflow/example_dags/example_task_group.py for tasks to queue
[2024-08-22T10:53:33.178+0700] {logging_mixin.py:190} INFO - [2024-08-22T10:53:33.177+0700] {dagbag.py:587} INFO - Filling up the DagBag from /home/user/.local/lib/python3.10/site-packages/airflow/example_dags/example_task_group.py
[2024-08-22T10:53:33.186+0700] {processor.py:925} INFO - DAG(s) 'example_task_group' retrieved from /home/user/.local/lib/python3.10/site-packages/airflow/example_dags/example_task_group.py
[2024-08-22T10:53:33.200+0700] {logging_mixin.py:190} INFO - [2024-08-22T10:53:33.199+0700] {dag.py:3211} INFO - Sync 1 DAGs
[2024-08-22T10:53:33.222+0700] {logging_mixin.py:190} INFO - [2024-08-22T10:53:33.222+0700] {dag.py:4138} INFO - Setting next_dagrun for example_task_group to 2024-08-21 00:00:00+00:00, run_after=2024-08-22 00:00:00+00:00
[2024-08-22T10:53:33.242+0700] {processor.py:208} INFO - Processing /home/user/.local/lib/python3.10/site-packages/airflow/example_dags/example_task_group.py took 0.076 seconds
[2024-08-22T10:56:18.304+0700] {processor.py:186} INFO - Started process (PID=21756) to work on /home/user/.local/lib/python3.10/site-packages/airflow/example_dags/example_task_group.py
[2024-08-22T10:56:18.305+0700] {processor.py:914} INFO - Processing file /home/user/.local/lib/python3.10/site-packages/airflow/example_dags/example_task_group.py for tasks to queue
[2024-08-22T10:56:18.307+0700] {logging_mixin.py:190} INFO - [2024-08-22T10:56:18.307+0700] {dagbag.py:587} INFO - Filling up the DagBag from /home/user/.local/lib/python3.10/site-packages/airflow/example_dags/example_task_group.py
[2024-08-22T10:56:18.314+0700] {processor.py:925} INFO - DAG(s) 'example_task_group' retrieved from /home/user/.local/lib/python3.10/site-packages/airflow/example_dags/example_task_group.py
[2024-08-22T10:56:18.328+0700] {logging_mixin.py:190} INFO - [2024-08-22T10:56:18.328+0700] {dag.py:3211} INFO - Sync 1 DAGs
[2024-08-22T10:56:18.343+0700] {logging_mixin.py:190} INFO - [2024-08-22T10:56:18.342+0700] {dag.py:4138} INFO - Setting next_dagrun for example_task_group to 2024-08-21 00:00:00+00:00, run_after=2024-08-22 00:00:00+00:00
[2024-08-22T10:56:18.371+0700] {processor.py:208} INFO - Processing /home/user/.local/lib/python3.10/site-packages/airflow/example_dags/example_task_group.py took 0.072 seconds
[2024-08-22T10:57:20.762+0700] {processor.py:186} INFO - Started process (PID=22251) to work on /home/user/.local/lib/python3.10/site-packages/airflow/example_dags/example_task_group.py
[2024-08-22T10:57:20.764+0700] {processor.py:914} INFO - Processing file /home/user/.local/lib/python3.10/site-packages/airflow/example_dags/example_task_group.py for tasks to queue
[2024-08-22T10:57:20.766+0700] {logging_mixin.py:190} INFO - [2024-08-22T10:57:20.766+0700] {dagbag.py:587} INFO - Filling up the DagBag from /home/user/.local/lib/python3.10/site-packages/airflow/example_dags/example_task_group.py
[2024-08-22T10:57:20.777+0700] {processor.py:925} INFO - DAG(s) 'example_task_group' retrieved from /home/user/.local/lib/python3.10/site-packages/airflow/example_dags/example_task_group.py
[2024-08-22T10:57:20.794+0700] {logging_mixin.py:190} INFO - [2024-08-22T10:57:20.794+0700] {dag.py:3211} INFO - Sync 1 DAGs
[2024-08-22T10:57:20.814+0700] {logging_mixin.py:190} INFO - [2024-08-22T10:57:20.814+0700] {dag.py:4138} INFO - Setting next_dagrun for example_task_group to 2024-08-21 00:00:00+00:00, run_after=2024-08-22 00:00:00+00:00
[2024-08-22T10:57:20.836+0700] {processor.py:208} INFO - Processing /home/user/.local/lib/python3.10/site-packages/airflow/example_dags/example_task_group.py took 0.080 seconds
[2024-08-22T10:58:20.881+0700] {processor.py:186} INFO - Started process (PID=22883) to work on /home/user/.local/lib/python3.10/site-packages/airflow/example_dags/example_task_group.py
[2024-08-22T10:58:20.883+0700] {processor.py:914} INFO - Processing file /home/user/.local/lib/python3.10/site-packages/airflow/example_dags/example_task_group.py for tasks to queue
[2024-08-22T10:58:20.885+0700] {logging_mixin.py:190} INFO - [2024-08-22T10:58:20.884+0700] {dagbag.py:587} INFO - Filling up the DagBag from /home/user/.local/lib/python3.10/site-packages/airflow/example_dags/example_task_group.py
[2024-08-22T10:58:20.895+0700] {processor.py:925} INFO - DAG(s) 'example_task_group' retrieved from /home/user/.local/lib/python3.10/site-packages/airflow/example_dags/example_task_group.py
[2024-08-22T10:58:20.916+0700] {logging_mixin.py:190} INFO - [2024-08-22T10:58:20.915+0700] {dag.py:3211} INFO - Sync 1 DAGs
[2024-08-22T10:58:20.942+0700] {logging_mixin.py:190} INFO - [2024-08-22T10:58:20.942+0700] {dag.py:4138} INFO - Setting next_dagrun for example_task_group to 2024-08-21 00:00:00+00:00, run_after=2024-08-22 00:00:00+00:00
[2024-08-22T10:58:20.988+0700] {processor.py:208} INFO - Processing /home/user/.local/lib/python3.10/site-packages/airflow/example_dags/example_task_group.py took 0.114 seconds
[2024-08-22T10:59:30.828+0700] {processor.py:186} INFO - Started process (PID=23592) to work on /home/user/.local/lib/python3.10/site-packages/airflow/example_dags/example_task_group.py
[2024-08-22T10:59:30.830+0700] {processor.py:914} INFO - Processing file /home/user/.local/lib/python3.10/site-packages/airflow/example_dags/example_task_group.py for tasks to queue
[2024-08-22T10:59:30.833+0700] {logging_mixin.py:190} INFO - [2024-08-22T10:59:30.832+0700] {dagbag.py:587} INFO - Filling up the DagBag from /home/user/.local/lib/python3.10/site-packages/airflow/example_dags/example_task_group.py
[2024-08-22T10:59:30.843+0700] {processor.py:925} INFO - DAG(s) 'example_task_group' retrieved from /home/user/.local/lib/python3.10/site-packages/airflow/example_dags/example_task_group.py
[2024-08-22T10:59:30.859+0700] {logging_mixin.py:190} INFO - [2024-08-22T10:59:30.858+0700] {dag.py:3211} INFO - Sync 1 DAGs
[2024-08-22T10:59:30.880+0700] {logging_mixin.py:190} INFO - [2024-08-22T10:59:30.880+0700] {dag.py:4138} INFO - Setting next_dagrun for example_task_group to 2024-08-21 00:00:00+00:00, run_after=2024-08-22 00:00:00+00:00
[2024-08-22T10:59:30.900+0700] {processor.py:208} INFO - Processing /home/user/.local/lib/python3.10/site-packages/airflow/example_dags/example_task_group.py took 0.077 seconds
[2024-08-22T11:00:28.027+0700] {processor.py:186} INFO - Started process (PID=24068) to work on /home/user/.local/lib/python3.10/site-packages/airflow/example_dags/example_task_group.py
[2024-08-22T11:00:28.029+0700] {processor.py:914} INFO - Processing file /home/user/.local/lib/python3.10/site-packages/airflow/example_dags/example_task_group.py for tasks to queue
[2024-08-22T11:00:28.032+0700] {logging_mixin.py:190} INFO - [2024-08-22T11:00:28.031+0700] {dagbag.py:587} INFO - Filling up the DagBag from /home/user/.local/lib/python3.10/site-packages/airflow/example_dags/example_task_group.py
[2024-08-22T11:00:28.043+0700] {processor.py:925} INFO - DAG(s) 'example_task_group' retrieved from /home/user/.local/lib/python3.10/site-packages/airflow/example_dags/example_task_group.py
[2024-08-22T11:00:28.059+0700] {logging_mixin.py:190} INFO - [2024-08-22T11:00:28.059+0700] {dag.py:3211} INFO - Sync 1 DAGs
[2024-08-22T11:00:28.078+0700] {logging_mixin.py:190} INFO - [2024-08-22T11:00:28.077+0700] {dag.py:4138} INFO - Setting next_dagrun for example_task_group to 2024-08-21 00:00:00+00:00, run_after=2024-08-22 00:00:00+00:00
[2024-08-22T11:00:28.100+0700] {processor.py:208} INFO - Processing /home/user/.local/lib/python3.10/site-packages/airflow/example_dags/example_task_group.py took 0.079 seconds
[2024-08-22T11:01:24.698+0700] {processor.py:186} INFO - Started process (PID=24523) to work on /home/user/.local/lib/python3.10/site-packages/airflow/example_dags/example_task_group.py
[2024-08-22T11:01:24.700+0700] {processor.py:914} INFO - Processing file /home/user/.local/lib/python3.10/site-packages/airflow/example_dags/example_task_group.py for tasks to queue
[2024-08-22T11:01:24.704+0700] {logging_mixin.py:190} INFO - [2024-08-22T11:01:24.703+0700] {dagbag.py:587} INFO - Filling up the DagBag from /home/user/.local/lib/python3.10/site-packages/airflow/example_dags/example_task_group.py
[2024-08-22T11:01:24.712+0700] {processor.py:925} INFO - DAG(s) 'example_task_group' retrieved from /home/user/.local/lib/python3.10/site-packages/airflow/example_dags/example_task_group.py
[2024-08-22T11:01:24.727+0700] {logging_mixin.py:190} INFO - [2024-08-22T11:01:24.726+0700] {dag.py:3211} INFO - Sync 1 DAGs
[2024-08-22T11:01:24.744+0700] {logging_mixin.py:190} INFO - [2024-08-22T11:01:24.743+0700] {dag.py:4138} INFO - Setting next_dagrun for example_task_group to 2024-08-21 00:00:00+00:00, run_after=2024-08-22 00:00:00+00:00
[2024-08-22T11:01:24.765+0700] {processor.py:208} INFO - Processing /home/user/.local/lib/python3.10/site-packages/airflow/example_dags/example_task_group.py took 0.074 seconds
[2024-08-22T11:02:26.254+0700] {processor.py:186} INFO - Started process (PID=25012) to work on /home/user/.local/lib/python3.10/site-packages/airflow/example_dags/example_task_group.py
[2024-08-22T11:02:26.256+0700] {processor.py:914} INFO - Processing file /home/user/.local/lib/python3.10/site-packages/airflow/example_dags/example_task_group.py for tasks to queue
[2024-08-22T11:02:26.259+0700] {logging_mixin.py:190} INFO - [2024-08-22T11:02:26.258+0700] {dagbag.py:587} INFO - Filling up the DagBag from /home/user/.local/lib/python3.10/site-packages/airflow/example_dags/example_task_group.py
[2024-08-22T11:02:26.268+0700] {processor.py:925} INFO - DAG(s) 'example_task_group' retrieved from /home/user/.local/lib/python3.10/site-packages/airflow/example_dags/example_task_group.py
[2024-08-22T11:02:26.286+0700] {logging_mixin.py:190} INFO - [2024-08-22T11:02:26.285+0700] {dag.py:3211} INFO - Sync 1 DAGs
[2024-08-22T11:02:26.301+0700] {logging_mixin.py:190} INFO - [2024-08-22T11:02:26.301+0700] {dag.py:4138} INFO - Setting next_dagrun for example_task_group to 2024-08-21 00:00:00+00:00, run_after=2024-08-22 00:00:00+00:00
[2024-08-22T11:02:26.320+0700] {processor.py:208} INFO - Processing /home/user/.local/lib/python3.10/site-packages/airflow/example_dags/example_task_group.py took 0.074 seconds
[2024-08-22T11:03:27.727+0700] {processor.py:186} INFO - Started process (PID=25631) to work on /home/user/.local/lib/python3.10/site-packages/airflow/example_dags/example_task_group.py
[2024-08-22T11:03:27.729+0700] {processor.py:914} INFO - Processing file /home/user/.local/lib/python3.10/site-packages/airflow/example_dags/example_task_group.py for tasks to queue
[2024-08-22T11:03:27.731+0700] {logging_mixin.py:190} INFO - [2024-08-22T11:03:27.730+0700] {dagbag.py:587} INFO - Filling up the DagBag from /home/user/.local/lib/python3.10/site-packages/airflow/example_dags/example_task_group.py
[2024-08-22T11:03:27.739+0700] {processor.py:925} INFO - DAG(s) 'example_task_group' retrieved from /home/user/.local/lib/python3.10/site-packages/airflow/example_dags/example_task_group.py
[2024-08-22T11:03:27.760+0700] {logging_mixin.py:190} INFO - [2024-08-22T11:03:27.760+0700] {dag.py:3211} INFO - Sync 1 DAGs
[2024-08-22T11:03:27.775+0700] {logging_mixin.py:190} INFO - [2024-08-22T11:03:27.775+0700] {dag.py:4138} INFO - Setting next_dagrun for example_task_group to 2024-08-21 00:00:00+00:00, run_after=2024-08-22 00:00:00+00:00
[2024-08-22T11:03:27.793+0700] {processor.py:208} INFO - Processing /home/user/.local/lib/python3.10/site-packages/airflow/example_dags/example_task_group.py took 0.071 seconds
[2024-08-22T11:04:25.736+0700] {processor.py:186} INFO - Started process (PID=26147) to work on /home/user/.local/lib/python3.10/site-packages/airflow/example_dags/example_task_group.py
[2024-08-22T11:04:25.738+0700] {processor.py:914} INFO - Processing file /home/user/.local/lib/python3.10/site-packages/airflow/example_dags/example_task_group.py for tasks to queue
[2024-08-22T11:04:25.739+0700] {logging_mixin.py:190} INFO - [2024-08-22T11:04:25.739+0700] {dagbag.py:587} INFO - Filling up the DagBag from /home/user/.local/lib/python3.10/site-packages/airflow/example_dags/example_task_group.py
[2024-08-22T11:04:25.750+0700] {processor.py:925} INFO - DAG(s) 'example_task_group' retrieved from /home/user/.local/lib/python3.10/site-packages/airflow/example_dags/example_task_group.py
[2024-08-22T11:04:25.770+0700] {logging_mixin.py:190} INFO - [2024-08-22T11:04:25.770+0700] {dag.py:3211} INFO - Sync 1 DAGs
[2024-08-22T11:04:25.789+0700] {logging_mixin.py:190} INFO - [2024-08-22T11:04:25.789+0700] {dag.py:4138} INFO - Setting next_dagrun for example_task_group to 2024-08-21 00:00:00+00:00, run_after=2024-08-22 00:00:00+00:00
[2024-08-22T11:04:25.820+0700] {processor.py:208} INFO - Processing /home/user/.local/lib/python3.10/site-packages/airflow/example_dags/example_task_group.py took 0.089 seconds
[2024-08-22T11:05:12.581+0700] {processor.py:186} INFO - Started process (PID=26446) to work on /home/user/.local/lib/python3.10/site-packages/airflow/example_dags/example_task_group.py
[2024-08-22T11:05:12.582+0700] {processor.py:914} INFO - Processing file /home/user/.local/lib/python3.10/site-packages/airflow/example_dags/example_task_group.py for tasks to queue
[2024-08-22T11:05:12.583+0700] {logging_mixin.py:190} INFO - [2024-08-22T11:05:12.583+0700] {dagbag.py:587} INFO - Filling up the DagBag from /home/user/.local/lib/python3.10/site-packages/airflow/example_dags/example_task_group.py
[2024-08-22T11:05:12.590+0700] {processor.py:925} INFO - DAG(s) 'example_task_group' retrieved from /home/user/.local/lib/python3.10/site-packages/airflow/example_dags/example_task_group.py
[2024-08-22T11:05:12.604+0700] {logging_mixin.py:190} INFO - [2024-08-22T11:05:12.604+0700] {dag.py:3211} INFO - Sync 1 DAGs
[2024-08-22T11:05:12.620+0700] {logging_mixin.py:190} INFO - [2024-08-22T11:05:12.620+0700] {dag.py:4138} INFO - Setting next_dagrun for example_task_group to 2024-08-21 00:00:00+00:00, run_after=2024-08-22 00:00:00+00:00
[2024-08-22T11:05:12.636+0700] {processor.py:208} INFO - Processing /home/user/.local/lib/python3.10/site-packages/airflow/example_dags/example_task_group.py took 0.060 seconds
[2024-08-22T11:06:10.490+0700] {processor.py:186} INFO - Started process (PID=26824) to work on /home/user/.local/lib/python3.10/site-packages/airflow/example_dags/example_task_group.py
[2024-08-22T11:06:10.492+0700] {processor.py:914} INFO - Processing file /home/user/.local/lib/python3.10/site-packages/airflow/example_dags/example_task_group.py for tasks to queue
[2024-08-22T11:06:10.493+0700] {logging_mixin.py:190} INFO - [2024-08-22T11:06:10.493+0700] {dagbag.py:587} INFO - Filling up the DagBag from /home/user/.local/lib/python3.10/site-packages/airflow/example_dags/example_task_group.py
[2024-08-22T11:06:10.500+0700] {processor.py:925} INFO - DAG(s) 'example_task_group' retrieved from /home/user/.local/lib/python3.10/site-packages/airflow/example_dags/example_task_group.py
[2024-08-22T11:06:10.518+0700] {logging_mixin.py:190} INFO - [2024-08-22T11:06:10.518+0700] {dag.py:3211} INFO - Sync 1 DAGs
[2024-08-22T11:06:10.540+0700] {logging_mixin.py:190} INFO - [2024-08-22T11:06:10.540+0700] {dag.py:4138} INFO - Setting next_dagrun for example_task_group to 2024-08-21 00:00:00+00:00, run_after=2024-08-22 00:00:00+00:00
[2024-08-22T11:06:10.558+0700] {processor.py:208} INFO - Processing /home/user/.local/lib/python3.10/site-packages/airflow/example_dags/example_task_group.py took 0.073 seconds
[2024-08-22T11:07:06.474+0700] {processor.py:186} INFO - Started process (PID=27263) to work on /home/user/.local/lib/python3.10/site-packages/airflow/example_dags/example_task_group.py
[2024-08-22T11:07:06.477+0700] {processor.py:914} INFO - Processing file /home/user/.local/lib/python3.10/site-packages/airflow/example_dags/example_task_group.py for tasks to queue
[2024-08-22T11:07:06.488+0700] {logging_mixin.py:190} INFO - [2024-08-22T11:07:06.486+0700] {dagbag.py:587} INFO - Filling up the DagBag from /home/user/.local/lib/python3.10/site-packages/airflow/example_dags/example_task_group.py
[2024-08-22T11:07:06.501+0700] {processor.py:925} INFO - DAG(s) 'example_task_group' retrieved from /home/user/.local/lib/python3.10/site-packages/airflow/example_dags/example_task_group.py
[2024-08-22T11:07:06.515+0700] {logging_mixin.py:190} INFO - [2024-08-22T11:07:06.514+0700] {dag.py:3211} INFO - Sync 1 DAGs
[2024-08-22T11:07:06.532+0700] {logging_mixin.py:190} INFO - [2024-08-22T11:07:06.532+0700] {dag.py:4138} INFO - Setting next_dagrun for example_task_group to 2024-08-21 00:00:00+00:00, run_after=2024-08-22 00:00:00+00:00
[2024-08-22T11:07:06.551+0700] {processor.py:208} INFO - Processing /home/user/.local/lib/python3.10/site-packages/airflow/example_dags/example_task_group.py took 0.085 seconds
[2024-08-22T11:08:17.045+0700] {processor.py:186} INFO - Started process (PID=27815) to work on /home/user/.local/lib/python3.10/site-packages/airflow/example_dags/example_task_group.py
[2024-08-22T11:08:17.046+0700] {processor.py:914} INFO - Processing file /home/user/.local/lib/python3.10/site-packages/airflow/example_dags/example_task_group.py for tasks to queue
[2024-08-22T11:08:17.048+0700] {logging_mixin.py:190} INFO - [2024-08-22T11:08:17.048+0700] {dagbag.py:587} INFO - Filling up the DagBag from /home/user/.local/lib/python3.10/site-packages/airflow/example_dags/example_task_group.py
[2024-08-22T11:08:17.056+0700] {processor.py:925} INFO - DAG(s) 'example_task_group' retrieved from /home/user/.local/lib/python3.10/site-packages/airflow/example_dags/example_task_group.py
[2024-08-22T11:08:17.074+0700] {logging_mixin.py:190} INFO - [2024-08-22T11:08:17.074+0700] {dag.py:3211} INFO - Sync 1 DAGs
[2024-08-22T11:08:17.091+0700] {logging_mixin.py:190} INFO - [2024-08-22T11:08:17.091+0700] {dag.py:4138} INFO - Setting next_dagrun for example_task_group to 2024-08-21 00:00:00+00:00, run_after=2024-08-22 00:00:00+00:00
[2024-08-22T11:08:17.117+0700] {processor.py:208} INFO - Processing /home/user/.local/lib/python3.10/site-packages/airflow/example_dags/example_task_group.py took 0.077 seconds
[2024-08-22T11:09:13.099+0700] {processor.py:186} INFO - Started process (PID=28252) to work on /home/user/.local/lib/python3.10/site-packages/airflow/example_dags/example_task_group.py
[2024-08-22T11:09:13.100+0700] {processor.py:914} INFO - Processing file /home/user/.local/lib/python3.10/site-packages/airflow/example_dags/example_task_group.py for tasks to queue
[2024-08-22T11:09:13.102+0700] {logging_mixin.py:190} INFO - [2024-08-22T11:09:13.102+0700] {dagbag.py:587} INFO - Filling up the DagBag from /home/user/.local/lib/python3.10/site-packages/airflow/example_dags/example_task_group.py
[2024-08-22T11:09:13.109+0700] {processor.py:925} INFO - DAG(s) 'example_task_group' retrieved from /home/user/.local/lib/python3.10/site-packages/airflow/example_dags/example_task_group.py
[2024-08-22T11:09:13.125+0700] {logging_mixin.py:190} INFO - [2024-08-22T11:09:13.125+0700] {dag.py:3211} INFO - Sync 1 DAGs
[2024-08-22T11:09:13.141+0700] {logging_mixin.py:190} INFO - [2024-08-22T11:09:13.141+0700] {dag.py:4138} INFO - Setting next_dagrun for example_task_group to 2024-08-21 00:00:00+00:00, run_after=2024-08-22 00:00:00+00:00
[2024-08-22T11:09:13.162+0700] {processor.py:208} INFO - Processing /home/user/.local/lib/python3.10/site-packages/airflow/example_dags/example_task_group.py took 0.069 seconds
[2024-08-22T11:10:08.684+0700] {processor.py:186} INFO - Started process (PID=28688) to work on /home/user/.local/lib/python3.10/site-packages/airflow/example_dags/example_task_group.py
[2024-08-22T11:10:08.685+0700] {processor.py:914} INFO - Processing file /home/user/.local/lib/python3.10/site-packages/airflow/example_dags/example_task_group.py for tasks to queue
[2024-08-22T11:10:08.687+0700] {logging_mixin.py:190} INFO - [2024-08-22T11:10:08.686+0700] {dagbag.py:587} INFO - Filling up the DagBag from /home/user/.local/lib/python3.10/site-packages/airflow/example_dags/example_task_group.py
[2024-08-22T11:10:08.695+0700] {processor.py:925} INFO - DAG(s) 'example_task_group' retrieved from /home/user/.local/lib/python3.10/site-packages/airflow/example_dags/example_task_group.py
[2024-08-22T11:10:08.710+0700] {logging_mixin.py:190} INFO - [2024-08-22T11:10:08.709+0700] {dag.py:3211} INFO - Sync 1 DAGs
[2024-08-22T11:10:08.725+0700] {logging_mixin.py:190} INFO - [2024-08-22T11:10:08.725+0700] {dag.py:4138} INFO - Setting next_dagrun for example_task_group to 2024-08-21 00:00:00+00:00, run_after=2024-08-22 00:00:00+00:00
[2024-08-22T11:10:08.746+0700] {processor.py:208} INFO - Processing /home/user/.local/lib/python3.10/site-packages/airflow/example_dags/example_task_group.py took 0.068 seconds
[2024-08-22T11:11:01.764+0700] {processor.py:186} INFO - Started process (PID=29105) to work on /home/user/.local/lib/python3.10/site-packages/airflow/example_dags/example_task_group.py
[2024-08-22T11:11:01.766+0700] {processor.py:914} INFO - Processing file /home/user/.local/lib/python3.10/site-packages/airflow/example_dags/example_task_group.py for tasks to queue
[2024-08-22T11:11:01.768+0700] {logging_mixin.py:190} INFO - [2024-08-22T11:11:01.767+0700] {dagbag.py:587} INFO - Filling up the DagBag from /home/user/.local/lib/python3.10/site-packages/airflow/example_dags/example_task_group.py
[2024-08-22T11:11:01.778+0700] {processor.py:925} INFO - DAG(s) 'example_task_group' retrieved from /home/user/.local/lib/python3.10/site-packages/airflow/example_dags/example_task_group.py
[2024-08-22T11:11:01.791+0700] {logging_mixin.py:190} INFO - [2024-08-22T11:11:01.791+0700] {dag.py:3211} INFO - Sync 1 DAGs
[2024-08-22T11:11:01.804+0700] {logging_mixin.py:190} INFO - [2024-08-22T11:11:01.804+0700] {dag.py:4138} INFO - Setting next_dagrun for example_task_group to 2024-08-21 00:00:00+00:00, run_after=2024-08-22 00:00:00+00:00
[2024-08-22T11:11:01.822+0700] {processor.py:208} INFO - Processing /home/user/.local/lib/python3.10/site-packages/airflow/example_dags/example_task_group.py took 0.063 seconds
[2024-08-22T11:12:21.638+0700] {processor.py:186} INFO - Started process (PID=29859) to work on /home/user/.local/lib/python3.10/site-packages/airflow/example_dags/example_task_group.py
[2024-08-22T11:12:21.639+0700] {processor.py:914} INFO - Processing file /home/user/.local/lib/python3.10/site-packages/airflow/example_dags/example_task_group.py for tasks to queue
[2024-08-22T11:12:21.641+0700] {logging_mixin.py:190} INFO - [2024-08-22T11:12:21.640+0700] {dagbag.py:587} INFO - Filling up the DagBag from /home/user/.local/lib/python3.10/site-packages/airflow/example_dags/example_task_group.py
[2024-08-22T11:12:21.651+0700] {processor.py:925} INFO - DAG(s) 'example_task_group' retrieved from /home/user/.local/lib/python3.10/site-packages/airflow/example_dags/example_task_group.py
[2024-08-22T11:12:21.748+0700] {logging_mixin.py:190} INFO - [2024-08-22T11:12:21.747+0700] {override.py:1858} INFO - Created Permission View: can read on DAG:example_task_group
[2024-08-22T11:12:21.760+0700] {logging_mixin.py:190} INFO - [2024-08-22T11:12:21.759+0700] {override.py:1858} INFO - Created Permission View: can edit on DAG:example_task_group
[2024-08-22T11:12:21.769+0700] {logging_mixin.py:190} INFO - [2024-08-22T11:12:21.768+0700] {override.py:1858} INFO - Created Permission View: can delete on DAG:example_task_group
[2024-08-22T11:12:21.769+0700] {logging_mixin.py:190} INFO - [2024-08-22T11:12:21.769+0700] {dag.py:3211} INFO - Sync 1 DAGs
[2024-08-22T11:12:21.778+0700] {logging_mixin.py:190} INFO - [2024-08-22T11:12:21.778+0700] {dag.py:3234} INFO - Creating ORM DAG for example_task_group
[2024-08-22T11:12:21.784+0700] {logging_mixin.py:190} INFO - [2024-08-22T11:12:21.784+0700] {dag.py:4138} INFO - Setting next_dagrun for example_task_group to 2024-08-21 00:00:00+00:00, run_after=2024-08-22 00:00:00+00:00
[2024-08-22T11:12:21.800+0700] {processor.py:208} INFO - Processing /home/user/.local/lib/python3.10/site-packages/airflow/example_dags/example_task_group.py took 0.168 seconds
[2024-08-22T11:13:49.237+0700] {processor.py:186} INFO - Started process (PID=30557) to work on /home/user/.local/lib/python3.10/site-packages/airflow/example_dags/example_task_group.py
[2024-08-22T11:13:49.238+0700] {processor.py:914} INFO - Processing file /home/user/.local/lib/python3.10/site-packages/airflow/example_dags/example_task_group.py for tasks to queue
[2024-08-22T11:13:49.240+0700] {logging_mixin.py:190} INFO - [2024-08-22T11:13:49.240+0700] {dagbag.py:587} INFO - Filling up the DagBag from /home/user/.local/lib/python3.10/site-packages/airflow/example_dags/example_task_group.py
[2024-08-22T11:13:49.251+0700] {processor.py:925} INFO - DAG(s) 'example_task_group' retrieved from /home/user/.local/lib/python3.10/site-packages/airflow/example_dags/example_task_group.py
[2024-08-22T11:13:49.275+0700] {logging_mixin.py:190} INFO - [2024-08-22T11:13:49.274+0700] {dag.py:3211} INFO - Sync 1 DAGs
[2024-08-22T11:13:49.300+0700] {logging_mixin.py:190} INFO - [2024-08-22T11:13:49.300+0700] {dag.py:4138} INFO - Setting next_dagrun for example_task_group to 2024-08-21 00:00:00+00:00, run_after=2024-08-22 00:00:00+00:00
[2024-08-22T11:13:49.324+0700] {processor.py:208} INFO - Processing /home/user/.local/lib/python3.10/site-packages/airflow/example_dags/example_task_group.py took 0.092 seconds
[2024-08-22T11:14:48.577+0700] {processor.py:186} INFO - Started process (PID=31030) to work on /home/user/.local/lib/python3.10/site-packages/airflow/example_dags/example_task_group.py
[2024-08-22T11:14:48.578+0700] {processor.py:914} INFO - Processing file /home/user/.local/lib/python3.10/site-packages/airflow/example_dags/example_task_group.py for tasks to queue
[2024-08-22T11:14:48.580+0700] {logging_mixin.py:190} INFO - [2024-08-22T11:14:48.580+0700] {dagbag.py:587} INFO - Filling up the DagBag from /home/user/.local/lib/python3.10/site-packages/airflow/example_dags/example_task_group.py
[2024-08-22T11:14:48.590+0700] {processor.py:925} INFO - DAG(s) 'example_task_group' retrieved from /home/user/.local/lib/python3.10/site-packages/airflow/example_dags/example_task_group.py
[2024-08-22T11:14:48.605+0700] {logging_mixin.py:190} INFO - [2024-08-22T11:14:48.605+0700] {dag.py:3211} INFO - Sync 1 DAGs
[2024-08-22T11:14:48.623+0700] {logging_mixin.py:190} INFO - [2024-08-22T11:14:48.623+0700] {dag.py:4138} INFO - Setting next_dagrun for example_task_group to 2024-08-21 00:00:00+00:00, run_after=2024-08-22 00:00:00+00:00
[2024-08-22T11:14:48.644+0700] {processor.py:208} INFO - Processing /home/user/.local/lib/python3.10/site-packages/airflow/example_dags/example_task_group.py took 0.073 seconds
[2024-08-22T11:15:45.931+0700] {processor.py:186} INFO - Started process (PID=31482) to work on /home/user/.local/lib/python3.10/site-packages/airflow/example_dags/example_task_group.py
[2024-08-22T11:15:45.948+0700] {processor.py:914} INFO - Processing file /home/user/.local/lib/python3.10/site-packages/airflow/example_dags/example_task_group.py for tasks to queue
[2024-08-22T11:15:45.951+0700] {logging_mixin.py:190} INFO - [2024-08-22T11:15:45.950+0700] {dagbag.py:587} INFO - Filling up the DagBag from /home/user/.local/lib/python3.10/site-packages/airflow/example_dags/example_task_group.py
[2024-08-22T11:15:45.961+0700] {processor.py:925} INFO - DAG(s) 'example_task_group' retrieved from /home/user/.local/lib/python3.10/site-packages/airflow/example_dags/example_task_group.py
[2024-08-22T11:15:45.979+0700] {logging_mixin.py:190} INFO - [2024-08-22T11:15:45.979+0700] {dag.py:3211} INFO - Sync 1 DAGs
[2024-08-22T11:15:45.999+0700] {logging_mixin.py:190} INFO - [2024-08-22T11:15:45.999+0700] {dag.py:4138} INFO - Setting next_dagrun for example_task_group to 2024-08-21 00:00:00+00:00, run_after=2024-08-22 00:00:00+00:00
[2024-08-22T11:15:46.027+0700] {processor.py:208} INFO - Processing /home/user/.local/lib/python3.10/site-packages/airflow/example_dags/example_task_group.py took 0.101 seconds
[2024-08-22T11:16:41.767+0700] {processor.py:186} INFO - Started process (PID=31976) to work on /home/user/.local/lib/python3.10/site-packages/airflow/example_dags/example_task_group.py
[2024-08-22T11:16:41.768+0700] {processor.py:914} INFO - Processing file /home/user/.local/lib/python3.10/site-packages/airflow/example_dags/example_task_group.py for tasks to queue
[2024-08-22T11:16:41.771+0700] {logging_mixin.py:190} INFO - [2024-08-22T11:16:41.770+0700] {dagbag.py:587} INFO - Filling up the DagBag from /home/user/.local/lib/python3.10/site-packages/airflow/example_dags/example_task_group.py
[2024-08-22T11:16:41.779+0700] {processor.py:925} INFO - DAG(s) 'example_task_group' retrieved from /home/user/.local/lib/python3.10/site-packages/airflow/example_dags/example_task_group.py
[2024-08-22T11:16:41.794+0700] {logging_mixin.py:190} INFO - [2024-08-22T11:16:41.794+0700] {dag.py:3211} INFO - Sync 1 DAGs
[2024-08-22T11:16:41.810+0700] {logging_mixin.py:190} INFO - [2024-08-22T11:16:41.810+0700] {dag.py:4138} INFO - Setting next_dagrun for example_task_group to 2024-08-21 00:00:00+00:00, run_after=2024-08-22 00:00:00+00:00
[2024-08-22T11:16:41.835+0700] {processor.py:208} INFO - Processing /home/user/.local/lib/python3.10/site-packages/airflow/example_dags/example_task_group.py took 0.074 seconds
[2024-08-22T11:17:17.617+0700] {processor.py:186} INFO - Started process (PID=32192) to work on /home/user/.local/lib/python3.10/site-packages/airflow/example_dags/example_task_group.py
[2024-08-22T11:17:17.618+0700] {processor.py:914} INFO - Processing file /home/user/.local/lib/python3.10/site-packages/airflow/example_dags/example_task_group.py for tasks to queue
[2024-08-22T11:17:17.620+0700] {logging_mixin.py:190} INFO - [2024-08-22T11:17:17.620+0700] {dagbag.py:587} INFO - Filling up the DagBag from /home/user/.local/lib/python3.10/site-packages/airflow/example_dags/example_task_group.py
[2024-08-22T11:17:17.628+0700] {processor.py:925} INFO - DAG(s) 'example_task_group' retrieved from /home/user/.local/lib/python3.10/site-packages/airflow/example_dags/example_task_group.py
[2024-08-22T11:17:17.642+0700] {logging_mixin.py:190} INFO - [2024-08-22T11:17:17.642+0700] {dag.py:3211} INFO - Sync 1 DAGs
[2024-08-22T11:17:17.658+0700] {logging_mixin.py:190} INFO - [2024-08-22T11:17:17.658+0700] {dag.py:4138} INFO - Setting next_dagrun for example_task_group to 2024-08-21 00:00:00+00:00, run_after=2024-08-22 00:00:00+00:00
[2024-08-22T11:17:17.674+0700] {processor.py:208} INFO - Processing /home/user/.local/lib/python3.10/site-packages/airflow/example_dags/example_task_group.py took 0.062 seconds
[2024-08-22T11:18:16.604+0700] {processor.py:186} INFO - Started process (PID=32700) to work on /home/user/.local/lib/python3.10/site-packages/airflow/example_dags/example_task_group.py
[2024-08-22T11:18:16.606+0700] {processor.py:914} INFO - Processing file /home/user/.local/lib/python3.10/site-packages/airflow/example_dags/example_task_group.py for tasks to queue
[2024-08-22T11:18:16.608+0700] {logging_mixin.py:190} INFO - [2024-08-22T11:18:16.608+0700] {dagbag.py:587} INFO - Filling up the DagBag from /home/user/.local/lib/python3.10/site-packages/airflow/example_dags/example_task_group.py
[2024-08-22T11:18:16.615+0700] {processor.py:925} INFO - DAG(s) 'example_task_group' retrieved from /home/user/.local/lib/python3.10/site-packages/airflow/example_dags/example_task_group.py
[2024-08-22T11:18:16.629+0700] {logging_mixin.py:190} INFO - [2024-08-22T11:18:16.629+0700] {dag.py:3211} INFO - Sync 1 DAGs
[2024-08-22T11:18:16.646+0700] {logging_mixin.py:190} INFO - [2024-08-22T11:18:16.645+0700] {dag.py:4138} INFO - Setting next_dagrun for example_task_group to 2024-08-21 00:00:00+00:00, run_after=2024-08-22 00:00:00+00:00
[2024-08-22T11:18:16.664+0700] {processor.py:208} INFO - Processing /home/user/.local/lib/python3.10/site-packages/airflow/example_dags/example_task_group.py took 0.066 seconds
[2024-08-22T11:19:13.385+0700] {processor.py:186} INFO - Started process (PID=33141) to work on /home/user/.local/lib/python3.10/site-packages/airflow/example_dags/example_task_group.py
[2024-08-22T11:19:13.388+0700] {processor.py:914} INFO - Processing file /home/user/.local/lib/python3.10/site-packages/airflow/example_dags/example_task_group.py for tasks to queue
[2024-08-22T11:19:13.391+0700] {logging_mixin.py:190} INFO - [2024-08-22T11:19:13.390+0700] {dagbag.py:587} INFO - Filling up the DagBag from /home/user/.local/lib/python3.10/site-packages/airflow/example_dags/example_task_group.py
[2024-08-22T11:19:13.416+0700] {processor.py:925} INFO - DAG(s) 'example_task_group' retrieved from /home/user/.local/lib/python3.10/site-packages/airflow/example_dags/example_task_group.py
[2024-08-22T11:19:13.459+0700] {logging_mixin.py:190} INFO - [2024-08-22T11:19:13.459+0700] {dag.py:3211} INFO - Sync 1 DAGs
[2024-08-22T11:19:13.503+0700] {logging_mixin.py:190} INFO - [2024-08-22T11:19:13.502+0700] {dag.py:4138} INFO - Setting next_dagrun for example_task_group to 2024-08-21 00:00:00+00:00, run_after=2024-08-22 00:00:00+00:00
[2024-08-22T11:19:13.549+0700] {processor.py:208} INFO - Processing /home/user/.local/lib/python3.10/site-packages/airflow/example_dags/example_task_group.py took 0.174 seconds
[2024-08-22T11:20:15.419+0700] {processor.py:186} INFO - Started process (PID=33636) to work on /home/user/.local/lib/python3.10/site-packages/airflow/example_dags/example_task_group.py
[2024-08-22T11:20:15.420+0700] {processor.py:914} INFO - Processing file /home/user/.local/lib/python3.10/site-packages/airflow/example_dags/example_task_group.py for tasks to queue
[2024-08-22T11:20:15.422+0700] {logging_mixin.py:190} INFO - [2024-08-22T11:20:15.421+0700] {dagbag.py:587} INFO - Filling up the DagBag from /home/user/.local/lib/python3.10/site-packages/airflow/example_dags/example_task_group.py
[2024-08-22T11:20:15.429+0700] {processor.py:925} INFO - DAG(s) 'example_task_group' retrieved from /home/user/.local/lib/python3.10/site-packages/airflow/example_dags/example_task_group.py
[2024-08-22T11:20:15.443+0700] {logging_mixin.py:190} INFO - [2024-08-22T11:20:15.443+0700] {dag.py:3211} INFO - Sync 1 DAGs
[2024-08-22T11:20:15.457+0700] {logging_mixin.py:190} INFO - [2024-08-22T11:20:15.457+0700] {dag.py:4138} INFO - Setting next_dagrun for example_task_group to 2024-08-21 00:00:00+00:00, run_after=2024-08-22 00:00:00+00:00
[2024-08-22T11:20:15.476+0700] {processor.py:208} INFO - Processing /home/user/.local/lib/python3.10/site-packages/airflow/example_dags/example_task_group.py took 0.063 seconds
[2024-08-22T11:21:14.298+0700] {processor.py:186} INFO - Started process (PID=34095) to work on /home/user/.local/lib/python3.10/site-packages/airflow/example_dags/example_task_group.py
[2024-08-22T11:21:14.300+0700] {processor.py:914} INFO - Processing file /home/user/.local/lib/python3.10/site-packages/airflow/example_dags/example_task_group.py for tasks to queue
[2024-08-22T11:21:14.307+0700] {logging_mixin.py:190} INFO - [2024-08-22T11:21:14.305+0700] {dagbag.py:587} INFO - Filling up the DagBag from /home/user/.local/lib/python3.10/site-packages/airflow/example_dags/example_task_group.py
[2024-08-22T11:21:14.325+0700] {processor.py:925} INFO - DAG(s) 'example_task_group' retrieved from /home/user/.local/lib/python3.10/site-packages/airflow/example_dags/example_task_group.py
[2024-08-22T11:21:14.344+0700] {logging_mixin.py:190} INFO - [2024-08-22T11:21:14.344+0700] {dag.py:3211} INFO - Sync 1 DAGs
[2024-08-22T11:21:14.371+0700] {logging_mixin.py:190} INFO - [2024-08-22T11:21:14.371+0700] {dag.py:4138} INFO - Setting next_dagrun for example_task_group to 2024-08-21 00:00:00+00:00, run_after=2024-08-22 00:00:00+00:00
[2024-08-22T11:21:14.395+0700] {processor.py:208} INFO - Processing /home/user/.local/lib/python3.10/site-packages/airflow/example_dags/example_task_group.py took 0.104 seconds
[2024-08-22T11:22:15.742+0700] {processor.py:186} INFO - Started process (PID=34585) to work on /home/user/.local/lib/python3.10/site-packages/airflow/example_dags/example_task_group.py
[2024-08-22T11:22:15.744+0700] {processor.py:914} INFO - Processing file /home/user/.local/lib/python3.10/site-packages/airflow/example_dags/example_task_group.py for tasks to queue
[2024-08-22T11:22:15.746+0700] {logging_mixin.py:190} INFO - [2024-08-22T11:22:15.745+0700] {dagbag.py:587} INFO - Filling up the DagBag from /home/user/.local/lib/python3.10/site-packages/airflow/example_dags/example_task_group.py
[2024-08-22T11:22:15.753+0700] {processor.py:925} INFO - DAG(s) 'example_task_group' retrieved from /home/user/.local/lib/python3.10/site-packages/airflow/example_dags/example_task_group.py
[2024-08-22T11:22:15.767+0700] {logging_mixin.py:190} INFO - [2024-08-22T11:22:15.767+0700] {dag.py:3211} INFO - Sync 1 DAGs
[2024-08-22T11:22:15.781+0700] {logging_mixin.py:190} INFO - [2024-08-22T11:22:15.781+0700] {dag.py:4138} INFO - Setting next_dagrun for example_task_group to 2024-08-21 00:00:00+00:00, run_after=2024-08-22 00:00:00+00:00
[2024-08-22T11:22:15.799+0700] {processor.py:208} INFO - Processing /home/user/.local/lib/python3.10/site-packages/airflow/example_dags/example_task_group.py took 0.062 seconds
[2024-08-22T11:23:27.692+0700] {processor.py:186} INFO - Started process (PID=35171) to work on /home/user/.local/lib/python3.10/site-packages/airflow/example_dags/example_task_group.py
[2024-08-22T11:23:27.694+0700] {processor.py:914} INFO - Processing file /home/user/.local/lib/python3.10/site-packages/airflow/example_dags/example_task_group.py for tasks to queue
[2024-08-22T11:23:27.696+0700] {logging_mixin.py:190} INFO - [2024-08-22T11:23:27.695+0700] {dagbag.py:587} INFO - Filling up the DagBag from /home/user/.local/lib/python3.10/site-packages/airflow/example_dags/example_task_group.py
[2024-08-22T11:23:27.705+0700] {processor.py:925} INFO - DAG(s) 'example_task_group' retrieved from /home/user/.local/lib/python3.10/site-packages/airflow/example_dags/example_task_group.py
[2024-08-22T11:23:27.722+0700] {logging_mixin.py:190} INFO - [2024-08-22T11:23:27.722+0700] {dag.py:3211} INFO - Sync 1 DAGs
[2024-08-22T11:23:27.740+0700] {logging_mixin.py:190} INFO - [2024-08-22T11:23:27.740+0700] {dag.py:4138} INFO - Setting next_dagrun for example_task_group to 2024-08-21 00:00:00+00:00, run_after=2024-08-22 00:00:00+00:00
[2024-08-22T11:23:27.761+0700] {processor.py:208} INFO - Processing /home/user/.local/lib/python3.10/site-packages/airflow/example_dags/example_task_group.py took 0.074 seconds
[2024-08-22T11:24:22.464+0700] {processor.py:186} INFO - Started process (PID=35739) to work on /home/user/.local/lib/python3.10/site-packages/airflow/example_dags/example_task_group.py
[2024-08-22T11:24:22.465+0700] {processor.py:914} INFO - Processing file /home/user/.local/lib/python3.10/site-packages/airflow/example_dags/example_task_group.py for tasks to queue
[2024-08-22T11:24:22.468+0700] {logging_mixin.py:190} INFO - [2024-08-22T11:24:22.467+0700] {dagbag.py:587} INFO - Filling up the DagBag from /home/user/.local/lib/python3.10/site-packages/airflow/example_dags/example_task_group.py
[2024-08-22T11:24:22.478+0700] {processor.py:925} INFO - DAG(s) 'example_task_group' retrieved from /home/user/.local/lib/python3.10/site-packages/airflow/example_dags/example_task_group.py
[2024-08-22T11:24:22.500+0700] {logging_mixin.py:190} INFO - [2024-08-22T11:24:22.499+0700] {dag.py:3211} INFO - Sync 1 DAGs
[2024-08-22T11:24:22.522+0700] {logging_mixin.py:190} INFO - [2024-08-22T11:24:22.521+0700] {dag.py:4138} INFO - Setting next_dagrun for example_task_group to 2024-08-21 00:00:00+00:00, run_after=2024-08-22 00:00:00+00:00
[2024-08-22T11:24:22.544+0700] {processor.py:208} INFO - Processing /home/user/.local/lib/python3.10/site-packages/airflow/example_dags/example_task_group.py took 0.086 seconds
[2024-08-22T11:25:26.426+0700] {processor.py:186} INFO - Started process (PID=36314) to work on /home/user/.local/lib/python3.10/site-packages/airflow/example_dags/example_task_group.py
[2024-08-22T11:25:26.428+0700] {processor.py:914} INFO - Processing file /home/user/.local/lib/python3.10/site-packages/airflow/example_dags/example_task_group.py for tasks to queue
[2024-08-22T11:25:26.430+0700] {logging_mixin.py:190} INFO - [2024-08-22T11:25:26.430+0700] {dagbag.py:587} INFO - Filling up the DagBag from /home/user/.local/lib/python3.10/site-packages/airflow/example_dags/example_task_group.py
[2024-08-22T11:25:26.439+0700] {processor.py:925} INFO - DAG(s) 'example_task_group' retrieved from /home/user/.local/lib/python3.10/site-packages/airflow/example_dags/example_task_group.py
[2024-08-22T11:25:26.453+0700] {logging_mixin.py:190} INFO - [2024-08-22T11:25:26.453+0700] {dag.py:3211} INFO - Sync 1 DAGs
[2024-08-22T11:25:26.485+0700] {logging_mixin.py:190} INFO - [2024-08-22T11:25:26.485+0700] {dag.py:4138} INFO - Setting next_dagrun for example_task_group to 2024-08-21 00:00:00+00:00, run_after=2024-08-22 00:00:00+00:00
[2024-08-22T11:25:26.516+0700] {processor.py:208} INFO - Processing /home/user/.local/lib/python3.10/site-packages/airflow/example_dags/example_task_group.py took 0.104 seconds
[2024-08-22T11:27:04.649+0700] {processor.py:186} INFO - Started process (PID=37241) to work on /home/user/.local/lib/python3.10/site-packages/airflow/example_dags/example_task_group.py
[2024-08-22T11:27:04.651+0700] {processor.py:914} INFO - Processing file /home/user/.local/lib/python3.10/site-packages/airflow/example_dags/example_task_group.py for tasks to queue
[2024-08-22T11:27:04.652+0700] {logging_mixin.py:190} INFO - [2024-08-22T11:27:04.652+0700] {dagbag.py:587} INFO - Filling up the DagBag from /home/user/.local/lib/python3.10/site-packages/airflow/example_dags/example_task_group.py
[2024-08-22T11:27:04.662+0700] {processor.py:925} INFO - DAG(s) 'example_task_group' retrieved from /home/user/.local/lib/python3.10/site-packages/airflow/example_dags/example_task_group.py
[2024-08-22T11:27:04.681+0700] {logging_mixin.py:190} INFO - [2024-08-22T11:27:04.680+0700] {dag.py:3211} INFO - Sync 1 DAGs
[2024-08-22T11:27:04.697+0700] {logging_mixin.py:190} INFO - [2024-08-22T11:27:04.697+0700] {dag.py:4138} INFO - Setting next_dagrun for example_task_group to 2024-08-21 00:00:00+00:00, run_after=2024-08-22 00:00:00+00:00
[2024-08-22T11:27:04.717+0700] {processor.py:208} INFO - Processing /home/user/.local/lib/python3.10/site-packages/airflow/example_dags/example_task_group.py took 0.072 seconds
[2024-08-22T11:28:03.859+0700] {processor.py:186} INFO - Started process (PID=37696) to work on /home/user/.local/lib/python3.10/site-packages/airflow/example_dags/example_task_group.py
[2024-08-22T11:28:03.861+0700] {processor.py:914} INFO - Processing file /home/user/.local/lib/python3.10/site-packages/airflow/example_dags/example_task_group.py for tasks to queue
[2024-08-22T11:28:03.863+0700] {logging_mixin.py:190} INFO - [2024-08-22T11:28:03.863+0700] {dagbag.py:587} INFO - Filling up the DagBag from /home/user/.local/lib/python3.10/site-packages/airflow/example_dags/example_task_group.py
[2024-08-22T11:28:03.876+0700] {processor.py:925} INFO - DAG(s) 'example_task_group' retrieved from /home/user/.local/lib/python3.10/site-packages/airflow/example_dags/example_task_group.py
[2024-08-22T11:28:03.895+0700] {logging_mixin.py:190} INFO - [2024-08-22T11:28:03.895+0700] {dag.py:3211} INFO - Sync 1 DAGs
[2024-08-22T11:28:03.918+0700] {logging_mixin.py:190} INFO - [2024-08-22T11:28:03.918+0700] {dag.py:4138} INFO - Setting next_dagrun for example_task_group to 2024-08-21 00:00:00+00:00, run_after=2024-08-22 00:00:00+00:00
[2024-08-22T11:28:03.955+0700] {processor.py:208} INFO - Processing /home/user/.local/lib/python3.10/site-packages/airflow/example_dags/example_task_group.py took 0.102 seconds
[2024-08-22T11:29:18.590+0700] {processor.py:186} INFO - Started process (PID=38335) to work on /home/user/.local/lib/python3.10/site-packages/airflow/example_dags/example_task_group.py
[2024-08-22T11:29:18.592+0700] {processor.py:914} INFO - Processing file /home/user/.local/lib/python3.10/site-packages/airflow/example_dags/example_task_group.py for tasks to queue
[2024-08-22T11:29:18.593+0700] {logging_mixin.py:190} INFO - [2024-08-22T11:29:18.592+0700] {dagbag.py:587} INFO - Filling up the DagBag from /home/user/.local/lib/python3.10/site-packages/airflow/example_dags/example_task_group.py
[2024-08-22T11:29:18.601+0700] {processor.py:925} INFO - DAG(s) 'example_task_group' retrieved from /home/user/.local/lib/python3.10/site-packages/airflow/example_dags/example_task_group.py
[2024-08-22T11:29:18.616+0700] {logging_mixin.py:190} INFO - [2024-08-22T11:29:18.616+0700] {dag.py:3211} INFO - Sync 1 DAGs
[2024-08-22T11:29:18.636+0700] {logging_mixin.py:190} INFO - [2024-08-22T11:29:18.635+0700] {dag.py:4138} INFO - Setting next_dagrun for example_task_group to 2024-08-21 00:00:00+00:00, run_after=2024-08-22 00:00:00+00:00
[2024-08-22T11:29:18.660+0700] {processor.py:208} INFO - Processing /home/user/.local/lib/python3.10/site-packages/airflow/example_dags/example_task_group.py took 0.075 seconds
[2024-08-22T11:30:49.395+0700] {processor.py:186} INFO - Started process (PID=39016) to work on /home/user/.local/lib/python3.10/site-packages/airflow/example_dags/example_task_group.py
[2024-08-22T11:30:49.397+0700] {processor.py:914} INFO - Processing file /home/user/.local/lib/python3.10/site-packages/airflow/example_dags/example_task_group.py for tasks to queue
[2024-08-22T11:30:49.398+0700] {logging_mixin.py:190} INFO - [2024-08-22T11:30:49.398+0700] {dagbag.py:587} INFO - Filling up the DagBag from /home/user/.local/lib/python3.10/site-packages/airflow/example_dags/example_task_group.py
[2024-08-22T11:30:49.410+0700] {processor.py:925} INFO - DAG(s) 'example_task_group' retrieved from /home/user/.local/lib/python3.10/site-packages/airflow/example_dags/example_task_group.py
[2024-08-22T11:30:49.427+0700] {logging_mixin.py:190} INFO - [2024-08-22T11:30:49.427+0700] {dag.py:3211} INFO - Sync 1 DAGs
[2024-08-22T11:30:49.444+0700] {logging_mixin.py:190} INFO - [2024-08-22T11:30:49.444+0700] {dag.py:4138} INFO - Setting next_dagrun for example_task_group to 2024-08-21 00:00:00+00:00, run_after=2024-08-22 00:00:00+00:00
[2024-08-22T11:30:49.465+0700] {processor.py:208} INFO - Processing /home/user/.local/lib/python3.10/site-packages/airflow/example_dags/example_task_group.py took 0.076 seconds
