[2024-08-22T10:43:29.214+0700] {processor.py:186} INFO - Started process (PID=15449) to work on /home/user/.local/lib/python3.10/site-packages/airflow/example_dags/example_external_task_marker_dag.py
[2024-08-22T10:43:29.215+0700] {processor.py:914} INFO - Processing file /home/user/.local/lib/python3.10/site-packages/airflow/example_dags/example_external_task_marker_dag.py for tasks to queue
[2024-08-22T10:43:29.217+0700] {logging_mixin.py:190} INFO - [2024-08-22T10:43:29.217+0700] {dagbag.py:587} INFO - Filling up the DagBag from /home/user/.local/lib/python3.10/site-packages/airflow/example_dags/example_external_task_marker_dag.py
[2024-08-22T10:43:29.228+0700] {processor.py:925} INFO - DAG(s) 'example_external_task_marker_child', 'example_external_task_marker_parent' retrieved from /home/user/.local/lib/python3.10/site-packages/airflow/example_dags/example_external_task_marker_dag.py
[2024-08-22T10:43:29.336+0700] {logging_mixin.py:190} INFO - [2024-08-22T10:43:29.336+0700] {dag.py:3211} INFO - Sync 2 DAGs
[2024-08-22T10:43:29.349+0700] {logging_mixin.py:190} INFO - [2024-08-22T10:43:29.349+0700] {dag.py:4138} INFO - Setting next_dagrun for example_external_task_marker_child to None, run_after=None
[2024-08-22T10:43:29.352+0700] {logging_mixin.py:190} INFO - [2024-08-22T10:43:29.351+0700] {dag.py:4138} INFO - Setting next_dagrun for example_external_task_marker_parent to None, run_after=None
[2024-08-22T10:43:29.375+0700] {processor.py:208} INFO - Processing /home/user/.local/lib/python3.10/site-packages/airflow/example_dags/example_external_task_marker_dag.py took 0.169 seconds
[2024-08-22T10:50:54.233+0700] {processor.py:186} INFO - Started process (PID=18962) to work on /home/user/.local/lib/python3.10/site-packages/airflow/example_dags/example_external_task_marker_dag.py
[2024-08-22T10:50:54.237+0700] {processor.py:914} INFO - Processing file /home/user/.local/lib/python3.10/site-packages/airflow/example_dags/example_external_task_marker_dag.py for tasks to queue
[2024-08-22T10:50:54.245+0700] {logging_mixin.py:190} INFO - [2024-08-22T10:50:54.243+0700] {dagbag.py:587} INFO - Filling up the DagBag from /home/user/.local/lib/python3.10/site-packages/airflow/example_dags/example_external_task_marker_dag.py
[2024-08-22T10:50:54.284+0700] {processor.py:925} INFO - DAG(s) 'example_external_task_marker_child', 'example_external_task_marker_parent' retrieved from /home/user/.local/lib/python3.10/site-packages/airflow/example_dags/example_external_task_marker_dag.py
[2024-08-22T10:50:54.350+0700] {logging_mixin.py:190} INFO - [2024-08-22T10:50:54.349+0700] {dag.py:3211} INFO - Sync 2 DAGs
[2024-08-22T10:50:54.390+0700] {logging_mixin.py:190} INFO - [2024-08-22T10:50:54.389+0700] {dag.py:4138} INFO - Setting next_dagrun for example_external_task_marker_child to None, run_after=None
[2024-08-22T10:50:54.394+0700] {logging_mixin.py:190} INFO - [2024-08-22T10:50:54.394+0700] {dag.py:4138} INFO - Setting next_dagrun for example_external_task_marker_parent to None, run_after=None
[2024-08-22T10:50:54.423+0700] {processor.py:208} INFO - Processing /home/user/.local/lib/python3.10/site-packages/airflow/example_dags/example_external_task_marker_dag.py took 0.209 seconds
[2024-08-22T10:56:57.800+0700] {processor.py:186} INFO - Started process (PID=22072) to work on /home/user/.local/lib/python3.10/site-packages/airflow/example_dags/example_external_task_marker_dag.py
[2024-08-22T10:56:57.802+0700] {processor.py:914} INFO - Processing file /home/user/.local/lib/python3.10/site-packages/airflow/example_dags/example_external_task_marker_dag.py for tasks to queue
[2024-08-22T10:56:57.804+0700] {logging_mixin.py:190} INFO - [2024-08-22T10:56:57.804+0700] {dagbag.py:587} INFO - Filling up the DagBag from /home/user/.local/lib/python3.10/site-packages/airflow/example_dags/example_external_task_marker_dag.py
[2024-08-22T10:56:57.811+0700] {processor.py:925} INFO - DAG(s) 'example_external_task_marker_parent', 'example_external_task_marker_child' retrieved from /home/user/.local/lib/python3.10/site-packages/airflow/example_dags/example_external_task_marker_dag.py
[2024-08-22T10:56:57.829+0700] {logging_mixin.py:190} INFO - [2024-08-22T10:56:57.828+0700] {dag.py:3211} INFO - Sync 2 DAGs
[2024-08-22T10:56:57.838+0700] {logging_mixin.py:190} INFO - [2024-08-22T10:56:57.837+0700] {dag.py:4138} INFO - Setting next_dagrun for example_external_task_marker_child to None, run_after=None
[2024-08-22T10:56:57.840+0700] {logging_mixin.py:190} INFO - [2024-08-22T10:56:57.839+0700] {dag.py:4138} INFO - Setting next_dagrun for example_external_task_marker_parent to None, run_after=None
[2024-08-22T10:56:57.856+0700] {processor.py:208} INFO - Processing /home/user/.local/lib/python3.10/site-packages/airflow/example_dags/example_external_task_marker_dag.py took 0.060 seconds
[2024-08-22T10:58:00.825+0700] {processor.py:186} INFO - Started process (PID=22672) to work on /home/user/.local/lib/python3.10/site-packages/airflow/example_dags/example_external_task_marker_dag.py
[2024-08-22T10:58:00.826+0700] {processor.py:914} INFO - Processing file /home/user/.local/lib/python3.10/site-packages/airflow/example_dags/example_external_task_marker_dag.py for tasks to queue
[2024-08-22T10:58:00.828+0700] {logging_mixin.py:190} INFO - [2024-08-22T10:58:00.827+0700] {dagbag.py:587} INFO - Filling up the DagBag from /home/user/.local/lib/python3.10/site-packages/airflow/example_dags/example_external_task_marker_dag.py
[2024-08-22T10:58:00.837+0700] {processor.py:925} INFO - DAG(s) 'example_external_task_marker_child', 'example_external_task_marker_parent' retrieved from /home/user/.local/lib/python3.10/site-packages/airflow/example_dags/example_external_task_marker_dag.py
[2024-08-22T10:58:00.853+0700] {logging_mixin.py:190} INFO - [2024-08-22T10:58:00.853+0700] {dag.py:3211} INFO - Sync 2 DAGs
[2024-08-22T10:58:00.863+0700] {logging_mixin.py:190} INFO - [2024-08-22T10:58:00.863+0700] {dag.py:4138} INFO - Setting next_dagrun for example_external_task_marker_child to None, run_after=None
[2024-08-22T10:58:00.866+0700] {logging_mixin.py:190} INFO - [2024-08-22T10:58:00.865+0700] {dag.py:4138} INFO - Setting next_dagrun for example_external_task_marker_parent to None, run_after=None
[2024-08-22T10:58:00.882+0700] {processor.py:208} INFO - Processing /home/user/.local/lib/python3.10/site-packages/airflow/example_dags/example_external_task_marker_dag.py took 0.063 seconds
[2024-08-22T10:59:12.253+0700] {processor.py:186} INFO - Started process (PID=23446) to work on /home/user/.local/lib/python3.10/site-packages/airflow/example_dags/example_external_task_marker_dag.py
[2024-08-22T10:59:12.255+0700] {processor.py:914} INFO - Processing file /home/user/.local/lib/python3.10/site-packages/airflow/example_dags/example_external_task_marker_dag.py for tasks to queue
[2024-08-22T10:59:12.257+0700] {logging_mixin.py:190} INFO - [2024-08-22T10:59:12.257+0700] {dagbag.py:587} INFO - Filling up the DagBag from /home/user/.local/lib/python3.10/site-packages/airflow/example_dags/example_external_task_marker_dag.py
[2024-08-22T10:59:12.266+0700] {processor.py:925} INFO - DAG(s) 'example_external_task_marker_child', 'example_external_task_marker_parent' retrieved from /home/user/.local/lib/python3.10/site-packages/airflow/example_dags/example_external_task_marker_dag.py
[2024-08-22T10:59:12.281+0700] {logging_mixin.py:190} INFO - [2024-08-22T10:59:12.280+0700] {dag.py:3211} INFO - Sync 2 DAGs
[2024-08-22T10:59:12.290+0700] {logging_mixin.py:190} INFO - [2024-08-22T10:59:12.289+0700] {dag.py:4138} INFO - Setting next_dagrun for example_external_task_marker_child to None, run_after=None
[2024-08-22T10:59:12.292+0700] {logging_mixin.py:190} INFO - [2024-08-22T10:59:12.291+0700] {dag.py:4138} INFO - Setting next_dagrun for example_external_task_marker_parent to None, run_after=None
[2024-08-22T10:59:12.308+0700] {processor.py:208} INFO - Processing /home/user/.local/lib/python3.10/site-packages/airflow/example_dags/example_external_task_marker_dag.py took 0.062 seconds
[2024-08-22T11:00:11.176+0700] {processor.py:186} INFO - Started process (PID=23933) to work on /home/user/.local/lib/python3.10/site-packages/airflow/example_dags/example_external_task_marker_dag.py
[2024-08-22T11:00:11.211+0700] {processor.py:914} INFO - Processing file /home/user/.local/lib/python3.10/site-packages/airflow/example_dags/example_external_task_marker_dag.py for tasks to queue
[2024-08-22T11:00:11.214+0700] {logging_mixin.py:190} INFO - [2024-08-22T11:00:11.213+0700] {dagbag.py:587} INFO - Filling up the DagBag from /home/user/.local/lib/python3.10/site-packages/airflow/example_dags/example_external_task_marker_dag.py
[2024-08-22T11:00:11.232+0700] {processor.py:925} INFO - DAG(s) 'example_external_task_marker_parent', 'example_external_task_marker_child' retrieved from /home/user/.local/lib/python3.10/site-packages/airflow/example_dags/example_external_task_marker_dag.py
[2024-08-22T11:00:11.261+0700] {logging_mixin.py:190} INFO - [2024-08-22T11:00:11.261+0700] {dag.py:3211} INFO - Sync 2 DAGs
[2024-08-22T11:00:11.274+0700] {logging_mixin.py:190} INFO - [2024-08-22T11:00:11.274+0700] {dag.py:4138} INFO - Setting next_dagrun for example_external_task_marker_child to None, run_after=None
[2024-08-22T11:00:11.278+0700] {logging_mixin.py:190} INFO - [2024-08-22T11:00:11.277+0700] {dag.py:4138} INFO - Setting next_dagrun for example_external_task_marker_parent to None, run_after=None
[2024-08-22T11:00:11.299+0700] {processor.py:208} INFO - Processing /home/user/.local/lib/python3.10/site-packages/airflow/example_dags/example_external_task_marker_dag.py took 0.129 seconds
[2024-08-22T11:01:09.328+0700] {processor.py:186} INFO - Started process (PID=24398) to work on /home/user/.local/lib/python3.10/site-packages/airflow/example_dags/example_external_task_marker_dag.py
[2024-08-22T11:01:09.330+0700] {processor.py:914} INFO - Processing file /home/user/.local/lib/python3.10/site-packages/airflow/example_dags/example_external_task_marker_dag.py for tasks to queue
[2024-08-22T11:01:09.333+0700] {logging_mixin.py:190} INFO - [2024-08-22T11:01:09.332+0700] {dagbag.py:587} INFO - Filling up the DagBag from /home/user/.local/lib/python3.10/site-packages/airflow/example_dags/example_external_task_marker_dag.py
[2024-08-22T11:01:09.344+0700] {processor.py:925} INFO - DAG(s) 'example_external_task_marker_parent', 'example_external_task_marker_child' retrieved from /home/user/.local/lib/python3.10/site-packages/airflow/example_dags/example_external_task_marker_dag.py
[2024-08-22T11:01:09.366+0700] {logging_mixin.py:190} INFO - [2024-08-22T11:01:09.366+0700] {dag.py:3211} INFO - Sync 2 DAGs
[2024-08-22T11:01:09.381+0700] {logging_mixin.py:190} INFO - [2024-08-22T11:01:09.380+0700] {dag.py:4138} INFO - Setting next_dagrun for example_external_task_marker_child to None, run_after=None
[2024-08-22T11:01:09.384+0700] {logging_mixin.py:190} INFO - [2024-08-22T11:01:09.384+0700] {dag.py:4138} INFO - Setting next_dagrun for example_external_task_marker_parent to None, run_after=None
[2024-08-22T11:01:09.407+0700] {processor.py:208} INFO - Processing /home/user/.local/lib/python3.10/site-packages/airflow/example_dags/example_external_task_marker_dag.py took 0.087 seconds
[2024-08-22T11:02:38.739+0700] {processor.py:186} INFO - Started process (PID=25109) to work on /home/user/.local/lib/python3.10/site-packages/airflow/example_dags/example_external_task_marker_dag.py
[2024-08-22T11:02:38.742+0700] {processor.py:914} INFO - Processing file /home/user/.local/lib/python3.10/site-packages/airflow/example_dags/example_external_task_marker_dag.py for tasks to queue
[2024-08-22T11:02:38.745+0700] {logging_mixin.py:190} INFO - [2024-08-22T11:02:38.744+0700] {dagbag.py:587} INFO - Filling up the DagBag from /home/user/.local/lib/python3.10/site-packages/airflow/example_dags/example_external_task_marker_dag.py
[2024-08-22T11:02:38.759+0700] {processor.py:925} INFO - DAG(s) 'example_external_task_marker_parent', 'example_external_task_marker_child' retrieved from /home/user/.local/lib/python3.10/site-packages/airflow/example_dags/example_external_task_marker_dag.py
[2024-08-22T11:02:38.783+0700] {logging_mixin.py:190} INFO - [2024-08-22T11:02:38.783+0700] {dag.py:3211} INFO - Sync 2 DAGs
[2024-08-22T11:02:38.799+0700] {logging_mixin.py:190} INFO - [2024-08-22T11:02:38.799+0700] {dag.py:4138} INFO - Setting next_dagrun for example_external_task_marker_child to None, run_after=None
[2024-08-22T11:02:38.803+0700] {logging_mixin.py:190} INFO - [2024-08-22T11:02:38.803+0700] {dag.py:4138} INFO - Setting next_dagrun for example_external_task_marker_parent to None, run_after=None
[2024-08-22T11:02:38.844+0700] {processor.py:208} INFO - Processing /home/user/.local/lib/python3.10/site-packages/airflow/example_dags/example_external_task_marker_dag.py took 0.116 seconds
[2024-08-22T11:03:40.003+0700] {processor.py:186} INFO - Started process (PID=25754) to work on /home/user/.local/lib/python3.10/site-packages/airflow/example_dags/example_external_task_marker_dag.py
[2024-08-22T11:03:40.005+0700] {processor.py:914} INFO - Processing file /home/user/.local/lib/python3.10/site-packages/airflow/example_dags/example_external_task_marker_dag.py for tasks to queue
[2024-08-22T11:03:40.008+0700] {logging_mixin.py:190} INFO - [2024-08-22T11:03:40.007+0700] {dagbag.py:587} INFO - Filling up the DagBag from /home/user/.local/lib/python3.10/site-packages/airflow/example_dags/example_external_task_marker_dag.py
[2024-08-22T11:03:40.019+0700] {processor.py:925} INFO - DAG(s) 'example_external_task_marker_child', 'example_external_task_marker_parent' retrieved from /home/user/.local/lib/python3.10/site-packages/airflow/example_dags/example_external_task_marker_dag.py
[2024-08-22T11:03:40.040+0700] {logging_mixin.py:190} INFO - [2024-08-22T11:03:40.040+0700] {dag.py:3211} INFO - Sync 2 DAGs
[2024-08-22T11:03:40.055+0700] {logging_mixin.py:190} INFO - [2024-08-22T11:03:40.055+0700] {dag.py:4138} INFO - Setting next_dagrun for example_external_task_marker_child to None, run_after=None
[2024-08-22T11:03:40.059+0700] {logging_mixin.py:190} INFO - [2024-08-22T11:03:40.058+0700] {dag.py:4138} INFO - Setting next_dagrun for example_external_task_marker_parent to None, run_after=None
[2024-08-22T11:03:40.079+0700] {processor.py:208} INFO - Processing /home/user/.local/lib/python3.10/site-packages/airflow/example_dags/example_external_task_marker_dag.py took 0.083 seconds
[2024-08-22T11:04:36.583+0700] {processor.py:186} INFO - Started process (PID=26231) to work on /home/user/.local/lib/python3.10/site-packages/airflow/example_dags/example_external_task_marker_dag.py
[2024-08-22T11:04:36.584+0700] {processor.py:914} INFO - Processing file /home/user/.local/lib/python3.10/site-packages/airflow/example_dags/example_external_task_marker_dag.py for tasks to queue
[2024-08-22T11:04:36.587+0700] {logging_mixin.py:190} INFO - [2024-08-22T11:04:36.586+0700] {dagbag.py:587} INFO - Filling up the DagBag from /home/user/.local/lib/python3.10/site-packages/airflow/example_dags/example_external_task_marker_dag.py
[2024-08-22T11:04:36.595+0700] {processor.py:925} INFO - DAG(s) 'example_external_task_marker_parent', 'example_external_task_marker_child' retrieved from /home/user/.local/lib/python3.10/site-packages/airflow/example_dags/example_external_task_marker_dag.py
[2024-08-22T11:04:36.615+0700] {logging_mixin.py:190} INFO - [2024-08-22T11:04:36.615+0700] {dag.py:3211} INFO - Sync 2 DAGs
[2024-08-22T11:04:36.625+0700] {logging_mixin.py:190} INFO - [2024-08-22T11:04:36.625+0700] {dag.py:4138} INFO - Setting next_dagrun for example_external_task_marker_child to None, run_after=None
[2024-08-22T11:04:36.628+0700] {logging_mixin.py:190} INFO - [2024-08-22T11:04:36.628+0700] {dag.py:4138} INFO - Setting next_dagrun for example_external_task_marker_parent to None, run_after=None
[2024-08-22T11:04:36.649+0700] {processor.py:208} INFO - Processing /home/user/.local/lib/python3.10/site-packages/airflow/example_dags/example_external_task_marker_dag.py took 0.071 seconds
[2024-08-22T11:05:47.622+0700] {processor.py:186} INFO - Started process (PID=26646) to work on /home/user/.local/lib/python3.10/site-packages/airflow/example_dags/example_external_task_marker_dag.py
[2024-08-22T11:05:47.623+0700] {processor.py:914} INFO - Processing file /home/user/.local/lib/python3.10/site-packages/airflow/example_dags/example_external_task_marker_dag.py for tasks to queue
[2024-08-22T11:05:47.626+0700] {logging_mixin.py:190} INFO - [2024-08-22T11:05:47.625+0700] {dagbag.py:587} INFO - Filling up the DagBag from /home/user/.local/lib/python3.10/site-packages/airflow/example_dags/example_external_task_marker_dag.py
[2024-08-22T11:05:47.633+0700] {processor.py:925} INFO - DAG(s) 'example_external_task_marker_child', 'example_external_task_marker_parent' retrieved from /home/user/.local/lib/python3.10/site-packages/airflow/example_dags/example_external_task_marker_dag.py
[2024-08-22T11:05:47.654+0700] {logging_mixin.py:190} INFO - [2024-08-22T11:05:47.653+0700] {dag.py:3211} INFO - Sync 2 DAGs
[2024-08-22T11:05:47.662+0700] {logging_mixin.py:190} INFO - [2024-08-22T11:05:47.662+0700] {dag.py:4138} INFO - Setting next_dagrun for example_external_task_marker_child to None, run_after=None
[2024-08-22T11:05:47.665+0700] {logging_mixin.py:190} INFO - [2024-08-22T11:05:47.664+0700] {dag.py:4138} INFO - Setting next_dagrun for example_external_task_marker_parent to None, run_after=None
[2024-08-22T11:05:47.683+0700] {processor.py:208} INFO - Processing /home/user/.local/lib/python3.10/site-packages/airflow/example_dags/example_external_task_marker_dag.py took 0.068 seconds
[2024-08-22T11:06:45.631+0700] {processor.py:186} INFO - Started process (PID=27098) to work on /home/user/.local/lib/python3.10/site-packages/airflow/example_dags/example_external_task_marker_dag.py
[2024-08-22T11:06:45.633+0700] {processor.py:914} INFO - Processing file /home/user/.local/lib/python3.10/site-packages/airflow/example_dags/example_external_task_marker_dag.py for tasks to queue
[2024-08-22T11:06:45.635+0700] {logging_mixin.py:190} INFO - [2024-08-22T11:06:45.635+0700] {dagbag.py:587} INFO - Filling up the DagBag from /home/user/.local/lib/python3.10/site-packages/airflow/example_dags/example_external_task_marker_dag.py
[2024-08-22T11:06:45.642+0700] {processor.py:925} INFO - DAG(s) 'example_external_task_marker_parent', 'example_external_task_marker_child' retrieved from /home/user/.local/lib/python3.10/site-packages/airflow/example_dags/example_external_task_marker_dag.py
[2024-08-22T11:06:45.656+0700] {logging_mixin.py:190} INFO - [2024-08-22T11:06:45.656+0700] {dag.py:3211} INFO - Sync 2 DAGs
[2024-08-22T11:06:45.664+0700] {logging_mixin.py:190} INFO - [2024-08-22T11:06:45.663+0700] {dag.py:4138} INFO - Setting next_dagrun for example_external_task_marker_child to None, run_after=None
[2024-08-22T11:06:45.666+0700] {logging_mixin.py:190} INFO - [2024-08-22T11:06:45.665+0700] {dag.py:4138} INFO - Setting next_dagrun for example_external_task_marker_parent to None, run_after=None
[2024-08-22T11:06:45.681+0700] {processor.py:208} INFO - Processing /home/user/.local/lib/python3.10/site-packages/airflow/example_dags/example_external_task_marker_dag.py took 0.055 seconds
[2024-08-22T11:07:55.017+0700] {processor.py:186} INFO - Started process (PID=27643) to work on /home/user/.local/lib/python3.10/site-packages/airflow/example_dags/example_external_task_marker_dag.py
[2024-08-22T11:07:55.019+0700] {processor.py:914} INFO - Processing file /home/user/.local/lib/python3.10/site-packages/airflow/example_dags/example_external_task_marker_dag.py for tasks to queue
[2024-08-22T11:07:55.020+0700] {logging_mixin.py:190} INFO - [2024-08-22T11:07:55.020+0700] {dagbag.py:587} INFO - Filling up the DagBag from /home/user/.local/lib/python3.10/site-packages/airflow/example_dags/example_external_task_marker_dag.py
[2024-08-22T11:07:55.027+0700] {processor.py:925} INFO - DAG(s) 'example_external_task_marker_child', 'example_external_task_marker_parent' retrieved from /home/user/.local/lib/python3.10/site-packages/airflow/example_dags/example_external_task_marker_dag.py
[2024-08-22T11:07:55.048+0700] {logging_mixin.py:190} INFO - [2024-08-22T11:07:55.048+0700] {dag.py:3211} INFO - Sync 2 DAGs
[2024-08-22T11:07:55.060+0700] {logging_mixin.py:190} INFO - [2024-08-22T11:07:55.060+0700] {dag.py:4138} INFO - Setting next_dagrun for example_external_task_marker_child to None, run_after=None
[2024-08-22T11:07:55.064+0700] {logging_mixin.py:190} INFO - [2024-08-22T11:07:55.064+0700] {dag.py:4138} INFO - Setting next_dagrun for example_external_task_marker_parent to None, run_after=None
[2024-08-22T11:07:55.083+0700] {processor.py:208} INFO - Processing /home/user/.local/lib/python3.10/site-packages/airflow/example_dags/example_external_task_marker_dag.py took 0.070 seconds
[2024-08-22T11:09:19.092+0700] {processor.py:186} INFO - Started process (PID=28299) to work on /home/user/.local/lib/python3.10/site-packages/airflow/example_dags/example_external_task_marker_dag.py
[2024-08-22T11:09:19.093+0700] {processor.py:914} INFO - Processing file /home/user/.local/lib/python3.10/site-packages/airflow/example_dags/example_external_task_marker_dag.py for tasks to queue
[2024-08-22T11:09:19.096+0700] {logging_mixin.py:190} INFO - [2024-08-22T11:09:19.095+0700] {dagbag.py:587} INFO - Filling up the DagBag from /home/user/.local/lib/python3.10/site-packages/airflow/example_dags/example_external_task_marker_dag.py
[2024-08-22T11:09:19.103+0700] {processor.py:925} INFO - DAG(s) 'example_external_task_marker_parent', 'example_external_task_marker_child' retrieved from /home/user/.local/lib/python3.10/site-packages/airflow/example_dags/example_external_task_marker_dag.py
[2024-08-22T11:09:19.120+0700] {logging_mixin.py:190} INFO - [2024-08-22T11:09:19.120+0700] {dag.py:3211} INFO - Sync 2 DAGs
[2024-08-22T11:09:19.131+0700] {logging_mixin.py:190} INFO - [2024-08-22T11:09:19.130+0700] {dag.py:4138} INFO - Setting next_dagrun for example_external_task_marker_child to None, run_after=None
[2024-08-22T11:09:19.136+0700] {logging_mixin.py:190} INFO - [2024-08-22T11:09:19.135+0700] {dag.py:4138} INFO - Setting next_dagrun for example_external_task_marker_parent to None, run_after=None
[2024-08-22T11:09:19.156+0700] {processor.py:208} INFO - Processing /home/user/.local/lib/python3.10/site-packages/airflow/example_dags/example_external_task_marker_dag.py took 0.069 seconds
[2024-08-22T11:10:40.348+0700] {processor.py:186} INFO - Started process (PID=28939) to work on /home/user/.local/lib/python3.10/site-packages/airflow/example_dags/example_external_task_marker_dag.py
[2024-08-22T11:10:40.349+0700] {processor.py:914} INFO - Processing file /home/user/.local/lib/python3.10/site-packages/airflow/example_dags/example_external_task_marker_dag.py for tasks to queue
[2024-08-22T11:10:40.352+0700] {logging_mixin.py:190} INFO - [2024-08-22T11:10:40.351+0700] {dagbag.py:587} INFO - Filling up the DagBag from /home/user/.local/lib/python3.10/site-packages/airflow/example_dags/example_external_task_marker_dag.py
[2024-08-22T11:10:40.365+0700] {processor.py:925} INFO - DAG(s) 'example_external_task_marker_parent', 'example_external_task_marker_child' retrieved from /home/user/.local/lib/python3.10/site-packages/airflow/example_dags/example_external_task_marker_dag.py
[2024-08-22T11:10:40.383+0700] {logging_mixin.py:190} INFO - [2024-08-22T11:10:40.383+0700] {dag.py:3211} INFO - Sync 2 DAGs
[2024-08-22T11:10:40.393+0700] {logging_mixin.py:190} INFO - [2024-08-22T11:10:40.392+0700] {dag.py:4138} INFO - Setting next_dagrun for example_external_task_marker_child to None, run_after=None
[2024-08-22T11:10:40.395+0700] {logging_mixin.py:190} INFO - [2024-08-22T11:10:40.395+0700] {dag.py:4138} INFO - Setting next_dagrun for example_external_task_marker_parent to None, run_after=None
[2024-08-22T11:10:40.420+0700] {processor.py:208} INFO - Processing /home/user/.local/lib/python3.10/site-packages/airflow/example_dags/example_external_task_marker_dag.py took 0.079 seconds
[2024-08-22T11:12:59.888+0700] {processor.py:186} INFO - Started process (PID=30158) to work on /home/user/.local/lib/python3.10/site-packages/airflow/example_dags/example_external_task_marker_dag.py
[2024-08-22T11:12:59.889+0700] {processor.py:914} INFO - Processing file /home/user/.local/lib/python3.10/site-packages/airflow/example_dags/example_external_task_marker_dag.py for tasks to queue
[2024-08-22T11:12:59.891+0700] {logging_mixin.py:190} INFO - [2024-08-22T11:12:59.891+0700] {dagbag.py:587} INFO - Filling up the DagBag from /home/user/.local/lib/python3.10/site-packages/airflow/example_dags/example_external_task_marker_dag.py
[2024-08-22T11:12:59.901+0700] {processor.py:925} INFO - DAG(s) 'example_external_task_marker_parent', 'example_external_task_marker_child' retrieved from /home/user/.local/lib/python3.10/site-packages/airflow/example_dags/example_external_task_marker_dag.py
[2024-08-22T11:12:59.985+0700] {logging_mixin.py:190} INFO - [2024-08-22T11:12:59.985+0700] {override.py:1858} INFO - Created Permission View: can read on DAG:example_external_task_marker_parent
[2024-08-22T11:12:59.998+0700] {logging_mixin.py:190} INFO - [2024-08-22T11:12:59.997+0700] {override.py:1858} INFO - Created Permission View: can edit on DAG:example_external_task_marker_parent
[2024-08-22T11:13:00.010+0700] {logging_mixin.py:190} INFO - [2024-08-22T11:13:00.009+0700] {override.py:1858} INFO - Created Permission View: can delete on DAG:example_external_task_marker_parent
[2024-08-22T11:13:00.036+0700] {logging_mixin.py:190} INFO - [2024-08-22T11:13:00.036+0700] {override.py:1858} INFO - Created Permission View: can read on DAG:example_external_task_marker_child
[2024-08-22T11:13:00.046+0700] {logging_mixin.py:190} INFO - [2024-08-22T11:13:00.046+0700] {override.py:1858} INFO - Created Permission View: can edit on DAG:example_external_task_marker_child
[2024-08-22T11:13:00.056+0700] {logging_mixin.py:190} INFO - [2024-08-22T11:13:00.055+0700] {override.py:1858} INFO - Created Permission View: can delete on DAG:example_external_task_marker_child
[2024-08-22T11:13:00.056+0700] {logging_mixin.py:190} INFO - [2024-08-22T11:13:00.056+0700] {dag.py:3211} INFO - Sync 2 DAGs
[2024-08-22T11:13:00.077+0700] {logging_mixin.py:190} INFO - [2024-08-22T11:13:00.076+0700] {dag.py:3234} INFO - Creating ORM DAG for example_external_task_marker_child
[2024-08-22T11:13:00.077+0700] {logging_mixin.py:190} INFO - [2024-08-22T11:13:00.077+0700] {dag.py:3234} INFO - Creating ORM DAG for example_external_task_marker_parent
[2024-08-22T11:13:00.080+0700] {logging_mixin.py:190} INFO - [2024-08-22T11:13:00.080+0700] {dag.py:4138} INFO - Setting next_dagrun for example_external_task_marker_child to None, run_after=None
[2024-08-22T11:13:00.081+0700] {logging_mixin.py:190} INFO - [2024-08-22T11:13:00.080+0700] {dag.py:4138} INFO - Setting next_dagrun for example_external_task_marker_parent to None, run_after=None
[2024-08-22T11:13:00.119+0700] {processor.py:208} INFO - Processing /home/user/.local/lib/python3.10/site-packages/airflow/example_dags/example_external_task_marker_dag.py took 0.236 seconds
[2024-08-22T11:14:24.340+0700] {processor.py:186} INFO - Started process (PID=30839) to work on /home/user/.local/lib/python3.10/site-packages/airflow/example_dags/example_external_task_marker_dag.py
[2024-08-22T11:14:24.341+0700] {processor.py:914} INFO - Processing file /home/user/.local/lib/python3.10/site-packages/airflow/example_dags/example_external_task_marker_dag.py for tasks to queue
[2024-08-22T11:14:24.344+0700] {logging_mixin.py:190} INFO - [2024-08-22T11:14:24.343+0700] {dagbag.py:587} INFO - Filling up the DagBag from /home/user/.local/lib/python3.10/site-packages/airflow/example_dags/example_external_task_marker_dag.py
[2024-08-22T11:14:24.351+0700] {processor.py:925} INFO - DAG(s) 'example_external_task_marker_child', 'example_external_task_marker_parent' retrieved from /home/user/.local/lib/python3.10/site-packages/airflow/example_dags/example_external_task_marker_dag.py
[2024-08-22T11:14:24.371+0700] {logging_mixin.py:190} INFO - [2024-08-22T11:14:24.370+0700] {dag.py:3211} INFO - Sync 2 DAGs
[2024-08-22T11:14:24.382+0700] {logging_mixin.py:190} INFO - [2024-08-22T11:14:24.382+0700] {dag.py:4138} INFO - Setting next_dagrun for example_external_task_marker_child to None, run_after=None
[2024-08-22T11:14:24.384+0700] {logging_mixin.py:190} INFO - [2024-08-22T11:14:24.384+0700] {dag.py:4138} INFO - Setting next_dagrun for example_external_task_marker_parent to None, run_after=None
[2024-08-22T11:14:24.400+0700] {processor.py:208} INFO - Processing /home/user/.local/lib/python3.10/site-packages/airflow/example_dags/example_external_task_marker_dag.py took 0.065 seconds
[2024-08-22T11:15:24.937+0700] {processor.py:186} INFO - Started process (PID=31315) to work on /home/user/.local/lib/python3.10/site-packages/airflow/example_dags/example_external_task_marker_dag.py
[2024-08-22T11:15:24.938+0700] {processor.py:914} INFO - Processing file /home/user/.local/lib/python3.10/site-packages/airflow/example_dags/example_external_task_marker_dag.py for tasks to queue
[2024-08-22T11:15:24.941+0700] {logging_mixin.py:190} INFO - [2024-08-22T11:15:24.940+0700] {dagbag.py:587} INFO - Filling up the DagBag from /home/user/.local/lib/python3.10/site-packages/airflow/example_dags/example_external_task_marker_dag.py
[2024-08-22T11:15:24.955+0700] {processor.py:925} INFO - DAG(s) 'example_external_task_marker_parent', 'example_external_task_marker_child' retrieved from /home/user/.local/lib/python3.10/site-packages/airflow/example_dags/example_external_task_marker_dag.py
[2024-08-22T11:15:24.977+0700] {logging_mixin.py:190} INFO - [2024-08-22T11:15:24.976+0700] {dag.py:3211} INFO - Sync 2 DAGs
[2024-08-22T11:15:24.990+0700] {logging_mixin.py:190} INFO - [2024-08-22T11:15:24.990+0700] {dag.py:4138} INFO - Setting next_dagrun for example_external_task_marker_child to None, run_after=None
[2024-08-22T11:15:24.994+0700] {logging_mixin.py:190} INFO - [2024-08-22T11:15:24.993+0700] {dag.py:4138} INFO - Setting next_dagrun for example_external_task_marker_parent to None, run_after=None
[2024-08-22T11:15:25.023+0700] {processor.py:208} INFO - Processing /home/user/.local/lib/python3.10/site-packages/airflow/example_dags/example_external_task_marker_dag.py took 0.092 seconds
[2024-08-22T11:17:54.942+0700] {processor.py:186} INFO - Started process (PID=32526) to work on /home/user/.local/lib/python3.10/site-packages/airflow/example_dags/example_external_task_marker_dag.py
[2024-08-22T11:17:54.944+0700] {processor.py:914} INFO - Processing file /home/user/.local/lib/python3.10/site-packages/airflow/example_dags/example_external_task_marker_dag.py for tasks to queue
[2024-08-22T11:17:54.947+0700] {logging_mixin.py:190} INFO - [2024-08-22T11:17:54.947+0700] {dagbag.py:587} INFO - Filling up the DagBag from /home/user/.local/lib/python3.10/site-packages/airflow/example_dags/example_external_task_marker_dag.py
[2024-08-22T11:17:54.955+0700] {processor.py:925} INFO - DAG(s) 'example_external_task_marker_parent', 'example_external_task_marker_child' retrieved from /home/user/.local/lib/python3.10/site-packages/airflow/example_dags/example_external_task_marker_dag.py
[2024-08-22T11:17:54.972+0700] {logging_mixin.py:190} INFO - [2024-08-22T11:17:54.972+0700] {dag.py:3211} INFO - Sync 2 DAGs
[2024-08-22T11:17:54.984+0700] {logging_mixin.py:190} INFO - [2024-08-22T11:17:54.983+0700] {dag.py:4138} INFO - Setting next_dagrun for example_external_task_marker_child to None, run_after=None
[2024-08-22T11:17:54.986+0700] {logging_mixin.py:190} INFO - [2024-08-22T11:17:54.986+0700] {dag.py:4138} INFO - Setting next_dagrun for example_external_task_marker_parent to None, run_after=None
[2024-08-22T11:17:55.005+0700] {processor.py:208} INFO - Processing /home/user/.local/lib/python3.10/site-packages/airflow/example_dags/example_external_task_marker_dag.py took 0.067 seconds
[2024-08-22T11:18:50.451+0700] {processor.py:186} INFO - Started process (PID=32963) to work on /home/user/.local/lib/python3.10/site-packages/airflow/example_dags/example_external_task_marker_dag.py
[2024-08-22T11:18:50.453+0700] {processor.py:914} INFO - Processing file /home/user/.local/lib/python3.10/site-packages/airflow/example_dags/example_external_task_marker_dag.py for tasks to queue
[2024-08-22T11:18:50.455+0700] {logging_mixin.py:190} INFO - [2024-08-22T11:18:50.454+0700] {dagbag.py:587} INFO - Filling up the DagBag from /home/user/.local/lib/python3.10/site-packages/airflow/example_dags/example_external_task_marker_dag.py
[2024-08-22T11:18:50.463+0700] {processor.py:925} INFO - DAG(s) 'example_external_task_marker_child', 'example_external_task_marker_parent' retrieved from /home/user/.local/lib/python3.10/site-packages/airflow/example_dags/example_external_task_marker_dag.py
[2024-08-22T11:18:50.483+0700] {logging_mixin.py:190} INFO - [2024-08-22T11:18:50.483+0700] {dag.py:3211} INFO - Sync 2 DAGs
[2024-08-22T11:18:50.498+0700] {logging_mixin.py:190} INFO - [2024-08-22T11:18:50.498+0700] {dag.py:4138} INFO - Setting next_dagrun for example_external_task_marker_child to None, run_after=None
[2024-08-22T11:18:50.502+0700] {logging_mixin.py:190} INFO - [2024-08-22T11:18:50.501+0700] {dag.py:4138} INFO - Setting next_dagrun for example_external_task_marker_parent to None, run_after=None
[2024-08-22T11:18:50.528+0700] {processor.py:208} INFO - Processing /home/user/.local/lib/python3.10/site-packages/airflow/example_dags/example_external_task_marker_dag.py took 0.082 seconds
[2024-08-22T11:19:56.067+0700] {processor.py:186} INFO - Started process (PID=33477) to work on /home/user/.local/lib/python3.10/site-packages/airflow/example_dags/example_external_task_marker_dag.py
[2024-08-22T11:19:56.071+0700] {processor.py:914} INFO - Processing file /home/user/.local/lib/python3.10/site-packages/airflow/example_dags/example_external_task_marker_dag.py for tasks to queue
[2024-08-22T11:19:56.074+0700] {logging_mixin.py:190} INFO - [2024-08-22T11:19:56.073+0700] {dagbag.py:587} INFO - Filling up the DagBag from /home/user/.local/lib/python3.10/site-packages/airflow/example_dags/example_external_task_marker_dag.py
[2024-08-22T11:19:56.082+0700] {processor.py:925} INFO - DAG(s) 'example_external_task_marker_parent', 'example_external_task_marker_child' retrieved from /home/user/.local/lib/python3.10/site-packages/airflow/example_dags/example_external_task_marker_dag.py
[2024-08-22T11:19:56.099+0700] {logging_mixin.py:190} INFO - [2024-08-22T11:19:56.099+0700] {dag.py:3211} INFO - Sync 2 DAGs
[2024-08-22T11:19:56.110+0700] {logging_mixin.py:190} INFO - [2024-08-22T11:19:56.110+0700] {dag.py:4138} INFO - Setting next_dagrun for example_external_task_marker_child to None, run_after=None
[2024-08-22T11:19:56.113+0700] {logging_mixin.py:190} INFO - [2024-08-22T11:19:56.113+0700] {dag.py:4138} INFO - Setting next_dagrun for example_external_task_marker_parent to None, run_after=None
[2024-08-22T11:19:56.132+0700] {processor.py:208} INFO - Processing /home/user/.local/lib/python3.10/site-packages/airflow/example_dags/example_external_task_marker_dag.py took 0.070 seconds
[2024-08-22T11:20:57.025+0700] {processor.py:186} INFO - Started process (PID=33961) to work on /home/user/.local/lib/python3.10/site-packages/airflow/example_dags/example_external_task_marker_dag.py
[2024-08-22T11:20:57.026+0700] {processor.py:914} INFO - Processing file /home/user/.local/lib/python3.10/site-packages/airflow/example_dags/example_external_task_marker_dag.py for tasks to queue
[2024-08-22T11:20:57.028+0700] {logging_mixin.py:190} INFO - [2024-08-22T11:20:57.028+0700] {dagbag.py:587} INFO - Filling up the DagBag from /home/user/.local/lib/python3.10/site-packages/airflow/example_dags/example_external_task_marker_dag.py
[2024-08-22T11:20:57.035+0700] {processor.py:925} INFO - DAG(s) 'example_external_task_marker_child', 'example_external_task_marker_parent' retrieved from /home/user/.local/lib/python3.10/site-packages/airflow/example_dags/example_external_task_marker_dag.py
[2024-08-22T11:20:57.051+0700] {logging_mixin.py:190} INFO - [2024-08-22T11:20:57.051+0700] {dag.py:3211} INFO - Sync 2 DAGs
[2024-08-22T11:20:57.061+0700] {logging_mixin.py:190} INFO - [2024-08-22T11:20:57.061+0700] {dag.py:4138} INFO - Setting next_dagrun for example_external_task_marker_child to None, run_after=None
[2024-08-22T11:20:57.063+0700] {logging_mixin.py:190} INFO - [2024-08-22T11:20:57.063+0700] {dag.py:4138} INFO - Setting next_dagrun for example_external_task_marker_parent to None, run_after=None
[2024-08-22T11:20:57.101+0700] {processor.py:208} INFO - Processing /home/user/.local/lib/python3.10/site-packages/airflow/example_dags/example_external_task_marker_dag.py took 0.081 seconds
[2024-08-22T11:21:57.157+0700] {processor.py:186} INFO - Started process (PID=34438) to work on /home/user/.local/lib/python3.10/site-packages/airflow/example_dags/example_external_task_marker_dag.py
[2024-08-22T11:21:57.159+0700] {processor.py:914} INFO - Processing file /home/user/.local/lib/python3.10/site-packages/airflow/example_dags/example_external_task_marker_dag.py for tasks to queue
[2024-08-22T11:21:57.161+0700] {logging_mixin.py:190} INFO - [2024-08-22T11:21:57.161+0700] {dagbag.py:587} INFO - Filling up the DagBag from /home/user/.local/lib/python3.10/site-packages/airflow/example_dags/example_external_task_marker_dag.py
[2024-08-22T11:21:57.169+0700] {processor.py:925} INFO - DAG(s) 'example_external_task_marker_child', 'example_external_task_marker_parent' retrieved from /home/user/.local/lib/python3.10/site-packages/airflow/example_dags/example_external_task_marker_dag.py
[2024-08-22T11:21:57.190+0700] {logging_mixin.py:190} INFO - [2024-08-22T11:21:57.190+0700] {dag.py:3211} INFO - Sync 2 DAGs
[2024-08-22T11:21:57.211+0700] {logging_mixin.py:190} INFO - [2024-08-22T11:21:57.210+0700] {dag.py:4138} INFO - Setting next_dagrun for example_external_task_marker_child to None, run_after=None
[2024-08-22T11:21:57.217+0700] {logging_mixin.py:190} INFO - [2024-08-22T11:21:57.217+0700] {dag.py:4138} INFO - Setting next_dagrun for example_external_task_marker_parent to None, run_after=None
[2024-08-22T11:21:57.269+0700] {processor.py:208} INFO - Processing /home/user/.local/lib/python3.10/site-packages/airflow/example_dags/example_external_task_marker_dag.py took 0.117 seconds
[2024-08-22T11:23:12.171+0700] {processor.py:186} INFO - Started process (PID=35053) to work on /home/user/.local/lib/python3.10/site-packages/airflow/example_dags/example_external_task_marker_dag.py
[2024-08-22T11:23:12.173+0700] {processor.py:914} INFO - Processing file /home/user/.local/lib/python3.10/site-packages/airflow/example_dags/example_external_task_marker_dag.py for tasks to queue
[2024-08-22T11:23:12.175+0700] {logging_mixin.py:190} INFO - [2024-08-22T11:23:12.175+0700] {dagbag.py:587} INFO - Filling up the DagBag from /home/user/.local/lib/python3.10/site-packages/airflow/example_dags/example_external_task_marker_dag.py
[2024-08-22T11:23:12.183+0700] {processor.py:925} INFO - DAG(s) 'example_external_task_marker_child', 'example_external_task_marker_parent' retrieved from /home/user/.local/lib/python3.10/site-packages/airflow/example_dags/example_external_task_marker_dag.py
[2024-08-22T11:23:12.201+0700] {logging_mixin.py:190} INFO - [2024-08-22T11:23:12.200+0700] {dag.py:3211} INFO - Sync 2 DAGs
[2024-08-22T11:23:12.213+0700] {logging_mixin.py:190} INFO - [2024-08-22T11:23:12.212+0700] {dag.py:4138} INFO - Setting next_dagrun for example_external_task_marker_child to None, run_after=None
[2024-08-22T11:23:12.215+0700] {logging_mixin.py:190} INFO - [2024-08-22T11:23:12.215+0700] {dag.py:4138} INFO - Setting next_dagrun for example_external_task_marker_parent to None, run_after=None
[2024-08-22T11:23:12.233+0700] {processor.py:208} INFO - Processing /home/user/.local/lib/python3.10/site-packages/airflow/example_dags/example_external_task_marker_dag.py took 0.068 seconds
[2024-08-22T11:24:37.760+0700] {processor.py:186} INFO - Started process (PID=35855) to work on /home/user/.local/lib/python3.10/site-packages/airflow/example_dags/example_external_task_marker_dag.py
[2024-08-22T11:24:37.762+0700] {processor.py:914} INFO - Processing file /home/user/.local/lib/python3.10/site-packages/airflow/example_dags/example_external_task_marker_dag.py for tasks to queue
[2024-08-22T11:24:37.764+0700] {logging_mixin.py:190} INFO - [2024-08-22T11:24:37.763+0700] {dagbag.py:587} INFO - Filling up the DagBag from /home/user/.local/lib/python3.10/site-packages/airflow/example_dags/example_external_task_marker_dag.py
[2024-08-22T11:24:37.774+0700] {processor.py:925} INFO - DAG(s) 'example_external_task_marker_child', 'example_external_task_marker_parent' retrieved from /home/user/.local/lib/python3.10/site-packages/airflow/example_dags/example_external_task_marker_dag.py
[2024-08-22T11:24:37.796+0700] {logging_mixin.py:190} INFO - [2024-08-22T11:24:37.796+0700] {dag.py:3211} INFO - Sync 2 DAGs
[2024-08-22T11:24:37.808+0700] {logging_mixin.py:190} INFO - [2024-08-22T11:24:37.808+0700] {dag.py:4138} INFO - Setting next_dagrun for example_external_task_marker_child to None, run_after=None
[2024-08-22T11:24:37.811+0700] {logging_mixin.py:190} INFO - [2024-08-22T11:24:37.811+0700] {dag.py:4138} INFO - Setting next_dagrun for example_external_task_marker_parent to None, run_after=None
[2024-08-22T11:24:37.844+0700] {processor.py:208} INFO - Processing /home/user/.local/lib/python3.10/site-packages/airflow/example_dags/example_external_task_marker_dag.py took 0.088 seconds
[2024-08-22T11:25:39.221+0700] {processor.py:186} INFO - Started process (PID=36467) to work on /home/user/.local/lib/python3.10/site-packages/airflow/example_dags/example_external_task_marker_dag.py
[2024-08-22T11:25:39.223+0700] {processor.py:914} INFO - Processing file /home/user/.local/lib/python3.10/site-packages/airflow/example_dags/example_external_task_marker_dag.py for tasks to queue
[2024-08-22T11:25:39.225+0700] {logging_mixin.py:190} INFO - [2024-08-22T11:25:39.225+0700] {dagbag.py:587} INFO - Filling up the DagBag from /home/user/.local/lib/python3.10/site-packages/airflow/example_dags/example_external_task_marker_dag.py
[2024-08-22T11:25:39.235+0700] {processor.py:925} INFO - DAG(s) 'example_external_task_marker_parent', 'example_external_task_marker_child' retrieved from /home/user/.local/lib/python3.10/site-packages/airflow/example_dags/example_external_task_marker_dag.py
[2024-08-22T11:25:39.258+0700] {logging_mixin.py:190} INFO - [2024-08-22T11:25:39.258+0700] {dag.py:3211} INFO - Sync 2 DAGs
[2024-08-22T11:25:39.269+0700] {logging_mixin.py:190} INFO - [2024-08-22T11:25:39.268+0700] {dag.py:4138} INFO - Setting next_dagrun for example_external_task_marker_child to None, run_after=None
[2024-08-22T11:25:39.272+0700] {logging_mixin.py:190} INFO - [2024-08-22T11:25:39.271+0700] {dag.py:4138} INFO - Setting next_dagrun for example_external_task_marker_parent to None, run_after=None
[2024-08-22T11:25:39.301+0700] {processor.py:208} INFO - Processing /home/user/.local/lib/python3.10/site-packages/airflow/example_dags/example_external_task_marker_dag.py took 0.087 seconds
[2024-08-22T11:27:40.041+0700] {processor.py:186} INFO - Started process (PID=37510) to work on /home/user/.local/lib/python3.10/site-packages/airflow/example_dags/example_external_task_marker_dag.py
[2024-08-22T11:27:40.045+0700] {processor.py:914} INFO - Processing file /home/user/.local/lib/python3.10/site-packages/airflow/example_dags/example_external_task_marker_dag.py for tasks to queue
[2024-08-22T11:27:40.046+0700] {logging_mixin.py:190} INFO - [2024-08-22T11:27:40.046+0700] {dagbag.py:587} INFO - Filling up the DagBag from /home/user/.local/lib/python3.10/site-packages/airflow/example_dags/example_external_task_marker_dag.py
[2024-08-22T11:27:40.055+0700] {processor.py:925} INFO - DAG(s) 'example_external_task_marker_child', 'example_external_task_marker_parent' retrieved from /home/user/.local/lib/python3.10/site-packages/airflow/example_dags/example_external_task_marker_dag.py
[2024-08-22T11:27:40.071+0700] {logging_mixin.py:190} INFO - [2024-08-22T11:27:40.071+0700] {dag.py:3211} INFO - Sync 2 DAGs
[2024-08-22T11:27:40.082+0700] {logging_mixin.py:190} INFO - [2024-08-22T11:27:40.081+0700] {dag.py:4138} INFO - Setting next_dagrun for example_external_task_marker_child to None, run_after=None
[2024-08-22T11:27:40.084+0700] {logging_mixin.py:190} INFO - [2024-08-22T11:27:40.084+0700] {dag.py:4138} INFO - Setting next_dagrun for example_external_task_marker_parent to None, run_after=None
[2024-08-22T11:27:40.101+0700] {processor.py:208} INFO - Processing /home/user/.local/lib/python3.10/site-packages/airflow/example_dags/example_external_task_marker_dag.py took 0.066 seconds
[2024-08-22T11:28:57.779+0700] {processor.py:186} INFO - Started process (PID=38143) to work on /home/user/.local/lib/python3.10/site-packages/airflow/example_dags/example_external_task_marker_dag.py
[2024-08-22T11:28:57.781+0700] {processor.py:914} INFO - Processing file /home/user/.local/lib/python3.10/site-packages/airflow/example_dags/example_external_task_marker_dag.py for tasks to queue
[2024-08-22T11:28:57.783+0700] {logging_mixin.py:190} INFO - [2024-08-22T11:28:57.782+0700] {dagbag.py:587} INFO - Filling up the DagBag from /home/user/.local/lib/python3.10/site-packages/airflow/example_dags/example_external_task_marker_dag.py
[2024-08-22T11:28:57.790+0700] {processor.py:925} INFO - DAG(s) 'example_external_task_marker_parent', 'example_external_task_marker_child' retrieved from /home/user/.local/lib/python3.10/site-packages/airflow/example_dags/example_external_task_marker_dag.py
[2024-08-22T11:28:57.809+0700] {logging_mixin.py:190} INFO - [2024-08-22T11:28:57.809+0700] {dag.py:3211} INFO - Sync 2 DAGs
[2024-08-22T11:28:57.820+0700] {logging_mixin.py:190} INFO - [2024-08-22T11:28:57.820+0700] {dag.py:4138} INFO - Setting next_dagrun for example_external_task_marker_child to None, run_after=None
[2024-08-22T11:28:57.823+0700] {logging_mixin.py:190} INFO - [2024-08-22T11:28:57.823+0700] {dag.py:4138} INFO - Setting next_dagrun for example_external_task_marker_parent to None, run_after=None
[2024-08-22T11:28:57.848+0700] {processor.py:208} INFO - Processing /home/user/.local/lib/python3.10/site-packages/airflow/example_dags/example_external_task_marker_dag.py took 0.073 seconds
[2024-08-22T11:30:30.124+0700] {processor.py:186} INFO - Started process (PID=38915) to work on /home/user/.local/lib/python3.10/site-packages/airflow/example_dags/example_external_task_marker_dag.py
[2024-08-22T11:30:30.125+0700] {processor.py:914} INFO - Processing file /home/user/.local/lib/python3.10/site-packages/airflow/example_dags/example_external_task_marker_dag.py for tasks to queue
[2024-08-22T11:30:30.126+0700] {logging_mixin.py:190} INFO - [2024-08-22T11:30:30.126+0700] {dagbag.py:587} INFO - Filling up the DagBag from /home/user/.local/lib/python3.10/site-packages/airflow/example_dags/example_external_task_marker_dag.py
[2024-08-22T11:30:30.137+0700] {processor.py:925} INFO - DAG(s) 'example_external_task_marker_parent', 'example_external_task_marker_child' retrieved from /home/user/.local/lib/python3.10/site-packages/airflow/example_dags/example_external_task_marker_dag.py
[2024-08-22T11:30:30.159+0700] {logging_mixin.py:190} INFO - [2024-08-22T11:30:30.159+0700] {dag.py:3211} INFO - Sync 2 DAGs
[2024-08-22T11:30:30.171+0700] {logging_mixin.py:190} INFO - [2024-08-22T11:30:30.171+0700] {dag.py:4138} INFO - Setting next_dagrun for example_external_task_marker_child to None, run_after=None
[2024-08-22T11:30:30.173+0700] {logging_mixin.py:190} INFO - [2024-08-22T11:30:30.173+0700] {dag.py:4138} INFO - Setting next_dagrun for example_external_task_marker_parent to None, run_after=None
[2024-08-22T11:30:30.211+0700] {processor.py:208} INFO - Processing /home/user/.local/lib/python3.10/site-packages/airflow/example_dags/example_external_task_marker_dag.py took 0.092 seconds
[2024-08-22T11:31:32.013+0700] {processor.py:186} INFO - Started process (PID=39225) to work on /home/user/.local/lib/python3.10/site-packages/airflow/example_dags/example_external_task_marker_dag.py
[2024-08-22T11:31:32.015+0700] {processor.py:914} INFO - Processing file /home/user/.local/lib/python3.10/site-packages/airflow/example_dags/example_external_task_marker_dag.py for tasks to queue
[2024-08-22T11:31:32.016+0700] {logging_mixin.py:190} INFO - [2024-08-22T11:31:32.016+0700] {dagbag.py:587} INFO - Filling up the DagBag from /home/user/.local/lib/python3.10/site-packages/airflow/example_dags/example_external_task_marker_dag.py
[2024-08-22T11:31:32.025+0700] {processor.py:925} INFO - DAG(s) 'example_external_task_marker_parent', 'example_external_task_marker_child' retrieved from /home/user/.local/lib/python3.10/site-packages/airflow/example_dags/example_external_task_marker_dag.py
[2024-08-22T11:31:32.040+0700] {logging_mixin.py:190} INFO - [2024-08-22T11:31:32.040+0700] {dag.py:3211} INFO - Sync 2 DAGs
[2024-08-22T11:31:32.049+0700] {logging_mixin.py:190} INFO - [2024-08-22T11:31:32.049+0700] {dag.py:4138} INFO - Setting next_dagrun for example_external_task_marker_child to None, run_after=None
[2024-08-22T11:31:32.051+0700] {logging_mixin.py:190} INFO - [2024-08-22T11:31:32.051+0700] {dag.py:4138} INFO - Setting next_dagrun for example_external_task_marker_parent to None, run_after=None
[2024-08-22T11:31:32.069+0700] {processor.py:208} INFO - Processing /home/user/.local/lib/python3.10/site-packages/airflow/example_dags/example_external_task_marker_dag.py took 0.060 seconds
