[2024-08-22T10:43:01.784+0700] {processor.py:186} INFO - Started process (PID=15312) to work on /home/user/.local/lib/python3.10/site-packages/airflow/example_dags/example_dynamic_task_mapping_with_no_taskflow_operators.py
[2024-08-22T10:43:01.785+0700] {processor.py:914} INFO - Processing file /home/user/.local/lib/python3.10/site-packages/airflow/example_dags/example_dynamic_task_mapping_with_no_taskflow_operators.py for tasks to queue
[2024-08-22T10:43:01.788+0700] {logging_mixin.py:190} INFO - [2024-08-22T10:43:01.787+0700] {dagbag.py:587} INFO - Filling up the DagBag from /home/user/.local/lib/python3.10/site-packages/airflow/example_dags/example_dynamic_task_mapping_with_no_taskflow_operators.py
[2024-08-22T10:43:01.800+0700] {processor.py:925} INFO - DAG(s) 'example_dynamic_task_mapping_with_no_taskflow_operators' retrieved from /home/user/.local/lib/python3.10/site-packages/airflow/example_dags/example_dynamic_task_mapping_with_no_taskflow_operators.py
[2024-08-22T10:43:01.883+0700] {logging_mixin.py:190} INFO - [2024-08-22T10:43:01.882+0700] {dag.py:3211} INFO - Sync 1 DAGs
[2024-08-22T10:43:01.901+0700] {logging_mixin.py:190} INFO - [2024-08-22T10:43:01.901+0700] {dag.py:4138} INFO - Setting next_dagrun for example_dynamic_task_mapping_with_no_taskflow_operators to 2024-08-21 00:00:00+00:00, run_after=2024-08-22 00:00:00+00:00
[2024-08-22T10:43:01.925+0700] {processor.py:208} INFO - Processing /home/user/.local/lib/python3.10/site-packages/airflow/example_dags/example_dynamic_task_mapping_with_no_taskflow_operators.py took 0.147 seconds
[2024-08-22T10:47:48.563+0700] {processor.py:186} INFO - Started process (PID=16768) to work on /home/user/.local/lib/python3.10/site-packages/airflow/example_dags/example_dynamic_task_mapping_with_no_taskflow_operators.py
[2024-08-22T10:47:48.565+0700] {processor.py:914} INFO - Processing file /home/user/.local/lib/python3.10/site-packages/airflow/example_dags/example_dynamic_task_mapping_with_no_taskflow_operators.py for tasks to queue
[2024-08-22T10:47:48.567+0700] {logging_mixin.py:190} INFO - [2024-08-22T10:47:48.567+0700] {dagbag.py:587} INFO - Filling up the DagBag from /home/user/.local/lib/python3.10/site-packages/airflow/example_dags/example_dynamic_task_mapping_with_no_taskflow_operators.py
[2024-08-22T10:47:48.584+0700] {processor.py:925} INFO - DAG(s) 'example_dynamic_task_mapping_with_no_taskflow_operators' retrieved from /home/user/.local/lib/python3.10/site-packages/airflow/example_dags/example_dynamic_task_mapping_with_no_taskflow_operators.py
[2024-08-22T10:47:48.597+0700] {logging_mixin.py:190} INFO - [2024-08-22T10:47:48.597+0700] {dag.py:3211} INFO - Sync 1 DAGs
[2024-08-22T10:47:48.611+0700] {logging_mixin.py:190} INFO - [2024-08-22T10:47:48.611+0700] {dag.py:4138} INFO - Setting next_dagrun for example_dynamic_task_mapping_with_no_taskflow_operators to 2024-08-21 00:00:00+00:00, run_after=2024-08-22 00:00:00+00:00
[2024-08-22T10:47:48.628+0700] {processor.py:208} INFO - Processing /home/user/.local/lib/python3.10/site-packages/airflow/example_dags/example_dynamic_task_mapping_with_no_taskflow_operators.py took 0.070 seconds
[2024-08-22T10:54:39.509+0700] {processor.py:186} INFO - Started process (PID=20941) to work on /home/user/.local/lib/python3.10/site-packages/airflow/example_dags/example_dynamic_task_mapping_with_no_taskflow_operators.py
[2024-08-22T10:54:39.514+0700] {processor.py:914} INFO - Processing file /home/user/.local/lib/python3.10/site-packages/airflow/example_dags/example_dynamic_task_mapping_with_no_taskflow_operators.py for tasks to queue
[2024-08-22T10:54:39.523+0700] {logging_mixin.py:190} INFO - [2024-08-22T10:54:39.522+0700] {dagbag.py:587} INFO - Filling up the DagBag from /home/user/.local/lib/python3.10/site-packages/airflow/example_dags/example_dynamic_task_mapping_with_no_taskflow_operators.py
[2024-08-22T10:54:39.569+0700] {processor.py:925} INFO - DAG(s) 'example_dynamic_task_mapping_with_no_taskflow_operators' retrieved from /home/user/.local/lib/python3.10/site-packages/airflow/example_dags/example_dynamic_task_mapping_with_no_taskflow_operators.py
[2024-08-22T10:54:39.607+0700] {logging_mixin.py:190} INFO - [2024-08-22T10:54:39.607+0700] {dag.py:3211} INFO - Sync 1 DAGs
[2024-08-22T10:54:39.648+0700] {logging_mixin.py:190} INFO - [2024-08-22T10:54:39.648+0700] {dag.py:4138} INFO - Setting next_dagrun for example_dynamic_task_mapping_with_no_taskflow_operators to 2024-08-21 00:00:00+00:00, run_after=2024-08-22 00:00:00+00:00
[2024-08-22T10:54:39.675+0700] {processor.py:208} INFO - Processing /home/user/.local/lib/python3.10/site-packages/airflow/example_dags/example_dynamic_task_mapping_with_no_taskflow_operators.py took 0.187 seconds
[2024-08-22T10:56:28.628+0700] {processor.py:186} INFO - Started process (PID=21838) to work on /home/user/.local/lib/python3.10/site-packages/airflow/example_dags/example_dynamic_task_mapping_with_no_taskflow_operators.py
[2024-08-22T10:56:28.629+0700] {processor.py:914} INFO - Processing file /home/user/.local/lib/python3.10/site-packages/airflow/example_dags/example_dynamic_task_mapping_with_no_taskflow_operators.py for tasks to queue
[2024-08-22T10:56:28.631+0700] {logging_mixin.py:190} INFO - [2024-08-22T10:56:28.630+0700] {dagbag.py:587} INFO - Filling up the DagBag from /home/user/.local/lib/python3.10/site-packages/airflow/example_dags/example_dynamic_task_mapping_with_no_taskflow_operators.py
[2024-08-22T10:56:28.642+0700] {processor.py:925} INFO - DAG(s) 'example_dynamic_task_mapping_with_no_taskflow_operators' retrieved from /home/user/.local/lib/python3.10/site-packages/airflow/example_dags/example_dynamic_task_mapping_with_no_taskflow_operators.py
[2024-08-22T10:56:28.658+0700] {logging_mixin.py:190} INFO - [2024-08-22T10:56:28.657+0700] {dag.py:3211} INFO - Sync 1 DAGs
[2024-08-22T10:56:28.676+0700] {logging_mixin.py:190} INFO - [2024-08-22T10:56:28.676+0700] {dag.py:4138} INFO - Setting next_dagrun for example_dynamic_task_mapping_with_no_taskflow_operators to 2024-08-21 00:00:00+00:00, run_after=2024-08-22 00:00:00+00:00
[2024-08-22T10:56:28.705+0700] {processor.py:208} INFO - Processing /home/user/.local/lib/python3.10/site-packages/airflow/example_dags/example_dynamic_task_mapping_with_no_taskflow_operators.py took 0.082 seconds
[2024-08-22T10:57:31.587+0700] {processor.py:186} INFO - Started process (PID=22389) to work on /home/user/.local/lib/python3.10/site-packages/airflow/example_dags/example_dynamic_task_mapping_with_no_taskflow_operators.py
[2024-08-22T10:57:31.589+0700] {processor.py:914} INFO - Processing file /home/user/.local/lib/python3.10/site-packages/airflow/example_dags/example_dynamic_task_mapping_with_no_taskflow_operators.py for tasks to queue
[2024-08-22T10:57:31.590+0700] {logging_mixin.py:190} INFO - [2024-08-22T10:57:31.590+0700] {dagbag.py:587} INFO - Filling up the DagBag from /home/user/.local/lib/python3.10/site-packages/airflow/example_dags/example_dynamic_task_mapping_with_no_taskflow_operators.py
[2024-08-22T10:57:31.602+0700] {processor.py:925} INFO - DAG(s) 'example_dynamic_task_mapping_with_no_taskflow_operators' retrieved from /home/user/.local/lib/python3.10/site-packages/airflow/example_dags/example_dynamic_task_mapping_with_no_taskflow_operators.py
[2024-08-22T10:57:31.615+0700] {logging_mixin.py:190} INFO - [2024-08-22T10:57:31.614+0700] {dag.py:3211} INFO - Sync 1 DAGs
[2024-08-22T10:57:31.629+0700] {logging_mixin.py:190} INFO - [2024-08-22T10:57:31.628+0700] {dag.py:4138} INFO - Setting next_dagrun for example_dynamic_task_mapping_with_no_taskflow_operators to 2024-08-21 00:00:00+00:00, run_after=2024-08-22 00:00:00+00:00
[2024-08-22T10:57:31.645+0700] {processor.py:208} INFO - Processing /home/user/.local/lib/python3.10/site-packages/airflow/example_dags/example_dynamic_task_mapping_with_no_taskflow_operators.py took 0.063 seconds
[2024-08-22T10:58:36.203+0700] {processor.py:186} INFO - Started process (PID=23109) to work on /home/user/.local/lib/python3.10/site-packages/airflow/example_dags/example_dynamic_task_mapping_with_no_taskflow_operators.py
[2024-08-22T10:58:36.206+0700] {processor.py:914} INFO - Processing file /home/user/.local/lib/python3.10/site-packages/airflow/example_dags/example_dynamic_task_mapping_with_no_taskflow_operators.py for tasks to queue
[2024-08-22T10:58:36.209+0700] {logging_mixin.py:190} INFO - [2024-08-22T10:58:36.209+0700] {dagbag.py:587} INFO - Filling up the DagBag from /home/user/.local/lib/python3.10/site-packages/airflow/example_dags/example_dynamic_task_mapping_with_no_taskflow_operators.py
[2024-08-22T10:58:36.225+0700] {processor.py:925} INFO - DAG(s) 'example_dynamic_task_mapping_with_no_taskflow_operators' retrieved from /home/user/.local/lib/python3.10/site-packages/airflow/example_dags/example_dynamic_task_mapping_with_no_taskflow_operators.py
[2024-08-22T10:58:36.245+0700] {logging_mixin.py:190} INFO - [2024-08-22T10:58:36.245+0700] {dag.py:3211} INFO - Sync 1 DAGs
[2024-08-22T10:58:36.274+0700] {logging_mixin.py:190} INFO - [2024-08-22T10:58:36.273+0700] {dag.py:4138} INFO - Setting next_dagrun for example_dynamic_task_mapping_with_no_taskflow_operators to 2024-08-21 00:00:00+00:00, run_after=2024-08-22 00:00:00+00:00
[2024-08-22T10:58:36.315+0700] {processor.py:208} INFO - Processing /home/user/.local/lib/python3.10/site-packages/airflow/example_dags/example_dynamic_task_mapping_with_no_taskflow_operators.py took 0.119 seconds
[2024-08-22T10:59:42.177+0700] {processor.py:186} INFO - Started process (PID=23704) to work on /home/user/.local/lib/python3.10/site-packages/airflow/example_dags/example_dynamic_task_mapping_with_no_taskflow_operators.py
[2024-08-22T10:59:42.179+0700] {processor.py:914} INFO - Processing file /home/user/.local/lib/python3.10/site-packages/airflow/example_dags/example_dynamic_task_mapping_with_no_taskflow_operators.py for tasks to queue
[2024-08-22T10:59:42.181+0700] {logging_mixin.py:190} INFO - [2024-08-22T10:59:42.181+0700] {dagbag.py:587} INFO - Filling up the DagBag from /home/user/.local/lib/python3.10/site-packages/airflow/example_dags/example_dynamic_task_mapping_with_no_taskflow_operators.py
[2024-08-22T10:59:42.193+0700] {processor.py:925} INFO - DAG(s) 'example_dynamic_task_mapping_with_no_taskflow_operators' retrieved from /home/user/.local/lib/python3.10/site-packages/airflow/example_dags/example_dynamic_task_mapping_with_no_taskflow_operators.py
[2024-08-22T10:59:42.207+0700] {logging_mixin.py:190} INFO - [2024-08-22T10:59:42.207+0700] {dag.py:3211} INFO - Sync 1 DAGs
[2024-08-22T10:59:42.224+0700] {logging_mixin.py:190} INFO - [2024-08-22T10:59:42.224+0700] {dag.py:4138} INFO - Setting next_dagrun for example_dynamic_task_mapping_with_no_taskflow_operators to 2024-08-21 00:00:00+00:00, run_after=2024-08-22 00:00:00+00:00
[2024-08-22T10:59:42.242+0700] {processor.py:208} INFO - Processing /home/user/.local/lib/python3.10/site-packages/airflow/example_dags/example_dynamic_task_mapping_with_no_taskflow_operators.py took 0.073 seconds
[2024-08-22T11:00:39.420+0700] {processor.py:186} INFO - Started process (PID=24161) to work on /home/user/.local/lib/python3.10/site-packages/airflow/example_dags/example_dynamic_task_mapping_with_no_taskflow_operators.py
[2024-08-22T11:00:39.422+0700] {processor.py:914} INFO - Processing file /home/user/.local/lib/python3.10/site-packages/airflow/example_dags/example_dynamic_task_mapping_with_no_taskflow_operators.py for tasks to queue
[2024-08-22T11:00:39.424+0700] {logging_mixin.py:190} INFO - [2024-08-22T11:00:39.423+0700] {dagbag.py:587} INFO - Filling up the DagBag from /home/user/.local/lib/python3.10/site-packages/airflow/example_dags/example_dynamic_task_mapping_with_no_taskflow_operators.py
[2024-08-22T11:00:39.440+0700] {processor.py:925} INFO - DAG(s) 'example_dynamic_task_mapping_with_no_taskflow_operators' retrieved from /home/user/.local/lib/python3.10/site-packages/airflow/example_dags/example_dynamic_task_mapping_with_no_taskflow_operators.py
[2024-08-22T11:00:39.457+0700] {logging_mixin.py:190} INFO - [2024-08-22T11:00:39.456+0700] {dag.py:3211} INFO - Sync 1 DAGs
[2024-08-22T11:00:39.474+0700] {logging_mixin.py:190} INFO - [2024-08-22T11:00:39.474+0700] {dag.py:4138} INFO - Setting next_dagrun for example_dynamic_task_mapping_with_no_taskflow_operators to 2024-08-21 00:00:00+00:00, run_after=2024-08-22 00:00:00+00:00
[2024-08-22T11:00:39.493+0700] {processor.py:208} INFO - Processing /home/user/.local/lib/python3.10/site-packages/airflow/example_dags/example_dynamic_task_mapping_with_no_taskflow_operators.py took 0.080 seconds
[2024-08-22T11:01:35.650+0700] {processor.py:186} INFO - Started process (PID=24608) to work on /home/user/.local/lib/python3.10/site-packages/airflow/example_dags/example_dynamic_task_mapping_with_no_taskflow_operators.py
[2024-08-22T11:01:35.653+0700] {processor.py:914} INFO - Processing file /home/user/.local/lib/python3.10/site-packages/airflow/example_dags/example_dynamic_task_mapping_with_no_taskflow_operators.py for tasks to queue
[2024-08-22T11:01:35.655+0700] {logging_mixin.py:190} INFO - [2024-08-22T11:01:35.655+0700] {dagbag.py:587} INFO - Filling up the DagBag from /home/user/.local/lib/python3.10/site-packages/airflow/example_dags/example_dynamic_task_mapping_with_no_taskflow_operators.py
[2024-08-22T11:01:35.671+0700] {processor.py:925} INFO - DAG(s) 'example_dynamic_task_mapping_with_no_taskflow_operators' retrieved from /home/user/.local/lib/python3.10/site-packages/airflow/example_dags/example_dynamic_task_mapping_with_no_taskflow_operators.py
[2024-08-22T11:01:35.689+0700] {logging_mixin.py:190} INFO - [2024-08-22T11:01:35.688+0700] {dag.py:3211} INFO - Sync 1 DAGs
[2024-08-22T11:01:35.710+0700] {logging_mixin.py:190} INFO - [2024-08-22T11:01:35.710+0700] {dag.py:4138} INFO - Setting next_dagrun for example_dynamic_task_mapping_with_no_taskflow_operators to 2024-08-21 00:00:00+00:00, run_after=2024-08-22 00:00:00+00:00
[2024-08-22T11:01:35.729+0700] {processor.py:208} INFO - Processing /home/user/.local/lib/python3.10/site-packages/airflow/example_dags/example_dynamic_task_mapping_with_no_taskflow_operators.py took 0.084 seconds
[2024-08-22T11:02:37.568+0700] {processor.py:186} INFO - Started process (PID=25103) to work on /home/user/.local/lib/python3.10/site-packages/airflow/example_dags/example_dynamic_task_mapping_with_no_taskflow_operators.py
[2024-08-22T11:02:37.569+0700] {processor.py:914} INFO - Processing file /home/user/.local/lib/python3.10/site-packages/airflow/example_dags/example_dynamic_task_mapping_with_no_taskflow_operators.py for tasks to queue
[2024-08-22T11:02:37.573+0700] {logging_mixin.py:190} INFO - [2024-08-22T11:02:37.572+0700] {dagbag.py:587} INFO - Filling up the DagBag from /home/user/.local/lib/python3.10/site-packages/airflow/example_dags/example_dynamic_task_mapping_with_no_taskflow_operators.py
[2024-08-22T11:02:37.589+0700] {processor.py:925} INFO - DAG(s) 'example_dynamic_task_mapping_with_no_taskflow_operators' retrieved from /home/user/.local/lib/python3.10/site-packages/airflow/example_dags/example_dynamic_task_mapping_with_no_taskflow_operators.py
[2024-08-22T11:02:37.607+0700] {logging_mixin.py:190} INFO - [2024-08-22T11:02:37.607+0700] {dag.py:3211} INFO - Sync 1 DAGs
[2024-08-22T11:02:37.624+0700] {logging_mixin.py:190} INFO - [2024-08-22T11:02:37.624+0700] {dag.py:4138} INFO - Setting next_dagrun for example_dynamic_task_mapping_with_no_taskflow_operators to 2024-08-21 00:00:00+00:00, run_after=2024-08-22 00:00:00+00:00
[2024-08-22T11:02:37.645+0700] {processor.py:208} INFO - Processing /home/user/.local/lib/python3.10/site-packages/airflow/example_dags/example_dynamic_task_mapping_with_no_taskflow_operators.py took 0.085 seconds
[2024-08-22T11:03:38.847+0700] {processor.py:186} INFO - Started process (PID=25742) to work on /home/user/.local/lib/python3.10/site-packages/airflow/example_dags/example_dynamic_task_mapping_with_no_taskflow_operators.py
[2024-08-22T11:03:38.849+0700] {processor.py:914} INFO - Processing file /home/user/.local/lib/python3.10/site-packages/airflow/example_dags/example_dynamic_task_mapping_with_no_taskflow_operators.py for tasks to queue
[2024-08-22T11:03:38.851+0700] {logging_mixin.py:190} INFO - [2024-08-22T11:03:38.851+0700] {dagbag.py:587} INFO - Filling up the DagBag from /home/user/.local/lib/python3.10/site-packages/airflow/example_dags/example_dynamic_task_mapping_with_no_taskflow_operators.py
[2024-08-22T11:03:38.860+0700] {processor.py:925} INFO - DAG(s) 'example_dynamic_task_mapping_with_no_taskflow_operators' retrieved from /home/user/.local/lib/python3.10/site-packages/airflow/example_dags/example_dynamic_task_mapping_with_no_taskflow_operators.py
[2024-08-22T11:03:38.873+0700] {logging_mixin.py:190} INFO - [2024-08-22T11:03:38.873+0700] {dag.py:3211} INFO - Sync 1 DAGs
[2024-08-22T11:03:38.890+0700] {logging_mixin.py:190} INFO - [2024-08-22T11:03:38.890+0700] {dag.py:4138} INFO - Setting next_dagrun for example_dynamic_task_mapping_with_no_taskflow_operators to 2024-08-21 00:00:00+00:00, run_after=2024-08-22 00:00:00+00:00
[2024-08-22T11:03:38.909+0700] {processor.py:208} INFO - Processing /home/user/.local/lib/python3.10/site-packages/airflow/example_dags/example_dynamic_task_mapping_with_no_taskflow_operators.py took 0.067 seconds
[2024-08-22T11:04:36.201+0700] {processor.py:186} INFO - Started process (PID=26229) to work on /home/user/.local/lib/python3.10/site-packages/airflow/example_dags/example_dynamic_task_mapping_with_no_taskflow_operators.py
[2024-08-22T11:04:36.203+0700] {processor.py:914} INFO - Processing file /home/user/.local/lib/python3.10/site-packages/airflow/example_dags/example_dynamic_task_mapping_with_no_taskflow_operators.py for tasks to queue
[2024-08-22T11:04:36.205+0700] {logging_mixin.py:190} INFO - [2024-08-22T11:04:36.205+0700] {dagbag.py:587} INFO - Filling up the DagBag from /home/user/.local/lib/python3.10/site-packages/airflow/example_dags/example_dynamic_task_mapping_with_no_taskflow_operators.py
[2024-08-22T11:04:36.217+0700] {processor.py:925} INFO - DAG(s) 'example_dynamic_task_mapping_with_no_taskflow_operators' retrieved from /home/user/.local/lib/python3.10/site-packages/airflow/example_dags/example_dynamic_task_mapping_with_no_taskflow_operators.py
[2024-08-22T11:04:36.237+0700] {logging_mixin.py:190} INFO - [2024-08-22T11:04:36.236+0700] {dag.py:3211} INFO - Sync 1 DAGs
[2024-08-22T11:04:36.255+0700] {logging_mixin.py:190} INFO - [2024-08-22T11:04:36.254+0700] {dag.py:4138} INFO - Setting next_dagrun for example_dynamic_task_mapping_with_no_taskflow_operators to 2024-08-21 00:00:00+00:00, run_after=2024-08-22 00:00:00+00:00
[2024-08-22T11:04:36.279+0700] {processor.py:208} INFO - Processing /home/user/.local/lib/python3.10/site-packages/airflow/example_dags/example_dynamic_task_mapping_with_no_taskflow_operators.py took 0.084 seconds
[2024-08-22T11:05:23.963+0700] {processor.py:186} INFO - Started process (PID=26506) to work on /home/user/.local/lib/python3.10/site-packages/airflow/example_dags/example_dynamic_task_mapping_with_no_taskflow_operators.py
[2024-08-22T11:05:23.964+0700] {processor.py:914} INFO - Processing file /home/user/.local/lib/python3.10/site-packages/airflow/example_dags/example_dynamic_task_mapping_with_no_taskflow_operators.py for tasks to queue
[2024-08-22T11:05:23.967+0700] {logging_mixin.py:190} INFO - [2024-08-22T11:05:23.966+0700] {dagbag.py:587} INFO - Filling up the DagBag from /home/user/.local/lib/python3.10/site-packages/airflow/example_dags/example_dynamic_task_mapping_with_no_taskflow_operators.py
[2024-08-22T11:05:23.983+0700] {processor.py:925} INFO - DAG(s) 'example_dynamic_task_mapping_with_no_taskflow_operators' retrieved from /home/user/.local/lib/python3.10/site-packages/airflow/example_dags/example_dynamic_task_mapping_with_no_taskflow_operators.py
[2024-08-22T11:05:24.003+0700] {logging_mixin.py:190} INFO - [2024-08-22T11:05:24.002+0700] {dag.py:3211} INFO - Sync 1 DAGs
[2024-08-22T11:05:24.027+0700] {logging_mixin.py:190} INFO - [2024-08-22T11:05:24.027+0700] {dag.py:4138} INFO - Setting next_dagrun for example_dynamic_task_mapping_with_no_taskflow_operators to 2024-08-21 00:00:00+00:00, run_after=2024-08-22 00:00:00+00:00
[2024-08-22T11:05:24.053+0700] {processor.py:208} INFO - Processing /home/user/.local/lib/python3.10/site-packages/airflow/example_dags/example_dynamic_task_mapping_with_no_taskflow_operators.py took 0.106 seconds
[2024-08-22T11:06:20.990+0700] {processor.py:186} INFO - Started process (PID=26906) to work on /home/user/.local/lib/python3.10/site-packages/airflow/example_dags/example_dynamic_task_mapping_with_no_taskflow_operators.py
[2024-08-22T11:06:20.991+0700] {processor.py:914} INFO - Processing file /home/user/.local/lib/python3.10/site-packages/airflow/example_dags/example_dynamic_task_mapping_with_no_taskflow_operators.py for tasks to queue
[2024-08-22T11:06:20.993+0700] {logging_mixin.py:190} INFO - [2024-08-22T11:06:20.992+0700] {dagbag.py:587} INFO - Filling up the DagBag from /home/user/.local/lib/python3.10/site-packages/airflow/example_dags/example_dynamic_task_mapping_with_no_taskflow_operators.py
[2024-08-22T11:06:21.001+0700] {processor.py:925} INFO - DAG(s) 'example_dynamic_task_mapping_with_no_taskflow_operators' retrieved from /home/user/.local/lib/python3.10/site-packages/airflow/example_dags/example_dynamic_task_mapping_with_no_taskflow_operators.py
[2024-08-22T11:06:21.013+0700] {logging_mixin.py:190} INFO - [2024-08-22T11:06:21.013+0700] {dag.py:3211} INFO - Sync 1 DAGs
[2024-08-22T11:06:21.027+0700] {logging_mixin.py:190} INFO - [2024-08-22T11:06:21.026+0700] {dag.py:4138} INFO - Setting next_dagrun for example_dynamic_task_mapping_with_no_taskflow_operators to 2024-08-21 00:00:00+00:00, run_after=2024-08-22 00:00:00+00:00
[2024-08-22T11:06:21.042+0700] {processor.py:208} INFO - Processing /home/user/.local/lib/python3.10/site-packages/airflow/example_dags/example_dynamic_task_mapping_with_no_taskflow_operators.py took 0.057 seconds
[2024-08-22T11:07:31.402+0700] {processor.py:186} INFO - Started process (PID=27455) to work on /home/user/.local/lib/python3.10/site-packages/airflow/example_dags/example_dynamic_task_mapping_with_no_taskflow_operators.py
[2024-08-22T11:07:31.404+0700] {processor.py:914} INFO - Processing file /home/user/.local/lib/python3.10/site-packages/airflow/example_dags/example_dynamic_task_mapping_with_no_taskflow_operators.py for tasks to queue
[2024-08-22T11:07:31.406+0700] {logging_mixin.py:190} INFO - [2024-08-22T11:07:31.406+0700] {dagbag.py:587} INFO - Filling up the DagBag from /home/user/.local/lib/python3.10/site-packages/airflow/example_dags/example_dynamic_task_mapping_with_no_taskflow_operators.py
[2024-08-22T11:07:31.418+0700] {processor.py:925} INFO - DAG(s) 'example_dynamic_task_mapping_with_no_taskflow_operators' retrieved from /home/user/.local/lib/python3.10/site-packages/airflow/example_dags/example_dynamic_task_mapping_with_no_taskflow_operators.py
[2024-08-22T11:07:31.431+0700] {logging_mixin.py:190} INFO - [2024-08-22T11:07:31.431+0700] {dag.py:3211} INFO - Sync 1 DAGs
[2024-08-22T11:07:31.445+0700] {logging_mixin.py:190} INFO - [2024-08-22T11:07:31.444+0700] {dag.py:4138} INFO - Setting next_dagrun for example_dynamic_task_mapping_with_no_taskflow_operators to 2024-08-21 00:00:00+00:00, run_after=2024-08-22 00:00:00+00:00
[2024-08-22T11:07:31.468+0700] {processor.py:208} INFO - Processing /home/user/.local/lib/python3.10/site-packages/airflow/example_dags/example_dynamic_task_mapping_with_no_taskflow_operators.py took 0.071 seconds
[2024-08-22T11:08:30.011+0700] {processor.py:186} INFO - Started process (PID=27915) to work on /home/user/.local/lib/python3.10/site-packages/airflow/example_dags/example_dynamic_task_mapping_with_no_taskflow_operators.py
[2024-08-22T11:08:30.012+0700] {processor.py:914} INFO - Processing file /home/user/.local/lib/python3.10/site-packages/airflow/example_dags/example_dynamic_task_mapping_with_no_taskflow_operators.py for tasks to queue
[2024-08-22T11:08:30.014+0700] {logging_mixin.py:190} INFO - [2024-08-22T11:08:30.014+0700] {dagbag.py:587} INFO - Filling up the DagBag from /home/user/.local/lib/python3.10/site-packages/airflow/example_dags/example_dynamic_task_mapping_with_no_taskflow_operators.py
[2024-08-22T11:08:30.033+0700] {processor.py:925} INFO - DAG(s) 'example_dynamic_task_mapping_with_no_taskflow_operators' retrieved from /home/user/.local/lib/python3.10/site-packages/airflow/example_dags/example_dynamic_task_mapping_with_no_taskflow_operators.py
[2024-08-22T11:08:30.047+0700] {logging_mixin.py:190} INFO - [2024-08-22T11:08:30.047+0700] {dag.py:3211} INFO - Sync 1 DAGs
[2024-08-22T11:08:30.067+0700] {logging_mixin.py:190} INFO - [2024-08-22T11:08:30.067+0700] {dag.py:4138} INFO - Setting next_dagrun for example_dynamic_task_mapping_with_no_taskflow_operators to 2024-08-21 00:00:00+00:00, run_after=2024-08-22 00:00:00+00:00
[2024-08-22T11:08:30.092+0700] {processor.py:208} INFO - Processing /home/user/.local/lib/python3.10/site-packages/airflow/example_dags/example_dynamic_task_mapping_with_no_taskflow_operators.py took 0.086 seconds
[2024-08-22T11:09:27.415+0700] {processor.py:186} INFO - Started process (PID=28364) to work on /home/user/.local/lib/python3.10/site-packages/airflow/example_dags/example_dynamic_task_mapping_with_no_taskflow_operators.py
[2024-08-22T11:09:27.416+0700] {processor.py:914} INFO - Processing file /home/user/.local/lib/python3.10/site-packages/airflow/example_dags/example_dynamic_task_mapping_with_no_taskflow_operators.py for tasks to queue
[2024-08-22T11:09:27.418+0700] {logging_mixin.py:190} INFO - [2024-08-22T11:09:27.418+0700] {dagbag.py:587} INFO - Filling up the DagBag from /home/user/.local/lib/python3.10/site-packages/airflow/example_dags/example_dynamic_task_mapping_with_no_taskflow_operators.py
[2024-08-22T11:09:27.426+0700] {processor.py:925} INFO - DAG(s) 'example_dynamic_task_mapping_with_no_taskflow_operators' retrieved from /home/user/.local/lib/python3.10/site-packages/airflow/example_dags/example_dynamic_task_mapping_with_no_taskflow_operators.py
[2024-08-22T11:09:27.438+0700] {logging_mixin.py:190} INFO - [2024-08-22T11:09:27.438+0700] {dag.py:3211} INFO - Sync 1 DAGs
[2024-08-22T11:09:27.453+0700] {logging_mixin.py:190} INFO - [2024-08-22T11:09:27.453+0700] {dag.py:4138} INFO - Setting next_dagrun for example_dynamic_task_mapping_with_no_taskflow_operators to 2024-08-21 00:00:00+00:00, run_after=2024-08-22 00:00:00+00:00
[2024-08-22T11:09:27.477+0700] {processor.py:208} INFO - Processing /home/user/.local/lib/python3.10/site-packages/airflow/example_dags/example_dynamic_task_mapping_with_no_taskflow_operators.py took 0.067 seconds
[2024-08-22T11:10:21.102+0700] {processor.py:186} INFO - Started process (PID=28784) to work on /home/user/.local/lib/python3.10/site-packages/airflow/example_dags/example_dynamic_task_mapping_with_no_taskflow_operators.py
[2024-08-22T11:10:21.108+0700] {processor.py:914} INFO - Processing file /home/user/.local/lib/python3.10/site-packages/airflow/example_dags/example_dynamic_task_mapping_with_no_taskflow_operators.py for tasks to queue
[2024-08-22T11:10:21.110+0700] {logging_mixin.py:190} INFO - [2024-08-22T11:10:21.110+0700] {dagbag.py:587} INFO - Filling up the DagBag from /home/user/.local/lib/python3.10/site-packages/airflow/example_dags/example_dynamic_task_mapping_with_no_taskflow_operators.py
[2024-08-22T11:10:21.119+0700] {processor.py:925} INFO - DAG(s) 'example_dynamic_task_mapping_with_no_taskflow_operators' retrieved from /home/user/.local/lib/python3.10/site-packages/airflow/example_dags/example_dynamic_task_mapping_with_no_taskflow_operators.py
[2024-08-22T11:10:21.131+0700] {logging_mixin.py:190} INFO - [2024-08-22T11:10:21.130+0700] {dag.py:3211} INFO - Sync 1 DAGs
[2024-08-22T11:10:21.144+0700] {logging_mixin.py:190} INFO - [2024-08-22T11:10:21.144+0700] {dag.py:4138} INFO - Setting next_dagrun for example_dynamic_task_mapping_with_no_taskflow_operators to 2024-08-21 00:00:00+00:00, run_after=2024-08-22 00:00:00+00:00
[2024-08-22T11:10:21.161+0700] {processor.py:208} INFO - Processing /home/user/.local/lib/python3.10/site-packages/airflow/example_dags/example_dynamic_task_mapping_with_no_taskflow_operators.py took 0.063 seconds
[2024-08-22T11:11:15.795+0700] {processor.py:186} INFO - Started process (PID=29247) to work on /home/user/.local/lib/python3.10/site-packages/airflow/example_dags/example_dynamic_task_mapping_with_no_taskflow_operators.py
[2024-08-22T11:11:15.798+0700] {processor.py:914} INFO - Processing file /home/user/.local/lib/python3.10/site-packages/airflow/example_dags/example_dynamic_task_mapping_with_no_taskflow_operators.py for tasks to queue
[2024-08-22T11:11:15.800+0700] {logging_mixin.py:190} INFO - [2024-08-22T11:11:15.800+0700] {dagbag.py:587} INFO - Filling up the DagBag from /home/user/.local/lib/python3.10/site-packages/airflow/example_dags/example_dynamic_task_mapping_with_no_taskflow_operators.py
[2024-08-22T11:11:15.811+0700] {processor.py:925} INFO - DAG(s) 'example_dynamic_task_mapping_with_no_taskflow_operators' retrieved from /home/user/.local/lib/python3.10/site-packages/airflow/example_dags/example_dynamic_task_mapping_with_no_taskflow_operators.py
[2024-08-22T11:11:15.829+0700] {logging_mixin.py:190} INFO - [2024-08-22T11:11:15.828+0700] {dag.py:3211} INFO - Sync 1 DAGs
[2024-08-22T11:11:15.880+0700] {logging_mixin.py:190} INFO - [2024-08-22T11:11:15.880+0700] {dag.py:4138} INFO - Setting next_dagrun for example_dynamic_task_mapping_with_no_taskflow_operators to 2024-08-21 00:00:00+00:00, run_after=2024-08-22 00:00:00+00:00
[2024-08-22T11:11:15.955+0700] {processor.py:208} INFO - Processing /home/user/.local/lib/python3.10/site-packages/airflow/example_dags/example_dynamic_task_mapping_with_no_taskflow_operators.py took 0.167 seconds
[2024-08-22T11:12:32.144+0700] {processor.py:186} INFO - Started process (PID=29943) to work on /home/user/.local/lib/python3.10/site-packages/airflow/example_dags/example_dynamic_task_mapping_with_no_taskflow_operators.py
[2024-08-22T11:12:32.145+0700] {processor.py:914} INFO - Processing file /home/user/.local/lib/python3.10/site-packages/airflow/example_dags/example_dynamic_task_mapping_with_no_taskflow_operators.py for tasks to queue
[2024-08-22T11:12:32.146+0700] {logging_mixin.py:190} INFO - [2024-08-22T11:12:32.146+0700] {dagbag.py:587} INFO - Filling up the DagBag from /home/user/.local/lib/python3.10/site-packages/airflow/example_dags/example_dynamic_task_mapping_with_no_taskflow_operators.py
[2024-08-22T11:12:32.162+0700] {processor.py:925} INFO - DAG(s) 'example_dynamic_task_mapping_with_no_taskflow_operators' retrieved from /home/user/.local/lib/python3.10/site-packages/airflow/example_dags/example_dynamic_task_mapping_with_no_taskflow_operators.py
[2024-08-22T11:12:32.251+0700] {logging_mixin.py:190} INFO - [2024-08-22T11:12:32.250+0700] {override.py:1858} INFO - Created Permission View: can read on DAG:example_dynamic_task_mapping_with_no_taskflow_operators
[2024-08-22T11:12:32.262+0700] {logging_mixin.py:190} INFO - [2024-08-22T11:12:32.262+0700] {override.py:1858} INFO - Created Permission View: can edit on DAG:example_dynamic_task_mapping_with_no_taskflow_operators
[2024-08-22T11:12:32.272+0700] {logging_mixin.py:190} INFO - [2024-08-22T11:12:32.271+0700] {override.py:1858} INFO - Created Permission View: can delete on DAG:example_dynamic_task_mapping_with_no_taskflow_operators
[2024-08-22T11:12:32.272+0700] {logging_mixin.py:190} INFO - [2024-08-22T11:12:32.272+0700] {dag.py:3211} INFO - Sync 1 DAGs
[2024-08-22T11:12:32.283+0700] {logging_mixin.py:190} INFO - [2024-08-22T11:12:32.283+0700] {dag.py:3234} INFO - Creating ORM DAG for example_dynamic_task_mapping_with_no_taskflow_operators
[2024-08-22T11:12:32.292+0700] {logging_mixin.py:190} INFO - [2024-08-22T11:12:32.291+0700] {dag.py:4138} INFO - Setting next_dagrun for example_dynamic_task_mapping_with_no_taskflow_operators to 2024-08-21 00:00:00+00:00, run_after=2024-08-22 00:00:00+00:00
[2024-08-22T11:12:32.315+0700] {processor.py:208} INFO - Processing /home/user/.local/lib/python3.10/site-packages/airflow/example_dags/example_dynamic_task_mapping_with_no_taskflow_operators.py took 0.177 seconds
[2024-08-22T11:13:59.540+0700] {processor.py:186} INFO - Started process (PID=30641) to work on /home/user/.local/lib/python3.10/site-packages/airflow/example_dags/example_dynamic_task_mapping_with_no_taskflow_operators.py
[2024-08-22T11:13:59.541+0700] {processor.py:914} INFO - Processing file /home/user/.local/lib/python3.10/site-packages/airflow/example_dags/example_dynamic_task_mapping_with_no_taskflow_operators.py for tasks to queue
[2024-08-22T11:13:59.543+0700] {logging_mixin.py:190} INFO - [2024-08-22T11:13:59.543+0700] {dagbag.py:587} INFO - Filling up the DagBag from /home/user/.local/lib/python3.10/site-packages/airflow/example_dags/example_dynamic_task_mapping_with_no_taskflow_operators.py
[2024-08-22T11:13:59.555+0700] {processor.py:925} INFO - DAG(s) 'example_dynamic_task_mapping_with_no_taskflow_operators' retrieved from /home/user/.local/lib/python3.10/site-packages/airflow/example_dags/example_dynamic_task_mapping_with_no_taskflow_operators.py
[2024-08-22T11:13:59.573+0700] {logging_mixin.py:190} INFO - [2024-08-22T11:13:59.573+0700] {dag.py:3211} INFO - Sync 1 DAGs
[2024-08-22T11:13:59.594+0700] {logging_mixin.py:190} INFO - [2024-08-22T11:13:59.594+0700] {dag.py:4138} INFO - Setting next_dagrun for example_dynamic_task_mapping_with_no_taskflow_operators to 2024-08-21 00:00:00+00:00, run_after=2024-08-22 00:00:00+00:00
[2024-08-22T11:13:59.613+0700] {processor.py:208} INFO - Processing /home/user/.local/lib/python3.10/site-packages/airflow/example_dags/example_dynamic_task_mapping_with_no_taskflow_operators.py took 0.079 seconds
[2024-08-22T11:14:58.716+0700] {processor.py:186} INFO - Started process (PID=31113) to work on /home/user/.local/lib/python3.10/site-packages/airflow/example_dags/example_dynamic_task_mapping_with_no_taskflow_operators.py
[2024-08-22T11:14:58.717+0700] {processor.py:914} INFO - Processing file /home/user/.local/lib/python3.10/site-packages/airflow/example_dags/example_dynamic_task_mapping_with_no_taskflow_operators.py for tasks to queue
[2024-08-22T11:14:58.719+0700] {logging_mixin.py:190} INFO - [2024-08-22T11:14:58.719+0700] {dagbag.py:587} INFO - Filling up the DagBag from /home/user/.local/lib/python3.10/site-packages/airflow/example_dags/example_dynamic_task_mapping_with_no_taskflow_operators.py
[2024-08-22T11:14:58.728+0700] {processor.py:925} INFO - DAG(s) 'example_dynamic_task_mapping_with_no_taskflow_operators' retrieved from /home/user/.local/lib/python3.10/site-packages/airflow/example_dags/example_dynamic_task_mapping_with_no_taskflow_operators.py
[2024-08-22T11:14:58.746+0700] {logging_mixin.py:190} INFO - [2024-08-22T11:14:58.745+0700] {dag.py:3211} INFO - Sync 1 DAGs
[2024-08-22T11:14:58.760+0700] {logging_mixin.py:190} INFO - [2024-08-22T11:14:58.760+0700] {dag.py:4138} INFO - Setting next_dagrun for example_dynamic_task_mapping_with_no_taskflow_operators to 2024-08-21 00:00:00+00:00, run_after=2024-08-22 00:00:00+00:00
[2024-08-22T11:14:58.779+0700] {processor.py:208} INFO - Processing /home/user/.local/lib/python3.10/site-packages/airflow/example_dags/example_dynamic_task_mapping_with_no_taskflow_operators.py took 0.067 seconds
[2024-08-22T11:15:57.233+0700] {processor.py:186} INFO - Started process (PID=31601) to work on /home/user/.local/lib/python3.10/site-packages/airflow/example_dags/example_dynamic_task_mapping_with_no_taskflow_operators.py
[2024-08-22T11:15:57.241+0700] {processor.py:914} INFO - Processing file /home/user/.local/lib/python3.10/site-packages/airflow/example_dags/example_dynamic_task_mapping_with_no_taskflow_operators.py for tasks to queue
[2024-08-22T11:15:57.245+0700] {logging_mixin.py:190} INFO - [2024-08-22T11:15:57.244+0700] {dagbag.py:587} INFO - Filling up the DagBag from /home/user/.local/lib/python3.10/site-packages/airflow/example_dags/example_dynamic_task_mapping_with_no_taskflow_operators.py
[2024-08-22T11:15:57.257+0700] {processor.py:925} INFO - DAG(s) 'example_dynamic_task_mapping_with_no_taskflow_operators' retrieved from /home/user/.local/lib/python3.10/site-packages/airflow/example_dags/example_dynamic_task_mapping_with_no_taskflow_operators.py
[2024-08-22T11:15:57.275+0700] {logging_mixin.py:190} INFO - [2024-08-22T11:15:57.274+0700] {dag.py:3211} INFO - Sync 1 DAGs
[2024-08-22T11:15:57.294+0700] {logging_mixin.py:190} INFO - [2024-08-22T11:15:57.294+0700] {dag.py:4138} INFO - Setting next_dagrun for example_dynamic_task_mapping_with_no_taskflow_operators to 2024-08-21 00:00:00+00:00, run_after=2024-08-22 00:00:00+00:00
[2024-08-22T11:15:57.313+0700] {processor.py:208} INFO - Processing /home/user/.local/lib/python3.10/site-packages/airflow/example_dags/example_dynamic_task_mapping_with_no_taskflow_operators.py took 0.085 seconds
[2024-08-22T11:17:29.228+0700] {processor.py:186} INFO - Started process (PID=32328) to work on /home/user/.local/lib/python3.10/site-packages/airflow/example_dags/example_dynamic_task_mapping_with_no_taskflow_operators.py
[2024-08-22T11:17:29.229+0700] {processor.py:914} INFO - Processing file /home/user/.local/lib/python3.10/site-packages/airflow/example_dags/example_dynamic_task_mapping_with_no_taskflow_operators.py for tasks to queue
[2024-08-22T11:17:29.231+0700] {logging_mixin.py:190} INFO - [2024-08-22T11:17:29.231+0700] {dagbag.py:587} INFO - Filling up the DagBag from /home/user/.local/lib/python3.10/site-packages/airflow/example_dags/example_dynamic_task_mapping_with_no_taskflow_operators.py
[2024-08-22T11:17:29.242+0700] {processor.py:925} INFO - DAG(s) 'example_dynamic_task_mapping_with_no_taskflow_operators' retrieved from /home/user/.local/lib/python3.10/site-packages/airflow/example_dags/example_dynamic_task_mapping_with_no_taskflow_operators.py
[2024-08-22T11:17:29.258+0700] {logging_mixin.py:190} INFO - [2024-08-22T11:17:29.258+0700] {dag.py:3211} INFO - Sync 1 DAGs
[2024-08-22T11:17:29.287+0700] {logging_mixin.py:190} INFO - [2024-08-22T11:17:29.287+0700] {dag.py:4138} INFO - Setting next_dagrun for example_dynamic_task_mapping_with_no_taskflow_operators to 2024-08-21 00:00:00+00:00, run_after=2024-08-22 00:00:00+00:00
[2024-08-22T11:17:29.323+0700] {processor.py:208} INFO - Processing /home/user/.local/lib/python3.10/site-packages/airflow/example_dags/example_dynamic_task_mapping_with_no_taskflow_operators.py took 0.102 seconds
[2024-08-22T11:18:26.888+0700] {processor.py:186} INFO - Started process (PID=32781) to work on /home/user/.local/lib/python3.10/site-packages/airflow/example_dags/example_dynamic_task_mapping_with_no_taskflow_operators.py
[2024-08-22T11:18:26.889+0700] {processor.py:914} INFO - Processing file /home/user/.local/lib/python3.10/site-packages/airflow/example_dags/example_dynamic_task_mapping_with_no_taskflow_operators.py for tasks to queue
[2024-08-22T11:18:26.891+0700] {logging_mixin.py:190} INFO - [2024-08-22T11:18:26.891+0700] {dagbag.py:587} INFO - Filling up the DagBag from /home/user/.local/lib/python3.10/site-packages/airflow/example_dags/example_dynamic_task_mapping_with_no_taskflow_operators.py
[2024-08-22T11:18:26.900+0700] {processor.py:925} INFO - DAG(s) 'example_dynamic_task_mapping_with_no_taskflow_operators' retrieved from /home/user/.local/lib/python3.10/site-packages/airflow/example_dags/example_dynamic_task_mapping_with_no_taskflow_operators.py
[2024-08-22T11:18:26.913+0700] {logging_mixin.py:190} INFO - [2024-08-22T11:18:26.913+0700] {dag.py:3211} INFO - Sync 1 DAGs
[2024-08-22T11:18:26.927+0700] {logging_mixin.py:190} INFO - [2024-08-22T11:18:26.927+0700] {dag.py:4138} INFO - Setting next_dagrun for example_dynamic_task_mapping_with_no_taskflow_operators to 2024-08-21 00:00:00+00:00, run_after=2024-08-22 00:00:00+00:00
[2024-08-22T11:18:26.955+0700] {processor.py:208} INFO - Processing /home/user/.local/lib/python3.10/site-packages/airflow/example_dags/example_dynamic_task_mapping_with_no_taskflow_operators.py took 0.071 seconds
[2024-08-22T11:19:28.701+0700] {processor.py:186} INFO - Started process (PID=33263) to work on /home/user/.local/lib/python3.10/site-packages/airflow/example_dags/example_dynamic_task_mapping_with_no_taskflow_operators.py
[2024-08-22T11:19:28.708+0700] {processor.py:914} INFO - Processing file /home/user/.local/lib/python3.10/site-packages/airflow/example_dags/example_dynamic_task_mapping_with_no_taskflow_operators.py for tasks to queue
[2024-08-22T11:19:28.719+0700] {logging_mixin.py:190} INFO - [2024-08-22T11:19:28.717+0700] {dagbag.py:587} INFO - Filling up the DagBag from /home/user/.local/lib/python3.10/site-packages/airflow/example_dags/example_dynamic_task_mapping_with_no_taskflow_operators.py
[2024-08-22T11:19:28.784+0700] {processor.py:925} INFO - DAG(s) 'example_dynamic_task_mapping_with_no_taskflow_operators' retrieved from /home/user/.local/lib/python3.10/site-packages/airflow/example_dags/example_dynamic_task_mapping_with_no_taskflow_operators.py
[2024-08-22T11:19:28.829+0700] {logging_mixin.py:190} INFO - [2024-08-22T11:19:28.829+0700] {dag.py:3211} INFO - Sync 1 DAGs
[2024-08-22T11:19:28.888+0700] {logging_mixin.py:190} INFO - [2024-08-22T11:19:28.888+0700] {dag.py:4138} INFO - Setting next_dagrun for example_dynamic_task_mapping_with_no_taskflow_operators to 2024-08-21 00:00:00+00:00, run_after=2024-08-22 00:00:00+00:00
[2024-08-22T11:19:28.924+0700] {processor.py:208} INFO - Processing /home/user/.local/lib/python3.10/site-packages/airflow/example_dags/example_dynamic_task_mapping_with_no_taskflow_operators.py took 0.269 seconds
[2024-08-22T11:20:31.451+0700] {processor.py:186} INFO - Started process (PID=33757) to work on /home/user/.local/lib/python3.10/site-packages/airflow/example_dags/example_dynamic_task_mapping_with_no_taskflow_operators.py
[2024-08-22T11:20:31.452+0700] {processor.py:914} INFO - Processing file /home/user/.local/lib/python3.10/site-packages/airflow/example_dags/example_dynamic_task_mapping_with_no_taskflow_operators.py for tasks to queue
[2024-08-22T11:20:31.454+0700] {logging_mixin.py:190} INFO - [2024-08-22T11:20:31.454+0700] {dagbag.py:587} INFO - Filling up the DagBag from /home/user/.local/lib/python3.10/site-packages/airflow/example_dags/example_dynamic_task_mapping_with_no_taskflow_operators.py
[2024-08-22T11:20:31.472+0700] {processor.py:925} INFO - DAG(s) 'example_dynamic_task_mapping_with_no_taskflow_operators' retrieved from /home/user/.local/lib/python3.10/site-packages/airflow/example_dags/example_dynamic_task_mapping_with_no_taskflow_operators.py
[2024-08-22T11:20:31.488+0700] {logging_mixin.py:190} INFO - [2024-08-22T11:20:31.488+0700] {dag.py:3211} INFO - Sync 1 DAGs
[2024-08-22T11:20:31.506+0700] {logging_mixin.py:190} INFO - [2024-08-22T11:20:31.506+0700] {dag.py:4138} INFO - Setting next_dagrun for example_dynamic_task_mapping_with_no_taskflow_operators to 2024-08-21 00:00:00+00:00, run_after=2024-08-22 00:00:00+00:00
[2024-08-22T11:20:31.524+0700] {processor.py:208} INFO - Processing /home/user/.local/lib/python3.10/site-packages/airflow/example_dags/example_dynamic_task_mapping_with_no_taskflow_operators.py took 0.078 seconds
[2024-08-22T11:21:31.318+0700] {processor.py:186} INFO - Started process (PID=34224) to work on /home/user/.local/lib/python3.10/site-packages/airflow/example_dags/example_dynamic_task_mapping_with_no_taskflow_operators.py
[2024-08-22T11:21:31.320+0700] {processor.py:914} INFO - Processing file /home/user/.local/lib/python3.10/site-packages/airflow/example_dags/example_dynamic_task_mapping_with_no_taskflow_operators.py for tasks to queue
[2024-08-22T11:21:31.322+0700] {logging_mixin.py:190} INFO - [2024-08-22T11:21:31.322+0700] {dagbag.py:587} INFO - Filling up the DagBag from /home/user/.local/lib/python3.10/site-packages/airflow/example_dags/example_dynamic_task_mapping_with_no_taskflow_operators.py
[2024-08-22T11:21:31.337+0700] {processor.py:925} INFO - DAG(s) 'example_dynamic_task_mapping_with_no_taskflow_operators' retrieved from /home/user/.local/lib/python3.10/site-packages/airflow/example_dags/example_dynamic_task_mapping_with_no_taskflow_operators.py
[2024-08-22T11:21:31.351+0700] {logging_mixin.py:190} INFO - [2024-08-22T11:21:31.351+0700] {dag.py:3211} INFO - Sync 1 DAGs
[2024-08-22T11:21:31.370+0700] {logging_mixin.py:190} INFO - [2024-08-22T11:21:31.370+0700] {dag.py:4138} INFO - Setting next_dagrun for example_dynamic_task_mapping_with_no_taskflow_operators to 2024-08-21 00:00:00+00:00, run_after=2024-08-22 00:00:00+00:00
[2024-08-22T11:21:31.390+0700] {processor.py:208} INFO - Processing /home/user/.local/lib/python3.10/site-packages/airflow/example_dags/example_dynamic_task_mapping_with_no_taskflow_operators.py took 0.077 seconds
[2024-08-22T11:22:50.050+0700] {processor.py:186} INFO - Started process (PID=34873) to work on /home/user/.local/lib/python3.10/site-packages/airflow/example_dags/example_dynamic_task_mapping_with_no_taskflow_operators.py
[2024-08-22T11:22:50.051+0700] {processor.py:914} INFO - Processing file /home/user/.local/lib/python3.10/site-packages/airflow/example_dags/example_dynamic_task_mapping_with_no_taskflow_operators.py for tasks to queue
[2024-08-22T11:22:50.053+0700] {logging_mixin.py:190} INFO - [2024-08-22T11:22:50.053+0700] {dagbag.py:587} INFO - Filling up the DagBag from /home/user/.local/lib/python3.10/site-packages/airflow/example_dags/example_dynamic_task_mapping_with_no_taskflow_operators.py
[2024-08-22T11:22:50.079+0700] {processor.py:925} INFO - DAG(s) 'example_dynamic_task_mapping_with_no_taskflow_operators' retrieved from /home/user/.local/lib/python3.10/site-packages/airflow/example_dags/example_dynamic_task_mapping_with_no_taskflow_operators.py
[2024-08-22T11:22:50.095+0700] {logging_mixin.py:190} INFO - [2024-08-22T11:22:50.094+0700] {dag.py:3211} INFO - Sync 1 DAGs
[2024-08-22T11:22:50.120+0700] {logging_mixin.py:190} INFO - [2024-08-22T11:22:50.120+0700] {dag.py:4138} INFO - Setting next_dagrun for example_dynamic_task_mapping_with_no_taskflow_operators to 2024-08-21 00:00:00+00:00, run_after=2024-08-22 00:00:00+00:00
[2024-08-22T11:22:50.176+0700] {processor.py:208} INFO - Processing /home/user/.local/lib/python3.10/site-packages/airflow/example_dags/example_dynamic_task_mapping_with_no_taskflow_operators.py took 0.132 seconds
[2024-08-22T11:23:45.610+0700] {processor.py:186} INFO - Started process (PID=35313) to work on /home/user/.local/lib/python3.10/site-packages/airflow/example_dags/example_dynamic_task_mapping_with_no_taskflow_operators.py
[2024-08-22T11:23:45.612+0700] {processor.py:914} INFO - Processing file /home/user/.local/lib/python3.10/site-packages/airflow/example_dags/example_dynamic_task_mapping_with_no_taskflow_operators.py for tasks to queue
[2024-08-22T11:23:45.613+0700] {logging_mixin.py:190} INFO - [2024-08-22T11:23:45.613+0700] {dagbag.py:587} INFO - Filling up the DagBag from /home/user/.local/lib/python3.10/site-packages/airflow/example_dags/example_dynamic_task_mapping_with_no_taskflow_operators.py
[2024-08-22T11:23:45.625+0700] {processor.py:925} INFO - DAG(s) 'example_dynamic_task_mapping_with_no_taskflow_operators' retrieved from /home/user/.local/lib/python3.10/site-packages/airflow/example_dags/example_dynamic_task_mapping_with_no_taskflow_operators.py
[2024-08-22T11:23:45.638+0700] {logging_mixin.py:190} INFO - [2024-08-22T11:23:45.638+0700] {dag.py:3211} INFO - Sync 1 DAGs
[2024-08-22T11:23:45.658+0700] {logging_mixin.py:190} INFO - [2024-08-22T11:23:45.657+0700] {dag.py:4138} INFO - Setting next_dagrun for example_dynamic_task_mapping_with_no_taskflow_operators to 2024-08-21 00:00:00+00:00, run_after=2024-08-22 00:00:00+00:00
[2024-08-22T11:23:45.683+0700] {processor.py:208} INFO - Processing /home/user/.local/lib/python3.10/site-packages/airflow/example_dags/example_dynamic_task_mapping_with_no_taskflow_operators.py took 0.078 seconds
[2024-08-22T11:24:47.850+0700] {processor.py:186} INFO - Started process (PID=35934) to work on /home/user/.local/lib/python3.10/site-packages/airflow/example_dags/example_dynamic_task_mapping_with_no_taskflow_operators.py
[2024-08-22T11:24:47.851+0700] {processor.py:914} INFO - Processing file /home/user/.local/lib/python3.10/site-packages/airflow/example_dags/example_dynamic_task_mapping_with_no_taskflow_operators.py for tasks to queue
[2024-08-22T11:24:47.853+0700] {logging_mixin.py:190} INFO - [2024-08-22T11:24:47.853+0700] {dagbag.py:587} INFO - Filling up the DagBag from /home/user/.local/lib/python3.10/site-packages/airflow/example_dags/example_dynamic_task_mapping_with_no_taskflow_operators.py
[2024-08-22T11:24:47.869+0700] {processor.py:925} INFO - DAG(s) 'example_dynamic_task_mapping_with_no_taskflow_operators' retrieved from /home/user/.local/lib/python3.10/site-packages/airflow/example_dags/example_dynamic_task_mapping_with_no_taskflow_operators.py
[2024-08-22T11:24:47.885+0700] {logging_mixin.py:190} INFO - [2024-08-22T11:24:47.884+0700] {dag.py:3211} INFO - Sync 1 DAGs
[2024-08-22T11:24:47.905+0700] {logging_mixin.py:190} INFO - [2024-08-22T11:24:47.904+0700] {dag.py:4138} INFO - Setting next_dagrun for example_dynamic_task_mapping_with_no_taskflow_operators to 2024-08-21 00:00:00+00:00, run_after=2024-08-22 00:00:00+00:00
[2024-08-22T11:24:47.928+0700] {processor.py:208} INFO - Processing /home/user/.local/lib/python3.10/site-packages/airflow/example_dags/example_dynamic_task_mapping_with_no_taskflow_operators.py took 0.084 seconds
[2024-08-22T11:25:48.280+0700] {processor.py:186} INFO - Started process (PID=36543) to work on /home/user/.local/lib/python3.10/site-packages/airflow/example_dags/example_dynamic_task_mapping_with_no_taskflow_operators.py
[2024-08-22T11:25:48.281+0700] {processor.py:914} INFO - Processing file /home/user/.local/lib/python3.10/site-packages/airflow/example_dags/example_dynamic_task_mapping_with_no_taskflow_operators.py for tasks to queue
[2024-08-22T11:25:48.283+0700] {logging_mixin.py:190} INFO - [2024-08-22T11:25:48.282+0700] {dagbag.py:587} INFO - Filling up the DagBag from /home/user/.local/lib/python3.10/site-packages/airflow/example_dags/example_dynamic_task_mapping_with_no_taskflow_operators.py
[2024-08-22T11:25:48.294+0700] {processor.py:925} INFO - DAG(s) 'example_dynamic_task_mapping_with_no_taskflow_operators' retrieved from /home/user/.local/lib/python3.10/site-packages/airflow/example_dags/example_dynamic_task_mapping_with_no_taskflow_operators.py
[2024-08-22T11:25:48.307+0700] {logging_mixin.py:190} INFO - [2024-08-22T11:25:48.307+0700] {dag.py:3211} INFO - Sync 1 DAGs
[2024-08-22T11:25:48.324+0700] {logging_mixin.py:190} INFO - [2024-08-22T11:25:48.324+0700] {dag.py:4138} INFO - Setting next_dagrun for example_dynamic_task_mapping_with_no_taskflow_operators to 2024-08-21 00:00:00+00:00, run_after=2024-08-22 00:00:00+00:00
[2024-08-22T11:25:48.343+0700] {processor.py:208} INFO - Processing /home/user/.local/lib/python3.10/site-packages/airflow/example_dags/example_dynamic_task_mapping_with_no_taskflow_operators.py took 0.069 seconds
[2024-08-22T11:27:21.789+0700] {processor.py:186} INFO - Started process (PID=37369) to work on /home/user/.local/lib/python3.10/site-packages/airflow/example_dags/example_dynamic_task_mapping_with_no_taskflow_operators.py
[2024-08-22T11:27:21.792+0700] {processor.py:914} INFO - Processing file /home/user/.local/lib/python3.10/site-packages/airflow/example_dags/example_dynamic_task_mapping_with_no_taskflow_operators.py for tasks to queue
[2024-08-22T11:27:21.794+0700] {logging_mixin.py:190} INFO - [2024-08-22T11:27:21.793+0700] {dagbag.py:587} INFO - Filling up the DagBag from /home/user/.local/lib/python3.10/site-packages/airflow/example_dags/example_dynamic_task_mapping_with_no_taskflow_operators.py
[2024-08-22T11:27:21.812+0700] {processor.py:925} INFO - DAG(s) 'example_dynamic_task_mapping_with_no_taskflow_operators' retrieved from /home/user/.local/lib/python3.10/site-packages/airflow/example_dags/example_dynamic_task_mapping_with_no_taskflow_operators.py
[2024-08-22T11:27:21.834+0700] {logging_mixin.py:190} INFO - [2024-08-22T11:27:21.833+0700] {dag.py:3211} INFO - Sync 1 DAGs
[2024-08-22T11:27:21.865+0700] {logging_mixin.py:190} INFO - [2024-08-22T11:27:21.865+0700] {dag.py:4138} INFO - Setting next_dagrun for example_dynamic_task_mapping_with_no_taskflow_operators to 2024-08-21 00:00:00+00:00, run_after=2024-08-22 00:00:00+00:00
[2024-08-22T11:27:21.886+0700] {processor.py:208} INFO - Processing /home/user/.local/lib/python3.10/site-packages/airflow/example_dags/example_dynamic_task_mapping_with_no_taskflow_operators.py took 0.104 seconds
[2024-08-22T11:28:35.590+0700] {processor.py:186} INFO - Started process (PID=37942) to work on /home/user/.local/lib/python3.10/site-packages/airflow/example_dags/example_dynamic_task_mapping_with_no_taskflow_operators.py
[2024-08-22T11:28:35.593+0700] {processor.py:914} INFO - Processing file /home/user/.local/lib/python3.10/site-packages/airflow/example_dags/example_dynamic_task_mapping_with_no_taskflow_operators.py for tasks to queue
[2024-08-22T11:28:35.594+0700] {logging_mixin.py:190} INFO - [2024-08-22T11:28:35.594+0700] {dagbag.py:587} INFO - Filling up the DagBag from /home/user/.local/lib/python3.10/site-packages/airflow/example_dags/example_dynamic_task_mapping_with_no_taskflow_operators.py
[2024-08-22T11:28:35.609+0700] {processor.py:925} INFO - DAG(s) 'example_dynamic_task_mapping_with_no_taskflow_operators' retrieved from /home/user/.local/lib/python3.10/site-packages/airflow/example_dags/example_dynamic_task_mapping_with_no_taskflow_operators.py
[2024-08-22T11:28:35.627+0700] {logging_mixin.py:190} INFO - [2024-08-22T11:28:35.627+0700] {dag.py:3211} INFO - Sync 1 DAGs
[2024-08-22T11:28:35.647+0700] {logging_mixin.py:190} INFO - [2024-08-22T11:28:35.647+0700] {dag.py:4138} INFO - Setting next_dagrun for example_dynamic_task_mapping_with_no_taskflow_operators to 2024-08-21 00:00:00+00:00, run_after=2024-08-22 00:00:00+00:00
[2024-08-22T11:28:35.677+0700] {processor.py:208} INFO - Processing /home/user/.local/lib/python3.10/site-packages/airflow/example_dags/example_dynamic_task_mapping_with_no_taskflow_operators.py took 0.092 seconds
[2024-08-22T11:30:08.928+0700] {processor.py:186} INFO - Started process (PID=38742) to work on /home/user/.local/lib/python3.10/site-packages/airflow/example_dags/example_dynamic_task_mapping_with_no_taskflow_operators.py
[2024-08-22T11:30:08.929+0700] {processor.py:914} INFO - Processing file /home/user/.local/lib/python3.10/site-packages/airflow/example_dags/example_dynamic_task_mapping_with_no_taskflow_operators.py for tasks to queue
[2024-08-22T11:30:08.931+0700] {logging_mixin.py:190} INFO - [2024-08-22T11:30:08.930+0700] {dagbag.py:587} INFO - Filling up the DagBag from /home/user/.local/lib/python3.10/site-packages/airflow/example_dags/example_dynamic_task_mapping_with_no_taskflow_operators.py
[2024-08-22T11:30:08.947+0700] {processor.py:925} INFO - DAG(s) 'example_dynamic_task_mapping_with_no_taskflow_operators' retrieved from /home/user/.local/lib/python3.10/site-packages/airflow/example_dags/example_dynamic_task_mapping_with_no_taskflow_operators.py
[2024-08-22T11:30:08.965+0700] {logging_mixin.py:190} INFO - [2024-08-22T11:30:08.965+0700] {dag.py:3211} INFO - Sync 1 DAGs
[2024-08-22T11:30:08.983+0700] {logging_mixin.py:190} INFO - [2024-08-22T11:30:08.982+0700] {dag.py:4138} INFO - Setting next_dagrun for example_dynamic_task_mapping_with_no_taskflow_operators to 2024-08-21 00:00:00+00:00, run_after=2024-08-22 00:00:00+00:00
[2024-08-22T11:30:09.002+0700] {processor.py:208} INFO - Processing /home/user/.local/lib/python3.10/site-packages/airflow/example_dags/example_dynamic_task_mapping_with_no_taskflow_operators.py took 0.079 seconds
[2024-08-22T11:31:16.889+0700] {processor.py:186} INFO - Started process (PID=39150) to work on /home/user/.local/lib/python3.10/site-packages/airflow/example_dags/example_dynamic_task_mapping_with_no_taskflow_operators.py
[2024-08-22T11:31:16.891+0700] {processor.py:914} INFO - Processing file /home/user/.local/lib/python3.10/site-packages/airflow/example_dags/example_dynamic_task_mapping_with_no_taskflow_operators.py for tasks to queue
[2024-08-22T11:31:16.892+0700] {logging_mixin.py:190} INFO - [2024-08-22T11:31:16.891+0700] {dagbag.py:587} INFO - Filling up the DagBag from /home/user/.local/lib/python3.10/site-packages/airflow/example_dags/example_dynamic_task_mapping_with_no_taskflow_operators.py
[2024-08-22T11:31:16.903+0700] {processor.py:925} INFO - DAG(s) 'example_dynamic_task_mapping_with_no_taskflow_operators' retrieved from /home/user/.local/lib/python3.10/site-packages/airflow/example_dags/example_dynamic_task_mapping_with_no_taskflow_operators.py
[2024-08-22T11:31:16.917+0700] {logging_mixin.py:190} INFO - [2024-08-22T11:31:16.917+0700] {dag.py:3211} INFO - Sync 1 DAGs
[2024-08-22T11:31:16.931+0700] {logging_mixin.py:190} INFO - [2024-08-22T11:31:16.931+0700] {dag.py:4138} INFO - Setting next_dagrun for example_dynamic_task_mapping_with_no_taskflow_operators to 2024-08-21 00:00:00+00:00, run_after=2024-08-22 00:00:00+00:00
[2024-08-22T11:31:16.959+0700] {processor.py:208} INFO - Processing /home/user/.local/lib/python3.10/site-packages/airflow/example_dags/example_dynamic_task_mapping_with_no_taskflow_operators.py took 0.075 seconds
