[2024-08-22T10:43:23.924+0700] {processor.py:186} INFO - Started process (PID=15423) to work on /home/user/.local/lib/python3.10/site-packages/airflow/example_dags/example_nested_branch_dag.py
[2024-08-22T10:43:23.925+0700] {processor.py:914} INFO - Processing file /home/user/.local/lib/python3.10/site-packages/airflow/example_dags/example_nested_branch_dag.py for tasks to queue
[2024-08-22T10:43:23.928+0700] {logging_mixin.py:190} INFO - [2024-08-22T10:43:23.928+0700] {dagbag.py:587} INFO - Filling up the DagBag from /home/user/.local/lib/python3.10/site-packages/airflow/example_dags/example_nested_branch_dag.py
[2024-08-22T10:43:23.938+0700] {processor.py:925} INFO - DAG(s) 'example_nested_branch_dag' retrieved from /home/user/.local/lib/python3.10/site-packages/airflow/example_dags/example_nested_branch_dag.py
[2024-08-22T10:43:24.014+0700] {logging_mixin.py:190} INFO - [2024-08-22T10:43:24.013+0700] {dag.py:3211} INFO - Sync 1 DAGs
[2024-08-22T10:43:24.029+0700] {logging_mixin.py:190} INFO - [2024-08-22T10:43:24.029+0700] {dag.py:4138} INFO - Setting next_dagrun for example_nested_branch_dag to 2024-08-21 00:00:00+00:00, run_after=2024-08-22 00:00:00+00:00
[2024-08-22T10:43:24.050+0700] {processor.py:208} INFO - Processing /home/user/.local/lib/python3.10/site-packages/airflow/example_dags/example_nested_branch_dag.py took 0.132 seconds
[2024-08-22T10:50:29.112+0700] {processor.py:186} INFO - Started process (PID=18754) to work on /home/user/.local/lib/python3.10/site-packages/airflow/example_dags/example_nested_branch_dag.py
[2024-08-22T10:50:29.114+0700] {processor.py:914} INFO - Processing file /home/user/.local/lib/python3.10/site-packages/airflow/example_dags/example_nested_branch_dag.py for tasks to queue
[2024-08-22T10:50:29.116+0700] {logging_mixin.py:190} INFO - [2024-08-22T10:50:29.115+0700] {dagbag.py:587} INFO - Filling up the DagBag from /home/user/.local/lib/python3.10/site-packages/airflow/example_dags/example_nested_branch_dag.py
[2024-08-22T10:50:29.134+0700] {processor.py:925} INFO - DAG(s) 'example_nested_branch_dag' retrieved from /home/user/.local/lib/python3.10/site-packages/airflow/example_dags/example_nested_branch_dag.py
[2024-08-22T10:50:29.153+0700] {logging_mixin.py:190} INFO - [2024-08-22T10:50:29.153+0700] {dag.py:3211} INFO - Sync 1 DAGs
[2024-08-22T10:50:29.174+0700] {logging_mixin.py:190} INFO - [2024-08-22T10:50:29.174+0700] {dag.py:4138} INFO - Setting next_dagrun for example_nested_branch_dag to 2024-08-21 00:00:00+00:00, run_after=2024-08-22 00:00:00+00:00
[2024-08-22T10:50:29.192+0700] {processor.py:208} INFO - Processing /home/user/.local/lib/python3.10/site-packages/airflow/example_dags/example_nested_branch_dag.py took 0.085 seconds
[2024-08-22T10:56:53.804+0700] {processor.py:186} INFO - Started process (PID=22040) to work on /home/user/.local/lib/python3.10/site-packages/airflow/example_dags/example_nested_branch_dag.py
[2024-08-22T10:56:53.806+0700] {processor.py:914} INFO - Processing file /home/user/.local/lib/python3.10/site-packages/airflow/example_dags/example_nested_branch_dag.py for tasks to queue
[2024-08-22T10:56:53.810+0700] {logging_mixin.py:190} INFO - [2024-08-22T10:56:53.809+0700] {dagbag.py:587} INFO - Filling up the DagBag from /home/user/.local/lib/python3.10/site-packages/airflow/example_dags/example_nested_branch_dag.py
[2024-08-22T10:56:53.821+0700] {processor.py:925} INFO - DAG(s) 'example_nested_branch_dag' retrieved from /home/user/.local/lib/python3.10/site-packages/airflow/example_dags/example_nested_branch_dag.py
[2024-08-22T10:56:53.836+0700] {logging_mixin.py:190} INFO - [2024-08-22T10:56:53.836+0700] {dag.py:3211} INFO - Sync 1 DAGs
[2024-08-22T10:56:53.853+0700] {logging_mixin.py:190} INFO - [2024-08-22T10:56:53.852+0700] {dag.py:4138} INFO - Setting next_dagrun for example_nested_branch_dag to 2024-08-21 00:00:00+00:00, run_after=2024-08-22 00:00:00+00:00
[2024-08-22T10:56:53.871+0700] {processor.py:208} INFO - Processing /home/user/.local/lib/python3.10/site-packages/airflow/example_dags/example_nested_branch_dag.py took 0.073 seconds
[2024-08-22T10:57:57.359+0700] {processor.py:186} INFO - Started process (PID=22648) to work on /home/user/.local/lib/python3.10/site-packages/airflow/example_dags/example_nested_branch_dag.py
[2024-08-22T10:57:57.361+0700] {processor.py:914} INFO - Processing file /home/user/.local/lib/python3.10/site-packages/airflow/example_dags/example_nested_branch_dag.py for tasks to queue
[2024-08-22T10:57:57.363+0700] {logging_mixin.py:190} INFO - [2024-08-22T10:57:57.363+0700] {dagbag.py:587} INFO - Filling up the DagBag from /home/user/.local/lib/python3.10/site-packages/airflow/example_dags/example_nested_branch_dag.py
[2024-08-22T10:57:57.378+0700] {processor.py:925} INFO - DAG(s) 'example_nested_branch_dag' retrieved from /home/user/.local/lib/python3.10/site-packages/airflow/example_dags/example_nested_branch_dag.py
[2024-08-22T10:57:57.397+0700] {logging_mixin.py:190} INFO - [2024-08-22T10:57:57.397+0700] {dag.py:3211} INFO - Sync 1 DAGs
[2024-08-22T10:57:57.414+0700] {logging_mixin.py:190} INFO - [2024-08-22T10:57:57.413+0700] {dag.py:4138} INFO - Setting next_dagrun for example_nested_branch_dag to 2024-08-21 00:00:00+00:00, run_after=2024-08-22 00:00:00+00:00
[2024-08-22T10:57:57.432+0700] {processor.py:208} INFO - Processing /home/user/.local/lib/python3.10/site-packages/airflow/example_dags/example_nested_branch_dag.py took 0.080 seconds
[2024-08-22T10:59:07.645+0700] {processor.py:186} INFO - Started process (PID=23406) to work on /home/user/.local/lib/python3.10/site-packages/airflow/example_dags/example_nested_branch_dag.py
[2024-08-22T10:59:07.647+0700] {processor.py:914} INFO - Processing file /home/user/.local/lib/python3.10/site-packages/airflow/example_dags/example_nested_branch_dag.py for tasks to queue
[2024-08-22T10:59:07.649+0700] {logging_mixin.py:190} INFO - [2024-08-22T10:59:07.649+0700] {dagbag.py:587} INFO - Filling up the DagBag from /home/user/.local/lib/python3.10/site-packages/airflow/example_dags/example_nested_branch_dag.py
[2024-08-22T10:59:07.658+0700] {processor.py:925} INFO - DAG(s) 'example_nested_branch_dag' retrieved from /home/user/.local/lib/python3.10/site-packages/airflow/example_dags/example_nested_branch_dag.py
[2024-08-22T10:59:07.672+0700] {logging_mixin.py:190} INFO - [2024-08-22T10:59:07.671+0700] {dag.py:3211} INFO - Sync 1 DAGs
[2024-08-22T10:59:07.686+0700] {logging_mixin.py:190} INFO - [2024-08-22T10:59:07.686+0700] {dag.py:4138} INFO - Setting next_dagrun for example_nested_branch_dag to 2024-08-21 00:00:00+00:00, run_after=2024-08-22 00:00:00+00:00
[2024-08-22T10:59:07.704+0700] {processor.py:208} INFO - Processing /home/user/.local/lib/python3.10/site-packages/airflow/example_dags/example_nested_branch_dag.py took 0.064 seconds
[2024-08-22T11:00:06.445+0700] {processor.py:186} INFO - Started process (PID=23897) to work on /home/user/.local/lib/python3.10/site-packages/airflow/example_dags/example_nested_branch_dag.py
[2024-08-22T11:00:06.446+0700] {processor.py:914} INFO - Processing file /home/user/.local/lib/python3.10/site-packages/airflow/example_dags/example_nested_branch_dag.py for tasks to queue
[2024-08-22T11:00:06.449+0700] {logging_mixin.py:190} INFO - [2024-08-22T11:00:06.448+0700] {dagbag.py:587} INFO - Filling up the DagBag from /home/user/.local/lib/python3.10/site-packages/airflow/example_dags/example_nested_branch_dag.py
[2024-08-22T11:00:06.461+0700] {processor.py:925} INFO - DAG(s) 'example_nested_branch_dag' retrieved from /home/user/.local/lib/python3.10/site-packages/airflow/example_dags/example_nested_branch_dag.py
[2024-08-22T11:00:06.483+0700] {logging_mixin.py:190} INFO - [2024-08-22T11:00:06.482+0700] {dag.py:3211} INFO - Sync 1 DAGs
[2024-08-22T11:00:06.503+0700] {logging_mixin.py:190} INFO - [2024-08-22T11:00:06.502+0700] {dag.py:4138} INFO - Setting next_dagrun for example_nested_branch_dag to 2024-08-21 00:00:00+00:00, run_after=2024-08-22 00:00:00+00:00
[2024-08-22T11:00:06.532+0700] {processor.py:208} INFO - Processing /home/user/.local/lib/python3.10/site-packages/airflow/example_dags/example_nested_branch_dag.py took 0.092 seconds
[2024-08-22T11:01:05.425+0700] {processor.py:186} INFO - Started process (PID=24366) to work on /home/user/.local/lib/python3.10/site-packages/airflow/example_dags/example_nested_branch_dag.py
[2024-08-22T11:01:05.427+0700] {processor.py:914} INFO - Processing file /home/user/.local/lib/python3.10/site-packages/airflow/example_dags/example_nested_branch_dag.py for tasks to queue
[2024-08-22T11:01:05.429+0700] {logging_mixin.py:190} INFO - [2024-08-22T11:01:05.428+0700] {dagbag.py:587} INFO - Filling up the DagBag from /home/user/.local/lib/python3.10/site-packages/airflow/example_dags/example_nested_branch_dag.py
[2024-08-22T11:01:05.441+0700] {processor.py:925} INFO - DAG(s) 'example_nested_branch_dag' retrieved from /home/user/.local/lib/python3.10/site-packages/airflow/example_dags/example_nested_branch_dag.py
[2024-08-22T11:01:05.458+0700] {logging_mixin.py:190} INFO - [2024-08-22T11:01:05.457+0700] {dag.py:3211} INFO - Sync 1 DAGs
[2024-08-22T11:01:05.478+0700] {logging_mixin.py:190} INFO - [2024-08-22T11:01:05.477+0700] {dag.py:4138} INFO - Setting next_dagrun for example_nested_branch_dag to 2024-08-21 00:00:00+00:00, run_after=2024-08-22 00:00:00+00:00
[2024-08-22T11:01:05.498+0700] {processor.py:208} INFO - Processing /home/user/.local/lib/python3.10/site-packages/airflow/example_dags/example_nested_branch_dag.py took 0.079 seconds
[2024-08-22T11:02:07.027+0700] {processor.py:186} INFO - Started process (PID=24859) to work on /home/user/.local/lib/python3.10/site-packages/airflow/example_dags/example_nested_branch_dag.py
[2024-08-22T11:02:07.028+0700] {processor.py:914} INFO - Processing file /home/user/.local/lib/python3.10/site-packages/airflow/example_dags/example_nested_branch_dag.py for tasks to queue
[2024-08-22T11:02:07.031+0700] {logging_mixin.py:190} INFO - [2024-08-22T11:02:07.030+0700] {dagbag.py:587} INFO - Filling up the DagBag from /home/user/.local/lib/python3.10/site-packages/airflow/example_dags/example_nested_branch_dag.py
[2024-08-22T11:02:07.049+0700] {processor.py:925} INFO - DAG(s) 'example_nested_branch_dag' retrieved from /home/user/.local/lib/python3.10/site-packages/airflow/example_dags/example_nested_branch_dag.py
[2024-08-22T11:02:07.066+0700] {logging_mixin.py:190} INFO - [2024-08-22T11:02:07.066+0700] {dag.py:3211} INFO - Sync 1 DAGs
[2024-08-22T11:02:07.085+0700] {logging_mixin.py:190} INFO - [2024-08-22T11:02:07.084+0700] {dag.py:4138} INFO - Setting next_dagrun for example_nested_branch_dag to 2024-08-21 00:00:00+00:00, run_after=2024-08-22 00:00:00+00:00
[2024-08-22T11:02:07.114+0700] {processor.py:208} INFO - Processing /home/user/.local/lib/python3.10/site-packages/airflow/example_dags/example_nested_branch_dag.py took 0.096 seconds
[2024-08-22T11:03:06.805+0700] {processor.py:186} INFO - Started process (PID=25389) to work on /home/user/.local/lib/python3.10/site-packages/airflow/example_dags/example_nested_branch_dag.py
[2024-08-22T11:03:06.807+0700] {processor.py:914} INFO - Processing file /home/user/.local/lib/python3.10/site-packages/airflow/example_dags/example_nested_branch_dag.py for tasks to queue
[2024-08-22T11:03:06.808+0700] {logging_mixin.py:190} INFO - [2024-08-22T11:03:06.808+0700] {dagbag.py:587} INFO - Filling up the DagBag from /home/user/.local/lib/python3.10/site-packages/airflow/example_dags/example_nested_branch_dag.py
[2024-08-22T11:03:06.817+0700] {processor.py:925} INFO - DAG(s) 'example_nested_branch_dag' retrieved from /home/user/.local/lib/python3.10/site-packages/airflow/example_dags/example_nested_branch_dag.py
[2024-08-22T11:03:06.834+0700] {logging_mixin.py:190} INFO - [2024-08-22T11:03:06.834+0700] {dag.py:3211} INFO - Sync 1 DAGs
[2024-08-22T11:03:06.849+0700] {logging_mixin.py:190} INFO - [2024-08-22T11:03:06.849+0700] {dag.py:4138} INFO - Setting next_dagrun for example_nested_branch_dag to 2024-08-21 00:00:00+00:00, run_after=2024-08-22 00:00:00+00:00
[2024-08-22T11:03:06.869+0700] {processor.py:208} INFO - Processing /home/user/.local/lib/python3.10/site-packages/airflow/example_dags/example_nested_branch_dag.py took 0.068 seconds
[2024-08-22T11:04:08.594+0700] {processor.py:186} INFO - Started process (PID=26011) to work on /home/user/.local/lib/python3.10/site-packages/airflow/example_dags/example_nested_branch_dag.py
[2024-08-22T11:04:08.596+0700] {processor.py:914} INFO - Processing file /home/user/.local/lib/python3.10/site-packages/airflow/example_dags/example_nested_branch_dag.py for tasks to queue
[2024-08-22T11:04:08.599+0700] {logging_mixin.py:190} INFO - [2024-08-22T11:04:08.598+0700] {dagbag.py:587} INFO - Filling up the DagBag from /home/user/.local/lib/python3.10/site-packages/airflow/example_dags/example_nested_branch_dag.py
[2024-08-22T11:04:08.610+0700] {processor.py:925} INFO - DAG(s) 'example_nested_branch_dag' retrieved from /home/user/.local/lib/python3.10/site-packages/airflow/example_dags/example_nested_branch_dag.py
[2024-08-22T11:04:08.625+0700] {logging_mixin.py:190} INFO - [2024-08-22T11:04:08.625+0700] {dag.py:3211} INFO - Sync 1 DAGs
[2024-08-22T11:04:08.641+0700] {logging_mixin.py:190} INFO - [2024-08-22T11:04:08.641+0700] {dag.py:4138} INFO - Setting next_dagrun for example_nested_branch_dag to 2024-08-21 00:00:00+00:00, run_after=2024-08-22 00:00:00+00:00
[2024-08-22T11:04:08.665+0700] {processor.py:208} INFO - Processing /home/user/.local/lib/python3.10/site-packages/airflow/example_dags/example_nested_branch_dag.py took 0.076 seconds
[2024-08-22T11:05:43.621+0700] {processor.py:186} INFO - Started process (PID=26614) to work on /home/user/.local/lib/python3.10/site-packages/airflow/example_dags/example_nested_branch_dag.py
[2024-08-22T11:05:43.623+0700] {processor.py:914} INFO - Processing file /home/user/.local/lib/python3.10/site-packages/airflow/example_dags/example_nested_branch_dag.py for tasks to queue
[2024-08-22T11:05:43.626+0700] {logging_mixin.py:190} INFO - [2024-08-22T11:05:43.625+0700] {dagbag.py:587} INFO - Filling up the DagBag from /home/user/.local/lib/python3.10/site-packages/airflow/example_dags/example_nested_branch_dag.py
[2024-08-22T11:05:43.635+0700] {processor.py:925} INFO - DAG(s) 'example_nested_branch_dag' retrieved from /home/user/.local/lib/python3.10/site-packages/airflow/example_dags/example_nested_branch_dag.py
[2024-08-22T11:05:43.653+0700] {logging_mixin.py:190} INFO - [2024-08-22T11:05:43.652+0700] {dag.py:3211} INFO - Sync 1 DAGs
[2024-08-22T11:05:43.669+0700] {logging_mixin.py:190} INFO - [2024-08-22T11:05:43.668+0700] {dag.py:4138} INFO - Setting next_dagrun for example_nested_branch_dag to 2024-08-21 00:00:00+00:00, run_after=2024-08-22 00:00:00+00:00
[2024-08-22T11:05:43.687+0700] {processor.py:208} INFO - Processing /home/user/.local/lib/python3.10/site-packages/airflow/example_dags/example_nested_branch_dag.py took 0.072 seconds
[2024-08-22T11:06:41.602+0700] {processor.py:186} INFO - Started process (PID=27067) to work on /home/user/.local/lib/python3.10/site-packages/airflow/example_dags/example_nested_branch_dag.py
[2024-08-22T11:06:41.604+0700] {processor.py:914} INFO - Processing file /home/user/.local/lib/python3.10/site-packages/airflow/example_dags/example_nested_branch_dag.py for tasks to queue
[2024-08-22T11:06:41.609+0700] {logging_mixin.py:190} INFO - [2024-08-22T11:06:41.608+0700] {dagbag.py:587} INFO - Filling up the DagBag from /home/user/.local/lib/python3.10/site-packages/airflow/example_dags/example_nested_branch_dag.py
[2024-08-22T11:06:41.620+0700] {processor.py:925} INFO - DAG(s) 'example_nested_branch_dag' retrieved from /home/user/.local/lib/python3.10/site-packages/airflow/example_dags/example_nested_branch_dag.py
[2024-08-22T11:06:41.643+0700] {logging_mixin.py:190} INFO - [2024-08-22T11:06:41.642+0700] {dag.py:3211} INFO - Sync 1 DAGs
[2024-08-22T11:06:41.662+0700] {logging_mixin.py:190} INFO - [2024-08-22T11:06:41.662+0700] {dag.py:4138} INFO - Setting next_dagrun for example_nested_branch_dag to 2024-08-21 00:00:00+00:00, run_after=2024-08-22 00:00:00+00:00
[2024-08-22T11:06:41.689+0700] {processor.py:208} INFO - Processing /home/user/.local/lib/python3.10/site-packages/airflow/example_dags/example_nested_branch_dag.py took 0.093 seconds
[2024-08-22T11:07:50.817+0700] {processor.py:186} INFO - Started process (PID=27608) to work on /home/user/.local/lib/python3.10/site-packages/airflow/example_dags/example_nested_branch_dag.py
[2024-08-22T11:07:50.819+0700] {processor.py:914} INFO - Processing file /home/user/.local/lib/python3.10/site-packages/airflow/example_dags/example_nested_branch_dag.py for tasks to queue
[2024-08-22T11:07:50.821+0700] {logging_mixin.py:190} INFO - [2024-08-22T11:07:50.820+0700] {dagbag.py:587} INFO - Filling up the DagBag from /home/user/.local/lib/python3.10/site-packages/airflow/example_dags/example_nested_branch_dag.py
[2024-08-22T11:07:50.832+0700] {processor.py:925} INFO - DAG(s) 'example_nested_branch_dag' retrieved from /home/user/.local/lib/python3.10/site-packages/airflow/example_dags/example_nested_branch_dag.py
[2024-08-22T11:07:50.848+0700] {logging_mixin.py:190} INFO - [2024-08-22T11:07:50.848+0700] {dag.py:3211} INFO - Sync 1 DAGs
[2024-08-22T11:07:50.863+0700] {logging_mixin.py:190} INFO - [2024-08-22T11:07:50.863+0700] {dag.py:4138} INFO - Setting next_dagrun for example_nested_branch_dag to 2024-08-21 00:00:00+00:00, run_after=2024-08-22 00:00:00+00:00
[2024-08-22T11:07:50.885+0700] {processor.py:208} INFO - Processing /home/user/.local/lib/python3.10/site-packages/airflow/example_dags/example_nested_branch_dag.py took 0.073 seconds
[2024-08-22T11:08:49.794+0700] {processor.py:186} INFO - Started process (PID=28071) to work on /home/user/.local/lib/python3.10/site-packages/airflow/example_dags/example_nested_branch_dag.py
[2024-08-22T11:08:49.795+0700] {processor.py:914} INFO - Processing file /home/user/.local/lib/python3.10/site-packages/airflow/example_dags/example_nested_branch_dag.py for tasks to queue
[2024-08-22T11:08:49.797+0700] {logging_mixin.py:190} INFO - [2024-08-22T11:08:49.797+0700] {dagbag.py:587} INFO - Filling up the DagBag from /home/user/.local/lib/python3.10/site-packages/airflow/example_dags/example_nested_branch_dag.py
[2024-08-22T11:08:49.806+0700] {processor.py:925} INFO - DAG(s) 'example_nested_branch_dag' retrieved from /home/user/.local/lib/python3.10/site-packages/airflow/example_dags/example_nested_branch_dag.py
[2024-08-22T11:08:49.823+0700] {logging_mixin.py:190} INFO - [2024-08-22T11:08:49.823+0700] {dag.py:3211} INFO - Sync 1 DAGs
[2024-08-22T11:08:49.840+0700] {logging_mixin.py:190} INFO - [2024-08-22T11:08:49.840+0700] {dag.py:4138} INFO - Setting next_dagrun for example_nested_branch_dag to 2024-08-21 00:00:00+00:00, run_after=2024-08-22 00:00:00+00:00
[2024-08-22T11:08:49.860+0700] {processor.py:208} INFO - Processing /home/user/.local/lib/python3.10/site-packages/airflow/example_dags/example_nested_branch_dag.py took 0.071 seconds
[2024-08-22T11:09:46.903+0700] {processor.py:186} INFO - Started process (PID=28520) to work on /home/user/.local/lib/python3.10/site-packages/airflow/example_dags/example_nested_branch_dag.py
[2024-08-22T11:09:46.905+0700] {processor.py:914} INFO - Processing file /home/user/.local/lib/python3.10/site-packages/airflow/example_dags/example_nested_branch_dag.py for tasks to queue
[2024-08-22T11:09:46.906+0700] {logging_mixin.py:190} INFO - [2024-08-22T11:09:46.906+0700] {dagbag.py:587} INFO - Filling up the DagBag from /home/user/.local/lib/python3.10/site-packages/airflow/example_dags/example_nested_branch_dag.py
[2024-08-22T11:09:46.915+0700] {processor.py:925} INFO - DAG(s) 'example_nested_branch_dag' retrieved from /home/user/.local/lib/python3.10/site-packages/airflow/example_dags/example_nested_branch_dag.py
[2024-08-22T11:09:46.929+0700] {logging_mixin.py:190} INFO - [2024-08-22T11:09:46.928+0700] {dag.py:3211} INFO - Sync 1 DAGs
[2024-08-22T11:09:46.943+0700] {logging_mixin.py:190} INFO - [2024-08-22T11:09:46.942+0700] {dag.py:4138} INFO - Setting next_dagrun for example_nested_branch_dag to 2024-08-21 00:00:00+00:00, run_after=2024-08-22 00:00:00+00:00
[2024-08-22T11:09:46.959+0700] {processor.py:208} INFO - Processing /home/user/.local/lib/python3.10/site-packages/airflow/example_dags/example_nested_branch_dag.py took 0.061 seconds
[2024-08-22T11:11:07.589+0700] {processor.py:186} INFO - Started process (PID=29152) to work on /home/user/.local/lib/python3.10/site-packages/airflow/example_dags/example_nested_branch_dag.py
[2024-08-22T11:11:07.591+0700] {processor.py:914} INFO - Processing file /home/user/.local/lib/python3.10/site-packages/airflow/example_dags/example_nested_branch_dag.py for tasks to queue
[2024-08-22T11:11:07.593+0700] {logging_mixin.py:190} INFO - [2024-08-22T11:11:07.593+0700] {dagbag.py:587} INFO - Filling up the DagBag from /home/user/.local/lib/python3.10/site-packages/airflow/example_dags/example_nested_branch_dag.py
[2024-08-22T11:11:07.602+0700] {processor.py:925} INFO - DAG(s) 'example_nested_branch_dag' retrieved from /home/user/.local/lib/python3.10/site-packages/airflow/example_dags/example_nested_branch_dag.py
[2024-08-22T11:11:07.616+0700] {logging_mixin.py:190} INFO - [2024-08-22T11:11:07.616+0700] {dag.py:3211} INFO - Sync 1 DAGs
[2024-08-22T11:11:07.632+0700] {logging_mixin.py:190} INFO - [2024-08-22T11:11:07.632+0700] {dag.py:4138} INFO - Setting next_dagrun for example_nested_branch_dag to 2024-08-21 00:00:00+00:00, run_after=2024-08-22 00:00:00+00:00
[2024-08-22T11:11:07.652+0700] {processor.py:208} INFO - Processing /home/user/.local/lib/python3.10/site-packages/airflow/example_dags/example_nested_branch_dag.py took 0.068 seconds
[2024-08-22T11:12:55.947+0700] {processor.py:186} INFO - Started process (PID=30126) to work on /home/user/.local/lib/python3.10/site-packages/airflow/example_dags/example_nested_branch_dag.py
[2024-08-22T11:12:55.949+0700] {processor.py:914} INFO - Processing file /home/user/.local/lib/python3.10/site-packages/airflow/example_dags/example_nested_branch_dag.py for tasks to queue
[2024-08-22T11:12:55.950+0700] {logging_mixin.py:190} INFO - [2024-08-22T11:12:55.949+0700] {dagbag.py:587} INFO - Filling up the DagBag from /home/user/.local/lib/python3.10/site-packages/airflow/example_dags/example_nested_branch_dag.py
[2024-08-22T11:12:55.960+0700] {processor.py:925} INFO - DAG(s) 'example_nested_branch_dag' retrieved from /home/user/.local/lib/python3.10/site-packages/airflow/example_dags/example_nested_branch_dag.py
[2024-08-22T11:12:56.046+0700] {logging_mixin.py:190} INFO - [2024-08-22T11:12:56.045+0700] {override.py:1858} INFO - Created Permission View: can read on DAG:example_nested_branch_dag
[2024-08-22T11:12:56.059+0700] {logging_mixin.py:190} INFO - [2024-08-22T11:12:56.058+0700] {override.py:1858} INFO - Created Permission View: can edit on DAG:example_nested_branch_dag
[2024-08-22T11:12:56.069+0700] {logging_mixin.py:190} INFO - [2024-08-22T11:12:56.068+0700] {override.py:1858} INFO - Created Permission View: can delete on DAG:example_nested_branch_dag
[2024-08-22T11:12:56.070+0700] {logging_mixin.py:190} INFO - [2024-08-22T11:12:56.069+0700] {dag.py:3211} INFO - Sync 1 DAGs
[2024-08-22T11:12:56.084+0700] {logging_mixin.py:190} INFO - [2024-08-22T11:12:56.083+0700] {dag.py:3234} INFO - Creating ORM DAG for example_nested_branch_dag
[2024-08-22T11:12:56.094+0700] {logging_mixin.py:190} INFO - [2024-08-22T11:12:56.094+0700] {dag.py:4138} INFO - Setting next_dagrun for example_nested_branch_dag to 2024-08-21 00:00:00+00:00, run_after=2024-08-22 00:00:00+00:00
[2024-08-22T11:12:56.116+0700] {processor.py:208} INFO - Processing /home/user/.local/lib/python3.10/site-packages/airflow/example_dags/example_nested_branch_dag.py took 0.174 seconds
[2024-08-22T11:14:20.338+0700] {processor.py:186} INFO - Started process (PID=30806) to work on /home/user/.local/lib/python3.10/site-packages/airflow/example_dags/example_nested_branch_dag.py
[2024-08-22T11:14:20.341+0700] {processor.py:914} INFO - Processing file /home/user/.local/lib/python3.10/site-packages/airflow/example_dags/example_nested_branch_dag.py for tasks to queue
[2024-08-22T11:14:20.343+0700] {logging_mixin.py:190} INFO - [2024-08-22T11:14:20.343+0700] {dagbag.py:587} INFO - Filling up the DagBag from /home/user/.local/lib/python3.10/site-packages/airflow/example_dags/example_nested_branch_dag.py
[2024-08-22T11:14:20.354+0700] {processor.py:925} INFO - DAG(s) 'example_nested_branch_dag' retrieved from /home/user/.local/lib/python3.10/site-packages/airflow/example_dags/example_nested_branch_dag.py
[2024-08-22T11:14:20.371+0700] {logging_mixin.py:190} INFO - [2024-08-22T11:14:20.371+0700] {dag.py:3211} INFO - Sync 1 DAGs
[2024-08-22T11:14:20.393+0700] {logging_mixin.py:190} INFO - [2024-08-22T11:14:20.393+0700] {dag.py:4138} INFO - Setting next_dagrun for example_nested_branch_dag to 2024-08-21 00:00:00+00:00, run_after=2024-08-22 00:00:00+00:00
[2024-08-22T11:14:20.415+0700] {processor.py:208} INFO - Processing /home/user/.local/lib/python3.10/site-packages/airflow/example_dags/example_nested_branch_dag.py took 0.081 seconds
[2024-08-22T11:15:20.245+0700] {processor.py:186} INFO - Started process (PID=31280) to work on /home/user/.local/lib/python3.10/site-packages/airflow/example_dags/example_nested_branch_dag.py
[2024-08-22T11:15:20.289+0700] {processor.py:914} INFO - Processing file /home/user/.local/lib/python3.10/site-packages/airflow/example_dags/example_nested_branch_dag.py for tasks to queue
[2024-08-22T11:15:20.291+0700] {logging_mixin.py:190} INFO - [2024-08-22T11:15:20.291+0700] {dagbag.py:587} INFO - Filling up the DagBag from /home/user/.local/lib/python3.10/site-packages/airflow/example_dags/example_nested_branch_dag.py
[2024-08-22T11:15:20.301+0700] {processor.py:925} INFO - DAG(s) 'example_nested_branch_dag' retrieved from /home/user/.local/lib/python3.10/site-packages/airflow/example_dags/example_nested_branch_dag.py
[2024-08-22T11:15:20.315+0700] {logging_mixin.py:190} INFO - [2024-08-22T11:15:20.314+0700] {dag.py:3211} INFO - Sync 1 DAGs
[2024-08-22T11:15:20.331+0700] {logging_mixin.py:190} INFO - [2024-08-22T11:15:20.330+0700] {dag.py:4138} INFO - Setting next_dagrun for example_nested_branch_dag to 2024-08-21 00:00:00+00:00, run_after=2024-08-22 00:00:00+00:00
[2024-08-22T11:15:20.434+0700] {processor.py:208} INFO - Processing /home/user/.local/lib/python3.10/site-packages/airflow/example_dags/example_nested_branch_dag.py took 0.195 seconds
[2024-08-22T11:16:17.381+0700] {processor.py:186} INFO - Started process (PID=31771) to work on /home/user/.local/lib/python3.10/site-packages/airflow/example_dags/example_nested_branch_dag.py
[2024-08-22T11:16:17.383+0700] {processor.py:914} INFO - Processing file /home/user/.local/lib/python3.10/site-packages/airflow/example_dags/example_nested_branch_dag.py for tasks to queue
[2024-08-22T11:16:17.384+0700] {logging_mixin.py:190} INFO - [2024-08-22T11:16:17.384+0700] {dagbag.py:587} INFO - Filling up the DagBag from /home/user/.local/lib/python3.10/site-packages/airflow/example_dags/example_nested_branch_dag.py
[2024-08-22T11:16:17.394+0700] {processor.py:925} INFO - DAG(s) 'example_nested_branch_dag' retrieved from /home/user/.local/lib/python3.10/site-packages/airflow/example_dags/example_nested_branch_dag.py
[2024-08-22T11:16:17.407+0700] {logging_mixin.py:190} INFO - [2024-08-22T11:16:17.407+0700] {dag.py:3211} INFO - Sync 1 DAGs
[2024-08-22T11:16:17.421+0700] {logging_mixin.py:190} INFO - [2024-08-22T11:16:17.421+0700] {dag.py:4138} INFO - Setting next_dagrun for example_nested_branch_dag to 2024-08-21 00:00:00+00:00, run_after=2024-08-22 00:00:00+00:00
[2024-08-22T11:16:17.440+0700] {processor.py:208} INFO - Processing /home/user/.local/lib/python3.10/site-packages/airflow/example_dags/example_nested_branch_dag.py took 0.063 seconds
[2024-08-22T11:17:51.041+0700] {processor.py:186} INFO - Started process (PID=32495) to work on /home/user/.local/lib/python3.10/site-packages/airflow/example_dags/example_nested_branch_dag.py
[2024-08-22T11:17:51.043+0700] {processor.py:914} INFO - Processing file /home/user/.local/lib/python3.10/site-packages/airflow/example_dags/example_nested_branch_dag.py for tasks to queue
[2024-08-22T11:17:51.045+0700] {logging_mixin.py:190} INFO - [2024-08-22T11:17:51.045+0700] {dagbag.py:587} INFO - Filling up the DagBag from /home/user/.local/lib/python3.10/site-packages/airflow/example_dags/example_nested_branch_dag.py
[2024-08-22T11:17:51.058+0700] {processor.py:925} INFO - DAG(s) 'example_nested_branch_dag' retrieved from /home/user/.local/lib/python3.10/site-packages/airflow/example_dags/example_nested_branch_dag.py
[2024-08-22T11:17:51.073+0700] {logging_mixin.py:190} INFO - [2024-08-22T11:17:51.073+0700] {dag.py:3211} INFO - Sync 1 DAGs
[2024-08-22T11:17:51.089+0700] {logging_mixin.py:190} INFO - [2024-08-22T11:17:51.089+0700] {dag.py:4138} INFO - Setting next_dagrun for example_nested_branch_dag to 2024-08-21 00:00:00+00:00, run_after=2024-08-22 00:00:00+00:00
[2024-08-22T11:17:51.109+0700] {processor.py:208} INFO - Processing /home/user/.local/lib/python3.10/site-packages/airflow/example_dags/example_nested_branch_dag.py took 0.073 seconds
[2024-08-22T11:18:46.449+0700] {processor.py:186} INFO - Started process (PID=32931) to work on /home/user/.local/lib/python3.10/site-packages/airflow/example_dags/example_nested_branch_dag.py
[2024-08-22T11:18:46.451+0700] {processor.py:914} INFO - Processing file /home/user/.local/lib/python3.10/site-packages/airflow/example_dags/example_nested_branch_dag.py for tasks to queue
[2024-08-22T11:18:46.454+0700] {logging_mixin.py:190} INFO - [2024-08-22T11:18:46.453+0700] {dagbag.py:587} INFO - Filling up the DagBag from /home/user/.local/lib/python3.10/site-packages/airflow/example_dags/example_nested_branch_dag.py
[2024-08-22T11:18:46.465+0700] {processor.py:925} INFO - DAG(s) 'example_nested_branch_dag' retrieved from /home/user/.local/lib/python3.10/site-packages/airflow/example_dags/example_nested_branch_dag.py
[2024-08-22T11:18:46.480+0700] {logging_mixin.py:190} INFO - [2024-08-22T11:18:46.479+0700] {dag.py:3211} INFO - Sync 1 DAGs
[2024-08-22T11:18:46.496+0700] {logging_mixin.py:190} INFO - [2024-08-22T11:18:46.495+0700] {dag.py:4138} INFO - Setting next_dagrun for example_nested_branch_dag to 2024-08-21 00:00:00+00:00, run_after=2024-08-22 00:00:00+00:00
[2024-08-22T11:18:46.516+0700] {processor.py:208} INFO - Processing /home/user/.local/lib/python3.10/site-packages/airflow/example_dags/example_nested_branch_dag.py took 0.073 seconds
[2024-08-22T11:19:50.969+0700] {processor.py:186} INFO - Started process (PID=33441) to work on /home/user/.local/lib/python3.10/site-packages/airflow/example_dags/example_nested_branch_dag.py
[2024-08-22T11:19:50.981+0700] {processor.py:914} INFO - Processing file /home/user/.local/lib/python3.10/site-packages/airflow/example_dags/example_nested_branch_dag.py for tasks to queue
[2024-08-22T11:19:51.014+0700] {logging_mixin.py:190} INFO - [2024-08-22T11:19:51.010+0700] {dagbag.py:587} INFO - Filling up the DagBag from /home/user/.local/lib/python3.10/site-packages/airflow/example_dags/example_nested_branch_dag.py
[2024-08-22T11:19:51.138+0700] {processor.py:925} INFO - DAG(s) 'example_nested_branch_dag' retrieved from /home/user/.local/lib/python3.10/site-packages/airflow/example_dags/example_nested_branch_dag.py
[2024-08-22T11:19:51.269+0700] {logging_mixin.py:190} INFO - [2024-08-22T11:19:51.269+0700] {dag.py:3211} INFO - Sync 1 DAGs
[2024-08-22T11:19:51.351+0700] {logging_mixin.py:190} INFO - [2024-08-22T11:19:51.351+0700] {dag.py:4138} INFO - Setting next_dagrun for example_nested_branch_dag to 2024-08-21 00:00:00+00:00, run_after=2024-08-22 00:00:00+00:00
[2024-08-22T11:19:51.396+0700] {processor.py:208} INFO - Processing /home/user/.local/lib/python3.10/site-packages/airflow/example_dags/example_nested_branch_dag.py took 0.500 seconds
[2024-08-22T11:20:52.887+0700] {processor.py:186} INFO - Started process (PID=33929) to work on /home/user/.local/lib/python3.10/site-packages/airflow/example_dags/example_nested_branch_dag.py
[2024-08-22T11:20:52.889+0700] {processor.py:914} INFO - Processing file /home/user/.local/lib/python3.10/site-packages/airflow/example_dags/example_nested_branch_dag.py for tasks to queue
[2024-08-22T11:20:52.891+0700] {logging_mixin.py:190} INFO - [2024-08-22T11:20:52.891+0700] {dagbag.py:587} INFO - Filling up the DagBag from /home/user/.local/lib/python3.10/site-packages/airflow/example_dags/example_nested_branch_dag.py
[2024-08-22T11:20:52.905+0700] {processor.py:925} INFO - DAG(s) 'example_nested_branch_dag' retrieved from /home/user/.local/lib/python3.10/site-packages/airflow/example_dags/example_nested_branch_dag.py
[2024-08-22T11:20:52.924+0700] {logging_mixin.py:190} INFO - [2024-08-22T11:20:52.924+0700] {dag.py:3211} INFO - Sync 1 DAGs
[2024-08-22T11:20:52.946+0700] {logging_mixin.py:190} INFO - [2024-08-22T11:20:52.946+0700] {dag.py:4138} INFO - Setting next_dagrun for example_nested_branch_dag to 2024-08-21 00:00:00+00:00, run_after=2024-08-22 00:00:00+00:00
[2024-08-22T11:20:52.973+0700] {processor.py:208} INFO - Processing /home/user/.local/lib/python3.10/site-packages/airflow/example_dags/example_nested_branch_dag.py took 0.093 seconds
[2024-08-22T11:21:51.997+0700] {processor.py:186} INFO - Started process (PID=34389) to work on /home/user/.local/lib/python3.10/site-packages/airflow/example_dags/example_nested_branch_dag.py
[2024-08-22T11:21:51.999+0700] {processor.py:914} INFO - Processing file /home/user/.local/lib/python3.10/site-packages/airflow/example_dags/example_nested_branch_dag.py for tasks to queue
[2024-08-22T11:21:52.000+0700] {logging_mixin.py:190} INFO - [2024-08-22T11:21:52.000+0700] {dagbag.py:587} INFO - Filling up the DagBag from /home/user/.local/lib/python3.10/site-packages/airflow/example_dags/example_nested_branch_dag.py
[2024-08-22T11:21:52.014+0700] {processor.py:925} INFO - DAG(s) 'example_nested_branch_dag' retrieved from /home/user/.local/lib/python3.10/site-packages/airflow/example_dags/example_nested_branch_dag.py
[2024-08-22T11:21:52.081+0700] {logging_mixin.py:190} INFO - [2024-08-22T11:21:52.080+0700] {dag.py:3211} INFO - Sync 1 DAGs
[2024-08-22T11:21:52.124+0700] {logging_mixin.py:190} INFO - [2024-08-22T11:21:52.123+0700] {dag.py:4138} INFO - Setting next_dagrun for example_nested_branch_dag to 2024-08-21 00:00:00+00:00, run_after=2024-08-22 00:00:00+00:00
[2024-08-22T11:21:52.159+0700] {processor.py:208} INFO - Processing /home/user/.local/lib/python3.10/site-packages/airflow/example_dags/example_nested_branch_dag.py took 0.167 seconds
[2024-08-22T11:23:08.162+0700] {processor.py:186} INFO - Started process (PID=35021) to work on /home/user/.local/lib/python3.10/site-packages/airflow/example_dags/example_nested_branch_dag.py
[2024-08-22T11:23:08.169+0700] {processor.py:914} INFO - Processing file /home/user/.local/lib/python3.10/site-packages/airflow/example_dags/example_nested_branch_dag.py for tasks to queue
[2024-08-22T11:23:08.171+0700] {logging_mixin.py:190} INFO - [2024-08-22T11:23:08.171+0700] {dagbag.py:587} INFO - Filling up the DagBag from /home/user/.local/lib/python3.10/site-packages/airflow/example_dags/example_nested_branch_dag.py
[2024-08-22T11:23:08.181+0700] {processor.py:925} INFO - DAG(s) 'example_nested_branch_dag' retrieved from /home/user/.local/lib/python3.10/site-packages/airflow/example_dags/example_nested_branch_dag.py
[2024-08-22T11:23:08.195+0700] {logging_mixin.py:190} INFO - [2024-08-22T11:23:08.195+0700] {dag.py:3211} INFO - Sync 1 DAGs
[2024-08-22T11:23:08.210+0700] {logging_mixin.py:190} INFO - [2024-08-22T11:23:08.210+0700] {dag.py:4138} INFO - Setting next_dagrun for example_nested_branch_dag to 2024-08-21 00:00:00+00:00, run_after=2024-08-22 00:00:00+00:00
[2024-08-22T11:23:08.229+0700] {processor.py:208} INFO - Processing /home/user/.local/lib/python3.10/site-packages/airflow/example_dags/example_nested_branch_dag.py took 0.071 seconds
[2024-08-22T11:24:05.588+0700] {processor.py:186} INFO - Started process (PID=35554) to work on /home/user/.local/lib/python3.10/site-packages/airflow/example_dags/example_nested_branch_dag.py
[2024-08-22T11:24:05.598+0700] {processor.py:914} INFO - Processing file /home/user/.local/lib/python3.10/site-packages/airflow/example_dags/example_nested_branch_dag.py for tasks to queue
[2024-08-22T11:24:05.620+0700] {logging_mixin.py:190} INFO - [2024-08-22T11:24:05.614+0700] {dagbag.py:587} INFO - Filling up the DagBag from /home/user/.local/lib/python3.10/site-packages/airflow/example_dags/example_nested_branch_dag.py
[2024-08-22T11:24:05.740+0700] {processor.py:925} INFO - DAG(s) 'example_nested_branch_dag' retrieved from /home/user/.local/lib/python3.10/site-packages/airflow/example_dags/example_nested_branch_dag.py
[2024-08-22T11:24:05.834+0700] {logging_mixin.py:190} INFO - [2024-08-22T11:24:05.834+0700] {dag.py:3211} INFO - Sync 1 DAGs
[2024-08-22T11:24:05.897+0700] {logging_mixin.py:190} INFO - [2024-08-22T11:24:05.897+0700] {dag.py:4138} INFO - Setting next_dagrun for example_nested_branch_dag to 2024-08-21 00:00:00+00:00, run_after=2024-08-22 00:00:00+00:00
[2024-08-22T11:24:05.954+0700] {processor.py:208} INFO - Processing /home/user/.local/lib/python3.10/site-packages/airflow/example_dags/example_nested_branch_dag.py took 0.430 seconds
[2024-08-22T11:25:08.246+0700] {processor.py:186} INFO - Started process (PID=36091) to work on /home/user/.local/lib/python3.10/site-packages/airflow/example_dags/example_nested_branch_dag.py
[2024-08-22T11:25:08.247+0700] {processor.py:914} INFO - Processing file /home/user/.local/lib/python3.10/site-packages/airflow/example_dags/example_nested_branch_dag.py for tasks to queue
[2024-08-22T11:25:08.250+0700] {logging_mixin.py:190} INFO - [2024-08-22T11:25:08.249+0700] {dagbag.py:587} INFO - Filling up the DagBag from /home/user/.local/lib/python3.10/site-packages/airflow/example_dags/example_nested_branch_dag.py
[2024-08-22T11:25:08.259+0700] {processor.py:925} INFO - DAG(s) 'example_nested_branch_dag' retrieved from /home/user/.local/lib/python3.10/site-packages/airflow/example_dags/example_nested_branch_dag.py
[2024-08-22T11:25:08.273+0700] {logging_mixin.py:190} INFO - [2024-08-22T11:25:08.273+0700] {dag.py:3211} INFO - Sync 1 DAGs
[2024-08-22T11:25:08.290+0700] {logging_mixin.py:190} INFO - [2024-08-22T11:25:08.290+0700] {dag.py:4138} INFO - Setting next_dagrun for example_nested_branch_dag to 2024-08-21 00:00:00+00:00, run_after=2024-08-22 00:00:00+00:00
[2024-08-22T11:25:08.309+0700] {processor.py:208} INFO - Processing /home/user/.local/lib/python3.10/site-packages/airflow/example_dags/example_nested_branch_dag.py took 0.068 seconds
[2024-08-22T11:26:38.247+0700] {processor.py:186} INFO - Started process (PID=36998) to work on /home/user/.local/lib/python3.10/site-packages/airflow/example_dags/example_nested_branch_dag.py
[2024-08-22T11:26:38.249+0700] {processor.py:914} INFO - Processing file /home/user/.local/lib/python3.10/site-packages/airflow/example_dags/example_nested_branch_dag.py for tasks to queue
[2024-08-22T11:26:38.250+0700] {logging_mixin.py:190} INFO - [2024-08-22T11:26:38.250+0700] {dagbag.py:587} INFO - Filling up the DagBag from /home/user/.local/lib/python3.10/site-packages/airflow/example_dags/example_nested_branch_dag.py
[2024-08-22T11:26:38.269+0700] {processor.py:925} INFO - DAG(s) 'example_nested_branch_dag' retrieved from /home/user/.local/lib/python3.10/site-packages/airflow/example_dags/example_nested_branch_dag.py
[2024-08-22T11:26:38.285+0700] {logging_mixin.py:190} INFO - [2024-08-22T11:26:38.285+0700] {dag.py:3211} INFO - Sync 1 DAGs
[2024-08-22T11:26:38.302+0700] {logging_mixin.py:190} INFO - [2024-08-22T11:26:38.301+0700] {dag.py:4138} INFO - Setting next_dagrun for example_nested_branch_dag to 2024-08-21 00:00:00+00:00, run_after=2024-08-22 00:00:00+00:00
[2024-08-22T11:26:38.321+0700] {processor.py:208} INFO - Processing /home/user/.local/lib/python3.10/site-packages/airflow/example_dags/example_nested_branch_dag.py took 0.078 seconds
[2024-08-22T11:28:19.897+0700] {processor.py:186} INFO - Started process (PID=37822) to work on /home/user/.local/lib/python3.10/site-packages/airflow/example_dags/example_nested_branch_dag.py
[2024-08-22T11:28:19.899+0700] {processor.py:914} INFO - Processing file /home/user/.local/lib/python3.10/site-packages/airflow/example_dags/example_nested_branch_dag.py for tasks to queue
[2024-08-22T11:28:19.900+0700] {logging_mixin.py:190} INFO - [2024-08-22T11:28:19.900+0700] {dagbag.py:587} INFO - Filling up the DagBag from /home/user/.local/lib/python3.10/site-packages/airflow/example_dags/example_nested_branch_dag.py
[2024-08-22T11:28:19.914+0700] {processor.py:925} INFO - DAG(s) 'example_nested_branch_dag' retrieved from /home/user/.local/lib/python3.10/site-packages/airflow/example_dags/example_nested_branch_dag.py
[2024-08-22T11:28:19.937+0700] {logging_mixin.py:190} INFO - [2024-08-22T11:28:19.937+0700] {dag.py:3211} INFO - Sync 1 DAGs
[2024-08-22T11:28:19.959+0700] {logging_mixin.py:190} INFO - [2024-08-22T11:28:19.959+0700] {dag.py:4138} INFO - Setting next_dagrun for example_nested_branch_dag to 2024-08-21 00:00:00+00:00, run_after=2024-08-22 00:00:00+00:00
[2024-08-22T11:28:19.992+0700] {processor.py:208} INFO - Processing /home/user/.local/lib/python3.10/site-packages/airflow/example_dags/example_nested_branch_dag.py took 0.101 seconds
[2024-08-22T11:29:40.509+0700] {processor.py:186} INFO - Started process (PID=38510) to work on /home/user/.local/lib/python3.10/site-packages/airflow/example_dags/example_nested_branch_dag.py
[2024-08-22T11:29:40.510+0700] {processor.py:914} INFO - Processing file /home/user/.local/lib/python3.10/site-packages/airflow/example_dags/example_nested_branch_dag.py for tasks to queue
[2024-08-22T11:29:40.511+0700] {logging_mixin.py:190} INFO - [2024-08-22T11:29:40.511+0700] {dagbag.py:587} INFO - Filling up the DagBag from /home/user/.local/lib/python3.10/site-packages/airflow/example_dags/example_nested_branch_dag.py
[2024-08-22T11:29:40.523+0700] {processor.py:925} INFO - DAG(s) 'example_nested_branch_dag' retrieved from /home/user/.local/lib/python3.10/site-packages/airflow/example_dags/example_nested_branch_dag.py
[2024-08-22T11:29:40.541+0700] {logging_mixin.py:190} INFO - [2024-08-22T11:29:40.540+0700] {dag.py:3211} INFO - Sync 1 DAGs
[2024-08-22T11:29:40.557+0700] {logging_mixin.py:190} INFO - [2024-08-22T11:29:40.557+0700] {dag.py:4138} INFO - Setting next_dagrun for example_nested_branch_dag to 2024-08-21 00:00:00+00:00, run_after=2024-08-22 00:00:00+00:00
[2024-08-22T11:29:40.578+0700] {processor.py:208} INFO - Processing /home/user/.local/lib/python3.10/site-packages/airflow/example_dags/example_nested_branch_dag.py took 0.075 seconds
[2024-08-22T11:31:04.532+0700] {processor.py:186} INFO - Started process (PID=39090) to work on /home/user/.local/lib/python3.10/site-packages/airflow/example_dags/example_nested_branch_dag.py
[2024-08-22T11:31:04.533+0700] {processor.py:914} INFO - Processing file /home/user/.local/lib/python3.10/site-packages/airflow/example_dags/example_nested_branch_dag.py for tasks to queue
[2024-08-22T11:31:04.534+0700] {logging_mixin.py:190} INFO - [2024-08-22T11:31:04.534+0700] {dagbag.py:587} INFO - Filling up the DagBag from /home/user/.local/lib/python3.10/site-packages/airflow/example_dags/example_nested_branch_dag.py
[2024-08-22T11:31:04.546+0700] {processor.py:925} INFO - DAG(s) 'example_nested_branch_dag' retrieved from /home/user/.local/lib/python3.10/site-packages/airflow/example_dags/example_nested_branch_dag.py
[2024-08-22T11:31:04.562+0700] {logging_mixin.py:190} INFO - [2024-08-22T11:31:04.562+0700] {dag.py:3211} INFO - Sync 1 DAGs
[2024-08-22T11:31:04.607+0700] {logging_mixin.py:190} INFO - [2024-08-22T11:31:04.607+0700] {dag.py:4138} INFO - Setting next_dagrun for example_nested_branch_dag to 2024-08-21 00:00:00+00:00, run_after=2024-08-22 00:00:00+00:00
[2024-08-22T11:31:04.684+0700] {processor.py:208} INFO - Processing /home/user/.local/lib/python3.10/site-packages/airflow/example_dags/example_nested_branch_dag.py took 0.157 seconds
