[2024-08-22T10:43:03.058+0700] {processor.py:186} INFO - Started process (PID=15320) to work on /home/user/.local/lib/python3.10/site-packages/airflow/example_dags/example_branch_python_dop_operator_3.py
[2024-08-22T10:43:03.059+0700] {processor.py:914} INFO - Processing file /home/user/.local/lib/python3.10/site-packages/airflow/example_dags/example_branch_python_dop_operator_3.py for tasks to queue
[2024-08-22T10:43:03.062+0700] {logging_mixin.py:190} INFO - [2024-08-22T10:43:03.062+0700] {dagbag.py:587} INFO - Filling up the DagBag from /home/user/.local/lib/python3.10/site-packages/airflow/example_dags/example_branch_python_dop_operator_3.py
[2024-08-22T10:43:03.076+0700] {processor.py:925} INFO - DAG(s) 'example_branch_dop_operator_v3' retrieved from /home/user/.local/lib/python3.10/site-packages/airflow/example_dags/example_branch_python_dop_operator_3.py
[2024-08-22T10:43:03.161+0700] {logging_mixin.py:190} INFO - [2024-08-22T10:43:03.161+0700] {dag.py:3211} INFO - Sync 1 DAGs
[2024-08-22T10:43:03.182+0700] {logging_mixin.py:190} INFO - [2024-08-22T10:43:03.182+0700] {dag.py:4138} INFO - Setting next_dagrun for example_branch_dop_operator_v3 to 2024-08-22 03:42:00+00:00, run_after=2024-08-22 03:43:00+00:00
[2024-08-22T10:43:03.204+0700] {processor.py:208} INFO - Processing /home/user/.local/lib/python3.10/site-packages/airflow/example_dags/example_branch_python_dop_operator_3.py took 0.154 seconds
[2024-08-22T10:47:50.604+0700] {processor.py:186} INFO - Started process (PID=16781) to work on /home/user/.local/lib/python3.10/site-packages/airflow/example_dags/example_branch_python_dop_operator_3.py
[2024-08-22T10:47:50.606+0700] {processor.py:914} INFO - Processing file /home/user/.local/lib/python3.10/site-packages/airflow/example_dags/example_branch_python_dop_operator_3.py for tasks to queue
[2024-08-22T10:47:50.607+0700] {logging_mixin.py:190} INFO - [2024-08-22T10:47:50.607+0700] {dagbag.py:587} INFO - Filling up the DagBag from /home/user/.local/lib/python3.10/site-packages/airflow/example_dags/example_branch_python_dop_operator_3.py
[2024-08-22T10:47:50.616+0700] {processor.py:925} INFO - DAG(s) 'example_branch_dop_operator_v3' retrieved from /home/user/.local/lib/python3.10/site-packages/airflow/example_dags/example_branch_python_dop_operator_3.py
[2024-08-22T10:47:50.627+0700] {logging_mixin.py:190} INFO - [2024-08-22T10:47:50.626+0700] {dag.py:3211} INFO - Sync 1 DAGs
[2024-08-22T10:47:50.643+0700] {logging_mixin.py:190} INFO - [2024-08-22T10:47:50.642+0700] {dag.py:4138} INFO - Setting next_dagrun for example_branch_dop_operator_v3 to 2024-08-22 03:46:00+00:00, run_after=2024-08-22 03:47:00+00:00
[2024-08-22T10:47:50.658+0700] {processor.py:208} INFO - Processing /home/user/.local/lib/python3.10/site-packages/airflow/example_dags/example_branch_python_dop_operator_3.py took 0.058 seconds
[2024-08-22T10:54:53.782+0700] {processor.py:186} INFO - Started process (PID=21075) to work on /home/user/.local/lib/python3.10/site-packages/airflow/example_dags/example_branch_python_dop_operator_3.py
[2024-08-22T10:54:53.800+0700] {processor.py:914} INFO - Processing file /home/user/.local/lib/python3.10/site-packages/airflow/example_dags/example_branch_python_dop_operator_3.py for tasks to queue
[2024-08-22T10:54:53.831+0700] {logging_mixin.py:190} INFO - [2024-08-22T10:54:53.828+0700] {dagbag.py:587} INFO - Filling up the DagBag from /home/user/.local/lib/python3.10/site-packages/airflow/example_dags/example_branch_python_dop_operator_3.py
[2024-08-22T10:54:53.965+0700] {processor.py:925} INFO - DAG(s) 'example_branch_dop_operator_v3' retrieved from /home/user/.local/lib/python3.10/site-packages/airflow/example_dags/example_branch_python_dop_operator_3.py
[2024-08-22T10:54:54.039+0700] {logging_mixin.py:190} INFO - [2024-08-22T10:54:54.039+0700] {dag.py:3211} INFO - Sync 1 DAGs
[2024-08-22T10:54:54.138+0700] {logging_mixin.py:190} INFO - [2024-08-22T10:54:54.138+0700] {dag.py:4138} INFO - Setting next_dagrun for example_branch_dop_operator_v3 to 2024-08-22 03:53:00+00:00, run_after=2024-08-22 03:54:00+00:00
[2024-08-22T10:54:54.197+0700] {processor.py:208} INFO - Processing /home/user/.local/lib/python3.10/site-packages/airflow/example_dags/example_branch_python_dop_operator_3.py took 0.464 seconds
[2024-08-22T10:56:29.890+0700] {processor.py:186} INFO - Started process (PID=21850) to work on /home/user/.local/lib/python3.10/site-packages/airflow/example_dags/example_branch_python_dop_operator_3.py
[2024-08-22T10:56:29.892+0700] {processor.py:914} INFO - Processing file /home/user/.local/lib/python3.10/site-packages/airflow/example_dags/example_branch_python_dop_operator_3.py for tasks to queue
[2024-08-22T10:56:29.894+0700] {logging_mixin.py:190} INFO - [2024-08-22T10:56:29.893+0700] {dagbag.py:587} INFO - Filling up the DagBag from /home/user/.local/lib/python3.10/site-packages/airflow/example_dags/example_branch_python_dop_operator_3.py
[2024-08-22T10:56:29.905+0700] {processor.py:925} INFO - DAG(s) 'example_branch_dop_operator_v3' retrieved from /home/user/.local/lib/python3.10/site-packages/airflow/example_dags/example_branch_python_dop_operator_3.py
[2024-08-22T10:56:29.921+0700] {logging_mixin.py:190} INFO - [2024-08-22T10:56:29.921+0700] {dag.py:3211} INFO - Sync 1 DAGs
[2024-08-22T10:56:29.947+0700] {logging_mixin.py:190} INFO - [2024-08-22T10:56:29.947+0700] {dag.py:4138} INFO - Setting next_dagrun for example_branch_dop_operator_v3 to 2024-08-22 03:55:00+00:00, run_after=2024-08-22 03:56:00+00:00
[2024-08-22T10:56:29.967+0700] {processor.py:208} INFO - Processing /home/user/.local/lib/python3.10/site-packages/airflow/example_dags/example_branch_python_dop_operator_3.py took 0.082 seconds
[2024-08-22T10:57:32.112+0700] {processor.py:186} INFO - Started process (PID=22398) to work on /home/user/.local/lib/python3.10/site-packages/airflow/example_dags/example_branch_python_dop_operator_3.py
[2024-08-22T10:57:32.114+0700] {processor.py:914} INFO - Processing file /home/user/.local/lib/python3.10/site-packages/airflow/example_dags/example_branch_python_dop_operator_3.py for tasks to queue
[2024-08-22T10:57:32.116+0700] {logging_mixin.py:190} INFO - [2024-08-22T10:57:32.115+0700] {dagbag.py:587} INFO - Filling up the DagBag from /home/user/.local/lib/python3.10/site-packages/airflow/example_dags/example_branch_python_dop_operator_3.py
[2024-08-22T10:57:32.128+0700] {processor.py:925} INFO - DAG(s) 'example_branch_dop_operator_v3' retrieved from /home/user/.local/lib/python3.10/site-packages/airflow/example_dags/example_branch_python_dop_operator_3.py
[2024-08-22T10:57:32.144+0700] {logging_mixin.py:190} INFO - [2024-08-22T10:57:32.144+0700] {dag.py:3211} INFO - Sync 1 DAGs
[2024-08-22T10:57:32.163+0700] {logging_mixin.py:190} INFO - [2024-08-22T10:57:32.162+0700] {dag.py:4138} INFO - Setting next_dagrun for example_branch_dop_operator_v3 to 2024-08-22 03:56:00+00:00, run_after=2024-08-22 03:57:00+00:00
[2024-08-22T10:57:32.183+0700] {processor.py:208} INFO - Processing /home/user/.local/lib/python3.10/site-packages/airflow/example_dags/example_branch_python_dop_operator_3.py took 0.077 seconds
[2024-08-22T10:58:37.472+0700] {processor.py:186} INFO - Started process (PID=23121) to work on /home/user/.local/lib/python3.10/site-packages/airflow/example_dags/example_branch_python_dop_operator_3.py
[2024-08-22T10:58:37.476+0700] {processor.py:914} INFO - Processing file /home/user/.local/lib/python3.10/site-packages/airflow/example_dags/example_branch_python_dop_operator_3.py for tasks to queue
[2024-08-22T10:58:37.478+0700] {logging_mixin.py:190} INFO - [2024-08-22T10:58:37.477+0700] {dagbag.py:587} INFO - Filling up the DagBag from /home/user/.local/lib/python3.10/site-packages/airflow/example_dags/example_branch_python_dop_operator_3.py
[2024-08-22T10:58:37.489+0700] {processor.py:925} INFO - DAG(s) 'example_branch_dop_operator_v3' retrieved from /home/user/.local/lib/python3.10/site-packages/airflow/example_dags/example_branch_python_dop_operator_3.py
[2024-08-22T10:58:37.502+0700] {logging_mixin.py:190} INFO - [2024-08-22T10:58:37.502+0700] {dag.py:3211} INFO - Sync 1 DAGs
[2024-08-22T10:58:37.523+0700] {logging_mixin.py:190} INFO - [2024-08-22T10:58:37.522+0700] {dag.py:4138} INFO - Setting next_dagrun for example_branch_dop_operator_v3 to 2024-08-22 03:57:00+00:00, run_after=2024-08-22 03:58:00+00:00
[2024-08-22T10:58:37.543+0700] {processor.py:208} INFO - Processing /home/user/.local/lib/python3.10/site-packages/airflow/example_dags/example_branch_python_dop_operator_3.py took 0.078 seconds
[2024-08-22T10:59:43.374+0700] {processor.py:186} INFO - Started process (PID=23716) to work on /home/user/.local/lib/python3.10/site-packages/airflow/example_dags/example_branch_python_dop_operator_3.py
[2024-08-22T10:59:43.376+0700] {processor.py:914} INFO - Processing file /home/user/.local/lib/python3.10/site-packages/airflow/example_dags/example_branch_python_dop_operator_3.py for tasks to queue
[2024-08-22T10:59:43.377+0700] {logging_mixin.py:190} INFO - [2024-08-22T10:59:43.377+0700] {dagbag.py:587} INFO - Filling up the DagBag from /home/user/.local/lib/python3.10/site-packages/airflow/example_dags/example_branch_python_dop_operator_3.py
[2024-08-22T10:59:43.386+0700] {processor.py:925} INFO - DAG(s) 'example_branch_dop_operator_v3' retrieved from /home/user/.local/lib/python3.10/site-packages/airflow/example_dags/example_branch_python_dop_operator_3.py
[2024-08-22T10:59:43.398+0700] {logging_mixin.py:190} INFO - [2024-08-22T10:59:43.398+0700] {dag.py:3211} INFO - Sync 1 DAGs
[2024-08-22T10:59:43.414+0700] {logging_mixin.py:190} INFO - [2024-08-22T10:59:43.414+0700] {dag.py:4138} INFO - Setting next_dagrun for example_branch_dop_operator_v3 to 2024-08-22 03:58:00+00:00, run_after=2024-08-22 03:59:00+00:00
[2024-08-22T10:59:43.432+0700] {processor.py:208} INFO - Processing /home/user/.local/lib/python3.10/site-packages/airflow/example_dags/example_branch_python_dop_operator_3.py took 0.065 seconds
[2024-08-22T11:00:40.590+0700] {processor.py:186} INFO - Started process (PID=24167) to work on /home/user/.local/lib/python3.10/site-packages/airflow/example_dags/example_branch_python_dop_operator_3.py
[2024-08-22T11:00:40.592+0700] {processor.py:914} INFO - Processing file /home/user/.local/lib/python3.10/site-packages/airflow/example_dags/example_branch_python_dop_operator_3.py for tasks to queue
[2024-08-22T11:00:40.594+0700] {logging_mixin.py:190} INFO - [2024-08-22T11:00:40.593+0700] {dagbag.py:587} INFO - Filling up the DagBag from /home/user/.local/lib/python3.10/site-packages/airflow/example_dags/example_branch_python_dop_operator_3.py
[2024-08-22T11:00:40.607+0700] {processor.py:925} INFO - DAG(s) 'example_branch_dop_operator_v3' retrieved from /home/user/.local/lib/python3.10/site-packages/airflow/example_dags/example_branch_python_dop_operator_3.py
[2024-08-22T11:00:40.625+0700] {logging_mixin.py:190} INFO - [2024-08-22T11:00:40.625+0700] {dag.py:3211} INFO - Sync 1 DAGs
[2024-08-22T11:00:40.645+0700] {logging_mixin.py:190} INFO - [2024-08-22T11:00:40.645+0700] {dag.py:4138} INFO - Setting next_dagrun for example_branch_dop_operator_v3 to 2024-08-22 03:59:00+00:00, run_after=2024-08-22 04:00:00+00:00
[2024-08-22T11:00:40.663+0700] {processor.py:208} INFO - Processing /home/user/.local/lib/python3.10/site-packages/airflow/example_dags/example_branch_python_dop_operator_3.py took 0.078 seconds
[2024-08-22T11:01:45.450+0700] {processor.py:186} INFO - Started process (PID=24688) to work on /home/user/.local/lib/python3.10/site-packages/airflow/example_dags/example_branch_python_dop_operator_3.py
[2024-08-22T11:01:45.452+0700] {processor.py:914} INFO - Processing file /home/user/.local/lib/python3.10/site-packages/airflow/example_dags/example_branch_python_dop_operator_3.py for tasks to queue
[2024-08-22T11:01:45.455+0700] {logging_mixin.py:190} INFO - [2024-08-22T11:01:45.454+0700] {dagbag.py:587} INFO - Filling up the DagBag from /home/user/.local/lib/python3.10/site-packages/airflow/example_dags/example_branch_python_dop_operator_3.py
[2024-08-22T11:01:45.463+0700] {processor.py:925} INFO - DAG(s) 'example_branch_dop_operator_v3' retrieved from /home/user/.local/lib/python3.10/site-packages/airflow/example_dags/example_branch_python_dop_operator_3.py
[2024-08-22T11:01:45.481+0700] {logging_mixin.py:190} INFO - [2024-08-22T11:01:45.481+0700] {dag.py:3211} INFO - Sync 1 DAGs
[2024-08-22T11:01:45.502+0700] {logging_mixin.py:190} INFO - [2024-08-22T11:01:45.502+0700] {dag.py:4138} INFO - Setting next_dagrun for example_branch_dop_operator_v3 to 2024-08-22 04:00:00+00:00, run_after=2024-08-22 04:01:00+00:00
[2024-08-22T11:01:45.538+0700] {processor.py:208} INFO - Processing /home/user/.local/lib/python3.10/site-packages/airflow/example_dags/example_branch_python_dop_operator_3.py took 0.093 seconds
[2024-08-22T11:02:47.000+0700] {processor.py:186} INFO - Started process (PID=25173) to work on /home/user/.local/lib/python3.10/site-packages/airflow/example_dags/example_branch_python_dop_operator_3.py
[2024-08-22T11:02:47.002+0700] {processor.py:914} INFO - Processing file /home/user/.local/lib/python3.10/site-packages/airflow/example_dags/example_branch_python_dop_operator_3.py for tasks to queue
[2024-08-22T11:02:47.005+0700] {logging_mixin.py:190} INFO - [2024-08-22T11:02:47.004+0700] {dagbag.py:587} INFO - Filling up the DagBag from /home/user/.local/lib/python3.10/site-packages/airflow/example_dags/example_branch_python_dop_operator_3.py
[2024-08-22T11:02:47.016+0700] {processor.py:925} INFO - DAG(s) 'example_branch_dop_operator_v3' retrieved from /home/user/.local/lib/python3.10/site-packages/airflow/example_dags/example_branch_python_dop_operator_3.py
[2024-08-22T11:02:47.029+0700] {logging_mixin.py:190} INFO - [2024-08-22T11:02:47.029+0700] {dag.py:3211} INFO - Sync 1 DAGs
[2024-08-22T11:02:47.046+0700] {logging_mixin.py:190} INFO - [2024-08-22T11:02:47.046+0700] {dag.py:4138} INFO - Setting next_dagrun for example_branch_dop_operator_v3 to 2024-08-22 04:01:00+00:00, run_after=2024-08-22 04:02:00+00:00
[2024-08-22T11:02:47.071+0700] {processor.py:208} INFO - Processing /home/user/.local/lib/python3.10/site-packages/airflow/example_dags/example_branch_python_dop_operator_3.py took 0.077 seconds
[2024-08-22T11:03:50.158+0700] {processor.py:186} INFO - Started process (PID=25862) to work on /home/user/.local/lib/python3.10/site-packages/airflow/example_dags/example_branch_python_dop_operator_3.py
[2024-08-22T11:03:50.159+0700] {processor.py:914} INFO - Processing file /home/user/.local/lib/python3.10/site-packages/airflow/example_dags/example_branch_python_dop_operator_3.py for tasks to queue
[2024-08-22T11:03:50.161+0700] {logging_mixin.py:190} INFO - [2024-08-22T11:03:50.161+0700] {dagbag.py:587} INFO - Filling up the DagBag from /home/user/.local/lib/python3.10/site-packages/airflow/example_dags/example_branch_python_dop_operator_3.py
[2024-08-22T11:03:50.170+0700] {processor.py:925} INFO - DAG(s) 'example_branch_dop_operator_v3' retrieved from /home/user/.local/lib/python3.10/site-packages/airflow/example_dags/example_branch_python_dop_operator_3.py
[2024-08-22T11:03:50.184+0700] {logging_mixin.py:190} INFO - [2024-08-22T11:03:50.184+0700] {dag.py:3211} INFO - Sync 1 DAGs
[2024-08-22T11:03:50.204+0700] {logging_mixin.py:190} INFO - [2024-08-22T11:03:50.204+0700] {dag.py:4138} INFO - Setting next_dagrun for example_branch_dop_operator_v3 to 2024-08-22 04:02:00+00:00, run_after=2024-08-22 04:03:00+00:00
[2024-08-22T11:03:50.227+0700] {processor.py:208} INFO - Processing /home/user/.local/lib/python3.10/site-packages/airflow/example_dags/example_branch_python_dop_operator_3.py took 0.075 seconds
[2024-08-22T11:05:25.199+0700] {processor.py:186} INFO - Started process (PID=26512) to work on /home/user/.local/lib/python3.10/site-packages/airflow/example_dags/example_branch_python_dop_operator_3.py
[2024-08-22T11:05:25.201+0700] {processor.py:914} INFO - Processing file /home/user/.local/lib/python3.10/site-packages/airflow/example_dags/example_branch_python_dop_operator_3.py for tasks to queue
[2024-08-22T11:05:25.202+0700] {logging_mixin.py:190} INFO - [2024-08-22T11:05:25.202+0700] {dagbag.py:587} INFO - Filling up the DagBag from /home/user/.local/lib/python3.10/site-packages/airflow/example_dags/example_branch_python_dop_operator_3.py
[2024-08-22T11:05:25.211+0700] {processor.py:925} INFO - DAG(s) 'example_branch_dop_operator_v3' retrieved from /home/user/.local/lib/python3.10/site-packages/airflow/example_dags/example_branch_python_dop_operator_3.py
[2024-08-22T11:05:25.226+0700] {logging_mixin.py:190} INFO - [2024-08-22T11:05:25.225+0700] {dag.py:3211} INFO - Sync 1 DAGs
[2024-08-22T11:05:25.244+0700] {logging_mixin.py:190} INFO - [2024-08-22T11:05:25.244+0700] {dag.py:4138} INFO - Setting next_dagrun for example_branch_dop_operator_v3 to 2024-08-22 04:04:00+00:00, run_after=2024-08-22 04:05:00+00:00
[2024-08-22T11:05:25.265+0700] {processor.py:208} INFO - Processing /home/user/.local/lib/python3.10/site-packages/airflow/example_dags/example_branch_python_dop_operator_3.py took 0.071 seconds
[2024-08-22T11:06:22.148+0700] {processor.py:186} INFO - Started process (PID=26915) to work on /home/user/.local/lib/python3.10/site-packages/airflow/example_dags/example_branch_python_dop_operator_3.py
[2024-08-22T11:06:22.149+0700] {processor.py:914} INFO - Processing file /home/user/.local/lib/python3.10/site-packages/airflow/example_dags/example_branch_python_dop_operator_3.py for tasks to queue
[2024-08-22T11:06:22.152+0700] {logging_mixin.py:190} INFO - [2024-08-22T11:06:22.152+0700] {dagbag.py:587} INFO - Filling up the DagBag from /home/user/.local/lib/python3.10/site-packages/airflow/example_dags/example_branch_python_dop_operator_3.py
[2024-08-22T11:06:22.162+0700] {processor.py:925} INFO - DAG(s) 'example_branch_dop_operator_v3' retrieved from /home/user/.local/lib/python3.10/site-packages/airflow/example_dags/example_branch_python_dop_operator_3.py
[2024-08-22T11:06:22.175+0700] {logging_mixin.py:190} INFO - [2024-08-22T11:06:22.174+0700] {dag.py:3211} INFO - Sync 1 DAGs
[2024-08-22T11:06:22.192+0700] {logging_mixin.py:190} INFO - [2024-08-22T11:06:22.191+0700] {dag.py:4138} INFO - Setting next_dagrun for example_branch_dop_operator_v3 to 2024-08-22 04:05:00+00:00, run_after=2024-08-22 04:06:00+00:00
[2024-08-22T11:06:22.209+0700] {processor.py:208} INFO - Processing /home/user/.local/lib/python3.10/site-packages/airflow/example_dags/example_branch_python_dop_operator_3.py took 0.067 seconds
[2024-08-22T11:07:31.842+0700] {processor.py:186} INFO - Started process (PID=27457) to work on /home/user/.local/lib/python3.10/site-packages/airflow/example_dags/example_branch_python_dop_operator_3.py
[2024-08-22T11:07:31.844+0700] {processor.py:914} INFO - Processing file /home/user/.local/lib/python3.10/site-packages/airflow/example_dags/example_branch_python_dop_operator_3.py for tasks to queue
[2024-08-22T11:07:31.847+0700] {logging_mixin.py:190} INFO - [2024-08-22T11:07:31.846+0700] {dagbag.py:587} INFO - Filling up the DagBag from /home/user/.local/lib/python3.10/site-packages/airflow/example_dags/example_branch_python_dop_operator_3.py
[2024-08-22T11:07:31.857+0700] {processor.py:925} INFO - DAG(s) 'example_branch_dop_operator_v3' retrieved from /home/user/.local/lib/python3.10/site-packages/airflow/example_dags/example_branch_python_dop_operator_3.py
[2024-08-22T11:07:31.879+0700] {logging_mixin.py:190} INFO - [2024-08-22T11:07:31.879+0700] {dag.py:3211} INFO - Sync 1 DAGs
[2024-08-22T11:07:31.900+0700] {logging_mixin.py:190} INFO - [2024-08-22T11:07:31.900+0700] {dag.py:4138} INFO - Setting next_dagrun for example_branch_dop_operator_v3 to 2024-08-22 04:06:00+00:00, run_after=2024-08-22 04:07:00+00:00
[2024-08-22T11:07:31.929+0700] {processor.py:208} INFO - Processing /home/user/.local/lib/python3.10/site-packages/airflow/example_dags/example_branch_python_dop_operator_3.py took 0.093 seconds
[2024-08-22T11:08:31.152+0700] {processor.py:186} INFO - Started process (PID=27926) to work on /home/user/.local/lib/python3.10/site-packages/airflow/example_dags/example_branch_python_dop_operator_3.py
[2024-08-22T11:08:31.154+0700] {processor.py:914} INFO - Processing file /home/user/.local/lib/python3.10/site-packages/airflow/example_dags/example_branch_python_dop_operator_3.py for tasks to queue
[2024-08-22T11:08:31.156+0700] {logging_mixin.py:190} INFO - [2024-08-22T11:08:31.156+0700] {dagbag.py:587} INFO - Filling up the DagBag from /home/user/.local/lib/python3.10/site-packages/airflow/example_dags/example_branch_python_dop_operator_3.py
[2024-08-22T11:08:31.173+0700] {processor.py:925} INFO - DAG(s) 'example_branch_dop_operator_v3' retrieved from /home/user/.local/lib/python3.10/site-packages/airflow/example_dags/example_branch_python_dop_operator_3.py
[2024-08-22T11:08:31.187+0700] {logging_mixin.py:190} INFO - [2024-08-22T11:08:31.186+0700] {dag.py:3211} INFO - Sync 1 DAGs
[2024-08-22T11:08:31.205+0700] {logging_mixin.py:190} INFO - [2024-08-22T11:08:31.205+0700] {dag.py:4138} INFO - Setting next_dagrun for example_branch_dop_operator_v3 to 2024-08-22 04:07:00+00:00, run_after=2024-08-22 04:08:00+00:00
[2024-08-22T11:08:31.239+0700] {processor.py:208} INFO - Processing /home/user/.local/lib/python3.10/site-packages/airflow/example_dags/example_branch_python_dop_operator_3.py took 0.092 seconds
[2024-08-22T11:09:28.094+0700] {processor.py:186} INFO - Started process (PID=28370) to work on /home/user/.local/lib/python3.10/site-packages/airflow/example_dags/example_branch_python_dop_operator_3.py
[2024-08-22T11:09:28.095+0700] {processor.py:914} INFO - Processing file /home/user/.local/lib/python3.10/site-packages/airflow/example_dags/example_branch_python_dop_operator_3.py for tasks to queue
[2024-08-22T11:09:28.098+0700] {logging_mixin.py:190} INFO - [2024-08-22T11:09:28.097+0700] {dagbag.py:587} INFO - Filling up the DagBag from /home/user/.local/lib/python3.10/site-packages/airflow/example_dags/example_branch_python_dop_operator_3.py
[2024-08-22T11:09:28.108+0700] {processor.py:925} INFO - DAG(s) 'example_branch_dop_operator_v3' retrieved from /home/user/.local/lib/python3.10/site-packages/airflow/example_dags/example_branch_python_dop_operator_3.py
[2024-08-22T11:09:28.121+0700] {logging_mixin.py:190} INFO - [2024-08-22T11:09:28.121+0700] {dag.py:3211} INFO - Sync 1 DAGs
[2024-08-22T11:09:28.144+0700] {logging_mixin.py:190} INFO - [2024-08-22T11:09:28.144+0700] {dag.py:4138} INFO - Setting next_dagrun for example_branch_dop_operator_v3 to 2024-08-22 04:08:00+00:00, run_after=2024-08-22 04:09:00+00:00
[2024-08-22T11:09:28.166+0700] {processor.py:208} INFO - Processing /home/user/.local/lib/python3.10/site-packages/airflow/example_dags/example_branch_python_dop_operator_3.py took 0.079 seconds
[2024-08-22T11:10:22.245+0700] {processor.py:186} INFO - Started process (PID=28796) to work on /home/user/.local/lib/python3.10/site-packages/airflow/example_dags/example_branch_python_dop_operator_3.py
[2024-08-22T11:10:22.247+0700] {processor.py:914} INFO - Processing file /home/user/.local/lib/python3.10/site-packages/airflow/example_dags/example_branch_python_dop_operator_3.py for tasks to queue
[2024-08-22T11:10:22.250+0700] {logging_mixin.py:190} INFO - [2024-08-22T11:10:22.250+0700] {dagbag.py:587} INFO - Filling up the DagBag from /home/user/.local/lib/python3.10/site-packages/airflow/example_dags/example_branch_python_dop_operator_3.py
[2024-08-22T11:10:22.259+0700] {processor.py:925} INFO - DAG(s) 'example_branch_dop_operator_v3' retrieved from /home/user/.local/lib/python3.10/site-packages/airflow/example_dags/example_branch_python_dop_operator_3.py
[2024-08-22T11:10:22.275+0700] {logging_mixin.py:190} INFO - [2024-08-22T11:10:22.274+0700] {dag.py:3211} INFO - Sync 1 DAGs
[2024-08-22T11:10:22.294+0700] {logging_mixin.py:190} INFO - [2024-08-22T11:10:22.294+0700] {dag.py:4138} INFO - Setting next_dagrun for example_branch_dop_operator_v3 to 2024-08-22 04:09:00+00:00, run_after=2024-08-22 04:10:00+00:00
[2024-08-22T11:10:22.312+0700] {processor.py:208} INFO - Processing /home/user/.local/lib/python3.10/site-packages/airflow/example_dags/example_branch_python_dop_operator_3.py took 0.075 seconds
[2024-08-22T11:11:17.066+0700] {processor.py:186} INFO - Started process (PID=29253) to work on /home/user/.local/lib/python3.10/site-packages/airflow/example_dags/example_branch_python_dop_operator_3.py
[2024-08-22T11:11:17.068+0700] {processor.py:914} INFO - Processing file /home/user/.local/lib/python3.10/site-packages/airflow/example_dags/example_branch_python_dop_operator_3.py for tasks to queue
[2024-08-22T11:11:17.070+0700] {logging_mixin.py:190} INFO - [2024-08-22T11:11:17.070+0700] {dagbag.py:587} INFO - Filling up the DagBag from /home/user/.local/lib/python3.10/site-packages/airflow/example_dags/example_branch_python_dop_operator_3.py
[2024-08-22T11:11:17.078+0700] {processor.py:925} INFO - DAG(s) 'example_branch_dop_operator_v3' retrieved from /home/user/.local/lib/python3.10/site-packages/airflow/example_dags/example_branch_python_dop_operator_3.py
[2024-08-22T11:11:17.093+0700] {logging_mixin.py:190} INFO - [2024-08-22T11:11:17.093+0700] {dag.py:3211} INFO - Sync 1 DAGs
[2024-08-22T11:11:17.132+0700] {logging_mixin.py:190} INFO - [2024-08-22T11:11:17.132+0700] {dag.py:4138} INFO - Setting next_dagrun for example_branch_dop_operator_v3 to 2024-08-22 04:10:00+00:00, run_after=2024-08-22 04:11:00+00:00
[2024-08-22T11:11:17.192+0700] {processor.py:208} INFO - Processing /home/user/.local/lib/python3.10/site-packages/airflow/example_dags/example_branch_python_dop_operator_3.py took 0.130 seconds
[2024-08-22T11:12:33.384+0700] {processor.py:186} INFO - Started process (PID=29948) to work on /home/user/.local/lib/python3.10/site-packages/airflow/example_dags/example_branch_python_dop_operator_3.py
[2024-08-22T11:12:33.385+0700] {processor.py:914} INFO - Processing file /home/user/.local/lib/python3.10/site-packages/airflow/example_dags/example_branch_python_dop_operator_3.py for tasks to queue
[2024-08-22T11:12:33.386+0700] {logging_mixin.py:190} INFO - [2024-08-22T11:12:33.386+0700] {dagbag.py:587} INFO - Filling up the DagBag from /home/user/.local/lib/python3.10/site-packages/airflow/example_dags/example_branch_python_dop_operator_3.py
[2024-08-22T11:12:33.396+0700] {processor.py:925} INFO - DAG(s) 'example_branch_dop_operator_v3' retrieved from /home/user/.local/lib/python3.10/site-packages/airflow/example_dags/example_branch_python_dop_operator_3.py
[2024-08-22T11:12:33.482+0700] {logging_mixin.py:190} INFO - [2024-08-22T11:12:33.481+0700] {override.py:1858} INFO - Created Permission View: can read on DAG:example_branch_dop_operator_v3
[2024-08-22T11:12:33.492+0700] {logging_mixin.py:190} INFO - [2024-08-22T11:12:33.492+0700] {override.py:1858} INFO - Created Permission View: can edit on DAG:example_branch_dop_operator_v3
[2024-08-22T11:12:33.500+0700] {logging_mixin.py:190} INFO - [2024-08-22T11:12:33.499+0700] {override.py:1858} INFO - Created Permission View: can delete on DAG:example_branch_dop_operator_v3
[2024-08-22T11:12:33.500+0700] {logging_mixin.py:190} INFO - [2024-08-22T11:12:33.500+0700] {dag.py:3211} INFO - Sync 1 DAGs
[2024-08-22T11:12:33.508+0700] {logging_mixin.py:190} INFO - [2024-08-22T11:12:33.508+0700] {dag.py:3234} INFO - Creating ORM DAG for example_branch_dop_operator_v3
[2024-08-22T11:12:33.516+0700] {logging_mixin.py:190} INFO - [2024-08-22T11:12:33.516+0700] {dag.py:4138} INFO - Setting next_dagrun for example_branch_dop_operator_v3 to 2024-08-22 04:11:00+00:00, run_after=2024-08-22 04:12:00+00:00
[2024-08-22T11:12:33.533+0700] {processor.py:208} INFO - Processing /home/user/.local/lib/python3.10/site-packages/airflow/example_dags/example_branch_python_dop_operator_3.py took 0.154 seconds
[2024-08-22T11:14:00.680+0700] {processor.py:186} INFO - Started process (PID=30653) to work on /home/user/.local/lib/python3.10/site-packages/airflow/example_dags/example_branch_python_dop_operator_3.py
[2024-08-22T11:14:00.681+0700] {processor.py:914} INFO - Processing file /home/user/.local/lib/python3.10/site-packages/airflow/example_dags/example_branch_python_dop_operator_3.py for tasks to queue
[2024-08-22T11:14:00.683+0700] {logging_mixin.py:190} INFO - [2024-08-22T11:14:00.683+0700] {dagbag.py:587} INFO - Filling up the DagBag from /home/user/.local/lib/python3.10/site-packages/airflow/example_dags/example_branch_python_dop_operator_3.py
[2024-08-22T11:14:00.692+0700] {processor.py:925} INFO - DAG(s) 'example_branch_dop_operator_v3' retrieved from /home/user/.local/lib/python3.10/site-packages/airflow/example_dags/example_branch_python_dop_operator_3.py
[2024-08-22T11:14:00.706+0700] {logging_mixin.py:190} INFO - [2024-08-22T11:14:00.706+0700] {dag.py:3211} INFO - Sync 1 DAGs
[2024-08-22T11:14:00.725+0700] {logging_mixin.py:190} INFO - [2024-08-22T11:14:00.725+0700] {dag.py:4138} INFO - Setting next_dagrun for example_branch_dop_operator_v3 to 2024-08-22 04:13:00+00:00, run_after=2024-08-22 04:14:00+00:00
[2024-08-22T11:14:00.746+0700] {processor.py:208} INFO - Processing /home/user/.local/lib/python3.10/site-packages/airflow/example_dags/example_branch_python_dop_operator_3.py took 0.073 seconds
[2024-08-22T11:14:59.862+0700] {processor.py:186} INFO - Started process (PID=31119) to work on /home/user/.local/lib/python3.10/site-packages/airflow/example_dags/example_branch_python_dop_operator_3.py
[2024-08-22T11:14:59.864+0700] {processor.py:914} INFO - Processing file /home/user/.local/lib/python3.10/site-packages/airflow/example_dags/example_branch_python_dop_operator_3.py for tasks to queue
[2024-08-22T11:14:59.866+0700] {logging_mixin.py:190} INFO - [2024-08-22T11:14:59.866+0700] {dagbag.py:587} INFO - Filling up the DagBag from /home/user/.local/lib/python3.10/site-packages/airflow/example_dags/example_branch_python_dop_operator_3.py
[2024-08-22T11:14:59.876+0700] {processor.py:925} INFO - DAG(s) 'example_branch_dop_operator_v3' retrieved from /home/user/.local/lib/python3.10/site-packages/airflow/example_dags/example_branch_python_dop_operator_3.py
[2024-08-22T11:14:59.894+0700] {logging_mixin.py:190} INFO - [2024-08-22T11:14:59.894+0700] {dag.py:3211} INFO - Sync 1 DAGs
[2024-08-22T11:14:59.919+0700] {logging_mixin.py:190} INFO - [2024-08-22T11:14:59.918+0700] {dag.py:4138} INFO - Setting next_dagrun for example_branch_dop_operator_v3 to 2024-08-22 04:13:00+00:00, run_after=2024-08-22 04:14:00+00:00
[2024-08-22T11:14:59.949+0700] {processor.py:208} INFO - Processing /home/user/.local/lib/python3.10/site-packages/airflow/example_dags/example_branch_python_dop_operator_3.py took 0.093 seconds
[2024-08-22T11:15:58.391+0700] {processor.py:186} INFO - Started process (PID=31607) to work on /home/user/.local/lib/python3.10/site-packages/airflow/example_dags/example_branch_python_dop_operator_3.py
[2024-08-22T11:15:58.392+0700] {processor.py:914} INFO - Processing file /home/user/.local/lib/python3.10/site-packages/airflow/example_dags/example_branch_python_dop_operator_3.py for tasks to queue
[2024-08-22T11:15:58.395+0700] {logging_mixin.py:190} INFO - [2024-08-22T11:15:58.395+0700] {dagbag.py:587} INFO - Filling up the DagBag from /home/user/.local/lib/python3.10/site-packages/airflow/example_dags/example_branch_python_dop_operator_3.py
[2024-08-22T11:15:58.409+0700] {processor.py:925} INFO - DAG(s) 'example_branch_dop_operator_v3' retrieved from /home/user/.local/lib/python3.10/site-packages/airflow/example_dags/example_branch_python_dop_operator_3.py
[2024-08-22T11:15:58.427+0700] {logging_mixin.py:190} INFO - [2024-08-22T11:15:58.427+0700] {dag.py:3211} INFO - Sync 1 DAGs
[2024-08-22T11:15:58.451+0700] {logging_mixin.py:190} INFO - [2024-08-22T11:15:58.450+0700] {dag.py:4138} INFO - Setting next_dagrun for example_branch_dop_operator_v3 to 2024-08-22 04:14:00+00:00, run_after=2024-08-22 04:15:00+00:00
[2024-08-22T11:15:58.476+0700] {processor.py:208} INFO - Processing /home/user/.local/lib/python3.10/site-packages/airflow/example_dags/example_branch_python_dop_operator_3.py took 0.093 seconds
[2024-08-22T11:17:30.509+0700] {processor.py:186} INFO - Started process (PID=32340) to work on /home/user/.local/lib/python3.10/site-packages/airflow/example_dags/example_branch_python_dop_operator_3.py
[2024-08-22T11:17:30.555+0700] {processor.py:914} INFO - Processing file /home/user/.local/lib/python3.10/site-packages/airflow/example_dags/example_branch_python_dop_operator_3.py for tasks to queue
[2024-08-22T11:17:30.557+0700] {logging_mixin.py:190} INFO - [2024-08-22T11:17:30.557+0700] {dagbag.py:587} INFO - Filling up the DagBag from /home/user/.local/lib/python3.10/site-packages/airflow/example_dags/example_branch_python_dop_operator_3.py
[2024-08-22T11:17:30.567+0700] {processor.py:925} INFO - DAG(s) 'example_branch_dop_operator_v3' retrieved from /home/user/.local/lib/python3.10/site-packages/airflow/example_dags/example_branch_python_dop_operator_3.py
[2024-08-22T11:17:30.586+0700] {logging_mixin.py:190} INFO - [2024-08-22T11:17:30.586+0700] {dag.py:3211} INFO - Sync 1 DAGs
[2024-08-22T11:17:30.641+0700] {logging_mixin.py:190} INFO - [2024-08-22T11:17:30.641+0700] {dag.py:4138} INFO - Setting next_dagrun for example_branch_dop_operator_v3 to 2024-08-22 04:16:00+00:00, run_after=2024-08-22 04:17:00+00:00
[2024-08-22T11:17:30.665+0700] {processor.py:208} INFO - Processing /home/user/.local/lib/python3.10/site-packages/airflow/example_dags/example_branch_python_dop_operator_3.py took 0.161 seconds
[2024-08-22T11:18:27.930+0700] {processor.py:186} INFO - Started process (PID=32786) to work on /home/user/.local/lib/python3.10/site-packages/airflow/example_dags/example_branch_python_dop_operator_3.py
[2024-08-22T11:18:27.931+0700] {processor.py:914} INFO - Processing file /home/user/.local/lib/python3.10/site-packages/airflow/example_dags/example_branch_python_dop_operator_3.py for tasks to queue
[2024-08-22T11:18:27.935+0700] {logging_mixin.py:190} INFO - [2024-08-22T11:18:27.934+0700] {dagbag.py:587} INFO - Filling up the DagBag from /home/user/.local/lib/python3.10/site-packages/airflow/example_dags/example_branch_python_dop_operator_3.py
[2024-08-22T11:18:27.945+0700] {processor.py:925} INFO - DAG(s) 'example_branch_dop_operator_v3' retrieved from /home/user/.local/lib/python3.10/site-packages/airflow/example_dags/example_branch_python_dop_operator_3.py
[2024-08-22T11:18:27.957+0700] {logging_mixin.py:190} INFO - [2024-08-22T11:18:27.957+0700] {dag.py:3211} INFO - Sync 1 DAGs
[2024-08-22T11:18:27.977+0700] {logging_mixin.py:190} INFO - [2024-08-22T11:18:27.977+0700] {dag.py:4138} INFO - Setting next_dagrun for example_branch_dop_operator_v3 to 2024-08-22 04:17:00+00:00, run_after=2024-08-22 04:18:00+00:00
[2024-08-22T11:18:27.993+0700] {processor.py:208} INFO - Processing /home/user/.local/lib/python3.10/site-packages/airflow/example_dags/example_branch_python_dop_operator_3.py took 0.070 seconds
[2024-08-22T11:19:29.248+0700] {processor.py:186} INFO - Started process (PID=33266) to work on /home/user/.local/lib/python3.10/site-packages/airflow/example_dags/example_branch_python_dop_operator_3.py
[2024-08-22T11:19:29.249+0700] {processor.py:914} INFO - Processing file /home/user/.local/lib/python3.10/site-packages/airflow/example_dags/example_branch_python_dop_operator_3.py for tasks to queue
[2024-08-22T11:19:29.252+0700] {logging_mixin.py:190} INFO - [2024-08-22T11:19:29.251+0700] {dagbag.py:587} INFO - Filling up the DagBag from /home/user/.local/lib/python3.10/site-packages/airflow/example_dags/example_branch_python_dop_operator_3.py
[2024-08-22T11:19:29.267+0700] {processor.py:925} INFO - DAG(s) 'example_branch_dop_operator_v3' retrieved from /home/user/.local/lib/python3.10/site-packages/airflow/example_dags/example_branch_python_dop_operator_3.py
[2024-08-22T11:19:29.293+0700] {logging_mixin.py:190} INFO - [2024-08-22T11:19:29.293+0700] {dag.py:3211} INFO - Sync 1 DAGs
[2024-08-22T11:19:29.370+0700] {logging_mixin.py:190} INFO - [2024-08-22T11:19:29.370+0700] {dag.py:4138} INFO - Setting next_dagrun for example_branch_dop_operator_v3 to 2024-08-22 04:18:00+00:00, run_after=2024-08-22 04:19:00+00:00
[2024-08-22T11:19:29.437+0700] {processor.py:208} INFO - Processing /home/user/.local/lib/python3.10/site-packages/airflow/example_dags/example_branch_python_dop_operator_3.py took 0.196 seconds
[2024-08-22T11:20:32.624+0700] {processor.py:186} INFO - Started process (PID=33768) to work on /home/user/.local/lib/python3.10/site-packages/airflow/example_dags/example_branch_python_dop_operator_3.py
[2024-08-22T11:20:32.625+0700] {processor.py:914} INFO - Processing file /home/user/.local/lib/python3.10/site-packages/airflow/example_dags/example_branch_python_dop_operator_3.py for tasks to queue
[2024-08-22T11:20:32.627+0700] {logging_mixin.py:190} INFO - [2024-08-22T11:20:32.627+0700] {dagbag.py:587} INFO - Filling up the DagBag from /home/user/.local/lib/python3.10/site-packages/airflow/example_dags/example_branch_python_dop_operator_3.py
[2024-08-22T11:20:32.638+0700] {processor.py:925} INFO - DAG(s) 'example_branch_dop_operator_v3' retrieved from /home/user/.local/lib/python3.10/site-packages/airflow/example_dags/example_branch_python_dop_operator_3.py
[2024-08-22T11:20:32.651+0700] {logging_mixin.py:190} INFO - [2024-08-22T11:20:32.651+0700] {dag.py:3211} INFO - Sync 1 DAGs
[2024-08-22T11:20:32.674+0700] {logging_mixin.py:190} INFO - [2024-08-22T11:20:32.673+0700] {dag.py:4138} INFO - Setting next_dagrun for example_branch_dop_operator_v3 to 2024-08-22 04:19:00+00:00, run_after=2024-08-22 04:20:00+00:00
[2024-08-22T11:20:32.696+0700] {processor.py:208} INFO - Processing /home/user/.local/lib/python3.10/site-packages/airflow/example_dags/example_branch_python_dop_operator_3.py took 0.078 seconds
[2024-08-22T11:21:32.465+0700] {processor.py:186} INFO - Started process (PID=34236) to work on /home/user/.local/lib/python3.10/site-packages/airflow/example_dags/example_branch_python_dop_operator_3.py
[2024-08-22T11:21:32.467+0700] {processor.py:914} INFO - Processing file /home/user/.local/lib/python3.10/site-packages/airflow/example_dags/example_branch_python_dop_operator_3.py for tasks to queue
[2024-08-22T11:21:32.469+0700] {logging_mixin.py:190} INFO - [2024-08-22T11:21:32.468+0700] {dagbag.py:587} INFO - Filling up the DagBag from /home/user/.local/lib/python3.10/site-packages/airflow/example_dags/example_branch_python_dop_operator_3.py
[2024-08-22T11:21:32.479+0700] {processor.py:925} INFO - DAG(s) 'example_branch_dop_operator_v3' retrieved from /home/user/.local/lib/python3.10/site-packages/airflow/example_dags/example_branch_python_dop_operator_3.py
[2024-08-22T11:21:32.494+0700] {logging_mixin.py:190} INFO - [2024-08-22T11:21:32.493+0700] {dag.py:3211} INFO - Sync 1 DAGs
[2024-08-22T11:21:32.514+0700] {logging_mixin.py:190} INFO - [2024-08-22T11:21:32.514+0700] {dag.py:4138} INFO - Setting next_dagrun for example_branch_dop_operator_v3 to 2024-08-22 04:20:00+00:00, run_after=2024-08-22 04:21:00+00:00
[2024-08-22T11:21:32.573+0700] {processor.py:208} INFO - Processing /home/user/.local/lib/python3.10/site-packages/airflow/example_dags/example_branch_python_dop_operator_3.py took 0.113 seconds
[2024-08-22T11:22:50.965+0700] {processor.py:186} INFO - Started process (PID=34887) to work on /home/user/.local/lib/python3.10/site-packages/airflow/example_dags/example_branch_python_dop_operator_3.py
[2024-08-22T11:22:50.966+0700] {processor.py:914} INFO - Processing file /home/user/.local/lib/python3.10/site-packages/airflow/example_dags/example_branch_python_dop_operator_3.py for tasks to queue
[2024-08-22T11:22:50.968+0700] {logging_mixin.py:190} INFO - [2024-08-22T11:22:50.968+0700] {dagbag.py:587} INFO - Filling up the DagBag from /home/user/.local/lib/python3.10/site-packages/airflow/example_dags/example_branch_python_dop_operator_3.py
[2024-08-22T11:22:50.977+0700] {processor.py:925} INFO - DAG(s) 'example_branch_dop_operator_v3' retrieved from /home/user/.local/lib/python3.10/site-packages/airflow/example_dags/example_branch_python_dop_operator_3.py
[2024-08-22T11:22:50.989+0700] {logging_mixin.py:190} INFO - [2024-08-22T11:22:50.988+0700] {dag.py:3211} INFO - Sync 1 DAGs
[2024-08-22T11:22:51.006+0700] {logging_mixin.py:190} INFO - [2024-08-22T11:22:51.006+0700] {dag.py:4138} INFO - Setting next_dagrun for example_branch_dop_operator_v3 to 2024-08-22 04:21:00+00:00, run_after=2024-08-22 04:22:00+00:00
[2024-08-22T11:22:51.037+0700] {processor.py:208} INFO - Processing /home/user/.local/lib/python3.10/site-packages/airflow/example_dags/example_branch_python_dop_operator_3.py took 0.077 seconds
[2024-08-22T11:23:46.769+0700] {processor.py:186} INFO - Started process (PID=35325) to work on /home/user/.local/lib/python3.10/site-packages/airflow/example_dags/example_branch_python_dop_operator_3.py
[2024-08-22T11:23:46.770+0700] {processor.py:914} INFO - Processing file /home/user/.local/lib/python3.10/site-packages/airflow/example_dags/example_branch_python_dop_operator_3.py for tasks to queue
[2024-08-22T11:23:46.772+0700] {logging_mixin.py:190} INFO - [2024-08-22T11:23:46.772+0700] {dagbag.py:587} INFO - Filling up the DagBag from /home/user/.local/lib/python3.10/site-packages/airflow/example_dags/example_branch_python_dop_operator_3.py
[2024-08-22T11:23:46.781+0700] {processor.py:925} INFO - DAG(s) 'example_branch_dop_operator_v3' retrieved from /home/user/.local/lib/python3.10/site-packages/airflow/example_dags/example_branch_python_dop_operator_3.py
[2024-08-22T11:23:46.795+0700] {logging_mixin.py:190} INFO - [2024-08-22T11:23:46.795+0700] {dag.py:3211} INFO - Sync 1 DAGs
[2024-08-22T11:23:46.811+0700] {logging_mixin.py:190} INFO - [2024-08-22T11:23:46.811+0700] {dag.py:4138} INFO - Setting next_dagrun for example_branch_dop_operator_v3 to 2024-08-22 04:22:00+00:00, run_after=2024-08-22 04:23:00+00:00
[2024-08-22T11:23:46.837+0700] {processor.py:208} INFO - Processing /home/user/.local/lib/python3.10/site-packages/airflow/example_dags/example_branch_python_dop_operator_3.py took 0.074 seconds
[2024-08-22T11:24:49.100+0700] {processor.py:186} INFO - Started process (PID=35939) to work on /home/user/.local/lib/python3.10/site-packages/airflow/example_dags/example_branch_python_dop_operator_3.py
[2024-08-22T11:24:49.102+0700] {processor.py:914} INFO - Processing file /home/user/.local/lib/python3.10/site-packages/airflow/example_dags/example_branch_python_dop_operator_3.py for tasks to queue
[2024-08-22T11:24:49.104+0700] {logging_mixin.py:190} INFO - [2024-08-22T11:24:49.103+0700] {dagbag.py:587} INFO - Filling up the DagBag from /home/user/.local/lib/python3.10/site-packages/airflow/example_dags/example_branch_python_dop_operator_3.py
[2024-08-22T11:24:49.117+0700] {processor.py:925} INFO - DAG(s) 'example_branch_dop_operator_v3' retrieved from /home/user/.local/lib/python3.10/site-packages/airflow/example_dags/example_branch_python_dop_operator_3.py
[2024-08-22T11:24:49.138+0700] {logging_mixin.py:190} INFO - [2024-08-22T11:24:49.138+0700] {dag.py:3211} INFO - Sync 1 DAGs
[2024-08-22T11:24:49.165+0700] {logging_mixin.py:190} INFO - [2024-08-22T11:24:49.164+0700] {dag.py:4138} INFO - Setting next_dagrun for example_branch_dop_operator_v3 to 2024-08-22 04:23:00+00:00, run_after=2024-08-22 04:24:00+00:00
[2024-08-22T11:24:49.188+0700] {processor.py:208} INFO - Processing /home/user/.local/lib/python3.10/site-packages/airflow/example_dags/example_branch_python_dop_operator_3.py took 0.095 seconds
[2024-08-22T11:25:48.682+0700] {processor.py:186} INFO - Started process (PID=36545) to work on /home/user/.local/lib/python3.10/site-packages/airflow/example_dags/example_branch_python_dop_operator_3.py
[2024-08-22T11:25:48.683+0700] {processor.py:914} INFO - Processing file /home/user/.local/lib/python3.10/site-packages/airflow/example_dags/example_branch_python_dop_operator_3.py for tasks to queue
[2024-08-22T11:25:48.685+0700] {logging_mixin.py:190} INFO - [2024-08-22T11:25:48.685+0700] {dagbag.py:587} INFO - Filling up the DagBag from /home/user/.local/lib/python3.10/site-packages/airflow/example_dags/example_branch_python_dop_operator_3.py
[2024-08-22T11:25:48.696+0700] {processor.py:925} INFO - DAG(s) 'example_branch_dop_operator_v3' retrieved from /home/user/.local/lib/python3.10/site-packages/airflow/example_dags/example_branch_python_dop_operator_3.py
[2024-08-22T11:25:48.713+0700] {logging_mixin.py:190} INFO - [2024-08-22T11:25:48.713+0700] {dag.py:3211} INFO - Sync 1 DAGs
[2024-08-22T11:25:48.736+0700] {logging_mixin.py:190} INFO - [2024-08-22T11:25:48.736+0700] {dag.py:4138} INFO - Setting next_dagrun for example_branch_dop_operator_v3 to 2024-08-22 04:24:00+00:00, run_after=2024-08-22 04:25:00+00:00
[2024-08-22T11:25:48.758+0700] {processor.py:208} INFO - Processing /home/user/.local/lib/python3.10/site-packages/airflow/example_dags/example_branch_python_dop_operator_3.py took 0.081 seconds
[2024-08-22T11:27:22.325+0700] {processor.py:186} INFO - Started process (PID=37372) to work on /home/user/.local/lib/python3.10/site-packages/airflow/example_dags/example_branch_python_dop_operator_3.py
[2024-08-22T11:27:22.327+0700] {processor.py:914} INFO - Processing file /home/user/.local/lib/python3.10/site-packages/airflow/example_dags/example_branch_python_dop_operator_3.py for tasks to queue
[2024-08-22T11:27:22.329+0700] {logging_mixin.py:190} INFO - [2024-08-22T11:27:22.328+0700] {dagbag.py:587} INFO - Filling up the DagBag from /home/user/.local/lib/python3.10/site-packages/airflow/example_dags/example_branch_python_dop_operator_3.py
[2024-08-22T11:27:22.346+0700] {processor.py:925} INFO - DAG(s) 'example_branch_dop_operator_v3' retrieved from /home/user/.local/lib/python3.10/site-packages/airflow/example_dags/example_branch_python_dop_operator_3.py
[2024-08-22T11:27:22.362+0700] {logging_mixin.py:190} INFO - [2024-08-22T11:27:22.362+0700] {dag.py:3211} INFO - Sync 1 DAGs
[2024-08-22T11:27:22.387+0700] {logging_mixin.py:190} INFO - [2024-08-22T11:27:22.387+0700] {dag.py:4138} INFO - Setting next_dagrun for example_branch_dop_operator_v3 to 2024-08-22 04:26:00+00:00, run_after=2024-08-22 04:27:00+00:00
[2024-08-22T11:27:22.414+0700] {processor.py:208} INFO - Processing /home/user/.local/lib/python3.10/site-packages/airflow/example_dags/example_branch_python_dop_operator_3.py took 0.094 seconds
[2024-08-22T11:28:40.952+0700] {processor.py:186} INFO - Started process (PID=37985) to work on /home/user/.local/lib/python3.10/site-packages/airflow/example_dags/example_branch_python_dop_operator_3.py
[2024-08-22T11:28:40.954+0700] {processor.py:914} INFO - Processing file /home/user/.local/lib/python3.10/site-packages/airflow/example_dags/example_branch_python_dop_operator_3.py for tasks to queue
[2024-08-22T11:28:40.956+0700] {logging_mixin.py:190} INFO - [2024-08-22T11:28:40.956+0700] {dagbag.py:587} INFO - Filling up the DagBag from /home/user/.local/lib/python3.10/site-packages/airflow/example_dags/example_branch_python_dop_operator_3.py
[2024-08-22T11:28:40.984+0700] {processor.py:925} INFO - DAG(s) 'example_branch_dop_operator_v3' retrieved from /home/user/.local/lib/python3.10/site-packages/airflow/example_dags/example_branch_python_dop_operator_3.py
[2024-08-22T11:28:40.999+0700] {logging_mixin.py:190} INFO - [2024-08-22T11:28:40.999+0700] {dag.py:3211} INFO - Sync 1 DAGs
[2024-08-22T11:28:41.020+0700] {logging_mixin.py:190} INFO - [2024-08-22T11:28:41.020+0700] {dag.py:4138} INFO - Setting next_dagrun for example_branch_dop_operator_v3 to 2024-08-22 04:27:00+00:00, run_after=2024-08-22 04:28:00+00:00
[2024-08-22T11:28:41.043+0700] {processor.py:208} INFO - Processing /home/user/.local/lib/python3.10/site-packages/airflow/example_dags/example_branch_python_dop_operator_3.py took 0.101 seconds
[2024-08-22T11:30:10.068+0700] {processor.py:186} INFO - Started process (PID=38753) to work on /home/user/.local/lib/python3.10/site-packages/airflow/example_dags/example_branch_python_dop_operator_3.py
[2024-08-22T11:30:10.070+0700] {processor.py:914} INFO - Processing file /home/user/.local/lib/python3.10/site-packages/airflow/example_dags/example_branch_python_dop_operator_3.py for tasks to queue
[2024-08-22T11:30:10.072+0700] {logging_mixin.py:190} INFO - [2024-08-22T11:30:10.071+0700] {dagbag.py:587} INFO - Filling up the DagBag from /home/user/.local/lib/python3.10/site-packages/airflow/example_dags/example_branch_python_dop_operator_3.py
[2024-08-22T11:30:10.085+0700] {processor.py:925} INFO - DAG(s) 'example_branch_dop_operator_v3' retrieved from /home/user/.local/lib/python3.10/site-packages/airflow/example_dags/example_branch_python_dop_operator_3.py
[2024-08-22T11:30:10.102+0700] {logging_mixin.py:190} INFO - [2024-08-22T11:30:10.101+0700] {dag.py:3211} INFO - Sync 1 DAGs
[2024-08-22T11:30:10.133+0700] {logging_mixin.py:190} INFO - [2024-08-22T11:30:10.133+0700] {dag.py:4138} INFO - Setting next_dagrun for example_branch_dop_operator_v3 to 2024-08-22 04:29:00+00:00, run_after=2024-08-22 04:30:00+00:00
[2024-08-22T11:30:10.162+0700] {processor.py:208} INFO - Processing /home/user/.local/lib/python3.10/site-packages/airflow/example_dags/example_branch_python_dop_operator_3.py took 0.102 seconds
[2024-08-22T11:31:18.032+0700] {processor.py:186} INFO - Started process (PID=39156) to work on /home/user/.local/lib/python3.10/site-packages/airflow/example_dags/example_branch_python_dop_operator_3.py
[2024-08-22T11:31:18.033+0700] {processor.py:914} INFO - Processing file /home/user/.local/lib/python3.10/site-packages/airflow/example_dags/example_branch_python_dop_operator_3.py for tasks to queue
[2024-08-22T11:31:18.035+0700] {logging_mixin.py:190} INFO - [2024-08-22T11:31:18.034+0700] {dagbag.py:587} INFO - Filling up the DagBag from /home/user/.local/lib/python3.10/site-packages/airflow/example_dags/example_branch_python_dop_operator_3.py
[2024-08-22T11:31:18.044+0700] {processor.py:925} INFO - DAG(s) 'example_branch_dop_operator_v3' retrieved from /home/user/.local/lib/python3.10/site-packages/airflow/example_dags/example_branch_python_dop_operator_3.py
[2024-08-22T11:31:18.057+0700] {logging_mixin.py:190} INFO - [2024-08-22T11:31:18.057+0700] {dag.py:3211} INFO - Sync 1 DAGs
[2024-08-22T11:31:18.076+0700] {logging_mixin.py:190} INFO - [2024-08-22T11:31:18.076+0700] {dag.py:4138} INFO - Setting next_dagrun for example_branch_dop_operator_v3 to 2024-08-22 04:30:00+00:00, run_after=2024-08-22 04:31:00+00:00
[2024-08-22T11:31:18.115+0700] {processor.py:208} INFO - Processing /home/user/.local/lib/python3.10/site-packages/airflow/example_dags/example_branch_python_dop_operator_3.py took 0.088 seconds
