[2024-08-22T10:43:14.474+0700] {processor.py:186} INFO - Started process (PID=15375) to work on /home/user/.local/lib/python3.10/site-packages/airflow/example_dags/example_dynamic_task_mapping.py
[2024-08-22T10:43:14.475+0700] {processor.py:914} INFO - Processing file /home/user/.local/lib/python3.10/site-packages/airflow/example_dags/example_dynamic_task_mapping.py for tasks to queue
[2024-08-22T10:43:14.476+0700] {logging_mixin.py:190} INFO - [2024-08-22T10:43:14.476+0700] {dagbag.py:587} INFO - Filling up the DagBag from /home/user/.local/lib/python3.10/site-packages/airflow/example_dags/example_dynamic_task_mapping.py
[2024-08-22T10:43:14.484+0700] {processor.py:925} INFO - DAG(s) 'example_dynamic_task_mapping' retrieved from /home/user/.local/lib/python3.10/site-packages/airflow/example_dags/example_dynamic_task_mapping.py
[2024-08-22T10:43:14.551+0700] {logging_mixin.py:190} INFO - [2024-08-22T10:43:14.551+0700] {dag.py:3211} INFO - Sync 1 DAGs
[2024-08-22T10:43:14.566+0700] {logging_mixin.py:190} INFO - [2024-08-22T10:43:14.566+0700] {dag.py:4138} INFO - Setting next_dagrun for example_dynamic_task_mapping to 2022-03-04 00:00:00+00:00, run_after=2022-03-05 00:00:00+00:00
[2024-08-22T10:43:14.585+0700] {processor.py:208} INFO - Processing /home/user/.local/lib/python3.10/site-packages/airflow/example_dags/example_dynamic_task_mapping.py took 0.118 seconds
[2024-08-22T10:49:24.035+0700] {processor.py:186} INFO - Started process (PID=18061) to work on /home/user/.local/lib/python3.10/site-packages/airflow/example_dags/example_dynamic_task_mapping.py
[2024-08-22T10:49:24.036+0700] {processor.py:914} INFO - Processing file /home/user/.local/lib/python3.10/site-packages/airflow/example_dags/example_dynamic_task_mapping.py for tasks to queue
[2024-08-22T10:49:24.038+0700] {logging_mixin.py:190} INFO - [2024-08-22T10:49:24.037+0700] {dagbag.py:587} INFO - Filling up the DagBag from /home/user/.local/lib/python3.10/site-packages/airflow/example_dags/example_dynamic_task_mapping.py
[2024-08-22T10:49:24.048+0700] {processor.py:925} INFO - DAG(s) 'example_dynamic_task_mapping' retrieved from /home/user/.local/lib/python3.10/site-packages/airflow/example_dags/example_dynamic_task_mapping.py
[2024-08-22T10:49:24.069+0700] {logging_mixin.py:190} INFO - [2024-08-22T10:49:24.069+0700] {dag.py:3211} INFO - Sync 1 DAGs
[2024-08-22T10:49:24.090+0700] {logging_mixin.py:190} INFO - [2024-08-22T10:49:24.089+0700] {dag.py:4138} INFO - Setting next_dagrun for example_dynamic_task_mapping to 2022-03-04 00:00:00+00:00, run_after=2022-03-05 00:00:00+00:00
[2024-08-22T10:49:24.108+0700] {processor.py:208} INFO - Processing /home/user/.local/lib/python3.10/site-packages/airflow/example_dags/example_dynamic_task_mapping.py took 0.078 seconds
[2024-08-22T10:56:45.038+0700] {processor.py:186} INFO - Started process (PID=21969) to work on /home/user/.local/lib/python3.10/site-packages/airflow/example_dags/example_dynamic_task_mapping.py
[2024-08-22T10:56:45.040+0700] {processor.py:914} INFO - Processing file /home/user/.local/lib/python3.10/site-packages/airflow/example_dags/example_dynamic_task_mapping.py for tasks to queue
[2024-08-22T10:56:45.042+0700] {logging_mixin.py:190} INFO - [2024-08-22T10:56:45.041+0700] {dagbag.py:587} INFO - Filling up the DagBag from /home/user/.local/lib/python3.10/site-packages/airflow/example_dags/example_dynamic_task_mapping.py
[2024-08-22T10:56:45.048+0700] {processor.py:925} INFO - DAG(s) 'example_dynamic_task_mapping' retrieved from /home/user/.local/lib/python3.10/site-packages/airflow/example_dags/example_dynamic_task_mapping.py
[2024-08-22T10:56:45.062+0700] {logging_mixin.py:190} INFO - [2024-08-22T10:56:45.062+0700] {dag.py:3211} INFO - Sync 1 DAGs
[2024-08-22T10:56:45.077+0700] {logging_mixin.py:190} INFO - [2024-08-22T10:56:45.076+0700] {dag.py:4138} INFO - Setting next_dagrun for example_dynamic_task_mapping to 2022-03-04 00:00:00+00:00, run_after=2022-03-05 00:00:00+00:00
[2024-08-22T10:56:45.096+0700] {processor.py:208} INFO - Processing /home/user/.local/lib/python3.10/site-packages/airflow/example_dags/example_dynamic_task_mapping.py took 0.063 seconds
[2024-08-22T10:57:46.820+0700] {processor.py:186} INFO - Started process (PID=22569) to work on /home/user/.local/lib/python3.10/site-packages/airflow/example_dags/example_dynamic_task_mapping.py
[2024-08-22T10:57:46.822+0700] {processor.py:914} INFO - Processing file /home/user/.local/lib/python3.10/site-packages/airflow/example_dags/example_dynamic_task_mapping.py for tasks to queue
[2024-08-22T10:57:46.824+0700] {logging_mixin.py:190} INFO - [2024-08-22T10:57:46.823+0700] {dagbag.py:587} INFO - Filling up the DagBag from /home/user/.local/lib/python3.10/site-packages/airflow/example_dags/example_dynamic_task_mapping.py
[2024-08-22T10:57:46.835+0700] {processor.py:925} INFO - DAG(s) 'example_dynamic_task_mapping' retrieved from /home/user/.local/lib/python3.10/site-packages/airflow/example_dags/example_dynamic_task_mapping.py
[2024-08-22T10:57:46.847+0700] {logging_mixin.py:190} INFO - [2024-08-22T10:57:46.847+0700] {dag.py:3211} INFO - Sync 1 DAGs
[2024-08-22T10:57:46.861+0700] {logging_mixin.py:190} INFO - [2024-08-22T10:57:46.861+0700] {dag.py:4138} INFO - Setting next_dagrun for example_dynamic_task_mapping to 2022-03-04 00:00:00+00:00, run_after=2022-03-05 00:00:00+00:00
[2024-08-22T10:57:46.880+0700] {processor.py:208} INFO - Processing /home/user/.local/lib/python3.10/site-packages/airflow/example_dags/example_dynamic_task_mapping.py took 0.066 seconds
[2024-08-22T10:58:58.054+0700] {processor.py:186} INFO - Started process (PID=23335) to work on /home/user/.local/lib/python3.10/site-packages/airflow/example_dags/example_dynamic_task_mapping.py
[2024-08-22T10:58:58.056+0700] {processor.py:914} INFO - Processing file /home/user/.local/lib/python3.10/site-packages/airflow/example_dags/example_dynamic_task_mapping.py for tasks to queue
[2024-08-22T10:58:58.060+0700] {logging_mixin.py:190} INFO - [2024-08-22T10:58:58.059+0700] {dagbag.py:587} INFO - Filling up the DagBag from /home/user/.local/lib/python3.10/site-packages/airflow/example_dags/example_dynamic_task_mapping.py
[2024-08-22T10:58:58.069+0700] {processor.py:925} INFO - DAG(s) 'example_dynamic_task_mapping' retrieved from /home/user/.local/lib/python3.10/site-packages/airflow/example_dags/example_dynamic_task_mapping.py
[2024-08-22T10:58:58.084+0700] {logging_mixin.py:190} INFO - [2024-08-22T10:58:58.083+0700] {dag.py:3211} INFO - Sync 1 DAGs
[2024-08-22T10:58:58.098+0700] {logging_mixin.py:190} INFO - [2024-08-22T10:58:58.097+0700] {dag.py:4138} INFO - Setting next_dagrun for example_dynamic_task_mapping to 2022-03-04 00:00:00+00:00, run_after=2022-03-05 00:00:00+00:00
[2024-08-22T10:58:58.114+0700] {processor.py:208} INFO - Processing /home/user/.local/lib/python3.10/site-packages/airflow/example_dags/example_dynamic_task_mapping.py took 0.067 seconds
[2024-08-22T10:59:58.053+0700] {processor.py:186} INFO - Started process (PID=23831) to work on /home/user/.local/lib/python3.10/site-packages/airflow/example_dags/example_dynamic_task_mapping.py
[2024-08-22T10:59:58.055+0700] {processor.py:914} INFO - Processing file /home/user/.local/lib/python3.10/site-packages/airflow/example_dags/example_dynamic_task_mapping.py for tasks to queue
[2024-08-22T10:59:58.058+0700] {logging_mixin.py:190} INFO - [2024-08-22T10:59:58.057+0700] {dagbag.py:587} INFO - Filling up the DagBag from /home/user/.local/lib/python3.10/site-packages/airflow/example_dags/example_dynamic_task_mapping.py
[2024-08-22T10:59:58.068+0700] {processor.py:925} INFO - DAG(s) 'example_dynamic_task_mapping' retrieved from /home/user/.local/lib/python3.10/site-packages/airflow/example_dags/example_dynamic_task_mapping.py
[2024-08-22T10:59:58.081+0700] {logging_mixin.py:190} INFO - [2024-08-22T10:59:58.080+0700] {dag.py:3211} INFO - Sync 1 DAGs
[2024-08-22T10:59:58.101+0700] {logging_mixin.py:190} INFO - [2024-08-22T10:59:58.101+0700] {dag.py:4138} INFO - Setting next_dagrun for example_dynamic_task_mapping to 2022-03-04 00:00:00+00:00, run_after=2022-03-05 00:00:00+00:00
[2024-08-22T10:59:58.120+0700] {processor.py:208} INFO - Processing /home/user/.local/lib/python3.10/site-packages/airflow/example_dags/example_dynamic_task_mapping.py took 0.075 seconds
[2024-08-22T11:00:56.009+0700] {processor.py:186} INFO - Started process (PID=24295) to work on /home/user/.local/lib/python3.10/site-packages/airflow/example_dags/example_dynamic_task_mapping.py
[2024-08-22T11:00:56.011+0700] {processor.py:914} INFO - Processing file /home/user/.local/lib/python3.10/site-packages/airflow/example_dags/example_dynamic_task_mapping.py for tasks to queue
[2024-08-22T11:00:56.013+0700] {logging_mixin.py:190} INFO - [2024-08-22T11:00:56.012+0700] {dagbag.py:587} INFO - Filling up the DagBag from /home/user/.local/lib/python3.10/site-packages/airflow/example_dags/example_dynamic_task_mapping.py
[2024-08-22T11:00:56.020+0700] {processor.py:925} INFO - DAG(s) 'example_dynamic_task_mapping' retrieved from /home/user/.local/lib/python3.10/site-packages/airflow/example_dags/example_dynamic_task_mapping.py
[2024-08-22T11:00:56.035+0700] {logging_mixin.py:190} INFO - [2024-08-22T11:00:56.035+0700] {dag.py:3211} INFO - Sync 1 DAGs
[2024-08-22T11:00:56.050+0700] {logging_mixin.py:190} INFO - [2024-08-22T11:00:56.049+0700] {dag.py:4138} INFO - Setting next_dagrun for example_dynamic_task_mapping to 2022-03-04 00:00:00+00:00, run_after=2022-03-05 00:00:00+00:00
[2024-08-22T11:00:56.066+0700] {processor.py:208} INFO - Processing /home/user/.local/lib/python3.10/site-packages/airflow/example_dags/example_dynamic_task_mapping.py took 0.062 seconds
[2024-08-22T11:01:54.619+0700] {processor.py:186} INFO - Started process (PID=24761) to work on /home/user/.local/lib/python3.10/site-packages/airflow/example_dags/example_dynamic_task_mapping.py
[2024-08-22T11:01:54.620+0700] {processor.py:914} INFO - Processing file /home/user/.local/lib/python3.10/site-packages/airflow/example_dags/example_dynamic_task_mapping.py for tasks to queue
[2024-08-22T11:01:54.622+0700] {logging_mixin.py:190} INFO - [2024-08-22T11:01:54.621+0700] {dagbag.py:587} INFO - Filling up the DagBag from /home/user/.local/lib/python3.10/site-packages/airflow/example_dags/example_dynamic_task_mapping.py
[2024-08-22T11:01:54.630+0700] {processor.py:925} INFO - DAG(s) 'example_dynamic_task_mapping' retrieved from /home/user/.local/lib/python3.10/site-packages/airflow/example_dags/example_dynamic_task_mapping.py
[2024-08-22T11:01:54.644+0700] {logging_mixin.py:190} INFO - [2024-08-22T11:01:54.644+0700] {dag.py:3211} INFO - Sync 1 DAGs
[2024-08-22T11:01:54.657+0700] {logging_mixin.py:190} INFO - [2024-08-22T11:01:54.657+0700] {dag.py:4138} INFO - Setting next_dagrun for example_dynamic_task_mapping to 2022-03-04 00:00:00+00:00, run_after=2022-03-05 00:00:00+00:00
[2024-08-22T11:01:54.674+0700] {processor.py:208} INFO - Processing /home/user/.local/lib/python3.10/site-packages/airflow/example_dags/example_dynamic_task_mapping.py took 0.060 seconds
[2024-08-22T11:02:57.325+0700] {processor.py:186} INFO - Started process (PID=25255) to work on /home/user/.local/lib/python3.10/site-packages/airflow/example_dags/example_dynamic_task_mapping.py
[2024-08-22T11:02:57.327+0700] {processor.py:914} INFO - Processing file /home/user/.local/lib/python3.10/site-packages/airflow/example_dags/example_dynamic_task_mapping.py for tasks to queue
[2024-08-22T11:02:57.329+0700] {logging_mixin.py:190} INFO - [2024-08-22T11:02:57.329+0700] {dagbag.py:587} INFO - Filling up the DagBag from /home/user/.local/lib/python3.10/site-packages/airflow/example_dags/example_dynamic_task_mapping.py
[2024-08-22T11:02:57.339+0700] {processor.py:925} INFO - DAG(s) 'example_dynamic_task_mapping' retrieved from /home/user/.local/lib/python3.10/site-packages/airflow/example_dags/example_dynamic_task_mapping.py
[2024-08-22T11:02:57.353+0700] {logging_mixin.py:190} INFO - [2024-08-22T11:02:57.353+0700] {dag.py:3211} INFO - Sync 1 DAGs
[2024-08-22T11:02:57.372+0700] {logging_mixin.py:190} INFO - [2024-08-22T11:02:57.371+0700] {dag.py:4138} INFO - Setting next_dagrun for example_dynamic_task_mapping to 2022-03-04 00:00:00+00:00, run_after=2022-03-05 00:00:00+00:00
[2024-08-22T11:02:57.408+0700] {processor.py:208} INFO - Processing /home/user/.local/lib/python3.10/site-packages/airflow/example_dags/example_dynamic_task_mapping.py took 0.089 seconds
[2024-08-22T11:03:59.172+0700] {processor.py:186} INFO - Started process (PID=25933) to work on /home/user/.local/lib/python3.10/site-packages/airflow/example_dags/example_dynamic_task_mapping.py
[2024-08-22T11:03:59.173+0700] {processor.py:914} INFO - Processing file /home/user/.local/lib/python3.10/site-packages/airflow/example_dags/example_dynamic_task_mapping.py for tasks to queue
[2024-08-22T11:03:59.174+0700] {logging_mixin.py:190} INFO - [2024-08-22T11:03:59.174+0700] {dagbag.py:587} INFO - Filling up the DagBag from /home/user/.local/lib/python3.10/site-packages/airflow/example_dags/example_dynamic_task_mapping.py
[2024-08-22T11:03:59.183+0700] {processor.py:925} INFO - DAG(s) 'example_dynamic_task_mapping' retrieved from /home/user/.local/lib/python3.10/site-packages/airflow/example_dags/example_dynamic_task_mapping.py
[2024-08-22T11:03:59.197+0700] {logging_mixin.py:190} INFO - [2024-08-22T11:03:59.197+0700] {dag.py:3211} INFO - Sync 1 DAGs
[2024-08-22T11:03:59.212+0700] {logging_mixin.py:190} INFO - [2024-08-22T11:03:59.212+0700] {dag.py:4138} INFO - Setting next_dagrun for example_dynamic_task_mapping to 2022-03-04 00:00:00+00:00, run_after=2022-03-05 00:00:00+00:00
[2024-08-22T11:03:59.234+0700] {processor.py:208} INFO - Processing /home/user/.local/lib/python3.10/site-packages/airflow/example_dags/example_dynamic_task_mapping.py took 0.073 seconds
[2024-08-22T11:05:34.370+0700] {processor.py:186} INFO - Started process (PID=26557) to work on /home/user/.local/lib/python3.10/site-packages/airflow/example_dags/example_dynamic_task_mapping.py
[2024-08-22T11:05:34.372+0700] {processor.py:914} INFO - Processing file /home/user/.local/lib/python3.10/site-packages/airflow/example_dags/example_dynamic_task_mapping.py for tasks to queue
[2024-08-22T11:05:34.375+0700] {logging_mixin.py:190} INFO - [2024-08-22T11:05:34.374+0700] {dagbag.py:587} INFO - Filling up the DagBag from /home/user/.local/lib/python3.10/site-packages/airflow/example_dags/example_dynamic_task_mapping.py
[2024-08-22T11:05:34.386+0700] {processor.py:925} INFO - DAG(s) 'example_dynamic_task_mapping' retrieved from /home/user/.local/lib/python3.10/site-packages/airflow/example_dags/example_dynamic_task_mapping.py
[2024-08-22T11:05:34.409+0700] {logging_mixin.py:190} INFO - [2024-08-22T11:05:34.409+0700] {dag.py:3211} INFO - Sync 1 DAGs
[2024-08-22T11:05:34.435+0700] {logging_mixin.py:190} INFO - [2024-08-22T11:05:34.434+0700] {dag.py:4138} INFO - Setting next_dagrun for example_dynamic_task_mapping to 2022-03-04 00:00:00+00:00, run_after=2022-03-05 00:00:00+00:00
[2024-08-22T11:05:34.458+0700] {processor.py:208} INFO - Processing /home/user/.local/lib/python3.10/site-packages/airflow/example_dags/example_dynamic_task_mapping.py took 0.095 seconds
[2024-08-22T11:06:32.225+0700] {processor.py:186} INFO - Started process (PID=26991) to work on /home/user/.local/lib/python3.10/site-packages/airflow/example_dags/example_dynamic_task_mapping.py
[2024-08-22T11:06:32.227+0700] {processor.py:914} INFO - Processing file /home/user/.local/lib/python3.10/site-packages/airflow/example_dags/example_dynamic_task_mapping.py for tasks to queue
[2024-08-22T11:06:32.229+0700] {logging_mixin.py:190} INFO - [2024-08-22T11:06:32.229+0700] {dagbag.py:587} INFO - Filling up the DagBag from /home/user/.local/lib/python3.10/site-packages/airflow/example_dags/example_dynamic_task_mapping.py
[2024-08-22T11:06:32.236+0700] {processor.py:925} INFO - DAG(s) 'example_dynamic_task_mapping' retrieved from /home/user/.local/lib/python3.10/site-packages/airflow/example_dags/example_dynamic_task_mapping.py
[2024-08-22T11:06:32.248+0700] {logging_mixin.py:190} INFO - [2024-08-22T11:06:32.248+0700] {dag.py:3211} INFO - Sync 1 DAGs
[2024-08-22T11:06:32.262+0700] {logging_mixin.py:190} INFO - [2024-08-22T11:06:32.262+0700] {dag.py:4138} INFO - Setting next_dagrun for example_dynamic_task_mapping to 2022-03-04 00:00:00+00:00, run_after=2022-03-05 00:00:00+00:00
[2024-08-22T11:06:32.278+0700] {processor.py:208} INFO - Processing /home/user/.local/lib/python3.10/site-packages/airflow/example_dags/example_dynamic_task_mapping.py took 0.057 seconds
[2024-08-22T11:07:41.761+0700] {processor.py:186} INFO - Started process (PID=27538) to work on /home/user/.local/lib/python3.10/site-packages/airflow/example_dags/example_dynamic_task_mapping.py
[2024-08-22T11:07:41.763+0700] {processor.py:914} INFO - Processing file /home/user/.local/lib/python3.10/site-packages/airflow/example_dags/example_dynamic_task_mapping.py for tasks to queue
[2024-08-22T11:07:41.765+0700] {logging_mixin.py:190} INFO - [2024-08-22T11:07:41.765+0700] {dagbag.py:587} INFO - Filling up the DagBag from /home/user/.local/lib/python3.10/site-packages/airflow/example_dags/example_dynamic_task_mapping.py
[2024-08-22T11:07:41.777+0700] {processor.py:925} INFO - DAG(s) 'example_dynamic_task_mapping' retrieved from /home/user/.local/lib/python3.10/site-packages/airflow/example_dags/example_dynamic_task_mapping.py
[2024-08-22T11:07:41.792+0700] {logging_mixin.py:190} INFO - [2024-08-22T11:07:41.791+0700] {dag.py:3211} INFO - Sync 1 DAGs
[2024-08-22T11:07:41.805+0700] {logging_mixin.py:190} INFO - [2024-08-22T11:07:41.805+0700] {dag.py:4138} INFO - Setting next_dagrun for example_dynamic_task_mapping to 2022-03-04 00:00:00+00:00, run_after=2022-03-05 00:00:00+00:00
[2024-08-22T11:07:41.824+0700] {processor.py:208} INFO - Processing /home/user/.local/lib/python3.10/site-packages/airflow/example_dags/example_dynamic_task_mapping.py took 0.069 seconds
[2024-08-22T11:08:41.690+0700] {processor.py:186} INFO - Started process (PID=28007) to work on /home/user/.local/lib/python3.10/site-packages/airflow/example_dags/example_dynamic_task_mapping.py
[2024-08-22T11:08:41.691+0700] {processor.py:914} INFO - Processing file /home/user/.local/lib/python3.10/site-packages/airflow/example_dags/example_dynamic_task_mapping.py for tasks to queue
[2024-08-22T11:08:41.694+0700] {logging_mixin.py:190} INFO - [2024-08-22T11:08:41.693+0700] {dagbag.py:587} INFO - Filling up the DagBag from /home/user/.local/lib/python3.10/site-packages/airflow/example_dags/example_dynamic_task_mapping.py
[2024-08-22T11:08:41.703+0700] {processor.py:925} INFO - DAG(s) 'example_dynamic_task_mapping' retrieved from /home/user/.local/lib/python3.10/site-packages/airflow/example_dags/example_dynamic_task_mapping.py
[2024-08-22T11:08:41.716+0700] {logging_mixin.py:190} INFO - [2024-08-22T11:08:41.716+0700] {dag.py:3211} INFO - Sync 1 DAGs
[2024-08-22T11:08:41.731+0700] {logging_mixin.py:190} INFO - [2024-08-22T11:08:41.731+0700] {dag.py:4138} INFO - Setting next_dagrun for example_dynamic_task_mapping to 2022-03-04 00:00:00+00:00, run_after=2022-03-05 00:00:00+00:00
[2024-08-22T11:08:41.749+0700] {processor.py:208} INFO - Processing /home/user/.local/lib/python3.10/site-packages/airflow/example_dags/example_dynamic_task_mapping.py took 0.063 seconds
[2024-08-22T11:09:38.053+0700] {processor.py:186} INFO - Started process (PID=28446) to work on /home/user/.local/lib/python3.10/site-packages/airflow/example_dags/example_dynamic_task_mapping.py
[2024-08-22T11:09:38.054+0700] {processor.py:914} INFO - Processing file /home/user/.local/lib/python3.10/site-packages/airflow/example_dags/example_dynamic_task_mapping.py for tasks to queue
[2024-08-22T11:09:38.056+0700] {logging_mixin.py:190} INFO - [2024-08-22T11:09:38.056+0700] {dagbag.py:587} INFO - Filling up the DagBag from /home/user/.local/lib/python3.10/site-packages/airflow/example_dags/example_dynamic_task_mapping.py
[2024-08-22T11:09:38.063+0700] {processor.py:925} INFO - DAG(s) 'example_dynamic_task_mapping' retrieved from /home/user/.local/lib/python3.10/site-packages/airflow/example_dags/example_dynamic_task_mapping.py
[2024-08-22T11:09:38.076+0700] {logging_mixin.py:190} INFO - [2024-08-22T11:09:38.075+0700] {dag.py:3211} INFO - Sync 1 DAGs
[2024-08-22T11:09:38.091+0700] {logging_mixin.py:190} INFO - [2024-08-22T11:09:38.090+0700] {dag.py:4138} INFO - Setting next_dagrun for example_dynamic_task_mapping to 2022-03-04 00:00:00+00:00, run_after=2022-03-05 00:00:00+00:00
[2024-08-22T11:09:38.105+0700] {processor.py:208} INFO - Processing /home/user/.local/lib/python3.10/site-packages/airflow/example_dags/example_dynamic_task_mapping.py took 0.062 seconds
[2024-08-22T11:10:32.384+0700] {processor.py:186} INFO - Started process (PID=28876) to work on /home/user/.local/lib/python3.10/site-packages/airflow/example_dags/example_dynamic_task_mapping.py
[2024-08-22T11:10:32.386+0700] {processor.py:914} INFO - Processing file /home/user/.local/lib/python3.10/site-packages/airflow/example_dags/example_dynamic_task_mapping.py for tasks to queue
[2024-08-22T11:10:32.387+0700] {logging_mixin.py:190} INFO - [2024-08-22T11:10:32.387+0700] {dagbag.py:587} INFO - Filling up the DagBag from /home/user/.local/lib/python3.10/site-packages/airflow/example_dags/example_dynamic_task_mapping.py
[2024-08-22T11:10:32.394+0700] {processor.py:925} INFO - DAG(s) 'example_dynamic_task_mapping' retrieved from /home/user/.local/lib/python3.10/site-packages/airflow/example_dags/example_dynamic_task_mapping.py
[2024-08-22T11:10:32.407+0700] {logging_mixin.py:190} INFO - [2024-08-22T11:10:32.407+0700] {dag.py:3211} INFO - Sync 1 DAGs
[2024-08-22T11:10:32.421+0700] {logging_mixin.py:190} INFO - [2024-08-22T11:10:32.421+0700] {dag.py:4138} INFO - Setting next_dagrun for example_dynamic_task_mapping to 2022-03-04 00:00:00+00:00, run_after=2022-03-05 00:00:00+00:00
[2024-08-22T11:10:32.438+0700] {processor.py:208} INFO - Processing /home/user/.local/lib/python3.10/site-packages/airflow/example_dags/example_dynamic_task_mapping.py took 0.059 seconds
[2024-08-22T11:11:28.264+0700] {processor.py:186} INFO - Started process (PID=29397) to work on /home/user/.local/lib/python3.10/site-packages/airflow/example_dags/example_dynamic_task_mapping.py
[2024-08-22T11:11:28.266+0700] {processor.py:914} INFO - Processing file /home/user/.local/lib/python3.10/site-packages/airflow/example_dags/example_dynamic_task_mapping.py for tasks to queue
[2024-08-22T11:11:28.268+0700] {logging_mixin.py:190} INFO - [2024-08-22T11:11:28.268+0700] {dagbag.py:587} INFO - Filling up the DagBag from /home/user/.local/lib/python3.10/site-packages/airflow/example_dags/example_dynamic_task_mapping.py
[2024-08-22T11:11:28.277+0700] {processor.py:925} INFO - DAG(s) 'example_dynamic_task_mapping' retrieved from /home/user/.local/lib/python3.10/site-packages/airflow/example_dags/example_dynamic_task_mapping.py
[2024-08-22T11:11:28.293+0700] {logging_mixin.py:190} INFO - [2024-08-22T11:11:28.292+0700] {dag.py:3211} INFO - Sync 1 DAGs
[2024-08-22T11:11:28.310+0700] {logging_mixin.py:190} INFO - [2024-08-22T11:11:28.310+0700] {dag.py:4138} INFO - Setting next_dagrun for example_dynamic_task_mapping to 2022-03-04 00:00:00+00:00, run_after=2022-03-05 00:00:00+00:00
[2024-08-22T11:11:28.331+0700] {processor.py:208} INFO - Processing /home/user/.local/lib/python3.10/site-packages/airflow/example_dags/example_dynamic_task_mapping.py took 0.071 seconds
[2024-08-22T11:12:45.365+0700] {processor.py:186} INFO - Started process (PID=30043) to work on /home/user/.local/lib/python3.10/site-packages/airflow/example_dags/example_dynamic_task_mapping.py
[2024-08-22T11:12:45.375+0700] {processor.py:914} INFO - Processing file /home/user/.local/lib/python3.10/site-packages/airflow/example_dags/example_dynamic_task_mapping.py for tasks to queue
[2024-08-22T11:12:45.377+0700] {logging_mixin.py:190} INFO - [2024-08-22T11:12:45.376+0700] {dagbag.py:587} INFO - Filling up the DagBag from /home/user/.local/lib/python3.10/site-packages/airflow/example_dags/example_dynamic_task_mapping.py
[2024-08-22T11:12:45.388+0700] {processor.py:925} INFO - DAG(s) 'example_dynamic_task_mapping' retrieved from /home/user/.local/lib/python3.10/site-packages/airflow/example_dags/example_dynamic_task_mapping.py
[2024-08-22T11:12:45.483+0700] {logging_mixin.py:190} INFO - [2024-08-22T11:12:45.482+0700] {override.py:1858} INFO - Created Permission View: can read on DAG:example_dynamic_task_mapping
[2024-08-22T11:12:45.502+0700] {logging_mixin.py:190} INFO - [2024-08-22T11:12:45.501+0700] {override.py:1858} INFO - Created Permission View: can edit on DAG:example_dynamic_task_mapping
[2024-08-22T11:12:45.531+0700] {logging_mixin.py:190} INFO - [2024-08-22T11:12:45.531+0700] {override.py:1858} INFO - Created Permission View: can delete on DAG:example_dynamic_task_mapping
[2024-08-22T11:12:45.532+0700] {logging_mixin.py:190} INFO - [2024-08-22T11:12:45.532+0700] {dag.py:3211} INFO - Sync 1 DAGs
[2024-08-22T11:12:45.541+0700] {logging_mixin.py:190} INFO - [2024-08-22T11:12:45.541+0700] {dag.py:3234} INFO - Creating ORM DAG for example_dynamic_task_mapping
[2024-08-22T11:12:45.548+0700] {logging_mixin.py:190} INFO - [2024-08-22T11:12:45.548+0700] {dag.py:4138} INFO - Setting next_dagrun for example_dynamic_task_mapping to 2022-03-04 00:00:00+00:00, run_after=2022-03-05 00:00:00+00:00
[2024-08-22T11:12:45.570+0700] {processor.py:208} INFO - Processing /home/user/.local/lib/python3.10/site-packages/airflow/example_dags/example_dynamic_task_mapping.py took 0.213 seconds
[2024-08-22T11:14:11.070+0700] {processor.py:186} INFO - Started process (PID=30735) to work on /home/user/.local/lib/python3.10/site-packages/airflow/example_dags/example_dynamic_task_mapping.py
[2024-08-22T11:14:11.072+0700] {processor.py:914} INFO - Processing file /home/user/.local/lib/python3.10/site-packages/airflow/example_dags/example_dynamic_task_mapping.py for tasks to queue
[2024-08-22T11:14:11.074+0700] {logging_mixin.py:190} INFO - [2024-08-22T11:14:11.074+0700] {dagbag.py:587} INFO - Filling up the DagBag from /home/user/.local/lib/python3.10/site-packages/airflow/example_dags/example_dynamic_task_mapping.py
[2024-08-22T11:14:11.083+0700] {processor.py:925} INFO - DAG(s) 'example_dynamic_task_mapping' retrieved from /home/user/.local/lib/python3.10/site-packages/airflow/example_dags/example_dynamic_task_mapping.py
[2024-08-22T11:14:11.103+0700] {logging_mixin.py:190} INFO - [2024-08-22T11:14:11.103+0700] {dag.py:3211} INFO - Sync 1 DAGs
[2024-08-22T11:14:11.122+0700] {logging_mixin.py:190} INFO - [2024-08-22T11:14:11.121+0700] {dag.py:4138} INFO - Setting next_dagrun for example_dynamic_task_mapping to 2022-03-04 00:00:00+00:00, run_after=2022-03-05 00:00:00+00:00
[2024-08-22T11:14:11.143+0700] {processor.py:208} INFO - Processing /home/user/.local/lib/python3.10/site-packages/airflow/example_dags/example_dynamic_task_mapping.py took 0.079 seconds
[2024-08-22T11:15:09.999+0700] {processor.py:186} INFO - Started process (PID=31199) to work on /home/user/.local/lib/python3.10/site-packages/airflow/example_dags/example_dynamic_task_mapping.py
[2024-08-22T11:15:10.001+0700] {processor.py:914} INFO - Processing file /home/user/.local/lib/python3.10/site-packages/airflow/example_dags/example_dynamic_task_mapping.py for tasks to queue
[2024-08-22T11:15:10.003+0700] {logging_mixin.py:190} INFO - [2024-08-22T11:15:10.003+0700] {dagbag.py:587} INFO - Filling up the DagBag from /home/user/.local/lib/python3.10/site-packages/airflow/example_dags/example_dynamic_task_mapping.py
[2024-08-22T11:15:10.014+0700] {processor.py:925} INFO - DAG(s) 'example_dynamic_task_mapping' retrieved from /home/user/.local/lib/python3.10/site-packages/airflow/example_dags/example_dynamic_task_mapping.py
[2024-08-22T11:15:10.028+0700] {logging_mixin.py:190} INFO - [2024-08-22T11:15:10.028+0700] {dag.py:3211} INFO - Sync 1 DAGs
[2024-08-22T11:15:10.043+0700] {logging_mixin.py:190} INFO - [2024-08-22T11:15:10.043+0700] {dag.py:4138} INFO - Setting next_dagrun for example_dynamic_task_mapping to 2022-03-04 00:00:00+00:00, run_after=2022-03-05 00:00:00+00:00
[2024-08-22T11:15:10.061+0700] {processor.py:208} INFO - Processing /home/user/.local/lib/python3.10/site-packages/airflow/example_dags/example_dynamic_task_mapping.py took 0.069 seconds
[2024-08-22T11:16:07.549+0700] {processor.py:186} INFO - Started process (PID=31686) to work on /home/user/.local/lib/python3.10/site-packages/airflow/example_dags/example_dynamic_task_mapping.py
[2024-08-22T11:16:07.550+0700] {processor.py:914} INFO - Processing file /home/user/.local/lib/python3.10/site-packages/airflow/example_dags/example_dynamic_task_mapping.py for tasks to queue
[2024-08-22T11:16:07.552+0700] {logging_mixin.py:190} INFO - [2024-08-22T11:16:07.552+0700] {dagbag.py:587} INFO - Filling up the DagBag from /home/user/.local/lib/python3.10/site-packages/airflow/example_dags/example_dynamic_task_mapping.py
[2024-08-22T11:16:07.563+0700] {processor.py:925} INFO - DAG(s) 'example_dynamic_task_mapping' retrieved from /home/user/.local/lib/python3.10/site-packages/airflow/example_dags/example_dynamic_task_mapping.py
[2024-08-22T11:16:07.578+0700] {logging_mixin.py:190} INFO - [2024-08-22T11:16:07.578+0700] {dag.py:3211} INFO - Sync 1 DAGs
[2024-08-22T11:16:07.593+0700] {logging_mixin.py:190} INFO - [2024-08-22T11:16:07.593+0700] {dag.py:4138} INFO - Setting next_dagrun for example_dynamic_task_mapping to 2022-03-04 00:00:00+00:00, run_after=2022-03-05 00:00:00+00:00
[2024-08-22T11:16:07.617+0700] {processor.py:208} INFO - Processing /home/user/.local/lib/python3.10/site-packages/airflow/example_dags/example_dynamic_task_mapping.py took 0.072 seconds
[2024-08-22T11:17:42.099+0700] {processor.py:186} INFO - Started process (PID=32427) to work on /home/user/.local/lib/python3.10/site-packages/airflow/example_dags/example_dynamic_task_mapping.py
[2024-08-22T11:17:42.100+0700] {processor.py:914} INFO - Processing file /home/user/.local/lib/python3.10/site-packages/airflow/example_dags/example_dynamic_task_mapping.py for tasks to queue
[2024-08-22T11:17:42.102+0700] {logging_mixin.py:190} INFO - [2024-08-22T11:17:42.102+0700] {dagbag.py:587} INFO - Filling up the DagBag from /home/user/.local/lib/python3.10/site-packages/airflow/example_dags/example_dynamic_task_mapping.py
[2024-08-22T11:17:42.110+0700] {processor.py:925} INFO - DAG(s) 'example_dynamic_task_mapping' retrieved from /home/user/.local/lib/python3.10/site-packages/airflow/example_dags/example_dynamic_task_mapping.py
[2024-08-22T11:17:42.126+0700] {logging_mixin.py:190} INFO - [2024-08-22T11:17:42.126+0700] {dag.py:3211} INFO - Sync 1 DAGs
[2024-08-22T11:17:42.144+0700] {logging_mixin.py:190} INFO - [2024-08-22T11:17:42.144+0700] {dag.py:4138} INFO - Setting next_dagrun for example_dynamic_task_mapping to 2022-03-04 00:00:00+00:00, run_after=2022-03-05 00:00:00+00:00
[2024-08-22T11:17:42.167+0700] {processor.py:208} INFO - Processing /home/user/.local/lib/python3.10/site-packages/airflow/example_dags/example_dynamic_task_mapping.py took 0.072 seconds
[2024-08-22T11:18:37.179+0700] {processor.py:186} INFO - Started process (PID=32862) to work on /home/user/.local/lib/python3.10/site-packages/airflow/example_dags/example_dynamic_task_mapping.py
[2024-08-22T11:18:37.206+0700] {processor.py:914} INFO - Processing file /home/user/.local/lib/python3.10/site-packages/airflow/example_dags/example_dynamic_task_mapping.py for tasks to queue
[2024-08-22T11:18:37.209+0700] {logging_mixin.py:190} INFO - [2024-08-22T11:18:37.208+0700] {dagbag.py:587} INFO - Filling up the DagBag from /home/user/.local/lib/python3.10/site-packages/airflow/example_dags/example_dynamic_task_mapping.py
[2024-08-22T11:18:37.217+0700] {processor.py:925} INFO - DAG(s) 'example_dynamic_task_mapping' retrieved from /home/user/.local/lib/python3.10/site-packages/airflow/example_dags/example_dynamic_task_mapping.py
[2024-08-22T11:18:37.238+0700] {logging_mixin.py:190} INFO - [2024-08-22T11:18:37.237+0700] {dag.py:3211} INFO - Sync 1 DAGs
[2024-08-22T11:18:37.263+0700] {logging_mixin.py:190} INFO - [2024-08-22T11:18:37.262+0700] {dag.py:4138} INFO - Setting next_dagrun for example_dynamic_task_mapping to 2022-03-04 00:00:00+00:00, run_after=2022-03-05 00:00:00+00:00
[2024-08-22T11:18:37.281+0700] {processor.py:208} INFO - Processing /home/user/.local/lib/python3.10/site-packages/airflow/example_dags/example_dynamic_task_mapping.py took 0.107 seconds
[2024-08-22T11:19:40.642+0700] {processor.py:186} INFO - Started process (PID=33357) to work on /home/user/.local/lib/python3.10/site-packages/airflow/example_dags/example_dynamic_task_mapping.py
[2024-08-22T11:19:40.643+0700] {processor.py:914} INFO - Processing file /home/user/.local/lib/python3.10/site-packages/airflow/example_dags/example_dynamic_task_mapping.py for tasks to queue
[2024-08-22T11:19:40.645+0700] {logging_mixin.py:190} INFO - [2024-08-22T11:19:40.645+0700] {dagbag.py:587} INFO - Filling up the DagBag from /home/user/.local/lib/python3.10/site-packages/airflow/example_dags/example_dynamic_task_mapping.py
[2024-08-22T11:19:40.655+0700] {processor.py:925} INFO - DAG(s) 'example_dynamic_task_mapping' retrieved from /home/user/.local/lib/python3.10/site-packages/airflow/example_dags/example_dynamic_task_mapping.py
[2024-08-22T11:19:40.670+0700] {logging_mixin.py:190} INFO - [2024-08-22T11:19:40.669+0700] {dag.py:3211} INFO - Sync 1 DAGs
[2024-08-22T11:19:40.684+0700] {logging_mixin.py:190} INFO - [2024-08-22T11:19:40.684+0700] {dag.py:4138} INFO - Setting next_dagrun for example_dynamic_task_mapping to 2022-03-04 00:00:00+00:00, run_after=2022-03-05 00:00:00+00:00
[2024-08-22T11:19:40.716+0700] {processor.py:208} INFO - Processing /home/user/.local/lib/python3.10/site-packages/airflow/example_dags/example_dynamic_task_mapping.py took 0.080 seconds
[2024-08-22T11:20:43.874+0700] {processor.py:186} INFO - Started process (PID=33855) to work on /home/user/.local/lib/python3.10/site-packages/airflow/example_dags/example_dynamic_task_mapping.py
[2024-08-22T11:20:43.875+0700] {processor.py:914} INFO - Processing file /home/user/.local/lib/python3.10/site-packages/airflow/example_dags/example_dynamic_task_mapping.py for tasks to queue
[2024-08-22T11:20:43.877+0700] {logging_mixin.py:190} INFO - [2024-08-22T11:20:43.876+0700] {dagbag.py:587} INFO - Filling up the DagBag from /home/user/.local/lib/python3.10/site-packages/airflow/example_dags/example_dynamic_task_mapping.py
[2024-08-22T11:20:43.886+0700] {processor.py:925} INFO - DAG(s) 'example_dynamic_task_mapping' retrieved from /home/user/.local/lib/python3.10/site-packages/airflow/example_dags/example_dynamic_task_mapping.py
[2024-08-22T11:20:43.905+0700] {logging_mixin.py:190} INFO - [2024-08-22T11:20:43.905+0700] {dag.py:3211} INFO - Sync 1 DAGs
[2024-08-22T11:20:43.920+0700] {logging_mixin.py:190} INFO - [2024-08-22T11:20:43.920+0700] {dag.py:4138} INFO - Setting next_dagrun for example_dynamic_task_mapping to 2022-03-04 00:00:00+00:00, run_after=2022-03-05 00:00:00+00:00
[2024-08-22T11:20:43.939+0700] {processor.py:208} INFO - Processing /home/user/.local/lib/python3.10/site-packages/airflow/example_dags/example_dynamic_task_mapping.py took 0.070 seconds
[2024-08-22T11:21:42.757+0700] {processor.py:186} INFO - Started process (PID=34316) to work on /home/user/.local/lib/python3.10/site-packages/airflow/example_dags/example_dynamic_task_mapping.py
[2024-08-22T11:21:42.758+0700] {processor.py:914} INFO - Processing file /home/user/.local/lib/python3.10/site-packages/airflow/example_dags/example_dynamic_task_mapping.py for tasks to queue
[2024-08-22T11:21:42.761+0700] {logging_mixin.py:190} INFO - [2024-08-22T11:21:42.760+0700] {dagbag.py:587} INFO - Filling up the DagBag from /home/user/.local/lib/python3.10/site-packages/airflow/example_dags/example_dynamic_task_mapping.py
[2024-08-22T11:21:42.771+0700] {processor.py:925} INFO - DAG(s) 'example_dynamic_task_mapping' retrieved from /home/user/.local/lib/python3.10/site-packages/airflow/example_dags/example_dynamic_task_mapping.py
[2024-08-22T11:21:42.785+0700] {logging_mixin.py:190} INFO - [2024-08-22T11:21:42.784+0700] {dag.py:3211} INFO - Sync 1 DAGs
[2024-08-22T11:21:42.808+0700] {logging_mixin.py:190} INFO - [2024-08-22T11:21:42.808+0700] {dag.py:4138} INFO - Setting next_dagrun for example_dynamic_task_mapping to 2022-03-04 00:00:00+00:00, run_after=2022-03-05 00:00:00+00:00
[2024-08-22T11:21:42.848+0700] {processor.py:208} INFO - Processing /home/user/.local/lib/python3.10/site-packages/airflow/example_dags/example_dynamic_task_mapping.py took 0.097 seconds
[2024-08-22T11:23:00.337+0700] {processor.py:186} INFO - Started process (PID=34958) to work on /home/user/.local/lib/python3.10/site-packages/airflow/example_dags/example_dynamic_task_mapping.py
[2024-08-22T11:23:00.338+0700] {processor.py:914} INFO - Processing file /home/user/.local/lib/python3.10/site-packages/airflow/example_dags/example_dynamic_task_mapping.py for tasks to queue
[2024-08-22T11:23:00.340+0700] {logging_mixin.py:190} INFO - [2024-08-22T11:23:00.340+0700] {dagbag.py:587} INFO - Filling up the DagBag from /home/user/.local/lib/python3.10/site-packages/airflow/example_dags/example_dynamic_task_mapping.py
[2024-08-22T11:23:00.350+0700] {processor.py:925} INFO - DAG(s) 'example_dynamic_task_mapping' retrieved from /home/user/.local/lib/python3.10/site-packages/airflow/example_dags/example_dynamic_task_mapping.py
[2024-08-22T11:23:00.361+0700] {logging_mixin.py:190} INFO - [2024-08-22T11:23:00.361+0700] {dag.py:3211} INFO - Sync 1 DAGs
[2024-08-22T11:23:00.374+0700] {logging_mixin.py:190} INFO - [2024-08-22T11:23:00.374+0700] {dag.py:4138} INFO - Setting next_dagrun for example_dynamic_task_mapping to 2022-03-04 00:00:00+00:00, run_after=2022-03-05 00:00:00+00:00
[2024-08-22T11:23:00.390+0700] {processor.py:208} INFO - Processing /home/user/.local/lib/python3.10/site-packages/airflow/example_dags/example_dynamic_task_mapping.py took 0.060 seconds
[2024-08-22T11:23:57.220+0700] {processor.py:186} INFO - Started process (PID=35462) to work on /home/user/.local/lib/python3.10/site-packages/airflow/example_dags/example_dynamic_task_mapping.py
[2024-08-22T11:23:57.225+0700] {processor.py:914} INFO - Processing file /home/user/.local/lib/python3.10/site-packages/airflow/example_dags/example_dynamic_task_mapping.py for tasks to queue
[2024-08-22T11:23:57.226+0700] {logging_mixin.py:190} INFO - [2024-08-22T11:23:57.226+0700] {dagbag.py:587} INFO - Filling up the DagBag from /home/user/.local/lib/python3.10/site-packages/airflow/example_dags/example_dynamic_task_mapping.py
[2024-08-22T11:23:57.244+0700] {processor.py:925} INFO - DAG(s) 'example_dynamic_task_mapping' retrieved from /home/user/.local/lib/python3.10/site-packages/airflow/example_dags/example_dynamic_task_mapping.py
[2024-08-22T11:23:57.278+0700] {logging_mixin.py:190} INFO - [2024-08-22T11:23:57.277+0700] {dag.py:3211} INFO - Sync 1 DAGs
[2024-08-22T11:23:57.322+0700] {logging_mixin.py:190} INFO - [2024-08-22T11:23:57.321+0700] {dag.py:4138} INFO - Setting next_dagrun for example_dynamic_task_mapping to 2022-03-04 00:00:00+00:00, run_after=2022-03-05 00:00:00+00:00
[2024-08-22T11:23:57.392+0700] {processor.py:208} INFO - Processing /home/user/.local/lib/python3.10/site-packages/airflow/example_dags/example_dynamic_task_mapping.py took 0.211 seconds
[2024-08-22T11:24:58.438+0700] {processor.py:186} INFO - Started process (PID=36018) to work on /home/user/.local/lib/python3.10/site-packages/airflow/example_dags/example_dynamic_task_mapping.py
[2024-08-22T11:24:58.439+0700] {processor.py:914} INFO - Processing file /home/user/.local/lib/python3.10/site-packages/airflow/example_dags/example_dynamic_task_mapping.py for tasks to queue
[2024-08-22T11:24:58.440+0700] {logging_mixin.py:190} INFO - [2024-08-22T11:24:58.440+0700] {dagbag.py:587} INFO - Filling up the DagBag from /home/user/.local/lib/python3.10/site-packages/airflow/example_dags/example_dynamic_task_mapping.py
[2024-08-22T11:24:58.448+0700] {processor.py:925} INFO - DAG(s) 'example_dynamic_task_mapping' retrieved from /home/user/.local/lib/python3.10/site-packages/airflow/example_dags/example_dynamic_task_mapping.py
[2024-08-22T11:24:58.462+0700] {logging_mixin.py:190} INFO - [2024-08-22T11:24:58.462+0700] {dag.py:3211} INFO - Sync 1 DAGs
[2024-08-22T11:24:58.477+0700] {logging_mixin.py:190} INFO - [2024-08-22T11:24:58.476+0700] {dag.py:4138} INFO - Setting next_dagrun for example_dynamic_task_mapping to 2022-03-04 00:00:00+00:00, run_after=2022-03-05 00:00:00+00:00
[2024-08-22T11:24:58.493+0700] {processor.py:208} INFO - Processing /home/user/.local/lib/python3.10/site-packages/airflow/example_dags/example_dynamic_task_mapping.py took 0.060 seconds
[2024-08-22T11:26:10.264+0700] {processor.py:186} INFO - Started process (PID=36726) to work on /home/user/.local/lib/python3.10/site-packages/airflow/example_dags/example_dynamic_task_mapping.py
[2024-08-22T11:26:10.266+0700] {processor.py:914} INFO - Processing file /home/user/.local/lib/python3.10/site-packages/airflow/example_dags/example_dynamic_task_mapping.py for tasks to queue
[2024-08-22T11:26:10.267+0700] {logging_mixin.py:190} INFO - [2024-08-22T11:26:10.267+0700] {dagbag.py:587} INFO - Filling up the DagBag from /home/user/.local/lib/python3.10/site-packages/airflow/example_dags/example_dynamic_task_mapping.py
[2024-08-22T11:26:10.279+0700] {processor.py:925} INFO - DAG(s) 'example_dynamic_task_mapping' retrieved from /home/user/.local/lib/python3.10/site-packages/airflow/example_dags/example_dynamic_task_mapping.py
[2024-08-22T11:26:10.294+0700] {logging_mixin.py:190} INFO - [2024-08-22T11:26:10.293+0700] {dag.py:3211} INFO - Sync 1 DAGs
[2024-08-22T11:26:10.309+0700] {logging_mixin.py:190} INFO - [2024-08-22T11:26:10.309+0700] {dag.py:4138} INFO - Setting next_dagrun for example_dynamic_task_mapping to 2022-03-04 00:00:00+00:00, run_after=2022-03-05 00:00:00+00:00
[2024-08-22T11:26:10.330+0700] {processor.py:208} INFO - Processing /home/user/.local/lib/python3.10/site-packages/airflow/example_dags/example_dynamic_task_mapping.py took 0.071 seconds
[2024-08-22T11:27:35.412+0700] {processor.py:186} INFO - Started process (PID=37469) to work on /home/user/.local/lib/python3.10/site-packages/airflow/example_dags/example_dynamic_task_mapping.py
[2024-08-22T11:27:35.414+0700] {processor.py:914} INFO - Processing file /home/user/.local/lib/python3.10/site-packages/airflow/example_dags/example_dynamic_task_mapping.py for tasks to queue
[2024-08-22T11:27:35.416+0700] {logging_mixin.py:190} INFO - [2024-08-22T11:27:35.416+0700] {dagbag.py:587} INFO - Filling up the DagBag from /home/user/.local/lib/python3.10/site-packages/airflow/example_dags/example_dynamic_task_mapping.py
[2024-08-22T11:27:35.432+0700] {processor.py:925} INFO - DAG(s) 'example_dynamic_task_mapping' retrieved from /home/user/.local/lib/python3.10/site-packages/airflow/example_dags/example_dynamic_task_mapping.py
[2024-08-22T11:27:35.453+0700] {logging_mixin.py:190} INFO - [2024-08-22T11:27:35.453+0700] {dag.py:3211} INFO - Sync 1 DAGs
[2024-08-22T11:27:35.520+0700] {logging_mixin.py:190} INFO - [2024-08-22T11:27:35.519+0700] {dag.py:4138} INFO - Setting next_dagrun for example_dynamic_task_mapping to 2022-03-04 00:00:00+00:00, run_after=2022-03-05 00:00:00+00:00
[2024-08-22T11:27:35.572+0700] {processor.py:208} INFO - Processing /home/user/.local/lib/python3.10/site-packages/airflow/example_dags/example_dynamic_task_mapping.py took 0.166 seconds
[2024-08-22T11:28:52.445+0700] {processor.py:186} INFO - Started process (PID=38072) to work on /home/user/.local/lib/python3.10/site-packages/airflow/example_dags/example_dynamic_task_mapping.py
[2024-08-22T11:28:52.447+0700] {processor.py:914} INFO - Processing file /home/user/.local/lib/python3.10/site-packages/airflow/example_dags/example_dynamic_task_mapping.py for tasks to queue
[2024-08-22T11:28:52.448+0700] {logging_mixin.py:190} INFO - [2024-08-22T11:28:52.448+0700] {dagbag.py:587} INFO - Filling up the DagBag from /home/user/.local/lib/python3.10/site-packages/airflow/example_dags/example_dynamic_task_mapping.py
[2024-08-22T11:28:52.457+0700] {processor.py:925} INFO - DAG(s) 'example_dynamic_task_mapping' retrieved from /home/user/.local/lib/python3.10/site-packages/airflow/example_dags/example_dynamic_task_mapping.py
[2024-08-22T11:28:52.471+0700] {logging_mixin.py:190} INFO - [2024-08-22T11:28:52.471+0700] {dag.py:3211} INFO - Sync 1 DAGs
[2024-08-22T11:28:52.486+0700] {logging_mixin.py:190} INFO - [2024-08-22T11:28:52.486+0700] {dag.py:4138} INFO - Setting next_dagrun for example_dynamic_task_mapping to 2022-03-04 00:00:00+00:00, run_after=2022-03-05 00:00:00+00:00
[2024-08-22T11:28:52.503+0700] {processor.py:208} INFO - Processing /home/user/.local/lib/python3.10/site-packages/airflow/example_dags/example_dynamic_task_mapping.py took 0.063 seconds
[2024-08-22T11:30:24.442+0700] {processor.py:186} INFO - Started process (PID=38885) to work on /home/user/.local/lib/python3.10/site-packages/airflow/example_dags/example_dynamic_task_mapping.py
[2024-08-22T11:30:24.460+0700] {processor.py:914} INFO - Processing file /home/user/.local/lib/python3.10/site-packages/airflow/example_dags/example_dynamic_task_mapping.py for tasks to queue
[2024-08-22T11:30:24.474+0700] {logging_mixin.py:190} INFO - [2024-08-22T11:30:24.471+0700] {dagbag.py:587} INFO - Filling up the DagBag from /home/user/.local/lib/python3.10/site-packages/airflow/example_dags/example_dynamic_task_mapping.py
[2024-08-22T11:30:24.629+0700] {processor.py:925} INFO - DAG(s) 'example_dynamic_task_mapping' retrieved from /home/user/.local/lib/python3.10/site-packages/airflow/example_dags/example_dynamic_task_mapping.py
[2024-08-22T11:30:24.792+0700] {logging_mixin.py:190} INFO - [2024-08-22T11:30:24.791+0700] {dag.py:3211} INFO - Sync 1 DAGs
[2024-08-22T11:30:24.904+0700] {logging_mixin.py:190} INFO - [2024-08-22T11:30:24.903+0700] {dag.py:4138} INFO - Setting next_dagrun for example_dynamic_task_mapping to 2022-03-04 00:00:00+00:00, run_after=2022-03-05 00:00:00+00:00
[2024-08-22T11:30:24.980+0700] {processor.py:208} INFO - Processing /home/user/.local/lib/python3.10/site-packages/airflow/example_dags/example_dynamic_task_mapping.py took 0.656 seconds
[2024-08-22T11:31:27.277+0700] {processor.py:186} INFO - Started process (PID=39202) to work on /home/user/.local/lib/python3.10/site-packages/airflow/example_dags/example_dynamic_task_mapping.py
[2024-08-22T11:31:27.280+0700] {processor.py:914} INFO - Processing file /home/user/.local/lib/python3.10/site-packages/airflow/example_dags/example_dynamic_task_mapping.py for tasks to queue
[2024-08-22T11:31:27.281+0700] {logging_mixin.py:190} INFO - [2024-08-22T11:31:27.281+0700] {dagbag.py:587} INFO - Filling up the DagBag from /home/user/.local/lib/python3.10/site-packages/airflow/example_dags/example_dynamic_task_mapping.py
[2024-08-22T11:31:27.289+0700] {processor.py:925} INFO - DAG(s) 'example_dynamic_task_mapping' retrieved from /home/user/.local/lib/python3.10/site-packages/airflow/example_dags/example_dynamic_task_mapping.py
[2024-08-22T11:31:27.301+0700] {logging_mixin.py:190} INFO - [2024-08-22T11:31:27.300+0700] {dag.py:3211} INFO - Sync 1 DAGs
[2024-08-22T11:31:27.315+0700] {logging_mixin.py:190} INFO - [2024-08-22T11:31:27.315+0700] {dag.py:4138} INFO - Setting next_dagrun for example_dynamic_task_mapping to 2022-03-04 00:00:00+00:00, run_after=2022-03-05 00:00:00+00:00
[2024-08-22T11:31:27.333+0700] {processor.py:208} INFO - Processing /home/user/.local/lib/python3.10/site-packages/airflow/example_dags/example_dynamic_task_mapping.py took 0.060 seconds
