[2024-08-22T10:42:38.139+0700] {processor.py:186} INFO - Started process (PID=15188) to work on /home/user/.local/lib/python3.10/site-packages/airflow/example_dags/example_skip_dag.py
[2024-08-22T10:42:38.140+0700] {processor.py:914} INFO - Processing file /home/user/.local/lib/python3.10/site-packages/airflow/example_dags/example_skip_dag.py for tasks to queue
[2024-08-22T10:42:38.141+0700] {logging_mixin.py:190} INFO - [2024-08-22T10:42:38.141+0700] {dagbag.py:587} INFO - Filling up the DagBag from /home/user/.local/lib/python3.10/site-packages/airflow/example_dags/example_skip_dag.py
[2024-08-22T10:42:38.147+0700] {processor.py:925} INFO - DAG(s) 'example_skip_dag' retrieved from /home/user/.local/lib/python3.10/site-packages/airflow/example_dags/example_skip_dag.py
[2024-08-22T10:42:38.222+0700] {logging_mixin.py:190} INFO - [2024-08-22T10:42:38.221+0700] {dag.py:3211} INFO - Sync 1 DAGs
[2024-08-22T10:42:38.236+0700] {logging_mixin.py:190} INFO - [2024-08-22T10:42:38.236+0700] {dag.py:4138} INFO - Setting next_dagrun for example_skip_dag to 2024-08-21 00:00:00+00:00, run_after=2024-08-22 00:00:00+00:00
[2024-08-22T10:42:38.256+0700] {processor.py:208} INFO - Processing /home/user/.local/lib/python3.10/site-packages/airflow/example_dags/example_skip_dag.py took 0.122 seconds
[2024-08-22T10:43:39.296+0700] {processor.py:186} INFO - Started process (PID=15501) to work on /home/user/.local/lib/python3.10/site-packages/airflow/example_dags/example_skip_dag.py
[2024-08-22T10:43:39.299+0700] {processor.py:914} INFO - Processing file /home/user/.local/lib/python3.10/site-packages/airflow/example_dags/example_skip_dag.py for tasks to queue
[2024-08-22T10:43:39.302+0700] {logging_mixin.py:190} INFO - [2024-08-22T10:43:39.302+0700] {dagbag.py:587} INFO - Filling up the DagBag from /home/user/.local/lib/python3.10/site-packages/airflow/example_dags/example_skip_dag.py
[2024-08-22T10:43:39.313+0700] {processor.py:925} INFO - DAG(s) 'example_skip_dag' retrieved from /home/user/.local/lib/python3.10/site-packages/airflow/example_dags/example_skip_dag.py
[2024-08-22T10:43:39.331+0700] {logging_mixin.py:190} INFO - [2024-08-22T10:43:39.330+0700] {dag.py:3211} INFO - Sync 1 DAGs
[2024-08-22T10:43:39.348+0700] {logging_mixin.py:190} INFO - [2024-08-22T10:43:39.348+0700] {dag.py:4138} INFO - Setting next_dagrun for example_skip_dag to 2024-08-21 00:00:00+00:00, run_after=2024-08-22 00:00:00+00:00
[2024-08-22T10:43:39.367+0700] {processor.py:208} INFO - Processing /home/user/.local/lib/python3.10/site-packages/airflow/example_dags/example_skip_dag.py took 0.081 seconds
[2024-08-22T10:45:50.922+0700] {processor.py:186} INFO - Started process (PID=16169) to work on /home/user/.local/lib/python3.10/site-packages/airflow/example_dags/example_skip_dag.py
[2024-08-22T10:45:50.924+0700] {processor.py:914} INFO - Processing file /home/user/.local/lib/python3.10/site-packages/airflow/example_dags/example_skip_dag.py for tasks to queue
[2024-08-22T10:45:50.926+0700] {logging_mixin.py:190} INFO - [2024-08-22T10:45:50.925+0700] {dagbag.py:587} INFO - Filling up the DagBag from /home/user/.local/lib/python3.10/site-packages/airflow/example_dags/example_skip_dag.py
[2024-08-22T10:45:50.932+0700] {processor.py:925} INFO - DAG(s) 'example_skip_dag' retrieved from /home/user/.local/lib/python3.10/site-packages/airflow/example_dags/example_skip_dag.py
[2024-08-22T10:45:50.950+0700] {logging_mixin.py:190} INFO - [2024-08-22T10:45:50.950+0700] {dag.py:3211} INFO - Sync 1 DAGs
[2024-08-22T10:45:50.964+0700] {logging_mixin.py:190} INFO - [2024-08-22T10:45:50.964+0700] {dag.py:4138} INFO - Setting next_dagrun for example_skip_dag to 2024-08-21 00:00:00+00:00, run_after=2024-08-22 00:00:00+00:00
[2024-08-22T10:45:50.983+0700] {processor.py:208} INFO - Processing /home/user/.local/lib/python3.10/site-packages/airflow/example_dags/example_skip_dag.py took 0.065 seconds
[2024-08-22T10:51:59.262+0700] {processor.py:186} INFO - Started process (PID=19556) to work on /home/user/.local/lib/python3.10/site-packages/airflow/example_dags/example_skip_dag.py
[2024-08-22T10:51:59.263+0700] {processor.py:914} INFO - Processing file /home/user/.local/lib/python3.10/site-packages/airflow/example_dags/example_skip_dag.py for tasks to queue
[2024-08-22T10:51:59.264+0700] {logging_mixin.py:190} INFO - [2024-08-22T10:51:59.264+0700] {dagbag.py:587} INFO - Filling up the DagBag from /home/user/.local/lib/python3.10/site-packages/airflow/example_dags/example_skip_dag.py
[2024-08-22T10:51:59.272+0700] {processor.py:925} INFO - DAG(s) 'example_skip_dag' retrieved from /home/user/.local/lib/python3.10/site-packages/airflow/example_dags/example_skip_dag.py
[2024-08-22T10:51:59.287+0700] {logging_mixin.py:190} INFO - [2024-08-22T10:51:59.287+0700] {dag.py:3211} INFO - Sync 1 DAGs
[2024-08-22T10:51:59.302+0700] {logging_mixin.py:190} INFO - [2024-08-22T10:51:59.302+0700] {dag.py:4138} INFO - Setting next_dagrun for example_skip_dag to 2024-08-21 00:00:00+00:00, run_after=2024-08-22 00:00:00+00:00
[2024-08-22T10:51:59.321+0700] {processor.py:208} INFO - Processing /home/user/.local/lib/python3.10/site-packages/airflow/example_dags/example_skip_dag.py took 0.063 seconds
[2024-08-22T10:56:07.573+0700] {processor.py:186} INFO - Started process (PID=21670) to work on /home/user/.local/lib/python3.10/site-packages/airflow/example_dags/example_skip_dag.py
[2024-08-22T10:56:07.575+0700] {processor.py:914} INFO - Processing file /home/user/.local/lib/python3.10/site-packages/airflow/example_dags/example_skip_dag.py for tasks to queue
[2024-08-22T10:56:07.577+0700] {logging_mixin.py:190} INFO - [2024-08-22T10:56:07.577+0700] {dagbag.py:587} INFO - Filling up the DagBag from /home/user/.local/lib/python3.10/site-packages/airflow/example_dags/example_skip_dag.py
[2024-08-22T10:56:07.586+0700] {processor.py:925} INFO - DAG(s) 'example_skip_dag' retrieved from /home/user/.local/lib/python3.10/site-packages/airflow/example_dags/example_skip_dag.py
[2024-08-22T10:56:07.605+0700] {logging_mixin.py:190} INFO - [2024-08-22T10:56:07.605+0700] {dag.py:3211} INFO - Sync 1 DAGs
[2024-08-22T10:56:07.623+0700] {logging_mixin.py:190} INFO - [2024-08-22T10:56:07.623+0700] {dag.py:4138} INFO - Setting next_dagrun for example_skip_dag to 2024-08-21 00:00:00+00:00, run_after=2024-08-22 00:00:00+00:00
[2024-08-22T10:56:07.658+0700] {processor.py:208} INFO - Processing /home/user/.local/lib/python3.10/site-packages/airflow/example_dags/example_skip_dag.py took 0.089 seconds
[2024-08-22T10:57:08.117+0700] {processor.py:186} INFO - Started process (PID=22153) to work on /home/user/.local/lib/python3.10/site-packages/airflow/example_dags/example_skip_dag.py
[2024-08-22T10:57:08.119+0700] {processor.py:914} INFO - Processing file /home/user/.local/lib/python3.10/site-packages/airflow/example_dags/example_skip_dag.py for tasks to queue
[2024-08-22T10:57:08.122+0700] {logging_mixin.py:190} INFO - [2024-08-22T10:57:08.122+0700] {dagbag.py:587} INFO - Filling up the DagBag from /home/user/.local/lib/python3.10/site-packages/airflow/example_dags/example_skip_dag.py
[2024-08-22T10:57:08.129+0700] {processor.py:925} INFO - DAG(s) 'example_skip_dag' retrieved from /home/user/.local/lib/python3.10/site-packages/airflow/example_dags/example_skip_dag.py
[2024-08-22T10:57:08.148+0700] {logging_mixin.py:190} INFO - [2024-08-22T10:57:08.147+0700] {dag.py:3211} INFO - Sync 1 DAGs
[2024-08-22T10:57:08.165+0700] {logging_mixin.py:190} INFO - [2024-08-22T10:57:08.165+0700] {dag.py:4138} INFO - Setting next_dagrun for example_skip_dag to 2024-08-21 00:00:00+00:00, run_after=2024-08-22 00:00:00+00:00
[2024-08-22T10:57:08.192+0700] {processor.py:208} INFO - Processing /home/user/.local/lib/python3.10/site-packages/airflow/example_dags/example_skip_dag.py took 0.081 seconds
[2024-08-22T10:58:08.655+0700] {processor.py:186} INFO - Started process (PID=22784) to work on /home/user/.local/lib/python3.10/site-packages/airflow/example_dags/example_skip_dag.py
[2024-08-22T10:58:08.656+0700] {processor.py:914} INFO - Processing file /home/user/.local/lib/python3.10/site-packages/airflow/example_dags/example_skip_dag.py for tasks to queue
[2024-08-22T10:58:08.658+0700] {logging_mixin.py:190} INFO - [2024-08-22T10:58:08.658+0700] {dagbag.py:587} INFO - Filling up the DagBag from /home/user/.local/lib/python3.10/site-packages/airflow/example_dags/example_skip_dag.py
[2024-08-22T10:58:08.665+0700] {processor.py:925} INFO - DAG(s) 'example_skip_dag' retrieved from /home/user/.local/lib/python3.10/site-packages/airflow/example_dags/example_skip_dag.py
[2024-08-22T10:58:08.679+0700] {logging_mixin.py:190} INFO - [2024-08-22T10:58:08.679+0700] {dag.py:3211} INFO - Sync 1 DAGs
[2024-08-22T10:58:08.696+0700] {logging_mixin.py:190} INFO - [2024-08-22T10:58:08.695+0700] {dag.py:4138} INFO - Setting next_dagrun for example_skip_dag to 2024-08-21 00:00:00+00:00, run_after=2024-08-22 00:00:00+00:00
[2024-08-22T10:58:08.732+0700] {processor.py:208} INFO - Processing /home/user/.local/lib/python3.10/site-packages/airflow/example_dags/example_skip_dag.py took 0.083 seconds
[2024-08-22T10:58:47.984+0700] {processor.py:186} INFO - Started process (PID=23256) to work on /home/user/.local/lib/python3.10/site-packages/airflow/example_dags/example_skip_dag.py
[2024-08-22T10:58:47.985+0700] {processor.py:914} INFO - Processing file /home/user/.local/lib/python3.10/site-packages/airflow/example_dags/example_skip_dag.py for tasks to queue
[2024-08-22T10:58:47.987+0700] {logging_mixin.py:190} INFO - [2024-08-22T10:58:47.987+0700] {dagbag.py:587} INFO - Filling up the DagBag from /home/user/.local/lib/python3.10/site-packages/airflow/example_dags/example_skip_dag.py
[2024-08-22T10:58:47.997+0700] {processor.py:925} INFO - DAG(s) 'example_skip_dag' retrieved from /home/user/.local/lib/python3.10/site-packages/airflow/example_dags/example_skip_dag.py
[2024-08-22T10:58:48.014+0700] {logging_mixin.py:190} INFO - [2024-08-22T10:58:48.013+0700] {dag.py:3211} INFO - Sync 1 DAGs
[2024-08-22T10:58:48.030+0700] {logging_mixin.py:190} INFO - [2024-08-22T10:58:48.029+0700] {dag.py:4138} INFO - Setting next_dagrun for example_skip_dag to 2024-08-21 00:00:00+00:00, run_after=2024-08-22 00:00:00+00:00
[2024-08-22T10:58:48.050+0700] {processor.py:208} INFO - Processing /home/user/.local/lib/python3.10/site-packages/airflow/example_dags/example_skip_dag.py took 0.071 seconds
[2024-08-22T10:59:48.598+0700] {processor.py:186} INFO - Started process (PID=23754) to work on /home/user/.local/lib/python3.10/site-packages/airflow/example_dags/example_skip_dag.py
[2024-08-22T10:59:48.600+0700] {processor.py:914} INFO - Processing file /home/user/.local/lib/python3.10/site-packages/airflow/example_dags/example_skip_dag.py for tasks to queue
[2024-08-22T10:59:48.602+0700] {logging_mixin.py:190} INFO - [2024-08-22T10:59:48.602+0700] {dagbag.py:587} INFO - Filling up the DagBag from /home/user/.local/lib/python3.10/site-packages/airflow/example_dags/example_skip_dag.py
[2024-08-22T10:59:48.609+0700] {processor.py:925} INFO - DAG(s) 'example_skip_dag' retrieved from /home/user/.local/lib/python3.10/site-packages/airflow/example_dags/example_skip_dag.py
[2024-08-22T10:59:48.626+0700] {logging_mixin.py:190} INFO - [2024-08-22T10:59:48.625+0700] {dag.py:3211} INFO - Sync 1 DAGs
[2024-08-22T10:59:48.643+0700] {logging_mixin.py:190} INFO - [2024-08-22T10:59:48.643+0700] {dag.py:4138} INFO - Setting next_dagrun for example_skip_dag to 2024-08-21 00:00:00+00:00, run_after=2024-08-22 00:00:00+00:00
[2024-08-22T10:59:48.669+0700] {processor.py:208} INFO - Processing /home/user/.local/lib/python3.10/site-packages/airflow/example_dags/example_skip_dag.py took 0.077 seconds
[2024-08-22T11:00:45.857+0700] {processor.py:186} INFO - Started process (PID=24211) to work on /home/user/.local/lib/python3.10/site-packages/airflow/example_dags/example_skip_dag.py
[2024-08-22T11:00:45.859+0700] {processor.py:914} INFO - Processing file /home/user/.local/lib/python3.10/site-packages/airflow/example_dags/example_skip_dag.py for tasks to queue
[2024-08-22T11:00:45.861+0700] {logging_mixin.py:190} INFO - [2024-08-22T11:00:45.861+0700] {dagbag.py:587} INFO - Filling up the DagBag from /home/user/.local/lib/python3.10/site-packages/airflow/example_dags/example_skip_dag.py
[2024-08-22T11:00:45.870+0700] {processor.py:925} INFO - DAG(s) 'example_skip_dag' retrieved from /home/user/.local/lib/python3.10/site-packages/airflow/example_dags/example_skip_dag.py
[2024-08-22T11:00:45.886+0700] {logging_mixin.py:190} INFO - [2024-08-22T11:00:45.885+0700] {dag.py:3211} INFO - Sync 1 DAGs
[2024-08-22T11:00:45.904+0700] {logging_mixin.py:190} INFO - [2024-08-22T11:00:45.904+0700] {dag.py:4138} INFO - Setting next_dagrun for example_skip_dag to 2024-08-21 00:00:00+00:00, run_after=2024-08-22 00:00:00+00:00
[2024-08-22T11:00:45.921+0700] {processor.py:208} INFO - Processing /home/user/.local/lib/python3.10/site-packages/airflow/example_dags/example_skip_dag.py took 0.071 seconds
[2024-08-22T11:01:43.151+0700] {processor.py:186} INFO - Started process (PID=24668) to work on /home/user/.local/lib/python3.10/site-packages/airflow/example_dags/example_skip_dag.py
[2024-08-22T11:01:43.152+0700] {processor.py:914} INFO - Processing file /home/user/.local/lib/python3.10/site-packages/airflow/example_dags/example_skip_dag.py for tasks to queue
[2024-08-22T11:01:43.155+0700] {logging_mixin.py:190} INFO - [2024-08-22T11:01:43.154+0700] {dagbag.py:587} INFO - Filling up the DagBag from /home/user/.local/lib/python3.10/site-packages/airflow/example_dags/example_skip_dag.py
[2024-08-22T11:01:43.162+0700] {processor.py:925} INFO - DAG(s) 'example_skip_dag' retrieved from /home/user/.local/lib/python3.10/site-packages/airflow/example_dags/example_skip_dag.py
[2024-08-22T11:01:43.176+0700] {logging_mixin.py:190} INFO - [2024-08-22T11:01:43.176+0700] {dag.py:3211} INFO - Sync 1 DAGs
[2024-08-22T11:01:43.191+0700] {logging_mixin.py:190} INFO - [2024-08-22T11:01:43.191+0700] {dag.py:4138} INFO - Setting next_dagrun for example_skip_dag to 2024-08-21 00:00:00+00:00, run_after=2024-08-22 00:00:00+00:00
[2024-08-22T11:01:43.208+0700] {processor.py:208} INFO - Processing /home/user/.local/lib/python3.10/site-packages/airflow/example_dags/example_skip_dag.py took 0.063 seconds
[2024-08-22T11:02:45.419+0700] {processor.py:186} INFO - Started process (PID=25165) to work on /home/user/.local/lib/python3.10/site-packages/airflow/example_dags/example_skip_dag.py
[2024-08-22T11:02:45.422+0700] {processor.py:914} INFO - Processing file /home/user/.local/lib/python3.10/site-packages/airflow/example_dags/example_skip_dag.py for tasks to queue
[2024-08-22T11:02:45.426+0700] {logging_mixin.py:190} INFO - [2024-08-22T11:02:45.425+0700] {dagbag.py:587} INFO - Filling up the DagBag from /home/user/.local/lib/python3.10/site-packages/airflow/example_dags/example_skip_dag.py
[2024-08-22T11:02:45.437+0700] {processor.py:925} INFO - DAG(s) 'example_skip_dag' retrieved from /home/user/.local/lib/python3.10/site-packages/airflow/example_dags/example_skip_dag.py
[2024-08-22T11:02:45.454+0700] {logging_mixin.py:190} INFO - [2024-08-22T11:02:45.454+0700] {dag.py:3211} INFO - Sync 1 DAGs
[2024-08-22T11:02:45.470+0700] {logging_mixin.py:190} INFO - [2024-08-22T11:02:45.469+0700] {dag.py:4138} INFO - Setting next_dagrun for example_skip_dag to 2024-08-21 00:00:00+00:00, run_after=2024-08-22 00:00:00+00:00
[2024-08-22T11:02:45.490+0700] {processor.py:208} INFO - Processing /home/user/.local/lib/python3.10/site-packages/airflow/example_dags/example_skip_dag.py took 0.076 seconds
[2024-08-22T11:03:48.710+0700] {processor.py:186} INFO - Started process (PID=25846) to work on /home/user/.local/lib/python3.10/site-packages/airflow/example_dags/example_skip_dag.py
[2024-08-22T11:03:48.712+0700] {processor.py:914} INFO - Processing file /home/user/.local/lib/python3.10/site-packages/airflow/example_dags/example_skip_dag.py for tasks to queue
[2024-08-22T11:03:48.714+0700] {logging_mixin.py:190} INFO - [2024-08-22T11:03:48.713+0700] {dagbag.py:587} INFO - Filling up the DagBag from /home/user/.local/lib/python3.10/site-packages/airflow/example_dags/example_skip_dag.py
[2024-08-22T11:03:48.721+0700] {processor.py:925} INFO - DAG(s) 'example_skip_dag' retrieved from /home/user/.local/lib/python3.10/site-packages/airflow/example_dags/example_skip_dag.py
[2024-08-22T11:03:48.736+0700] {logging_mixin.py:190} INFO - [2024-08-22T11:03:48.735+0700] {dag.py:3211} INFO - Sync 1 DAGs
[2024-08-22T11:03:48.752+0700] {logging_mixin.py:190} INFO - [2024-08-22T11:03:48.752+0700] {dag.py:4138} INFO - Setting next_dagrun for example_skip_dag to 2024-08-21 00:00:00+00:00, run_after=2024-08-22 00:00:00+00:00
[2024-08-22T11:03:48.772+0700] {processor.py:208} INFO - Processing /home/user/.local/lib/python3.10/site-packages/airflow/example_dags/example_skip_dag.py took 0.067 seconds
[2024-08-22T11:04:58.793+0700] {processor.py:186} INFO - Started process (PID=26376) to work on /home/user/.local/lib/python3.10/site-packages/airflow/example_dags/example_skip_dag.py
[2024-08-22T11:04:58.795+0700] {processor.py:914} INFO - Processing file /home/user/.local/lib/python3.10/site-packages/airflow/example_dags/example_skip_dag.py for tasks to queue
[2024-08-22T11:04:58.797+0700] {logging_mixin.py:190} INFO - [2024-08-22T11:04:58.797+0700] {dagbag.py:587} INFO - Filling up the DagBag from /home/user/.local/lib/python3.10/site-packages/airflow/example_dags/example_skip_dag.py
[2024-08-22T11:04:58.805+0700] {processor.py:925} INFO - DAG(s) 'example_skip_dag' retrieved from /home/user/.local/lib/python3.10/site-packages/airflow/example_dags/example_skip_dag.py
[2024-08-22T11:04:58.820+0700] {logging_mixin.py:190} INFO - [2024-08-22T11:04:58.820+0700] {dag.py:3211} INFO - Sync 1 DAGs
[2024-08-22T11:04:58.837+0700] {logging_mixin.py:190} INFO - [2024-08-22T11:04:58.837+0700] {dag.py:4138} INFO - Setting next_dagrun for example_skip_dag to 2024-08-21 00:00:00+00:00, run_after=2024-08-22 00:00:00+00:00
[2024-08-22T11:04:58.857+0700] {processor.py:208} INFO - Processing /home/user/.local/lib/python3.10/site-packages/airflow/example_dags/example_skip_dag.py took 0.070 seconds
[2024-08-22T11:05:57.961+0700] {processor.py:186} INFO - Started process (PID=26727) to work on /home/user/.local/lib/python3.10/site-packages/airflow/example_dags/example_skip_dag.py
[2024-08-22T11:05:57.963+0700] {processor.py:914} INFO - Processing file /home/user/.local/lib/python3.10/site-packages/airflow/example_dags/example_skip_dag.py for tasks to queue
[2024-08-22T11:05:57.964+0700] {logging_mixin.py:190} INFO - [2024-08-22T11:05:57.964+0700] {dagbag.py:587} INFO - Filling up the DagBag from /home/user/.local/lib/python3.10/site-packages/airflow/example_dags/example_skip_dag.py
[2024-08-22T11:05:57.973+0700] {processor.py:925} INFO - DAG(s) 'example_skip_dag' retrieved from /home/user/.local/lib/python3.10/site-packages/airflow/example_dags/example_skip_dag.py
[2024-08-22T11:05:57.988+0700] {logging_mixin.py:190} INFO - [2024-08-22T11:05:57.988+0700] {dag.py:3211} INFO - Sync 1 DAGs
[2024-08-22T11:05:58.006+0700] {logging_mixin.py:190} INFO - [2024-08-22T11:05:58.006+0700] {dag.py:4138} INFO - Setting next_dagrun for example_skip_dag to 2024-08-21 00:00:00+00:00, run_after=2024-08-22 00:00:00+00:00
[2024-08-22T11:05:58.038+0700] {processor.py:208} INFO - Processing /home/user/.local/lib/python3.10/site-packages/airflow/example_dags/example_skip_dag.py took 0.085 seconds
[2024-08-22T11:06:54.685+0700] {processor.py:186} INFO - Started process (PID=27167) to work on /home/user/.local/lib/python3.10/site-packages/airflow/example_dags/example_skip_dag.py
[2024-08-22T11:06:54.687+0700] {processor.py:914} INFO - Processing file /home/user/.local/lib/python3.10/site-packages/airflow/example_dags/example_skip_dag.py for tasks to queue
[2024-08-22T11:06:54.689+0700] {logging_mixin.py:190} INFO - [2024-08-22T11:06:54.689+0700] {dagbag.py:587} INFO - Filling up the DagBag from /home/user/.local/lib/python3.10/site-packages/airflow/example_dags/example_skip_dag.py
[2024-08-22T11:06:54.698+0700] {processor.py:925} INFO - DAG(s) 'example_skip_dag' retrieved from /home/user/.local/lib/python3.10/site-packages/airflow/example_dags/example_skip_dag.py
[2024-08-22T11:06:54.714+0700] {logging_mixin.py:190} INFO - [2024-08-22T11:06:54.714+0700] {dag.py:3211} INFO - Sync 1 DAGs
[2024-08-22T11:06:54.733+0700] {logging_mixin.py:190} INFO - [2024-08-22T11:06:54.733+0700] {dag.py:4138} INFO - Setting next_dagrun for example_skip_dag to 2024-08-21 00:00:00+00:00, run_after=2024-08-22 00:00:00+00:00
[2024-08-22T11:06:54.759+0700] {processor.py:208} INFO - Processing /home/user/.local/lib/python3.10/site-packages/airflow/example_dags/example_skip_dag.py took 0.082 seconds
[2024-08-22T11:08:04.106+0700] {processor.py:186} INFO - Started process (PID=27717) to work on /home/user/.local/lib/python3.10/site-packages/airflow/example_dags/example_skip_dag.py
[2024-08-22T11:08:04.107+0700] {processor.py:914} INFO - Processing file /home/user/.local/lib/python3.10/site-packages/airflow/example_dags/example_skip_dag.py for tasks to queue
[2024-08-22T11:08:04.110+0700] {logging_mixin.py:190} INFO - [2024-08-22T11:08:04.109+0700] {dagbag.py:587} INFO - Filling up the DagBag from /home/user/.local/lib/python3.10/site-packages/airflow/example_dags/example_skip_dag.py
[2024-08-22T11:08:04.116+0700] {processor.py:925} INFO - DAG(s) 'example_skip_dag' retrieved from /home/user/.local/lib/python3.10/site-packages/airflow/example_dags/example_skip_dag.py
[2024-08-22T11:08:04.130+0700] {logging_mixin.py:190} INFO - [2024-08-22T11:08:04.130+0700] {dag.py:3211} INFO - Sync 1 DAGs
[2024-08-22T11:08:04.145+0700] {logging_mixin.py:190} INFO - [2024-08-22T11:08:04.145+0700] {dag.py:4138} INFO - Setting next_dagrun for example_skip_dag to 2024-08-21 00:00:00+00:00, run_after=2024-08-22 00:00:00+00:00
[2024-08-22T11:08:04.167+0700] {processor.py:208} INFO - Processing /home/user/.local/lib/python3.10/site-packages/airflow/example_dags/example_skip_dag.py took 0.066 seconds
[2024-08-22T11:09:01.348+0700] {processor.py:186} INFO - Started process (PID=28164) to work on /home/user/.local/lib/python3.10/site-packages/airflow/example_dags/example_skip_dag.py
[2024-08-22T11:09:01.349+0700] {processor.py:914} INFO - Processing file /home/user/.local/lib/python3.10/site-packages/airflow/example_dags/example_skip_dag.py for tasks to queue
[2024-08-22T11:09:01.352+0700] {logging_mixin.py:190} INFO - [2024-08-22T11:09:01.351+0700] {dagbag.py:587} INFO - Filling up the DagBag from /home/user/.local/lib/python3.10/site-packages/airflow/example_dags/example_skip_dag.py
[2024-08-22T11:09:01.358+0700] {processor.py:925} INFO - DAG(s) 'example_skip_dag' retrieved from /home/user/.local/lib/python3.10/site-packages/airflow/example_dags/example_skip_dag.py
[2024-08-22T11:09:01.372+0700] {logging_mixin.py:190} INFO - [2024-08-22T11:09:01.372+0700] {dag.py:3211} INFO - Sync 1 DAGs
[2024-08-22T11:09:01.388+0700] {logging_mixin.py:190} INFO - [2024-08-22T11:09:01.388+0700] {dag.py:4138} INFO - Setting next_dagrun for example_skip_dag to 2024-08-21 00:00:00+00:00, run_after=2024-08-22 00:00:00+00:00
[2024-08-22T11:09:01.408+0700] {processor.py:208} INFO - Processing /home/user/.local/lib/python3.10/site-packages/airflow/example_dags/example_skip_dag.py took 0.064 seconds
[2024-08-22T11:09:57.190+0700] {processor.py:186} INFO - Started process (PID=28601) to work on /home/user/.local/lib/python3.10/site-packages/airflow/example_dags/example_skip_dag.py
[2024-08-22T11:09:57.208+0700] {processor.py:914} INFO - Processing file /home/user/.local/lib/python3.10/site-packages/airflow/example_dags/example_skip_dag.py for tasks to queue
[2024-08-22T11:09:57.210+0700] {logging_mixin.py:190} INFO - [2024-08-22T11:09:57.210+0700] {dagbag.py:587} INFO - Filling up the DagBag from /home/user/.local/lib/python3.10/site-packages/airflow/example_dags/example_skip_dag.py
[2024-08-22T11:09:57.217+0700] {processor.py:925} INFO - DAG(s) 'example_skip_dag' retrieved from /home/user/.local/lib/python3.10/site-packages/airflow/example_dags/example_skip_dag.py
[2024-08-22T11:09:57.233+0700] {logging_mixin.py:190} INFO - [2024-08-22T11:09:57.233+0700] {dag.py:3211} INFO - Sync 1 DAGs
[2024-08-22T11:09:57.252+0700] {logging_mixin.py:190} INFO - [2024-08-22T11:09:57.251+0700] {dag.py:4138} INFO - Setting next_dagrun for example_skip_dag to 2024-08-21 00:00:00+00:00, run_after=2024-08-22 00:00:00+00:00
[2024-08-22T11:09:57.302+0700] {processor.py:208} INFO - Processing /home/user/.local/lib/python3.10/site-packages/airflow/example_dags/example_skip_dag.py took 0.116 seconds
[2024-08-22T11:10:50.191+0700] {processor.py:186} INFO - Started process (PID=29012) to work on /home/user/.local/lib/python3.10/site-packages/airflow/example_dags/example_skip_dag.py
[2024-08-22T11:10:50.193+0700] {processor.py:914} INFO - Processing file /home/user/.local/lib/python3.10/site-packages/airflow/example_dags/example_skip_dag.py for tasks to queue
[2024-08-22T11:10:50.195+0700] {logging_mixin.py:190} INFO - [2024-08-22T11:10:50.195+0700] {dagbag.py:587} INFO - Filling up the DagBag from /home/user/.local/lib/python3.10/site-packages/airflow/example_dags/example_skip_dag.py
[2024-08-22T11:10:50.201+0700] {processor.py:925} INFO - DAG(s) 'example_skip_dag' retrieved from /home/user/.local/lib/python3.10/site-packages/airflow/example_dags/example_skip_dag.py
[2024-08-22T11:10:50.215+0700] {logging_mixin.py:190} INFO - [2024-08-22T11:10:50.214+0700] {dag.py:3211} INFO - Sync 1 DAGs
[2024-08-22T11:10:50.230+0700] {logging_mixin.py:190} INFO - [2024-08-22T11:10:50.230+0700] {dag.py:4138} INFO - Setting next_dagrun for example_skip_dag to 2024-08-21 00:00:00+00:00, run_after=2024-08-22 00:00:00+00:00
[2024-08-22T11:10:50.248+0700] {processor.py:208} INFO - Processing /home/user/.local/lib/python3.10/site-packages/airflow/example_dags/example_skip_dag.py took 0.077 seconds
[2024-08-22T11:12:08.511+0700] {processor.py:186} INFO - Started process (PID=29753) to work on /home/user/.local/lib/python3.10/site-packages/airflow/example_dags/example_skip_dag.py
[2024-08-22T11:12:08.513+0700] {processor.py:914} INFO - Processing file /home/user/.local/lib/python3.10/site-packages/airflow/example_dags/example_skip_dag.py for tasks to queue
[2024-08-22T11:12:08.514+0700] {logging_mixin.py:190} INFO - [2024-08-22T11:12:08.514+0700] {dagbag.py:587} INFO - Filling up the DagBag from /home/user/.local/lib/python3.10/site-packages/airflow/example_dags/example_skip_dag.py
[2024-08-22T11:12:08.521+0700] {processor.py:925} INFO - DAG(s) 'example_skip_dag' retrieved from /home/user/.local/lib/python3.10/site-packages/airflow/example_dags/example_skip_dag.py
[2024-08-22T11:12:08.633+0700] {logging_mixin.py:190} INFO - [2024-08-22T11:12:08.633+0700] {override.py:1858} INFO - Created Permission View: can read on DAG:example_skip_dag
[2024-08-22T11:12:08.647+0700] {logging_mixin.py:190} INFO - [2024-08-22T11:12:08.647+0700] {override.py:1858} INFO - Created Permission View: can edit on DAG:example_skip_dag
[2024-08-22T11:12:08.658+0700] {logging_mixin.py:190} INFO - [2024-08-22T11:12:08.657+0700] {override.py:1858} INFO - Created Permission View: can delete on DAG:example_skip_dag
[2024-08-22T11:12:08.658+0700] {logging_mixin.py:190} INFO - [2024-08-22T11:12:08.658+0700] {dag.py:3211} INFO - Sync 1 DAGs
[2024-08-22T11:12:08.672+0700] {logging_mixin.py:190} INFO - [2024-08-22T11:12:08.672+0700] {dag.py:3234} INFO - Creating ORM DAG for example_skip_dag
[2024-08-22T11:12:08.679+0700] {logging_mixin.py:190} INFO - [2024-08-22T11:12:08.679+0700] {dag.py:4138} INFO - Setting next_dagrun for example_skip_dag to 2024-08-21 00:00:00+00:00, run_after=2024-08-22 00:00:00+00:00
[2024-08-22T11:12:08.703+0700] {processor.py:208} INFO - Processing /home/user/.local/lib/python3.10/site-packages/airflow/example_dags/example_skip_dag.py took 0.197 seconds
[2024-08-22T11:13:11.385+0700] {processor.py:186} INFO - Started process (PID=30256) to work on /home/user/.local/lib/python3.10/site-packages/airflow/example_dags/example_skip_dag.py
[2024-08-22T11:13:11.387+0700] {processor.py:914} INFO - Processing file /home/user/.local/lib/python3.10/site-packages/airflow/example_dags/example_skip_dag.py for tasks to queue
[2024-08-22T11:13:11.388+0700] {logging_mixin.py:190} INFO - [2024-08-22T11:13:11.388+0700] {dagbag.py:587} INFO - Filling up the DagBag from /home/user/.local/lib/python3.10/site-packages/airflow/example_dags/example_skip_dag.py
[2024-08-22T11:13:11.398+0700] {processor.py:925} INFO - DAG(s) 'example_skip_dag' retrieved from /home/user/.local/lib/python3.10/site-packages/airflow/example_dags/example_skip_dag.py
[2024-08-22T11:13:11.418+0700] {logging_mixin.py:190} INFO - [2024-08-22T11:13:11.418+0700] {dag.py:3211} INFO - Sync 1 DAGs
[2024-08-22T11:13:11.436+0700] {logging_mixin.py:190} INFO - [2024-08-22T11:13:11.436+0700] {dag.py:4138} INFO - Setting next_dagrun for example_skip_dag to 2024-08-21 00:00:00+00:00, run_after=2024-08-22 00:00:00+00:00
[2024-08-22T11:13:11.455+0700] {processor.py:208} INFO - Processing /home/user/.local/lib/python3.10/site-packages/airflow/example_dags/example_skip_dag.py took 0.077 seconds
[2024-08-22T11:13:37.365+0700] {processor.py:186} INFO - Started process (PID=30463) to work on /home/user/.local/lib/python3.10/site-packages/airflow/example_dags/example_skip_dag.py
[2024-08-22T11:13:37.367+0700] {processor.py:914} INFO - Processing file /home/user/.local/lib/python3.10/site-packages/airflow/example_dags/example_skip_dag.py for tasks to queue
[2024-08-22T11:13:37.368+0700] {logging_mixin.py:190} INFO - [2024-08-22T11:13:37.368+0700] {dagbag.py:587} INFO - Filling up the DagBag from /home/user/.local/lib/python3.10/site-packages/airflow/example_dags/example_skip_dag.py
[2024-08-22T11:13:37.377+0700] {processor.py:925} INFO - DAG(s) 'example_skip_dag' retrieved from /home/user/.local/lib/python3.10/site-packages/airflow/example_dags/example_skip_dag.py
[2024-08-22T11:13:37.397+0700] {logging_mixin.py:190} INFO - [2024-08-22T11:13:37.397+0700] {dag.py:3211} INFO - Sync 1 DAGs
[2024-08-22T11:13:37.414+0700] {logging_mixin.py:190} INFO - [2024-08-22T11:13:37.414+0700] {dag.py:4138} INFO - Setting next_dagrun for example_skip_dag to 2024-08-21 00:00:00+00:00, run_after=2024-08-22 00:00:00+00:00
[2024-08-22T11:13:37.433+0700] {processor.py:208} INFO - Processing /home/user/.local/lib/python3.10/site-packages/airflow/example_dags/example_skip_dag.py took 0.075 seconds
[2024-08-22T11:14:34.636+0700] {processor.py:186} INFO - Started process (PID=30920) to work on /home/user/.local/lib/python3.10/site-packages/airflow/example_dags/example_skip_dag.py
[2024-08-22T11:14:34.638+0700] {processor.py:914} INFO - Processing file /home/user/.local/lib/python3.10/site-packages/airflow/example_dags/example_skip_dag.py for tasks to queue
[2024-08-22T11:14:34.639+0700] {logging_mixin.py:190} INFO - [2024-08-22T11:14:34.639+0700] {dagbag.py:587} INFO - Filling up the DagBag from /home/user/.local/lib/python3.10/site-packages/airflow/example_dags/example_skip_dag.py
[2024-08-22T11:14:34.646+0700] {processor.py:925} INFO - DAG(s) 'example_skip_dag' retrieved from /home/user/.local/lib/python3.10/site-packages/airflow/example_dags/example_skip_dag.py
[2024-08-22T11:14:34.666+0700] {logging_mixin.py:190} INFO - [2024-08-22T11:14:34.666+0700] {dag.py:3211} INFO - Sync 1 DAGs
[2024-08-22T11:14:34.684+0700] {logging_mixin.py:190} INFO - [2024-08-22T11:14:34.684+0700] {dag.py:4138} INFO - Setting next_dagrun for example_skip_dag to 2024-08-21 00:00:00+00:00, run_after=2024-08-22 00:00:00+00:00
[2024-08-22T11:14:34.707+0700] {processor.py:208} INFO - Processing /home/user/.local/lib/python3.10/site-packages/airflow/example_dags/example_skip_dag.py took 0.078 seconds
[2024-08-22T11:15:33.818+0700] {processor.py:186} INFO - Started process (PID=31384) to work on /home/user/.local/lib/python3.10/site-packages/airflow/example_dags/example_skip_dag.py
[2024-08-22T11:15:33.820+0700] {processor.py:914} INFO - Processing file /home/user/.local/lib/python3.10/site-packages/airflow/example_dags/example_skip_dag.py for tasks to queue
[2024-08-22T11:15:33.822+0700] {logging_mixin.py:190} INFO - [2024-08-22T11:15:33.822+0700] {dagbag.py:587} INFO - Filling up the DagBag from /home/user/.local/lib/python3.10/site-packages/airflow/example_dags/example_skip_dag.py
[2024-08-22T11:15:33.828+0700] {processor.py:925} INFO - DAG(s) 'example_skip_dag' retrieved from /home/user/.local/lib/python3.10/site-packages/airflow/example_dags/example_skip_dag.py
[2024-08-22T11:15:33.843+0700] {logging_mixin.py:190} INFO - [2024-08-22T11:15:33.843+0700] {dag.py:3211} INFO - Sync 1 DAGs
[2024-08-22T11:15:33.861+0700] {logging_mixin.py:190} INFO - [2024-08-22T11:15:33.861+0700] {dag.py:4138} INFO - Setting next_dagrun for example_skip_dag to 2024-08-21 00:00:00+00:00, run_after=2024-08-22 00:00:00+00:00
[2024-08-22T11:15:33.884+0700] {processor.py:208} INFO - Processing /home/user/.local/lib/python3.10/site-packages/airflow/example_dags/example_skip_dag.py took 0.075 seconds
[2024-08-22T11:16:29.004+0700] {processor.py:186} INFO - Started process (PID=31862) to work on /home/user/.local/lib/python3.10/site-packages/airflow/example_dags/example_skip_dag.py
[2024-08-22T11:16:29.006+0700] {processor.py:914} INFO - Processing file /home/user/.local/lib/python3.10/site-packages/airflow/example_dags/example_skip_dag.py for tasks to queue
[2024-08-22T11:16:29.008+0700] {logging_mixin.py:190} INFO - [2024-08-22T11:16:29.007+0700] {dagbag.py:587} INFO - Filling up the DagBag from /home/user/.local/lib/python3.10/site-packages/airflow/example_dags/example_skip_dag.py
[2024-08-22T11:16:29.014+0700] {processor.py:925} INFO - DAG(s) 'example_skip_dag' retrieved from /home/user/.local/lib/python3.10/site-packages/airflow/example_dags/example_skip_dag.py
[2024-08-22T11:16:29.027+0700] {logging_mixin.py:190} INFO - [2024-08-22T11:16:29.026+0700] {dag.py:3211} INFO - Sync 1 DAGs
[2024-08-22T11:16:29.041+0700] {logging_mixin.py:190} INFO - [2024-08-22T11:16:29.041+0700] {dag.py:4138} INFO - Setting next_dagrun for example_skip_dag to 2024-08-21 00:00:00+00:00, run_after=2024-08-22 00:00:00+00:00
[2024-08-22T11:16:29.064+0700] {processor.py:208} INFO - Processing /home/user/.local/lib/python3.10/site-packages/airflow/example_dags/example_skip_dag.py took 0.064 seconds
[2024-08-22T11:16:40.981+0700] {processor.py:186} INFO - Started process (PID=31972) to work on /home/user/.local/lib/python3.10/site-packages/airflow/example_dags/example_skip_dag.py
[2024-08-22T11:16:40.983+0700] {processor.py:914} INFO - Processing file /home/user/.local/lib/python3.10/site-packages/airflow/example_dags/example_skip_dag.py for tasks to queue
[2024-08-22T11:16:40.993+0700] {logging_mixin.py:190} INFO - [2024-08-22T11:16:40.992+0700] {dagbag.py:587} INFO - Filling up the DagBag from /home/user/.local/lib/python3.10/site-packages/airflow/example_dags/example_skip_dag.py
[2024-08-22T11:16:41.008+0700] {processor.py:925} INFO - DAG(s) 'example_skip_dag' retrieved from /home/user/.local/lib/python3.10/site-packages/airflow/example_dags/example_skip_dag.py
[2024-08-22T11:16:41.031+0700] {logging_mixin.py:190} INFO - [2024-08-22T11:16:41.030+0700] {dag.py:3211} INFO - Sync 1 DAGs
[2024-08-22T11:16:41.054+0700] {logging_mixin.py:190} INFO - [2024-08-22T11:16:41.054+0700] {dag.py:4138} INFO - Setting next_dagrun for example_skip_dag to 2024-08-21 00:00:00+00:00, run_after=2024-08-22 00:00:00+00:00
[2024-08-22T11:16:41.097+0700] {processor.py:208} INFO - Processing /home/user/.local/lib/python3.10/site-packages/airflow/example_dags/example_skip_dag.py took 0.123 seconds
[2024-08-22T11:17:06.875+0700] {processor.py:186} INFO - Started process (PID=32136) to work on /home/user/.local/lib/python3.10/site-packages/airflow/example_dags/example_skip_dag.py
[2024-08-22T11:17:06.877+0700] {processor.py:914} INFO - Processing file /home/user/.local/lib/python3.10/site-packages/airflow/example_dags/example_skip_dag.py for tasks to queue
[2024-08-22T11:17:06.879+0700] {logging_mixin.py:190} INFO - [2024-08-22T11:17:06.878+0700] {dagbag.py:587} INFO - Filling up the DagBag from /home/user/.local/lib/python3.10/site-packages/airflow/example_dags/example_skip_dag.py
[2024-08-22T11:17:06.888+0700] {processor.py:925} INFO - DAG(s) 'example_skip_dag' retrieved from /home/user/.local/lib/python3.10/site-packages/airflow/example_dags/example_skip_dag.py
[2024-08-22T11:17:06.907+0700] {logging_mixin.py:190} INFO - [2024-08-22T11:17:06.906+0700] {dag.py:3211} INFO - Sync 1 DAGs
[2024-08-22T11:17:06.924+0700] {logging_mixin.py:190} INFO - [2024-08-22T11:17:06.924+0700] {dag.py:4138} INFO - Setting next_dagrun for example_skip_dag to 2024-08-21 00:00:00+00:00, run_after=2024-08-22 00:00:00+00:00
[2024-08-22T11:17:07.145+0700] {processor.py:208} INFO - Processing /home/user/.local/lib/python3.10/site-packages/airflow/example_dags/example_skip_dag.py took 0.276 seconds
[2024-08-22T11:18:05.241+0700] {processor.py:186} INFO - Started process (PID=32608) to work on /home/user/.local/lib/python3.10/site-packages/airflow/example_dags/example_skip_dag.py
[2024-08-22T11:18:05.242+0700] {processor.py:914} INFO - Processing file /home/user/.local/lib/python3.10/site-packages/airflow/example_dags/example_skip_dag.py for tasks to queue
[2024-08-22T11:18:05.244+0700] {logging_mixin.py:190} INFO - [2024-08-22T11:18:05.244+0700] {dagbag.py:587} INFO - Filling up the DagBag from /home/user/.local/lib/python3.10/site-packages/airflow/example_dags/example_skip_dag.py
[2024-08-22T11:18:05.250+0700] {processor.py:925} INFO - DAG(s) 'example_skip_dag' retrieved from /home/user/.local/lib/python3.10/site-packages/airflow/example_dags/example_skip_dag.py
[2024-08-22T11:18:05.263+0700] {logging_mixin.py:190} INFO - [2024-08-22T11:18:05.263+0700] {dag.py:3211} INFO - Sync 1 DAGs
[2024-08-22T11:18:05.283+0700] {logging_mixin.py:190} INFO - [2024-08-22T11:18:05.283+0700] {dag.py:4138} INFO - Setting next_dagrun for example_skip_dag to 2024-08-21 00:00:00+00:00, run_after=2024-08-22 00:00:00+00:00
[2024-08-22T11:18:05.303+0700] {processor.py:208} INFO - Processing /home/user/.local/lib/python3.10/site-packages/airflow/example_dags/example_skip_dag.py took 0.067 seconds
[2024-08-22T11:18:58.721+0700] {processor.py:186} INFO - Started process (PID=33028) to work on /home/user/.local/lib/python3.10/site-packages/airflow/example_dags/example_skip_dag.py
[2024-08-22T11:18:58.722+0700] {processor.py:914} INFO - Processing file /home/user/.local/lib/python3.10/site-packages/airflow/example_dags/example_skip_dag.py for tasks to queue
[2024-08-22T11:18:58.724+0700] {logging_mixin.py:190} INFO - [2024-08-22T11:18:58.724+0700] {dagbag.py:587} INFO - Filling up the DagBag from /home/user/.local/lib/python3.10/site-packages/airflow/example_dags/example_skip_dag.py
[2024-08-22T11:18:58.731+0700] {processor.py:925} INFO - DAG(s) 'example_skip_dag' retrieved from /home/user/.local/lib/python3.10/site-packages/airflow/example_dags/example_skip_dag.py
[2024-08-22T11:18:58.750+0700] {logging_mixin.py:190} INFO - [2024-08-22T11:18:58.750+0700] {dag.py:3211} INFO - Sync 1 DAGs
[2024-08-22T11:18:58.765+0700] {logging_mixin.py:190} INFO - [2024-08-22T11:18:58.765+0700] {dag.py:4138} INFO - Setting next_dagrun for example_skip_dag to 2024-08-21 00:00:00+00:00, run_after=2024-08-22 00:00:00+00:00
[2024-08-22T11:18:58.789+0700] {processor.py:208} INFO - Processing /home/user/.local/lib/python3.10/site-packages/airflow/example_dags/example_skip_dag.py took 0.073 seconds
[2024-08-22T11:20:02.936+0700] {processor.py:186} INFO - Started process (PID=33537) to work on /home/user/.local/lib/python3.10/site-packages/airflow/example_dags/example_skip_dag.py
[2024-08-22T11:20:02.938+0700] {processor.py:914} INFO - Processing file /home/user/.local/lib/python3.10/site-packages/airflow/example_dags/example_skip_dag.py for tasks to queue
[2024-08-22T11:20:02.941+0700] {logging_mixin.py:190} INFO - [2024-08-22T11:20:02.940+0700] {dagbag.py:587} INFO - Filling up the DagBag from /home/user/.local/lib/python3.10/site-packages/airflow/example_dags/example_skip_dag.py
[2024-08-22T11:20:02.947+0700] {processor.py:925} INFO - DAG(s) 'example_skip_dag' retrieved from /home/user/.local/lib/python3.10/site-packages/airflow/example_dags/example_skip_dag.py
[2024-08-22T11:20:02.960+0700] {logging_mixin.py:190} INFO - [2024-08-22T11:20:02.960+0700] {dag.py:3211} INFO - Sync 1 DAGs
[2024-08-22T11:20:02.974+0700] {logging_mixin.py:190} INFO - [2024-08-22T11:20:02.974+0700] {dag.py:4138} INFO - Setting next_dagrun for example_skip_dag to 2024-08-21 00:00:00+00:00, run_after=2024-08-22 00:00:00+00:00
[2024-08-22T11:20:02.994+0700] {processor.py:208} INFO - Processing /home/user/.local/lib/python3.10/site-packages/airflow/example_dags/example_skip_dag.py took 0.063 seconds
[2024-08-22T11:21:01.881+0700] {processor.py:186} INFO - Started process (PID=33998) to work on /home/user/.local/lib/python3.10/site-packages/airflow/example_dags/example_skip_dag.py
[2024-08-22T11:21:01.882+0700] {processor.py:914} INFO - Processing file /home/user/.local/lib/python3.10/site-packages/airflow/example_dags/example_skip_dag.py for tasks to queue
[2024-08-22T11:21:01.886+0700] {logging_mixin.py:190} INFO - [2024-08-22T11:21:01.886+0700] {dagbag.py:587} INFO - Filling up the DagBag from /home/user/.local/lib/python3.10/site-packages/airflow/example_dags/example_skip_dag.py
[2024-08-22T11:21:01.894+0700] {processor.py:925} INFO - DAG(s) 'example_skip_dag' retrieved from /home/user/.local/lib/python3.10/site-packages/airflow/example_dags/example_skip_dag.py
[2024-08-22T11:21:01.922+0700] {logging_mixin.py:190} INFO - [2024-08-22T11:21:01.922+0700] {dag.py:3211} INFO - Sync 1 DAGs
[2024-08-22T11:21:01.955+0700] {logging_mixin.py:190} INFO - [2024-08-22T11:21:01.954+0700] {dag.py:4138} INFO - Setting next_dagrun for example_skip_dag to 2024-08-21 00:00:00+00:00, run_after=2024-08-22 00:00:00+00:00
[2024-08-22T11:21:01.982+0700] {processor.py:208} INFO - Processing /home/user/.local/lib/python3.10/site-packages/airflow/example_dags/example_skip_dag.py took 0.109 seconds
[2024-08-22T11:22:03.622+0700] {processor.py:186} INFO - Started process (PID=34490) to work on /home/user/.local/lib/python3.10/site-packages/airflow/example_dags/example_skip_dag.py
[2024-08-22T11:22:03.623+0700] {processor.py:914} INFO - Processing file /home/user/.local/lib/python3.10/site-packages/airflow/example_dags/example_skip_dag.py for tasks to queue
[2024-08-22T11:22:03.627+0700] {logging_mixin.py:190} INFO - [2024-08-22T11:22:03.626+0700] {dagbag.py:587} INFO - Filling up the DagBag from /home/user/.local/lib/python3.10/site-packages/airflow/example_dags/example_skip_dag.py
[2024-08-22T11:22:03.635+0700] {processor.py:925} INFO - DAG(s) 'example_skip_dag' retrieved from /home/user/.local/lib/python3.10/site-packages/airflow/example_dags/example_skip_dag.py
[2024-08-22T11:22:03.651+0700] {logging_mixin.py:190} INFO - [2024-08-22T11:22:03.651+0700] {dag.py:3211} INFO - Sync 1 DAGs
[2024-08-22T11:22:03.669+0700] {logging_mixin.py:190} INFO - [2024-08-22T11:22:03.668+0700] {dag.py:4138} INFO - Setting next_dagrun for example_skip_dag to 2024-08-21 00:00:00+00:00, run_after=2024-08-22 00:00:00+00:00
[2024-08-22T11:22:03.690+0700] {processor.py:208} INFO - Processing /home/user/.local/lib/python3.10/site-packages/airflow/example_dags/example_skip_dag.py took 0.073 seconds
[2024-08-22T11:22:45.601+0700] {processor.py:186} INFO - Started process (PID=34815) to work on /home/user/.local/lib/python3.10/site-packages/airflow/example_dags/example_skip_dag.py
[2024-08-22T11:22:45.602+0700] {processor.py:914} INFO - Processing file /home/user/.local/lib/python3.10/site-packages/airflow/example_dags/example_skip_dag.py for tasks to queue
[2024-08-22T11:22:45.605+0700] {logging_mixin.py:190} INFO - [2024-08-22T11:22:45.605+0700] {dagbag.py:587} INFO - Filling up the DagBag from /home/user/.local/lib/python3.10/site-packages/airflow/example_dags/example_skip_dag.py
[2024-08-22T11:22:45.612+0700] {processor.py:925} INFO - DAG(s) 'example_skip_dag' retrieved from /home/user/.local/lib/python3.10/site-packages/airflow/example_dags/example_skip_dag.py
[2024-08-22T11:22:45.625+0700] {logging_mixin.py:190} INFO - [2024-08-22T11:22:45.625+0700] {dag.py:3211} INFO - Sync 1 DAGs
[2024-08-22T11:22:45.641+0700] {logging_mixin.py:190} INFO - [2024-08-22T11:22:45.641+0700] {dag.py:4138} INFO - Setting next_dagrun for example_skip_dag to 2024-08-21 00:00:00+00:00, run_after=2024-08-22 00:00:00+00:00
[2024-08-22T11:22:45.662+0700] {processor.py:208} INFO - Processing /home/user/.local/lib/python3.10/site-packages/airflow/example_dags/example_skip_dag.py took 0.066 seconds
[2024-08-22T11:23:41.609+0700] {processor.py:186} INFO - Started process (PID=35281) to work on /home/user/.local/lib/python3.10/site-packages/airflow/example_dags/example_skip_dag.py
[2024-08-22T11:23:41.610+0700] {processor.py:914} INFO - Processing file /home/user/.local/lib/python3.10/site-packages/airflow/example_dags/example_skip_dag.py for tasks to queue
[2024-08-22T11:23:41.612+0700] {logging_mixin.py:190} INFO - [2024-08-22T11:23:41.611+0700] {dagbag.py:587} INFO - Filling up the DagBag from /home/user/.local/lib/python3.10/site-packages/airflow/example_dags/example_skip_dag.py
[2024-08-22T11:23:41.619+0700] {processor.py:925} INFO - DAG(s) 'example_skip_dag' retrieved from /home/user/.local/lib/python3.10/site-packages/airflow/example_dags/example_skip_dag.py
[2024-08-22T11:23:41.635+0700] {logging_mixin.py:190} INFO - [2024-08-22T11:23:41.635+0700] {dag.py:3211} INFO - Sync 1 DAGs
[2024-08-22T11:23:41.650+0700] {logging_mixin.py:190} INFO - [2024-08-22T11:23:41.650+0700] {dag.py:4138} INFO - Setting next_dagrun for example_skip_dag to 2024-08-21 00:00:00+00:00, run_after=2024-08-22 00:00:00+00:00
[2024-08-22T11:23:41.667+0700] {processor.py:208} INFO - Processing /home/user/.local/lib/python3.10/site-packages/airflow/example_dags/example_skip_dag.py took 0.063 seconds
[2024-08-22T11:24:42.961+0700] {processor.py:186} INFO - Started process (PID=35892) to work on /home/user/.local/lib/python3.10/site-packages/airflow/example_dags/example_skip_dag.py
[2024-08-22T11:24:42.979+0700] {processor.py:914} INFO - Processing file /home/user/.local/lib/python3.10/site-packages/airflow/example_dags/example_skip_dag.py for tasks to queue
[2024-08-22T11:24:42.983+0700] {logging_mixin.py:190} INFO - [2024-08-22T11:24:42.982+0700] {dagbag.py:587} INFO - Filling up the DagBag from /home/user/.local/lib/python3.10/site-packages/airflow/example_dags/example_skip_dag.py
[2024-08-22T11:24:42.991+0700] {processor.py:925} INFO - DAG(s) 'example_skip_dag' retrieved from /home/user/.local/lib/python3.10/site-packages/airflow/example_dags/example_skip_dag.py
[2024-08-22T11:24:43.008+0700] {logging_mixin.py:190} INFO - [2024-08-22T11:24:43.008+0700] {dag.py:3211} INFO - Sync 1 DAGs
[2024-08-22T11:24:43.027+0700] {logging_mixin.py:190} INFO - [2024-08-22T11:24:43.027+0700] {dag.py:4138} INFO - Setting next_dagrun for example_skip_dag to 2024-08-21 00:00:00+00:00, run_after=2024-08-22 00:00:00+00:00
[2024-08-22T11:24:43.050+0700] {processor.py:208} INFO - Processing /home/user/.local/lib/python3.10/site-packages/airflow/example_dags/example_skip_dag.py took 0.094 seconds
[2024-08-22T11:25:43.143+0700] {processor.py:186} INFO - Started process (PID=36500) to work on /home/user/.local/lib/python3.10/site-packages/airflow/example_dags/example_skip_dag.py
[2024-08-22T11:25:43.144+0700] {processor.py:914} INFO - Processing file /home/user/.local/lib/python3.10/site-packages/airflow/example_dags/example_skip_dag.py for tasks to queue
[2024-08-22T11:25:43.146+0700] {logging_mixin.py:190} INFO - [2024-08-22T11:25:43.146+0700] {dagbag.py:587} INFO - Filling up the DagBag from /home/user/.local/lib/python3.10/site-packages/airflow/example_dags/example_skip_dag.py
[2024-08-22T11:25:43.153+0700] {processor.py:925} INFO - DAG(s) 'example_skip_dag' retrieved from /home/user/.local/lib/python3.10/site-packages/airflow/example_dags/example_skip_dag.py
[2024-08-22T11:25:43.166+0700] {logging_mixin.py:190} INFO - [2024-08-22T11:25:43.166+0700] {dag.py:3211} INFO - Sync 1 DAGs
[2024-08-22T11:25:43.180+0700] {logging_mixin.py:190} INFO - [2024-08-22T11:25:43.180+0700] {dag.py:4138} INFO - Setting next_dagrun for example_skip_dag to 2024-08-21 00:00:00+00:00, run_after=2024-08-22 00:00:00+00:00
[2024-08-22T11:25:43.197+0700] {processor.py:208} INFO - Processing /home/user/.local/lib/python3.10/site-packages/airflow/example_dags/example_skip_dag.py took 0.065 seconds
[2024-08-22T11:26:53.011+0700] {processor.py:186} INFO - Started process (PID=37144) to work on /home/user/.local/lib/python3.10/site-packages/airflow/example_dags/example_skip_dag.py
[2024-08-22T11:26:53.013+0700] {processor.py:914} INFO - Processing file /home/user/.local/lib/python3.10/site-packages/airflow/example_dags/example_skip_dag.py for tasks to queue
[2024-08-22T11:26:53.014+0700] {logging_mixin.py:190} INFO - [2024-08-22T11:26:53.013+0700] {dagbag.py:587} INFO - Filling up the DagBag from /home/user/.local/lib/python3.10/site-packages/airflow/example_dags/example_skip_dag.py
[2024-08-22T11:26:53.022+0700] {processor.py:925} INFO - DAG(s) 'example_skip_dag' retrieved from /home/user/.local/lib/python3.10/site-packages/airflow/example_dags/example_skip_dag.py
[2024-08-22T11:26:53.038+0700] {logging_mixin.py:190} INFO - [2024-08-22T11:26:53.038+0700] {dag.py:3211} INFO - Sync 1 DAGs
[2024-08-22T11:26:53.053+0700] {logging_mixin.py:190} INFO - [2024-08-22T11:26:53.053+0700] {dag.py:4138} INFO - Setting next_dagrun for example_skip_dag to 2024-08-21 00:00:00+00:00, run_after=2024-08-22 00:00:00+00:00
[2024-08-22T11:26:53.106+0700] {processor.py:208} INFO - Processing /home/user/.local/lib/python3.10/site-packages/airflow/example_dags/example_skip_dag.py took 0.100 seconds
[2024-08-22T11:27:51.180+0700] {processor.py:186} INFO - Started process (PID=37595) to work on /home/user/.local/lib/python3.10/site-packages/airflow/example_dags/example_skip_dag.py
[2024-08-22T11:27:51.181+0700] {processor.py:914} INFO - Processing file /home/user/.local/lib/python3.10/site-packages/airflow/example_dags/example_skip_dag.py for tasks to queue
[2024-08-22T11:27:51.182+0700] {logging_mixin.py:190} INFO - [2024-08-22T11:27:51.182+0700] {dagbag.py:587} INFO - Filling up the DagBag from /home/user/.local/lib/python3.10/site-packages/airflow/example_dags/example_skip_dag.py
[2024-08-22T11:27:51.190+0700] {processor.py:925} INFO - DAG(s) 'example_skip_dag' retrieved from /home/user/.local/lib/python3.10/site-packages/airflow/example_dags/example_skip_dag.py
[2024-08-22T11:27:51.204+0700] {logging_mixin.py:190} INFO - [2024-08-22T11:27:51.204+0700] {dag.py:3211} INFO - Sync 1 DAGs
[2024-08-22T11:27:51.219+0700] {logging_mixin.py:190} INFO - [2024-08-22T11:27:51.219+0700] {dag.py:4138} INFO - Setting next_dagrun for example_skip_dag to 2024-08-21 00:00:00+00:00, run_after=2024-08-22 00:00:00+00:00
[2024-08-22T11:27:51.237+0700] {processor.py:208} INFO - Processing /home/user/.local/lib/python3.10/site-packages/airflow/example_dags/example_skip_dag.py took 0.062 seconds
[2024-08-22T11:28:30.525+0700] {processor.py:186} INFO - Started process (PID=37905) to work on /home/user/.local/lib/python3.10/site-packages/airflow/example_dags/example_skip_dag.py
[2024-08-22T11:28:30.528+0700] {processor.py:914} INFO - Processing file /home/user/.local/lib/python3.10/site-packages/airflow/example_dags/example_skip_dag.py for tasks to queue
[2024-08-22T11:28:30.530+0700] {logging_mixin.py:190} INFO - [2024-08-22T11:28:30.529+0700] {dagbag.py:587} INFO - Filling up the DagBag from /home/user/.local/lib/python3.10/site-packages/airflow/example_dags/example_skip_dag.py
[2024-08-22T11:28:30.538+0700] {processor.py:925} INFO - DAG(s) 'example_skip_dag' retrieved from /home/user/.local/lib/python3.10/site-packages/airflow/example_dags/example_skip_dag.py
[2024-08-22T11:28:30.557+0700] {logging_mixin.py:190} INFO - [2024-08-22T11:28:30.556+0700] {dag.py:3211} INFO - Sync 1 DAGs
[2024-08-22T11:28:30.578+0700] {logging_mixin.py:190} INFO - [2024-08-22T11:28:30.578+0700] {dag.py:4138} INFO - Setting next_dagrun for example_skip_dag to 2024-08-21 00:00:00+00:00, run_after=2024-08-22 00:00:00+00:00
[2024-08-22T11:28:30.602+0700] {processor.py:208} INFO - Processing /home/user/.local/lib/python3.10/site-packages/airflow/example_dags/example_skip_dag.py took 0.082 seconds
[2024-08-22T11:29:56.466+0700] {processor.py:186} INFO - Started process (PID=38640) to work on /home/user/.local/lib/python3.10/site-packages/airflow/example_dags/example_skip_dag.py
[2024-08-22T11:29:56.467+0700] {processor.py:914} INFO - Processing file /home/user/.local/lib/python3.10/site-packages/airflow/example_dags/example_skip_dag.py for tasks to queue
[2024-08-22T11:29:56.468+0700] {logging_mixin.py:190} INFO - [2024-08-22T11:29:56.468+0700] {dagbag.py:587} INFO - Filling up the DagBag from /home/user/.local/lib/python3.10/site-packages/airflow/example_dags/example_skip_dag.py
[2024-08-22T11:29:56.475+0700] {processor.py:925} INFO - DAG(s) 'example_skip_dag' retrieved from /home/user/.local/lib/python3.10/site-packages/airflow/example_dags/example_skip_dag.py
[2024-08-22T11:29:56.489+0700] {logging_mixin.py:190} INFO - [2024-08-22T11:29:56.488+0700] {dag.py:3211} INFO - Sync 1 DAGs
[2024-08-22T11:29:56.502+0700] {logging_mixin.py:190} INFO - [2024-08-22T11:29:56.502+0700] {dag.py:4138} INFO - Setting next_dagrun for example_skip_dag to 2024-08-21 00:00:00+00:00, run_after=2024-08-22 00:00:00+00:00
[2024-08-22T11:29:56.519+0700] {processor.py:208} INFO - Processing /home/user/.local/lib/python3.10/site-packages/airflow/example_dags/example_skip_dag.py took 0.058 seconds
[2024-08-22T11:30:40.423+0700] {processor.py:186} INFO - Started process (PID=38972) to work on /home/user/.local/lib/python3.10/site-packages/airflow/example_dags/example_skip_dag.py
[2024-08-22T11:30:40.425+0700] {processor.py:914} INFO - Processing file /home/user/.local/lib/python3.10/site-packages/airflow/example_dags/example_skip_dag.py for tasks to queue
[2024-08-22T11:30:40.427+0700] {logging_mixin.py:190} INFO - [2024-08-22T11:30:40.426+0700] {dagbag.py:587} INFO - Filling up the DagBag from /home/user/.local/lib/python3.10/site-packages/airflow/example_dags/example_skip_dag.py
[2024-08-22T11:30:40.435+0700] {processor.py:925} INFO - DAG(s) 'example_skip_dag' retrieved from /home/user/.local/lib/python3.10/site-packages/airflow/example_dags/example_skip_dag.py
[2024-08-22T11:30:40.450+0700] {logging_mixin.py:190} INFO - [2024-08-22T11:30:40.450+0700] {dag.py:3211} INFO - Sync 1 DAGs
[2024-08-22T11:30:40.466+0700] {logging_mixin.py:190} INFO - [2024-08-22T11:30:40.466+0700] {dag.py:4138} INFO - Setting next_dagrun for example_skip_dag to 2024-08-21 00:00:00+00:00, run_after=2024-08-22 00:00:00+00:00
[2024-08-22T11:30:40.487+0700] {processor.py:208} INFO - Processing /home/user/.local/lib/python3.10/site-packages/airflow/example_dags/example_skip_dag.py took 0.070 seconds
[2024-08-22T11:31:37.666+0700] {processor.py:186} INFO - Started process (PID=39256) to work on /home/user/.local/lib/python3.10/site-packages/airflow/example_dags/example_skip_dag.py
[2024-08-22T11:31:37.668+0700] {processor.py:914} INFO - Processing file /home/user/.local/lib/python3.10/site-packages/airflow/example_dags/example_skip_dag.py for tasks to queue
[2024-08-22T11:31:37.669+0700] {logging_mixin.py:190} INFO - [2024-08-22T11:31:37.668+0700] {dagbag.py:587} INFO - Filling up the DagBag from /home/user/.local/lib/python3.10/site-packages/airflow/example_dags/example_skip_dag.py
[2024-08-22T11:31:37.678+0700] {processor.py:925} INFO - DAG(s) 'example_skip_dag' retrieved from /home/user/.local/lib/python3.10/site-packages/airflow/example_dags/example_skip_dag.py
[2024-08-22T11:31:37.695+0700] {logging_mixin.py:190} INFO - [2024-08-22T11:31:37.695+0700] {dag.py:3211} INFO - Sync 1 DAGs
[2024-08-22T11:31:37.718+0700] {logging_mixin.py:190} INFO - [2024-08-22T11:31:37.717+0700] {dag.py:4138} INFO - Setting next_dagrun for example_skip_dag to 2024-08-21 00:00:00+00:00, run_after=2024-08-22 00:00:00+00:00
[2024-08-22T11:31:37.743+0700] {processor.py:208} INFO - Processing /home/user/.local/lib/python3.10/site-packages/airflow/example_dags/example_skip_dag.py took 0.081 seconds
