[2024-08-22T10:43:08.074+0700] {processor.py:186} INFO - Started process (PID=15344) to work on /home/user/.local/lib/python3.10/site-packages/airflow/example_dags/example_branch_operator_decorator.py
[2024-08-22T10:43:08.075+0700] {processor.py:914} INFO - Processing file /home/user/.local/lib/python3.10/site-packages/airflow/example_dags/example_branch_operator_decorator.py for tasks to queue
[2024-08-22T10:43:08.077+0700] {logging_mixin.py:190} INFO - [2024-08-22T10:43:08.076+0700] {dagbag.py:587} INFO - Filling up the DagBag from /home/user/.local/lib/python3.10/site-packages/airflow/example_dags/example_branch_operator_decorator.py
[2024-08-22T10:43:08.118+0700] {processor.py:927} WARNING - No viable dags retrieved from /home/user/.local/lib/python3.10/site-packages/airflow/example_dags/example_branch_operator_decorator.py
[2024-08-22T10:43:08.127+0700] {processor.py:208} INFO - Processing /home/user/.local/lib/python3.10/site-packages/airflow/example_dags/example_branch_operator_decorator.py took 0.058 seconds
[2024-08-22T10:48:44.590+0700] {processor.py:186} INFO - Started process (PID=17678) to work on /home/user/.local/lib/python3.10/site-packages/airflow/example_dags/example_branch_operator_decorator.py
[2024-08-22T10:48:44.594+0700] {processor.py:914} INFO - Processing file /home/user/.local/lib/python3.10/site-packages/airflow/example_dags/example_branch_operator_decorator.py for tasks to queue
[2024-08-22T10:48:44.601+0700] {logging_mixin.py:190} INFO - [2024-08-22T10:48:44.599+0700] {dagbag.py:587} INFO - Filling up the DagBag from /home/user/.local/lib/python3.10/site-packages/airflow/example_dags/example_branch_operator_decorator.py
[2024-08-22T10:48:44.635+0700] {processor.py:927} WARNING - No viable dags retrieved from /home/user/.local/lib/python3.10/site-packages/airflow/example_dags/example_branch_operator_decorator.py
[2024-08-22T10:48:44.657+0700] {processor.py:208} INFO - Processing /home/user/.local/lib/python3.10/site-packages/airflow/example_dags/example_branch_operator_decorator.py took 0.086 seconds
[2024-08-22T10:55:23.861+0700] {processor.py:186} INFO - Started process (PID=21320) to work on /home/user/.local/lib/python3.10/site-packages/airflow/example_dags/example_branch_operator_decorator.py
[2024-08-22T10:55:23.863+0700] {processor.py:914} INFO - Processing file /home/user/.local/lib/python3.10/site-packages/airflow/example_dags/example_branch_operator_decorator.py for tasks to queue
[2024-08-22T10:55:23.866+0700] {logging_mixin.py:190} INFO - [2024-08-22T10:55:23.866+0700] {dagbag.py:587} INFO - Filling up the DagBag from /home/user/.local/lib/python3.10/site-packages/airflow/example_dags/example_branch_operator_decorator.py
[2024-08-22T10:55:23.892+0700] {processor.py:927} WARNING - No viable dags retrieved from /home/user/.local/lib/python3.10/site-packages/airflow/example_dags/example_branch_operator_decorator.py
[2024-08-22T10:55:23.900+0700] {processor.py:208} INFO - Processing /home/user/.local/lib/python3.10/site-packages/airflow/example_dags/example_branch_operator_decorator.py took 0.044 seconds
[2024-08-22T10:56:33.883+0700] {processor.py:186} INFO - Started process (PID=21884) to work on /home/user/.local/lib/python3.10/site-packages/airflow/example_dags/example_branch_operator_decorator.py
[2024-08-22T10:56:33.884+0700] {processor.py:914} INFO - Processing file /home/user/.local/lib/python3.10/site-packages/airflow/example_dags/example_branch_operator_decorator.py for tasks to queue
[2024-08-22T10:56:33.886+0700] {logging_mixin.py:190} INFO - [2024-08-22T10:56:33.886+0700] {dagbag.py:587} INFO - Filling up the DagBag from /home/user/.local/lib/python3.10/site-packages/airflow/example_dags/example_branch_operator_decorator.py
[2024-08-22T10:56:33.921+0700] {processor.py:927} WARNING - No viable dags retrieved from /home/user/.local/lib/python3.10/site-packages/airflow/example_dags/example_branch_operator_decorator.py
[2024-08-22T10:56:33.931+0700] {processor.py:208} INFO - Processing /home/user/.local/lib/python3.10/site-packages/airflow/example_dags/example_branch_operator_decorator.py took 0.053 seconds
[2024-08-22T10:57:40.251+0700] {processor.py:186} INFO - Started process (PID=22520) to work on /home/user/.local/lib/python3.10/site-packages/airflow/example_dags/example_branch_operator_decorator.py
[2024-08-22T10:57:40.252+0700] {processor.py:914} INFO - Processing file /home/user/.local/lib/python3.10/site-packages/airflow/example_dags/example_branch_operator_decorator.py for tasks to queue
[2024-08-22T10:57:40.255+0700] {logging_mixin.py:190} INFO - [2024-08-22T10:57:40.254+0700] {dagbag.py:587} INFO - Filling up the DagBag from /home/user/.local/lib/python3.10/site-packages/airflow/example_dags/example_branch_operator_decorator.py
[2024-08-22T10:57:40.281+0700] {processor.py:927} WARNING - No viable dags retrieved from /home/user/.local/lib/python3.10/site-packages/airflow/example_dags/example_branch_operator_decorator.py
[2024-08-22T10:57:40.290+0700] {processor.py:208} INFO - Processing /home/user/.local/lib/python3.10/site-packages/airflow/example_dags/example_branch_operator_decorator.py took 0.044 seconds
[2024-08-22T10:58:51.982+0700] {processor.py:186} INFO - Started process (PID=23287) to work on /home/user/.local/lib/python3.10/site-packages/airflow/example_dags/example_branch_operator_decorator.py
[2024-08-22T10:58:51.983+0700] {processor.py:914} INFO - Processing file /home/user/.local/lib/python3.10/site-packages/airflow/example_dags/example_branch_operator_decorator.py for tasks to queue
[2024-08-22T10:58:51.985+0700] {logging_mixin.py:190} INFO - [2024-08-22T10:58:51.985+0700] {dagbag.py:587} INFO - Filling up the DagBag from /home/user/.local/lib/python3.10/site-packages/airflow/example_dags/example_branch_operator_decorator.py
[2024-08-22T10:58:52.030+0700] {processor.py:927} WARNING - No viable dags retrieved from /home/user/.local/lib/python3.10/site-packages/airflow/example_dags/example_branch_operator_decorator.py
[2024-08-22T10:58:52.042+0700] {processor.py:208} INFO - Processing /home/user/.local/lib/python3.10/site-packages/airflow/example_dags/example_branch_operator_decorator.py took 0.065 seconds
[2024-08-22T10:59:52.466+0700] {processor.py:186} INFO - Started process (PID=23785) to work on /home/user/.local/lib/python3.10/site-packages/airflow/example_dags/example_branch_operator_decorator.py
[2024-08-22T10:59:52.467+0700] {processor.py:914} INFO - Processing file /home/user/.local/lib/python3.10/site-packages/airflow/example_dags/example_branch_operator_decorator.py for tasks to queue
[2024-08-22T10:59:52.469+0700] {logging_mixin.py:190} INFO - [2024-08-22T10:59:52.469+0700] {dagbag.py:587} INFO - Filling up the DagBag from /home/user/.local/lib/python3.10/site-packages/airflow/example_dags/example_branch_operator_decorator.py
[2024-08-22T10:59:52.501+0700] {processor.py:927} WARNING - No viable dags retrieved from /home/user/.local/lib/python3.10/site-packages/airflow/example_dags/example_branch_operator_decorator.py
[2024-08-22T10:59:52.511+0700] {processor.py:208} INFO - Processing /home/user/.local/lib/python3.10/site-packages/airflow/example_dags/example_branch_operator_decorator.py took 0.052 seconds
[2024-08-22T11:00:49.156+0700] {processor.py:186} INFO - Started process (PID=24236) to work on /home/user/.local/lib/python3.10/site-packages/airflow/example_dags/example_branch_operator_decorator.py
[2024-08-22T11:00:49.157+0700] {processor.py:914} INFO - Processing file /home/user/.local/lib/python3.10/site-packages/airflow/example_dags/example_branch_operator_decorator.py for tasks to queue
[2024-08-22T11:00:49.159+0700] {logging_mixin.py:190} INFO - [2024-08-22T11:00:49.159+0700] {dagbag.py:587} INFO - Filling up the DagBag from /home/user/.local/lib/python3.10/site-packages/airflow/example_dags/example_branch_operator_decorator.py
[2024-08-22T11:00:49.184+0700] {processor.py:927} WARNING - No viable dags retrieved from /home/user/.local/lib/python3.10/site-packages/airflow/example_dags/example_branch_operator_decorator.py
[2024-08-22T11:00:49.192+0700] {processor.py:208} INFO - Processing /home/user/.local/lib/python3.10/site-packages/airflow/example_dags/example_branch_operator_decorator.py took 0.040 seconds
[2024-08-22T11:01:48.515+0700] {processor.py:186} INFO - Started process (PID=24711) to work on /home/user/.local/lib/python3.10/site-packages/airflow/example_dags/example_branch_operator_decorator.py
[2024-08-22T11:01:48.517+0700] {processor.py:914} INFO - Processing file /home/user/.local/lib/python3.10/site-packages/airflow/example_dags/example_branch_operator_decorator.py for tasks to queue
[2024-08-22T11:01:48.519+0700] {logging_mixin.py:190} INFO - [2024-08-22T11:01:48.519+0700] {dagbag.py:587} INFO - Filling up the DagBag from /home/user/.local/lib/python3.10/site-packages/airflow/example_dags/example_branch_operator_decorator.py
[2024-08-22T11:01:48.547+0700] {processor.py:927} WARNING - No viable dags retrieved from /home/user/.local/lib/python3.10/site-packages/airflow/example_dags/example_branch_operator_decorator.py
[2024-08-22T11:01:48.559+0700] {processor.py:208} INFO - Processing /home/user/.local/lib/python3.10/site-packages/airflow/example_dags/example_branch_operator_decorator.py took 0.053 seconds
[2024-08-22T11:02:51.001+0700] {processor.py:186} INFO - Started process (PID=25204) to work on /home/user/.local/lib/python3.10/site-packages/airflow/example_dags/example_branch_operator_decorator.py
[2024-08-22T11:02:51.003+0700] {processor.py:914} INFO - Processing file /home/user/.local/lib/python3.10/site-packages/airflow/example_dags/example_branch_operator_decorator.py for tasks to queue
[2024-08-22T11:02:51.004+0700] {logging_mixin.py:190} INFO - [2024-08-22T11:02:51.004+0700] {dagbag.py:587} INFO - Filling up the DagBag from /home/user/.local/lib/python3.10/site-packages/airflow/example_dags/example_branch_operator_decorator.py
[2024-08-22T11:02:51.030+0700] {processor.py:927} WARNING - No viable dags retrieved from /home/user/.local/lib/python3.10/site-packages/airflow/example_dags/example_branch_operator_decorator.py
[2024-08-22T11:02:51.039+0700] {processor.py:208} INFO - Processing /home/user/.local/lib/python3.10/site-packages/airflow/example_dags/example_branch_operator_decorator.py took 0.042 seconds
[2024-08-22T11:03:53.887+0700] {processor.py:186} INFO - Started process (PID=25895) to work on /home/user/.local/lib/python3.10/site-packages/airflow/example_dags/example_branch_operator_decorator.py
[2024-08-22T11:03:53.889+0700] {processor.py:914} INFO - Processing file /home/user/.local/lib/python3.10/site-packages/airflow/example_dags/example_branch_operator_decorator.py for tasks to queue
[2024-08-22T11:03:53.891+0700] {logging_mixin.py:190} INFO - [2024-08-22T11:03:53.890+0700] {dagbag.py:587} INFO - Filling up the DagBag from /home/user/.local/lib/python3.10/site-packages/airflow/example_dags/example_branch_operator_decorator.py
[2024-08-22T11:03:53.919+0700] {processor.py:927} WARNING - No viable dags retrieved from /home/user/.local/lib/python3.10/site-packages/airflow/example_dags/example_branch_operator_decorator.py
[2024-08-22T11:03:53.929+0700] {processor.py:208} INFO - Processing /home/user/.local/lib/python3.10/site-packages/airflow/example_dags/example_branch_operator_decorator.py took 0.046 seconds
[2024-08-22T11:05:29.003+0700] {processor.py:186} INFO - Started process (PID=26530) to work on /home/user/.local/lib/python3.10/site-packages/airflow/example_dags/example_branch_operator_decorator.py
[2024-08-22T11:05:29.004+0700] {processor.py:914} INFO - Processing file /home/user/.local/lib/python3.10/site-packages/airflow/example_dags/example_branch_operator_decorator.py for tasks to queue
[2024-08-22T11:05:29.006+0700] {logging_mixin.py:190} INFO - [2024-08-22T11:05:29.006+0700] {dagbag.py:587} INFO - Filling up the DagBag from /home/user/.local/lib/python3.10/site-packages/airflow/example_dags/example_branch_operator_decorator.py
[2024-08-22T11:05:29.030+0700] {processor.py:927} WARNING - No viable dags retrieved from /home/user/.local/lib/python3.10/site-packages/airflow/example_dags/example_branch_operator_decorator.py
[2024-08-22T11:05:29.040+0700] {processor.py:208} INFO - Processing /home/user/.local/lib/python3.10/site-packages/airflow/example_dags/example_branch_operator_decorator.py took 0.043 seconds
[2024-08-22T11:06:25.920+0700] {processor.py:186} INFO - Started process (PID=26942) to work on /home/user/.local/lib/python3.10/site-packages/airflow/example_dags/example_branch_operator_decorator.py
[2024-08-22T11:06:25.922+0700] {processor.py:914} INFO - Processing file /home/user/.local/lib/python3.10/site-packages/airflow/example_dags/example_branch_operator_decorator.py for tasks to queue
[2024-08-22T11:06:25.923+0700] {logging_mixin.py:190} INFO - [2024-08-22T11:06:25.923+0700] {dagbag.py:587} INFO - Filling up the DagBag from /home/user/.local/lib/python3.10/site-packages/airflow/example_dags/example_branch_operator_decorator.py
[2024-08-22T11:06:25.954+0700] {processor.py:927} WARNING - No viable dags retrieved from /home/user/.local/lib/python3.10/site-packages/airflow/example_dags/example_branch_operator_decorator.py
[2024-08-22T11:06:25.968+0700] {processor.py:208} INFO - Processing /home/user/.local/lib/python3.10/site-packages/airflow/example_dags/example_branch_operator_decorator.py took 0.052 seconds
[2024-08-22T11:07:35.679+0700] {processor.py:186} INFO - Started process (PID=27490) to work on /home/user/.local/lib/python3.10/site-packages/airflow/example_dags/example_branch_operator_decorator.py
[2024-08-22T11:07:35.681+0700] {processor.py:914} INFO - Processing file /home/user/.local/lib/python3.10/site-packages/airflow/example_dags/example_branch_operator_decorator.py for tasks to queue
[2024-08-22T11:07:35.684+0700] {logging_mixin.py:190} INFO - [2024-08-22T11:07:35.683+0700] {dagbag.py:587} INFO - Filling up the DagBag from /home/user/.local/lib/python3.10/site-packages/airflow/example_dags/example_branch_operator_decorator.py
[2024-08-22T11:07:35.715+0700] {processor.py:927} WARNING - No viable dags retrieved from /home/user/.local/lib/python3.10/site-packages/airflow/example_dags/example_branch_operator_decorator.py
[2024-08-22T11:07:35.726+0700] {processor.py:208} INFO - Processing /home/user/.local/lib/python3.10/site-packages/airflow/example_dags/example_branch_operator_decorator.py took 0.052 seconds
[2024-08-22T11:08:35.260+0700] {processor.py:186} INFO - Started process (PID=27958) to work on /home/user/.local/lib/python3.10/site-packages/airflow/example_dags/example_branch_operator_decorator.py
[2024-08-22T11:08:35.262+0700] {processor.py:914} INFO - Processing file /home/user/.local/lib/python3.10/site-packages/airflow/example_dags/example_branch_operator_decorator.py for tasks to queue
[2024-08-22T11:08:35.265+0700] {logging_mixin.py:190} INFO - [2024-08-22T11:08:35.265+0700] {dagbag.py:587} INFO - Filling up the DagBag from /home/user/.local/lib/python3.10/site-packages/airflow/example_dags/example_branch_operator_decorator.py
[2024-08-22T11:08:35.292+0700] {processor.py:927} WARNING - No viable dags retrieved from /home/user/.local/lib/python3.10/site-packages/airflow/example_dags/example_branch_operator_decorator.py
[2024-08-22T11:08:35.305+0700] {processor.py:208} INFO - Processing /home/user/.local/lib/python3.10/site-packages/airflow/example_dags/example_branch_operator_decorator.py took 0.051 seconds
[2024-08-22T11:09:32.572+0700] {processor.py:186} INFO - Started process (PID=28407) to work on /home/user/.local/lib/python3.10/site-packages/airflow/example_dags/example_branch_operator_decorator.py
[2024-08-22T11:09:32.574+0700] {processor.py:914} INFO - Processing file /home/user/.local/lib/python3.10/site-packages/airflow/example_dags/example_branch_operator_decorator.py for tasks to queue
[2024-08-22T11:09:32.577+0700] {logging_mixin.py:190} INFO - [2024-08-22T11:09:32.577+0700] {dagbag.py:587} INFO - Filling up the DagBag from /home/user/.local/lib/python3.10/site-packages/airflow/example_dags/example_branch_operator_decorator.py
[2024-08-22T11:09:32.603+0700] {processor.py:927} WARNING - No viable dags retrieved from /home/user/.local/lib/python3.10/site-packages/airflow/example_dags/example_branch_operator_decorator.py
[2024-08-22T11:09:32.613+0700] {processor.py:208} INFO - Processing /home/user/.local/lib/python3.10/site-packages/airflow/example_dags/example_branch_operator_decorator.py took 0.046 seconds
[2024-08-22T11:10:26.438+0700] {processor.py:186} INFO - Started process (PID=28828) to work on /home/user/.local/lib/python3.10/site-packages/airflow/example_dags/example_branch_operator_decorator.py
[2024-08-22T11:10:26.439+0700] {processor.py:914} INFO - Processing file /home/user/.local/lib/python3.10/site-packages/airflow/example_dags/example_branch_operator_decorator.py for tasks to queue
[2024-08-22T11:10:26.441+0700] {logging_mixin.py:190} INFO - [2024-08-22T11:10:26.441+0700] {dagbag.py:587} INFO - Filling up the DagBag from /home/user/.local/lib/python3.10/site-packages/airflow/example_dags/example_branch_operator_decorator.py
[2024-08-22T11:10:26.460+0700] {processor.py:927} WARNING - No viable dags retrieved from /home/user/.local/lib/python3.10/site-packages/airflow/example_dags/example_branch_operator_decorator.py
[2024-08-22T11:10:26.469+0700] {processor.py:208} INFO - Processing /home/user/.local/lib/python3.10/site-packages/airflow/example_dags/example_branch_operator_decorator.py took 0.035 seconds
[2024-08-22T11:11:21.960+0700] {processor.py:186} INFO - Started process (PID=29321) to work on /home/user/.local/lib/python3.10/site-packages/airflow/example_dags/example_branch_operator_decorator.py
[2024-08-22T11:11:21.961+0700] {processor.py:914} INFO - Processing file /home/user/.local/lib/python3.10/site-packages/airflow/example_dags/example_branch_operator_decorator.py for tasks to queue
[2024-08-22T11:11:21.964+0700] {logging_mixin.py:190} INFO - [2024-08-22T11:11:21.963+0700] {dagbag.py:587} INFO - Filling up the DagBag from /home/user/.local/lib/python3.10/site-packages/airflow/example_dags/example_branch_operator_decorator.py
[2024-08-22T11:11:21.991+0700] {processor.py:927} WARNING - No viable dags retrieved from /home/user/.local/lib/python3.10/site-packages/airflow/example_dags/example_branch_operator_decorator.py
[2024-08-22T11:11:22.000+0700] {processor.py:208} INFO - Processing /home/user/.local/lib/python3.10/site-packages/airflow/example_dags/example_branch_operator_decorator.py took 0.046 seconds
[2024-08-22T11:12:38.455+0700] {processor.py:186} INFO - Started process (PID=29990) to work on /home/user/.local/lib/python3.10/site-packages/airflow/example_dags/example_branch_operator_decorator.py
[2024-08-22T11:12:38.456+0700] {processor.py:914} INFO - Processing file /home/user/.local/lib/python3.10/site-packages/airflow/example_dags/example_branch_operator_decorator.py for tasks to queue
[2024-08-22T11:12:38.457+0700] {logging_mixin.py:190} INFO - [2024-08-22T11:12:38.457+0700] {dagbag.py:587} INFO - Filling up the DagBag from /home/user/.local/lib/python3.10/site-packages/airflow/example_dags/example_branch_operator_decorator.py
[2024-08-22T11:12:38.483+0700] {processor.py:927} WARNING - No viable dags retrieved from /home/user/.local/lib/python3.10/site-packages/airflow/example_dags/example_branch_operator_decorator.py
[2024-08-22T11:12:38.492+0700] {processor.py:208} INFO - Processing /home/user/.local/lib/python3.10/site-packages/airflow/example_dags/example_branch_operator_decorator.py took 0.043 seconds
[2024-08-22T11:14:04.684+0700] {processor.py:186} INFO - Started process (PID=30686) to work on /home/user/.local/lib/python3.10/site-packages/airflow/example_dags/example_branch_operator_decorator.py
[2024-08-22T11:14:04.686+0700] {processor.py:914} INFO - Processing file /home/user/.local/lib/python3.10/site-packages/airflow/example_dags/example_branch_operator_decorator.py for tasks to queue
[2024-08-22T11:14:04.688+0700] {logging_mixin.py:190} INFO - [2024-08-22T11:14:04.687+0700] {dagbag.py:587} INFO - Filling up the DagBag from /home/user/.local/lib/python3.10/site-packages/airflow/example_dags/example_branch_operator_decorator.py
[2024-08-22T11:14:04.713+0700] {processor.py:927} WARNING - No viable dags retrieved from /home/user/.local/lib/python3.10/site-packages/airflow/example_dags/example_branch_operator_decorator.py
[2024-08-22T11:14:04.721+0700] {processor.py:208} INFO - Processing /home/user/.local/lib/python3.10/site-packages/airflow/example_dags/example_branch_operator_decorator.py took 0.041 seconds
[2024-08-22T11:15:04.015+0700] {processor.py:186} INFO - Started process (PID=31151) to work on /home/user/.local/lib/python3.10/site-packages/airflow/example_dags/example_branch_operator_decorator.py
[2024-08-22T11:15:04.017+0700] {processor.py:914} INFO - Processing file /home/user/.local/lib/python3.10/site-packages/airflow/example_dags/example_branch_operator_decorator.py for tasks to queue
[2024-08-22T11:15:04.020+0700] {logging_mixin.py:190} INFO - [2024-08-22T11:15:04.020+0700] {dagbag.py:587} INFO - Filling up the DagBag from /home/user/.local/lib/python3.10/site-packages/airflow/example_dags/example_branch_operator_decorator.py
[2024-08-22T11:15:04.048+0700] {processor.py:927} WARNING - No viable dags retrieved from /home/user/.local/lib/python3.10/site-packages/airflow/example_dags/example_branch_operator_decorator.py
[2024-08-22T11:15:04.060+0700] {processor.py:208} INFO - Processing /home/user/.local/lib/python3.10/site-packages/airflow/example_dags/example_branch_operator_decorator.py took 0.052 seconds
[2024-08-22T11:16:02.170+0700] {processor.py:186} INFO - Started process (PID=31637) to work on /home/user/.local/lib/python3.10/site-packages/airflow/example_dags/example_branch_operator_decorator.py
[2024-08-22T11:16:02.172+0700] {processor.py:914} INFO - Processing file /home/user/.local/lib/python3.10/site-packages/airflow/example_dags/example_branch_operator_decorator.py for tasks to queue
[2024-08-22T11:16:02.174+0700] {logging_mixin.py:190} INFO - [2024-08-22T11:16:02.173+0700] {dagbag.py:587} INFO - Filling up the DagBag from /home/user/.local/lib/python3.10/site-packages/airflow/example_dags/example_branch_operator_decorator.py
[2024-08-22T11:16:02.196+0700] {processor.py:927} WARNING - No viable dags retrieved from /home/user/.local/lib/python3.10/site-packages/airflow/example_dags/example_branch_operator_decorator.py
[2024-08-22T11:16:02.203+0700] {processor.py:208} INFO - Processing /home/user/.local/lib/python3.10/site-packages/airflow/example_dags/example_branch_operator_decorator.py took 0.038 seconds
[2024-08-22T11:17:35.514+0700] {processor.py:186} INFO - Started process (PID=32378) to work on /home/user/.local/lib/python3.10/site-packages/airflow/example_dags/example_branch_operator_decorator.py
[2024-08-22T11:17:35.516+0700] {processor.py:914} INFO - Processing file /home/user/.local/lib/python3.10/site-packages/airflow/example_dags/example_branch_operator_decorator.py for tasks to queue
[2024-08-22T11:17:35.518+0700] {logging_mixin.py:190} INFO - [2024-08-22T11:17:35.518+0700] {dagbag.py:587} INFO - Filling up the DagBag from /home/user/.local/lib/python3.10/site-packages/airflow/example_dags/example_branch_operator_decorator.py
[2024-08-22T11:17:35.557+0700] {processor.py:927} WARNING - No viable dags retrieved from /home/user/.local/lib/python3.10/site-packages/airflow/example_dags/example_branch_operator_decorator.py
[2024-08-22T11:17:35.570+0700] {processor.py:208} INFO - Processing /home/user/.local/lib/python3.10/site-packages/airflow/example_dags/example_branch_operator_decorator.py took 0.071 seconds
[2024-08-22T11:18:30.899+0700] {processor.py:186} INFO - Started process (PID=32814) to work on /home/user/.local/lib/python3.10/site-packages/airflow/example_dags/example_branch_operator_decorator.py
[2024-08-22T11:18:30.901+0700] {processor.py:914} INFO - Processing file /home/user/.local/lib/python3.10/site-packages/airflow/example_dags/example_branch_operator_decorator.py for tasks to queue
[2024-08-22T11:18:30.903+0700] {logging_mixin.py:190} INFO - [2024-08-22T11:18:30.902+0700] {dagbag.py:587} INFO - Filling up the DagBag from /home/user/.local/lib/python3.10/site-packages/airflow/example_dags/example_branch_operator_decorator.py
[2024-08-22T11:18:30.924+0700] {processor.py:927} WARNING - No viable dags retrieved from /home/user/.local/lib/python3.10/site-packages/airflow/example_dags/example_branch_operator_decorator.py
[2024-08-22T11:18:30.932+0700] {processor.py:208} INFO - Processing /home/user/.local/lib/python3.10/site-packages/airflow/example_dags/example_branch_operator_decorator.py took 0.038 seconds
[2024-08-22T11:19:33.241+0700] {processor.py:186} INFO - Started process (PID=33298) to work on /home/user/.local/lib/python3.10/site-packages/airflow/example_dags/example_branch_operator_decorator.py
[2024-08-22T11:19:33.243+0700] {processor.py:914} INFO - Processing file /home/user/.local/lib/python3.10/site-packages/airflow/example_dags/example_branch_operator_decorator.py for tasks to queue
[2024-08-22T11:19:33.245+0700] {logging_mixin.py:190} INFO - [2024-08-22T11:19:33.244+0700] {dagbag.py:587} INFO - Filling up the DagBag from /home/user/.local/lib/python3.10/site-packages/airflow/example_dags/example_branch_operator_decorator.py
[2024-08-22T11:19:33.288+0700] {processor.py:927} WARNING - No viable dags retrieved from /home/user/.local/lib/python3.10/site-packages/airflow/example_dags/example_branch_operator_decorator.py
[2024-08-22T11:19:33.297+0700] {processor.py:208} INFO - Processing /home/user/.local/lib/python3.10/site-packages/airflow/example_dags/example_branch_operator_decorator.py took 0.061 seconds
[2024-08-22T11:20:37.378+0700] {processor.py:186} INFO - Started process (PID=33806) to work on /home/user/.local/lib/python3.10/site-packages/airflow/example_dags/example_branch_operator_decorator.py
[2024-08-22T11:20:37.379+0700] {processor.py:914} INFO - Processing file /home/user/.local/lib/python3.10/site-packages/airflow/example_dags/example_branch_operator_decorator.py for tasks to queue
[2024-08-22T11:20:37.381+0700] {logging_mixin.py:190} INFO - [2024-08-22T11:20:37.381+0700] {dagbag.py:587} INFO - Filling up the DagBag from /home/user/.local/lib/python3.10/site-packages/airflow/example_dags/example_branch_operator_decorator.py
[2024-08-22T11:20:37.405+0700] {processor.py:927} WARNING - No viable dags retrieved from /home/user/.local/lib/python3.10/site-packages/airflow/example_dags/example_branch_operator_decorator.py
[2024-08-22T11:20:37.415+0700] {processor.py:208} INFO - Processing /home/user/.local/lib/python3.10/site-packages/airflow/example_dags/example_branch_operator_decorator.py took 0.042 seconds
[2024-08-22T11:21:36.465+0700] {processor.py:186} INFO - Started process (PID=34261) to work on /home/user/.local/lib/python3.10/site-packages/airflow/example_dags/example_branch_operator_decorator.py
[2024-08-22T11:21:36.466+0700] {processor.py:914} INFO - Processing file /home/user/.local/lib/python3.10/site-packages/airflow/example_dags/example_branch_operator_decorator.py for tasks to queue
[2024-08-22T11:21:36.468+0700] {logging_mixin.py:190} INFO - [2024-08-22T11:21:36.467+0700] {dagbag.py:587} INFO - Filling up the DagBag from /home/user/.local/lib/python3.10/site-packages/airflow/example_dags/example_branch_operator_decorator.py
[2024-08-22T11:21:36.501+0700] {processor.py:927} WARNING - No viable dags retrieved from /home/user/.local/lib/python3.10/site-packages/airflow/example_dags/example_branch_operator_decorator.py
[2024-08-22T11:21:36.512+0700] {processor.py:208} INFO - Processing /home/user/.local/lib/python3.10/site-packages/airflow/example_dags/example_branch_operator_decorator.py took 0.052 seconds
[2024-08-22T11:22:55.007+0700] {processor.py:186} INFO - Started process (PID=34913) to work on /home/user/.local/lib/python3.10/site-packages/airflow/example_dags/example_branch_operator_decorator.py
[2024-08-22T11:22:55.009+0700] {processor.py:914} INFO - Processing file /home/user/.local/lib/python3.10/site-packages/airflow/example_dags/example_branch_operator_decorator.py for tasks to queue
[2024-08-22T11:22:55.011+0700] {logging_mixin.py:190} INFO - [2024-08-22T11:22:55.011+0700] {dagbag.py:587} INFO - Filling up the DagBag from /home/user/.local/lib/python3.10/site-packages/airflow/example_dags/example_branch_operator_decorator.py
[2024-08-22T11:22:55.044+0700] {processor.py:927} WARNING - No viable dags retrieved from /home/user/.local/lib/python3.10/site-packages/airflow/example_dags/example_branch_operator_decorator.py
[2024-08-22T11:22:55.052+0700] {processor.py:208} INFO - Processing /home/user/.local/lib/python3.10/site-packages/airflow/example_dags/example_branch_operator_decorator.py took 0.049 seconds
[2024-08-22T11:23:50.787+0700] {processor.py:186} INFO - Started process (PID=35377) to work on /home/user/.local/lib/python3.10/site-packages/airflow/example_dags/example_branch_operator_decorator.py
[2024-08-22T11:23:50.789+0700] {processor.py:914} INFO - Processing file /home/user/.local/lib/python3.10/site-packages/airflow/example_dags/example_branch_operator_decorator.py for tasks to queue
[2024-08-22T11:23:50.791+0700] {logging_mixin.py:190} INFO - [2024-08-22T11:23:50.791+0700] {dagbag.py:587} INFO - Filling up the DagBag from /home/user/.local/lib/python3.10/site-packages/airflow/example_dags/example_branch_operator_decorator.py
[2024-08-22T11:23:50.830+0700] {processor.py:927} WARNING - No viable dags retrieved from /home/user/.local/lib/python3.10/site-packages/airflow/example_dags/example_branch_operator_decorator.py
[2024-08-22T11:23:50.843+0700] {processor.py:208} INFO - Processing /home/user/.local/lib/python3.10/site-packages/airflow/example_dags/example_branch_operator_decorator.py took 0.063 seconds
[2024-08-22T11:24:52.965+0700] {processor.py:186} INFO - Started process (PID=35971) to work on /home/user/.local/lib/python3.10/site-packages/airflow/example_dags/example_branch_operator_decorator.py
[2024-08-22T11:24:52.967+0700] {processor.py:914} INFO - Processing file /home/user/.local/lib/python3.10/site-packages/airflow/example_dags/example_branch_operator_decorator.py for tasks to queue
[2024-08-22T11:24:52.969+0700] {logging_mixin.py:190} INFO - [2024-08-22T11:24:52.969+0700] {dagbag.py:587} INFO - Filling up the DagBag from /home/user/.local/lib/python3.10/site-packages/airflow/example_dags/example_branch_operator_decorator.py
[2024-08-22T11:24:53.015+0700] {processor.py:927} WARNING - No viable dags retrieved from /home/user/.local/lib/python3.10/site-packages/airflow/example_dags/example_branch_operator_decorator.py
[2024-08-22T11:24:53.023+0700] {processor.py:208} INFO - Processing /home/user/.local/lib/python3.10/site-packages/airflow/example_dags/example_branch_operator_decorator.py took 0.063 seconds
[2024-08-22T11:25:53.358+0700] {processor.py:186} INFO - Started process (PID=36582) to work on /home/user/.local/lib/python3.10/site-packages/airflow/example_dags/example_branch_operator_decorator.py
[2024-08-22T11:25:53.360+0700] {processor.py:914} INFO - Processing file /home/user/.local/lib/python3.10/site-packages/airflow/example_dags/example_branch_operator_decorator.py for tasks to queue
[2024-08-22T11:25:53.362+0700] {logging_mixin.py:190} INFO - [2024-08-22T11:25:53.361+0700] {dagbag.py:587} INFO - Filling up the DagBag from /home/user/.local/lib/python3.10/site-packages/airflow/example_dags/example_branch_operator_decorator.py
[2024-08-22T11:25:53.393+0700] {processor.py:927} WARNING - No viable dags retrieved from /home/user/.local/lib/python3.10/site-packages/airflow/example_dags/example_branch_operator_decorator.py
[2024-08-22T11:25:53.403+0700] {processor.py:208} INFO - Processing /home/user/.local/lib/python3.10/site-packages/airflow/example_dags/example_branch_operator_decorator.py took 0.050 seconds
[2024-08-22T11:27:27.343+0700] {processor.py:186} INFO - Started process (PID=37413) to work on /home/user/.local/lib/python3.10/site-packages/airflow/example_dags/example_branch_operator_decorator.py
[2024-08-22T11:27:27.345+0700] {processor.py:914} INFO - Processing file /home/user/.local/lib/python3.10/site-packages/airflow/example_dags/example_branch_operator_decorator.py for tasks to queue
[2024-08-22T11:27:27.346+0700] {logging_mixin.py:190} INFO - [2024-08-22T11:27:27.346+0700] {dagbag.py:587} INFO - Filling up the DagBag from /home/user/.local/lib/python3.10/site-packages/airflow/example_dags/example_branch_operator_decorator.py
[2024-08-22T11:27:27.381+0700] {processor.py:927} WARNING - No viable dags retrieved from /home/user/.local/lib/python3.10/site-packages/airflow/example_dags/example_branch_operator_decorator.py
[2024-08-22T11:27:27.392+0700] {processor.py:208} INFO - Processing /home/user/.local/lib/python3.10/site-packages/airflow/example_dags/example_branch_operator_decorator.py took 0.057 seconds
[2024-08-22T11:28:45.995+0700] {processor.py:186} INFO - Started process (PID=38023) to work on /home/user/.local/lib/python3.10/site-packages/airflow/example_dags/example_branch_operator_decorator.py
[2024-08-22T11:28:45.997+0700] {processor.py:914} INFO - Processing file /home/user/.local/lib/python3.10/site-packages/airflow/example_dags/example_branch_operator_decorator.py for tasks to queue
[2024-08-22T11:28:45.998+0700] {logging_mixin.py:190} INFO - [2024-08-22T11:28:45.998+0700] {dagbag.py:587} INFO - Filling up the DagBag from /home/user/.local/lib/python3.10/site-packages/airflow/example_dags/example_branch_operator_decorator.py
[2024-08-22T11:28:46.022+0700] {processor.py:927} WARNING - No viable dags retrieved from /home/user/.local/lib/python3.10/site-packages/airflow/example_dags/example_branch_operator_decorator.py
[2024-08-22T11:28:46.031+0700] {processor.py:208} INFO - Processing /home/user/.local/lib/python3.10/site-packages/airflow/example_dags/example_branch_operator_decorator.py took 0.048 seconds
[2024-08-22T11:30:14.083+0700] {processor.py:186} INFO - Started process (PID=38785) to work on /home/user/.local/lib/python3.10/site-packages/airflow/example_dags/example_branch_operator_decorator.py
[2024-08-22T11:30:14.085+0700] {processor.py:914} INFO - Processing file /home/user/.local/lib/python3.10/site-packages/airflow/example_dags/example_branch_operator_decorator.py for tasks to queue
[2024-08-22T11:30:14.087+0700] {logging_mixin.py:190} INFO - [2024-08-22T11:30:14.086+0700] {dagbag.py:587} INFO - Filling up the DagBag from /home/user/.local/lib/python3.10/site-packages/airflow/example_dags/example_branch_operator_decorator.py
[2024-08-22T11:30:14.108+0700] {processor.py:927} WARNING - No viable dags retrieved from /home/user/.local/lib/python3.10/site-packages/airflow/example_dags/example_branch_operator_decorator.py
[2024-08-22T11:30:14.117+0700] {processor.py:208} INFO - Processing /home/user/.local/lib/python3.10/site-packages/airflow/example_dags/example_branch_operator_decorator.py took 0.040 seconds
[2024-08-22T11:31:21.879+0700] {processor.py:186} INFO - Started process (PID=39175) to work on /home/user/.local/lib/python3.10/site-packages/airflow/example_dags/example_branch_operator_decorator.py
[2024-08-22T11:31:21.880+0700] {processor.py:914} INFO - Processing file /home/user/.local/lib/python3.10/site-packages/airflow/example_dags/example_branch_operator_decorator.py for tasks to queue
[2024-08-22T11:31:21.882+0700] {logging_mixin.py:190} INFO - [2024-08-22T11:31:21.881+0700] {dagbag.py:587} INFO - Filling up the DagBag from /home/user/.local/lib/python3.10/site-packages/airflow/example_dags/example_branch_operator_decorator.py
[2024-08-22T11:31:21.925+0700] {processor.py:927} WARNING - No viable dags retrieved from /home/user/.local/lib/python3.10/site-packages/airflow/example_dags/example_branch_operator_decorator.py
[2024-08-22T11:31:21.934+0700] {processor.py:208} INFO - Processing /home/user/.local/lib/python3.10/site-packages/airflow/example_dags/example_branch_operator_decorator.py took 0.060 seconds
