[2024-08-22T10:43:20.385+0700] {processor.py:186} INFO - Started process (PID=15406) to work on /home/user/.local/lib/python3.10/site-packages/airflow/example_dags/example_branch_day_of_week_operator.py
[2024-08-22T10:43:20.386+0700] {processor.py:914} INFO - Processing file /home/user/.local/lib/python3.10/site-packages/airflow/example_dags/example_branch_day_of_week_operator.py for tasks to queue
[2024-08-22T10:43:20.390+0700] {logging_mixin.py:190} INFO - [2024-08-22T10:43:20.390+0700] {dagbag.py:587} INFO - Filling up the DagBag from /home/user/.local/lib/python3.10/site-packages/airflow/example_dags/example_branch_day_of_week_operator.py
[2024-08-22T10:43:20.399+0700] {processor.py:925} INFO - DAG(s) 'example_weekday_branch_operator' retrieved from /home/user/.local/lib/python3.10/site-packages/airflow/example_dags/example_branch_day_of_week_operator.py
[2024-08-22T10:43:20.493+0700] {logging_mixin.py:190} INFO - [2024-08-22T10:43:20.493+0700] {dag.py:3211} INFO - Sync 1 DAGs
[2024-08-22T10:43:20.519+0700] {logging_mixin.py:190} INFO - [2024-08-22T10:43:20.519+0700] {dag.py:4138} INFO - Setting next_dagrun for example_weekday_branch_operator to 2024-08-21 00:00:00+00:00, run_after=2024-08-22 00:00:00+00:00
[2024-08-22T10:43:20.549+0700] {processor.py:208} INFO - Processing /home/user/.local/lib/python3.10/site-packages/airflow/example_dags/example_branch_day_of_week_operator.py took 0.170 seconds
[2024-08-22T10:50:01.218+0700] {processor.py:186} INFO - Started process (PID=18463) to work on /home/user/.local/lib/python3.10/site-packages/airflow/example_dags/example_branch_day_of_week_operator.py
[2024-08-22T10:50:01.225+0700] {processor.py:914} INFO - Processing file /home/user/.local/lib/python3.10/site-packages/airflow/example_dags/example_branch_day_of_week_operator.py for tasks to queue
[2024-08-22T10:50:01.235+0700] {logging_mixin.py:190} INFO - [2024-08-22T10:50:01.234+0700] {dagbag.py:587} INFO - Filling up the DagBag from /home/user/.local/lib/python3.10/site-packages/airflow/example_dags/example_branch_day_of_week_operator.py
[2024-08-22T10:50:01.284+0700] {processor.py:925} INFO - DAG(s) 'example_weekday_branch_operator' retrieved from /home/user/.local/lib/python3.10/site-packages/airflow/example_dags/example_branch_day_of_week_operator.py
[2024-08-22T10:50:01.328+0700] {logging_mixin.py:190} INFO - [2024-08-22T10:50:01.327+0700] {dag.py:3211} INFO - Sync 1 DAGs
[2024-08-22T10:50:01.375+0700] {logging_mixin.py:190} INFO - [2024-08-22T10:50:01.374+0700] {dag.py:4138} INFO - Setting next_dagrun for example_weekday_branch_operator to 2024-08-21 00:00:00+00:00, run_after=2024-08-22 00:00:00+00:00
[2024-08-22T10:50:01.413+0700] {processor.py:208} INFO - Processing /home/user/.local/lib/python3.10/site-packages/airflow/example_dags/example_branch_day_of_week_operator.py took 0.232 seconds
[2024-08-22T10:56:51.194+0700] {processor.py:186} INFO - Started process (PID=22021) to work on /home/user/.local/lib/python3.10/site-packages/airflow/example_dags/example_branch_day_of_week_operator.py
[2024-08-22T10:56:51.196+0700] {processor.py:914} INFO - Processing file /home/user/.local/lib/python3.10/site-packages/airflow/example_dags/example_branch_day_of_week_operator.py for tasks to queue
[2024-08-22T10:56:51.198+0700] {logging_mixin.py:190} INFO - [2024-08-22T10:56:51.198+0700] {dagbag.py:587} INFO - Filling up the DagBag from /home/user/.local/lib/python3.10/site-packages/airflow/example_dags/example_branch_day_of_week_operator.py
[2024-08-22T10:56:51.205+0700] {processor.py:925} INFO - DAG(s) 'example_weekday_branch_operator' retrieved from /home/user/.local/lib/python3.10/site-packages/airflow/example_dags/example_branch_day_of_week_operator.py
[2024-08-22T10:56:51.220+0700] {logging_mixin.py:190} INFO - [2024-08-22T10:56:51.220+0700] {dag.py:3211} INFO - Sync 1 DAGs
[2024-08-22T10:56:51.235+0700] {logging_mixin.py:190} INFO - [2024-08-22T10:56:51.234+0700] {dag.py:4138} INFO - Setting next_dagrun for example_weekday_branch_operator to 2024-08-21 00:00:00+00:00, run_after=2024-08-22 00:00:00+00:00
[2024-08-22T10:56:51.253+0700] {processor.py:208} INFO - Processing /home/user/.local/lib/python3.10/site-packages/airflow/example_dags/example_branch_day_of_week_operator.py took 0.064 seconds
[2024-08-22T10:57:53.554+0700] {processor.py:186} INFO - Started process (PID=22619) to work on /home/user/.local/lib/python3.10/site-packages/airflow/example_dags/example_branch_day_of_week_operator.py
[2024-08-22T10:57:53.556+0700] {processor.py:914} INFO - Processing file /home/user/.local/lib/python3.10/site-packages/airflow/example_dags/example_branch_day_of_week_operator.py for tasks to queue
[2024-08-22T10:57:53.558+0700] {logging_mixin.py:190} INFO - [2024-08-22T10:57:53.557+0700] {dagbag.py:587} INFO - Filling up the DagBag from /home/user/.local/lib/python3.10/site-packages/airflow/example_dags/example_branch_day_of_week_operator.py
[2024-08-22T10:57:53.569+0700] {processor.py:925} INFO - DAG(s) 'example_weekday_branch_operator' retrieved from /home/user/.local/lib/python3.10/site-packages/airflow/example_dags/example_branch_day_of_week_operator.py
[2024-08-22T10:57:53.586+0700] {logging_mixin.py:190} INFO - [2024-08-22T10:57:53.586+0700] {dag.py:3211} INFO - Sync 1 DAGs
[2024-08-22T10:57:53.603+0700] {logging_mixin.py:190} INFO - [2024-08-22T10:57:53.603+0700] {dag.py:4138} INFO - Setting next_dagrun for example_weekday_branch_operator to 2024-08-21 00:00:00+00:00, run_after=2024-08-22 00:00:00+00:00
[2024-08-22T10:57:53.624+0700] {processor.py:208} INFO - Processing /home/user/.local/lib/python3.10/site-packages/airflow/example_dags/example_branch_day_of_week_operator.py took 0.075 seconds
[2024-08-22T10:59:04.348+0700] {processor.py:186} INFO - Started process (PID=23384) to work on /home/user/.local/lib/python3.10/site-packages/airflow/example_dags/example_branch_day_of_week_operator.py
[2024-08-22T10:59:04.350+0700] {processor.py:914} INFO - Processing file /home/user/.local/lib/python3.10/site-packages/airflow/example_dags/example_branch_day_of_week_operator.py for tasks to queue
[2024-08-22T10:59:04.352+0700] {logging_mixin.py:190} INFO - [2024-08-22T10:59:04.352+0700] {dagbag.py:587} INFO - Filling up the DagBag from /home/user/.local/lib/python3.10/site-packages/airflow/example_dags/example_branch_day_of_week_operator.py
[2024-08-22T10:59:04.363+0700] {processor.py:925} INFO - DAG(s) 'example_weekday_branch_operator' retrieved from /home/user/.local/lib/python3.10/site-packages/airflow/example_dags/example_branch_day_of_week_operator.py
[2024-08-22T10:59:04.384+0700] {logging_mixin.py:190} INFO - [2024-08-22T10:59:04.384+0700] {dag.py:3211} INFO - Sync 1 DAGs
[2024-08-22T10:59:04.401+0700] {logging_mixin.py:190} INFO - [2024-08-22T10:59:04.401+0700] {dag.py:4138} INFO - Setting next_dagrun for example_weekday_branch_operator to 2024-08-21 00:00:00+00:00, run_after=2024-08-22 00:00:00+00:00
[2024-08-22T10:59:04.419+0700] {processor.py:208} INFO - Processing /home/user/.local/lib/python3.10/site-packages/airflow/example_dags/example_branch_day_of_week_operator.py took 0.075 seconds
[2024-08-22T11:00:03.868+0700] {processor.py:186} INFO - Started process (PID=23878) to work on /home/user/.local/lib/python3.10/site-packages/airflow/example_dags/example_branch_day_of_week_operator.py
[2024-08-22T11:00:03.869+0700] {processor.py:914} INFO - Processing file /home/user/.local/lib/python3.10/site-packages/airflow/example_dags/example_branch_day_of_week_operator.py for tasks to queue
[2024-08-22T11:00:03.871+0700] {logging_mixin.py:190} INFO - [2024-08-22T11:00:03.871+0700] {dagbag.py:587} INFO - Filling up the DagBag from /home/user/.local/lib/python3.10/site-packages/airflow/example_dags/example_branch_day_of_week_operator.py
[2024-08-22T11:00:03.883+0700] {processor.py:925} INFO - DAG(s) 'example_weekday_branch_operator' retrieved from /home/user/.local/lib/python3.10/site-packages/airflow/example_dags/example_branch_day_of_week_operator.py
[2024-08-22T11:00:03.897+0700] {logging_mixin.py:190} INFO - [2024-08-22T11:00:03.897+0700] {dag.py:3211} INFO - Sync 1 DAGs
[2024-08-22T11:00:03.915+0700] {logging_mixin.py:190} INFO - [2024-08-22T11:00:03.914+0700] {dag.py:4138} INFO - Setting next_dagrun for example_weekday_branch_operator to 2024-08-21 00:00:00+00:00, run_after=2024-08-22 00:00:00+00:00
[2024-08-22T11:00:03.936+0700] {processor.py:208} INFO - Processing /home/user/.local/lib/python3.10/site-packages/airflow/example_dags/example_branch_day_of_week_operator.py took 0.074 seconds
[2024-08-22T11:01:01.745+0700] {processor.py:186} INFO - Started process (PID=24337) to work on /home/user/.local/lib/python3.10/site-packages/airflow/example_dags/example_branch_day_of_week_operator.py
[2024-08-22T11:01:01.746+0700] {processor.py:914} INFO - Processing file /home/user/.local/lib/python3.10/site-packages/airflow/example_dags/example_branch_day_of_week_operator.py for tasks to queue
[2024-08-22T11:01:01.749+0700] {logging_mixin.py:190} INFO - [2024-08-22T11:01:01.748+0700] {dagbag.py:587} INFO - Filling up the DagBag from /home/user/.local/lib/python3.10/site-packages/airflow/example_dags/example_branch_day_of_week_operator.py
[2024-08-22T11:01:01.761+0700] {processor.py:925} INFO - DAG(s) 'example_weekday_branch_operator' retrieved from /home/user/.local/lib/python3.10/site-packages/airflow/example_dags/example_branch_day_of_week_operator.py
[2024-08-22T11:01:01.776+0700] {logging_mixin.py:190} INFO - [2024-08-22T11:01:01.776+0700] {dag.py:3211} INFO - Sync 1 DAGs
[2024-08-22T11:01:01.793+0700] {logging_mixin.py:190} INFO - [2024-08-22T11:01:01.793+0700] {dag.py:4138} INFO - Setting next_dagrun for example_weekday_branch_operator to 2024-08-21 00:00:00+00:00, run_after=2024-08-22 00:00:00+00:00
[2024-08-22T11:01:01.810+0700] {processor.py:208} INFO - Processing /home/user/.local/lib/python3.10/site-packages/airflow/example_dags/example_branch_day_of_week_operator.py took 0.070 seconds
[2024-08-22T11:01:59.800+0700] {processor.py:186} INFO - Started process (PID=24806) to work on /home/user/.local/lib/python3.10/site-packages/airflow/example_dags/example_branch_day_of_week_operator.py
[2024-08-22T11:01:59.801+0700] {processor.py:914} INFO - Processing file /home/user/.local/lib/python3.10/site-packages/airflow/example_dags/example_branch_day_of_week_operator.py for tasks to queue
[2024-08-22T11:01:59.804+0700] {logging_mixin.py:190} INFO - [2024-08-22T11:01:59.804+0700] {dagbag.py:587} INFO - Filling up the DagBag from /home/user/.local/lib/python3.10/site-packages/airflow/example_dags/example_branch_day_of_week_operator.py
[2024-08-22T11:01:59.815+0700] {processor.py:925} INFO - DAG(s) 'example_weekday_branch_operator' retrieved from /home/user/.local/lib/python3.10/site-packages/airflow/example_dags/example_branch_day_of_week_operator.py
[2024-08-22T11:01:59.829+0700] {logging_mixin.py:190} INFO - [2024-08-22T11:01:59.829+0700] {dag.py:3211} INFO - Sync 1 DAGs
[2024-08-22T11:01:59.845+0700] {logging_mixin.py:190} INFO - [2024-08-22T11:01:59.845+0700] {dag.py:4138} INFO - Setting next_dagrun for example_weekday_branch_operator to 2024-08-21 00:00:00+00:00, run_after=2024-08-22 00:00:00+00:00
[2024-08-22T11:01:59.863+0700] {processor.py:208} INFO - Processing /home/user/.local/lib/python3.10/site-packages/airflow/example_dags/example_branch_day_of_week_operator.py took 0.068 seconds
[2024-08-22T11:03:03.964+0700] {processor.py:186} INFO - Started process (PID=25340) to work on /home/user/.local/lib/python3.10/site-packages/airflow/example_dags/example_branch_day_of_week_operator.py
[2024-08-22T11:03:03.965+0700] {processor.py:914} INFO - Processing file /home/user/.local/lib/python3.10/site-packages/airflow/example_dags/example_branch_day_of_week_operator.py for tasks to queue
[2024-08-22T11:03:03.968+0700] {logging_mixin.py:190} INFO - [2024-08-22T11:03:03.967+0700] {dagbag.py:587} INFO - Filling up the DagBag from /home/user/.local/lib/python3.10/site-packages/airflow/example_dags/example_branch_day_of_week_operator.py
[2024-08-22T11:03:03.979+0700] {processor.py:925} INFO - DAG(s) 'example_weekday_branch_operator' retrieved from /home/user/.local/lib/python3.10/site-packages/airflow/example_dags/example_branch_day_of_week_operator.py
[2024-08-22T11:03:03.994+0700] {logging_mixin.py:190} INFO - [2024-08-22T11:03:03.994+0700] {dag.py:3211} INFO - Sync 1 DAGs
[2024-08-22T11:03:04.012+0700] {logging_mixin.py:190} INFO - [2024-08-22T11:03:04.011+0700] {dag.py:4138} INFO - Setting next_dagrun for example_weekday_branch_operator to 2024-08-21 00:00:00+00:00, run_after=2024-08-22 00:00:00+00:00
[2024-08-22T11:03:04.049+0700] {processor.py:208} INFO - Processing /home/user/.local/lib/python3.10/site-packages/airflow/example_dags/example_branch_day_of_week_operator.py took 0.091 seconds
[2024-08-22T11:04:05.289+0700] {processor.py:186} INFO - Started process (PID=25981) to work on /home/user/.local/lib/python3.10/site-packages/airflow/example_dags/example_branch_day_of_week_operator.py
[2024-08-22T11:04:05.291+0700] {processor.py:914} INFO - Processing file /home/user/.local/lib/python3.10/site-packages/airflow/example_dags/example_branch_day_of_week_operator.py for tasks to queue
[2024-08-22T11:04:05.293+0700] {logging_mixin.py:190} INFO - [2024-08-22T11:04:05.293+0700] {dagbag.py:587} INFO - Filling up the DagBag from /home/user/.local/lib/python3.10/site-packages/airflow/example_dags/example_branch_day_of_week_operator.py
[2024-08-22T11:04:05.302+0700] {processor.py:925} INFO - DAG(s) 'example_weekday_branch_operator' retrieved from /home/user/.local/lib/python3.10/site-packages/airflow/example_dags/example_branch_day_of_week_operator.py
[2024-08-22T11:04:05.316+0700] {logging_mixin.py:190} INFO - [2024-08-22T11:04:05.316+0700] {dag.py:3211} INFO - Sync 1 DAGs
[2024-08-22T11:04:05.333+0700] {logging_mixin.py:190} INFO - [2024-08-22T11:04:05.332+0700] {dag.py:4138} INFO - Setting next_dagrun for example_weekday_branch_operator to 2024-08-21 00:00:00+00:00, run_after=2024-08-22 00:00:00+00:00
[2024-08-22T11:04:05.353+0700] {processor.py:208} INFO - Processing /home/user/.local/lib/python3.10/site-packages/airflow/example_dags/example_branch_day_of_week_operator.py took 0.069 seconds
[2024-08-22T11:05:40.886+0700] {processor.py:186} INFO - Started process (PID=26592) to work on /home/user/.local/lib/python3.10/site-packages/airflow/example_dags/example_branch_day_of_week_operator.py
[2024-08-22T11:05:40.887+0700] {processor.py:914} INFO - Processing file /home/user/.local/lib/python3.10/site-packages/airflow/example_dags/example_branch_day_of_week_operator.py for tasks to queue
[2024-08-22T11:05:40.891+0700] {logging_mixin.py:190} INFO - [2024-08-22T11:05:40.890+0700] {dagbag.py:587} INFO - Filling up the DagBag from /home/user/.local/lib/python3.10/site-packages/airflow/example_dags/example_branch_day_of_week_operator.py
[2024-08-22T11:05:40.900+0700] {processor.py:925} INFO - DAG(s) 'example_weekday_branch_operator' retrieved from /home/user/.local/lib/python3.10/site-packages/airflow/example_dags/example_branch_day_of_week_operator.py
[2024-08-22T11:05:40.917+0700] {logging_mixin.py:190} INFO - [2024-08-22T11:05:40.917+0700] {dag.py:3211} INFO - Sync 1 DAGs
[2024-08-22T11:05:40.934+0700] {logging_mixin.py:190} INFO - [2024-08-22T11:05:40.934+0700] {dag.py:4138} INFO - Setting next_dagrun for example_weekday_branch_operator to 2024-08-21 00:00:00+00:00, run_after=2024-08-22 00:00:00+00:00
[2024-08-22T11:05:40.953+0700] {processor.py:208} INFO - Processing /home/user/.local/lib/python3.10/site-packages/airflow/example_dags/example_branch_day_of_week_operator.py took 0.073 seconds
[2024-08-22T11:06:38.543+0700] {processor.py:186} INFO - Started process (PID=27043) to work on /home/user/.local/lib/python3.10/site-packages/airflow/example_dags/example_branch_day_of_week_operator.py
[2024-08-22T11:06:38.544+0700] {processor.py:914} INFO - Processing file /home/user/.local/lib/python3.10/site-packages/airflow/example_dags/example_branch_day_of_week_operator.py for tasks to queue
[2024-08-22T11:06:38.547+0700] {logging_mixin.py:190} INFO - [2024-08-22T11:06:38.546+0700] {dagbag.py:587} INFO - Filling up the DagBag from /home/user/.local/lib/python3.10/site-packages/airflow/example_dags/example_branch_day_of_week_operator.py
[2024-08-22T11:06:38.560+0700] {processor.py:925} INFO - DAG(s) 'example_weekday_branch_operator' retrieved from /home/user/.local/lib/python3.10/site-packages/airflow/example_dags/example_branch_day_of_week_operator.py
[2024-08-22T11:06:38.576+0700] {logging_mixin.py:190} INFO - [2024-08-22T11:06:38.576+0700] {dag.py:3211} INFO - Sync 1 DAGs
[2024-08-22T11:06:38.594+0700] {logging_mixin.py:190} INFO - [2024-08-22T11:06:38.594+0700] {dag.py:4138} INFO - Setting next_dagrun for example_weekday_branch_operator to 2024-08-21 00:00:00+00:00, run_after=2024-08-22 00:00:00+00:00
[2024-08-22T11:06:38.614+0700] {processor.py:208} INFO - Processing /home/user/.local/lib/python3.10/site-packages/airflow/example_dags/example_branch_day_of_week_operator.py took 0.078 seconds
[2024-08-22T11:07:47.437+0700] {processor.py:186} INFO - Started process (PID=27586) to work on /home/user/.local/lib/python3.10/site-packages/airflow/example_dags/example_branch_day_of_week_operator.py
[2024-08-22T11:07:47.439+0700] {processor.py:914} INFO - Processing file /home/user/.local/lib/python3.10/site-packages/airflow/example_dags/example_branch_day_of_week_operator.py for tasks to queue
[2024-08-22T11:07:47.442+0700] {logging_mixin.py:190} INFO - [2024-08-22T11:07:47.442+0700] {dagbag.py:587} INFO - Filling up the DagBag from /home/user/.local/lib/python3.10/site-packages/airflow/example_dags/example_branch_day_of_week_operator.py
[2024-08-22T11:07:47.456+0700] {processor.py:925} INFO - DAG(s) 'example_weekday_branch_operator' retrieved from /home/user/.local/lib/python3.10/site-packages/airflow/example_dags/example_branch_day_of_week_operator.py
[2024-08-22T11:07:47.473+0700] {logging_mixin.py:190} INFO - [2024-08-22T11:07:47.472+0700] {dag.py:3211} INFO - Sync 1 DAGs
[2024-08-22T11:07:47.488+0700] {logging_mixin.py:190} INFO - [2024-08-22T11:07:47.487+0700] {dag.py:4138} INFO - Setting next_dagrun for example_weekday_branch_operator to 2024-08-21 00:00:00+00:00, run_after=2024-08-22 00:00:00+00:00
[2024-08-22T11:07:47.513+0700] {processor.py:208} INFO - Processing /home/user/.local/lib/python3.10/site-packages/airflow/example_dags/example_branch_day_of_week_operator.py took 0.082 seconds
[2024-08-22T11:08:47.540+0700] {processor.py:186} INFO - Started process (PID=28053) to work on /home/user/.local/lib/python3.10/site-packages/airflow/example_dags/example_branch_day_of_week_operator.py
[2024-08-22T11:08:47.541+0700] {processor.py:914} INFO - Processing file /home/user/.local/lib/python3.10/site-packages/airflow/example_dags/example_branch_day_of_week_operator.py for tasks to queue
[2024-08-22T11:08:47.544+0700] {logging_mixin.py:190} INFO - [2024-08-22T11:08:47.543+0700] {dagbag.py:587} INFO - Filling up the DagBag from /home/user/.local/lib/python3.10/site-packages/airflow/example_dags/example_branch_day_of_week_operator.py
[2024-08-22T11:08:47.553+0700] {processor.py:925} INFO - DAG(s) 'example_weekday_branch_operator' retrieved from /home/user/.local/lib/python3.10/site-packages/airflow/example_dags/example_branch_day_of_week_operator.py
[2024-08-22T11:08:47.570+0700] {logging_mixin.py:190} INFO - [2024-08-22T11:08:47.570+0700] {dag.py:3211} INFO - Sync 1 DAGs
[2024-08-22T11:08:47.588+0700] {logging_mixin.py:190} INFO - [2024-08-22T11:08:47.588+0700] {dag.py:4138} INFO - Setting next_dagrun for example_weekday_branch_operator to 2024-08-21 00:00:00+00:00, run_after=2024-08-22 00:00:00+00:00
[2024-08-22T11:08:47.607+0700] {processor.py:208} INFO - Processing /home/user/.local/lib/python3.10/site-packages/airflow/example_dags/example_branch_day_of_week_operator.py took 0.073 seconds
[2024-08-22T11:09:44.028+0700] {processor.py:186} INFO - Started process (PID=28494) to work on /home/user/.local/lib/python3.10/site-packages/airflow/example_dags/example_branch_day_of_week_operator.py
[2024-08-22T11:09:44.030+0700] {processor.py:914} INFO - Processing file /home/user/.local/lib/python3.10/site-packages/airflow/example_dags/example_branch_day_of_week_operator.py for tasks to queue
[2024-08-22T11:09:44.032+0700] {logging_mixin.py:190} INFO - [2024-08-22T11:09:44.032+0700] {dagbag.py:587} INFO - Filling up the DagBag from /home/user/.local/lib/python3.10/site-packages/airflow/example_dags/example_branch_day_of_week_operator.py
[2024-08-22T11:09:44.041+0700] {processor.py:925} INFO - DAG(s) 'example_weekday_branch_operator' retrieved from /home/user/.local/lib/python3.10/site-packages/airflow/example_dags/example_branch_day_of_week_operator.py
[2024-08-22T11:09:44.056+0700] {logging_mixin.py:190} INFO - [2024-08-22T11:09:44.055+0700] {dag.py:3211} INFO - Sync 1 DAGs
[2024-08-22T11:09:44.070+0700] {logging_mixin.py:190} INFO - [2024-08-22T11:09:44.070+0700] {dag.py:4138} INFO - Setting next_dagrun for example_weekday_branch_operator to 2024-08-21 00:00:00+00:00, run_after=2024-08-22 00:00:00+00:00
[2024-08-22T11:09:44.087+0700] {processor.py:208} INFO - Processing /home/user/.local/lib/python3.10/site-packages/airflow/example_dags/example_branch_day_of_week_operator.py took 0.064 seconds
[2024-08-22T11:10:38.463+0700] {processor.py:186} INFO - Started process (PID=28923) to work on /home/user/.local/lib/python3.10/site-packages/airflow/example_dags/example_branch_day_of_week_operator.py
[2024-08-22T11:10:38.464+0700] {processor.py:914} INFO - Processing file /home/user/.local/lib/python3.10/site-packages/airflow/example_dags/example_branch_day_of_week_operator.py for tasks to queue
[2024-08-22T11:10:38.467+0700] {logging_mixin.py:190} INFO - [2024-08-22T11:10:38.466+0700] {dagbag.py:587} INFO - Filling up the DagBag from /home/user/.local/lib/python3.10/site-packages/airflow/example_dags/example_branch_day_of_week_operator.py
[2024-08-22T11:10:38.476+0700] {processor.py:925} INFO - DAG(s) 'example_weekday_branch_operator' retrieved from /home/user/.local/lib/python3.10/site-packages/airflow/example_dags/example_branch_day_of_week_operator.py
[2024-08-22T11:10:38.489+0700] {logging_mixin.py:190} INFO - [2024-08-22T11:10:38.489+0700] {dag.py:3211} INFO - Sync 1 DAGs
[2024-08-22T11:10:38.504+0700] {logging_mixin.py:190} INFO - [2024-08-22T11:10:38.504+0700] {dag.py:4138} INFO - Setting next_dagrun for example_weekday_branch_operator to 2024-08-21 00:00:00+00:00, run_after=2024-08-22 00:00:00+00:00
[2024-08-22T11:10:38.524+0700] {processor.py:208} INFO - Processing /home/user/.local/lib/python3.10/site-packages/airflow/example_dags/example_branch_day_of_week_operator.py took 0.066 seconds
[2024-08-22T11:11:33.707+0700] {processor.py:186} INFO - Started process (PID=29466) to work on /home/user/.local/lib/python3.10/site-packages/airflow/example_dags/example_branch_day_of_week_operator.py
[2024-08-22T11:11:33.709+0700] {processor.py:914} INFO - Processing file /home/user/.local/lib/python3.10/site-packages/airflow/example_dags/example_branch_day_of_week_operator.py for tasks to queue
[2024-08-22T11:11:33.711+0700] {logging_mixin.py:190} INFO - [2024-08-22T11:11:33.711+0700] {dagbag.py:587} INFO - Filling up the DagBag from /home/user/.local/lib/python3.10/site-packages/airflow/example_dags/example_branch_day_of_week_operator.py
[2024-08-22T11:11:33.724+0700] {processor.py:925} INFO - DAG(s) 'example_weekday_branch_operator' retrieved from /home/user/.local/lib/python3.10/site-packages/airflow/example_dags/example_branch_day_of_week_operator.py
[2024-08-22T11:11:33.738+0700] {logging_mixin.py:190} INFO - [2024-08-22T11:11:33.737+0700] {dag.py:3211} INFO - Sync 1 DAGs
[2024-08-22T11:11:33.758+0700] {logging_mixin.py:190} INFO - [2024-08-22T11:11:33.757+0700] {dag.py:4138} INFO - Setting next_dagrun for example_weekday_branch_operator to 2024-08-21 00:00:00+00:00, run_after=2024-08-22 00:00:00+00:00
[2024-08-22T11:11:33.776+0700] {processor.py:208} INFO - Processing /home/user/.local/lib/python3.10/site-packages/airflow/example_dags/example_branch_day_of_week_operator.py took 0.076 seconds
[2024-08-22T11:12:51.954+0700] {processor.py:186} INFO - Started process (PID=30094) to work on /home/user/.local/lib/python3.10/site-packages/airflow/example_dags/example_branch_day_of_week_operator.py
[2024-08-22T11:12:51.955+0700] {processor.py:914} INFO - Processing file /home/user/.local/lib/python3.10/site-packages/airflow/example_dags/example_branch_day_of_week_operator.py for tasks to queue
[2024-08-22T11:12:51.957+0700] {logging_mixin.py:190} INFO - [2024-08-22T11:12:51.956+0700] {dagbag.py:587} INFO - Filling up the DagBag from /home/user/.local/lib/python3.10/site-packages/airflow/example_dags/example_branch_day_of_week_operator.py
[2024-08-22T11:12:51.966+0700] {processor.py:925} INFO - DAG(s) 'example_weekday_branch_operator' retrieved from /home/user/.local/lib/python3.10/site-packages/airflow/example_dags/example_branch_day_of_week_operator.py
[2024-08-22T11:12:52.055+0700] {logging_mixin.py:190} INFO - [2024-08-22T11:12:52.054+0700] {override.py:1858} INFO - Created Permission View: can read on DAG:example_weekday_branch_operator
[2024-08-22T11:12:52.066+0700] {logging_mixin.py:190} INFO - [2024-08-22T11:12:52.065+0700] {override.py:1858} INFO - Created Permission View: can edit on DAG:example_weekday_branch_operator
[2024-08-22T11:12:52.075+0700] {logging_mixin.py:190} INFO - [2024-08-22T11:12:52.075+0700] {override.py:1858} INFO - Created Permission View: can delete on DAG:example_weekday_branch_operator
[2024-08-22T11:12:52.075+0700] {logging_mixin.py:190} INFO - [2024-08-22T11:12:52.075+0700] {dag.py:3211} INFO - Sync 1 DAGs
[2024-08-22T11:12:52.084+0700] {logging_mixin.py:190} INFO - [2024-08-22T11:12:52.084+0700] {dag.py:3234} INFO - Creating ORM DAG for example_weekday_branch_operator
[2024-08-22T11:12:52.091+0700] {logging_mixin.py:190} INFO - [2024-08-22T11:12:52.091+0700] {dag.py:4138} INFO - Setting next_dagrun for example_weekday_branch_operator to 2024-08-21 00:00:00+00:00, run_after=2024-08-22 00:00:00+00:00
[2024-08-22T11:12:52.118+0700] {processor.py:208} INFO - Processing /home/user/.local/lib/python3.10/site-packages/airflow/example_dags/example_branch_day_of_week_operator.py took 0.169 seconds
[2024-08-22T11:14:17.456+0700] {processor.py:186} INFO - Started process (PID=30784) to work on /home/user/.local/lib/python3.10/site-packages/airflow/example_dags/example_branch_day_of_week_operator.py
[2024-08-22T11:14:17.458+0700] {processor.py:914} INFO - Processing file /home/user/.local/lib/python3.10/site-packages/airflow/example_dags/example_branch_day_of_week_operator.py for tasks to queue
[2024-08-22T11:14:17.460+0700] {logging_mixin.py:190} INFO - [2024-08-22T11:14:17.459+0700] {dagbag.py:587} INFO - Filling up the DagBag from /home/user/.local/lib/python3.10/site-packages/airflow/example_dags/example_branch_day_of_week_operator.py
[2024-08-22T11:14:17.467+0700] {processor.py:925} INFO - DAG(s) 'example_weekday_branch_operator' retrieved from /home/user/.local/lib/python3.10/site-packages/airflow/example_dags/example_branch_day_of_week_operator.py
[2024-08-22T11:14:17.481+0700] {logging_mixin.py:190} INFO - [2024-08-22T11:14:17.481+0700] {dag.py:3211} INFO - Sync 1 DAGs
[2024-08-22T11:14:17.495+0700] {logging_mixin.py:190} INFO - [2024-08-22T11:14:17.495+0700] {dag.py:4138} INFO - Setting next_dagrun for example_weekday_branch_operator to 2024-08-21 00:00:00+00:00, run_after=2024-08-22 00:00:00+00:00
[2024-08-22T11:14:17.514+0700] {processor.py:208} INFO - Processing /home/user/.local/lib/python3.10/site-packages/airflow/example_dags/example_branch_day_of_week_operator.py took 0.062 seconds
[2024-08-22T11:15:17.305+0700] {processor.py:186} INFO - Started process (PID=31258) to work on /home/user/.local/lib/python3.10/site-packages/airflow/example_dags/example_branch_day_of_week_operator.py
[2024-08-22T11:15:17.307+0700] {processor.py:914} INFO - Processing file /home/user/.local/lib/python3.10/site-packages/airflow/example_dags/example_branch_day_of_week_operator.py for tasks to queue
[2024-08-22T11:15:17.309+0700] {logging_mixin.py:190} INFO - [2024-08-22T11:15:17.309+0700] {dagbag.py:587} INFO - Filling up the DagBag from /home/user/.local/lib/python3.10/site-packages/airflow/example_dags/example_branch_day_of_week_operator.py
[2024-08-22T11:15:17.320+0700] {processor.py:925} INFO - DAG(s) 'example_weekday_branch_operator' retrieved from /home/user/.local/lib/python3.10/site-packages/airflow/example_dags/example_branch_day_of_week_operator.py
[2024-08-22T11:15:17.339+0700] {logging_mixin.py:190} INFO - [2024-08-22T11:15:17.339+0700] {dag.py:3211} INFO - Sync 1 DAGs
[2024-08-22T11:15:17.355+0700] {logging_mixin.py:190} INFO - [2024-08-22T11:15:17.355+0700] {dag.py:4138} INFO - Setting next_dagrun for example_weekday_branch_operator to 2024-08-21 00:00:00+00:00, run_after=2024-08-22 00:00:00+00:00
[2024-08-22T11:15:17.376+0700] {processor.py:208} INFO - Processing /home/user/.local/lib/python3.10/site-packages/airflow/example_dags/example_branch_day_of_week_operator.py took 0.076 seconds
[2024-08-22T11:16:13.868+0700] {processor.py:186} INFO - Started process (PID=31740) to work on /home/user/.local/lib/python3.10/site-packages/airflow/example_dags/example_branch_day_of_week_operator.py
[2024-08-22T11:16:13.869+0700] {processor.py:914} INFO - Processing file /home/user/.local/lib/python3.10/site-packages/airflow/example_dags/example_branch_day_of_week_operator.py for tasks to queue
[2024-08-22T11:16:13.872+0700] {logging_mixin.py:190} INFO - [2024-08-22T11:16:13.871+0700] {dagbag.py:587} INFO - Filling up the DagBag from /home/user/.local/lib/python3.10/site-packages/airflow/example_dags/example_branch_day_of_week_operator.py
[2024-08-22T11:16:13.883+0700] {processor.py:925} INFO - DAG(s) 'example_weekday_branch_operator' retrieved from /home/user/.local/lib/python3.10/site-packages/airflow/example_dags/example_branch_day_of_week_operator.py
[2024-08-22T11:16:13.902+0700] {logging_mixin.py:190} INFO - [2024-08-22T11:16:13.902+0700] {dag.py:3211} INFO - Sync 1 DAGs
[2024-08-22T11:16:13.923+0700] {logging_mixin.py:190} INFO - [2024-08-22T11:16:13.923+0700] {dag.py:4138} INFO - Setting next_dagrun for example_weekday_branch_operator to 2024-08-21 00:00:00+00:00, run_after=2024-08-22 00:00:00+00:00
[2024-08-22T11:16:13.944+0700] {processor.py:208} INFO - Processing /home/user/.local/lib/python3.10/site-packages/airflow/example_dags/example_branch_day_of_week_operator.py took 0.082 seconds
[2024-08-22T11:17:47.750+0700] {processor.py:186} INFO - Started process (PID=32473) to work on /home/user/.local/lib/python3.10/site-packages/airflow/example_dags/example_branch_day_of_week_operator.py
[2024-08-22T11:17:47.752+0700] {processor.py:914} INFO - Processing file /home/user/.local/lib/python3.10/site-packages/airflow/example_dags/example_branch_day_of_week_operator.py for tasks to queue
[2024-08-22T11:17:47.754+0700] {logging_mixin.py:190} INFO - [2024-08-22T11:17:47.754+0700] {dagbag.py:587} INFO - Filling up the DagBag from /home/user/.local/lib/python3.10/site-packages/airflow/example_dags/example_branch_day_of_week_operator.py
[2024-08-22T11:17:47.762+0700] {processor.py:925} INFO - DAG(s) 'example_weekday_branch_operator' retrieved from /home/user/.local/lib/python3.10/site-packages/airflow/example_dags/example_branch_day_of_week_operator.py
[2024-08-22T11:17:47.777+0700] {logging_mixin.py:190} INFO - [2024-08-22T11:17:47.777+0700] {dag.py:3211} INFO - Sync 1 DAGs
[2024-08-22T11:17:47.794+0700] {logging_mixin.py:190} INFO - [2024-08-22T11:17:47.793+0700] {dag.py:4138} INFO - Setting next_dagrun for example_weekday_branch_operator to 2024-08-21 00:00:00+00:00, run_after=2024-08-22 00:00:00+00:00
[2024-08-22T11:17:47.812+0700] {processor.py:208} INFO - Processing /home/user/.local/lib/python3.10/site-packages/airflow/example_dags/example_branch_day_of_week_operator.py took 0.066 seconds
[2024-08-22T11:18:43.076+0700] {processor.py:186} INFO - Started process (PID=32909) to work on /home/user/.local/lib/python3.10/site-packages/airflow/example_dags/example_branch_day_of_week_operator.py
[2024-08-22T11:18:43.079+0700] {processor.py:914} INFO - Processing file /home/user/.local/lib/python3.10/site-packages/airflow/example_dags/example_branch_day_of_week_operator.py for tasks to queue
[2024-08-22T11:18:43.081+0700] {logging_mixin.py:190} INFO - [2024-08-22T11:18:43.080+0700] {dagbag.py:587} INFO - Filling up the DagBag from /home/user/.local/lib/python3.10/site-packages/airflow/example_dags/example_branch_day_of_week_operator.py
[2024-08-22T11:18:43.088+0700] {processor.py:925} INFO - DAG(s) 'example_weekday_branch_operator' retrieved from /home/user/.local/lib/python3.10/site-packages/airflow/example_dags/example_branch_day_of_week_operator.py
[2024-08-22T11:18:43.108+0700] {logging_mixin.py:190} INFO - [2024-08-22T11:18:43.108+0700] {dag.py:3211} INFO - Sync 1 DAGs
[2024-08-22T11:18:43.125+0700] {logging_mixin.py:190} INFO - [2024-08-22T11:18:43.125+0700] {dag.py:4138} INFO - Setting next_dagrun for example_weekday_branch_operator to 2024-08-21 00:00:00+00:00, run_after=2024-08-22 00:00:00+00:00
[2024-08-22T11:18:43.144+0700] {processor.py:208} INFO - Processing /home/user/.local/lib/python3.10/site-packages/airflow/example_dags/example_branch_day_of_week_operator.py took 0.073 seconds
[2024-08-22T11:19:47.542+0700] {processor.py:186} INFO - Started process (PID=33411) to work on /home/user/.local/lib/python3.10/site-packages/airflow/example_dags/example_branch_day_of_week_operator.py
[2024-08-22T11:19:47.543+0700] {processor.py:914} INFO - Processing file /home/user/.local/lib/python3.10/site-packages/airflow/example_dags/example_branch_day_of_week_operator.py for tasks to queue
[2024-08-22T11:19:47.545+0700] {logging_mixin.py:190} INFO - [2024-08-22T11:19:47.545+0700] {dagbag.py:587} INFO - Filling up the DagBag from /home/user/.local/lib/python3.10/site-packages/airflow/example_dags/example_branch_day_of_week_operator.py
[2024-08-22T11:19:47.554+0700] {processor.py:925} INFO - DAG(s) 'example_weekday_branch_operator' retrieved from /home/user/.local/lib/python3.10/site-packages/airflow/example_dags/example_branch_day_of_week_operator.py
[2024-08-22T11:19:47.566+0700] {logging_mixin.py:190} INFO - [2024-08-22T11:19:47.566+0700] {dag.py:3211} INFO - Sync 1 DAGs
[2024-08-22T11:19:47.580+0700] {logging_mixin.py:190} INFO - [2024-08-22T11:19:47.580+0700] {dag.py:4138} INFO - Setting next_dagrun for example_weekday_branch_operator to 2024-08-21 00:00:00+00:00, run_after=2024-08-22 00:00:00+00:00
[2024-08-22T11:19:47.600+0700] {processor.py:208} INFO - Processing /home/user/.local/lib/python3.10/site-packages/airflow/example_dags/example_branch_day_of_week_operator.py took 0.063 seconds
[2024-08-22T11:20:49.607+0700] {processor.py:186} INFO - Started process (PID=33902) to work on /home/user/.local/lib/python3.10/site-packages/airflow/example_dags/example_branch_day_of_week_operator.py
[2024-08-22T11:20:49.608+0700] {processor.py:914} INFO - Processing file /home/user/.local/lib/python3.10/site-packages/airflow/example_dags/example_branch_day_of_week_operator.py for tasks to queue
[2024-08-22T11:20:49.610+0700] {logging_mixin.py:190} INFO - [2024-08-22T11:20:49.610+0700] {dagbag.py:587} INFO - Filling up the DagBag from /home/user/.local/lib/python3.10/site-packages/airflow/example_dags/example_branch_day_of_week_operator.py
[2024-08-22T11:20:49.618+0700] {processor.py:925} INFO - DAG(s) 'example_weekday_branch_operator' retrieved from /home/user/.local/lib/python3.10/site-packages/airflow/example_dags/example_branch_day_of_week_operator.py
[2024-08-22T11:20:49.634+0700] {logging_mixin.py:190} INFO - [2024-08-22T11:20:49.633+0700] {dag.py:3211} INFO - Sync 1 DAGs
[2024-08-22T11:20:49.651+0700] {logging_mixin.py:190} INFO - [2024-08-22T11:20:49.651+0700] {dag.py:4138} INFO - Setting next_dagrun for example_weekday_branch_operator to 2024-08-21 00:00:00+00:00, run_after=2024-08-22 00:00:00+00:00
[2024-08-22T11:20:49.670+0700] {processor.py:208} INFO - Processing /home/user/.local/lib/python3.10/site-packages/airflow/example_dags/example_branch_day_of_week_operator.py took 0.068 seconds
[2024-08-22T11:21:49.129+0700] {processor.py:186} INFO - Started process (PID=34366) to work on /home/user/.local/lib/python3.10/site-packages/airflow/example_dags/example_branch_day_of_week_operator.py
[2024-08-22T11:21:49.130+0700] {processor.py:914} INFO - Processing file /home/user/.local/lib/python3.10/site-packages/airflow/example_dags/example_branch_day_of_week_operator.py for tasks to queue
[2024-08-22T11:21:49.132+0700] {logging_mixin.py:190} INFO - [2024-08-22T11:21:49.132+0700] {dagbag.py:587} INFO - Filling up the DagBag from /home/user/.local/lib/python3.10/site-packages/airflow/example_dags/example_branch_day_of_week_operator.py
[2024-08-22T11:21:49.145+0700] {processor.py:925} INFO - DAG(s) 'example_weekday_branch_operator' retrieved from /home/user/.local/lib/python3.10/site-packages/airflow/example_dags/example_branch_day_of_week_operator.py
[2024-08-22T11:21:49.161+0700] {logging_mixin.py:190} INFO - [2024-08-22T11:21:49.160+0700] {dag.py:3211} INFO - Sync 1 DAGs
[2024-08-22T11:21:49.175+0700] {logging_mixin.py:190} INFO - [2024-08-22T11:21:49.175+0700] {dag.py:4138} INFO - Setting next_dagrun for example_weekday_branch_operator to 2024-08-21 00:00:00+00:00, run_after=2024-08-22 00:00:00+00:00
[2024-08-22T11:21:49.192+0700] {processor.py:208} INFO - Processing /home/user/.local/lib/python3.10/site-packages/airflow/example_dags/example_branch_day_of_week_operator.py took 0.067 seconds
[2024-08-22T11:23:05.508+0700] {processor.py:186} INFO - Started process (PID=35002) to work on /home/user/.local/lib/python3.10/site-packages/airflow/example_dags/example_branch_day_of_week_operator.py
[2024-08-22T11:23:05.509+0700] {processor.py:914} INFO - Processing file /home/user/.local/lib/python3.10/site-packages/airflow/example_dags/example_branch_day_of_week_operator.py for tasks to queue
[2024-08-22T11:23:05.510+0700] {logging_mixin.py:190} INFO - [2024-08-22T11:23:05.510+0700] {dagbag.py:587} INFO - Filling up the DagBag from /home/user/.local/lib/python3.10/site-packages/airflow/example_dags/example_branch_day_of_week_operator.py
[2024-08-22T11:23:05.519+0700] {processor.py:925} INFO - DAG(s) 'example_weekday_branch_operator' retrieved from /home/user/.local/lib/python3.10/site-packages/airflow/example_dags/example_branch_day_of_week_operator.py
[2024-08-22T11:23:05.531+0700] {logging_mixin.py:190} INFO - [2024-08-22T11:23:05.531+0700] {dag.py:3211} INFO - Sync 1 DAGs
[2024-08-22T11:23:05.545+0700] {logging_mixin.py:190} INFO - [2024-08-22T11:23:05.545+0700] {dag.py:4138} INFO - Setting next_dagrun for example_weekday_branch_operator to 2024-08-21 00:00:00+00:00, run_after=2024-08-22 00:00:00+00:00
[2024-08-22T11:23:05.560+0700] {processor.py:208} INFO - Processing /home/user/.local/lib/python3.10/site-packages/airflow/example_dags/example_branch_day_of_week_operator.py took 0.057 seconds
[2024-08-22T11:24:02.324+0700] {processor.py:186} INFO - Started process (PID=35527) to work on /home/user/.local/lib/python3.10/site-packages/airflow/example_dags/example_branch_day_of_week_operator.py
[2024-08-22T11:24:02.326+0700] {processor.py:914} INFO - Processing file /home/user/.local/lib/python3.10/site-packages/airflow/example_dags/example_branch_day_of_week_operator.py for tasks to queue
[2024-08-22T11:24:02.329+0700] {logging_mixin.py:190} INFO - [2024-08-22T11:24:02.328+0700] {dagbag.py:587} INFO - Filling up the DagBag from /home/user/.local/lib/python3.10/site-packages/airflow/example_dags/example_branch_day_of_week_operator.py
[2024-08-22T11:24:02.340+0700] {processor.py:925} INFO - DAG(s) 'example_weekday_branch_operator' retrieved from /home/user/.local/lib/python3.10/site-packages/airflow/example_dags/example_branch_day_of_week_operator.py
[2024-08-22T11:24:02.358+0700] {logging_mixin.py:190} INFO - [2024-08-22T11:24:02.358+0700] {dag.py:3211} INFO - Sync 1 DAGs
[2024-08-22T11:24:02.375+0700] {logging_mixin.py:190} INFO - [2024-08-22T11:24:02.375+0700] {dag.py:4138} INFO - Setting next_dagrun for example_weekday_branch_operator to 2024-08-21 00:00:00+00:00, run_after=2024-08-22 00:00:00+00:00
[2024-08-22T11:24:02.394+0700] {processor.py:208} INFO - Processing /home/user/.local/lib/python3.10/site-packages/airflow/example_dags/example_branch_day_of_week_operator.py took 0.075 seconds
[2024-08-22T11:25:04.579+0700] {processor.py:186} INFO - Started process (PID=36067) to work on /home/user/.local/lib/python3.10/site-packages/airflow/example_dags/example_branch_day_of_week_operator.py
[2024-08-22T11:25:04.592+0700] {processor.py:914} INFO - Processing file /home/user/.local/lib/python3.10/site-packages/airflow/example_dags/example_branch_day_of_week_operator.py for tasks to queue
[2024-08-22T11:25:04.606+0700] {logging_mixin.py:190} INFO - [2024-08-22T11:25:04.604+0700] {dagbag.py:587} INFO - Filling up the DagBag from /home/user/.local/lib/python3.10/site-packages/airflow/example_dags/example_branch_day_of_week_operator.py
[2024-08-22T11:25:04.627+0700] {processor.py:925} INFO - DAG(s) 'example_weekday_branch_operator' retrieved from /home/user/.local/lib/python3.10/site-packages/airflow/example_dags/example_branch_day_of_week_operator.py
[2024-08-22T11:25:04.659+0700] {logging_mixin.py:190} INFO - [2024-08-22T11:25:04.659+0700] {dag.py:3211} INFO - Sync 1 DAGs
[2024-08-22T11:25:04.738+0700] {logging_mixin.py:190} INFO - [2024-08-22T11:25:04.737+0700] {dag.py:4138} INFO - Setting next_dagrun for example_weekday_branch_operator to 2024-08-21 00:00:00+00:00, run_after=2024-08-22 00:00:00+00:00
[2024-08-22T11:25:04.769+0700] {processor.py:208} INFO - Processing /home/user/.local/lib/python3.10/site-packages/airflow/example_dags/example_branch_day_of_week_operator.py took 0.251 seconds
[2024-08-22T11:26:26.737+0700] {processor.py:186} INFO - Started process (PID=36862) to work on /home/user/.local/lib/python3.10/site-packages/airflow/example_dags/example_branch_day_of_week_operator.py
[2024-08-22T11:26:26.739+0700] {processor.py:914} INFO - Processing file /home/user/.local/lib/python3.10/site-packages/airflow/example_dags/example_branch_day_of_week_operator.py for tasks to queue
[2024-08-22T11:26:26.741+0700] {logging_mixin.py:190} INFO - [2024-08-22T11:26:26.741+0700] {dagbag.py:587} INFO - Filling up the DagBag from /home/user/.local/lib/python3.10/site-packages/airflow/example_dags/example_branch_day_of_week_operator.py
[2024-08-22T11:26:26.764+0700] {processor.py:925} INFO - DAG(s) 'example_weekday_branch_operator' retrieved from /home/user/.local/lib/python3.10/site-packages/airflow/example_dags/example_branch_day_of_week_operator.py
[2024-08-22T11:26:26.794+0700] {logging_mixin.py:190} INFO - [2024-08-22T11:26:26.793+0700] {dag.py:3211} INFO - Sync 1 DAGs
[2024-08-22T11:26:26.834+0700] {logging_mixin.py:190} INFO - [2024-08-22T11:26:26.834+0700] {dag.py:4138} INFO - Setting next_dagrun for example_weekday_branch_operator to 2024-08-21 00:00:00+00:00, run_after=2024-08-22 00:00:00+00:00
[2024-08-22T11:26:26.868+0700] {processor.py:208} INFO - Processing /home/user/.local/lib/python3.10/site-packages/airflow/example_dags/example_branch_day_of_week_operator.py took 0.138 seconds
[2024-08-22T11:28:16.071+0700] {processor.py:186} INFO - Started process (PID=37792) to work on /home/user/.local/lib/python3.10/site-packages/airflow/example_dags/example_branch_day_of_week_operator.py
[2024-08-22T11:28:16.073+0700] {processor.py:914} INFO - Processing file /home/user/.local/lib/python3.10/site-packages/airflow/example_dags/example_branch_day_of_week_operator.py for tasks to queue
[2024-08-22T11:28:16.075+0700] {logging_mixin.py:190} INFO - [2024-08-22T11:28:16.074+0700] {dagbag.py:587} INFO - Filling up the DagBag from /home/user/.local/lib/python3.10/site-packages/airflow/example_dags/example_branch_day_of_week_operator.py
[2024-08-22T11:28:16.085+0700] {processor.py:925} INFO - DAG(s) 'example_weekday_branch_operator' retrieved from /home/user/.local/lib/python3.10/site-packages/airflow/example_dags/example_branch_day_of_week_operator.py
[2024-08-22T11:28:16.101+0700] {logging_mixin.py:190} INFO - [2024-08-22T11:28:16.101+0700] {dag.py:3211} INFO - Sync 1 DAGs
[2024-08-22T11:28:16.116+0700] {logging_mixin.py:190} INFO - [2024-08-22T11:28:16.116+0700] {dag.py:4138} INFO - Setting next_dagrun for example_weekday_branch_operator to 2024-08-21 00:00:00+00:00, run_after=2024-08-22 00:00:00+00:00
[2024-08-22T11:28:16.134+0700] {processor.py:208} INFO - Processing /home/user/.local/lib/python3.10/site-packages/airflow/example_dags/example_branch_day_of_week_operator.py took 0.069 seconds
[2024-08-22T11:29:36.820+0700] {processor.py:186} INFO - Started process (PID=38480) to work on /home/user/.local/lib/python3.10/site-packages/airflow/example_dags/example_branch_day_of_week_operator.py
[2024-08-22T11:29:36.823+0700] {processor.py:914} INFO - Processing file /home/user/.local/lib/python3.10/site-packages/airflow/example_dags/example_branch_day_of_week_operator.py for tasks to queue
[2024-08-22T11:29:36.824+0700] {logging_mixin.py:190} INFO - [2024-08-22T11:29:36.824+0700] {dagbag.py:587} INFO - Filling up the DagBag from /home/user/.local/lib/python3.10/site-packages/airflow/example_dags/example_branch_day_of_week_operator.py
[2024-08-22T11:29:36.837+0700] {processor.py:925} INFO - DAG(s) 'example_weekday_branch_operator' retrieved from /home/user/.local/lib/python3.10/site-packages/airflow/example_dags/example_branch_day_of_week_operator.py
[2024-08-22T11:29:36.857+0700] {logging_mixin.py:190} INFO - [2024-08-22T11:29:36.857+0700] {dag.py:3211} INFO - Sync 1 DAGs
[2024-08-22T11:29:36.876+0700] {logging_mixin.py:190} INFO - [2024-08-22T11:29:36.876+0700] {dag.py:4138} INFO - Setting next_dagrun for example_weekday_branch_operator to 2024-08-21 00:00:00+00:00, run_after=2024-08-22 00:00:00+00:00
[2024-08-22T11:29:36.892+0700] {processor.py:208} INFO - Processing /home/user/.local/lib/python3.10/site-packages/airflow/example_dags/example_branch_day_of_week_operator.py took 0.078 seconds
[2024-08-22T11:31:02.318+0700] {processor.py:186} INFO - Started process (PID=39079) to work on /home/user/.local/lib/python3.10/site-packages/airflow/example_dags/example_branch_day_of_week_operator.py
[2024-08-22T11:31:02.321+0700] {processor.py:914} INFO - Processing file /home/user/.local/lib/python3.10/site-packages/airflow/example_dags/example_branch_day_of_week_operator.py for tasks to queue
[2024-08-22T11:31:02.322+0700] {logging_mixin.py:190} INFO - [2024-08-22T11:31:02.322+0700] {dagbag.py:587} INFO - Filling up the DagBag from /home/user/.local/lib/python3.10/site-packages/airflow/example_dags/example_branch_day_of_week_operator.py
[2024-08-22T11:31:02.337+0700] {processor.py:925} INFO - DAG(s) 'example_weekday_branch_operator' retrieved from /home/user/.local/lib/python3.10/site-packages/airflow/example_dags/example_branch_day_of_week_operator.py
[2024-08-22T11:31:02.358+0700] {logging_mixin.py:190} INFO - [2024-08-22T11:31:02.357+0700] {dag.py:3211} INFO - Sync 1 DAGs
[2024-08-22T11:31:02.381+0700] {logging_mixin.py:190} INFO - [2024-08-22T11:31:02.381+0700] {dag.py:4138} INFO - Setting next_dagrun for example_weekday_branch_operator to 2024-08-21 00:00:00+00:00, run_after=2024-08-22 00:00:00+00:00
[2024-08-22T11:31:02.405+0700] {processor.py:208} INFO - Processing /home/user/.local/lib/python3.10/site-packages/airflow/example_dags/example_branch_day_of_week_operator.py took 0.113 seconds
