[2024-08-22T10:42:36.909+0700] {processor.py:186} INFO - Started process (PID=15182) to work on /home/user/.local/lib/python3.10/site-packages/airflow/example_dags/example_time_delta_sensor_async.py
[2024-08-22T10:42:36.910+0700] {processor.py:914} INFO - Processing file /home/user/.local/lib/python3.10/site-packages/airflow/example_dags/example_time_delta_sensor_async.py for tasks to queue
[2024-08-22T10:42:36.912+0700] {logging_mixin.py:190} INFO - [2024-08-22T10:42:36.912+0700] {dagbag.py:587} INFO - Filling up the DagBag from /home/user/.local/lib/python3.10/site-packages/airflow/example_dags/example_time_delta_sensor_async.py
[2024-08-22T10:42:36.917+0700] {processor.py:925} INFO - DAG(s) 'example_time_delta_sensor_async' retrieved from /home/user/.local/lib/python3.10/site-packages/airflow/example_dags/example_time_delta_sensor_async.py
[2024-08-22T10:42:36.991+0700] {logging_mixin.py:190} INFO - [2024-08-22T10:42:36.991+0700] {dag.py:3211} INFO - Sync 1 DAGs
[2024-08-22T10:42:37.001+0700] {logging_mixin.py:190} INFO - [2024-08-22T10:42:37.001+0700] {dag.py:4138} INFO - Setting next_dagrun for example_time_delta_sensor_async to None, run_after=None
[2024-08-22T10:42:37.020+0700] {processor.py:208} INFO - Processing /home/user/.local/lib/python3.10/site-packages/airflow/example_dags/example_time_delta_sensor_async.py took 0.117 seconds
[2024-08-22T10:43:38.154+0700] {processor.py:186} INFO - Started process (PID=15496) to work on /home/user/.local/lib/python3.10/site-packages/airflow/example_dags/example_time_delta_sensor_async.py
[2024-08-22T10:43:38.155+0700] {processor.py:914} INFO - Processing file /home/user/.local/lib/python3.10/site-packages/airflow/example_dags/example_time_delta_sensor_async.py for tasks to queue
[2024-08-22T10:43:38.158+0700] {logging_mixin.py:190} INFO - [2024-08-22T10:43:38.158+0700] {dagbag.py:587} INFO - Filling up the DagBag from /home/user/.local/lib/python3.10/site-packages/airflow/example_dags/example_time_delta_sensor_async.py
[2024-08-22T10:43:38.163+0700] {processor.py:925} INFO - DAG(s) 'example_time_delta_sensor_async' retrieved from /home/user/.local/lib/python3.10/site-packages/airflow/example_dags/example_time_delta_sensor_async.py
[2024-08-22T10:43:38.177+0700] {logging_mixin.py:190} INFO - [2024-08-22T10:43:38.177+0700] {dag.py:3211} INFO - Sync 1 DAGs
[2024-08-22T10:43:38.186+0700] {logging_mixin.py:190} INFO - [2024-08-22T10:43:38.185+0700] {dag.py:4138} INFO - Setting next_dagrun for example_time_delta_sensor_async to None, run_after=None
[2024-08-22T10:43:38.203+0700] {processor.py:208} INFO - Processing /home/user/.local/lib/python3.10/site-packages/airflow/example_dags/example_time_delta_sensor_async.py took 0.054 seconds
[2024-08-22T10:45:39.462+0700] {processor.py:186} INFO - Started process (PID=16111) to work on /home/user/.local/lib/python3.10/site-packages/airflow/example_dags/example_time_delta_sensor_async.py
[2024-08-22T10:45:39.463+0700] {processor.py:914} INFO - Processing file /home/user/.local/lib/python3.10/site-packages/airflow/example_dags/example_time_delta_sensor_async.py for tasks to queue
[2024-08-22T10:45:39.466+0700] {logging_mixin.py:190} INFO - [2024-08-22T10:45:39.466+0700] {dagbag.py:587} INFO - Filling up the DagBag from /home/user/.local/lib/python3.10/site-packages/airflow/example_dags/example_time_delta_sensor_async.py
[2024-08-22T10:45:39.472+0700] {processor.py:925} INFO - DAG(s) 'example_time_delta_sensor_async' retrieved from /home/user/.local/lib/python3.10/site-packages/airflow/example_dags/example_time_delta_sensor_async.py
[2024-08-22T10:45:39.486+0700] {logging_mixin.py:190} INFO - [2024-08-22T10:45:39.485+0700] {dag.py:3211} INFO - Sync 1 DAGs
[2024-08-22T10:45:39.496+0700] {logging_mixin.py:190} INFO - [2024-08-22T10:45:39.496+0700] {dag.py:4138} INFO - Setting next_dagrun for example_time_delta_sensor_async to None, run_after=None
[2024-08-22T10:45:39.518+0700] {processor.py:208} INFO - Processing /home/user/.local/lib/python3.10/site-packages/airflow/example_dags/example_time_delta_sensor_async.py took 0.062 seconds
[2024-08-22T10:51:58.096+0700] {processor.py:186} INFO - Started process (PID=19544) to work on /home/user/.local/lib/python3.10/site-packages/airflow/example_dags/example_time_delta_sensor_async.py
[2024-08-22T10:51:58.098+0700] {processor.py:914} INFO - Processing file /home/user/.local/lib/python3.10/site-packages/airflow/example_dags/example_time_delta_sensor_async.py for tasks to queue
[2024-08-22T10:51:58.100+0700] {logging_mixin.py:190} INFO - [2024-08-22T10:51:58.100+0700] {dagbag.py:587} INFO - Filling up the DagBag from /home/user/.local/lib/python3.10/site-packages/airflow/example_dags/example_time_delta_sensor_async.py
[2024-08-22T10:51:58.106+0700] {processor.py:925} INFO - DAG(s) 'example_time_delta_sensor_async' retrieved from /home/user/.local/lib/python3.10/site-packages/airflow/example_dags/example_time_delta_sensor_async.py
[2024-08-22T10:51:58.120+0700] {logging_mixin.py:190} INFO - [2024-08-22T10:51:58.119+0700] {dag.py:3211} INFO - Sync 1 DAGs
[2024-08-22T10:51:58.128+0700] {logging_mixin.py:190} INFO - [2024-08-22T10:51:58.128+0700] {dag.py:4138} INFO - Setting next_dagrun for example_time_delta_sensor_async to None, run_after=None
[2024-08-22T10:51:58.148+0700] {processor.py:208} INFO - Processing /home/user/.local/lib/python3.10/site-packages/airflow/example_dags/example_time_delta_sensor_async.py took 0.058 seconds
[2024-08-22T10:56:06.419+0700] {processor.py:186} INFO - Started process (PID=21658) to work on /home/user/.local/lib/python3.10/site-packages/airflow/example_dags/example_time_delta_sensor_async.py
[2024-08-22T10:56:06.420+0700] {processor.py:914} INFO - Processing file /home/user/.local/lib/python3.10/site-packages/airflow/example_dags/example_time_delta_sensor_async.py for tasks to queue
[2024-08-22T10:56:06.422+0700] {logging_mixin.py:190} INFO - [2024-08-22T10:56:06.421+0700] {dagbag.py:587} INFO - Filling up the DagBag from /home/user/.local/lib/python3.10/site-packages/airflow/example_dags/example_time_delta_sensor_async.py
[2024-08-22T10:56:06.426+0700] {processor.py:925} INFO - DAG(s) 'example_time_delta_sensor_async' retrieved from /home/user/.local/lib/python3.10/site-packages/airflow/example_dags/example_time_delta_sensor_async.py
[2024-08-22T10:56:06.439+0700] {logging_mixin.py:190} INFO - [2024-08-22T10:56:06.439+0700] {dag.py:3211} INFO - Sync 1 DAGs
[2024-08-22T10:56:06.447+0700] {logging_mixin.py:190} INFO - [2024-08-22T10:56:06.447+0700] {dag.py:4138} INFO - Setting next_dagrun for example_time_delta_sensor_async to None, run_after=None
[2024-08-22T10:56:06.471+0700] {processor.py:208} INFO - Processing /home/user/.local/lib/python3.10/site-packages/airflow/example_dags/example_time_delta_sensor_async.py took 0.058 seconds
[2024-08-22T10:57:06.957+0700] {processor.py:186} INFO - Started process (PID=22145) to work on /home/user/.local/lib/python3.10/site-packages/airflow/example_dags/example_time_delta_sensor_async.py
[2024-08-22T10:57:06.959+0700] {processor.py:914} INFO - Processing file /home/user/.local/lib/python3.10/site-packages/airflow/example_dags/example_time_delta_sensor_async.py for tasks to queue
[2024-08-22T10:57:06.962+0700] {logging_mixin.py:190} INFO - [2024-08-22T10:57:06.961+0700] {dagbag.py:587} INFO - Filling up the DagBag from /home/user/.local/lib/python3.10/site-packages/airflow/example_dags/example_time_delta_sensor_async.py
[2024-08-22T10:57:06.969+0700] {processor.py:925} INFO - DAG(s) 'example_time_delta_sensor_async' retrieved from /home/user/.local/lib/python3.10/site-packages/airflow/example_dags/example_time_delta_sensor_async.py
[2024-08-22T10:57:06.987+0700] {logging_mixin.py:190} INFO - [2024-08-22T10:57:06.986+0700] {dag.py:3211} INFO - Sync 1 DAGs
[2024-08-22T10:57:06.999+0700] {logging_mixin.py:190} INFO - [2024-08-22T10:57:06.999+0700] {dag.py:4138} INFO - Setting next_dagrun for example_time_delta_sensor_async to None, run_after=None
[2024-08-22T10:57:07.029+0700] {processor.py:208} INFO - Processing /home/user/.local/lib/python3.10/site-packages/airflow/example_dags/example_time_delta_sensor_async.py took 0.077 seconds
[2024-08-22T10:58:07.492+0700] {processor.py:186} INFO - Started process (PID=22755) to work on /home/user/.local/lib/python3.10/site-packages/airflow/example_dags/example_time_delta_sensor_async.py
[2024-08-22T10:58:07.494+0700] {processor.py:914} INFO - Processing file /home/user/.local/lib/python3.10/site-packages/airflow/example_dags/example_time_delta_sensor_async.py for tasks to queue
[2024-08-22T10:58:07.496+0700] {logging_mixin.py:190} INFO - [2024-08-22T10:58:07.495+0700] {dagbag.py:587} INFO - Filling up the DagBag from /home/user/.local/lib/python3.10/site-packages/airflow/example_dags/example_time_delta_sensor_async.py
[2024-08-22T10:58:07.503+0700] {processor.py:925} INFO - DAG(s) 'example_time_delta_sensor_async' retrieved from /home/user/.local/lib/python3.10/site-packages/airflow/example_dags/example_time_delta_sensor_async.py
[2024-08-22T10:58:07.517+0700] {logging_mixin.py:190} INFO - [2024-08-22T10:58:07.517+0700] {dag.py:3211} INFO - Sync 1 DAGs
[2024-08-22T10:58:07.527+0700] {logging_mixin.py:190} INFO - [2024-08-22T10:58:07.527+0700] {dag.py:4138} INFO - Setting next_dagrun for example_time_delta_sensor_async to None, run_after=None
[2024-08-22T10:58:07.558+0700] {processor.py:208} INFO - Processing /home/user/.local/lib/python3.10/site-packages/airflow/example_dags/example_time_delta_sensor_async.py took 0.072 seconds
[2024-08-22T10:58:46.670+0700] {processor.py:186} INFO - Started process (PID=23244) to work on /home/user/.local/lib/python3.10/site-packages/airflow/example_dags/example_time_delta_sensor_async.py
[2024-08-22T10:58:46.673+0700] {processor.py:914} INFO - Processing file /home/user/.local/lib/python3.10/site-packages/airflow/example_dags/example_time_delta_sensor_async.py for tasks to queue
[2024-08-22T10:58:46.684+0700] {logging_mixin.py:190} INFO - [2024-08-22T10:58:46.682+0700] {dagbag.py:587} INFO - Filling up the DagBag from /home/user/.local/lib/python3.10/site-packages/airflow/example_dags/example_time_delta_sensor_async.py
[2024-08-22T10:58:46.704+0700] {processor.py:925} INFO - DAG(s) 'example_time_delta_sensor_async' retrieved from /home/user/.local/lib/python3.10/site-packages/airflow/example_dags/example_time_delta_sensor_async.py
[2024-08-22T10:58:46.735+0700] {logging_mixin.py:190} INFO - [2024-08-22T10:58:46.735+0700] {dag.py:3211} INFO - Sync 1 DAGs
[2024-08-22T10:58:46.753+0700] {logging_mixin.py:190} INFO - [2024-08-22T10:58:46.753+0700] {dag.py:4138} INFO - Setting next_dagrun for example_time_delta_sensor_async to None, run_after=None
[2024-08-22T10:58:46.798+0700] {processor.py:208} INFO - Processing /home/user/.local/lib/python3.10/site-packages/airflow/example_dags/example_time_delta_sensor_async.py took 0.135 seconds
[2024-08-22T10:59:47.436+0700] {processor.py:186} INFO - Started process (PID=23749) to work on /home/user/.local/lib/python3.10/site-packages/airflow/example_dags/example_time_delta_sensor_async.py
[2024-08-22T10:59:47.438+0700] {processor.py:914} INFO - Processing file /home/user/.local/lib/python3.10/site-packages/airflow/example_dags/example_time_delta_sensor_async.py for tasks to queue
[2024-08-22T10:59:47.440+0700] {logging_mixin.py:190} INFO - [2024-08-22T10:59:47.440+0700] {dagbag.py:587} INFO - Filling up the DagBag from /home/user/.local/lib/python3.10/site-packages/airflow/example_dags/example_time_delta_sensor_async.py
[2024-08-22T10:59:47.446+0700] {processor.py:925} INFO - DAG(s) 'example_time_delta_sensor_async' retrieved from /home/user/.local/lib/python3.10/site-packages/airflow/example_dags/example_time_delta_sensor_async.py
[2024-08-22T10:59:47.462+0700] {logging_mixin.py:190} INFO - [2024-08-22T10:59:47.461+0700] {dag.py:3211} INFO - Sync 1 DAGs
[2024-08-22T10:59:47.474+0700] {logging_mixin.py:190} INFO - [2024-08-22T10:59:47.473+0700] {dag.py:4138} INFO - Setting next_dagrun for example_time_delta_sensor_async to None, run_after=None
[2024-08-22T10:59:47.491+0700] {processor.py:208} INFO - Processing /home/user/.local/lib/python3.10/site-packages/airflow/example_dags/example_time_delta_sensor_async.py took 0.059 seconds
[2024-08-22T11:00:45.489+0700] {processor.py:186} INFO - Started process (PID=24209) to work on /home/user/.local/lib/python3.10/site-packages/airflow/example_dags/example_time_delta_sensor_async.py
[2024-08-22T11:00:45.491+0700] {processor.py:914} INFO - Processing file /home/user/.local/lib/python3.10/site-packages/airflow/example_dags/example_time_delta_sensor_async.py for tasks to queue
[2024-08-22T11:00:45.494+0700] {logging_mixin.py:190} INFO - [2024-08-22T11:00:45.493+0700] {dagbag.py:587} INFO - Filling up the DagBag from /home/user/.local/lib/python3.10/site-packages/airflow/example_dags/example_time_delta_sensor_async.py
[2024-08-22T11:00:45.503+0700] {processor.py:925} INFO - DAG(s) 'example_time_delta_sensor_async' retrieved from /home/user/.local/lib/python3.10/site-packages/airflow/example_dags/example_time_delta_sensor_async.py
[2024-08-22T11:00:45.519+0700] {logging_mixin.py:190} INFO - [2024-08-22T11:00:45.519+0700] {dag.py:3211} INFO - Sync 1 DAGs
[2024-08-22T11:00:45.536+0700] {logging_mixin.py:190} INFO - [2024-08-22T11:00:45.535+0700] {dag.py:4138} INFO - Setting next_dagrun for example_time_delta_sensor_async to None, run_after=None
[2024-08-22T11:00:45.567+0700] {processor.py:208} INFO - Processing /home/user/.local/lib/python3.10/site-packages/airflow/example_dags/example_time_delta_sensor_async.py took 0.085 seconds
[2024-08-22T11:01:42.643+0700] {processor.py:186} INFO - Started process (PID=24662) to work on /home/user/.local/lib/python3.10/site-packages/airflow/example_dags/example_time_delta_sensor_async.py
[2024-08-22T11:01:42.644+0700] {processor.py:914} INFO - Processing file /home/user/.local/lib/python3.10/site-packages/airflow/example_dags/example_time_delta_sensor_async.py for tasks to queue
[2024-08-22T11:01:42.646+0700] {logging_mixin.py:190} INFO - [2024-08-22T11:01:42.645+0700] {dagbag.py:587} INFO - Filling up the DagBag from /home/user/.local/lib/python3.10/site-packages/airflow/example_dags/example_time_delta_sensor_async.py
[2024-08-22T11:01:42.652+0700] {processor.py:925} INFO - DAG(s) 'example_time_delta_sensor_async' retrieved from /home/user/.local/lib/python3.10/site-packages/airflow/example_dags/example_time_delta_sensor_async.py
[2024-08-22T11:01:42.665+0700] {logging_mixin.py:190} INFO - [2024-08-22T11:01:42.665+0700] {dag.py:3211} INFO - Sync 1 DAGs
[2024-08-22T11:01:42.676+0700] {logging_mixin.py:190} INFO - [2024-08-22T11:01:42.676+0700] {dag.py:4138} INFO - Setting next_dagrun for example_time_delta_sensor_async to None, run_after=None
[2024-08-22T11:01:42.695+0700] {processor.py:208} INFO - Processing /home/user/.local/lib/python3.10/site-packages/airflow/example_dags/example_time_delta_sensor_async.py took 0.057 seconds
[2024-08-22T11:02:44.293+0700] {processor.py:186} INFO - Started process (PID=25153) to work on /home/user/.local/lib/python3.10/site-packages/airflow/example_dags/example_time_delta_sensor_async.py
[2024-08-22T11:02:44.295+0700] {processor.py:914} INFO - Processing file /home/user/.local/lib/python3.10/site-packages/airflow/example_dags/example_time_delta_sensor_async.py for tasks to queue
[2024-08-22T11:02:44.296+0700] {logging_mixin.py:190} INFO - [2024-08-22T11:02:44.296+0700] {dagbag.py:587} INFO - Filling up the DagBag from /home/user/.local/lib/python3.10/site-packages/airflow/example_dags/example_time_delta_sensor_async.py
[2024-08-22T11:02:44.302+0700] {processor.py:925} INFO - DAG(s) 'example_time_delta_sensor_async' retrieved from /home/user/.local/lib/python3.10/site-packages/airflow/example_dags/example_time_delta_sensor_async.py
[2024-08-22T11:02:44.315+0700] {logging_mixin.py:190} INFO - [2024-08-22T11:02:44.314+0700] {dag.py:3211} INFO - Sync 1 DAGs
[2024-08-22T11:02:44.323+0700] {logging_mixin.py:190} INFO - [2024-08-22T11:02:44.323+0700] {dag.py:4138} INFO - Setting next_dagrun for example_time_delta_sensor_async to None, run_after=None
[2024-08-22T11:02:44.346+0700] {processor.py:208} INFO - Processing /home/user/.local/lib/python3.10/site-packages/airflow/example_dags/example_time_delta_sensor_async.py took 0.062 seconds
[2024-08-22T11:03:48.177+0700] {processor.py:186} INFO - Started process (PID=25843) to work on /home/user/.local/lib/python3.10/site-packages/airflow/example_dags/example_time_delta_sensor_async.py
[2024-08-22T11:03:48.179+0700] {processor.py:914} INFO - Processing file /home/user/.local/lib/python3.10/site-packages/airflow/example_dags/example_time_delta_sensor_async.py for tasks to queue
[2024-08-22T11:03:48.181+0700] {logging_mixin.py:190} INFO - [2024-08-22T11:03:48.181+0700] {dagbag.py:587} INFO - Filling up the DagBag from /home/user/.local/lib/python3.10/site-packages/airflow/example_dags/example_time_delta_sensor_async.py
[2024-08-22T11:03:48.189+0700] {processor.py:925} INFO - DAG(s) 'example_time_delta_sensor_async' retrieved from /home/user/.local/lib/python3.10/site-packages/airflow/example_dags/example_time_delta_sensor_async.py
[2024-08-22T11:03:48.204+0700] {logging_mixin.py:190} INFO - [2024-08-22T11:03:48.203+0700] {dag.py:3211} INFO - Sync 1 DAGs
[2024-08-22T11:03:48.218+0700] {logging_mixin.py:190} INFO - [2024-08-22T11:03:48.218+0700] {dag.py:4138} INFO - Setting next_dagrun for example_time_delta_sensor_async to None, run_after=None
[2024-08-22T11:03:48.239+0700] {processor.py:208} INFO - Processing /home/user/.local/lib/python3.10/site-packages/airflow/example_dags/example_time_delta_sensor_async.py took 0.068 seconds
[2024-08-22T11:04:57.585+0700] {processor.py:186} INFO - Started process (PID=26370) to work on /home/user/.local/lib/python3.10/site-packages/airflow/example_dags/example_time_delta_sensor_async.py
[2024-08-22T11:04:57.588+0700] {processor.py:914} INFO - Processing file /home/user/.local/lib/python3.10/site-packages/airflow/example_dags/example_time_delta_sensor_async.py for tasks to queue
[2024-08-22T11:04:57.590+0700] {logging_mixin.py:190} INFO - [2024-08-22T11:04:57.590+0700] {dagbag.py:587} INFO - Filling up the DagBag from /home/user/.local/lib/python3.10/site-packages/airflow/example_dags/example_time_delta_sensor_async.py
[2024-08-22T11:04:57.597+0700] {processor.py:925} INFO - DAG(s) 'example_time_delta_sensor_async' retrieved from /home/user/.local/lib/python3.10/site-packages/airflow/example_dags/example_time_delta_sensor_async.py
[2024-08-22T11:04:57.612+0700] {logging_mixin.py:190} INFO - [2024-08-22T11:04:57.612+0700] {dag.py:3211} INFO - Sync 1 DAGs
[2024-08-22T11:04:57.622+0700] {logging_mixin.py:190} INFO - [2024-08-22T11:04:57.621+0700] {dag.py:4138} INFO - Setting next_dagrun for example_time_delta_sensor_async to None, run_after=None
[2024-08-22T11:04:57.660+0700] {processor.py:208} INFO - Processing /home/user/.local/lib/python3.10/site-packages/airflow/example_dags/example_time_delta_sensor_async.py took 0.081 seconds
[2024-08-22T11:05:57.417+0700] {processor.py:186} INFO - Started process (PID=26721) to work on /home/user/.local/lib/python3.10/site-packages/airflow/example_dags/example_time_delta_sensor_async.py
[2024-08-22T11:05:57.419+0700] {processor.py:914} INFO - Processing file /home/user/.local/lib/python3.10/site-packages/airflow/example_dags/example_time_delta_sensor_async.py for tasks to queue
[2024-08-22T11:05:57.422+0700] {logging_mixin.py:190} INFO - [2024-08-22T11:05:57.421+0700] {dagbag.py:587} INFO - Filling up the DagBag from /home/user/.local/lib/python3.10/site-packages/airflow/example_dags/example_time_delta_sensor_async.py
[2024-08-22T11:05:57.430+0700] {processor.py:925} INFO - DAG(s) 'example_time_delta_sensor_async' retrieved from /home/user/.local/lib/python3.10/site-packages/airflow/example_dags/example_time_delta_sensor_async.py
[2024-08-22T11:05:57.443+0700] {logging_mixin.py:190} INFO - [2024-08-22T11:05:57.442+0700] {dag.py:3211} INFO - Sync 1 DAGs
[2024-08-22T11:05:57.451+0700] {logging_mixin.py:190} INFO - [2024-08-22T11:05:57.451+0700] {dag.py:4138} INFO - Setting next_dagrun for example_time_delta_sensor_async to None, run_after=None
[2024-08-22T11:05:57.474+0700] {processor.py:208} INFO - Processing /home/user/.local/lib/python3.10/site-packages/airflow/example_dags/example_time_delta_sensor_async.py took 0.064 seconds
[2024-08-22T11:06:53.617+0700] {processor.py:186} INFO - Started process (PID=27161) to work on /home/user/.local/lib/python3.10/site-packages/airflow/example_dags/example_time_delta_sensor_async.py
[2024-08-22T11:06:53.618+0700] {processor.py:914} INFO - Processing file /home/user/.local/lib/python3.10/site-packages/airflow/example_dags/example_time_delta_sensor_async.py for tasks to queue
[2024-08-22T11:06:53.621+0700] {logging_mixin.py:190} INFO - [2024-08-22T11:06:53.621+0700] {dagbag.py:587} INFO - Filling up the DagBag from /home/user/.local/lib/python3.10/site-packages/airflow/example_dags/example_time_delta_sensor_async.py
[2024-08-22T11:06:53.631+0700] {processor.py:925} INFO - DAG(s) 'example_time_delta_sensor_async' retrieved from /home/user/.local/lib/python3.10/site-packages/airflow/example_dags/example_time_delta_sensor_async.py
[2024-08-22T11:06:53.649+0700] {logging_mixin.py:190} INFO - [2024-08-22T11:06:53.649+0700] {dag.py:3211} INFO - Sync 1 DAGs
[2024-08-22T11:06:53.660+0700] {logging_mixin.py:190} INFO - [2024-08-22T11:06:53.660+0700] {dag.py:4138} INFO - Setting next_dagrun for example_time_delta_sensor_async to None, run_after=None
[2024-08-22T11:06:53.678+0700] {processor.py:208} INFO - Processing /home/user/.local/lib/python3.10/site-packages/airflow/example_dags/example_time_delta_sensor_async.py took 0.067 seconds
[2024-08-22T11:08:02.916+0700] {processor.py:186} INFO - Started process (PID=27705) to work on /home/user/.local/lib/python3.10/site-packages/airflow/example_dags/example_time_delta_sensor_async.py
[2024-08-22T11:08:02.917+0700] {processor.py:914} INFO - Processing file /home/user/.local/lib/python3.10/site-packages/airflow/example_dags/example_time_delta_sensor_async.py for tasks to queue
[2024-08-22T11:08:02.919+0700] {logging_mixin.py:190} INFO - [2024-08-22T11:08:02.919+0700] {dagbag.py:587} INFO - Filling up the DagBag from /home/user/.local/lib/python3.10/site-packages/airflow/example_dags/example_time_delta_sensor_async.py
[2024-08-22T11:08:02.928+0700] {processor.py:925} INFO - DAG(s) 'example_time_delta_sensor_async' retrieved from /home/user/.local/lib/python3.10/site-packages/airflow/example_dags/example_time_delta_sensor_async.py
[2024-08-22T11:08:02.947+0700] {logging_mixin.py:190} INFO - [2024-08-22T11:08:02.947+0700] {dag.py:3211} INFO - Sync 1 DAGs
[2024-08-22T11:08:02.961+0700] {logging_mixin.py:190} INFO - [2024-08-22T11:08:02.961+0700] {dag.py:4138} INFO - Setting next_dagrun for example_time_delta_sensor_async to None, run_after=None
[2024-08-22T11:08:02.993+0700] {processor.py:208} INFO - Processing /home/user/.local/lib/python3.10/site-packages/airflow/example_dags/example_time_delta_sensor_async.py took 0.083 seconds
[2024-08-22T11:09:00.203+0700] {processor.py:186} INFO - Started process (PID=28153) to work on /home/user/.local/lib/python3.10/site-packages/airflow/example_dags/example_time_delta_sensor_async.py
[2024-08-22T11:09:00.204+0700] {processor.py:914} INFO - Processing file /home/user/.local/lib/python3.10/site-packages/airflow/example_dags/example_time_delta_sensor_async.py for tasks to queue
[2024-08-22T11:09:00.207+0700] {logging_mixin.py:190} INFO - [2024-08-22T11:09:00.206+0700] {dagbag.py:587} INFO - Filling up the DagBag from /home/user/.local/lib/python3.10/site-packages/airflow/example_dags/example_time_delta_sensor_async.py
[2024-08-22T11:09:00.214+0700] {processor.py:925} INFO - DAG(s) 'example_time_delta_sensor_async' retrieved from /home/user/.local/lib/python3.10/site-packages/airflow/example_dags/example_time_delta_sensor_async.py
[2024-08-22T11:09:00.227+0700] {logging_mixin.py:190} INFO - [2024-08-22T11:09:00.227+0700] {dag.py:3211} INFO - Sync 1 DAGs
[2024-08-22T11:09:00.238+0700] {logging_mixin.py:190} INFO - [2024-08-22T11:09:00.237+0700] {dag.py:4138} INFO - Setting next_dagrun for example_time_delta_sensor_async to None, run_after=None
[2024-08-22T11:09:00.255+0700] {processor.py:208} INFO - Processing /home/user/.local/lib/python3.10/site-packages/airflow/example_dags/example_time_delta_sensor_async.py took 0.058 seconds
[2024-08-22T11:09:56.599+0700] {processor.py:186} INFO - Started process (PID=28592) to work on /home/user/.local/lib/python3.10/site-packages/airflow/example_dags/example_time_delta_sensor_async.py
[2024-08-22T11:09:56.605+0700] {processor.py:914} INFO - Processing file /home/user/.local/lib/python3.10/site-packages/airflow/example_dags/example_time_delta_sensor_async.py for tasks to queue
[2024-08-22T11:09:56.607+0700] {logging_mixin.py:190} INFO - [2024-08-22T11:09:56.607+0700] {dagbag.py:587} INFO - Filling up the DagBag from /home/user/.local/lib/python3.10/site-packages/airflow/example_dags/example_time_delta_sensor_async.py
[2024-08-22T11:09:56.613+0700] {processor.py:925} INFO - DAG(s) 'example_time_delta_sensor_async' retrieved from /home/user/.local/lib/python3.10/site-packages/airflow/example_dags/example_time_delta_sensor_async.py
[2024-08-22T11:09:56.624+0700] {logging_mixin.py:190} INFO - [2024-08-22T11:09:56.624+0700] {dag.py:3211} INFO - Sync 1 DAGs
[2024-08-22T11:09:56.633+0700] {logging_mixin.py:190} INFO - [2024-08-22T11:09:56.632+0700] {dag.py:4138} INFO - Setting next_dagrun for example_time_delta_sensor_async to None, run_after=None
[2024-08-22T11:09:56.654+0700] {processor.py:208} INFO - Processing /home/user/.local/lib/python3.10/site-packages/airflow/example_dags/example_time_delta_sensor_async.py took 0.059 seconds
[2024-08-22T11:10:49.505+0700] {processor.py:186} INFO - Started process (PID=29008) to work on /home/user/.local/lib/python3.10/site-packages/airflow/example_dags/example_time_delta_sensor_async.py
[2024-08-22T11:10:49.506+0700] {processor.py:914} INFO - Processing file /home/user/.local/lib/python3.10/site-packages/airflow/example_dags/example_time_delta_sensor_async.py for tasks to queue
[2024-08-22T11:10:49.508+0700] {logging_mixin.py:190} INFO - [2024-08-22T11:10:49.508+0700] {dagbag.py:587} INFO - Filling up the DagBag from /home/user/.local/lib/python3.10/site-packages/airflow/example_dags/example_time_delta_sensor_async.py
[2024-08-22T11:10:49.513+0700] {processor.py:925} INFO - DAG(s) 'example_time_delta_sensor_async' retrieved from /home/user/.local/lib/python3.10/site-packages/airflow/example_dags/example_time_delta_sensor_async.py
[2024-08-22T11:10:49.526+0700] {logging_mixin.py:190} INFO - [2024-08-22T11:10:49.526+0700] {dag.py:3211} INFO - Sync 1 DAGs
[2024-08-22T11:10:49.534+0700] {logging_mixin.py:190} INFO - [2024-08-22T11:10:49.534+0700] {dag.py:4138} INFO - Setting next_dagrun for example_time_delta_sensor_async to None, run_after=None
[2024-08-22T11:10:49.551+0700] {processor.py:208} INFO - Processing /home/user/.local/lib/python3.10/site-packages/airflow/example_dags/example_time_delta_sensor_async.py took 0.057 seconds
[2024-08-22T11:12:07.465+0700] {processor.py:186} INFO - Started process (PID=29747) to work on /home/user/.local/lib/python3.10/site-packages/airflow/example_dags/example_time_delta_sensor_async.py
[2024-08-22T11:12:07.466+0700] {processor.py:914} INFO - Processing file /home/user/.local/lib/python3.10/site-packages/airflow/example_dags/example_time_delta_sensor_async.py for tasks to queue
[2024-08-22T11:12:07.468+0700] {logging_mixin.py:190} INFO - [2024-08-22T11:12:07.468+0700] {dagbag.py:587} INFO - Filling up the DagBag from /home/user/.local/lib/python3.10/site-packages/airflow/example_dags/example_time_delta_sensor_async.py
[2024-08-22T11:12:07.476+0700] {processor.py:925} INFO - DAG(s) 'example_time_delta_sensor_async' retrieved from /home/user/.local/lib/python3.10/site-packages/airflow/example_dags/example_time_delta_sensor_async.py
[2024-08-22T11:12:07.583+0700] {logging_mixin.py:190} INFO - [2024-08-22T11:12:07.582+0700] {override.py:1858} INFO - Created Permission View: can read on DAG:example_time_delta_sensor_async
[2024-08-22T11:12:07.595+0700] {logging_mixin.py:190} INFO - [2024-08-22T11:12:07.594+0700] {override.py:1858} INFO - Created Permission View: can edit on DAG:example_time_delta_sensor_async
[2024-08-22T11:12:07.604+0700] {logging_mixin.py:190} INFO - [2024-08-22T11:12:07.604+0700] {override.py:1858} INFO - Created Permission View: can delete on DAG:example_time_delta_sensor_async
[2024-08-22T11:12:07.605+0700] {logging_mixin.py:190} INFO - [2024-08-22T11:12:07.604+0700] {dag.py:3211} INFO - Sync 1 DAGs
[2024-08-22T11:12:07.614+0700] {logging_mixin.py:190} INFO - [2024-08-22T11:12:07.614+0700] {dag.py:3234} INFO - Creating ORM DAG for example_time_delta_sensor_async
[2024-08-22T11:12:07.615+0700] {logging_mixin.py:190} INFO - [2024-08-22T11:12:07.615+0700] {dag.py:4138} INFO - Setting next_dagrun for example_time_delta_sensor_async to None, run_after=None
[2024-08-22T11:12:07.632+0700] {processor.py:208} INFO - Processing /home/user/.local/lib/python3.10/site-packages/airflow/example_dags/example_time_delta_sensor_async.py took 0.173 seconds
[2024-08-22T11:13:10.237+0700] {processor.py:186} INFO - Started process (PID=30244) to work on /home/user/.local/lib/python3.10/site-packages/airflow/example_dags/example_time_delta_sensor_async.py
[2024-08-22T11:13:10.238+0700] {processor.py:914} INFO - Processing file /home/user/.local/lib/python3.10/site-packages/airflow/example_dags/example_time_delta_sensor_async.py for tasks to queue
[2024-08-22T11:13:10.239+0700] {logging_mixin.py:190} INFO - [2024-08-22T11:13:10.239+0700] {dagbag.py:587} INFO - Filling up the DagBag from /home/user/.local/lib/python3.10/site-packages/airflow/example_dags/example_time_delta_sensor_async.py
[2024-08-22T11:13:10.245+0700] {processor.py:925} INFO - DAG(s) 'example_time_delta_sensor_async' retrieved from /home/user/.local/lib/python3.10/site-packages/airflow/example_dags/example_time_delta_sensor_async.py
[2024-08-22T11:13:10.260+0700] {logging_mixin.py:190} INFO - [2024-08-22T11:13:10.260+0700] {dag.py:3211} INFO - Sync 1 DAGs
[2024-08-22T11:13:10.270+0700] {logging_mixin.py:190} INFO - [2024-08-22T11:13:10.269+0700] {dag.py:4138} INFO - Setting next_dagrun for example_time_delta_sensor_async to None, run_after=None
[2024-08-22T11:13:10.289+0700] {processor.py:208} INFO - Processing /home/user/.local/lib/python3.10/site-packages/airflow/example_dags/example_time_delta_sensor_async.py took 0.057 seconds
[2024-08-22T11:13:36.223+0700] {processor.py:186} INFO - Started process (PID=30457) to work on /home/user/.local/lib/python3.10/site-packages/airflow/example_dags/example_time_delta_sensor_async.py
[2024-08-22T11:13:36.225+0700] {processor.py:914} INFO - Processing file /home/user/.local/lib/python3.10/site-packages/airflow/example_dags/example_time_delta_sensor_async.py for tasks to queue
[2024-08-22T11:13:36.228+0700] {logging_mixin.py:190} INFO - [2024-08-22T11:13:36.228+0700] {dagbag.py:587} INFO - Filling up the DagBag from /home/user/.local/lib/python3.10/site-packages/airflow/example_dags/example_time_delta_sensor_async.py
[2024-08-22T11:13:36.237+0700] {processor.py:925} INFO - DAG(s) 'example_time_delta_sensor_async' retrieved from /home/user/.local/lib/python3.10/site-packages/airflow/example_dags/example_time_delta_sensor_async.py
[2024-08-22T11:13:36.253+0700] {logging_mixin.py:190} INFO - [2024-08-22T11:13:36.252+0700] {dag.py:3211} INFO - Sync 1 DAGs
[2024-08-22T11:13:36.262+0700] {logging_mixin.py:190} INFO - [2024-08-22T11:13:36.262+0700] {dag.py:4138} INFO - Setting next_dagrun for example_time_delta_sensor_async to None, run_after=None
[2024-08-22T11:13:36.284+0700] {processor.py:208} INFO - Processing /home/user/.local/lib/python3.10/site-packages/airflow/example_dags/example_time_delta_sensor_async.py took 0.068 seconds
[2024-08-22T11:14:34.059+0700] {processor.py:186} INFO - Started process (PID=30917) to work on /home/user/.local/lib/python3.10/site-packages/airflow/example_dags/example_time_delta_sensor_async.py
[2024-08-22T11:14:34.064+0700] {processor.py:914} INFO - Processing file /home/user/.local/lib/python3.10/site-packages/airflow/example_dags/example_time_delta_sensor_async.py for tasks to queue
[2024-08-22T11:14:34.066+0700] {logging_mixin.py:190} INFO - [2024-08-22T11:14:34.065+0700] {dagbag.py:587} INFO - Filling up the DagBag from /home/user/.local/lib/python3.10/site-packages/airflow/example_dags/example_time_delta_sensor_async.py
[2024-08-22T11:14:34.072+0700] {processor.py:925} INFO - DAG(s) 'example_time_delta_sensor_async' retrieved from /home/user/.local/lib/python3.10/site-packages/airflow/example_dags/example_time_delta_sensor_async.py
[2024-08-22T11:14:34.095+0700] {logging_mixin.py:190} INFO - [2024-08-22T11:14:34.094+0700] {dag.py:3211} INFO - Sync 1 DAGs
[2024-08-22T11:14:34.107+0700] {logging_mixin.py:190} INFO - [2024-08-22T11:14:34.107+0700] {dag.py:4138} INFO - Setting next_dagrun for example_time_delta_sensor_async to None, run_after=None
[2024-08-22T11:14:34.126+0700] {processor.py:208} INFO - Processing /home/user/.local/lib/python3.10/site-packages/airflow/example_dags/example_time_delta_sensor_async.py took 0.073 seconds
[2024-08-22T11:15:32.678+0700] {processor.py:186} INFO - Started process (PID=31378) to work on /home/user/.local/lib/python3.10/site-packages/airflow/example_dags/example_time_delta_sensor_async.py
[2024-08-22T11:15:32.680+0700] {processor.py:914} INFO - Processing file /home/user/.local/lib/python3.10/site-packages/airflow/example_dags/example_time_delta_sensor_async.py for tasks to queue
[2024-08-22T11:15:32.683+0700] {logging_mixin.py:190} INFO - [2024-08-22T11:15:32.683+0700] {dagbag.py:587} INFO - Filling up the DagBag from /home/user/.local/lib/python3.10/site-packages/airflow/example_dags/example_time_delta_sensor_async.py
[2024-08-22T11:15:32.690+0700] {processor.py:925} INFO - DAG(s) 'example_time_delta_sensor_async' retrieved from /home/user/.local/lib/python3.10/site-packages/airflow/example_dags/example_time_delta_sensor_async.py
[2024-08-22T11:15:32.706+0700] {logging_mixin.py:190} INFO - [2024-08-22T11:15:32.706+0700] {dag.py:3211} INFO - Sync 1 DAGs
[2024-08-22T11:15:32.718+0700] {logging_mixin.py:190} INFO - [2024-08-22T11:15:32.717+0700] {dag.py:4138} INFO - Setting next_dagrun for example_time_delta_sensor_async to None, run_after=None
[2024-08-22T11:15:32.741+0700] {processor.py:208} INFO - Processing /home/user/.local/lib/python3.10/site-packages/airflow/example_dags/example_time_delta_sensor_async.py took 0.069 seconds
[2024-08-22T11:16:28.011+0700] {processor.py:186} INFO - Started process (PID=31857) to work on /home/user/.local/lib/python3.10/site-packages/airflow/example_dags/example_time_delta_sensor_async.py
[2024-08-22T11:16:28.012+0700] {processor.py:914} INFO - Processing file /home/user/.local/lib/python3.10/site-packages/airflow/example_dags/example_time_delta_sensor_async.py for tasks to queue
[2024-08-22T11:16:28.014+0700] {logging_mixin.py:190} INFO - [2024-08-22T11:16:28.014+0700] {dagbag.py:587} INFO - Filling up the DagBag from /home/user/.local/lib/python3.10/site-packages/airflow/example_dags/example_time_delta_sensor_async.py
[2024-08-22T11:16:28.020+0700] {processor.py:925} INFO - DAG(s) 'example_time_delta_sensor_async' retrieved from /home/user/.local/lib/python3.10/site-packages/airflow/example_dags/example_time_delta_sensor_async.py
[2024-08-22T11:16:28.031+0700] {logging_mixin.py:190} INFO - [2024-08-22T11:16:28.031+0700] {dag.py:3211} INFO - Sync 1 DAGs
[2024-08-22T11:16:28.040+0700] {logging_mixin.py:190} INFO - [2024-08-22T11:16:28.040+0700] {dag.py:4138} INFO - Setting next_dagrun for example_time_delta_sensor_async to None, run_after=None
[2024-08-22T11:16:28.056+0700] {processor.py:208} INFO - Processing /home/user/.local/lib/python3.10/site-packages/airflow/example_dags/example_time_delta_sensor_async.py took 0.050 seconds
[2024-08-22T11:16:39.731+0700] {processor.py:186} INFO - Started process (PID=31959) to work on /home/user/.local/lib/python3.10/site-packages/airflow/example_dags/example_time_delta_sensor_async.py
[2024-08-22T11:16:39.732+0700] {processor.py:914} INFO - Processing file /home/user/.local/lib/python3.10/site-packages/airflow/example_dags/example_time_delta_sensor_async.py for tasks to queue
[2024-08-22T11:16:39.735+0700] {logging_mixin.py:190} INFO - [2024-08-22T11:16:39.734+0700] {dagbag.py:587} INFO - Filling up the DagBag from /home/user/.local/lib/python3.10/site-packages/airflow/example_dags/example_time_delta_sensor_async.py
[2024-08-22T11:16:39.743+0700] {processor.py:925} INFO - DAG(s) 'example_time_delta_sensor_async' retrieved from /home/user/.local/lib/python3.10/site-packages/airflow/example_dags/example_time_delta_sensor_async.py
[2024-08-22T11:16:39.766+0700] {logging_mixin.py:190} INFO - [2024-08-22T11:16:39.766+0700] {dag.py:3211} INFO - Sync 1 DAGs
[2024-08-22T11:16:39.791+0700] {logging_mixin.py:190} INFO - [2024-08-22T11:16:39.791+0700] {dag.py:4138} INFO - Setting next_dagrun for example_time_delta_sensor_async to None, run_after=None
[2024-08-22T11:16:39.828+0700] {processor.py:208} INFO - Processing /home/user/.local/lib/python3.10/site-packages/airflow/example_dags/example_time_delta_sensor_async.py took 0.107 seconds
[2024-08-22T11:17:05.739+0700] {processor.py:186} INFO - Started process (PID=32126) to work on /home/user/.local/lib/python3.10/site-packages/airflow/example_dags/example_time_delta_sensor_async.py
[2024-08-22T11:17:05.741+0700] {processor.py:914} INFO - Processing file /home/user/.local/lib/python3.10/site-packages/airflow/example_dags/example_time_delta_sensor_async.py for tasks to queue
[2024-08-22T11:17:05.743+0700] {logging_mixin.py:190} INFO - [2024-08-22T11:17:05.743+0700] {dagbag.py:587} INFO - Filling up the DagBag from /home/user/.local/lib/python3.10/site-packages/airflow/example_dags/example_time_delta_sensor_async.py
[2024-08-22T11:17:05.748+0700] {processor.py:925} INFO - DAG(s) 'example_time_delta_sensor_async' retrieved from /home/user/.local/lib/python3.10/site-packages/airflow/example_dags/example_time_delta_sensor_async.py
[2024-08-22T11:17:05.765+0700] {logging_mixin.py:190} INFO - [2024-08-22T11:17:05.765+0700] {dag.py:3211} INFO - Sync 1 DAGs
[2024-08-22T11:17:05.776+0700] {logging_mixin.py:190} INFO - [2024-08-22T11:17:05.775+0700] {dag.py:4138} INFO - Setting next_dagrun for example_time_delta_sensor_async to None, run_after=None
[2024-08-22T11:17:05.810+0700] {processor.py:208} INFO - Processing /home/user/.local/lib/python3.10/site-packages/airflow/example_dags/example_time_delta_sensor_async.py took 0.078 seconds
[2024-08-22T11:18:04.105+0700] {processor.py:186} INFO - Started process (PID=32602) to work on /home/user/.local/lib/python3.10/site-packages/airflow/example_dags/example_time_delta_sensor_async.py
[2024-08-22T11:18:04.111+0700] {processor.py:914} INFO - Processing file /home/user/.local/lib/python3.10/site-packages/airflow/example_dags/example_time_delta_sensor_async.py for tasks to queue
[2024-08-22T11:18:04.113+0700] {logging_mixin.py:190} INFO - [2024-08-22T11:18:04.113+0700] {dagbag.py:587} INFO - Filling up the DagBag from /home/user/.local/lib/python3.10/site-packages/airflow/example_dags/example_time_delta_sensor_async.py
[2024-08-22T11:18:04.119+0700] {processor.py:925} INFO - DAG(s) 'example_time_delta_sensor_async' retrieved from /home/user/.local/lib/python3.10/site-packages/airflow/example_dags/example_time_delta_sensor_async.py
[2024-08-22T11:18:04.131+0700] {logging_mixin.py:190} INFO - [2024-08-22T11:18:04.131+0700] {dag.py:3211} INFO - Sync 1 DAGs
[2024-08-22T11:18:04.139+0700] {logging_mixin.py:190} INFO - [2024-08-22T11:18:04.139+0700] {dag.py:4138} INFO - Setting next_dagrun for example_time_delta_sensor_async to None, run_after=None
[2024-08-22T11:18:04.159+0700] {processor.py:208} INFO - Processing /home/user/.local/lib/python3.10/site-packages/airflow/example_dags/example_time_delta_sensor_async.py took 0.060 seconds
[2024-08-22T11:18:58.221+0700] {processor.py:186} INFO - Started process (PID=33025) to work on /home/user/.local/lib/python3.10/site-packages/airflow/example_dags/example_time_delta_sensor_async.py
[2024-08-22T11:18:58.222+0700] {processor.py:914} INFO - Processing file /home/user/.local/lib/python3.10/site-packages/airflow/example_dags/example_time_delta_sensor_async.py for tasks to queue
[2024-08-22T11:18:58.225+0700] {logging_mixin.py:190} INFO - [2024-08-22T11:18:58.224+0700] {dagbag.py:587} INFO - Filling up the DagBag from /home/user/.local/lib/python3.10/site-packages/airflow/example_dags/example_time_delta_sensor_async.py
[2024-08-22T11:18:58.230+0700] {processor.py:925} INFO - DAG(s) 'example_time_delta_sensor_async' retrieved from /home/user/.local/lib/python3.10/site-packages/airflow/example_dags/example_time_delta_sensor_async.py
[2024-08-22T11:18:58.242+0700] {logging_mixin.py:190} INFO - [2024-08-22T11:18:58.242+0700] {dag.py:3211} INFO - Sync 1 DAGs
[2024-08-22T11:18:58.253+0700] {logging_mixin.py:190} INFO - [2024-08-22T11:18:58.253+0700] {dag.py:4138} INFO - Setting next_dagrun for example_time_delta_sensor_async to None, run_after=None
[2024-08-22T11:18:58.271+0700] {processor.py:208} INFO - Processing /home/user/.local/lib/python3.10/site-packages/airflow/example_dags/example_time_delta_sensor_async.py took 0.056 seconds
[2024-08-22T11:20:02.176+0700] {processor.py:186} INFO - Started process (PID=33527) to work on /home/user/.local/lib/python3.10/site-packages/airflow/example_dags/example_time_delta_sensor_async.py
[2024-08-22T11:20:02.178+0700] {processor.py:914} INFO - Processing file /home/user/.local/lib/python3.10/site-packages/airflow/example_dags/example_time_delta_sensor_async.py for tasks to queue
[2024-08-22T11:20:02.182+0700] {logging_mixin.py:190} INFO - [2024-08-22T11:20:02.181+0700] {dagbag.py:587} INFO - Filling up the DagBag from /home/user/.local/lib/python3.10/site-packages/airflow/example_dags/example_time_delta_sensor_async.py
[2024-08-22T11:20:02.193+0700] {processor.py:925} INFO - DAG(s) 'example_time_delta_sensor_async' retrieved from /home/user/.local/lib/python3.10/site-packages/airflow/example_dags/example_time_delta_sensor_async.py
[2024-08-22T11:20:02.219+0700] {logging_mixin.py:190} INFO - [2024-08-22T11:20:02.219+0700] {dag.py:3211} INFO - Sync 1 DAGs
[2024-08-22T11:20:02.234+0700] {logging_mixin.py:190} INFO - [2024-08-22T11:20:02.234+0700] {dag.py:4138} INFO - Setting next_dagrun for example_time_delta_sensor_async to None, run_after=None
[2024-08-22T11:20:02.263+0700] {processor.py:208} INFO - Processing /home/user/.local/lib/python3.10/site-packages/airflow/example_dags/example_time_delta_sensor_async.py took 0.093 seconds
[2024-08-22T11:21:00.737+0700] {processor.py:186} INFO - Started process (PID=33990) to work on /home/user/.local/lib/python3.10/site-packages/airflow/example_dags/example_time_delta_sensor_async.py
[2024-08-22T11:21:00.738+0700] {processor.py:914} INFO - Processing file /home/user/.local/lib/python3.10/site-packages/airflow/example_dags/example_time_delta_sensor_async.py for tasks to queue
[2024-08-22T11:21:00.742+0700] {logging_mixin.py:190} INFO - [2024-08-22T11:21:00.741+0700] {dagbag.py:587} INFO - Filling up the DagBag from /home/user/.local/lib/python3.10/site-packages/airflow/example_dags/example_time_delta_sensor_async.py
[2024-08-22T11:21:00.747+0700] {processor.py:925} INFO - DAG(s) 'example_time_delta_sensor_async' retrieved from /home/user/.local/lib/python3.10/site-packages/airflow/example_dags/example_time_delta_sensor_async.py
[2024-08-22T11:21:00.761+0700] {logging_mixin.py:190} INFO - [2024-08-22T11:21:00.761+0700] {dag.py:3211} INFO - Sync 1 DAGs
[2024-08-22T11:21:00.772+0700] {logging_mixin.py:190} INFO - [2024-08-22T11:21:00.771+0700] {dag.py:4138} INFO - Setting next_dagrun for example_time_delta_sensor_async to None, run_after=None
[2024-08-22T11:21:00.790+0700] {processor.py:208} INFO - Processing /home/user/.local/lib/python3.10/site-packages/airflow/example_dags/example_time_delta_sensor_async.py took 0.058 seconds
[2024-08-22T11:22:02.497+0700] {processor.py:186} INFO - Started process (PID=34479) to work on /home/user/.local/lib/python3.10/site-packages/airflow/example_dags/example_time_delta_sensor_async.py
[2024-08-22T11:22:02.500+0700] {processor.py:914} INFO - Processing file /home/user/.local/lib/python3.10/site-packages/airflow/example_dags/example_time_delta_sensor_async.py for tasks to queue
[2024-08-22T11:22:02.503+0700] {logging_mixin.py:190} INFO - [2024-08-22T11:22:02.502+0700] {dagbag.py:587} INFO - Filling up the DagBag from /home/user/.local/lib/python3.10/site-packages/airflow/example_dags/example_time_delta_sensor_async.py
[2024-08-22T11:22:02.511+0700] {processor.py:925} INFO - DAG(s) 'example_time_delta_sensor_async' retrieved from /home/user/.local/lib/python3.10/site-packages/airflow/example_dags/example_time_delta_sensor_async.py
[2024-08-22T11:22:02.530+0700] {logging_mixin.py:190} INFO - [2024-08-22T11:22:02.530+0700] {dag.py:3211} INFO - Sync 1 DAGs
[2024-08-22T11:22:02.541+0700] {logging_mixin.py:190} INFO - [2024-08-22T11:22:02.541+0700] {dag.py:4138} INFO - Setting next_dagrun for example_time_delta_sensor_async to None, run_after=None
[2024-08-22T11:22:02.561+0700] {processor.py:208} INFO - Processing /home/user/.local/lib/python3.10/site-packages/airflow/example_dags/example_time_delta_sensor_async.py took 0.068 seconds
[2024-08-22T11:22:44.454+0700] {processor.py:186} INFO - Started process (PID=34804) to work on /home/user/.local/lib/python3.10/site-packages/airflow/example_dags/example_time_delta_sensor_async.py
[2024-08-22T11:22:44.455+0700] {processor.py:914} INFO - Processing file /home/user/.local/lib/python3.10/site-packages/airflow/example_dags/example_time_delta_sensor_async.py for tasks to queue
[2024-08-22T11:22:44.457+0700] {logging_mixin.py:190} INFO - [2024-08-22T11:22:44.457+0700] {dagbag.py:587} INFO - Filling up the DagBag from /home/user/.local/lib/python3.10/site-packages/airflow/example_dags/example_time_delta_sensor_async.py
[2024-08-22T11:22:44.464+0700] {processor.py:925} INFO - DAG(s) 'example_time_delta_sensor_async' retrieved from /home/user/.local/lib/python3.10/site-packages/airflow/example_dags/example_time_delta_sensor_async.py
[2024-08-22T11:22:44.477+0700] {logging_mixin.py:190} INFO - [2024-08-22T11:22:44.477+0700] {dag.py:3211} INFO - Sync 1 DAGs
[2024-08-22T11:22:44.487+0700] {logging_mixin.py:190} INFO - [2024-08-22T11:22:44.487+0700] {dag.py:4138} INFO - Setting next_dagrun for example_time_delta_sensor_async to None, run_after=None
[2024-08-22T11:22:44.506+0700] {processor.py:208} INFO - Processing /home/user/.local/lib/python3.10/site-packages/airflow/example_dags/example_time_delta_sensor_async.py took 0.058 seconds
[2024-08-22T11:23:40.456+0700] {processor.py:186} INFO - Started process (PID=35269) to work on /home/user/.local/lib/python3.10/site-packages/airflow/example_dags/example_time_delta_sensor_async.py
[2024-08-22T11:23:40.458+0700] {processor.py:914} INFO - Processing file /home/user/.local/lib/python3.10/site-packages/airflow/example_dags/example_time_delta_sensor_async.py for tasks to queue
[2024-08-22T11:23:40.461+0700] {logging_mixin.py:190} INFO - [2024-08-22T11:23:40.461+0700] {dagbag.py:587} INFO - Filling up the DagBag from /home/user/.local/lib/python3.10/site-packages/airflow/example_dags/example_time_delta_sensor_async.py
[2024-08-22T11:23:40.471+0700] {processor.py:925} INFO - DAG(s) 'example_time_delta_sensor_async' retrieved from /home/user/.local/lib/python3.10/site-packages/airflow/example_dags/example_time_delta_sensor_async.py
[2024-08-22T11:23:40.494+0700] {logging_mixin.py:190} INFO - [2024-08-22T11:23:40.494+0700] {dag.py:3211} INFO - Sync 1 DAGs
[2024-08-22T11:23:40.507+0700] {logging_mixin.py:190} INFO - [2024-08-22T11:23:40.507+0700] {dag.py:4138} INFO - Setting next_dagrun for example_time_delta_sensor_async to None, run_after=None
[2024-08-22T11:23:40.528+0700] {processor.py:208} INFO - Processing /home/user/.local/lib/python3.10/site-packages/airflow/example_dags/example_time_delta_sensor_async.py took 0.077 seconds
[2024-08-22T11:24:42.688+0700] {processor.py:186} INFO - Started process (PID=35890) to work on /home/user/.local/lib/python3.10/site-packages/airflow/example_dags/example_time_delta_sensor_async.py
[2024-08-22T11:24:42.689+0700] {processor.py:914} INFO - Processing file /home/user/.local/lib/python3.10/site-packages/airflow/example_dags/example_time_delta_sensor_async.py for tasks to queue
[2024-08-22T11:24:42.691+0700] {logging_mixin.py:190} INFO - [2024-08-22T11:24:42.691+0700] {dagbag.py:587} INFO - Filling up the DagBag from /home/user/.local/lib/python3.10/site-packages/airflow/example_dags/example_time_delta_sensor_async.py
[2024-08-22T11:24:42.698+0700] {processor.py:925} INFO - DAG(s) 'example_time_delta_sensor_async' retrieved from /home/user/.local/lib/python3.10/site-packages/airflow/example_dags/example_time_delta_sensor_async.py
[2024-08-22T11:24:42.714+0700] {logging_mixin.py:190} INFO - [2024-08-22T11:24:42.714+0700] {dag.py:3211} INFO - Sync 1 DAGs
[2024-08-22T11:24:42.725+0700] {logging_mixin.py:190} INFO - [2024-08-22T11:24:42.724+0700] {dag.py:4138} INFO - Setting next_dagrun for example_time_delta_sensor_async to None, run_after=None
[2024-08-22T11:24:42.748+0700] {processor.py:208} INFO - Processing /home/user/.local/lib/python3.10/site-packages/airflow/example_dags/example_time_delta_sensor_async.py took 0.068 seconds
[2024-08-22T11:25:41.974+0700] {processor.py:186} INFO - Started process (PID=36494) to work on /home/user/.local/lib/python3.10/site-packages/airflow/example_dags/example_time_delta_sensor_async.py
[2024-08-22T11:25:41.976+0700] {processor.py:914} INFO - Processing file /home/user/.local/lib/python3.10/site-packages/airflow/example_dags/example_time_delta_sensor_async.py for tasks to queue
[2024-08-22T11:25:41.979+0700] {logging_mixin.py:190} INFO - [2024-08-22T11:25:41.978+0700] {dagbag.py:587} INFO - Filling up the DagBag from /home/user/.local/lib/python3.10/site-packages/airflow/example_dags/example_time_delta_sensor_async.py
[2024-08-22T11:25:41.989+0700] {processor.py:925} INFO - DAG(s) 'example_time_delta_sensor_async' retrieved from /home/user/.local/lib/python3.10/site-packages/airflow/example_dags/example_time_delta_sensor_async.py
[2024-08-22T11:25:42.005+0700] {logging_mixin.py:190} INFO - [2024-08-22T11:25:42.004+0700] {dag.py:3211} INFO - Sync 1 DAGs
[2024-08-22T11:25:42.015+0700] {logging_mixin.py:190} INFO - [2024-08-22T11:25:42.015+0700] {dag.py:4138} INFO - Setting next_dagrun for example_time_delta_sensor_async to None, run_after=None
[2024-08-22T11:25:42.043+0700] {processor.py:208} INFO - Processing /home/user/.local/lib/python3.10/site-packages/airflow/example_dags/example_time_delta_sensor_async.py took 0.075 seconds
[2024-08-22T11:26:51.809+0700] {processor.py:186} INFO - Started process (PID=37139) to work on /home/user/.local/lib/python3.10/site-packages/airflow/example_dags/example_time_delta_sensor_async.py
[2024-08-22T11:26:51.810+0700] {processor.py:914} INFO - Processing file /home/user/.local/lib/python3.10/site-packages/airflow/example_dags/example_time_delta_sensor_async.py for tasks to queue
[2024-08-22T11:26:51.811+0700] {logging_mixin.py:190} INFO - [2024-08-22T11:26:51.811+0700] {dagbag.py:587} INFO - Filling up the DagBag from /home/user/.local/lib/python3.10/site-packages/airflow/example_dags/example_time_delta_sensor_async.py
[2024-08-22T11:26:51.821+0700] {processor.py:925} INFO - DAG(s) 'example_time_delta_sensor_async' retrieved from /home/user/.local/lib/python3.10/site-packages/airflow/example_dags/example_time_delta_sensor_async.py
[2024-08-22T11:26:51.836+0700] {logging_mixin.py:190} INFO - [2024-08-22T11:26:51.836+0700] {dag.py:3211} INFO - Sync 1 DAGs
[2024-08-22T11:26:51.845+0700] {logging_mixin.py:190} INFO - [2024-08-22T11:26:51.845+0700] {dag.py:4138} INFO - Setting next_dagrun for example_time_delta_sensor_async to None, run_after=None
[2024-08-22T11:26:51.865+0700] {processor.py:208} INFO - Processing /home/user/.local/lib/python3.10/site-packages/airflow/example_dags/example_time_delta_sensor_async.py took 0.061 seconds
[2024-08-22T11:27:49.978+0700] {processor.py:186} INFO - Started process (PID=37583) to work on /home/user/.local/lib/python3.10/site-packages/airflow/example_dags/example_time_delta_sensor_async.py
[2024-08-22T11:27:49.979+0700] {processor.py:914} INFO - Processing file /home/user/.local/lib/python3.10/site-packages/airflow/example_dags/example_time_delta_sensor_async.py for tasks to queue
[2024-08-22T11:27:49.981+0700] {logging_mixin.py:190} INFO - [2024-08-22T11:27:49.981+0700] {dagbag.py:587} INFO - Filling up the DagBag from /home/user/.local/lib/python3.10/site-packages/airflow/example_dags/example_time_delta_sensor_async.py
[2024-08-22T11:27:49.992+0700] {processor.py:925} INFO - DAG(s) 'example_time_delta_sensor_async' retrieved from /home/user/.local/lib/python3.10/site-packages/airflow/example_dags/example_time_delta_sensor_async.py
[2024-08-22T11:27:50.013+0700] {logging_mixin.py:190} INFO - [2024-08-22T11:27:50.013+0700] {dag.py:3211} INFO - Sync 1 DAGs
[2024-08-22T11:27:50.023+0700] {logging_mixin.py:190} INFO - [2024-08-22T11:27:50.023+0700] {dag.py:4138} INFO - Setting next_dagrun for example_time_delta_sensor_async to None, run_after=None
[2024-08-22T11:27:50.052+0700] {processor.py:208} INFO - Processing /home/user/.local/lib/python3.10/site-packages/airflow/example_dags/example_time_delta_sensor_async.py took 0.083 seconds
[2024-08-22T11:28:30.216+0700] {processor.py:186} INFO - Started process (PID=37903) to work on /home/user/.local/lib/python3.10/site-packages/airflow/example_dags/example_time_delta_sensor_async.py
[2024-08-22T11:28:30.218+0700] {processor.py:914} INFO - Processing file /home/user/.local/lib/python3.10/site-packages/airflow/example_dags/example_time_delta_sensor_async.py for tasks to queue
[2024-08-22T11:28:30.220+0700] {logging_mixin.py:190} INFO - [2024-08-22T11:28:30.219+0700] {dagbag.py:587} INFO - Filling up the DagBag from /home/user/.local/lib/python3.10/site-packages/airflow/example_dags/example_time_delta_sensor_async.py
[2024-08-22T11:28:30.229+0700] {processor.py:925} INFO - DAG(s) 'example_time_delta_sensor_async' retrieved from /home/user/.local/lib/python3.10/site-packages/airflow/example_dags/example_time_delta_sensor_async.py
[2024-08-22T11:28:30.250+0700] {logging_mixin.py:190} INFO - [2024-08-22T11:28:30.249+0700] {dag.py:3211} INFO - Sync 1 DAGs
[2024-08-22T11:28:30.262+0700] {logging_mixin.py:190} INFO - [2024-08-22T11:28:30.261+0700] {dag.py:4138} INFO - Setting next_dagrun for example_time_delta_sensor_async to None, run_after=None
[2024-08-22T11:28:30.289+0700] {processor.py:208} INFO - Processing /home/user/.local/lib/python3.10/site-packages/airflow/example_dags/example_time_delta_sensor_async.py took 0.078 seconds
[2024-08-22T11:29:55.289+0700] {processor.py:186} INFO - Started process (PID=38634) to work on /home/user/.local/lib/python3.10/site-packages/airflow/example_dags/example_time_delta_sensor_async.py
[2024-08-22T11:29:55.291+0700] {processor.py:914} INFO - Processing file /home/user/.local/lib/python3.10/site-packages/airflow/example_dags/example_time_delta_sensor_async.py for tasks to queue
[2024-08-22T11:29:55.292+0700] {logging_mixin.py:190} INFO - [2024-08-22T11:29:55.292+0700] {dagbag.py:587} INFO - Filling up the DagBag from /home/user/.local/lib/python3.10/site-packages/airflow/example_dags/example_time_delta_sensor_async.py
[2024-08-22T11:29:55.299+0700] {processor.py:925} INFO - DAG(s) 'example_time_delta_sensor_async' retrieved from /home/user/.local/lib/python3.10/site-packages/airflow/example_dags/example_time_delta_sensor_async.py
[2024-08-22T11:29:55.312+0700] {logging_mixin.py:190} INFO - [2024-08-22T11:29:55.311+0700] {dag.py:3211} INFO - Sync 1 DAGs
[2024-08-22T11:29:55.320+0700] {logging_mixin.py:190} INFO - [2024-08-22T11:29:55.319+0700] {dag.py:4138} INFO - Setting next_dagrun for example_time_delta_sensor_async to None, run_after=None
[2024-08-22T11:29:55.336+0700] {processor.py:208} INFO - Processing /home/user/.local/lib/python3.10/site-packages/airflow/example_dags/example_time_delta_sensor_async.py took 0.051 seconds
[2024-08-22T11:30:39.501+0700] {processor.py:186} INFO - Started process (PID=38968) to work on /home/user/.local/lib/python3.10/site-packages/airflow/example_dags/example_time_delta_sensor_async.py
[2024-08-22T11:30:39.503+0700] {processor.py:914} INFO - Processing file /home/user/.local/lib/python3.10/site-packages/airflow/example_dags/example_time_delta_sensor_async.py for tasks to queue
[2024-08-22T11:30:39.504+0700] {logging_mixin.py:190} INFO - [2024-08-22T11:30:39.504+0700] {dagbag.py:587} INFO - Filling up the DagBag from /home/user/.local/lib/python3.10/site-packages/airflow/example_dags/example_time_delta_sensor_async.py
[2024-08-22T11:30:39.511+0700] {processor.py:925} INFO - DAG(s) 'example_time_delta_sensor_async' retrieved from /home/user/.local/lib/python3.10/site-packages/airflow/example_dags/example_time_delta_sensor_async.py
[2024-08-22T11:30:39.528+0700] {logging_mixin.py:190} INFO - [2024-08-22T11:30:39.528+0700] {dag.py:3211} INFO - Sync 1 DAGs
[2024-08-22T11:30:39.538+0700] {logging_mixin.py:190} INFO - [2024-08-22T11:30:39.538+0700] {dag.py:4138} INFO - Setting next_dagrun for example_time_delta_sensor_async to None, run_after=None
[2024-08-22T11:30:39.558+0700] {processor.py:208} INFO - Processing /home/user/.local/lib/python3.10/site-packages/airflow/example_dags/example_time_delta_sensor_async.py took 0.062 seconds
[2024-08-22T11:31:37.489+0700] {processor.py:186} INFO - Started process (PID=39255) to work on /home/user/.local/lib/python3.10/site-packages/airflow/example_dags/example_time_delta_sensor_async.py
[2024-08-22T11:31:37.490+0700] {processor.py:914} INFO - Processing file /home/user/.local/lib/python3.10/site-packages/airflow/example_dags/example_time_delta_sensor_async.py for tasks to queue
[2024-08-22T11:31:37.491+0700] {logging_mixin.py:190} INFO - [2024-08-22T11:31:37.491+0700] {dagbag.py:587} INFO - Filling up the DagBag from /home/user/.local/lib/python3.10/site-packages/airflow/example_dags/example_time_delta_sensor_async.py
[2024-08-22T11:31:37.497+0700] {processor.py:925} INFO - DAG(s) 'example_time_delta_sensor_async' retrieved from /home/user/.local/lib/python3.10/site-packages/airflow/example_dags/example_time_delta_sensor_async.py
[2024-08-22T11:31:37.509+0700] {logging_mixin.py:190} INFO - [2024-08-22T11:31:37.509+0700] {dag.py:3211} INFO - Sync 1 DAGs
[2024-08-22T11:31:37.518+0700] {logging_mixin.py:190} INFO - [2024-08-22T11:31:37.518+0700] {dag.py:4138} INFO - Setting next_dagrun for example_time_delta_sensor_async to None, run_after=None
[2024-08-22T11:31:37.536+0700] {processor.py:208} INFO - Processing /home/user/.local/lib/python3.10/site-packages/airflow/example_dags/example_time_delta_sensor_async.py took 0.052 seconds
