[2024-08-22T10:43:27.866+0700] {processor.py:186} INFO - Started process (PID=15443) to work on /home/user/.local/lib/python3.10/site-packages/airflow/example_dags/example_outlet_event_extra.py
[2024-08-22T10:43:27.867+0700] {processor.py:914} INFO - Processing file /home/user/.local/lib/python3.10/site-packages/airflow/example_dags/example_outlet_event_extra.py for tasks to queue
[2024-08-22T10:43:27.870+0700] {logging_mixin.py:190} INFO - [2024-08-22T10:43:27.869+0700] {dagbag.py:587} INFO - Filling up the DagBag from /home/user/.local/lib/python3.10/site-packages/airflow/example_dags/example_outlet_event_extra.py
[2024-08-22T10:43:27.884+0700] {processor.py:925} INFO - DAG(s) 'dataset_with_extra_by_context', 'dataset_with_extra_from_classic_operator', 'dataset_with_extra_by_yield' retrieved from /home/user/.local/lib/python3.10/site-packages/airflow/example_dags/example_outlet_event_extra.py
[2024-08-22T10:43:28.042+0700] {logging_mixin.py:190} INFO - [2024-08-22T10:43:28.041+0700] {dag.py:3211} INFO - Sync 3 DAGs
[2024-08-22T10:43:28.062+0700] {logging_mixin.py:190} INFO - [2024-08-22T10:43:28.062+0700] {dag.py:4138} INFO - Setting next_dagrun for dataset_with_extra_by_context to 2024-08-21 00:00:00+00:00, run_after=2024-08-22 00:00:00+00:00
[2024-08-22T10:43:28.066+0700] {logging_mixin.py:190} INFO - [2024-08-22T10:43:28.066+0700] {dag.py:4138} INFO - Setting next_dagrun for dataset_with_extra_by_yield to 2024-08-21 00:00:00+00:00, run_after=2024-08-22 00:00:00+00:00
[2024-08-22T10:43:28.068+0700] {logging_mixin.py:190} INFO - [2024-08-22T10:43:28.068+0700] {dag.py:4138} INFO - Setting next_dagrun for dataset_with_extra_from_classic_operator to 2024-08-21 00:00:00+00:00, run_after=2024-08-22 00:00:00+00:00
[2024-08-22T10:43:28.092+0700] {processor.py:208} INFO - Processing /home/user/.local/lib/python3.10/site-packages/airflow/example_dags/example_outlet_event_extra.py took 0.231 seconds
[2024-08-22T10:50:42.505+0700] {processor.py:186} INFO - Started process (PID=18867) to work on /home/user/.local/lib/python3.10/site-packages/airflow/example_dags/example_outlet_event_extra.py
[2024-08-22T10:50:42.506+0700] {processor.py:914} INFO - Processing file /home/user/.local/lib/python3.10/site-packages/airflow/example_dags/example_outlet_event_extra.py for tasks to queue
[2024-08-22T10:50:42.508+0700] {logging_mixin.py:190} INFO - [2024-08-22T10:50:42.508+0700] {dagbag.py:587} INFO - Filling up the DagBag from /home/user/.local/lib/python3.10/site-packages/airflow/example_dags/example_outlet_event_extra.py
[2024-08-22T10:50:42.522+0700] {processor.py:925} INFO - DAG(s) 'dataset_with_extra_by_context', 'dataset_with_extra_by_yield', 'dataset_with_extra_from_classic_operator' retrieved from /home/user/.local/lib/python3.10/site-packages/airflow/example_dags/example_outlet_event_extra.py
[2024-08-22T10:50:42.546+0700] {logging_mixin.py:190} INFO - [2024-08-22T10:50:42.546+0700] {dag.py:3211} INFO - Sync 3 DAGs
[2024-08-22T10:50:42.566+0700] {logging_mixin.py:190} INFO - [2024-08-22T10:50:42.566+0700] {dag.py:4138} INFO - Setting next_dagrun for dataset_with_extra_by_context to 2024-08-21 00:00:00+00:00, run_after=2024-08-22 00:00:00+00:00
[2024-08-22T10:50:42.571+0700] {logging_mixin.py:190} INFO - [2024-08-22T10:50:42.571+0700] {dag.py:4138} INFO - Setting next_dagrun for dataset_with_extra_by_yield to 2024-08-21 00:00:00+00:00, run_after=2024-08-22 00:00:00+00:00
[2024-08-22T10:50:42.573+0700] {logging_mixin.py:190} INFO - [2024-08-22T10:50:42.573+0700] {dag.py:4138} INFO - Setting next_dagrun for dataset_with_extra_from_classic_operator to 2024-08-21 00:00:00+00:00, run_after=2024-08-22 00:00:00+00:00
[2024-08-22T10:50:42.598+0700] {processor.py:208} INFO - Processing /home/user/.local/lib/python3.10/site-packages/airflow/example_dags/example_outlet_event_extra.py took 0.099 seconds
[2024-08-22T10:56:56.636+0700] {processor.py:186} INFO - Started process (PID=22061) to work on /home/user/.local/lib/python3.10/site-packages/airflow/example_dags/example_outlet_event_extra.py
[2024-08-22T10:56:56.637+0700] {processor.py:914} INFO - Processing file /home/user/.local/lib/python3.10/site-packages/airflow/example_dags/example_outlet_event_extra.py for tasks to queue
[2024-08-22T10:56:56.639+0700] {logging_mixin.py:190} INFO - [2024-08-22T10:56:56.638+0700] {dagbag.py:587} INFO - Filling up the DagBag from /home/user/.local/lib/python3.10/site-packages/airflow/example_dags/example_outlet_event_extra.py
[2024-08-22T10:56:56.648+0700] {processor.py:925} INFO - DAG(s) 'dataset_with_extra_by_context', 'dataset_with_extra_by_yield', 'dataset_with_extra_from_classic_operator' retrieved from /home/user/.local/lib/python3.10/site-packages/airflow/example_dags/example_outlet_event_extra.py
[2024-08-22T10:56:56.668+0700] {logging_mixin.py:190} INFO - [2024-08-22T10:56:56.668+0700] {dag.py:3211} INFO - Sync 3 DAGs
[2024-08-22T10:56:56.688+0700] {logging_mixin.py:190} INFO - [2024-08-22T10:56:56.688+0700] {dag.py:4138} INFO - Setting next_dagrun for dataset_with_extra_by_context to 2024-08-21 00:00:00+00:00, run_after=2024-08-22 00:00:00+00:00
[2024-08-22T10:56:56.693+0700] {logging_mixin.py:190} INFO - [2024-08-22T10:56:56.693+0700] {dag.py:4138} INFO - Setting next_dagrun for dataset_with_extra_by_yield to 2024-08-21 00:00:00+00:00, run_after=2024-08-22 00:00:00+00:00
[2024-08-22T10:56:56.696+0700] {logging_mixin.py:190} INFO - [2024-08-22T10:56:56.696+0700] {dag.py:4138} INFO - Setting next_dagrun for dataset_with_extra_from_classic_operator to 2024-08-21 00:00:00+00:00, run_after=2024-08-22 00:00:00+00:00
[2024-08-22T10:56:56.721+0700] {processor.py:208} INFO - Processing /home/user/.local/lib/python3.10/site-packages/airflow/example_dags/example_outlet_event_extra.py took 0.091 seconds
[2024-08-22T10:57:59.669+0700] {processor.py:186} INFO - Started process (PID=22667) to work on /home/user/.local/lib/python3.10/site-packages/airflow/example_dags/example_outlet_event_extra.py
[2024-08-22T10:57:59.670+0700] {processor.py:914} INFO - Processing file /home/user/.local/lib/python3.10/site-packages/airflow/example_dags/example_outlet_event_extra.py for tasks to queue
[2024-08-22T10:57:59.672+0700] {logging_mixin.py:190} INFO - [2024-08-22T10:57:59.672+0700] {dagbag.py:587} INFO - Filling up the DagBag from /home/user/.local/lib/python3.10/site-packages/airflow/example_dags/example_outlet_event_extra.py
[2024-08-22T10:57:59.685+0700] {processor.py:925} INFO - DAG(s) 'dataset_with_extra_from_classic_operator', 'dataset_with_extra_by_yield', 'dataset_with_extra_by_context' retrieved from /home/user/.local/lib/python3.10/site-packages/airflow/example_dags/example_outlet_event_extra.py
[2024-08-22T10:57:59.703+0700] {logging_mixin.py:190} INFO - [2024-08-22T10:57:59.703+0700] {dag.py:3211} INFO - Sync 3 DAGs
[2024-08-22T10:57:59.720+0700] {logging_mixin.py:190} INFO - [2024-08-22T10:57:59.720+0700] {dag.py:4138} INFO - Setting next_dagrun for dataset_with_extra_by_context to 2024-08-21 00:00:00+00:00, run_after=2024-08-22 00:00:00+00:00
[2024-08-22T10:57:59.725+0700] {logging_mixin.py:190} INFO - [2024-08-22T10:57:59.725+0700] {dag.py:4138} INFO - Setting next_dagrun for dataset_with_extra_by_yield to 2024-08-21 00:00:00+00:00, run_after=2024-08-22 00:00:00+00:00
[2024-08-22T10:57:59.727+0700] {logging_mixin.py:190} INFO - [2024-08-22T10:57:59.727+0700] {dag.py:4138} INFO - Setting next_dagrun for dataset_with_extra_from_classic_operator to 2024-08-21 00:00:00+00:00, run_after=2024-08-22 00:00:00+00:00
[2024-08-22T10:57:59.749+0700] {processor.py:208} INFO - Processing /home/user/.local/lib/python3.10/site-packages/airflow/example_dags/example_outlet_event_extra.py took 0.085 seconds
[2024-08-22T10:59:11.101+0700] {processor.py:186} INFO - Started process (PID=23434) to work on /home/user/.local/lib/python3.10/site-packages/airflow/example_dags/example_outlet_event_extra.py
[2024-08-22T10:59:11.102+0700] {processor.py:914} INFO - Processing file /home/user/.local/lib/python3.10/site-packages/airflow/example_dags/example_outlet_event_extra.py for tasks to queue
[2024-08-22T10:59:11.104+0700] {logging_mixin.py:190} INFO - [2024-08-22T10:59:11.104+0700] {dagbag.py:587} INFO - Filling up the DagBag from /home/user/.local/lib/python3.10/site-packages/airflow/example_dags/example_outlet_event_extra.py
[2024-08-22T10:59:11.118+0700] {processor.py:925} INFO - DAG(s) 'dataset_with_extra_from_classic_operator', 'dataset_with_extra_by_yield', 'dataset_with_extra_by_context' retrieved from /home/user/.local/lib/python3.10/site-packages/airflow/example_dags/example_outlet_event_extra.py
[2024-08-22T10:59:11.137+0700] {logging_mixin.py:190} INFO - [2024-08-22T10:59:11.137+0700] {dag.py:3211} INFO - Sync 3 DAGs
[2024-08-22T10:59:11.153+0700] {logging_mixin.py:190} INFO - [2024-08-22T10:59:11.153+0700] {dag.py:4138} INFO - Setting next_dagrun for dataset_with_extra_by_context to 2024-08-21 00:00:00+00:00, run_after=2024-08-22 00:00:00+00:00
[2024-08-22T10:59:11.157+0700] {logging_mixin.py:190} INFO - [2024-08-22T10:59:11.157+0700] {dag.py:4138} INFO - Setting next_dagrun for dataset_with_extra_by_yield to 2024-08-21 00:00:00+00:00, run_after=2024-08-22 00:00:00+00:00
[2024-08-22T10:59:11.159+0700] {logging_mixin.py:190} INFO - [2024-08-22T10:59:11.159+0700] {dag.py:4138} INFO - Setting next_dagrun for dataset_with_extra_from_classic_operator to 2024-08-21 00:00:00+00:00, run_after=2024-08-22 00:00:00+00:00
[2024-08-22T10:59:11.178+0700] {processor.py:208} INFO - Processing /home/user/.local/lib/python3.10/site-packages/airflow/example_dags/example_outlet_event_extra.py took 0.083 seconds
[2024-08-22T11:00:09.858+0700] {processor.py:186} INFO - Started process (PID=23921) to work on /home/user/.local/lib/python3.10/site-packages/airflow/example_dags/example_outlet_event_extra.py
[2024-08-22T11:00:09.860+0700] {processor.py:914} INFO - Processing file /home/user/.local/lib/python3.10/site-packages/airflow/example_dags/example_outlet_event_extra.py for tasks to queue
[2024-08-22T11:00:09.862+0700] {logging_mixin.py:190} INFO - [2024-08-22T11:00:09.862+0700] {dagbag.py:587} INFO - Filling up the DagBag from /home/user/.local/lib/python3.10/site-packages/airflow/example_dags/example_outlet_event_extra.py
[2024-08-22T11:00:09.877+0700] {processor.py:925} INFO - DAG(s) 'dataset_with_extra_by_context', 'dataset_with_extra_from_classic_operator', 'dataset_with_extra_by_yield' retrieved from /home/user/.local/lib/python3.10/site-packages/airflow/example_dags/example_outlet_event_extra.py
[2024-08-22T11:00:09.905+0700] {logging_mixin.py:190} INFO - [2024-08-22T11:00:09.905+0700] {dag.py:3211} INFO - Sync 3 DAGs
[2024-08-22T11:00:09.928+0700] {logging_mixin.py:190} INFO - [2024-08-22T11:00:09.928+0700] {dag.py:4138} INFO - Setting next_dagrun for dataset_with_extra_by_context to 2024-08-21 00:00:00+00:00, run_after=2024-08-22 00:00:00+00:00
[2024-08-22T11:00:09.936+0700] {logging_mixin.py:190} INFO - [2024-08-22T11:00:09.936+0700] {dag.py:4138} INFO - Setting next_dagrun for dataset_with_extra_by_yield to 2024-08-21 00:00:00+00:00, run_after=2024-08-22 00:00:00+00:00
[2024-08-22T11:00:09.938+0700] {logging_mixin.py:190} INFO - [2024-08-22T11:00:09.938+0700] {dag.py:4138} INFO - Setting next_dagrun for dataset_with_extra_from_classic_operator to 2024-08-21 00:00:00+00:00, run_after=2024-08-22 00:00:00+00:00
[2024-08-22T11:00:09.978+0700] {processor.py:208} INFO - Processing /home/user/.local/lib/python3.10/site-packages/airflow/example_dags/example_outlet_event_extra.py took 0.129 seconds
[2024-08-22T11:01:08.066+0700] {processor.py:186} INFO - Started process (PID=24386) to work on /home/user/.local/lib/python3.10/site-packages/airflow/example_dags/example_outlet_event_extra.py
[2024-08-22T11:01:08.069+0700] {processor.py:914} INFO - Processing file /home/user/.local/lib/python3.10/site-packages/airflow/example_dags/example_outlet_event_extra.py for tasks to queue
[2024-08-22T11:01:08.071+0700] {logging_mixin.py:190} INFO - [2024-08-22T11:01:08.071+0700] {dagbag.py:587} INFO - Filling up the DagBag from /home/user/.local/lib/python3.10/site-packages/airflow/example_dags/example_outlet_event_extra.py
[2024-08-22T11:01:08.086+0700] {processor.py:925} INFO - DAG(s) 'dataset_with_extra_from_classic_operator', 'dataset_with_extra_by_context', 'dataset_with_extra_by_yield' retrieved from /home/user/.local/lib/python3.10/site-packages/airflow/example_dags/example_outlet_event_extra.py
[2024-08-22T11:01:08.109+0700] {logging_mixin.py:190} INFO - [2024-08-22T11:01:08.108+0700] {dag.py:3211} INFO - Sync 3 DAGs
[2024-08-22T11:01:08.131+0700] {logging_mixin.py:190} INFO - [2024-08-22T11:01:08.131+0700] {dag.py:4138} INFO - Setting next_dagrun for dataset_with_extra_by_context to 2024-08-21 00:00:00+00:00, run_after=2024-08-22 00:00:00+00:00
[2024-08-22T11:01:08.136+0700] {logging_mixin.py:190} INFO - [2024-08-22T11:01:08.136+0700] {dag.py:4138} INFO - Setting next_dagrun for dataset_with_extra_by_yield to 2024-08-21 00:00:00+00:00, run_after=2024-08-22 00:00:00+00:00
[2024-08-22T11:01:08.139+0700] {logging_mixin.py:190} INFO - [2024-08-22T11:01:08.139+0700] {dag.py:4138} INFO - Setting next_dagrun for dataset_with_extra_from_classic_operator to 2024-08-21 00:00:00+00:00, run_after=2024-08-22 00:00:00+00:00
[2024-08-22T11:01:08.169+0700] {processor.py:208} INFO - Processing /home/user/.local/lib/python3.10/site-packages/airflow/example_dags/example_outlet_event_extra.py took 0.109 seconds
[2024-08-22T11:02:09.591+0700] {processor.py:186} INFO - Started process (PID=24878) to work on /home/user/.local/lib/python3.10/site-packages/airflow/example_dags/example_outlet_event_extra.py
[2024-08-22T11:02:09.593+0700] {processor.py:914} INFO - Processing file /home/user/.local/lib/python3.10/site-packages/airflow/example_dags/example_outlet_event_extra.py for tasks to queue
[2024-08-22T11:02:09.594+0700] {logging_mixin.py:190} INFO - [2024-08-22T11:02:09.594+0700] {dagbag.py:587} INFO - Filling up the DagBag from /home/user/.local/lib/python3.10/site-packages/airflow/example_dags/example_outlet_event_extra.py
[2024-08-22T11:02:09.605+0700] {processor.py:925} INFO - DAG(s) 'dataset_with_extra_by_yield', 'dataset_with_extra_by_context', 'dataset_with_extra_from_classic_operator' retrieved from /home/user/.local/lib/python3.10/site-packages/airflow/example_dags/example_outlet_event_extra.py
[2024-08-22T11:02:09.624+0700] {logging_mixin.py:190} INFO - [2024-08-22T11:02:09.624+0700] {dag.py:3211} INFO - Sync 3 DAGs
[2024-08-22T11:02:09.640+0700] {logging_mixin.py:190} INFO - [2024-08-22T11:02:09.639+0700] {dag.py:4138} INFO - Setting next_dagrun for dataset_with_extra_by_context to 2024-08-21 00:00:00+00:00, run_after=2024-08-22 00:00:00+00:00
[2024-08-22T11:02:09.643+0700] {logging_mixin.py:190} INFO - [2024-08-22T11:02:09.642+0700] {dag.py:4138} INFO - Setting next_dagrun for dataset_with_extra_by_yield to 2024-08-21 00:00:00+00:00, run_after=2024-08-22 00:00:00+00:00
[2024-08-22T11:02:09.644+0700] {logging_mixin.py:190} INFO - [2024-08-22T11:02:09.644+0700] {dag.py:4138} INFO - Setting next_dagrun for dataset_with_extra_from_classic_operator to 2024-08-21 00:00:00+00:00, run_after=2024-08-22 00:00:00+00:00
[2024-08-22T11:02:09.663+0700] {processor.py:208} INFO - Processing /home/user/.local/lib/python3.10/site-packages/airflow/example_dags/example_outlet_event_extra.py took 0.076 seconds
[2024-08-22T11:03:10.400+0700] {processor.py:186} INFO - Started process (PID=25418) to work on /home/user/.local/lib/python3.10/site-packages/airflow/example_dags/example_outlet_event_extra.py
[2024-08-22T11:03:10.402+0700] {processor.py:914} INFO - Processing file /home/user/.local/lib/python3.10/site-packages/airflow/example_dags/example_outlet_event_extra.py for tasks to queue
[2024-08-22T11:03:10.403+0700] {logging_mixin.py:190} INFO - [2024-08-22T11:03:10.403+0700] {dagbag.py:587} INFO - Filling up the DagBag from /home/user/.local/lib/python3.10/site-packages/airflow/example_dags/example_outlet_event_extra.py
[2024-08-22T11:03:10.415+0700] {processor.py:925} INFO - DAG(s) 'dataset_with_extra_from_classic_operator', 'dataset_with_extra_by_yield', 'dataset_with_extra_by_context' retrieved from /home/user/.local/lib/python3.10/site-packages/airflow/example_dags/example_outlet_event_extra.py
[2024-08-22T11:03:10.439+0700] {logging_mixin.py:190} INFO - [2024-08-22T11:03:10.438+0700] {dag.py:3211} INFO - Sync 3 DAGs
[2024-08-22T11:03:10.467+0700] {logging_mixin.py:190} INFO - [2024-08-22T11:03:10.466+0700] {dag.py:4138} INFO - Setting next_dagrun for dataset_with_extra_by_context to 2024-08-21 00:00:00+00:00, run_after=2024-08-22 00:00:00+00:00
[2024-08-22T11:03:10.472+0700] {logging_mixin.py:190} INFO - [2024-08-22T11:03:10.472+0700] {dag.py:4138} INFO - Setting next_dagrun for dataset_with_extra_by_yield to 2024-08-21 00:00:00+00:00, run_after=2024-08-22 00:00:00+00:00
[2024-08-22T11:03:10.474+0700] {logging_mixin.py:190} INFO - [2024-08-22T11:03:10.474+0700] {dag.py:4138} INFO - Setting next_dagrun for dataset_with_extra_from_classic_operator to 2024-08-21 00:00:00+00:00, run_after=2024-08-22 00:00:00+00:00
[2024-08-22T11:03:10.496+0700] {processor.py:208} INFO - Processing /home/user/.local/lib/python3.10/site-packages/airflow/example_dags/example_outlet_event_extra.py took 0.102 seconds
[2024-08-22T11:04:11.567+0700] {processor.py:186} INFO - Started process (PID=26033) to work on /home/user/.local/lib/python3.10/site-packages/airflow/example_dags/example_outlet_event_extra.py
[2024-08-22T11:04:11.569+0700] {processor.py:914} INFO - Processing file /home/user/.local/lib/python3.10/site-packages/airflow/example_dags/example_outlet_event_extra.py for tasks to queue
[2024-08-22T11:04:11.571+0700] {logging_mixin.py:190} INFO - [2024-08-22T11:04:11.571+0700] {dagbag.py:587} INFO - Filling up the DagBag from /home/user/.local/lib/python3.10/site-packages/airflow/example_dags/example_outlet_event_extra.py
[2024-08-22T11:04:11.584+0700] {processor.py:925} INFO - DAG(s) 'dataset_with_extra_by_yield', 'dataset_with_extra_from_classic_operator', 'dataset_with_extra_by_context' retrieved from /home/user/.local/lib/python3.10/site-packages/airflow/example_dags/example_outlet_event_extra.py
[2024-08-22T11:04:11.608+0700] {logging_mixin.py:190} INFO - [2024-08-22T11:04:11.608+0700] {dag.py:3211} INFO - Sync 3 DAGs
[2024-08-22T11:04:11.630+0700] {logging_mixin.py:190} INFO - [2024-08-22T11:04:11.629+0700] {dag.py:4138} INFO - Setting next_dagrun for dataset_with_extra_by_context to 2024-08-21 00:00:00+00:00, run_after=2024-08-22 00:00:00+00:00
[2024-08-22T11:04:11.634+0700] {logging_mixin.py:190} INFO - [2024-08-22T11:04:11.634+0700] {dag.py:4138} INFO - Setting next_dagrun for dataset_with_extra_by_yield to 2024-08-21 00:00:00+00:00, run_after=2024-08-22 00:00:00+00:00
[2024-08-22T11:04:11.636+0700] {logging_mixin.py:190} INFO - [2024-08-22T11:04:11.636+0700] {dag.py:4138} INFO - Setting next_dagrun for dataset_with_extra_from_classic_operator to 2024-08-21 00:00:00+00:00, run_after=2024-08-22 00:00:00+00:00
[2024-08-22T11:04:11.665+0700] {processor.py:208} INFO - Processing /home/user/.local/lib/python3.10/site-packages/airflow/example_dags/example_outlet_event_extra.py took 0.106 seconds
[2024-08-22T11:05:47.081+0700] {processor.py:186} INFO - Started process (PID=26640) to work on /home/user/.local/lib/python3.10/site-packages/airflow/example_dags/example_outlet_event_extra.py
[2024-08-22T11:05:47.083+0700] {processor.py:914} INFO - Processing file /home/user/.local/lib/python3.10/site-packages/airflow/example_dags/example_outlet_event_extra.py for tasks to queue
[2024-08-22T11:05:47.086+0700] {logging_mixin.py:190} INFO - [2024-08-22T11:05:47.085+0700] {dagbag.py:587} INFO - Filling up the DagBag from /home/user/.local/lib/python3.10/site-packages/airflow/example_dags/example_outlet_event_extra.py
[2024-08-22T11:05:47.100+0700] {processor.py:925} INFO - DAG(s) 'dataset_with_extra_by_yield', 'dataset_with_extra_by_context', 'dataset_with_extra_from_classic_operator' retrieved from /home/user/.local/lib/python3.10/site-packages/airflow/example_dags/example_outlet_event_extra.py
[2024-08-22T11:05:47.122+0700] {logging_mixin.py:190} INFO - [2024-08-22T11:05:47.122+0700] {dag.py:3211} INFO - Sync 3 DAGs
[2024-08-22T11:05:47.138+0700] {logging_mixin.py:190} INFO - [2024-08-22T11:05:47.138+0700] {dag.py:4138} INFO - Setting next_dagrun for dataset_with_extra_by_context to 2024-08-21 00:00:00+00:00, run_after=2024-08-22 00:00:00+00:00
[2024-08-22T11:05:47.141+0700] {logging_mixin.py:190} INFO - [2024-08-22T11:05:47.141+0700] {dag.py:4138} INFO - Setting next_dagrun for dataset_with_extra_by_yield to 2024-08-21 00:00:00+00:00, run_after=2024-08-22 00:00:00+00:00
[2024-08-22T11:05:47.142+0700] {logging_mixin.py:190} INFO - [2024-08-22T11:05:47.142+0700] {dag.py:4138} INFO - Setting next_dagrun for dataset_with_extra_from_classic_operator to 2024-08-21 00:00:00+00:00, run_after=2024-08-22 00:00:00+00:00
[2024-08-22T11:05:47.159+0700] {processor.py:208} INFO - Processing /home/user/.local/lib/python3.10/site-packages/airflow/example_dags/example_outlet_event_extra.py took 0.084 seconds
[2024-08-22T11:06:44.345+0700] {processor.py:186} INFO - Started process (PID=27086) to work on /home/user/.local/lib/python3.10/site-packages/airflow/example_dags/example_outlet_event_extra.py
[2024-08-22T11:06:44.346+0700] {processor.py:914} INFO - Processing file /home/user/.local/lib/python3.10/site-packages/airflow/example_dags/example_outlet_event_extra.py for tasks to queue
[2024-08-22T11:06:44.349+0700] {logging_mixin.py:190} INFO - [2024-08-22T11:06:44.348+0700] {dagbag.py:587} INFO - Filling up the DagBag from /home/user/.local/lib/python3.10/site-packages/airflow/example_dags/example_outlet_event_extra.py
[2024-08-22T11:06:44.365+0700] {processor.py:925} INFO - DAG(s) 'dataset_with_extra_by_context', 'dataset_with_extra_from_classic_operator', 'dataset_with_extra_by_yield' retrieved from /home/user/.local/lib/python3.10/site-packages/airflow/example_dags/example_outlet_event_extra.py
[2024-08-22T11:06:44.389+0700] {logging_mixin.py:190} INFO - [2024-08-22T11:06:44.388+0700] {dag.py:3211} INFO - Sync 3 DAGs
[2024-08-22T11:06:44.410+0700] {logging_mixin.py:190} INFO - [2024-08-22T11:06:44.410+0700] {dag.py:4138} INFO - Setting next_dagrun for dataset_with_extra_by_context to 2024-08-21 00:00:00+00:00, run_after=2024-08-22 00:00:00+00:00
[2024-08-22T11:06:44.416+0700] {logging_mixin.py:190} INFO - [2024-08-22T11:06:44.416+0700] {dag.py:4138} INFO - Setting next_dagrun for dataset_with_extra_by_yield to 2024-08-21 00:00:00+00:00, run_after=2024-08-22 00:00:00+00:00
[2024-08-22T11:06:44.417+0700] {logging_mixin.py:190} INFO - [2024-08-22T11:06:44.417+0700] {dag.py:4138} INFO - Setting next_dagrun for dataset_with_extra_from_classic_operator to 2024-08-21 00:00:00+00:00, run_after=2024-08-22 00:00:00+00:00
[2024-08-22T11:06:44.440+0700] {processor.py:208} INFO - Processing /home/user/.local/lib/python3.10/site-packages/airflow/example_dags/example_outlet_event_extra.py took 0.104 seconds
[2024-08-22T11:07:53.768+0700] {processor.py:186} INFO - Started process (PID=27637) to work on /home/user/.local/lib/python3.10/site-packages/airflow/example_dags/example_outlet_event_extra.py
[2024-08-22T11:07:53.770+0700] {processor.py:914} INFO - Processing file /home/user/.local/lib/python3.10/site-packages/airflow/example_dags/example_outlet_event_extra.py for tasks to queue
[2024-08-22T11:07:53.774+0700] {logging_mixin.py:190} INFO - [2024-08-22T11:07:53.773+0700] {dagbag.py:587} INFO - Filling up the DagBag from /home/user/.local/lib/python3.10/site-packages/airflow/example_dags/example_outlet_event_extra.py
[2024-08-22T11:07:53.791+0700] {processor.py:925} INFO - DAG(s) 'dataset_with_extra_from_classic_operator', 'dataset_with_extra_by_context', 'dataset_with_extra_by_yield' retrieved from /home/user/.local/lib/python3.10/site-packages/airflow/example_dags/example_outlet_event_extra.py
[2024-08-22T11:07:53.815+0700] {logging_mixin.py:190} INFO - [2024-08-22T11:07:53.815+0700] {dag.py:3211} INFO - Sync 3 DAGs
[2024-08-22T11:07:53.834+0700] {logging_mixin.py:190} INFO - [2024-08-22T11:07:53.834+0700] {dag.py:4138} INFO - Setting next_dagrun for dataset_with_extra_by_context to 2024-08-21 00:00:00+00:00, run_after=2024-08-22 00:00:00+00:00
[2024-08-22T11:07:53.839+0700] {logging_mixin.py:190} INFO - [2024-08-22T11:07:53.839+0700] {dag.py:4138} INFO - Setting next_dagrun for dataset_with_extra_by_yield to 2024-08-21 00:00:00+00:00, run_after=2024-08-22 00:00:00+00:00
[2024-08-22T11:07:53.842+0700] {logging_mixin.py:190} INFO - [2024-08-22T11:07:53.842+0700] {dag.py:4138} INFO - Setting next_dagrun for dataset_with_extra_from_classic_operator to 2024-08-21 00:00:00+00:00, run_after=2024-08-22 00:00:00+00:00
[2024-08-22T11:07:53.864+0700] {processor.py:208} INFO - Processing /home/user/.local/lib/python3.10/site-packages/airflow/example_dags/example_outlet_event_extra.py took 0.104 seconds
[2024-08-22T11:08:52.634+0700] {processor.py:186} INFO - Started process (PID=28091) to work on /home/user/.local/lib/python3.10/site-packages/airflow/example_dags/example_outlet_event_extra.py
[2024-08-22T11:08:52.636+0700] {processor.py:914} INFO - Processing file /home/user/.local/lib/python3.10/site-packages/airflow/example_dags/example_outlet_event_extra.py for tasks to queue
[2024-08-22T11:08:52.647+0700] {logging_mixin.py:190} INFO - [2024-08-22T11:08:52.646+0700] {dagbag.py:587} INFO - Filling up the DagBag from /home/user/.local/lib/python3.10/site-packages/airflow/example_dags/example_outlet_event_extra.py
[2024-08-22T11:08:52.685+0700] {processor.py:925} INFO - DAG(s) 'dataset_with_extra_by_yield', 'dataset_with_extra_from_classic_operator', 'dataset_with_extra_by_context' retrieved from /home/user/.local/lib/python3.10/site-packages/airflow/example_dags/example_outlet_event_extra.py
[2024-08-22T11:08:52.737+0700] {logging_mixin.py:190} INFO - [2024-08-22T11:08:52.736+0700] {dag.py:3211} INFO - Sync 3 DAGs
[2024-08-22T11:08:52.768+0700] {logging_mixin.py:190} INFO - [2024-08-22T11:08:52.768+0700] {dag.py:4138} INFO - Setting next_dagrun for dataset_with_extra_by_context to 2024-08-21 00:00:00+00:00, run_after=2024-08-22 00:00:00+00:00
[2024-08-22T11:08:52.772+0700] {logging_mixin.py:190} INFO - [2024-08-22T11:08:52.772+0700] {dag.py:4138} INFO - Setting next_dagrun for dataset_with_extra_by_yield to 2024-08-21 00:00:00+00:00, run_after=2024-08-22 00:00:00+00:00
[2024-08-22T11:08:52.774+0700] {logging_mixin.py:190} INFO - [2024-08-22T11:08:52.774+0700] {dag.py:4138} INFO - Setting next_dagrun for dataset_with_extra_from_classic_operator to 2024-08-21 00:00:00+00:00, run_after=2024-08-22 00:00:00+00:00
[2024-08-22T11:08:52.836+0700] {processor.py:208} INFO - Processing /home/user/.local/lib/python3.10/site-packages/airflow/example_dags/example_outlet_event_extra.py took 0.211 seconds
[2024-08-22T11:10:15.014+0700] {processor.py:186} INFO - Started process (PID=28737) to work on /home/user/.local/lib/python3.10/site-packages/airflow/example_dags/example_outlet_event_extra.py
[2024-08-22T11:10:15.016+0700] {processor.py:914} INFO - Processing file /home/user/.local/lib/python3.10/site-packages/airflow/example_dags/example_outlet_event_extra.py for tasks to queue
[2024-08-22T11:10:15.018+0700] {logging_mixin.py:190} INFO - [2024-08-22T11:10:15.018+0700] {dagbag.py:587} INFO - Filling up the DagBag from /home/user/.local/lib/python3.10/site-packages/airflow/example_dags/example_outlet_event_extra.py
[2024-08-22T11:10:15.032+0700] {processor.py:925} INFO - DAG(s) 'dataset_with_extra_from_classic_operator', 'dataset_with_extra_by_context', 'dataset_with_extra_by_yield' retrieved from /home/user/.local/lib/python3.10/site-packages/airflow/example_dags/example_outlet_event_extra.py
[2024-08-22T11:10:15.051+0700] {logging_mixin.py:190} INFO - [2024-08-22T11:10:15.051+0700] {dag.py:3211} INFO - Sync 3 DAGs
[2024-08-22T11:10:15.072+0700] {logging_mixin.py:190} INFO - [2024-08-22T11:10:15.071+0700] {dag.py:4138} INFO - Setting next_dagrun for dataset_with_extra_by_context to 2024-08-21 00:00:00+00:00, run_after=2024-08-22 00:00:00+00:00
[2024-08-22T11:10:15.078+0700] {logging_mixin.py:190} INFO - [2024-08-22T11:10:15.078+0700] {dag.py:4138} INFO - Setting next_dagrun for dataset_with_extra_by_yield to 2024-08-21 00:00:00+00:00, run_after=2024-08-22 00:00:00+00:00
[2024-08-22T11:10:15.080+0700] {logging_mixin.py:190} INFO - [2024-08-22T11:10:15.080+0700] {dag.py:4138} INFO - Setting next_dagrun for dataset_with_extra_from_classic_operator to 2024-08-21 00:00:00+00:00, run_after=2024-08-22 00:00:00+00:00
[2024-08-22T11:10:15.115+0700] {processor.py:208} INFO - Processing /home/user/.local/lib/python3.10/site-packages/airflow/example_dags/example_outlet_event_extra.py took 0.106 seconds
[2024-08-22T11:11:35.230+0700] {processor.py:186} INFO - Started process (PID=29504) to work on /home/user/.local/lib/python3.10/site-packages/airflow/example_dags/example_outlet_event_extra.py
[2024-08-22T11:11:35.231+0700] {processor.py:914} INFO - Processing file /home/user/.local/lib/python3.10/site-packages/airflow/example_dags/example_outlet_event_extra.py for tasks to queue
[2024-08-22T11:11:35.233+0700] {logging_mixin.py:190} INFO - [2024-08-22T11:11:35.233+0700] {dagbag.py:587} INFO - Filling up the DagBag from /home/user/.local/lib/python3.10/site-packages/airflow/example_dags/example_outlet_event_extra.py
[2024-08-22T11:11:35.248+0700] {processor.py:925} INFO - DAG(s) 'dataset_with_extra_from_classic_operator', 'dataset_with_extra_by_context', 'dataset_with_extra_by_yield' retrieved from /home/user/.local/lib/python3.10/site-packages/airflow/example_dags/example_outlet_event_extra.py
[2024-08-22T11:11:35.269+0700] {logging_mixin.py:190} INFO - [2024-08-22T11:11:35.269+0700] {dag.py:3211} INFO - Sync 3 DAGs
[2024-08-22T11:11:35.289+0700] {logging_mixin.py:190} INFO - [2024-08-22T11:11:35.289+0700] {dag.py:4138} INFO - Setting next_dagrun for dataset_with_extra_by_context to 2024-08-21 00:00:00+00:00, run_after=2024-08-22 00:00:00+00:00
[2024-08-22T11:11:35.295+0700] {logging_mixin.py:190} INFO - [2024-08-22T11:11:35.295+0700] {dag.py:4138} INFO - Setting next_dagrun for dataset_with_extra_by_yield to 2024-08-21 00:00:00+00:00, run_after=2024-08-22 00:00:00+00:00
[2024-08-22T11:11:35.298+0700] {logging_mixin.py:190} INFO - [2024-08-22T11:11:35.298+0700] {dag.py:4138} INFO - Setting next_dagrun for dataset_with_extra_from_classic_operator to 2024-08-21 00:00:00+00:00, run_after=2024-08-22 00:00:00+00:00
[2024-08-22T11:11:35.326+0700] {processor.py:208} INFO - Processing /home/user/.local/lib/python3.10/site-packages/airflow/example_dags/example_outlet_event_extra.py took 0.103 seconds
[2024-08-22T11:12:59.362+0700] {processor.py:186} INFO - Started process (PID=30155) to work on /home/user/.local/lib/python3.10/site-packages/airflow/example_dags/example_outlet_event_extra.py
[2024-08-22T11:12:59.364+0700] {processor.py:914} INFO - Processing file /home/user/.local/lib/python3.10/site-packages/airflow/example_dags/example_outlet_event_extra.py for tasks to queue
[2024-08-22T11:12:59.366+0700] {logging_mixin.py:190} INFO - [2024-08-22T11:12:59.365+0700] {dagbag.py:587} INFO - Filling up the DagBag from /home/user/.local/lib/python3.10/site-packages/airflow/example_dags/example_outlet_event_extra.py
[2024-08-22T11:12:59.379+0700] {processor.py:925} INFO - DAG(s) 'dataset_with_extra_by_yield', 'dataset_with_extra_from_classic_operator', 'dataset_with_extra_by_context' retrieved from /home/user/.local/lib/python3.10/site-packages/airflow/example_dags/example_outlet_event_extra.py
[2024-08-22T11:12:59.474+0700] {logging_mixin.py:190} INFO - [2024-08-22T11:12:59.473+0700] {override.py:1858} INFO - Created Permission View: can read on DAG:dataset_with_extra_by_yield
[2024-08-22T11:12:59.486+0700] {logging_mixin.py:190} INFO - [2024-08-22T11:12:59.486+0700] {override.py:1858} INFO - Created Permission View: can edit on DAG:dataset_with_extra_by_yield
[2024-08-22T11:12:59.496+0700] {logging_mixin.py:190} INFO - [2024-08-22T11:12:59.495+0700] {override.py:1858} INFO - Created Permission View: can delete on DAG:dataset_with_extra_by_yield
[2024-08-22T11:12:59.522+0700] {logging_mixin.py:190} INFO - [2024-08-22T11:12:59.522+0700] {override.py:1858} INFO - Created Permission View: can read on DAG:dataset_with_extra_from_classic_operator
[2024-08-22T11:12:59.532+0700] {logging_mixin.py:190} INFO - [2024-08-22T11:12:59.532+0700] {override.py:1858} INFO - Created Permission View: can edit on DAG:dataset_with_extra_from_classic_operator
[2024-08-22T11:12:59.540+0700] {logging_mixin.py:190} INFO - [2024-08-22T11:12:59.539+0700] {override.py:1858} INFO - Created Permission View: can delete on DAG:dataset_with_extra_from_classic_operator
[2024-08-22T11:12:59.560+0700] {logging_mixin.py:190} INFO - [2024-08-22T11:12:59.560+0700] {override.py:1858} INFO - Created Permission View: can read on DAG:dataset_with_extra_by_context
[2024-08-22T11:12:59.570+0700] {logging_mixin.py:190} INFO - [2024-08-22T11:12:59.569+0700] {override.py:1858} INFO - Created Permission View: can edit on DAG:dataset_with_extra_by_context
[2024-08-22T11:12:59.579+0700] {logging_mixin.py:190} INFO - [2024-08-22T11:12:59.579+0700] {override.py:1858} INFO - Created Permission View: can delete on DAG:dataset_with_extra_by_context
[2024-08-22T11:12:59.580+0700] {logging_mixin.py:190} INFO - [2024-08-22T11:12:59.579+0700] {dag.py:3211} INFO - Sync 3 DAGs
[2024-08-22T11:12:59.592+0700] {logging_mixin.py:190} INFO - [2024-08-22T11:12:59.592+0700] {dag.py:3234} INFO - Creating ORM DAG for dataset_with_extra_by_yield
[2024-08-22T11:12:59.592+0700] {logging_mixin.py:190} INFO - [2024-08-22T11:12:59.592+0700] {dag.py:3234} INFO - Creating ORM DAG for dataset_with_extra_by_context
[2024-08-22T11:12:59.593+0700] {logging_mixin.py:190} INFO - [2024-08-22T11:12:59.593+0700] {dag.py:3234} INFO - Creating ORM DAG for dataset_with_extra_from_classic_operator
[2024-08-22T11:12:59.600+0700] {logging_mixin.py:190} INFO - [2024-08-22T11:12:59.600+0700] {dag.py:4138} INFO - Setting next_dagrun for dataset_with_extra_by_context to 2024-08-21 00:00:00+00:00, run_after=2024-08-22 00:00:00+00:00
[2024-08-22T11:12:59.601+0700] {logging_mixin.py:190} INFO - [2024-08-22T11:12:59.601+0700] {dag.py:4138} INFO - Setting next_dagrun for dataset_with_extra_by_yield to 2024-08-21 00:00:00+00:00, run_after=2024-08-22 00:00:00+00:00
[2024-08-22T11:12:59.603+0700] {logging_mixin.py:190} INFO - [2024-08-22T11:12:59.602+0700] {dag.py:4138} INFO - Setting next_dagrun for dataset_with_extra_from_classic_operator to 2024-08-21 00:00:00+00:00, run_after=2024-08-22 00:00:00+00:00
[2024-08-22T11:12:59.639+0700] {processor.py:208} INFO - Processing /home/user/.local/lib/python3.10/site-packages/airflow/example_dags/example_outlet_event_extra.py took 0.283 seconds
[2024-08-22T11:14:23.759+0700] {processor.py:186} INFO - Started process (PID=30836) to work on /home/user/.local/lib/python3.10/site-packages/airflow/example_dags/example_outlet_event_extra.py
[2024-08-22T11:14:23.763+0700] {processor.py:914} INFO - Processing file /home/user/.local/lib/python3.10/site-packages/airflow/example_dags/example_outlet_event_extra.py for tasks to queue
[2024-08-22T11:14:23.765+0700] {logging_mixin.py:190} INFO - [2024-08-22T11:14:23.764+0700] {dagbag.py:587} INFO - Filling up the DagBag from /home/user/.local/lib/python3.10/site-packages/airflow/example_dags/example_outlet_event_extra.py
[2024-08-22T11:14:23.776+0700] {processor.py:925} INFO - DAG(s) 'dataset_with_extra_by_context', 'dataset_with_extra_by_yield', 'dataset_with_extra_from_classic_operator' retrieved from /home/user/.local/lib/python3.10/site-packages/airflow/example_dags/example_outlet_event_extra.py
[2024-08-22T11:14:23.796+0700] {logging_mixin.py:190} INFO - [2024-08-22T11:14:23.795+0700] {dag.py:3211} INFO - Sync 3 DAGs
[2024-08-22T11:14:23.810+0700] {logging_mixin.py:190} INFO - [2024-08-22T11:14:23.810+0700] {dag.py:4138} INFO - Setting next_dagrun for dataset_with_extra_by_context to 2024-08-21 00:00:00+00:00, run_after=2024-08-22 00:00:00+00:00
[2024-08-22T11:14:23.813+0700] {logging_mixin.py:190} INFO - [2024-08-22T11:14:23.813+0700] {dag.py:4138} INFO - Setting next_dagrun for dataset_with_extra_by_yield to 2024-08-21 00:00:00+00:00, run_after=2024-08-22 00:00:00+00:00
[2024-08-22T11:14:23.815+0700] {logging_mixin.py:190} INFO - [2024-08-22T11:14:23.815+0700] {dag.py:4138} INFO - Setting next_dagrun for dataset_with_extra_from_classic_operator to 2024-08-21 00:00:00+00:00, run_after=2024-08-22 00:00:00+00:00
[2024-08-22T11:14:23.833+0700] {processor.py:208} INFO - Processing /home/user/.local/lib/python3.10/site-packages/airflow/example_dags/example_outlet_event_extra.py took 0.079 seconds
[2024-08-22T11:15:23.696+0700] {processor.py:186} INFO - Started process (PID=31309) to work on /home/user/.local/lib/python3.10/site-packages/airflow/example_dags/example_outlet_event_extra.py
[2024-08-22T11:15:23.702+0700] {processor.py:914} INFO - Processing file /home/user/.local/lib/python3.10/site-packages/airflow/example_dags/example_outlet_event_extra.py for tasks to queue
[2024-08-22T11:15:23.704+0700] {logging_mixin.py:190} INFO - [2024-08-22T11:15:23.704+0700] {dagbag.py:587} INFO - Filling up the DagBag from /home/user/.local/lib/python3.10/site-packages/airflow/example_dags/example_outlet_event_extra.py
[2024-08-22T11:15:23.717+0700] {processor.py:925} INFO - DAG(s) 'dataset_with_extra_by_yield', 'dataset_with_extra_from_classic_operator', 'dataset_with_extra_by_context' retrieved from /home/user/.local/lib/python3.10/site-packages/airflow/example_dags/example_outlet_event_extra.py
[2024-08-22T11:15:23.737+0700] {logging_mixin.py:190} INFO - [2024-08-22T11:15:23.737+0700] {dag.py:3211} INFO - Sync 3 DAGs
[2024-08-22T11:15:23.757+0700] {logging_mixin.py:190} INFO - [2024-08-22T11:15:23.757+0700] {dag.py:4138} INFO - Setting next_dagrun for dataset_with_extra_by_context to 2024-08-21 00:00:00+00:00, run_after=2024-08-22 00:00:00+00:00
[2024-08-22T11:15:23.762+0700] {logging_mixin.py:190} INFO - [2024-08-22T11:15:23.761+0700] {dag.py:4138} INFO - Setting next_dagrun for dataset_with_extra_by_yield to 2024-08-21 00:00:00+00:00, run_after=2024-08-22 00:00:00+00:00
[2024-08-22T11:15:23.764+0700] {logging_mixin.py:190} INFO - [2024-08-22T11:15:23.764+0700] {dag.py:4138} INFO - Setting next_dagrun for dataset_with_extra_from_classic_operator to 2024-08-21 00:00:00+00:00, run_after=2024-08-22 00:00:00+00:00
[2024-08-22T11:15:23.795+0700] {processor.py:208} INFO - Processing /home/user/.local/lib/python3.10/site-packages/airflow/example_dags/example_outlet_event_extra.py took 0.106 seconds
[2024-08-22T11:16:19.978+0700] {processor.py:186} INFO - Started process (PID=31791) to work on /home/user/.local/lib/python3.10/site-packages/airflow/example_dags/example_outlet_event_extra.py
[2024-08-22T11:16:19.985+0700] {processor.py:914} INFO - Processing file /home/user/.local/lib/python3.10/site-packages/airflow/example_dags/example_outlet_event_extra.py for tasks to queue
[2024-08-22T11:16:19.986+0700] {logging_mixin.py:190} INFO - [2024-08-22T11:16:19.986+0700] {dagbag.py:587} INFO - Filling up the DagBag from /home/user/.local/lib/python3.10/site-packages/airflow/example_dags/example_outlet_event_extra.py
[2024-08-22T11:16:19.997+0700] {processor.py:925} INFO - DAG(s) 'dataset_with_extra_by_yield', 'dataset_with_extra_by_context', 'dataset_with_extra_from_classic_operator' retrieved from /home/user/.local/lib/python3.10/site-packages/airflow/example_dags/example_outlet_event_extra.py
[2024-08-22T11:16:20.012+0700] {logging_mixin.py:190} INFO - [2024-08-22T11:16:20.012+0700] {dag.py:3211} INFO - Sync 3 DAGs
[2024-08-22T11:16:20.026+0700] {logging_mixin.py:190} INFO - [2024-08-22T11:16:20.026+0700] {dag.py:4138} INFO - Setting next_dagrun for dataset_with_extra_by_context to 2024-08-21 00:00:00+00:00, run_after=2024-08-22 00:00:00+00:00
[2024-08-22T11:16:20.030+0700] {logging_mixin.py:190} INFO - [2024-08-22T11:16:20.029+0700] {dag.py:4138} INFO - Setting next_dagrun for dataset_with_extra_by_yield to 2024-08-21 00:00:00+00:00, run_after=2024-08-22 00:00:00+00:00
[2024-08-22T11:16:20.031+0700] {logging_mixin.py:190} INFO - [2024-08-22T11:16:20.031+0700] {dag.py:4138} INFO - Setting next_dagrun for dataset_with_extra_from_classic_operator to 2024-08-21 00:00:00+00:00, run_after=2024-08-22 00:00:00+00:00
[2024-08-22T11:16:20.050+0700] {processor.py:208} INFO - Processing /home/user/.local/lib/python3.10/site-packages/airflow/example_dags/example_outlet_event_extra.py took 0.076 seconds
[2024-08-22T11:17:53.796+0700] {processor.py:186} INFO - Started process (PID=32521) to work on /home/user/.local/lib/python3.10/site-packages/airflow/example_dags/example_outlet_event_extra.py
[2024-08-22T11:17:53.798+0700] {processor.py:914} INFO - Processing file /home/user/.local/lib/python3.10/site-packages/airflow/example_dags/example_outlet_event_extra.py for tasks to queue
[2024-08-22T11:17:53.801+0700] {logging_mixin.py:190} INFO - [2024-08-22T11:17:53.801+0700] {dagbag.py:587} INFO - Filling up the DagBag from /home/user/.local/lib/python3.10/site-packages/airflow/example_dags/example_outlet_event_extra.py
[2024-08-22T11:17:53.814+0700] {processor.py:925} INFO - DAG(s) 'dataset_with_extra_from_classic_operator', 'dataset_with_extra_by_context', 'dataset_with_extra_by_yield' retrieved from /home/user/.local/lib/python3.10/site-packages/airflow/example_dags/example_outlet_event_extra.py
[2024-08-22T11:17:53.834+0700] {logging_mixin.py:190} INFO - [2024-08-22T11:17:53.834+0700] {dag.py:3211} INFO - Sync 3 DAGs
[2024-08-22T11:17:53.853+0700] {logging_mixin.py:190} INFO - [2024-08-22T11:17:53.852+0700] {dag.py:4138} INFO - Setting next_dagrun for dataset_with_extra_by_context to 2024-08-21 00:00:00+00:00, run_after=2024-08-22 00:00:00+00:00
[2024-08-22T11:17:53.857+0700] {logging_mixin.py:190} INFO - [2024-08-22T11:17:53.856+0700] {dag.py:4138} INFO - Setting next_dagrun for dataset_with_extra_by_yield to 2024-08-21 00:00:00+00:00, run_after=2024-08-22 00:00:00+00:00
[2024-08-22T11:17:53.859+0700] {logging_mixin.py:190} INFO - [2024-08-22T11:17:53.859+0700] {dag.py:4138} INFO - Setting next_dagrun for dataset_with_extra_from_classic_operator to 2024-08-21 00:00:00+00:00, run_after=2024-08-22 00:00:00+00:00
[2024-08-22T11:17:53.879+0700] {processor.py:208} INFO - Processing /home/user/.local/lib/python3.10/site-packages/airflow/example_dags/example_outlet_event_extra.py took 0.090 seconds
[2024-08-22T11:18:49.717+0700] {processor.py:186} INFO - Started process (PID=32959) to work on /home/user/.local/lib/python3.10/site-packages/airflow/example_dags/example_outlet_event_extra.py
[2024-08-22T11:18:49.718+0700] {processor.py:914} INFO - Processing file /home/user/.local/lib/python3.10/site-packages/airflow/example_dags/example_outlet_event_extra.py for tasks to queue
[2024-08-22T11:18:49.721+0700] {logging_mixin.py:190} INFO - [2024-08-22T11:18:49.720+0700] {dagbag.py:587} INFO - Filling up the DagBag from /home/user/.local/lib/python3.10/site-packages/airflow/example_dags/example_outlet_event_extra.py
[2024-08-22T11:18:49.732+0700] {processor.py:925} INFO - DAG(s) 'dataset_with_extra_by_yield', 'dataset_with_extra_by_context', 'dataset_with_extra_from_classic_operator' retrieved from /home/user/.local/lib/python3.10/site-packages/airflow/example_dags/example_outlet_event_extra.py
[2024-08-22T11:18:49.754+0700] {logging_mixin.py:190} INFO - [2024-08-22T11:18:49.753+0700] {dag.py:3211} INFO - Sync 3 DAGs
[2024-08-22T11:18:49.772+0700] {logging_mixin.py:190} INFO - [2024-08-22T11:18:49.771+0700] {dag.py:4138} INFO - Setting next_dagrun for dataset_with_extra_by_context to 2024-08-21 00:00:00+00:00, run_after=2024-08-22 00:00:00+00:00
[2024-08-22T11:18:49.776+0700] {logging_mixin.py:190} INFO - [2024-08-22T11:18:49.776+0700] {dag.py:4138} INFO - Setting next_dagrun for dataset_with_extra_by_yield to 2024-08-21 00:00:00+00:00, run_after=2024-08-22 00:00:00+00:00
[2024-08-22T11:18:49.778+0700] {logging_mixin.py:190} INFO - [2024-08-22T11:18:49.778+0700] {dag.py:4138} INFO - Setting next_dagrun for dataset_with_extra_from_classic_operator to 2024-08-21 00:00:00+00:00, run_after=2024-08-22 00:00:00+00:00
[2024-08-22T11:18:49.802+0700] {processor.py:208} INFO - Processing /home/user/.local/lib/python3.10/site-packages/airflow/example_dags/example_outlet_event_extra.py took 0.091 seconds
[2024-08-22T11:19:54.931+0700] {processor.py:186} INFO - Started process (PID=33472) to work on /home/user/.local/lib/python3.10/site-packages/airflow/example_dags/example_outlet_event_extra.py
[2024-08-22T11:19:54.932+0700] {processor.py:914} INFO - Processing file /home/user/.local/lib/python3.10/site-packages/airflow/example_dags/example_outlet_event_extra.py for tasks to queue
[2024-08-22T11:19:54.934+0700] {logging_mixin.py:190} INFO - [2024-08-22T11:19:54.933+0700] {dagbag.py:587} INFO - Filling up the DagBag from /home/user/.local/lib/python3.10/site-packages/airflow/example_dags/example_outlet_event_extra.py
[2024-08-22T11:19:54.945+0700] {processor.py:925} INFO - DAG(s) 'dataset_with_extra_by_context', 'dataset_with_extra_from_classic_operator', 'dataset_with_extra_by_yield' retrieved from /home/user/.local/lib/python3.10/site-packages/airflow/example_dags/example_outlet_event_extra.py
[2024-08-22T11:19:54.964+0700] {logging_mixin.py:190} INFO - [2024-08-22T11:19:54.963+0700] {dag.py:3211} INFO - Sync 3 DAGs
[2024-08-22T11:19:54.980+0700] {logging_mixin.py:190} INFO - [2024-08-22T11:19:54.980+0700] {dag.py:4138} INFO - Setting next_dagrun for dataset_with_extra_by_context to 2024-08-21 00:00:00+00:00, run_after=2024-08-22 00:00:00+00:00
[2024-08-22T11:19:54.985+0700] {logging_mixin.py:190} INFO - [2024-08-22T11:19:54.985+0700] {dag.py:4138} INFO - Setting next_dagrun for dataset_with_extra_by_yield to 2024-08-21 00:00:00+00:00, run_after=2024-08-22 00:00:00+00:00
[2024-08-22T11:19:54.987+0700] {logging_mixin.py:190} INFO - [2024-08-22T11:19:54.987+0700] {dag.py:4138} INFO - Setting next_dagrun for dataset_with_extra_from_classic_operator to 2024-08-21 00:00:00+00:00, run_after=2024-08-22 00:00:00+00:00
[2024-08-22T11:19:55.006+0700] {processor.py:208} INFO - Processing /home/user/.local/lib/python3.10/site-packages/airflow/example_dags/example_outlet_event_extra.py took 0.081 seconds
[2024-08-22T11:20:55.895+0700] {processor.py:186} INFO - Started process (PID=33950) to work on /home/user/.local/lib/python3.10/site-packages/airflow/example_dags/example_outlet_event_extra.py
[2024-08-22T11:20:55.897+0700] {processor.py:914} INFO - Processing file /home/user/.local/lib/python3.10/site-packages/airflow/example_dags/example_outlet_event_extra.py for tasks to queue
[2024-08-22T11:20:55.899+0700] {logging_mixin.py:190} INFO - [2024-08-22T11:20:55.898+0700] {dagbag.py:587} INFO - Filling up the DagBag from /home/user/.local/lib/python3.10/site-packages/airflow/example_dags/example_outlet_event_extra.py
[2024-08-22T11:20:55.910+0700] {processor.py:925} INFO - DAG(s) 'dataset_with_extra_by_yield', 'dataset_with_extra_by_context', 'dataset_with_extra_from_classic_operator' retrieved from /home/user/.local/lib/python3.10/site-packages/airflow/example_dags/example_outlet_event_extra.py
[2024-08-22T11:20:55.928+0700] {logging_mixin.py:190} INFO - [2024-08-22T11:20:55.928+0700] {dag.py:3211} INFO - Sync 3 DAGs
[2024-08-22T11:20:55.943+0700] {logging_mixin.py:190} INFO - [2024-08-22T11:20:55.943+0700] {dag.py:4138} INFO - Setting next_dagrun for dataset_with_extra_by_context to 2024-08-21 00:00:00+00:00, run_after=2024-08-22 00:00:00+00:00
[2024-08-22T11:20:55.946+0700] {logging_mixin.py:190} INFO - [2024-08-22T11:20:55.946+0700] {dag.py:4138} INFO - Setting next_dagrun for dataset_with_extra_by_yield to 2024-08-21 00:00:00+00:00, run_after=2024-08-22 00:00:00+00:00
[2024-08-22T11:20:55.947+0700] {logging_mixin.py:190} INFO - [2024-08-22T11:20:55.947+0700] {dag.py:4138} INFO - Setting next_dagrun for dataset_with_extra_from_classic_operator to 2024-08-21 00:00:00+00:00, run_after=2024-08-22 00:00:00+00:00
[2024-08-22T11:20:55.969+0700] {processor.py:208} INFO - Processing /home/user/.local/lib/python3.10/site-packages/airflow/example_dags/example_outlet_event_extra.py took 0.081 seconds
[2024-08-22T11:21:56.146+0700] {processor.py:186} INFO - Started process (PID=34426) to work on /home/user/.local/lib/python3.10/site-packages/airflow/example_dags/example_outlet_event_extra.py
[2024-08-22T11:21:56.154+0700] {processor.py:914} INFO - Processing file /home/user/.local/lib/python3.10/site-packages/airflow/example_dags/example_outlet_event_extra.py for tasks to queue
[2024-08-22T11:21:56.170+0700] {logging_mixin.py:190} INFO - [2024-08-22T11:21:56.168+0700] {dagbag.py:587} INFO - Filling up the DagBag from /home/user/.local/lib/python3.10/site-packages/airflow/example_dags/example_outlet_event_extra.py
[2024-08-22T11:21:56.236+0700] {processor.py:925} INFO - DAG(s) 'dataset_with_extra_from_classic_operator', 'dataset_with_extra_by_context', 'dataset_with_extra_by_yield' retrieved from /home/user/.local/lib/python3.10/site-packages/airflow/example_dags/example_outlet_event_extra.py
[2024-08-22T11:21:56.329+0700] {logging_mixin.py:190} INFO - [2024-08-22T11:21:56.329+0700] {dag.py:3211} INFO - Sync 3 DAGs
[2024-08-22T11:21:56.399+0700] {logging_mixin.py:190} INFO - [2024-08-22T11:21:56.399+0700] {dag.py:4138} INFO - Setting next_dagrun for dataset_with_extra_by_context to 2024-08-21 00:00:00+00:00, run_after=2024-08-22 00:00:00+00:00
[2024-08-22T11:21:56.407+0700] {logging_mixin.py:190} INFO - [2024-08-22T11:21:56.406+0700] {dag.py:4138} INFO - Setting next_dagrun for dataset_with_extra_by_yield to 2024-08-21 00:00:00+00:00, run_after=2024-08-22 00:00:00+00:00
[2024-08-22T11:21:56.409+0700] {logging_mixin.py:190} INFO - [2024-08-22T11:21:56.409+0700] {dag.py:4138} INFO - Setting next_dagrun for dataset_with_extra_from_classic_operator to 2024-08-21 00:00:00+00:00, run_after=2024-08-22 00:00:00+00:00
[2024-08-22T11:21:56.453+0700] {processor.py:208} INFO - Processing /home/user/.local/lib/python3.10/site-packages/airflow/example_dags/example_outlet_event_extra.py took 0.350 seconds
[2024-08-22T11:23:11.266+0700] {processor.py:186} INFO - Started process (PID=35042) to work on /home/user/.local/lib/python3.10/site-packages/airflow/example_dags/example_outlet_event_extra.py
[2024-08-22T11:23:11.268+0700] {processor.py:914} INFO - Processing file /home/user/.local/lib/python3.10/site-packages/airflow/example_dags/example_outlet_event_extra.py for tasks to queue
[2024-08-22T11:23:11.270+0700] {logging_mixin.py:190} INFO - [2024-08-22T11:23:11.270+0700] {dagbag.py:587} INFO - Filling up the DagBag from /home/user/.local/lib/python3.10/site-packages/airflow/example_dags/example_outlet_event_extra.py
[2024-08-22T11:23:11.280+0700] {processor.py:925} INFO - DAG(s) 'dataset_with_extra_from_classic_operator', 'dataset_with_extra_by_context', 'dataset_with_extra_by_yield' retrieved from /home/user/.local/lib/python3.10/site-packages/airflow/example_dags/example_outlet_event_extra.py
[2024-08-22T11:23:11.302+0700] {logging_mixin.py:190} INFO - [2024-08-22T11:23:11.301+0700] {dag.py:3211} INFO - Sync 3 DAGs
[2024-08-22T11:23:11.323+0700] {logging_mixin.py:190} INFO - [2024-08-22T11:23:11.322+0700] {dag.py:4138} INFO - Setting next_dagrun for dataset_with_extra_by_context to 2024-08-21 00:00:00+00:00, run_after=2024-08-22 00:00:00+00:00
[2024-08-22T11:23:11.328+0700] {logging_mixin.py:190} INFO - [2024-08-22T11:23:11.328+0700] {dag.py:4138} INFO - Setting next_dagrun for dataset_with_extra_by_yield to 2024-08-21 00:00:00+00:00, run_after=2024-08-22 00:00:00+00:00
[2024-08-22T11:23:11.330+0700] {logging_mixin.py:190} INFO - [2024-08-22T11:23:11.330+0700] {dag.py:4138} INFO - Setting next_dagrun for dataset_with_extra_from_classic_operator to 2024-08-21 00:00:00+00:00, run_after=2024-08-22 00:00:00+00:00
[2024-08-22T11:23:11.353+0700] {processor.py:208} INFO - Processing /home/user/.local/lib/python3.10/site-packages/airflow/example_dags/example_outlet_event_extra.py took 0.091 seconds
[2024-08-22T11:24:36.481+0700] {processor.py:186} INFO - Started process (PID=35843) to work on /home/user/.local/lib/python3.10/site-packages/airflow/example_dags/example_outlet_event_extra.py
[2024-08-22T11:24:36.482+0700] {processor.py:914} INFO - Processing file /home/user/.local/lib/python3.10/site-packages/airflow/example_dags/example_outlet_event_extra.py for tasks to queue
[2024-08-22T11:24:36.484+0700] {logging_mixin.py:190} INFO - [2024-08-22T11:24:36.484+0700] {dagbag.py:587} INFO - Filling up the DagBag from /home/user/.local/lib/python3.10/site-packages/airflow/example_dags/example_outlet_event_extra.py
[2024-08-22T11:24:36.508+0700] {processor.py:925} INFO - DAG(s) 'dataset_with_extra_from_classic_operator', 'dataset_with_extra_by_yield', 'dataset_with_extra_by_context' retrieved from /home/user/.local/lib/python3.10/site-packages/airflow/example_dags/example_outlet_event_extra.py
[2024-08-22T11:24:36.528+0700] {logging_mixin.py:190} INFO - [2024-08-22T11:24:36.527+0700] {dag.py:3211} INFO - Sync 3 DAGs
[2024-08-22T11:24:36.544+0700] {logging_mixin.py:190} INFO - [2024-08-22T11:24:36.544+0700] {dag.py:4138} INFO - Setting next_dagrun for dataset_with_extra_by_context to 2024-08-21 00:00:00+00:00, run_after=2024-08-22 00:00:00+00:00
[2024-08-22T11:24:36.548+0700] {logging_mixin.py:190} INFO - [2024-08-22T11:24:36.548+0700] {dag.py:4138} INFO - Setting next_dagrun for dataset_with_extra_by_yield to 2024-08-21 00:00:00+00:00, run_after=2024-08-22 00:00:00+00:00
[2024-08-22T11:24:36.550+0700] {logging_mixin.py:190} INFO - [2024-08-22T11:24:36.550+0700] {dag.py:4138} INFO - Setting next_dagrun for dataset_with_extra_from_classic_operator to 2024-08-21 00:00:00+00:00, run_after=2024-08-22 00:00:00+00:00
[2024-08-22T11:24:36.575+0700] {processor.py:208} INFO - Processing /home/user/.local/lib/python3.10/site-packages/airflow/example_dags/example_outlet_event_extra.py took 0.099 seconds
[2024-08-22T11:25:37.970+0700] {processor.py:186} INFO - Started process (PID=36461) to work on /home/user/.local/lib/python3.10/site-packages/airflow/example_dags/example_outlet_event_extra.py
[2024-08-22T11:25:37.972+0700] {processor.py:914} INFO - Processing file /home/user/.local/lib/python3.10/site-packages/airflow/example_dags/example_outlet_event_extra.py for tasks to queue
[2024-08-22T11:25:37.974+0700] {logging_mixin.py:190} INFO - [2024-08-22T11:25:37.974+0700] {dagbag.py:587} INFO - Filling up the DagBag from /home/user/.local/lib/python3.10/site-packages/airflow/example_dags/example_outlet_event_extra.py
[2024-08-22T11:25:37.989+0700] {processor.py:925} INFO - DAG(s) 'dataset_with_extra_by_yield', 'dataset_with_extra_from_classic_operator', 'dataset_with_extra_by_context' retrieved from /home/user/.local/lib/python3.10/site-packages/airflow/example_dags/example_outlet_event_extra.py
[2024-08-22T11:25:38.006+0700] {logging_mixin.py:190} INFO - [2024-08-22T11:25:38.006+0700] {dag.py:3211} INFO - Sync 3 DAGs
[2024-08-22T11:25:38.024+0700] {logging_mixin.py:190} INFO - [2024-08-22T11:25:38.024+0700] {dag.py:4138} INFO - Setting next_dagrun for dataset_with_extra_by_context to 2024-08-21 00:00:00+00:00, run_after=2024-08-22 00:00:00+00:00
[2024-08-22T11:25:38.027+0700] {logging_mixin.py:190} INFO - [2024-08-22T11:25:38.027+0700] {dag.py:4138} INFO - Setting next_dagrun for dataset_with_extra_by_yield to 2024-08-21 00:00:00+00:00, run_after=2024-08-22 00:00:00+00:00
[2024-08-22T11:25:38.029+0700] {logging_mixin.py:190} INFO - [2024-08-22T11:25:38.029+0700] {dag.py:4138} INFO - Setting next_dagrun for dataset_with_extra_from_classic_operator to 2024-08-21 00:00:00+00:00, run_after=2024-08-22 00:00:00+00:00
[2024-08-22T11:25:38.069+0700] {processor.py:208} INFO - Processing /home/user/.local/lib/python3.10/site-packages/airflow/example_dags/example_outlet_event_extra.py took 0.104 seconds
[2024-08-22T11:27:38.850+0700] {processor.py:186} INFO - Started process (PID=37498) to work on /home/user/.local/lib/python3.10/site-packages/airflow/example_dags/example_outlet_event_extra.py
[2024-08-22T11:27:38.851+0700] {processor.py:914} INFO - Processing file /home/user/.local/lib/python3.10/site-packages/airflow/example_dags/example_outlet_event_extra.py for tasks to queue
[2024-08-22T11:27:38.852+0700] {logging_mixin.py:190} INFO - [2024-08-22T11:27:38.852+0700] {dagbag.py:587} INFO - Filling up the DagBag from /home/user/.local/lib/python3.10/site-packages/airflow/example_dags/example_outlet_event_extra.py
[2024-08-22T11:27:38.866+0700] {processor.py:925} INFO - DAG(s) 'dataset_with_extra_by_context', 'dataset_with_extra_from_classic_operator', 'dataset_with_extra_by_yield' retrieved from /home/user/.local/lib/python3.10/site-packages/airflow/example_dags/example_outlet_event_extra.py
[2024-08-22T11:27:38.889+0700] {logging_mixin.py:190} INFO - [2024-08-22T11:27:38.889+0700] {dag.py:3211} INFO - Sync 3 DAGs
[2024-08-22T11:27:38.906+0700] {logging_mixin.py:190} INFO - [2024-08-22T11:27:38.906+0700] {dag.py:4138} INFO - Setting next_dagrun for dataset_with_extra_by_context to 2024-08-21 00:00:00+00:00, run_after=2024-08-22 00:00:00+00:00
[2024-08-22T11:27:38.910+0700] {logging_mixin.py:190} INFO - [2024-08-22T11:27:38.910+0700] {dag.py:4138} INFO - Setting next_dagrun for dataset_with_extra_by_yield to 2024-08-21 00:00:00+00:00, run_after=2024-08-22 00:00:00+00:00
[2024-08-22T11:27:38.911+0700] {logging_mixin.py:190} INFO - [2024-08-22T11:27:38.911+0700] {dag.py:4138} INFO - Setting next_dagrun for dataset_with_extra_from_classic_operator to 2024-08-21 00:00:00+00:00, run_after=2024-08-22 00:00:00+00:00
[2024-08-22T11:27:38.933+0700] {processor.py:208} INFO - Processing /home/user/.local/lib/python3.10/site-packages/airflow/example_dags/example_outlet_event_extra.py took 0.088 seconds
[2024-08-22T11:28:56.445+0700] {processor.py:186} INFO - Started process (PID=38131) to work on /home/user/.local/lib/python3.10/site-packages/airflow/example_dags/example_outlet_event_extra.py
[2024-08-22T11:28:56.446+0700] {processor.py:914} INFO - Processing file /home/user/.local/lib/python3.10/site-packages/airflow/example_dags/example_outlet_event_extra.py for tasks to queue
[2024-08-22T11:28:56.447+0700] {logging_mixin.py:190} INFO - [2024-08-22T11:28:56.447+0700] {dagbag.py:587} INFO - Filling up the DagBag from /home/user/.local/lib/python3.10/site-packages/airflow/example_dags/example_outlet_event_extra.py
[2024-08-22T11:28:56.463+0700] {processor.py:925} INFO - DAG(s) 'dataset_with_extra_by_yield', 'dataset_with_extra_from_classic_operator', 'dataset_with_extra_by_context' retrieved from /home/user/.local/lib/python3.10/site-packages/airflow/example_dags/example_outlet_event_extra.py
[2024-08-22T11:28:56.482+0700] {logging_mixin.py:190} INFO - [2024-08-22T11:28:56.481+0700] {dag.py:3211} INFO - Sync 3 DAGs
[2024-08-22T11:28:56.504+0700] {logging_mixin.py:190} INFO - [2024-08-22T11:28:56.504+0700] {dag.py:4138} INFO - Setting next_dagrun for dataset_with_extra_by_context to 2024-08-21 00:00:00+00:00, run_after=2024-08-22 00:00:00+00:00
[2024-08-22T11:28:56.510+0700] {logging_mixin.py:190} INFO - [2024-08-22T11:28:56.510+0700] {dag.py:4138} INFO - Setting next_dagrun for dataset_with_extra_by_yield to 2024-08-21 00:00:00+00:00, run_after=2024-08-22 00:00:00+00:00
[2024-08-22T11:28:56.513+0700] {logging_mixin.py:190} INFO - [2024-08-22T11:28:56.513+0700] {dag.py:4138} INFO - Setting next_dagrun for dataset_with_extra_from_classic_operator to 2024-08-21 00:00:00+00:00, run_after=2024-08-22 00:00:00+00:00
[2024-08-22T11:28:56.559+0700] {processor.py:208} INFO - Processing /home/user/.local/lib/python3.10/site-packages/airflow/example_dags/example_outlet_event_extra.py took 0.118 seconds
[2024-08-22T11:30:29.256+0700] {processor.py:186} INFO - Started process (PID=38911) to work on /home/user/.local/lib/python3.10/site-packages/airflow/example_dags/example_outlet_event_extra.py
[2024-08-22T11:30:29.257+0700] {processor.py:914} INFO - Processing file /home/user/.local/lib/python3.10/site-packages/airflow/example_dags/example_outlet_event_extra.py for tasks to queue
[2024-08-22T11:30:29.259+0700] {logging_mixin.py:190} INFO - [2024-08-22T11:30:29.258+0700] {dagbag.py:587} INFO - Filling up the DagBag from /home/user/.local/lib/python3.10/site-packages/airflow/example_dags/example_outlet_event_extra.py
[2024-08-22T11:30:29.283+0700] {processor.py:925} INFO - DAG(s) 'dataset_with_extra_by_context', 'dataset_with_extra_from_classic_operator', 'dataset_with_extra_by_yield' retrieved from /home/user/.local/lib/python3.10/site-packages/airflow/example_dags/example_outlet_event_extra.py
[2024-08-22T11:30:29.311+0700] {logging_mixin.py:190} INFO - [2024-08-22T11:30:29.311+0700] {dag.py:3211} INFO - Sync 3 DAGs
[2024-08-22T11:30:29.330+0700] {logging_mixin.py:190} INFO - [2024-08-22T11:30:29.330+0700] {dag.py:4138} INFO - Setting next_dagrun for dataset_with_extra_by_context to 2024-08-21 00:00:00+00:00, run_after=2024-08-22 00:00:00+00:00
[2024-08-22T11:30:29.336+0700] {logging_mixin.py:190} INFO - [2024-08-22T11:30:29.336+0700] {dag.py:4138} INFO - Setting next_dagrun for dataset_with_extra_by_yield to 2024-08-21 00:00:00+00:00, run_after=2024-08-22 00:00:00+00:00
[2024-08-22T11:30:29.338+0700] {logging_mixin.py:190} INFO - [2024-08-22T11:30:29.338+0700] {dag.py:4138} INFO - Setting next_dagrun for dataset_with_extra_from_classic_operator to 2024-08-21 00:00:00+00:00, run_after=2024-08-22 00:00:00+00:00
[2024-08-22T11:30:29.375+0700] {processor.py:208} INFO - Processing /home/user/.local/lib/python3.10/site-packages/airflow/example_dags/example_outlet_event_extra.py took 0.125 seconds
[2024-08-22T11:31:30.879+0700] {processor.py:186} INFO - Started process (PID=39220) to work on /home/user/.local/lib/python3.10/site-packages/airflow/example_dags/example_outlet_event_extra.py
[2024-08-22T11:31:30.880+0700] {processor.py:914} INFO - Processing file /home/user/.local/lib/python3.10/site-packages/airflow/example_dags/example_outlet_event_extra.py for tasks to queue
[2024-08-22T11:31:30.881+0700] {logging_mixin.py:190} INFO - [2024-08-22T11:31:30.881+0700] {dagbag.py:587} INFO - Filling up the DagBag from /home/user/.local/lib/python3.10/site-packages/airflow/example_dags/example_outlet_event_extra.py
[2024-08-22T11:31:30.893+0700] {processor.py:925} INFO - DAG(s) 'dataset_with_extra_by_context', 'dataset_with_extra_from_classic_operator', 'dataset_with_extra_by_yield' retrieved from /home/user/.local/lib/python3.10/site-packages/airflow/example_dags/example_outlet_event_extra.py
[2024-08-22T11:31:30.913+0700] {logging_mixin.py:190} INFO - [2024-08-22T11:31:30.913+0700] {dag.py:3211} INFO - Sync 3 DAGs
[2024-08-22T11:31:30.929+0700] {logging_mixin.py:190} INFO - [2024-08-22T11:31:30.929+0700] {dag.py:4138} INFO - Setting next_dagrun for dataset_with_extra_by_context to 2024-08-21 00:00:00+00:00, run_after=2024-08-22 00:00:00+00:00
[2024-08-22T11:31:30.931+0700] {logging_mixin.py:190} INFO - [2024-08-22T11:31:30.931+0700] {dag.py:4138} INFO - Setting next_dagrun for dataset_with_extra_by_yield to 2024-08-21 00:00:00+00:00, run_after=2024-08-22 00:00:00+00:00
[2024-08-22T11:31:30.933+0700] {logging_mixin.py:190} INFO - [2024-08-22T11:31:30.933+0700] {dag.py:4138} INFO - Setting next_dagrun for dataset_with_extra_from_classic_operator to 2024-08-21 00:00:00+00:00, run_after=2024-08-22 00:00:00+00:00
[2024-08-22T11:31:30.951+0700] {processor.py:208} INFO - Processing /home/user/.local/lib/python3.10/site-packages/airflow/example_dags/example_outlet_event_extra.py took 0.077 seconds
