[2024-08-22T10:42:46.110+0700] {processor.py:186} INFO - Started process (PID=15227) to work on /home/user/.local/lib/python3.10/site-packages/airflow/example_dags/example_short_circuit_decorator.py
[2024-08-22T10:42:46.111+0700] {processor.py:914} INFO - Processing file /home/user/.local/lib/python3.10/site-packages/airflow/example_dags/example_short_circuit_decorator.py for tasks to queue
[2024-08-22T10:42:46.112+0700] {logging_mixin.py:190} INFO - [2024-08-22T10:42:46.112+0700] {dagbag.py:587} INFO - Filling up the DagBag from /home/user/.local/lib/python3.10/site-packages/airflow/example_dags/example_short_circuit_decorator.py
[2024-08-22T10:42:46.124+0700] {processor.py:925} INFO - DAG(s) 'example_short_circuit_decorator' retrieved from /home/user/.local/lib/python3.10/site-packages/airflow/example_dags/example_short_circuit_decorator.py
[2024-08-22T10:42:46.191+0700] {logging_mixin.py:190} INFO - [2024-08-22T10:42:46.191+0700] {dag.py:3211} INFO - Sync 1 DAGs
[2024-08-22T10:42:46.207+0700] {logging_mixin.py:190} INFO - [2024-08-22T10:42:46.206+0700] {dag.py:4138} INFO - Setting next_dagrun for example_short_circuit_decorator to 2024-08-21 00:00:00+00:00, run_after=2024-08-22 00:00:00+00:00
[2024-08-22T10:42:46.225+0700] {processor.py:208} INFO - Processing /home/user/.local/lib/python3.10/site-packages/airflow/example_dags/example_short_circuit_decorator.py took 0.119 seconds
[2024-08-22T10:43:47.164+0700] {processor.py:186} INFO - Started process (PID=15540) to work on /home/user/.local/lib/python3.10/site-packages/airflow/example_dags/example_short_circuit_decorator.py
[2024-08-22T10:43:47.166+0700] {processor.py:914} INFO - Processing file /home/user/.local/lib/python3.10/site-packages/airflow/example_dags/example_short_circuit_decorator.py for tasks to queue
[2024-08-22T10:43:47.168+0700] {logging_mixin.py:190} INFO - [2024-08-22T10:43:47.167+0700] {dagbag.py:587} INFO - Filling up the DagBag from /home/user/.local/lib/python3.10/site-packages/airflow/example_dags/example_short_circuit_decorator.py
[2024-08-22T10:43:47.180+0700] {processor.py:925} INFO - DAG(s) 'example_short_circuit_decorator' retrieved from /home/user/.local/lib/python3.10/site-packages/airflow/example_dags/example_short_circuit_decorator.py
[2024-08-22T10:43:47.201+0700] {logging_mixin.py:190} INFO - [2024-08-22T10:43:47.200+0700] {dag.py:3211} INFO - Sync 1 DAGs
[2024-08-22T10:43:47.221+0700] {logging_mixin.py:190} INFO - [2024-08-22T10:43:47.221+0700] {dag.py:4138} INFO - Setting next_dagrun for example_short_circuit_decorator to 2024-08-21 00:00:00+00:00, run_after=2024-08-22 00:00:00+00:00
[2024-08-22T10:43:47.247+0700] {processor.py:208} INFO - Processing /home/user/.local/lib/python3.10/site-packages/airflow/example_dags/example_short_circuit_decorator.py took 0.090 seconds
[2024-08-22T10:46:50.198+0700] {processor.py:186} INFO - Started process (PID=16471) to work on /home/user/.local/lib/python3.10/site-packages/airflow/example_dags/example_short_circuit_decorator.py
[2024-08-22T10:46:50.199+0700] {processor.py:914} INFO - Processing file /home/user/.local/lib/python3.10/site-packages/airflow/example_dags/example_short_circuit_decorator.py for tasks to queue
[2024-08-22T10:46:50.201+0700] {logging_mixin.py:190} INFO - [2024-08-22T10:46:50.200+0700] {dagbag.py:587} INFO - Filling up the DagBag from /home/user/.local/lib/python3.10/site-packages/airflow/example_dags/example_short_circuit_decorator.py
[2024-08-22T10:46:50.208+0700] {processor.py:925} INFO - DAG(s) 'example_short_circuit_decorator' retrieved from /home/user/.local/lib/python3.10/site-packages/airflow/example_dags/example_short_circuit_decorator.py
[2024-08-22T10:46:50.225+0700] {logging_mixin.py:190} INFO - [2024-08-22T10:46:50.225+0700] {dag.py:3211} INFO - Sync 1 DAGs
[2024-08-22T10:46:50.243+0700] {logging_mixin.py:190} INFO - [2024-08-22T10:46:50.243+0700] {dag.py:4138} INFO - Setting next_dagrun for example_short_circuit_decorator to 2024-08-21 00:00:00+00:00, run_after=2024-08-22 00:00:00+00:00
[2024-08-22T10:46:50.258+0700] {processor.py:208} INFO - Processing /home/user/.local/lib/python3.10/site-packages/airflow/example_dags/example_short_circuit_decorator.py took 0.064 seconds
[2024-08-22T10:52:51.013+0700] {processor.py:186} INFO - Started process (PID=19966) to work on /home/user/.local/lib/python3.10/site-packages/airflow/example_dags/example_short_circuit_decorator.py
[2024-08-22T10:52:51.015+0700] {processor.py:914} INFO - Processing file /home/user/.local/lib/python3.10/site-packages/airflow/example_dags/example_short_circuit_decorator.py for tasks to queue
[2024-08-22T10:52:51.017+0700] {logging_mixin.py:190} INFO - [2024-08-22T10:52:51.016+0700] {dagbag.py:587} INFO - Filling up the DagBag from /home/user/.local/lib/python3.10/site-packages/airflow/example_dags/example_short_circuit_decorator.py
[2024-08-22T10:52:51.027+0700] {processor.py:925} INFO - DAG(s) 'example_short_circuit_decorator' retrieved from /home/user/.local/lib/python3.10/site-packages/airflow/example_dags/example_short_circuit_decorator.py
[2024-08-22T10:52:51.040+0700] {logging_mixin.py:190} INFO - [2024-08-22T10:52:51.040+0700] {dag.py:3211} INFO - Sync 1 DAGs
[2024-08-22T10:52:51.055+0700] {logging_mixin.py:190} INFO - [2024-08-22T10:52:51.055+0700] {dag.py:4138} INFO - Setting next_dagrun for example_short_circuit_decorator to 2024-08-21 00:00:00+00:00, run_after=2024-08-22 00:00:00+00:00
[2024-08-22T10:52:51.071+0700] {processor.py:208} INFO - Processing /home/user/.local/lib/python3.10/site-packages/airflow/example_dags/example_short_circuit_decorator.py took 0.062 seconds
[2024-08-22T10:56:15.455+0700] {processor.py:186} INFO - Started process (PID=21734) to work on /home/user/.local/lib/python3.10/site-packages/airflow/example_dags/example_short_circuit_decorator.py
[2024-08-22T10:56:15.456+0700] {processor.py:914} INFO - Processing file /home/user/.local/lib/python3.10/site-packages/airflow/example_dags/example_short_circuit_decorator.py for tasks to queue
[2024-08-22T10:56:15.459+0700] {logging_mixin.py:190} INFO - [2024-08-22T10:56:15.459+0700] {dagbag.py:587} INFO - Filling up the DagBag from /home/user/.local/lib/python3.10/site-packages/airflow/example_dags/example_short_circuit_decorator.py
[2024-08-22T10:56:15.471+0700] {processor.py:925} INFO - DAG(s) 'example_short_circuit_decorator' retrieved from /home/user/.local/lib/python3.10/site-packages/airflow/example_dags/example_short_circuit_decorator.py
[2024-08-22T10:56:15.489+0700] {logging_mixin.py:190} INFO - [2024-08-22T10:56:15.488+0700] {dag.py:3211} INFO - Sync 1 DAGs
[2024-08-22T10:56:15.504+0700] {logging_mixin.py:190} INFO - [2024-08-22T10:56:15.504+0700] {dag.py:4138} INFO - Setting next_dagrun for example_short_circuit_decorator to 2024-08-21 00:00:00+00:00, run_after=2024-08-22 00:00:00+00:00
[2024-08-22T10:56:15.520+0700] {processor.py:208} INFO - Processing /home/user/.local/lib/python3.10/site-packages/airflow/example_dags/example_short_circuit_decorator.py took 0.072 seconds
[2024-08-22T10:57:16.375+0700] {processor.py:186} INFO - Started process (PID=22218) to work on /home/user/.local/lib/python3.10/site-packages/airflow/example_dags/example_short_circuit_decorator.py
[2024-08-22T10:57:16.377+0700] {processor.py:914} INFO - Processing file /home/user/.local/lib/python3.10/site-packages/airflow/example_dags/example_short_circuit_decorator.py for tasks to queue
[2024-08-22T10:57:16.379+0700] {logging_mixin.py:190} INFO - [2024-08-22T10:57:16.379+0700] {dagbag.py:587} INFO - Filling up the DagBag from /home/user/.local/lib/python3.10/site-packages/airflow/example_dags/example_short_circuit_decorator.py
[2024-08-22T10:57:16.390+0700] {processor.py:925} INFO - DAG(s) 'example_short_circuit_decorator' retrieved from /home/user/.local/lib/python3.10/site-packages/airflow/example_dags/example_short_circuit_decorator.py
[2024-08-22T10:57:16.410+0700] {logging_mixin.py:190} INFO - [2024-08-22T10:57:16.410+0700] {dag.py:3211} INFO - Sync 1 DAGs
[2024-08-22T10:57:16.431+0700] {logging_mixin.py:190} INFO - [2024-08-22T10:57:16.431+0700] {dag.py:4138} INFO - Setting next_dagrun for example_short_circuit_decorator to 2024-08-21 00:00:00+00:00, run_after=2024-08-22 00:00:00+00:00
[2024-08-22T10:57:16.454+0700] {processor.py:208} INFO - Processing /home/user/.local/lib/python3.10/site-packages/airflow/example_dags/example_short_circuit_decorator.py took 0.085 seconds
[2024-08-22T10:58:15.996+0700] {processor.py:186} INFO - Started process (PID=22848) to work on /home/user/.local/lib/python3.10/site-packages/airflow/example_dags/example_short_circuit_decorator.py
[2024-08-22T10:58:15.997+0700] {processor.py:914} INFO - Processing file /home/user/.local/lib/python3.10/site-packages/airflow/example_dags/example_short_circuit_decorator.py for tasks to queue
[2024-08-22T10:58:15.999+0700] {logging_mixin.py:190} INFO - [2024-08-22T10:58:15.999+0700] {dagbag.py:587} INFO - Filling up the DagBag from /home/user/.local/lib/python3.10/site-packages/airflow/example_dags/example_short_circuit_decorator.py
[2024-08-22T10:58:16.008+0700] {processor.py:925} INFO - DAG(s) 'example_short_circuit_decorator' retrieved from /home/user/.local/lib/python3.10/site-packages/airflow/example_dags/example_short_circuit_decorator.py
[2024-08-22T10:58:16.025+0700] {logging_mixin.py:190} INFO - [2024-08-22T10:58:16.024+0700] {dag.py:3211} INFO - Sync 1 DAGs
[2024-08-22T10:58:16.041+0700] {logging_mixin.py:190} INFO - [2024-08-22T10:58:16.040+0700] {dag.py:4138} INFO - Setting next_dagrun for example_short_circuit_decorator to 2024-08-21 00:00:00+00:00, run_after=2024-08-22 00:00:00+00:00
[2024-08-22T10:58:16.058+0700] {processor.py:208} INFO - Processing /home/user/.local/lib/python3.10/site-packages/airflow/example_dags/example_short_circuit_decorator.py took 0.071 seconds
[2024-08-22T10:59:25.888+0700] {processor.py:186} INFO - Started process (PID=23551) to work on /home/user/.local/lib/python3.10/site-packages/airflow/example_dags/example_short_circuit_decorator.py
[2024-08-22T10:59:25.896+0700] {processor.py:914} INFO - Processing file /home/user/.local/lib/python3.10/site-packages/airflow/example_dags/example_short_circuit_decorator.py for tasks to queue
[2024-08-22T10:59:25.918+0700] {logging_mixin.py:190} INFO - [2024-08-22T10:59:25.915+0700] {dagbag.py:587} INFO - Filling up the DagBag from /home/user/.local/lib/python3.10/site-packages/airflow/example_dags/example_short_circuit_decorator.py
[2024-08-22T10:59:25.965+0700] {processor.py:925} INFO - DAG(s) 'example_short_circuit_decorator' retrieved from /home/user/.local/lib/python3.10/site-packages/airflow/example_dags/example_short_circuit_decorator.py
[2024-08-22T10:59:26.012+0700] {logging_mixin.py:190} INFO - [2024-08-22T10:59:26.011+0700] {dag.py:3211} INFO - Sync 1 DAGs
[2024-08-22T10:59:26.068+0700] {logging_mixin.py:190} INFO - [2024-08-22T10:59:26.067+0700] {dag.py:4138} INFO - Setting next_dagrun for example_short_circuit_decorator to 2024-08-21 00:00:00+00:00, run_after=2024-08-22 00:00:00+00:00
[2024-08-22T10:59:26.091+0700] {processor.py:208} INFO - Processing /home/user/.local/lib/python3.10/site-packages/airflow/example_dags/example_short_circuit_decorator.py took 0.216 seconds
[2024-08-22T11:00:24.943+0700] {processor.py:186} INFO - Started process (PID=24046) to work on /home/user/.local/lib/python3.10/site-packages/airflow/example_dags/example_short_circuit_decorator.py
[2024-08-22T11:00:24.945+0700] {processor.py:914} INFO - Processing file /home/user/.local/lib/python3.10/site-packages/airflow/example_dags/example_short_circuit_decorator.py for tasks to queue
[2024-08-22T11:00:24.948+0700] {logging_mixin.py:190} INFO - [2024-08-22T11:00:24.948+0700] {dagbag.py:587} INFO - Filling up the DagBag from /home/user/.local/lib/python3.10/site-packages/airflow/example_dags/example_short_circuit_decorator.py
[2024-08-22T11:00:24.959+0700] {processor.py:925} INFO - DAG(s) 'example_short_circuit_decorator' retrieved from /home/user/.local/lib/python3.10/site-packages/airflow/example_dags/example_short_circuit_decorator.py
[2024-08-22T11:00:24.977+0700] {logging_mixin.py:190} INFO - [2024-08-22T11:00:24.977+0700] {dag.py:3211} INFO - Sync 1 DAGs
[2024-08-22T11:00:24.997+0700] {logging_mixin.py:190} INFO - [2024-08-22T11:00:24.997+0700] {dag.py:4138} INFO - Setting next_dagrun for example_short_circuit_decorator to 2024-08-21 00:00:00+00:00, run_after=2024-08-22 00:00:00+00:00
[2024-08-22T11:00:25.024+0700] {processor.py:208} INFO - Processing /home/user/.local/lib/python3.10/site-packages/airflow/example_dags/example_short_circuit_decorator.py took 0.087 seconds
[2024-08-22T11:01:20.482+0700] {processor.py:186} INFO - Started process (PID=24487) to work on /home/user/.local/lib/python3.10/site-packages/airflow/example_dags/example_short_circuit_decorator.py
[2024-08-22T11:01:20.483+0700] {processor.py:914} INFO - Processing file /home/user/.local/lib/python3.10/site-packages/airflow/example_dags/example_short_circuit_decorator.py for tasks to queue
[2024-08-22T11:01:20.485+0700] {logging_mixin.py:190} INFO - [2024-08-22T11:01:20.485+0700] {dagbag.py:587} INFO - Filling up the DagBag from /home/user/.local/lib/python3.10/site-packages/airflow/example_dags/example_short_circuit_decorator.py
[2024-08-22T11:01:20.494+0700] {processor.py:925} INFO - DAG(s) 'example_short_circuit_decorator' retrieved from /home/user/.local/lib/python3.10/site-packages/airflow/example_dags/example_short_circuit_decorator.py
[2024-08-22T11:01:20.512+0700] {logging_mixin.py:190} INFO - [2024-08-22T11:01:20.511+0700] {dag.py:3211} INFO - Sync 1 DAGs
[2024-08-22T11:01:20.526+0700] {logging_mixin.py:190} INFO - [2024-08-22T11:01:20.526+0700] {dag.py:4138} INFO - Setting next_dagrun for example_short_circuit_decorator to 2024-08-21 00:00:00+00:00, run_after=2024-08-22 00:00:00+00:00
[2024-08-22T11:01:20.544+0700] {processor.py:208} INFO - Processing /home/user/.local/lib/python3.10/site-packages/airflow/example_dags/example_short_circuit_decorator.py took 0.068 seconds
[2024-08-22T11:02:22.233+0700] {processor.py:186} INFO - Started process (PID=24978) to work on /home/user/.local/lib/python3.10/site-packages/airflow/example_dags/example_short_circuit_decorator.py
[2024-08-22T11:02:22.235+0700] {processor.py:914} INFO - Processing file /home/user/.local/lib/python3.10/site-packages/airflow/example_dags/example_short_circuit_decorator.py for tasks to queue
[2024-08-22T11:02:22.238+0700] {logging_mixin.py:190} INFO - [2024-08-22T11:02:22.238+0700] {dagbag.py:587} INFO - Filling up the DagBag from /home/user/.local/lib/python3.10/site-packages/airflow/example_dags/example_short_circuit_decorator.py
[2024-08-22T11:02:22.252+0700] {processor.py:925} INFO - DAG(s) 'example_short_circuit_decorator' retrieved from /home/user/.local/lib/python3.10/site-packages/airflow/example_dags/example_short_circuit_decorator.py
[2024-08-22T11:02:22.276+0700] {logging_mixin.py:190} INFO - [2024-08-22T11:02:22.276+0700] {dag.py:3211} INFO - Sync 1 DAGs
[2024-08-22T11:02:22.296+0700] {logging_mixin.py:190} INFO - [2024-08-22T11:02:22.296+0700] {dag.py:4138} INFO - Setting next_dagrun for example_short_circuit_decorator to 2024-08-21 00:00:00+00:00, run_after=2024-08-22 00:00:00+00:00
[2024-08-22T11:02:22.319+0700] {processor.py:208} INFO - Processing /home/user/.local/lib/python3.10/site-packages/airflow/example_dags/example_short_circuit_decorator.py took 0.092 seconds
[2024-08-22T11:03:23.738+0700] {processor.py:186} INFO - Started process (PID=25572) to work on /home/user/.local/lib/python3.10/site-packages/airflow/example_dags/example_short_circuit_decorator.py
[2024-08-22T11:03:23.739+0700] {processor.py:914} INFO - Processing file /home/user/.local/lib/python3.10/site-packages/airflow/example_dags/example_short_circuit_decorator.py for tasks to queue
[2024-08-22T11:03:23.742+0700] {logging_mixin.py:190} INFO - [2024-08-22T11:03:23.742+0700] {dagbag.py:587} INFO - Filling up the DagBag from /home/user/.local/lib/python3.10/site-packages/airflow/example_dags/example_short_circuit_decorator.py
[2024-08-22T11:03:23.758+0700] {processor.py:925} INFO - DAG(s) 'example_short_circuit_decorator' retrieved from /home/user/.local/lib/python3.10/site-packages/airflow/example_dags/example_short_circuit_decorator.py
[2024-08-22T11:03:23.783+0700] {logging_mixin.py:190} INFO - [2024-08-22T11:03:23.783+0700] {dag.py:3211} INFO - Sync 1 DAGs
[2024-08-22T11:03:23.801+0700] {logging_mixin.py:190} INFO - [2024-08-22T11:03:23.800+0700] {dag.py:4138} INFO - Setting next_dagrun for example_short_circuit_decorator to 2024-08-21 00:00:00+00:00, run_after=2024-08-22 00:00:00+00:00
[2024-08-22T11:03:23.822+0700] {processor.py:208} INFO - Processing /home/user/.local/lib/python3.10/site-packages/airflow/example_dags/example_short_circuit_decorator.py took 0.092 seconds
[2024-08-22T11:04:21.442+0700] {processor.py:186} INFO - Started process (PID=26114) to work on /home/user/.local/lib/python3.10/site-packages/airflow/example_dags/example_short_circuit_decorator.py
[2024-08-22T11:04:21.443+0700] {processor.py:914} INFO - Processing file /home/user/.local/lib/python3.10/site-packages/airflow/example_dags/example_short_circuit_decorator.py for tasks to queue
[2024-08-22T11:04:21.446+0700] {logging_mixin.py:190} INFO - [2024-08-22T11:04:21.445+0700] {dagbag.py:587} INFO - Filling up the DagBag from /home/user/.local/lib/python3.10/site-packages/airflow/example_dags/example_short_circuit_decorator.py
[2024-08-22T11:04:21.454+0700] {processor.py:925} INFO - DAG(s) 'example_short_circuit_decorator' retrieved from /home/user/.local/lib/python3.10/site-packages/airflow/example_dags/example_short_circuit_decorator.py
[2024-08-22T11:04:21.469+0700] {logging_mixin.py:190} INFO - [2024-08-22T11:04:21.469+0700] {dag.py:3211} INFO - Sync 1 DAGs
[2024-08-22T11:04:21.486+0700] {logging_mixin.py:190} INFO - [2024-08-22T11:04:21.485+0700] {dag.py:4138} INFO - Setting next_dagrun for example_short_circuit_decorator to 2024-08-21 00:00:00+00:00, run_after=2024-08-22 00:00:00+00:00
[2024-08-22T11:04:21.505+0700] {processor.py:208} INFO - Processing /home/user/.local/lib/python3.10/site-packages/airflow/example_dags/example_short_circuit_decorator.py took 0.068 seconds
[2024-08-22T11:05:05.563+0700] {processor.py:186} INFO - Started process (PID=26411) to work on /home/user/.local/lib/python3.10/site-packages/airflow/example_dags/example_short_circuit_decorator.py
[2024-08-22T11:05:05.564+0700] {processor.py:914} INFO - Processing file /home/user/.local/lib/python3.10/site-packages/airflow/example_dags/example_short_circuit_decorator.py for tasks to queue
[2024-08-22T11:05:05.566+0700] {logging_mixin.py:190} INFO - [2024-08-22T11:05:05.566+0700] {dagbag.py:587} INFO - Filling up the DagBag from /home/user/.local/lib/python3.10/site-packages/airflow/example_dags/example_short_circuit_decorator.py
[2024-08-22T11:05:05.574+0700] {processor.py:925} INFO - DAG(s) 'example_short_circuit_decorator' retrieved from /home/user/.local/lib/python3.10/site-packages/airflow/example_dags/example_short_circuit_decorator.py
[2024-08-22T11:05:05.590+0700] {logging_mixin.py:190} INFO - [2024-08-22T11:05:05.590+0700] {dag.py:3211} INFO - Sync 1 DAGs
[2024-08-22T11:05:05.607+0700] {logging_mixin.py:190} INFO - [2024-08-22T11:05:05.607+0700] {dag.py:4138} INFO - Setting next_dagrun for example_short_circuit_decorator to 2024-08-21 00:00:00+00:00, run_after=2024-08-22 00:00:00+00:00
[2024-08-22T11:05:05.626+0700] {processor.py:208} INFO - Processing /home/user/.local/lib/python3.10/site-packages/airflow/example_dags/example_short_circuit_decorator.py took 0.067 seconds
[2024-08-22T11:06:05.861+0700] {processor.py:186} INFO - Started process (PID=26790) to work on /home/user/.local/lib/python3.10/site-packages/airflow/example_dags/example_short_circuit_decorator.py
[2024-08-22T11:06:05.862+0700] {processor.py:914} INFO - Processing file /home/user/.local/lib/python3.10/site-packages/airflow/example_dags/example_short_circuit_decorator.py for tasks to queue
[2024-08-22T11:06:05.865+0700] {logging_mixin.py:190} INFO - [2024-08-22T11:06:05.864+0700] {dagbag.py:587} INFO - Filling up the DagBag from /home/user/.local/lib/python3.10/site-packages/airflow/example_dags/example_short_circuit_decorator.py
[2024-08-22T11:06:05.873+0700] {processor.py:925} INFO - DAG(s) 'example_short_circuit_decorator' retrieved from /home/user/.local/lib/python3.10/site-packages/airflow/example_dags/example_short_circuit_decorator.py
[2024-08-22T11:06:05.890+0700] {logging_mixin.py:190} INFO - [2024-08-22T11:06:05.889+0700] {dag.py:3211} INFO - Sync 1 DAGs
[2024-08-22T11:06:05.910+0700] {logging_mixin.py:190} INFO - [2024-08-22T11:06:05.910+0700] {dag.py:4138} INFO - Setting next_dagrun for example_short_circuit_decorator to 2024-08-21 00:00:00+00:00, run_after=2024-08-22 00:00:00+00:00
[2024-08-22T11:06:05.929+0700] {processor.py:208} INFO - Processing /home/user/.local/lib/python3.10/site-packages/airflow/example_dags/example_short_circuit_decorator.py took 0.078 seconds
[2024-08-22T11:07:02.612+0700] {processor.py:186} INFO - Started process (PID=27229) to work on /home/user/.local/lib/python3.10/site-packages/airflow/example_dags/example_short_circuit_decorator.py
[2024-08-22T11:07:02.614+0700] {processor.py:914} INFO - Processing file /home/user/.local/lib/python3.10/site-packages/airflow/example_dags/example_short_circuit_decorator.py for tasks to queue
[2024-08-22T11:07:02.616+0700] {logging_mixin.py:190} INFO - [2024-08-22T11:07:02.615+0700] {dagbag.py:587} INFO - Filling up the DagBag from /home/user/.local/lib/python3.10/site-packages/airflow/example_dags/example_short_circuit_decorator.py
[2024-08-22T11:07:02.624+0700] {processor.py:925} INFO - DAG(s) 'example_short_circuit_decorator' retrieved from /home/user/.local/lib/python3.10/site-packages/airflow/example_dags/example_short_circuit_decorator.py
[2024-08-22T11:07:02.638+0700] {logging_mixin.py:190} INFO - [2024-08-22T11:07:02.638+0700] {dag.py:3211} INFO - Sync 1 DAGs
[2024-08-22T11:07:02.654+0700] {logging_mixin.py:190} INFO - [2024-08-22T11:07:02.654+0700] {dag.py:4138} INFO - Setting next_dagrun for example_short_circuit_decorator to 2024-08-21 00:00:00+00:00, run_after=2024-08-22 00:00:00+00:00
[2024-08-22T11:07:02.677+0700] {processor.py:208} INFO - Processing /home/user/.local/lib/python3.10/site-packages/airflow/example_dags/example_short_circuit_decorator.py took 0.069 seconds
[2024-08-22T11:08:12.920+0700] {processor.py:186} INFO - Started process (PID=27783) to work on /home/user/.local/lib/python3.10/site-packages/airflow/example_dags/example_short_circuit_decorator.py
[2024-08-22T11:08:12.922+0700] {processor.py:914} INFO - Processing file /home/user/.local/lib/python3.10/site-packages/airflow/example_dags/example_short_circuit_decorator.py for tasks to queue
[2024-08-22T11:08:12.925+0700] {logging_mixin.py:190} INFO - [2024-08-22T11:08:12.924+0700] {dagbag.py:587} INFO - Filling up the DagBag from /home/user/.local/lib/python3.10/site-packages/airflow/example_dags/example_short_circuit_decorator.py
[2024-08-22T11:08:12.936+0700] {processor.py:925} INFO - DAG(s) 'example_short_circuit_decorator' retrieved from /home/user/.local/lib/python3.10/site-packages/airflow/example_dags/example_short_circuit_decorator.py
[2024-08-22T11:08:12.958+0700] {logging_mixin.py:190} INFO - [2024-08-22T11:08:12.958+0700] {dag.py:3211} INFO - Sync 1 DAGs
[2024-08-22T11:08:12.984+0700] {logging_mixin.py:190} INFO - [2024-08-22T11:08:12.983+0700] {dag.py:4138} INFO - Setting next_dagrun for example_short_circuit_decorator to 2024-08-21 00:00:00+00:00, run_after=2024-08-22 00:00:00+00:00
[2024-08-22T11:08:13.038+0700] {processor.py:208} INFO - Processing /home/user/.local/lib/python3.10/site-packages/airflow/example_dags/example_short_circuit_decorator.py took 0.125 seconds
[2024-08-22T11:09:08.963+0700] {processor.py:186} INFO - Started process (PID=28220) to work on /home/user/.local/lib/python3.10/site-packages/airflow/example_dags/example_short_circuit_decorator.py
[2024-08-22T11:09:08.965+0700] {processor.py:914} INFO - Processing file /home/user/.local/lib/python3.10/site-packages/airflow/example_dags/example_short_circuit_decorator.py for tasks to queue
[2024-08-22T11:09:08.967+0700] {logging_mixin.py:190} INFO - [2024-08-22T11:09:08.966+0700] {dagbag.py:587} INFO - Filling up the DagBag from /home/user/.local/lib/python3.10/site-packages/airflow/example_dags/example_short_circuit_decorator.py
[2024-08-22T11:09:08.977+0700] {processor.py:925} INFO - DAG(s) 'example_short_circuit_decorator' retrieved from /home/user/.local/lib/python3.10/site-packages/airflow/example_dags/example_short_circuit_decorator.py
[2024-08-22T11:09:08.994+0700] {logging_mixin.py:190} INFO - [2024-08-22T11:09:08.994+0700] {dag.py:3211} INFO - Sync 1 DAGs
[2024-08-22T11:09:09.015+0700] {logging_mixin.py:190} INFO - [2024-08-22T11:09:09.015+0700] {dag.py:4138} INFO - Setting next_dagrun for example_short_circuit_decorator to 2024-08-21 00:00:00+00:00, run_after=2024-08-22 00:00:00+00:00
[2024-08-22T11:09:09.037+0700] {processor.py:208} INFO - Processing /home/user/.local/lib/python3.10/site-packages/airflow/example_dags/example_short_circuit_decorator.py took 0.082 seconds
[2024-08-22T11:10:05.855+0700] {processor.py:186} INFO - Started process (PID=28667) to work on /home/user/.local/lib/python3.10/site-packages/airflow/example_dags/example_short_circuit_decorator.py
[2024-08-22T11:10:05.856+0700] {processor.py:914} INFO - Processing file /home/user/.local/lib/python3.10/site-packages/airflow/example_dags/example_short_circuit_decorator.py for tasks to queue
[2024-08-22T11:10:05.858+0700] {logging_mixin.py:190} INFO - [2024-08-22T11:10:05.857+0700] {dagbag.py:587} INFO - Filling up the DagBag from /home/user/.local/lib/python3.10/site-packages/airflow/example_dags/example_short_circuit_decorator.py
[2024-08-22T11:10:05.865+0700] {processor.py:925} INFO - DAG(s) 'example_short_circuit_decorator' retrieved from /home/user/.local/lib/python3.10/site-packages/airflow/example_dags/example_short_circuit_decorator.py
[2024-08-22T11:10:05.886+0700] {logging_mixin.py:190} INFO - [2024-08-22T11:10:05.886+0700] {dag.py:3211} INFO - Sync 1 DAGs
[2024-08-22T11:10:05.900+0700] {logging_mixin.py:190} INFO - [2024-08-22T11:10:05.900+0700] {dag.py:4138} INFO - Setting next_dagrun for example_short_circuit_decorator to 2024-08-21 00:00:00+00:00, run_after=2024-08-22 00:00:00+00:00
[2024-08-22T11:10:05.916+0700] {processor.py:208} INFO - Processing /home/user/.local/lib/python3.10/site-packages/airflow/example_dags/example_short_circuit_decorator.py took 0.066 seconds
[2024-08-22T11:10:58.615+0700] {processor.py:186} INFO - Started process (PID=29080) to work on /home/user/.local/lib/python3.10/site-packages/airflow/example_dags/example_short_circuit_decorator.py
[2024-08-22T11:10:58.616+0700] {processor.py:914} INFO - Processing file /home/user/.local/lib/python3.10/site-packages/airflow/example_dags/example_short_circuit_decorator.py for tasks to queue
[2024-08-22T11:10:58.619+0700] {logging_mixin.py:190} INFO - [2024-08-22T11:10:58.618+0700] {dagbag.py:587} INFO - Filling up the DagBag from /home/user/.local/lib/python3.10/site-packages/airflow/example_dags/example_short_circuit_decorator.py
[2024-08-22T11:10:58.627+0700] {processor.py:925} INFO - DAG(s) 'example_short_circuit_decorator' retrieved from /home/user/.local/lib/python3.10/site-packages/airflow/example_dags/example_short_circuit_decorator.py
[2024-08-22T11:10:58.647+0700] {logging_mixin.py:190} INFO - [2024-08-22T11:10:58.646+0700] {dag.py:3211} INFO - Sync 1 DAGs
[2024-08-22T11:10:58.663+0700] {logging_mixin.py:190} INFO - [2024-08-22T11:10:58.663+0700] {dag.py:4138} INFO - Setting next_dagrun for example_short_circuit_decorator to 2024-08-21 00:00:00+00:00, run_after=2024-08-22 00:00:00+00:00
[2024-08-22T11:10:58.682+0700] {processor.py:208} INFO - Processing /home/user/.local/lib/python3.10/site-packages/airflow/example_dags/example_short_circuit_decorator.py took 0.073 seconds
[2024-08-22T11:12:17.736+0700] {processor.py:186} INFO - Started process (PID=29826) to work on /home/user/.local/lib/python3.10/site-packages/airflow/example_dags/example_short_circuit_decorator.py
[2024-08-22T11:12:17.738+0700] {processor.py:914} INFO - Processing file /home/user/.local/lib/python3.10/site-packages/airflow/example_dags/example_short_circuit_decorator.py for tasks to queue
[2024-08-22T11:12:17.739+0700] {logging_mixin.py:190} INFO - [2024-08-22T11:12:17.739+0700] {dagbag.py:587} INFO - Filling up the DagBag from /home/user/.local/lib/python3.10/site-packages/airflow/example_dags/example_short_circuit_decorator.py
[2024-08-22T11:12:17.752+0700] {processor.py:925} INFO - DAG(s) 'example_short_circuit_decorator' retrieved from /home/user/.local/lib/python3.10/site-packages/airflow/example_dags/example_short_circuit_decorator.py
[2024-08-22T11:12:17.842+0700] {logging_mixin.py:190} INFO - [2024-08-22T11:12:17.841+0700] {override.py:1858} INFO - Created Permission View: can read on DAG:example_short_circuit_decorator
[2024-08-22T11:12:17.853+0700] {logging_mixin.py:190} INFO - [2024-08-22T11:12:17.852+0700] {override.py:1858} INFO - Created Permission View: can edit on DAG:example_short_circuit_decorator
[2024-08-22T11:12:17.861+0700] {logging_mixin.py:190} INFO - [2024-08-22T11:12:17.861+0700] {override.py:1858} INFO - Created Permission View: can delete on DAG:example_short_circuit_decorator
[2024-08-22T11:12:17.861+0700] {logging_mixin.py:190} INFO - [2024-08-22T11:12:17.861+0700] {dag.py:3211} INFO - Sync 1 DAGs
[2024-08-22T11:12:17.872+0700] {logging_mixin.py:190} INFO - [2024-08-22T11:12:17.872+0700] {dag.py:3234} INFO - Creating ORM DAG for example_short_circuit_decorator
[2024-08-22T11:12:17.878+0700] {logging_mixin.py:190} INFO - [2024-08-22T11:12:17.878+0700] {dag.py:4138} INFO - Setting next_dagrun for example_short_circuit_decorator to 2024-08-21 00:00:00+00:00, run_after=2024-08-22 00:00:00+00:00
[2024-08-22T11:12:17.899+0700] {processor.py:208} INFO - Processing /home/user/.local/lib/python3.10/site-packages/airflow/example_dags/example_short_circuit_decorator.py took 0.168 seconds
[2024-08-22T11:13:19.972+0700] {processor.py:186} INFO - Started process (PID=30324) to work on /home/user/.local/lib/python3.10/site-packages/airflow/example_dags/example_short_circuit_decorator.py
[2024-08-22T11:13:19.973+0700] {processor.py:914} INFO - Processing file /home/user/.local/lib/python3.10/site-packages/airflow/example_dags/example_short_circuit_decorator.py for tasks to queue
[2024-08-22T11:13:19.975+0700] {logging_mixin.py:190} INFO - [2024-08-22T11:13:19.975+0700] {dagbag.py:587} INFO - Filling up the DagBag from /home/user/.local/lib/python3.10/site-packages/airflow/example_dags/example_short_circuit_decorator.py
[2024-08-22T11:13:19.986+0700] {processor.py:925} INFO - DAG(s) 'example_short_circuit_decorator' retrieved from /home/user/.local/lib/python3.10/site-packages/airflow/example_dags/example_short_circuit_decorator.py
[2024-08-22T11:13:20.005+0700] {logging_mixin.py:190} INFO - [2024-08-22T11:13:20.004+0700] {dag.py:3211} INFO - Sync 1 DAGs
[2024-08-22T11:13:20.023+0700] {logging_mixin.py:190} INFO - [2024-08-22T11:13:20.023+0700] {dag.py:4138} INFO - Setting next_dagrun for example_short_circuit_decorator to 2024-08-21 00:00:00+00:00, run_after=2024-08-22 00:00:00+00:00
[2024-08-22T11:13:20.046+0700] {processor.py:208} INFO - Processing /home/user/.local/lib/python3.10/site-packages/airflow/example_dags/example_short_circuit_decorator.py took 0.078 seconds
[2024-08-22T11:13:45.255+0700] {processor.py:186} INFO - Started process (PID=30525) to work on /home/user/.local/lib/python3.10/site-packages/airflow/example_dags/example_short_circuit_decorator.py
[2024-08-22T11:13:45.376+0700] {processor.py:914} INFO - Processing file /home/user/.local/lib/python3.10/site-packages/airflow/example_dags/example_short_circuit_decorator.py for tasks to queue
[2024-08-22T11:13:45.379+0700] {logging_mixin.py:190} INFO - [2024-08-22T11:13:45.379+0700] {dagbag.py:587} INFO - Filling up the DagBag from /home/user/.local/lib/python3.10/site-packages/airflow/example_dags/example_short_circuit_decorator.py
[2024-08-22T11:13:45.390+0700] {processor.py:925} INFO - DAG(s) 'example_short_circuit_decorator' retrieved from /home/user/.local/lib/python3.10/site-packages/airflow/example_dags/example_short_circuit_decorator.py
[2024-08-22T11:13:45.409+0700] {logging_mixin.py:190} INFO - [2024-08-22T11:13:45.409+0700] {dag.py:3211} INFO - Sync 1 DAGs
[2024-08-22T11:13:45.427+0700] {logging_mixin.py:190} INFO - [2024-08-22T11:13:45.427+0700] {dag.py:4138} INFO - Setting next_dagrun for example_short_circuit_decorator to 2024-08-21 00:00:00+00:00, run_after=2024-08-22 00:00:00+00:00
[2024-08-22T11:13:45.568+0700] {processor.py:208} INFO - Processing /home/user/.local/lib/python3.10/site-packages/airflow/example_dags/example_short_circuit_decorator.py took 0.318 seconds
[2024-08-22T11:14:44.297+0700] {processor.py:186} INFO - Started process (PID=30998) to work on /home/user/.local/lib/python3.10/site-packages/airflow/example_dags/example_short_circuit_decorator.py
[2024-08-22T11:14:44.298+0700] {processor.py:914} INFO - Processing file /home/user/.local/lib/python3.10/site-packages/airflow/example_dags/example_short_circuit_decorator.py for tasks to queue
[2024-08-22T11:14:44.300+0700] {logging_mixin.py:190} INFO - [2024-08-22T11:14:44.300+0700] {dagbag.py:587} INFO - Filling up the DagBag from /home/user/.local/lib/python3.10/site-packages/airflow/example_dags/example_short_circuit_decorator.py
[2024-08-22T11:14:44.309+0700] {processor.py:925} INFO - DAG(s) 'example_short_circuit_decorator' retrieved from /home/user/.local/lib/python3.10/site-packages/airflow/example_dags/example_short_circuit_decorator.py
[2024-08-22T11:14:44.324+0700] {logging_mixin.py:190} INFO - [2024-08-22T11:14:44.324+0700] {dag.py:3211} INFO - Sync 1 DAGs
[2024-08-22T11:14:44.341+0700] {logging_mixin.py:190} INFO - [2024-08-22T11:14:44.340+0700] {dag.py:4138} INFO - Setting next_dagrun for example_short_circuit_decorator to 2024-08-21 00:00:00+00:00, run_after=2024-08-22 00:00:00+00:00
[2024-08-22T11:14:44.361+0700] {processor.py:208} INFO - Processing /home/user/.local/lib/python3.10/site-packages/airflow/example_dags/example_short_circuit_decorator.py took 0.068 seconds
[2024-08-22T11:15:41.669+0700] {processor.py:186} INFO - Started process (PID=31449) to work on /home/user/.local/lib/python3.10/site-packages/airflow/example_dags/example_short_circuit_decorator.py
[2024-08-22T11:15:41.670+0700] {processor.py:914} INFO - Processing file /home/user/.local/lib/python3.10/site-packages/airflow/example_dags/example_short_circuit_decorator.py for tasks to queue
[2024-08-22T11:15:41.672+0700] {logging_mixin.py:190} INFO - [2024-08-22T11:15:41.672+0700] {dagbag.py:587} INFO - Filling up the DagBag from /home/user/.local/lib/python3.10/site-packages/airflow/example_dags/example_short_circuit_decorator.py
[2024-08-22T11:15:41.682+0700] {processor.py:925} INFO - DAG(s) 'example_short_circuit_decorator' retrieved from /home/user/.local/lib/python3.10/site-packages/airflow/example_dags/example_short_circuit_decorator.py
[2024-08-22T11:15:41.703+0700] {logging_mixin.py:190} INFO - [2024-08-22T11:15:41.702+0700] {dag.py:3211} INFO - Sync 1 DAGs
[2024-08-22T11:15:41.723+0700] {logging_mixin.py:190} INFO - [2024-08-22T11:15:41.723+0700] {dag.py:4138} INFO - Setting next_dagrun for example_short_circuit_decorator to 2024-08-21 00:00:00+00:00, run_after=2024-08-22 00:00:00+00:00
[2024-08-22T11:15:41.767+0700] {processor.py:208} INFO - Processing /home/user/.local/lib/python3.10/site-packages/airflow/example_dags/example_short_circuit_decorator.py took 0.103 seconds
[2024-08-22T11:16:37.789+0700] {processor.py:186} INFO - Started process (PID=31941) to work on /home/user/.local/lib/python3.10/site-packages/airflow/example_dags/example_short_circuit_decorator.py
[2024-08-22T11:16:37.791+0700] {processor.py:914} INFO - Processing file /home/user/.local/lib/python3.10/site-packages/airflow/example_dags/example_short_circuit_decorator.py for tasks to queue
[2024-08-22T11:16:37.793+0700] {logging_mixin.py:190} INFO - [2024-08-22T11:16:37.793+0700] {dagbag.py:587} INFO - Filling up the DagBag from /home/user/.local/lib/python3.10/site-packages/airflow/example_dags/example_short_circuit_decorator.py
[2024-08-22T11:16:37.805+0700] {processor.py:925} INFO - DAG(s) 'example_short_circuit_decorator' retrieved from /home/user/.local/lib/python3.10/site-packages/airflow/example_dags/example_short_circuit_decorator.py
[2024-08-22T11:16:37.825+0700] {logging_mixin.py:190} INFO - [2024-08-22T11:16:37.824+0700] {dag.py:3211} INFO - Sync 1 DAGs
[2024-08-22T11:16:37.844+0700] {logging_mixin.py:190} INFO - [2024-08-22T11:16:37.844+0700] {dag.py:4138} INFO - Setting next_dagrun for example_short_circuit_decorator to 2024-08-21 00:00:00+00:00, run_after=2024-08-22 00:00:00+00:00
[2024-08-22T11:16:37.861+0700] {processor.py:208} INFO - Processing /home/user/.local/lib/python3.10/site-packages/airflow/example_dags/example_short_circuit_decorator.py took 0.082 seconds
[2024-08-22T11:16:48.893+0700] {processor.py:186} INFO - Started process (PID=32039) to work on /home/user/.local/lib/python3.10/site-packages/airflow/example_dags/example_short_circuit_decorator.py
[2024-08-22T11:16:48.899+0700] {processor.py:914} INFO - Processing file /home/user/.local/lib/python3.10/site-packages/airflow/example_dags/example_short_circuit_decorator.py for tasks to queue
[2024-08-22T11:16:48.903+0700] {logging_mixin.py:190} INFO - [2024-08-22T11:16:48.902+0700] {dagbag.py:587} INFO - Filling up the DagBag from /home/user/.local/lib/python3.10/site-packages/airflow/example_dags/example_short_circuit_decorator.py
[2024-08-22T11:16:48.924+0700] {processor.py:925} INFO - DAG(s) 'example_short_circuit_decorator' retrieved from /home/user/.local/lib/python3.10/site-packages/airflow/example_dags/example_short_circuit_decorator.py
[2024-08-22T11:16:48.947+0700] {logging_mixin.py:190} INFO - [2024-08-22T11:16:48.946+0700] {dag.py:3211} INFO - Sync 1 DAGs
[2024-08-22T11:16:48.964+0700] {logging_mixin.py:190} INFO - [2024-08-22T11:16:48.963+0700] {dag.py:4138} INFO - Setting next_dagrun for example_short_circuit_decorator to 2024-08-21 00:00:00+00:00, run_after=2024-08-22 00:00:00+00:00
[2024-08-22T11:16:48.988+0700] {processor.py:208} INFO - Processing /home/user/.local/lib/python3.10/site-packages/airflow/example_dags/example_short_circuit_decorator.py took 0.107 seconds
[2024-08-22T11:17:14.755+0700] {processor.py:186} INFO - Started process (PID=32174) to work on /home/user/.local/lib/python3.10/site-packages/airflow/example_dags/example_short_circuit_decorator.py
[2024-08-22T11:17:14.756+0700] {processor.py:914} INFO - Processing file /home/user/.local/lib/python3.10/site-packages/airflow/example_dags/example_short_circuit_decorator.py for tasks to queue
[2024-08-22T11:17:14.758+0700] {logging_mixin.py:190} INFO - [2024-08-22T11:17:14.758+0700] {dagbag.py:587} INFO - Filling up the DagBag from /home/user/.local/lib/python3.10/site-packages/airflow/example_dags/example_short_circuit_decorator.py
[2024-08-22T11:17:14.768+0700] {processor.py:925} INFO - DAG(s) 'example_short_circuit_decorator' retrieved from /home/user/.local/lib/python3.10/site-packages/airflow/example_dags/example_short_circuit_decorator.py
[2024-08-22T11:17:14.788+0700] {logging_mixin.py:190} INFO - [2024-08-22T11:17:14.788+0700] {dag.py:3211} INFO - Sync 1 DAGs
[2024-08-22T11:17:14.808+0700] {logging_mixin.py:190} INFO - [2024-08-22T11:17:14.808+0700] {dag.py:4138} INFO - Setting next_dagrun for example_short_circuit_decorator to 2024-08-21 00:00:00+00:00, run_after=2024-08-22 00:00:00+00:00
[2024-08-22T11:17:14.830+0700] {processor.py:208} INFO - Processing /home/user/.local/lib/python3.10/site-packages/airflow/example_dags/example_short_circuit_decorator.py took 0.080 seconds
[2024-08-22T11:18:12.782+0700] {processor.py:186} INFO - Started process (PID=32669) to work on /home/user/.local/lib/python3.10/site-packages/airflow/example_dags/example_short_circuit_decorator.py
[2024-08-22T11:18:12.783+0700] {processor.py:914} INFO - Processing file /home/user/.local/lib/python3.10/site-packages/airflow/example_dags/example_short_circuit_decorator.py for tasks to queue
[2024-08-22T11:18:12.785+0700] {logging_mixin.py:190} INFO - [2024-08-22T11:18:12.785+0700] {dagbag.py:587} INFO - Filling up the DagBag from /home/user/.local/lib/python3.10/site-packages/airflow/example_dags/example_short_circuit_decorator.py
[2024-08-22T11:18:12.794+0700] {processor.py:925} INFO - DAG(s) 'example_short_circuit_decorator' retrieved from /home/user/.local/lib/python3.10/site-packages/airflow/example_dags/example_short_circuit_decorator.py
[2024-08-22T11:18:12.810+0700] {logging_mixin.py:190} INFO - [2024-08-22T11:18:12.809+0700] {dag.py:3211} INFO - Sync 1 DAGs
[2024-08-22T11:18:12.825+0700] {logging_mixin.py:190} INFO - [2024-08-22T11:18:12.825+0700] {dag.py:4138} INFO - Setting next_dagrun for example_short_circuit_decorator to 2024-08-21 00:00:00+00:00, run_after=2024-08-22 00:00:00+00:00
[2024-08-22T11:18:12.849+0700] {processor.py:208} INFO - Processing /home/user/.local/lib/python3.10/site-packages/airflow/example_dags/example_short_circuit_decorator.py took 0.076 seconds
[2024-08-22T11:19:08.882+0700] {processor.py:186} INFO - Started process (PID=33105) to work on /home/user/.local/lib/python3.10/site-packages/airflow/example_dags/example_short_circuit_decorator.py
[2024-08-22T11:19:08.883+0700] {processor.py:914} INFO - Processing file /home/user/.local/lib/python3.10/site-packages/airflow/example_dags/example_short_circuit_decorator.py for tasks to queue
[2024-08-22T11:19:08.885+0700] {logging_mixin.py:190} INFO - [2024-08-22T11:19:08.884+0700] {dagbag.py:587} INFO - Filling up the DagBag from /home/user/.local/lib/python3.10/site-packages/airflow/example_dags/example_short_circuit_decorator.py
[2024-08-22T11:19:08.899+0700] {processor.py:925} INFO - DAG(s) 'example_short_circuit_decorator' retrieved from /home/user/.local/lib/python3.10/site-packages/airflow/example_dags/example_short_circuit_decorator.py
[2024-08-22T11:19:08.916+0700] {logging_mixin.py:190} INFO - [2024-08-22T11:19:08.915+0700] {dag.py:3211} INFO - Sync 1 DAGs
[2024-08-22T11:19:08.931+0700] {logging_mixin.py:190} INFO - [2024-08-22T11:19:08.931+0700] {dag.py:4138} INFO - Setting next_dagrun for example_short_circuit_decorator to 2024-08-21 00:00:00+00:00, run_after=2024-08-22 00:00:00+00:00
[2024-08-22T11:19:08.953+0700] {processor.py:208} INFO - Processing /home/user/.local/lib/python3.10/site-packages/airflow/example_dags/example_short_circuit_decorator.py took 0.077 seconds
[2024-08-22T11:20:11.176+0700] {processor.py:186} INFO - Started process (PID=33601) to work on /home/user/.local/lib/python3.10/site-packages/airflow/example_dags/example_short_circuit_decorator.py
[2024-08-22T11:20:11.178+0700] {processor.py:914} INFO - Processing file /home/user/.local/lib/python3.10/site-packages/airflow/example_dags/example_short_circuit_decorator.py for tasks to queue
[2024-08-22T11:20:11.180+0700] {logging_mixin.py:190} INFO - [2024-08-22T11:20:11.180+0700] {dagbag.py:587} INFO - Filling up the DagBag from /home/user/.local/lib/python3.10/site-packages/airflow/example_dags/example_short_circuit_decorator.py
[2024-08-22T11:20:11.194+0700] {processor.py:925} INFO - DAG(s) 'example_short_circuit_decorator' retrieved from /home/user/.local/lib/python3.10/site-packages/airflow/example_dags/example_short_circuit_decorator.py
[2024-08-22T11:20:11.214+0700] {logging_mixin.py:190} INFO - [2024-08-22T11:20:11.213+0700] {dag.py:3211} INFO - Sync 1 DAGs
[2024-08-22T11:20:11.233+0700] {logging_mixin.py:190} INFO - [2024-08-22T11:20:11.233+0700] {dag.py:4138} INFO - Setting next_dagrun for example_short_circuit_decorator to 2024-08-21 00:00:00+00:00, run_after=2024-08-22 00:00:00+00:00
[2024-08-22T11:20:11.255+0700] {processor.py:208} INFO - Processing /home/user/.local/lib/python3.10/site-packages/airflow/example_dags/example_short_circuit_decorator.py took 0.086 seconds
[2024-08-22T11:21:10.192+0700] {processor.py:186} INFO - Started process (PID=34063) to work on /home/user/.local/lib/python3.10/site-packages/airflow/example_dags/example_short_circuit_decorator.py
[2024-08-22T11:21:10.194+0700] {processor.py:914} INFO - Processing file /home/user/.local/lib/python3.10/site-packages/airflow/example_dags/example_short_circuit_decorator.py for tasks to queue
[2024-08-22T11:21:10.196+0700] {logging_mixin.py:190} INFO - [2024-08-22T11:21:10.195+0700] {dagbag.py:587} INFO - Filling up the DagBag from /home/user/.local/lib/python3.10/site-packages/airflow/example_dags/example_short_circuit_decorator.py
[2024-08-22T11:21:10.204+0700] {processor.py:925} INFO - DAG(s) 'example_short_circuit_decorator' retrieved from /home/user/.local/lib/python3.10/site-packages/airflow/example_dags/example_short_circuit_decorator.py
[2024-08-22T11:21:10.218+0700] {logging_mixin.py:190} INFO - [2024-08-22T11:21:10.217+0700] {dag.py:3211} INFO - Sync 1 DAGs
[2024-08-22T11:21:10.231+0700] {logging_mixin.py:190} INFO - [2024-08-22T11:21:10.231+0700] {dag.py:4138} INFO - Setting next_dagrun for example_short_circuit_decorator to 2024-08-21 00:00:00+00:00, run_after=2024-08-22 00:00:00+00:00
[2024-08-22T11:21:10.249+0700] {processor.py:208} INFO - Processing /home/user/.local/lib/python3.10/site-packages/airflow/example_dags/example_short_circuit_decorator.py took 0.061 seconds
[2024-08-22T11:22:12.420+0700] {processor.py:186} INFO - Started process (PID=34556) to work on /home/user/.local/lib/python3.10/site-packages/airflow/example_dags/example_short_circuit_decorator.py
[2024-08-22T11:22:12.422+0700] {processor.py:914} INFO - Processing file /home/user/.local/lib/python3.10/site-packages/airflow/example_dags/example_short_circuit_decorator.py for tasks to queue
[2024-08-22T11:22:12.424+0700] {logging_mixin.py:190} INFO - [2024-08-22T11:22:12.424+0700] {dagbag.py:587} INFO - Filling up the DagBag from /home/user/.local/lib/python3.10/site-packages/airflow/example_dags/example_short_circuit_decorator.py
[2024-08-22T11:22:12.433+0700] {processor.py:925} INFO - DAG(s) 'example_short_circuit_decorator' retrieved from /home/user/.local/lib/python3.10/site-packages/airflow/example_dags/example_short_circuit_decorator.py
[2024-08-22T11:22:12.448+0700] {logging_mixin.py:190} INFO - [2024-08-22T11:22:12.448+0700] {dag.py:3211} INFO - Sync 1 DAGs
[2024-08-22T11:22:12.468+0700] {logging_mixin.py:190} INFO - [2024-08-22T11:22:12.468+0700] {dag.py:4138} INFO - Setting next_dagrun for example_short_circuit_decorator to 2024-08-21 00:00:00+00:00, run_after=2024-08-22 00:00:00+00:00
[2024-08-22T11:22:12.487+0700] {processor.py:208} INFO - Processing /home/user/.local/lib/python3.10/site-packages/airflow/example_dags/example_short_circuit_decorator.py took 0.072 seconds
[2024-08-22T11:23:23.690+0700] {processor.py:186} INFO - Started process (PID=35139) to work on /home/user/.local/lib/python3.10/site-packages/airflow/example_dags/example_short_circuit_decorator.py
[2024-08-22T11:23:23.692+0700] {processor.py:914} INFO - Processing file /home/user/.local/lib/python3.10/site-packages/airflow/example_dags/example_short_circuit_decorator.py for tasks to queue
[2024-08-22T11:23:23.694+0700] {logging_mixin.py:190} INFO - [2024-08-22T11:23:23.694+0700] {dagbag.py:587} INFO - Filling up the DagBag from /home/user/.local/lib/python3.10/site-packages/airflow/example_dags/example_short_circuit_decorator.py
[2024-08-22T11:23:23.704+0700] {processor.py:925} INFO - DAG(s) 'example_short_circuit_decorator' retrieved from /home/user/.local/lib/python3.10/site-packages/airflow/example_dags/example_short_circuit_decorator.py
[2024-08-22T11:23:23.722+0700] {logging_mixin.py:190} INFO - [2024-08-22T11:23:23.722+0700] {dag.py:3211} INFO - Sync 1 DAGs
[2024-08-22T11:23:23.739+0700] {logging_mixin.py:190} INFO - [2024-08-22T11:23:23.739+0700] {dag.py:4138} INFO - Setting next_dagrun for example_short_circuit_decorator to 2024-08-21 00:00:00+00:00, run_after=2024-08-22 00:00:00+00:00
[2024-08-22T11:23:23.766+0700] {processor.py:208} INFO - Processing /home/user/.local/lib/python3.10/site-packages/airflow/example_dags/example_short_circuit_decorator.py took 0.080 seconds
[2024-08-22T11:24:17.490+0700] {processor.py:186} INFO - Started process (PID=35696) to work on /home/user/.local/lib/python3.10/site-packages/airflow/example_dags/example_short_circuit_decorator.py
[2024-08-22T11:24:17.492+0700] {processor.py:914} INFO - Processing file /home/user/.local/lib/python3.10/site-packages/airflow/example_dags/example_short_circuit_decorator.py for tasks to queue
[2024-08-22T11:24:17.493+0700] {logging_mixin.py:190} INFO - [2024-08-22T11:24:17.493+0700] {dagbag.py:587} INFO - Filling up the DagBag from /home/user/.local/lib/python3.10/site-packages/airflow/example_dags/example_short_circuit_decorator.py
[2024-08-22T11:24:17.503+0700] {processor.py:925} INFO - DAG(s) 'example_short_circuit_decorator' retrieved from /home/user/.local/lib/python3.10/site-packages/airflow/example_dags/example_short_circuit_decorator.py
[2024-08-22T11:24:17.523+0700] {logging_mixin.py:190} INFO - [2024-08-22T11:24:17.522+0700] {dag.py:3211} INFO - Sync 1 DAGs
[2024-08-22T11:24:17.542+0700] {logging_mixin.py:190} INFO - [2024-08-22T11:24:17.542+0700] {dag.py:4138} INFO - Setting next_dagrun for example_short_circuit_decorator to 2024-08-21 00:00:00+00:00, run_after=2024-08-22 00:00:00+00:00
[2024-08-22T11:24:17.563+0700] {processor.py:208} INFO - Processing /home/user/.local/lib/python3.10/site-packages/airflow/example_dags/example_short_circuit_decorator.py took 0.077 seconds
[2024-08-22T11:25:21.398+0700] {processor.py:186} INFO - Started process (PID=36251) to work on /home/user/.local/lib/python3.10/site-packages/airflow/example_dags/example_short_circuit_decorator.py
[2024-08-22T11:25:21.400+0700] {processor.py:914} INFO - Processing file /home/user/.local/lib/python3.10/site-packages/airflow/example_dags/example_short_circuit_decorator.py for tasks to queue
[2024-08-22T11:25:21.402+0700] {logging_mixin.py:190} INFO - [2024-08-22T11:25:21.402+0700] {dagbag.py:587} INFO - Filling up the DagBag from /home/user/.local/lib/python3.10/site-packages/airflow/example_dags/example_short_circuit_decorator.py
[2024-08-22T11:25:21.411+0700] {processor.py:925} INFO - DAG(s) 'example_short_circuit_decorator' retrieved from /home/user/.local/lib/python3.10/site-packages/airflow/example_dags/example_short_circuit_decorator.py
[2024-08-22T11:25:21.427+0700] {logging_mixin.py:190} INFO - [2024-08-22T11:25:21.426+0700] {dag.py:3211} INFO - Sync 1 DAGs
[2024-08-22T11:25:21.441+0700] {logging_mixin.py:190} INFO - [2024-08-22T11:25:21.441+0700] {dag.py:4138} INFO - Setting next_dagrun for example_short_circuit_decorator to 2024-08-21 00:00:00+00:00, run_after=2024-08-22 00:00:00+00:00
[2024-08-22T11:25:21.468+0700] {processor.py:208} INFO - Processing /home/user/.local/lib/python3.10/site-packages/airflow/example_dags/example_short_circuit_decorator.py took 0.077 seconds
[2024-08-22T11:27:00.455+0700] {processor.py:186} INFO - Started process (PID=37208) to work on /home/user/.local/lib/python3.10/site-packages/airflow/example_dags/example_short_circuit_decorator.py
[2024-08-22T11:27:00.456+0700] {processor.py:914} INFO - Processing file /home/user/.local/lib/python3.10/site-packages/airflow/example_dags/example_short_circuit_decorator.py for tasks to queue
[2024-08-22T11:27:00.458+0700] {logging_mixin.py:190} INFO - [2024-08-22T11:27:00.457+0700] {dagbag.py:587} INFO - Filling up the DagBag from /home/user/.local/lib/python3.10/site-packages/airflow/example_dags/example_short_circuit_decorator.py
[2024-08-22T11:27:00.469+0700] {processor.py:925} INFO - DAG(s) 'example_short_circuit_decorator' retrieved from /home/user/.local/lib/python3.10/site-packages/airflow/example_dags/example_short_circuit_decorator.py
[2024-08-22T11:27:00.487+0700] {logging_mixin.py:190} INFO - [2024-08-22T11:27:00.487+0700] {dag.py:3211} INFO - Sync 1 DAGs
[2024-08-22T11:27:00.507+0700] {logging_mixin.py:190} INFO - [2024-08-22T11:27:00.507+0700] {dag.py:4138} INFO - Setting next_dagrun for example_short_circuit_decorator to 2024-08-21 00:00:00+00:00, run_after=2024-08-22 00:00:00+00:00
[2024-08-22T11:27:00.529+0700] {processor.py:208} INFO - Processing /home/user/.local/lib/python3.10/site-packages/airflow/example_dags/example_short_circuit_decorator.py took 0.080 seconds
[2024-08-22T11:27:59.194+0700] {processor.py:186} INFO - Started process (PID=37660) to work on /home/user/.local/lib/python3.10/site-packages/airflow/example_dags/example_short_circuit_decorator.py
[2024-08-22T11:27:59.206+0700] {processor.py:914} INFO - Processing file /home/user/.local/lib/python3.10/site-packages/airflow/example_dags/example_short_circuit_decorator.py for tasks to queue
[2024-08-22T11:27:59.207+0700] {logging_mixin.py:190} INFO - [2024-08-22T11:27:59.206+0700] {dagbag.py:587} INFO - Filling up the DagBag from /home/user/.local/lib/python3.10/site-packages/airflow/example_dags/example_short_circuit_decorator.py
[2024-08-22T11:27:59.216+0700] {processor.py:925} INFO - DAG(s) 'example_short_circuit_decorator' retrieved from /home/user/.local/lib/python3.10/site-packages/airflow/example_dags/example_short_circuit_decorator.py
[2024-08-22T11:27:59.232+0700] {logging_mixin.py:190} INFO - [2024-08-22T11:27:59.232+0700] {dag.py:3211} INFO - Sync 1 DAGs
[2024-08-22T11:27:59.248+0700] {logging_mixin.py:190} INFO - [2024-08-22T11:27:59.248+0700] {dag.py:4138} INFO - Setting next_dagrun for example_short_circuit_decorator to 2024-08-21 00:00:00+00:00, run_after=2024-08-22 00:00:00+00:00
[2024-08-22T11:27:59.284+0700] {processor.py:208} INFO - Processing /home/user/.local/lib/python3.10/site-packages/airflow/example_dags/example_short_circuit_decorator.py took 0.096 seconds
[2024-08-22T11:29:14.590+0700] {processor.py:186} INFO - Started process (PID=38302) to work on /home/user/.local/lib/python3.10/site-packages/airflow/example_dags/example_short_circuit_decorator.py
[2024-08-22T11:29:14.592+0700] {processor.py:914} INFO - Processing file /home/user/.local/lib/python3.10/site-packages/airflow/example_dags/example_short_circuit_decorator.py for tasks to queue
[2024-08-22T11:29:14.593+0700] {logging_mixin.py:190} INFO - [2024-08-22T11:29:14.593+0700] {dagbag.py:587} INFO - Filling up the DagBag from /home/user/.local/lib/python3.10/site-packages/airflow/example_dags/example_short_circuit_decorator.py
[2024-08-22T11:29:14.606+0700] {processor.py:925} INFO - DAG(s) 'example_short_circuit_decorator' retrieved from /home/user/.local/lib/python3.10/site-packages/airflow/example_dags/example_short_circuit_decorator.py
[2024-08-22T11:29:14.625+0700] {logging_mixin.py:190} INFO - [2024-08-22T11:29:14.625+0700] {dag.py:3211} INFO - Sync 1 DAGs
[2024-08-22T11:29:14.643+0700] {logging_mixin.py:190} INFO - [2024-08-22T11:29:14.643+0700] {dag.py:4138} INFO - Setting next_dagrun for example_short_circuit_decorator to 2024-08-21 00:00:00+00:00, run_after=2024-08-22 00:00:00+00:00
[2024-08-22T11:29:14.668+0700] {processor.py:208} INFO - Processing /home/user/.local/lib/python3.10/site-packages/airflow/example_dags/example_short_circuit_decorator.py took 0.084 seconds
[2024-08-22T11:30:45.572+0700] {processor.py:186} INFO - Started process (PID=38997) to work on /home/user/.local/lib/python3.10/site-packages/airflow/example_dags/example_short_circuit_decorator.py
[2024-08-22T11:30:45.574+0700] {processor.py:914} INFO - Processing file /home/user/.local/lib/python3.10/site-packages/airflow/example_dags/example_short_circuit_decorator.py for tasks to queue
[2024-08-22T11:30:45.575+0700] {logging_mixin.py:190} INFO - [2024-08-22T11:30:45.575+0700] {dagbag.py:587} INFO - Filling up the DagBag from /home/user/.local/lib/python3.10/site-packages/airflow/example_dags/example_short_circuit_decorator.py
[2024-08-22T11:30:45.583+0700] {processor.py:925} INFO - DAG(s) 'example_short_circuit_decorator' retrieved from /home/user/.local/lib/python3.10/site-packages/airflow/example_dags/example_short_circuit_decorator.py
[2024-08-22T11:30:45.598+0700] {logging_mixin.py:190} INFO - [2024-08-22T11:30:45.598+0700] {dag.py:3211} INFO - Sync 1 DAGs
[2024-08-22T11:30:45.613+0700] {logging_mixin.py:190} INFO - [2024-08-22T11:30:45.613+0700] {dag.py:4138} INFO - Setting next_dagrun for example_short_circuit_decorator to 2024-08-21 00:00:00+00:00, run_after=2024-08-22 00:00:00+00:00
[2024-08-22T11:30:45.631+0700] {processor.py:208} INFO - Processing /home/user/.local/lib/python3.10/site-packages/airflow/example_dags/example_short_circuit_decorator.py took 0.064 seconds
