[2024-08-22T10:42:48.585+0700] {processor.py:186} INFO - Started process (PID=15238) to work on /home/user/.local/lib/python3.10/site-packages/airflow/example_dags/tutorial_taskflow_api_virtualenv.py
[2024-08-22T10:42:48.586+0700] {processor.py:914} INFO - Processing file /home/user/.local/lib/python3.10/site-packages/airflow/example_dags/tutorial_taskflow_api_virtualenv.py for tasks to queue
[2024-08-22T10:42:48.588+0700] {logging_mixin.py:190} INFO - [2024-08-22T10:42:48.588+0700] {dagbag.py:587} INFO - Filling up the DagBag from /home/user/.local/lib/python3.10/site-packages/airflow/example_dags/tutorial_taskflow_api_virtualenv.py
[2024-08-22T10:42:48.651+0700] {logging_mixin.py:190} INFO - [2024-08-22T10:42:48.650+0700] {tutorial_taskflow_api_virtualenv.py:29} WARNING - The tutorial_taskflow_api_virtualenv example DAG requires virtualenv, please install it.
[2024-08-22T10:42:48.651+0700] {processor.py:927} WARNING - No viable dags retrieved from /home/user/.local/lib/python3.10/site-packages/airflow/example_dags/tutorial_taskflow_api_virtualenv.py
[2024-08-22T10:42:48.659+0700] {processor.py:208} INFO - Processing /home/user/.local/lib/python3.10/site-packages/airflow/example_dags/tutorial_taskflow_api_virtualenv.py took 0.078 seconds
[2024-08-22T10:43:49.443+0700] {processor.py:186} INFO - Started process (PID=15551) to work on /home/user/.local/lib/python3.10/site-packages/airflow/example_dags/tutorial_taskflow_api_virtualenv.py
[2024-08-22T10:43:49.445+0700] {processor.py:914} INFO - Processing file /home/user/.local/lib/python3.10/site-packages/airflow/example_dags/tutorial_taskflow_api_virtualenv.py for tasks to queue
[2024-08-22T10:43:49.446+0700] {logging_mixin.py:190} INFO - [2024-08-22T10:43:49.446+0700] {dagbag.py:587} INFO - Filling up the DagBag from /home/user/.local/lib/python3.10/site-packages/airflow/example_dags/tutorial_taskflow_api_virtualenv.py
[2024-08-22T10:43:49.485+0700] {logging_mixin.py:190} INFO - [2024-08-22T10:43:49.484+0700] {tutorial_taskflow_api_virtualenv.py:29} WARNING - The tutorial_taskflow_api_virtualenv example DAG requires virtualenv, please install it.
[2024-08-22T10:43:49.485+0700] {processor.py:927} WARNING - No viable dags retrieved from /home/user/.local/lib/python3.10/site-packages/airflow/example_dags/tutorial_taskflow_api_virtualenv.py
[2024-08-22T10:43:49.494+0700] {processor.py:208} INFO - Processing /home/user/.local/lib/python3.10/site-packages/airflow/example_dags/tutorial_taskflow_api_virtualenv.py took 0.056 seconds
[2024-08-22T10:47:01.195+0700] {processor.py:186} INFO - Started process (PID=16528) to work on /home/user/.local/lib/python3.10/site-packages/airflow/example_dags/tutorial_taskflow_api_virtualenv.py
[2024-08-22T10:47:01.198+0700] {processor.py:914} INFO - Processing file /home/user/.local/lib/python3.10/site-packages/airflow/example_dags/tutorial_taskflow_api_virtualenv.py for tasks to queue
[2024-08-22T10:47:01.199+0700] {logging_mixin.py:190} INFO - [2024-08-22T10:47:01.199+0700] {dagbag.py:587} INFO - Filling up the DagBag from /home/user/.local/lib/python3.10/site-packages/airflow/example_dags/tutorial_taskflow_api_virtualenv.py
[2024-08-22T10:47:01.240+0700] {logging_mixin.py:190} INFO - [2024-08-22T10:47:01.240+0700] {tutorial_taskflow_api_virtualenv.py:29} WARNING - The tutorial_taskflow_api_virtualenv example DAG requires virtualenv, please install it.
[2024-08-22T10:47:01.240+0700] {processor.py:927} WARNING - No viable dags retrieved from /home/user/.local/lib/python3.10/site-packages/airflow/example_dags/tutorial_taskflow_api_virtualenv.py
[2024-08-22T10:47:01.249+0700] {processor.py:208} INFO - Processing /home/user/.local/lib/python3.10/site-packages/airflow/example_dags/tutorial_taskflow_api_virtualenv.py took 0.059 seconds
[2024-08-22T10:53:12.501+0700] {processor.py:186} INFO - Started process (PID=20132) to work on /home/user/.local/lib/python3.10/site-packages/airflow/example_dags/tutorial_taskflow_api_virtualenv.py
[2024-08-22T10:53:12.504+0700] {processor.py:914} INFO - Processing file /home/user/.local/lib/python3.10/site-packages/airflow/example_dags/tutorial_taskflow_api_virtualenv.py for tasks to queue
[2024-08-22T10:53:12.510+0700] {logging_mixin.py:190} INFO - [2024-08-22T10:53:12.510+0700] {dagbag.py:587} INFO - Filling up the DagBag from /home/user/.local/lib/python3.10/site-packages/airflow/example_dags/tutorial_taskflow_api_virtualenv.py
[2024-08-22T10:53:12.543+0700] {logging_mixin.py:190} INFO - [2024-08-22T10:53:12.543+0700] {tutorial_taskflow_api_virtualenv.py:29} WARNING - The tutorial_taskflow_api_virtualenv example DAG requires virtualenv, please install it.
[2024-08-22T10:53:12.544+0700] {processor.py:927} WARNING - No viable dags retrieved from /home/user/.local/lib/python3.10/site-packages/airflow/example_dags/tutorial_taskflow_api_virtualenv.py
[2024-08-22T10:53:12.558+0700] {processor.py:208} INFO - Processing /home/user/.local/lib/python3.10/site-packages/airflow/example_dags/tutorial_taskflow_api_virtualenv.py took 0.073 seconds
[2024-08-22T10:56:17.835+0700] {processor.py:186} INFO - Started process (PID=21752) to work on /home/user/.local/lib/python3.10/site-packages/airflow/example_dags/tutorial_taskflow_api_virtualenv.py
[2024-08-22T10:56:17.837+0700] {processor.py:914} INFO - Processing file /home/user/.local/lib/python3.10/site-packages/airflow/example_dags/tutorial_taskflow_api_virtualenv.py for tasks to queue
[2024-08-22T10:56:17.838+0700] {logging_mixin.py:190} INFO - [2024-08-22T10:56:17.838+0700] {dagbag.py:587} INFO - Filling up the DagBag from /home/user/.local/lib/python3.10/site-packages/airflow/example_dags/tutorial_taskflow_api_virtualenv.py
[2024-08-22T10:56:17.881+0700] {logging_mixin.py:190} INFO - [2024-08-22T10:56:17.881+0700] {tutorial_taskflow_api_virtualenv.py:29} WARNING - The tutorial_taskflow_api_virtualenv example DAG requires virtualenv, please install it.
[2024-08-22T10:56:17.881+0700] {processor.py:927} WARNING - No viable dags retrieved from /home/user/.local/lib/python3.10/site-packages/airflow/example_dags/tutorial_taskflow_api_virtualenv.py
[2024-08-22T10:56:17.891+0700] {processor.py:208} INFO - Processing /home/user/.local/lib/python3.10/site-packages/airflow/example_dags/tutorial_taskflow_api_virtualenv.py took 0.063 seconds
[2024-08-22T10:57:18.440+0700] {processor.py:186} INFO - Started process (PID=22234) to work on /home/user/.local/lib/python3.10/site-packages/airflow/example_dags/tutorial_taskflow_api_virtualenv.py
[2024-08-22T10:57:18.442+0700] {processor.py:914} INFO - Processing file /home/user/.local/lib/python3.10/site-packages/airflow/example_dags/tutorial_taskflow_api_virtualenv.py for tasks to queue
[2024-08-22T10:57:18.444+0700] {logging_mixin.py:190} INFO - [2024-08-22T10:57:18.444+0700] {dagbag.py:587} INFO - Filling up the DagBag from /home/user/.local/lib/python3.10/site-packages/airflow/example_dags/tutorial_taskflow_api_virtualenv.py
[2024-08-22T10:57:18.477+0700] {logging_mixin.py:190} INFO - [2024-08-22T10:57:18.476+0700] {tutorial_taskflow_api_virtualenv.py:29} WARNING - The tutorial_taskflow_api_virtualenv example DAG requires virtualenv, please install it.
[2024-08-22T10:57:18.477+0700] {processor.py:927} WARNING - No viable dags retrieved from /home/user/.local/lib/python3.10/site-packages/airflow/example_dags/tutorial_taskflow_api_virtualenv.py
[2024-08-22T10:57:18.485+0700] {processor.py:208} INFO - Processing /home/user/.local/lib/python3.10/site-packages/airflow/example_dags/tutorial_taskflow_api_virtualenv.py took 0.054 seconds
[2024-08-22T10:58:18.398+0700] {processor.py:186} INFO - Started process (PID=22866) to work on /home/user/.local/lib/python3.10/site-packages/airflow/example_dags/tutorial_taskflow_api_virtualenv.py
[2024-08-22T10:58:18.399+0700] {processor.py:914} INFO - Processing file /home/user/.local/lib/python3.10/site-packages/airflow/example_dags/tutorial_taskflow_api_virtualenv.py for tasks to queue
[2024-08-22T10:58:18.401+0700] {logging_mixin.py:190} INFO - [2024-08-22T10:58:18.401+0700] {dagbag.py:587} INFO - Filling up the DagBag from /home/user/.local/lib/python3.10/site-packages/airflow/example_dags/tutorial_taskflow_api_virtualenv.py
[2024-08-22T10:58:18.431+0700] {logging_mixin.py:190} INFO - [2024-08-22T10:58:18.430+0700] {tutorial_taskflow_api_virtualenv.py:29} WARNING - The tutorial_taskflow_api_virtualenv example DAG requires virtualenv, please install it.
[2024-08-22T10:58:18.431+0700] {processor.py:927} WARNING - No viable dags retrieved from /home/user/.local/lib/python3.10/site-packages/airflow/example_dags/tutorial_taskflow_api_virtualenv.py
[2024-08-22T10:58:18.482+0700] {processor.py:208} INFO - Processing /home/user/.local/lib/python3.10/site-packages/airflow/example_dags/tutorial_taskflow_api_virtualenv.py took 0.088 seconds
[2024-08-22T10:59:28.350+0700] {processor.py:186} INFO - Started process (PID=23568) to work on /home/user/.local/lib/python3.10/site-packages/airflow/example_dags/tutorial_taskflow_api_virtualenv.py
[2024-08-22T10:59:28.351+0700] {processor.py:914} INFO - Processing file /home/user/.local/lib/python3.10/site-packages/airflow/example_dags/tutorial_taskflow_api_virtualenv.py for tasks to queue
[2024-08-22T10:59:28.354+0700] {logging_mixin.py:190} INFO - [2024-08-22T10:59:28.353+0700] {dagbag.py:587} INFO - Filling up the DagBag from /home/user/.local/lib/python3.10/site-packages/airflow/example_dags/tutorial_taskflow_api_virtualenv.py
[2024-08-22T10:59:28.387+0700] {logging_mixin.py:190} INFO - [2024-08-22T10:59:28.387+0700] {tutorial_taskflow_api_virtualenv.py:29} WARNING - The tutorial_taskflow_api_virtualenv example DAG requires virtualenv, please install it.
[2024-08-22T10:59:28.387+0700] {processor.py:927} WARNING - No viable dags retrieved from /home/user/.local/lib/python3.10/site-packages/airflow/example_dags/tutorial_taskflow_api_virtualenv.py
[2024-08-22T10:59:28.396+0700] {processor.py:208} INFO - Processing /home/user/.local/lib/python3.10/site-packages/airflow/example_dags/tutorial_taskflow_api_virtualenv.py took 0.052 seconds
[2024-08-22T11:00:25.609+0700] {processor.py:186} INFO - Started process (PID=24050) to work on /home/user/.local/lib/python3.10/site-packages/airflow/example_dags/tutorial_taskflow_api_virtualenv.py
[2024-08-22T11:00:25.610+0700] {processor.py:914} INFO - Processing file /home/user/.local/lib/python3.10/site-packages/airflow/example_dags/tutorial_taskflow_api_virtualenv.py for tasks to queue
[2024-08-22T11:00:25.612+0700] {logging_mixin.py:190} INFO - [2024-08-22T11:00:25.611+0700] {dagbag.py:587} INFO - Filling up the DagBag from /home/user/.local/lib/python3.10/site-packages/airflow/example_dags/tutorial_taskflow_api_virtualenv.py
[2024-08-22T11:00:25.642+0700] {logging_mixin.py:190} INFO - [2024-08-22T11:00:25.642+0700] {tutorial_taskflow_api_virtualenv.py:29} WARNING - The tutorial_taskflow_api_virtualenv example DAG requires virtualenv, please install it.
[2024-08-22T11:00:25.643+0700] {processor.py:927} WARNING - No viable dags retrieved from /home/user/.local/lib/python3.10/site-packages/airflow/example_dags/tutorial_taskflow_api_virtualenv.py
[2024-08-22T11:00:25.654+0700] {processor.py:208} INFO - Processing /home/user/.local/lib/python3.10/site-packages/airflow/example_dags/tutorial_taskflow_api_virtualenv.py took 0.052 seconds
[2024-08-22T11:01:22.397+0700] {processor.py:186} INFO - Started process (PID=24500) to work on /home/user/.local/lib/python3.10/site-packages/airflow/example_dags/tutorial_taskflow_api_virtualenv.py
[2024-08-22T11:01:22.399+0700] {processor.py:914} INFO - Processing file /home/user/.local/lib/python3.10/site-packages/airflow/example_dags/tutorial_taskflow_api_virtualenv.py for tasks to queue
[2024-08-22T11:01:22.401+0700] {logging_mixin.py:190} INFO - [2024-08-22T11:01:22.401+0700] {dagbag.py:587} INFO - Filling up the DagBag from /home/user/.local/lib/python3.10/site-packages/airflow/example_dags/tutorial_taskflow_api_virtualenv.py
[2024-08-22T11:01:22.433+0700] {logging_mixin.py:190} INFO - [2024-08-22T11:01:22.432+0700] {tutorial_taskflow_api_virtualenv.py:29} WARNING - The tutorial_taskflow_api_virtualenv example DAG requires virtualenv, please install it.
[2024-08-22T11:01:22.433+0700] {processor.py:927} WARNING - No viable dags retrieved from /home/user/.local/lib/python3.10/site-packages/airflow/example_dags/tutorial_taskflow_api_virtualenv.py
[2024-08-22T11:01:22.441+0700] {processor.py:208} INFO - Processing /home/user/.local/lib/python3.10/site-packages/airflow/example_dags/tutorial_taskflow_api_virtualenv.py took 0.049 seconds
[2024-08-22T11:02:24.542+0700] {processor.py:186} INFO - Started process (PID=25001) to work on /home/user/.local/lib/python3.10/site-packages/airflow/example_dags/tutorial_taskflow_api_virtualenv.py
[2024-08-22T11:02:24.544+0700] {processor.py:914} INFO - Processing file /home/user/.local/lib/python3.10/site-packages/airflow/example_dags/tutorial_taskflow_api_virtualenv.py for tasks to queue
[2024-08-22T11:02:24.545+0700] {logging_mixin.py:190} INFO - [2024-08-22T11:02:24.545+0700] {dagbag.py:587} INFO - Filling up the DagBag from /home/user/.local/lib/python3.10/site-packages/airflow/example_dags/tutorial_taskflow_api_virtualenv.py
[2024-08-22T11:02:24.573+0700] {logging_mixin.py:190} INFO - [2024-08-22T11:02:24.572+0700] {tutorial_taskflow_api_virtualenv.py:29} WARNING - The tutorial_taskflow_api_virtualenv example DAG requires virtualenv, please install it.
[2024-08-22T11:02:24.573+0700] {processor.py:927} WARNING - No viable dags retrieved from /home/user/.local/lib/python3.10/site-packages/airflow/example_dags/tutorial_taskflow_api_virtualenv.py
[2024-08-22T11:02:24.581+0700] {processor.py:208} INFO - Processing /home/user/.local/lib/python3.10/site-packages/airflow/example_dags/tutorial_taskflow_api_virtualenv.py took 0.043 seconds
[2024-08-22T11:03:26.067+0700] {processor.py:186} INFO - Started process (PID=25616) to work on /home/user/.local/lib/python3.10/site-packages/airflow/example_dags/tutorial_taskflow_api_virtualenv.py
[2024-08-22T11:03:26.069+0700] {processor.py:914} INFO - Processing file /home/user/.local/lib/python3.10/site-packages/airflow/example_dags/tutorial_taskflow_api_virtualenv.py for tasks to queue
[2024-08-22T11:03:26.071+0700] {logging_mixin.py:190} INFO - [2024-08-22T11:03:26.071+0700] {dagbag.py:587} INFO - Filling up the DagBag from /home/user/.local/lib/python3.10/site-packages/airflow/example_dags/tutorial_taskflow_api_virtualenv.py
[2024-08-22T11:03:26.117+0700] {logging_mixin.py:190} INFO - [2024-08-22T11:03:26.117+0700] {tutorial_taskflow_api_virtualenv.py:29} WARNING - The tutorial_taskflow_api_virtualenv example DAG requires virtualenv, please install it.
[2024-08-22T11:03:26.118+0700] {processor.py:927} WARNING - No viable dags retrieved from /home/user/.local/lib/python3.10/site-packages/airflow/example_dags/tutorial_taskflow_api_virtualenv.py
[2024-08-22T11:03:26.126+0700] {processor.py:208} INFO - Processing /home/user/.local/lib/python3.10/site-packages/airflow/example_dags/tutorial_taskflow_api_virtualenv.py took 0.062 seconds
[2024-08-22T11:04:23.833+0700] {processor.py:186} INFO - Started process (PID=26131) to work on /home/user/.local/lib/python3.10/site-packages/airflow/example_dags/tutorial_taskflow_api_virtualenv.py
[2024-08-22T11:04:23.836+0700] {processor.py:914} INFO - Processing file /home/user/.local/lib/python3.10/site-packages/airflow/example_dags/tutorial_taskflow_api_virtualenv.py for tasks to queue
[2024-08-22T11:04:23.842+0700] {logging_mixin.py:190} INFO - [2024-08-22T11:04:23.841+0700] {dagbag.py:587} INFO - Filling up the DagBag from /home/user/.local/lib/python3.10/site-packages/airflow/example_dags/tutorial_taskflow_api_virtualenv.py
[2024-08-22T11:04:23.887+0700] {logging_mixin.py:190} INFO - [2024-08-22T11:04:23.887+0700] {tutorial_taskflow_api_virtualenv.py:29} WARNING - The tutorial_taskflow_api_virtualenv example DAG requires virtualenv, please install it.
[2024-08-22T11:04:23.887+0700] {processor.py:927} WARNING - No viable dags retrieved from /home/user/.local/lib/python3.10/site-packages/airflow/example_dags/tutorial_taskflow_api_virtualenv.py
[2024-08-22T11:04:23.906+0700] {processor.py:208} INFO - Processing /home/user/.local/lib/python3.10/site-packages/airflow/example_dags/tutorial_taskflow_api_virtualenv.py took 0.081 seconds
[2024-08-22T11:05:07.851+0700] {processor.py:186} INFO - Started process (PID=26422) to work on /home/user/.local/lib/python3.10/site-packages/airflow/example_dags/tutorial_taskflow_api_virtualenv.py
[2024-08-22T11:05:07.854+0700] {processor.py:914} INFO - Processing file /home/user/.local/lib/python3.10/site-packages/airflow/example_dags/tutorial_taskflow_api_virtualenv.py for tasks to queue
[2024-08-22T11:05:07.856+0700] {logging_mixin.py:190} INFO - [2024-08-22T11:05:07.856+0700] {dagbag.py:587} INFO - Filling up the DagBag from /home/user/.local/lib/python3.10/site-packages/airflow/example_dags/tutorial_taskflow_api_virtualenv.py
[2024-08-22T11:05:07.911+0700] {logging_mixin.py:190} INFO - [2024-08-22T11:05:07.911+0700] {tutorial_taskflow_api_virtualenv.py:29} WARNING - The tutorial_taskflow_api_virtualenv example DAG requires virtualenv, please install it.
[2024-08-22T11:05:07.912+0700] {processor.py:927} WARNING - No viable dags retrieved from /home/user/.local/lib/python3.10/site-packages/airflow/example_dags/tutorial_taskflow_api_virtualenv.py
[2024-08-22T11:05:07.922+0700] {processor.py:208} INFO - Processing /home/user/.local/lib/python3.10/site-packages/airflow/example_dags/tutorial_taskflow_api_virtualenv.py took 0.078 seconds
[2024-08-22T11:06:08.174+0700] {processor.py:186} INFO - Started process (PID=26807) to work on /home/user/.local/lib/python3.10/site-packages/airflow/example_dags/tutorial_taskflow_api_virtualenv.py
[2024-08-22T11:06:08.175+0700] {processor.py:914} INFO - Processing file /home/user/.local/lib/python3.10/site-packages/airflow/example_dags/tutorial_taskflow_api_virtualenv.py for tasks to queue
[2024-08-22T11:06:08.178+0700] {logging_mixin.py:190} INFO - [2024-08-22T11:06:08.178+0700] {dagbag.py:587} INFO - Filling up the DagBag from /home/user/.local/lib/python3.10/site-packages/airflow/example_dags/tutorial_taskflow_api_virtualenv.py
[2024-08-22T11:06:08.207+0700] {logging_mixin.py:190} INFO - [2024-08-22T11:06:08.207+0700] {tutorial_taskflow_api_virtualenv.py:29} WARNING - The tutorial_taskflow_api_virtualenv example DAG requires virtualenv, please install it.
[2024-08-22T11:06:08.207+0700] {processor.py:927} WARNING - No viable dags retrieved from /home/user/.local/lib/python3.10/site-packages/airflow/example_dags/tutorial_taskflow_api_virtualenv.py
[2024-08-22T11:06:08.220+0700] {processor.py:208} INFO - Processing /home/user/.local/lib/python3.10/site-packages/airflow/example_dags/tutorial_taskflow_api_virtualenv.py took 0.054 seconds
[2024-08-22T11:07:04.919+0700] {processor.py:186} INFO - Started process (PID=27247) to work on /home/user/.local/lib/python3.10/site-packages/airflow/example_dags/tutorial_taskflow_api_virtualenv.py
[2024-08-22T11:07:04.922+0700] {processor.py:914} INFO - Processing file /home/user/.local/lib/python3.10/site-packages/airflow/example_dags/tutorial_taskflow_api_virtualenv.py for tasks to queue
[2024-08-22T11:07:04.925+0700] {logging_mixin.py:190} INFO - [2024-08-22T11:07:04.925+0700] {dagbag.py:587} INFO - Filling up the DagBag from /home/user/.local/lib/python3.10/site-packages/airflow/example_dags/tutorial_taskflow_api_virtualenv.py
[2024-08-22T11:07:04.966+0700] {logging_mixin.py:190} INFO - [2024-08-22T11:07:04.966+0700] {tutorial_taskflow_api_virtualenv.py:29} WARNING - The tutorial_taskflow_api_virtualenv example DAG requires virtualenv, please install it.
[2024-08-22T11:07:04.967+0700] {processor.py:927} WARNING - No viable dags retrieved from /home/user/.local/lib/python3.10/site-packages/airflow/example_dags/tutorial_taskflow_api_virtualenv.py
[2024-08-22T11:07:04.988+0700] {processor.py:208} INFO - Processing /home/user/.local/lib/python3.10/site-packages/airflow/example_dags/tutorial_taskflow_api_virtualenv.py took 0.075 seconds
[2024-08-22T11:08:14.700+0700] {processor.py:186} INFO - Started process (PID=27798) to work on /home/user/.local/lib/python3.10/site-packages/airflow/example_dags/tutorial_taskflow_api_virtualenv.py
[2024-08-22T11:08:14.704+0700] {processor.py:914} INFO - Processing file /home/user/.local/lib/python3.10/site-packages/airflow/example_dags/tutorial_taskflow_api_virtualenv.py for tasks to queue
[2024-08-22T11:08:14.718+0700] {logging_mixin.py:190} INFO - [2024-08-22T11:08:14.717+0700] {dagbag.py:587} INFO - Filling up the DagBag from /home/user/.local/lib/python3.10/site-packages/airflow/example_dags/tutorial_taskflow_api_virtualenv.py
[2024-08-22T11:08:14.820+0700] {logging_mixin.py:190} INFO - [2024-08-22T11:08:14.820+0700] {tutorial_taskflow_api_virtualenv.py:29} WARNING - The tutorial_taskflow_api_virtualenv example DAG requires virtualenv, please install it.
[2024-08-22T11:08:14.820+0700] {processor.py:927} WARNING - No viable dags retrieved from /home/user/.local/lib/python3.10/site-packages/airflow/example_dags/tutorial_taskflow_api_virtualenv.py
[2024-08-22T11:08:14.830+0700] {processor.py:208} INFO - Processing /home/user/.local/lib/python3.10/site-packages/airflow/example_dags/tutorial_taskflow_api_virtualenv.py took 0.136 seconds
[2024-08-22T11:09:10.501+0700] {processor.py:186} INFO - Started process (PID=28234) to work on /home/user/.local/lib/python3.10/site-packages/airflow/example_dags/tutorial_taskflow_api_virtualenv.py
[2024-08-22T11:09:10.502+0700] {processor.py:914} INFO - Processing file /home/user/.local/lib/python3.10/site-packages/airflow/example_dags/tutorial_taskflow_api_virtualenv.py for tasks to queue
[2024-08-22T11:09:10.504+0700] {logging_mixin.py:190} INFO - [2024-08-22T11:09:10.504+0700] {dagbag.py:587} INFO - Filling up the DagBag from /home/user/.local/lib/python3.10/site-packages/airflow/example_dags/tutorial_taskflow_api_virtualenv.py
[2024-08-22T11:09:10.774+0700] {logging_mixin.py:190} INFO - [2024-08-22T11:09:10.774+0700] {tutorial_taskflow_api_virtualenv.py:29} WARNING - The tutorial_taskflow_api_virtualenv example DAG requires virtualenv, please install it.
[2024-08-22T11:09:10.775+0700] {processor.py:927} WARNING - No viable dags retrieved from /home/user/.local/lib/python3.10/site-packages/airflow/example_dags/tutorial_taskflow_api_virtualenv.py
[2024-08-22T11:09:10.792+0700] {processor.py:208} INFO - Processing /home/user/.local/lib/python3.10/site-packages/airflow/example_dags/tutorial_taskflow_api_virtualenv.py took 0.302 seconds
[2024-08-22T11:10:07.190+0700] {processor.py:186} INFO - Started process (PID=28680) to work on /home/user/.local/lib/python3.10/site-packages/airflow/example_dags/tutorial_taskflow_api_virtualenv.py
[2024-08-22T11:10:07.192+0700] {processor.py:914} INFO - Processing file /home/user/.local/lib/python3.10/site-packages/airflow/example_dags/tutorial_taskflow_api_virtualenv.py for tasks to queue
[2024-08-22T11:10:07.193+0700] {logging_mixin.py:190} INFO - [2024-08-22T11:10:07.193+0700] {dagbag.py:587} INFO - Filling up the DagBag from /home/user/.local/lib/python3.10/site-packages/airflow/example_dags/tutorial_taskflow_api_virtualenv.py
[2024-08-22T11:10:07.236+0700] {logging_mixin.py:190} INFO - [2024-08-22T11:10:07.235+0700] {tutorial_taskflow_api_virtualenv.py:29} WARNING - The tutorial_taskflow_api_virtualenv example DAG requires virtualenv, please install it.
[2024-08-22T11:10:07.236+0700] {processor.py:927} WARNING - No viable dags retrieved from /home/user/.local/lib/python3.10/site-packages/airflow/example_dags/tutorial_taskflow_api_virtualenv.py
[2024-08-22T11:10:07.248+0700] {processor.py:208} INFO - Processing /home/user/.local/lib/python3.10/site-packages/airflow/example_dags/tutorial_taskflow_api_virtualenv.py took 0.063 seconds
[2024-08-22T11:10:59.484+0700] {processor.py:186} INFO - Started process (PID=29088) to work on /home/user/.local/lib/python3.10/site-packages/airflow/example_dags/tutorial_taskflow_api_virtualenv.py
[2024-08-22T11:10:59.485+0700] {processor.py:914} INFO - Processing file /home/user/.local/lib/python3.10/site-packages/airflow/example_dags/tutorial_taskflow_api_virtualenv.py for tasks to queue
[2024-08-22T11:10:59.487+0700] {logging_mixin.py:190} INFO - [2024-08-22T11:10:59.486+0700] {dagbag.py:587} INFO - Filling up the DagBag from /home/user/.local/lib/python3.10/site-packages/airflow/example_dags/tutorial_taskflow_api_virtualenv.py
[2024-08-22T11:10:59.508+0700] {logging_mixin.py:190} INFO - [2024-08-22T11:10:59.507+0700] {tutorial_taskflow_api_virtualenv.py:29} WARNING - The tutorial_taskflow_api_virtualenv example DAG requires virtualenv, please install it.
[2024-08-22T11:10:59.508+0700] {processor.py:927} WARNING - No viable dags retrieved from /home/user/.local/lib/python3.10/site-packages/airflow/example_dags/tutorial_taskflow_api_virtualenv.py
[2024-08-22T11:10:59.516+0700] {processor.py:208} INFO - Processing /home/user/.local/lib/python3.10/site-packages/airflow/example_dags/tutorial_taskflow_api_virtualenv.py took 0.036 seconds
[2024-08-22T11:12:19.256+0700] {processor.py:186} INFO - Started process (PID=29838) to work on /home/user/.local/lib/python3.10/site-packages/airflow/example_dags/tutorial_taskflow_api_virtualenv.py
[2024-08-22T11:12:19.257+0700] {processor.py:914} INFO - Processing file /home/user/.local/lib/python3.10/site-packages/airflow/example_dags/tutorial_taskflow_api_virtualenv.py for tasks to queue
[2024-08-22T11:12:19.259+0700] {logging_mixin.py:190} INFO - [2024-08-22T11:12:19.258+0700] {dagbag.py:587} INFO - Filling up the DagBag from /home/user/.local/lib/python3.10/site-packages/airflow/example_dags/tutorial_taskflow_api_virtualenv.py
[2024-08-22T11:12:19.314+0700] {logging_mixin.py:190} INFO - [2024-08-22T11:12:19.314+0700] {tutorial_taskflow_api_virtualenv.py:29} WARNING - The tutorial_taskflow_api_virtualenv example DAG requires virtualenv, please install it.
[2024-08-22T11:12:19.315+0700] {processor.py:927} WARNING - No viable dags retrieved from /home/user/.local/lib/python3.10/site-packages/airflow/example_dags/tutorial_taskflow_api_virtualenv.py
[2024-08-22T11:12:19.324+0700] {processor.py:208} INFO - Processing /home/user/.local/lib/python3.10/site-packages/airflow/example_dags/tutorial_taskflow_api_virtualenv.py took 0.075 seconds
[2024-08-22T11:13:47.812+0700] {processor.py:186} INFO - Started process (PID=30543) to work on /home/user/.local/lib/python3.10/site-packages/airflow/example_dags/tutorial_taskflow_api_virtualenv.py
[2024-08-22T11:13:47.814+0700] {processor.py:914} INFO - Processing file /home/user/.local/lib/python3.10/site-packages/airflow/example_dags/tutorial_taskflow_api_virtualenv.py for tasks to queue
[2024-08-22T11:13:47.816+0700] {logging_mixin.py:190} INFO - [2024-08-22T11:13:47.815+0700] {dagbag.py:587} INFO - Filling up the DagBag from /home/user/.local/lib/python3.10/site-packages/airflow/example_dags/tutorial_taskflow_api_virtualenv.py
[2024-08-22T11:13:47.858+0700] {logging_mixin.py:190} INFO - [2024-08-22T11:13:47.858+0700] {tutorial_taskflow_api_virtualenv.py:29} WARNING - The tutorial_taskflow_api_virtualenv example DAG requires virtualenv, please install it.
[2024-08-22T11:13:47.858+0700] {processor.py:927} WARNING - No viable dags retrieved from /home/user/.local/lib/python3.10/site-packages/airflow/example_dags/tutorial_taskflow_api_virtualenv.py
[2024-08-22T11:13:47.869+0700] {processor.py:208} INFO - Processing /home/user/.local/lib/python3.10/site-packages/airflow/example_dags/tutorial_taskflow_api_virtualenv.py took 0.063 seconds
[2024-08-22T11:14:46.295+0700] {processor.py:186} INFO - Started process (PID=31014) to work on /home/user/.local/lib/python3.10/site-packages/airflow/example_dags/tutorial_taskflow_api_virtualenv.py
[2024-08-22T11:14:46.296+0700] {processor.py:914} INFO - Processing file /home/user/.local/lib/python3.10/site-packages/airflow/example_dags/tutorial_taskflow_api_virtualenv.py for tasks to queue
[2024-08-22T11:14:46.299+0700] {logging_mixin.py:190} INFO - [2024-08-22T11:14:46.298+0700] {dagbag.py:587} INFO - Filling up the DagBag from /home/user/.local/lib/python3.10/site-packages/airflow/example_dags/tutorial_taskflow_api_virtualenv.py
[2024-08-22T11:14:46.343+0700] {logging_mixin.py:190} INFO - [2024-08-22T11:14:46.342+0700] {tutorial_taskflow_api_virtualenv.py:29} WARNING - The tutorial_taskflow_api_virtualenv example DAG requires virtualenv, please install it.
[2024-08-22T11:14:46.344+0700] {processor.py:927} WARNING - No viable dags retrieved from /home/user/.local/lib/python3.10/site-packages/airflow/example_dags/tutorial_taskflow_api_virtualenv.py
[2024-08-22T11:14:46.358+0700] {processor.py:208} INFO - Processing /home/user/.local/lib/python3.10/site-packages/airflow/example_dags/tutorial_taskflow_api_virtualenv.py took 0.068 seconds
[2024-08-22T11:15:43.650+0700] {processor.py:186} INFO - Started process (PID=31465) to work on /home/user/.local/lib/python3.10/site-packages/airflow/example_dags/tutorial_taskflow_api_virtualenv.py
[2024-08-22T11:15:43.651+0700] {processor.py:914} INFO - Processing file /home/user/.local/lib/python3.10/site-packages/airflow/example_dags/tutorial_taskflow_api_virtualenv.py for tasks to queue
[2024-08-22T11:15:43.653+0700] {logging_mixin.py:190} INFO - [2024-08-22T11:15:43.653+0700] {dagbag.py:587} INFO - Filling up the DagBag from /home/user/.local/lib/python3.10/site-packages/airflow/example_dags/tutorial_taskflow_api_virtualenv.py
[2024-08-22T11:15:43.687+0700] {logging_mixin.py:190} INFO - [2024-08-22T11:15:43.686+0700] {tutorial_taskflow_api_virtualenv.py:29} WARNING - The tutorial_taskflow_api_virtualenv example DAG requires virtualenv, please install it.
[2024-08-22T11:15:43.687+0700] {processor.py:927} WARNING - No viable dags retrieved from /home/user/.local/lib/python3.10/site-packages/airflow/example_dags/tutorial_taskflow_api_virtualenv.py
[2024-08-22T11:15:43.695+0700] {processor.py:208} INFO - Processing /home/user/.local/lib/python3.10/site-packages/airflow/example_dags/tutorial_taskflow_api_virtualenv.py took 0.049 seconds
[2024-08-22T11:16:39.486+0700] {processor.py:186} INFO - Started process (PID=31957) to work on /home/user/.local/lib/python3.10/site-packages/airflow/example_dags/tutorial_taskflow_api_virtualenv.py
[2024-08-22T11:16:39.487+0700] {processor.py:914} INFO - Processing file /home/user/.local/lib/python3.10/site-packages/airflow/example_dags/tutorial_taskflow_api_virtualenv.py for tasks to queue
[2024-08-22T11:16:39.490+0700] {logging_mixin.py:190} INFO - [2024-08-22T11:16:39.489+0700] {dagbag.py:587} INFO - Filling up the DagBag from /home/user/.local/lib/python3.10/site-packages/airflow/example_dags/tutorial_taskflow_api_virtualenv.py
[2024-08-22T11:16:39.530+0700] {logging_mixin.py:190} INFO - [2024-08-22T11:16:39.530+0700] {tutorial_taskflow_api_virtualenv.py:29} WARNING - The tutorial_taskflow_api_virtualenv example DAG requires virtualenv, please install it.
[2024-08-22T11:16:39.531+0700] {processor.py:927} WARNING - No viable dags retrieved from /home/user/.local/lib/python3.10/site-packages/airflow/example_dags/tutorial_taskflow_api_virtualenv.py
[2024-08-22T11:16:39.540+0700] {processor.py:208} INFO - Processing /home/user/.local/lib/python3.10/site-packages/airflow/example_dags/tutorial_taskflow_api_virtualenv.py took 0.058 seconds
[2024-08-22T11:17:17.063+0700] {processor.py:186} INFO - Started process (PID=32188) to work on /home/user/.local/lib/python3.10/site-packages/airflow/example_dags/tutorial_taskflow_api_virtualenv.py
[2024-08-22T11:17:17.065+0700] {processor.py:914} INFO - Processing file /home/user/.local/lib/python3.10/site-packages/airflow/example_dags/tutorial_taskflow_api_virtualenv.py for tasks to queue
[2024-08-22T11:17:17.068+0700] {logging_mixin.py:190} INFO - [2024-08-22T11:17:17.067+0700] {dagbag.py:587} INFO - Filling up the DagBag from /home/user/.local/lib/python3.10/site-packages/airflow/example_dags/tutorial_taskflow_api_virtualenv.py
[2024-08-22T11:17:17.103+0700] {logging_mixin.py:190} INFO - [2024-08-22T11:17:17.103+0700] {tutorial_taskflow_api_virtualenv.py:29} WARNING - The tutorial_taskflow_api_virtualenv example DAG requires virtualenv, please install it.
[2024-08-22T11:17:17.103+0700] {processor.py:927} WARNING - No viable dags retrieved from /home/user/.local/lib/python3.10/site-packages/airflow/example_dags/tutorial_taskflow_api_virtualenv.py
[2024-08-22T11:17:17.115+0700] {processor.py:208} INFO - Processing /home/user/.local/lib/python3.10/site-packages/airflow/example_dags/tutorial_taskflow_api_virtualenv.py took 0.059 seconds
[2024-08-22T11:18:14.311+0700] {processor.py:186} INFO - Started process (PID=32683) to work on /home/user/.local/lib/python3.10/site-packages/airflow/example_dags/tutorial_taskflow_api_virtualenv.py
[2024-08-22T11:18:14.313+0700] {processor.py:914} INFO - Processing file /home/user/.local/lib/python3.10/site-packages/airflow/example_dags/tutorial_taskflow_api_virtualenv.py for tasks to queue
[2024-08-22T11:18:14.318+0700] {logging_mixin.py:190} INFO - [2024-08-22T11:18:14.317+0700] {dagbag.py:587} INFO - Filling up the DagBag from /home/user/.local/lib/python3.10/site-packages/airflow/example_dags/tutorial_taskflow_api_virtualenv.py
[2024-08-22T11:18:14.350+0700] {logging_mixin.py:190} INFO - [2024-08-22T11:18:14.349+0700] {tutorial_taskflow_api_virtualenv.py:29} WARNING - The tutorial_taskflow_api_virtualenv example DAG requires virtualenv, please install it.
[2024-08-22T11:18:14.350+0700] {processor.py:927} WARNING - No viable dags retrieved from /home/user/.local/lib/python3.10/site-packages/airflow/example_dags/tutorial_taskflow_api_virtualenv.py
[2024-08-22T11:18:14.359+0700] {processor.py:208} INFO - Processing /home/user/.local/lib/python3.10/site-packages/airflow/example_dags/tutorial_taskflow_api_virtualenv.py took 0.054 seconds
[2024-08-22T11:19:11.215+0700] {processor.py:186} INFO - Started process (PID=33123) to work on /home/user/.local/lib/python3.10/site-packages/airflow/example_dags/tutorial_taskflow_api_virtualenv.py
[2024-08-22T11:19:11.230+0700] {processor.py:914} INFO - Processing file /home/user/.local/lib/python3.10/site-packages/airflow/example_dags/tutorial_taskflow_api_virtualenv.py for tasks to queue
[2024-08-22T11:19:11.248+0700] {logging_mixin.py:190} INFO - [2024-08-22T11:19:11.245+0700] {dagbag.py:587} INFO - Filling up the DagBag from /home/user/.local/lib/python3.10/site-packages/airflow/example_dags/tutorial_taskflow_api_virtualenv.py
[2024-08-22T11:19:11.310+0700] {logging_mixin.py:190} INFO - [2024-08-22T11:19:11.310+0700] {tutorial_taskflow_api_virtualenv.py:29} WARNING - The tutorial_taskflow_api_virtualenv example DAG requires virtualenv, please install it.
[2024-08-22T11:19:11.311+0700] {processor.py:927} WARNING - No viable dags retrieved from /home/user/.local/lib/python3.10/site-packages/airflow/example_dags/tutorial_taskflow_api_virtualenv.py
[2024-08-22T11:19:11.419+0700] {processor.py:208} INFO - Processing /home/user/.local/lib/python3.10/site-packages/airflow/example_dags/tutorial_taskflow_api_virtualenv.py took 0.253 seconds
[2024-08-22T11:20:13.254+0700] {processor.py:186} INFO - Started process (PID=33617) to work on /home/user/.local/lib/python3.10/site-packages/airflow/example_dags/tutorial_taskflow_api_virtualenv.py
[2024-08-22T11:20:13.256+0700] {processor.py:914} INFO - Processing file /home/user/.local/lib/python3.10/site-packages/airflow/example_dags/tutorial_taskflow_api_virtualenv.py for tasks to queue
[2024-08-22T11:20:13.257+0700] {logging_mixin.py:190} INFO - [2024-08-22T11:20:13.257+0700] {dagbag.py:587} INFO - Filling up the DagBag from /home/user/.local/lib/python3.10/site-packages/airflow/example_dags/tutorial_taskflow_api_virtualenv.py
[2024-08-22T11:20:13.292+0700] {logging_mixin.py:190} INFO - [2024-08-22T11:20:13.292+0700] {tutorial_taskflow_api_virtualenv.py:29} WARNING - The tutorial_taskflow_api_virtualenv example DAG requires virtualenv, please install it.
[2024-08-22T11:20:13.292+0700] {processor.py:927} WARNING - No viable dags retrieved from /home/user/.local/lib/python3.10/site-packages/airflow/example_dags/tutorial_taskflow_api_virtualenv.py
[2024-08-22T11:20:13.300+0700] {processor.py:208} INFO - Processing /home/user/.local/lib/python3.10/site-packages/airflow/example_dags/tutorial_taskflow_api_virtualenv.py took 0.050 seconds
[2024-08-22T11:21:12.021+0700] {processor.py:186} INFO - Started process (PID=34078) to work on /home/user/.local/lib/python3.10/site-packages/airflow/example_dags/tutorial_taskflow_api_virtualenv.py
[2024-08-22T11:21:12.023+0700] {processor.py:914} INFO - Processing file /home/user/.local/lib/python3.10/site-packages/airflow/example_dags/tutorial_taskflow_api_virtualenv.py for tasks to queue
[2024-08-22T11:21:12.025+0700] {logging_mixin.py:190} INFO - [2024-08-22T11:21:12.024+0700] {dagbag.py:587} INFO - Filling up the DagBag from /home/user/.local/lib/python3.10/site-packages/airflow/example_dags/tutorial_taskflow_api_virtualenv.py
[2024-08-22T11:21:12.058+0700] {logging_mixin.py:190} INFO - [2024-08-22T11:21:12.058+0700] {tutorial_taskflow_api_virtualenv.py:29} WARNING - The tutorial_taskflow_api_virtualenv example DAG requires virtualenv, please install it.
[2024-08-22T11:21:12.058+0700] {processor.py:927} WARNING - No viable dags retrieved from /home/user/.local/lib/python3.10/site-packages/airflow/example_dags/tutorial_taskflow_api_virtualenv.py
[2024-08-22T11:21:12.067+0700] {processor.py:208} INFO - Processing /home/user/.local/lib/python3.10/site-packages/airflow/example_dags/tutorial_taskflow_api_virtualenv.py took 0.052 seconds
[2024-08-22T11:22:13.853+0700] {processor.py:186} INFO - Started process (PID=34570) to work on /home/user/.local/lib/python3.10/site-packages/airflow/example_dags/tutorial_taskflow_api_virtualenv.py
[2024-08-22T11:22:13.854+0700] {processor.py:914} INFO - Processing file /home/user/.local/lib/python3.10/site-packages/airflow/example_dags/tutorial_taskflow_api_virtualenv.py for tasks to queue
[2024-08-22T11:22:13.856+0700] {logging_mixin.py:190} INFO - [2024-08-22T11:22:13.856+0700] {dagbag.py:587} INFO - Filling up the DagBag from /home/user/.local/lib/python3.10/site-packages/airflow/example_dags/tutorial_taskflow_api_virtualenv.py
[2024-08-22T11:22:13.895+0700] {logging_mixin.py:190} INFO - [2024-08-22T11:22:13.895+0700] {tutorial_taskflow_api_virtualenv.py:29} WARNING - The tutorial_taskflow_api_virtualenv example DAG requires virtualenv, please install it.
[2024-08-22T11:22:13.896+0700] {processor.py:927} WARNING - No viable dags retrieved from /home/user/.local/lib/python3.10/site-packages/airflow/example_dags/tutorial_taskflow_api_virtualenv.py
[2024-08-22T11:22:13.904+0700] {processor.py:208} INFO - Processing /home/user/.local/lib/python3.10/site-packages/airflow/example_dags/tutorial_taskflow_api_virtualenv.py took 0.055 seconds
[2024-08-22T11:23:26.025+0700] {processor.py:186} INFO - Started process (PID=35156) to work on /home/user/.local/lib/python3.10/site-packages/airflow/example_dags/tutorial_taskflow_api_virtualenv.py
[2024-08-22T11:23:26.027+0700] {processor.py:914} INFO - Processing file /home/user/.local/lib/python3.10/site-packages/airflow/example_dags/tutorial_taskflow_api_virtualenv.py for tasks to queue
[2024-08-22T11:23:26.029+0700] {logging_mixin.py:190} INFO - [2024-08-22T11:23:26.029+0700] {dagbag.py:587} INFO - Filling up the DagBag from /home/user/.local/lib/python3.10/site-packages/airflow/example_dags/tutorial_taskflow_api_virtualenv.py
[2024-08-22T11:23:26.068+0700] {logging_mixin.py:190} INFO - [2024-08-22T11:23:26.068+0700] {tutorial_taskflow_api_virtualenv.py:29} WARNING - The tutorial_taskflow_api_virtualenv example DAG requires virtualenv, please install it.
[2024-08-22T11:23:26.069+0700] {processor.py:927} WARNING - No viable dags retrieved from /home/user/.local/lib/python3.10/site-packages/airflow/example_dags/tutorial_taskflow_api_virtualenv.py
[2024-08-22T11:23:26.079+0700] {processor.py:208} INFO - Processing /home/user/.local/lib/python3.10/site-packages/airflow/example_dags/tutorial_taskflow_api_virtualenv.py took 0.060 seconds
[2024-08-22T11:24:19.811+0700] {processor.py:186} INFO - Started process (PID=35721) to work on /home/user/.local/lib/python3.10/site-packages/airflow/example_dags/tutorial_taskflow_api_virtualenv.py
[2024-08-22T11:24:19.816+0700] {processor.py:914} INFO - Processing file /home/user/.local/lib/python3.10/site-packages/airflow/example_dags/tutorial_taskflow_api_virtualenv.py for tasks to queue
[2024-08-22T11:24:19.819+0700] {logging_mixin.py:190} INFO - [2024-08-22T11:24:19.818+0700] {dagbag.py:587} INFO - Filling up the DagBag from /home/user/.local/lib/python3.10/site-packages/airflow/example_dags/tutorial_taskflow_api_virtualenv.py
[2024-08-22T11:24:19.858+0700] {logging_mixin.py:190} INFO - [2024-08-22T11:24:19.857+0700] {tutorial_taskflow_api_virtualenv.py:29} WARNING - The tutorial_taskflow_api_virtualenv example DAG requires virtualenv, please install it.
[2024-08-22T11:24:19.859+0700] {processor.py:927} WARNING - No viable dags retrieved from /home/user/.local/lib/python3.10/site-packages/airflow/example_dags/tutorial_taskflow_api_virtualenv.py
[2024-08-22T11:24:19.871+0700] {processor.py:208} INFO - Processing /home/user/.local/lib/python3.10/site-packages/airflow/example_dags/tutorial_taskflow_api_virtualenv.py took 0.067 seconds
[2024-08-22T11:25:23.567+0700] {processor.py:186} INFO - Started process (PID=36268) to work on /home/user/.local/lib/python3.10/site-packages/airflow/example_dags/tutorial_taskflow_api_virtualenv.py
[2024-08-22T11:25:23.570+0700] {processor.py:914} INFO - Processing file /home/user/.local/lib/python3.10/site-packages/airflow/example_dags/tutorial_taskflow_api_virtualenv.py for tasks to queue
[2024-08-22T11:25:23.574+0700] {logging_mixin.py:190} INFO - [2024-08-22T11:25:23.574+0700] {dagbag.py:587} INFO - Filling up the DagBag from /home/user/.local/lib/python3.10/site-packages/airflow/example_dags/tutorial_taskflow_api_virtualenv.py
[2024-08-22T11:25:23.621+0700] {logging_mixin.py:190} INFO - [2024-08-22T11:25:23.621+0700] {tutorial_taskflow_api_virtualenv.py:29} WARNING - The tutorial_taskflow_api_virtualenv example DAG requires virtualenv, please install it.
[2024-08-22T11:25:23.621+0700] {processor.py:927} WARNING - No viable dags retrieved from /home/user/.local/lib/python3.10/site-packages/airflow/example_dags/tutorial_taskflow_api_virtualenv.py
[2024-08-22T11:25:23.634+0700] {processor.py:208} INFO - Processing /home/user/.local/lib/python3.10/site-packages/airflow/example_dags/tutorial_taskflow_api_virtualenv.py took 0.079 seconds
[2024-08-22T11:27:02.259+0700] {processor.py:186} INFO - Started process (PID=37223) to work on /home/user/.local/lib/python3.10/site-packages/airflow/example_dags/tutorial_taskflow_api_virtualenv.py
[2024-08-22T11:27:02.261+0700] {processor.py:914} INFO - Processing file /home/user/.local/lib/python3.10/site-packages/airflow/example_dags/tutorial_taskflow_api_virtualenv.py for tasks to queue
[2024-08-22T11:27:02.262+0700] {logging_mixin.py:190} INFO - [2024-08-22T11:27:02.262+0700] {dagbag.py:587} INFO - Filling up the DagBag from /home/user/.local/lib/python3.10/site-packages/airflow/example_dags/tutorial_taskflow_api_virtualenv.py
[2024-08-22T11:27:02.297+0700] {logging_mixin.py:190} INFO - [2024-08-22T11:27:02.297+0700] {tutorial_taskflow_api_virtualenv.py:29} WARNING - The tutorial_taskflow_api_virtualenv example DAG requires virtualenv, please install it.
[2024-08-22T11:27:02.298+0700] {processor.py:927} WARNING - No viable dags retrieved from /home/user/.local/lib/python3.10/site-packages/airflow/example_dags/tutorial_taskflow_api_virtualenv.py
[2024-08-22T11:27:02.308+0700] {processor.py:208} INFO - Processing /home/user/.local/lib/python3.10/site-packages/airflow/example_dags/tutorial_taskflow_api_virtualenv.py took 0.054 seconds
[2024-08-22T11:28:01.282+0700] {processor.py:186} INFO - Started process (PID=37676) to work on /home/user/.local/lib/python3.10/site-packages/airflow/example_dags/tutorial_taskflow_api_virtualenv.py
[2024-08-22T11:28:01.283+0700] {processor.py:914} INFO - Processing file /home/user/.local/lib/python3.10/site-packages/airflow/example_dags/tutorial_taskflow_api_virtualenv.py for tasks to queue
[2024-08-22T11:28:01.284+0700] {logging_mixin.py:190} INFO - [2024-08-22T11:28:01.284+0700] {dagbag.py:587} INFO - Filling up the DagBag from /home/user/.local/lib/python3.10/site-packages/airflow/example_dags/tutorial_taskflow_api_virtualenv.py
[2024-08-22T11:28:01.352+0700] {logging_mixin.py:190} INFO - [2024-08-22T11:28:01.351+0700] {tutorial_taskflow_api_virtualenv.py:29} WARNING - The tutorial_taskflow_api_virtualenv example DAG requires virtualenv, please install it.
[2024-08-22T11:28:01.352+0700] {processor.py:927} WARNING - No viable dags retrieved from /home/user/.local/lib/python3.10/site-packages/airflow/example_dags/tutorial_taskflow_api_virtualenv.py
[2024-08-22T11:28:01.364+0700] {processor.py:208} INFO - Processing /home/user/.local/lib/python3.10/site-packages/airflow/example_dags/tutorial_taskflow_api_virtualenv.py took 0.089 seconds
[2024-08-22T11:29:17.033+0700] {processor.py:186} INFO - Started process (PID=38321) to work on /home/user/.local/lib/python3.10/site-packages/airflow/example_dags/tutorial_taskflow_api_virtualenv.py
[2024-08-22T11:29:17.034+0700] {processor.py:914} INFO - Processing file /home/user/.local/lib/python3.10/site-packages/airflow/example_dags/tutorial_taskflow_api_virtualenv.py for tasks to queue
[2024-08-22T11:29:17.035+0700] {logging_mixin.py:190} INFO - [2024-08-22T11:29:17.035+0700] {dagbag.py:587} INFO - Filling up the DagBag from /home/user/.local/lib/python3.10/site-packages/airflow/example_dags/tutorial_taskflow_api_virtualenv.py
[2024-08-22T11:29:17.062+0700] {logging_mixin.py:190} INFO - [2024-08-22T11:29:17.062+0700] {tutorial_taskflow_api_virtualenv.py:29} WARNING - The tutorial_taskflow_api_virtualenv example DAG requires virtualenv, please install it.
[2024-08-22T11:29:17.063+0700] {processor.py:927} WARNING - No viable dags retrieved from /home/user/.local/lib/python3.10/site-packages/airflow/example_dags/tutorial_taskflow_api_virtualenv.py
[2024-08-22T11:29:17.073+0700] {processor.py:208} INFO - Processing /home/user/.local/lib/python3.10/site-packages/airflow/example_dags/tutorial_taskflow_api_virtualenv.py took 0.045 seconds
[2024-08-22T11:30:47.853+0700] {processor.py:186} INFO - Started process (PID=39008) to work on /home/user/.local/lib/python3.10/site-packages/airflow/example_dags/tutorial_taskflow_api_virtualenv.py
[2024-08-22T11:30:47.855+0700] {processor.py:914} INFO - Processing file /home/user/.local/lib/python3.10/site-packages/airflow/example_dags/tutorial_taskflow_api_virtualenv.py for tasks to queue
[2024-08-22T11:30:47.856+0700] {logging_mixin.py:190} INFO - [2024-08-22T11:30:47.855+0700] {dagbag.py:587} INFO - Filling up the DagBag from /home/user/.local/lib/python3.10/site-packages/airflow/example_dags/tutorial_taskflow_api_virtualenv.py
[2024-08-22T11:30:47.893+0700] {logging_mixin.py:190} INFO - [2024-08-22T11:30:47.893+0700] {tutorial_taskflow_api_virtualenv.py:29} WARNING - The tutorial_taskflow_api_virtualenv example DAG requires virtualenv, please install it.
[2024-08-22T11:30:47.893+0700] {processor.py:927} WARNING - No viable dags retrieved from /home/user/.local/lib/python3.10/site-packages/airflow/example_dags/tutorial_taskflow_api_virtualenv.py
[2024-08-22T11:30:47.905+0700] {processor.py:208} INFO - Processing /home/user/.local/lib/python3.10/site-packages/airflow/example_dags/tutorial_taskflow_api_virtualenv.py took 0.057 seconds
