[2024-08-22T10:42:44.317+0700] {processor.py:186} INFO - Started process (PID=15218) to work on /home/user/.local/lib/python3.10/site-packages/airflow/example_dags/tutorial_dag.py
[2024-08-22T10:42:44.318+0700] {processor.py:914} INFO - Processing file /home/user/.local/lib/python3.10/site-packages/airflow/example_dags/tutorial_dag.py for tasks to queue
[2024-08-22T10:42:44.320+0700] {logging_mixin.py:190} INFO - [2024-08-22T10:42:44.320+0700] {dagbag.py:587} INFO - Filling up the DagBag from /home/user/.local/lib/python3.10/site-packages/airflow/example_dags/tutorial_dag.py
[2024-08-22T10:42:44.327+0700] {processor.py:925} INFO - DAG(s) 'tutorial_dag' retrieved from /home/user/.local/lib/python3.10/site-packages/airflow/example_dags/tutorial_dag.py
[2024-08-22T10:42:44.387+0700] {logging_mixin.py:190} INFO - [2024-08-22T10:42:44.386+0700] {dag.py:3211} INFO - Sync 1 DAGs
[2024-08-22T10:42:44.393+0700] {logging_mixin.py:190} INFO - [2024-08-22T10:42:44.392+0700] {dag.py:4138} INFO - Setting next_dagrun for tutorial_dag to None, run_after=None
[2024-08-22T10:42:44.411+0700] {processor.py:208} INFO - Processing /home/user/.local/lib/python3.10/site-packages/airflow/example_dags/tutorial_dag.py took 0.100 seconds
[2024-08-22T10:43:45.420+0700] {processor.py:186} INFO - Started process (PID=15531) to work on /home/user/.local/lib/python3.10/site-packages/airflow/example_dags/tutorial_dag.py
[2024-08-22T10:43:45.421+0700] {processor.py:914} INFO - Processing file /home/user/.local/lib/python3.10/site-packages/airflow/example_dags/tutorial_dag.py for tasks to queue
[2024-08-22T10:43:45.424+0700] {logging_mixin.py:190} INFO - [2024-08-22T10:43:45.423+0700] {dagbag.py:587} INFO - Filling up the DagBag from /home/user/.local/lib/python3.10/site-packages/airflow/example_dags/tutorial_dag.py
[2024-08-22T10:43:45.431+0700] {processor.py:925} INFO - DAG(s) 'tutorial_dag' retrieved from /home/user/.local/lib/python3.10/site-packages/airflow/example_dags/tutorial_dag.py
[2024-08-22T10:43:45.444+0700] {logging_mixin.py:190} INFO - [2024-08-22T10:43:45.444+0700] {dag.py:3211} INFO - Sync 1 DAGs
[2024-08-22T10:43:45.456+0700] {logging_mixin.py:190} INFO - [2024-08-22T10:43:45.456+0700] {dag.py:4138} INFO - Setting next_dagrun for tutorial_dag to None, run_after=None
[2024-08-22T10:43:45.472+0700] {processor.py:208} INFO - Processing /home/user/.local/lib/python3.10/site-packages/airflow/example_dags/tutorial_dag.py took 0.056 seconds
[2024-08-22T10:46:27.293+0700] {processor.py:186} INFO - Started process (PID=16353) to work on /home/user/.local/lib/python3.10/site-packages/airflow/example_dags/tutorial_dag.py
[2024-08-22T10:46:27.294+0700] {processor.py:914} INFO - Processing file /home/user/.local/lib/python3.10/site-packages/airflow/example_dags/tutorial_dag.py for tasks to queue
[2024-08-22T10:46:27.296+0700] {logging_mixin.py:190} INFO - [2024-08-22T10:46:27.296+0700] {dagbag.py:587} INFO - Filling up the DagBag from /home/user/.local/lib/python3.10/site-packages/airflow/example_dags/tutorial_dag.py
[2024-08-22T10:46:27.303+0700] {processor.py:925} INFO - DAG(s) 'tutorial_dag' retrieved from /home/user/.local/lib/python3.10/site-packages/airflow/example_dags/tutorial_dag.py
[2024-08-22T10:46:27.315+0700] {logging_mixin.py:190} INFO - [2024-08-22T10:46:27.315+0700] {dag.py:3211} INFO - Sync 1 DAGs
[2024-08-22T10:46:27.325+0700] {logging_mixin.py:190} INFO - [2024-08-22T10:46:27.325+0700] {dag.py:4138} INFO - Setting next_dagrun for tutorial_dag to None, run_after=None
[2024-08-22T10:46:27.347+0700] {processor.py:208} INFO - Processing /home/user/.local/lib/python3.10/site-packages/airflow/example_dags/tutorial_dag.py took 0.060 seconds
[2024-08-22T10:52:47.489+0700] {processor.py:186} INFO - Started process (PID=19935) to work on /home/user/.local/lib/python3.10/site-packages/airflow/example_dags/tutorial_dag.py
[2024-08-22T10:52:47.490+0700] {processor.py:914} INFO - Processing file /home/user/.local/lib/python3.10/site-packages/airflow/example_dags/tutorial_dag.py for tasks to queue
[2024-08-22T10:52:47.492+0700] {logging_mixin.py:190} INFO - [2024-08-22T10:52:47.492+0700] {dagbag.py:587} INFO - Filling up the DagBag from /home/user/.local/lib/python3.10/site-packages/airflow/example_dags/tutorial_dag.py
[2024-08-22T10:52:47.500+0700] {processor.py:925} INFO - DAG(s) 'tutorial_dag' retrieved from /home/user/.local/lib/python3.10/site-packages/airflow/example_dags/tutorial_dag.py
[2024-08-22T10:52:47.514+0700] {logging_mixin.py:190} INFO - [2024-08-22T10:52:47.514+0700] {dag.py:3211} INFO - Sync 1 DAGs
[2024-08-22T10:52:47.524+0700] {logging_mixin.py:190} INFO - [2024-08-22T10:52:47.524+0700] {dag.py:4138} INFO - Setting next_dagrun for tutorial_dag to None, run_after=None
[2024-08-22T10:52:47.541+0700] {processor.py:208} INFO - Processing /home/user/.local/lib/python3.10/site-packages/airflow/example_dags/tutorial_dag.py took 0.057 seconds
[2024-08-22T10:56:13.158+0700] {processor.py:186} INFO - Started process (PID=21716) to work on /home/user/.local/lib/python3.10/site-packages/airflow/example_dags/tutorial_dag.py
[2024-08-22T10:56:13.159+0700] {processor.py:914} INFO - Processing file /home/user/.local/lib/python3.10/site-packages/airflow/example_dags/tutorial_dag.py for tasks to queue
[2024-08-22T10:56:13.161+0700] {logging_mixin.py:190} INFO - [2024-08-22T10:56:13.161+0700] {dagbag.py:587} INFO - Filling up the DagBag from /home/user/.local/lib/python3.10/site-packages/airflow/example_dags/tutorial_dag.py
[2024-08-22T10:56:13.169+0700] {processor.py:925} INFO - DAG(s) 'tutorial_dag' retrieved from /home/user/.local/lib/python3.10/site-packages/airflow/example_dags/tutorial_dag.py
[2024-08-22T10:56:13.184+0700] {logging_mixin.py:190} INFO - [2024-08-22T10:56:13.184+0700] {dag.py:3211} INFO - Sync 1 DAGs
[2024-08-22T10:56:13.193+0700] {logging_mixin.py:190} INFO - [2024-08-22T10:56:13.193+0700] {dag.py:4138} INFO - Setting next_dagrun for tutorial_dag to None, run_after=None
[2024-08-22T10:56:13.220+0700] {processor.py:208} INFO - Processing /home/user/.local/lib/python3.10/site-packages/airflow/example_dags/tutorial_dag.py took 0.068 seconds
[2024-08-22T10:57:14.048+0700] {processor.py:186} INFO - Started process (PID=22201) to work on /home/user/.local/lib/python3.10/site-packages/airflow/example_dags/tutorial_dag.py
[2024-08-22T10:57:14.049+0700] {processor.py:914} INFO - Processing file /home/user/.local/lib/python3.10/site-packages/airflow/example_dags/tutorial_dag.py for tasks to queue
[2024-08-22T10:57:14.051+0700] {logging_mixin.py:190} INFO - [2024-08-22T10:57:14.051+0700] {dagbag.py:587} INFO - Filling up the DagBag from /home/user/.local/lib/python3.10/site-packages/airflow/example_dags/tutorial_dag.py
[2024-08-22T10:57:14.058+0700] {processor.py:925} INFO - DAG(s) 'tutorial_dag' retrieved from /home/user/.local/lib/python3.10/site-packages/airflow/example_dags/tutorial_dag.py
[2024-08-22T10:57:14.072+0700] {logging_mixin.py:190} INFO - [2024-08-22T10:57:14.072+0700] {dag.py:3211} INFO - Sync 1 DAGs
[2024-08-22T10:57:14.083+0700] {logging_mixin.py:190} INFO - [2024-08-22T10:57:14.082+0700] {dag.py:4138} INFO - Setting next_dagrun for tutorial_dag to None, run_after=None
[2024-08-22T10:57:14.106+0700] {processor.py:208} INFO - Processing /home/user/.local/lib/python3.10/site-packages/airflow/example_dags/tutorial_dag.py took 0.065 seconds
[2024-08-22T10:58:14.333+0700] {processor.py:186} INFO - Started process (PID=22834) to work on /home/user/.local/lib/python3.10/site-packages/airflow/example_dags/tutorial_dag.py
[2024-08-22T10:58:14.334+0700] {processor.py:914} INFO - Processing file /home/user/.local/lib/python3.10/site-packages/airflow/example_dags/tutorial_dag.py for tasks to queue
[2024-08-22T10:58:14.337+0700] {logging_mixin.py:190} INFO - [2024-08-22T10:58:14.336+0700] {dagbag.py:587} INFO - Filling up the DagBag from /home/user/.local/lib/python3.10/site-packages/airflow/example_dags/tutorial_dag.py
[2024-08-22T10:58:14.344+0700] {processor.py:925} INFO - DAG(s) 'tutorial_dag' retrieved from /home/user/.local/lib/python3.10/site-packages/airflow/example_dags/tutorial_dag.py
[2024-08-22T10:58:14.362+0700] {logging_mixin.py:190} INFO - [2024-08-22T10:58:14.362+0700] {dag.py:3211} INFO - Sync 1 DAGs
[2024-08-22T10:58:14.380+0700] {logging_mixin.py:190} INFO - [2024-08-22T10:58:14.380+0700] {dag.py:4138} INFO - Setting next_dagrun for tutorial_dag to None, run_after=None
[2024-08-22T10:58:14.400+0700] {processor.py:208} INFO - Processing /home/user/.local/lib/python3.10/site-packages/airflow/example_dags/tutorial_dag.py took 0.072 seconds
[2024-08-22T10:59:24.338+0700] {processor.py:186} INFO - Started process (PID=23536) to work on /home/user/.local/lib/python3.10/site-packages/airflow/example_dags/tutorial_dag.py
[2024-08-22T10:59:24.340+0700] {processor.py:914} INFO - Processing file /home/user/.local/lib/python3.10/site-packages/airflow/example_dags/tutorial_dag.py for tasks to queue
[2024-08-22T10:59:24.342+0700] {logging_mixin.py:190} INFO - [2024-08-22T10:59:24.342+0700] {dagbag.py:587} INFO - Filling up the DagBag from /home/user/.local/lib/python3.10/site-packages/airflow/example_dags/tutorial_dag.py
[2024-08-22T10:59:24.350+0700] {processor.py:925} INFO - DAG(s) 'tutorial_dag' retrieved from /home/user/.local/lib/python3.10/site-packages/airflow/example_dags/tutorial_dag.py
[2024-08-22T10:59:24.367+0700] {logging_mixin.py:190} INFO - [2024-08-22T10:59:24.366+0700] {dag.py:3211} INFO - Sync 1 DAGs
[2024-08-22T10:59:24.378+0700] {logging_mixin.py:190} INFO - [2024-08-22T10:59:24.377+0700] {dag.py:4138} INFO - Setting next_dagrun for tutorial_dag to None, run_after=None
[2024-08-22T10:59:24.401+0700] {processor.py:208} INFO - Processing /home/user/.local/lib/python3.10/site-packages/airflow/example_dags/tutorial_dag.py took 0.068 seconds
[2024-08-22T11:00:22.506+0700] {processor.py:186} INFO - Started process (PID=24028) to work on /home/user/.local/lib/python3.10/site-packages/airflow/example_dags/tutorial_dag.py
[2024-08-22T11:00:22.508+0700] {processor.py:914} INFO - Processing file /home/user/.local/lib/python3.10/site-packages/airflow/example_dags/tutorial_dag.py for tasks to queue
[2024-08-22T11:00:22.511+0700] {logging_mixin.py:190} INFO - [2024-08-22T11:00:22.510+0700] {dagbag.py:587} INFO - Filling up the DagBag from /home/user/.local/lib/python3.10/site-packages/airflow/example_dags/tutorial_dag.py
[2024-08-22T11:00:22.520+0700] {processor.py:925} INFO - DAG(s) 'tutorial_dag' retrieved from /home/user/.local/lib/python3.10/site-packages/airflow/example_dags/tutorial_dag.py
[2024-08-22T11:00:22.537+0700] {logging_mixin.py:190} INFO - [2024-08-22T11:00:22.537+0700] {dag.py:3211} INFO - Sync 1 DAGs
[2024-08-22T11:00:22.550+0700] {logging_mixin.py:190} INFO - [2024-08-22T11:00:22.550+0700] {dag.py:4138} INFO - Setting next_dagrun for tutorial_dag to None, run_after=None
[2024-08-22T11:00:22.578+0700] {processor.py:208} INFO - Processing /home/user/.local/lib/python3.10/site-packages/airflow/example_dags/tutorial_dag.py took 0.082 seconds
[2024-08-22T11:01:18.170+0700] {processor.py:186} INFO - Started process (PID=24465) to work on /home/user/.local/lib/python3.10/site-packages/airflow/example_dags/tutorial_dag.py
[2024-08-22T11:01:18.171+0700] {processor.py:914} INFO - Processing file /home/user/.local/lib/python3.10/site-packages/airflow/example_dags/tutorial_dag.py for tasks to queue
[2024-08-22T11:01:18.174+0700] {logging_mixin.py:190} INFO - [2024-08-22T11:01:18.173+0700] {dagbag.py:587} INFO - Filling up the DagBag from /home/user/.local/lib/python3.10/site-packages/airflow/example_dags/tutorial_dag.py
[2024-08-22T11:01:18.181+0700] {processor.py:925} INFO - DAG(s) 'tutorial_dag' retrieved from /home/user/.local/lib/python3.10/site-packages/airflow/example_dags/tutorial_dag.py
[2024-08-22T11:01:18.196+0700] {logging_mixin.py:190} INFO - [2024-08-22T11:01:18.195+0700] {dag.py:3211} INFO - Sync 1 DAGs
[2024-08-22T11:01:18.206+0700] {logging_mixin.py:190} INFO - [2024-08-22T11:01:18.206+0700] {dag.py:4138} INFO - Setting next_dagrun for tutorial_dag to None, run_after=None
[2024-08-22T11:01:18.226+0700] {processor.py:208} INFO - Processing /home/user/.local/lib/python3.10/site-packages/airflow/example_dags/tutorial_dag.py took 0.062 seconds
[2024-08-22T11:02:19.913+0700] {processor.py:186} INFO - Started process (PID=24959) to work on /home/user/.local/lib/python3.10/site-packages/airflow/example_dags/tutorial_dag.py
[2024-08-22T11:02:19.914+0700] {processor.py:914} INFO - Processing file /home/user/.local/lib/python3.10/site-packages/airflow/example_dags/tutorial_dag.py for tasks to queue
[2024-08-22T11:02:19.916+0700] {logging_mixin.py:190} INFO - [2024-08-22T11:02:19.915+0700] {dagbag.py:587} INFO - Filling up the DagBag from /home/user/.local/lib/python3.10/site-packages/airflow/example_dags/tutorial_dag.py
[2024-08-22T11:02:19.922+0700] {processor.py:925} INFO - DAG(s) 'tutorial_dag' retrieved from /home/user/.local/lib/python3.10/site-packages/airflow/example_dags/tutorial_dag.py
[2024-08-22T11:02:19.935+0700] {logging_mixin.py:190} INFO - [2024-08-22T11:02:19.935+0700] {dag.py:3211} INFO - Sync 1 DAGs
[2024-08-22T11:02:19.945+0700] {logging_mixin.py:190} INFO - [2024-08-22T11:02:19.944+0700] {dag.py:4138} INFO - Setting next_dagrun for tutorial_dag to None, run_after=None
[2024-08-22T11:02:19.963+0700] {processor.py:208} INFO - Processing /home/user/.local/lib/python3.10/site-packages/airflow/example_dags/tutorial_dag.py took 0.055 seconds
[2024-08-22T11:03:21.723+0700] {processor.py:186} INFO - Started process (PID=25556) to work on /home/user/.local/lib/python3.10/site-packages/airflow/example_dags/tutorial_dag.py
[2024-08-22T11:03:21.725+0700] {processor.py:914} INFO - Processing file /home/user/.local/lib/python3.10/site-packages/airflow/example_dags/tutorial_dag.py for tasks to queue
[2024-08-22T11:03:21.727+0700] {logging_mixin.py:190} INFO - [2024-08-22T11:03:21.727+0700] {dagbag.py:587} INFO - Filling up the DagBag from /home/user/.local/lib/python3.10/site-packages/airflow/example_dags/tutorial_dag.py
[2024-08-22T11:03:21.734+0700] {processor.py:925} INFO - DAG(s) 'tutorial_dag' retrieved from /home/user/.local/lib/python3.10/site-packages/airflow/example_dags/tutorial_dag.py
[2024-08-22T11:03:21.748+0700] {logging_mixin.py:190} INFO - [2024-08-22T11:03:21.748+0700] {dag.py:3211} INFO - Sync 1 DAGs
[2024-08-22T11:03:21.755+0700] {logging_mixin.py:190} INFO - [2024-08-22T11:03:21.755+0700] {dag.py:4138} INFO - Setting next_dagrun for tutorial_dag to None, run_after=None
[2024-08-22T11:03:21.774+0700] {processor.py:208} INFO - Processing /home/user/.local/lib/python3.10/site-packages/airflow/example_dags/tutorial_dag.py took 0.055 seconds
[2024-08-22T11:04:19.433+0700] {processor.py:186} INFO - Started process (PID=26098) to work on /home/user/.local/lib/python3.10/site-packages/airflow/example_dags/tutorial_dag.py
[2024-08-22T11:04:19.434+0700] {processor.py:914} INFO - Processing file /home/user/.local/lib/python3.10/site-packages/airflow/example_dags/tutorial_dag.py for tasks to queue
[2024-08-22T11:04:19.437+0700] {logging_mixin.py:190} INFO - [2024-08-22T11:04:19.437+0700] {dagbag.py:587} INFO - Filling up the DagBag from /home/user/.local/lib/python3.10/site-packages/airflow/example_dags/tutorial_dag.py
[2024-08-22T11:04:19.444+0700] {processor.py:925} INFO - DAG(s) 'tutorial_dag' retrieved from /home/user/.local/lib/python3.10/site-packages/airflow/example_dags/tutorial_dag.py
[2024-08-22T11:04:19.459+0700] {logging_mixin.py:190} INFO - [2024-08-22T11:04:19.458+0700] {dag.py:3211} INFO - Sync 1 DAGs
[2024-08-22T11:04:19.468+0700] {logging_mixin.py:190} INFO - [2024-08-22T11:04:19.468+0700] {dag.py:4138} INFO - Setting next_dagrun for tutorial_dag to None, run_after=None
[2024-08-22T11:04:19.486+0700] {processor.py:208} INFO - Processing /home/user/.local/lib/python3.10/site-packages/airflow/example_dags/tutorial_dag.py took 0.060 seconds
[2024-08-22T11:05:04.055+0700] {processor.py:186} INFO - Started process (PID=26403) to work on /home/user/.local/lib/python3.10/site-packages/airflow/example_dags/tutorial_dag.py
[2024-08-22T11:05:04.057+0700] {processor.py:914} INFO - Processing file /home/user/.local/lib/python3.10/site-packages/airflow/example_dags/tutorial_dag.py for tasks to queue
[2024-08-22T11:05:04.060+0700] {logging_mixin.py:190} INFO - [2024-08-22T11:05:04.059+0700] {dagbag.py:587} INFO - Filling up the DagBag from /home/user/.local/lib/python3.10/site-packages/airflow/example_dags/tutorial_dag.py
[2024-08-22T11:05:04.069+0700] {processor.py:925} INFO - DAG(s) 'tutorial_dag' retrieved from /home/user/.local/lib/python3.10/site-packages/airflow/example_dags/tutorial_dag.py
[2024-08-22T11:05:04.085+0700] {logging_mixin.py:190} INFO - [2024-08-22T11:05:04.085+0700] {dag.py:3211} INFO - Sync 1 DAGs
[2024-08-22T11:05:04.093+0700] {logging_mixin.py:190} INFO - [2024-08-22T11:05:04.093+0700] {dag.py:4138} INFO - Setting next_dagrun for tutorial_dag to None, run_after=None
[2024-08-22T11:05:04.123+0700] {processor.py:208} INFO - Processing /home/user/.local/lib/python3.10/site-packages/airflow/example_dags/tutorial_dag.py took 0.076 seconds
[2024-08-22T11:06:04.298+0700] {processor.py:186} INFO - Started process (PID=26776) to work on /home/user/.local/lib/python3.10/site-packages/airflow/example_dags/tutorial_dag.py
[2024-08-22T11:06:04.300+0700] {processor.py:914} INFO - Processing file /home/user/.local/lib/python3.10/site-packages/airflow/example_dags/tutorial_dag.py for tasks to queue
[2024-08-22T11:06:04.303+0700] {logging_mixin.py:190} INFO - [2024-08-22T11:06:04.302+0700] {dagbag.py:587} INFO - Filling up the DagBag from /home/user/.local/lib/python3.10/site-packages/airflow/example_dags/tutorial_dag.py
[2024-08-22T11:06:04.316+0700] {processor.py:925} INFO - DAG(s) 'tutorial_dag' retrieved from /home/user/.local/lib/python3.10/site-packages/airflow/example_dags/tutorial_dag.py
[2024-08-22T11:06:04.337+0700] {logging_mixin.py:190} INFO - [2024-08-22T11:06:04.337+0700] {dag.py:3211} INFO - Sync 1 DAGs
[2024-08-22T11:06:04.347+0700] {logging_mixin.py:190} INFO - [2024-08-22T11:06:04.347+0700] {dag.py:4138} INFO - Setting next_dagrun for tutorial_dag to None, run_after=None
[2024-08-22T11:06:04.372+0700] {processor.py:208} INFO - Processing /home/user/.local/lib/python3.10/site-packages/airflow/example_dags/tutorial_dag.py took 0.080 seconds
[2024-08-22T11:07:01.013+0700] {processor.py:186} INFO - Started process (PID=27215) to work on /home/user/.local/lib/python3.10/site-packages/airflow/example_dags/tutorial_dag.py
[2024-08-22T11:07:01.014+0700] {processor.py:914} INFO - Processing file /home/user/.local/lib/python3.10/site-packages/airflow/example_dags/tutorial_dag.py for tasks to queue
[2024-08-22T11:07:01.016+0700] {logging_mixin.py:190} INFO - [2024-08-22T11:07:01.016+0700] {dagbag.py:587} INFO - Filling up the DagBag from /home/user/.local/lib/python3.10/site-packages/airflow/example_dags/tutorial_dag.py
[2024-08-22T11:07:01.024+0700] {processor.py:925} INFO - DAG(s) 'tutorial_dag' retrieved from /home/user/.local/lib/python3.10/site-packages/airflow/example_dags/tutorial_dag.py
[2024-08-22T11:07:01.042+0700] {logging_mixin.py:190} INFO - [2024-08-22T11:07:01.042+0700] {dag.py:3211} INFO - Sync 1 DAGs
[2024-08-22T11:07:01.051+0700] {logging_mixin.py:190} INFO - [2024-08-22T11:07:01.051+0700] {dag.py:4138} INFO - Setting next_dagrun for tutorial_dag to None, run_after=None
[2024-08-22T11:07:01.074+0700] {processor.py:208} INFO - Processing /home/user/.local/lib/python3.10/site-packages/airflow/example_dags/tutorial_dag.py took 0.067 seconds
[2024-08-22T11:08:10.513+0700] {processor.py:186} INFO - Started process (PID=27766) to work on /home/user/.local/lib/python3.10/site-packages/airflow/example_dags/tutorial_dag.py
[2024-08-22T11:08:10.514+0700] {processor.py:914} INFO - Processing file /home/user/.local/lib/python3.10/site-packages/airflow/example_dags/tutorial_dag.py for tasks to queue
[2024-08-22T11:08:10.516+0700] {logging_mixin.py:190} INFO - [2024-08-22T11:08:10.515+0700] {dagbag.py:587} INFO - Filling up the DagBag from /home/user/.local/lib/python3.10/site-packages/airflow/example_dags/tutorial_dag.py
[2024-08-22T11:08:10.528+0700] {processor.py:925} INFO - DAG(s) 'tutorial_dag' retrieved from /home/user/.local/lib/python3.10/site-packages/airflow/example_dags/tutorial_dag.py
[2024-08-22T11:08:10.544+0700] {logging_mixin.py:190} INFO - [2024-08-22T11:08:10.543+0700] {dag.py:3211} INFO - Sync 1 DAGs
[2024-08-22T11:08:10.553+0700] {logging_mixin.py:190} INFO - [2024-08-22T11:08:10.553+0700] {dag.py:4138} INFO - Setting next_dagrun for tutorial_dag to None, run_after=None
[2024-08-22T11:08:10.572+0700] {processor.py:208} INFO - Processing /home/user/.local/lib/python3.10/site-packages/airflow/example_dags/tutorial_dag.py took 0.066 seconds
[2024-08-22T11:09:07.639+0700] {processor.py:186} INFO - Started process (PID=28213) to work on /home/user/.local/lib/python3.10/site-packages/airflow/example_dags/tutorial_dag.py
[2024-08-22T11:09:07.640+0700] {processor.py:914} INFO - Processing file /home/user/.local/lib/python3.10/site-packages/airflow/example_dags/tutorial_dag.py for tasks to queue
[2024-08-22T11:09:07.642+0700] {logging_mixin.py:190} INFO - [2024-08-22T11:09:07.642+0700] {dagbag.py:587} INFO - Filling up the DagBag from /home/user/.local/lib/python3.10/site-packages/airflow/example_dags/tutorial_dag.py
[2024-08-22T11:09:07.649+0700] {processor.py:925} INFO - DAG(s) 'tutorial_dag' retrieved from /home/user/.local/lib/python3.10/site-packages/airflow/example_dags/tutorial_dag.py
[2024-08-22T11:09:07.663+0700] {logging_mixin.py:190} INFO - [2024-08-22T11:09:07.663+0700] {dag.py:3211} INFO - Sync 1 DAGs
[2024-08-22T11:09:07.671+0700] {logging_mixin.py:190} INFO - [2024-08-22T11:09:07.671+0700] {dag.py:4138} INFO - Setting next_dagrun for tutorial_dag to None, run_after=None
[2024-08-22T11:09:07.692+0700] {processor.py:208} INFO - Processing /home/user/.local/lib/python3.10/site-packages/airflow/example_dags/tutorial_dag.py took 0.058 seconds
[2024-08-22T11:10:03.582+0700] {processor.py:186} INFO - Started process (PID=28650) to work on /home/user/.local/lib/python3.10/site-packages/airflow/example_dags/tutorial_dag.py
[2024-08-22T11:10:03.583+0700] {processor.py:914} INFO - Processing file /home/user/.local/lib/python3.10/site-packages/airflow/example_dags/tutorial_dag.py for tasks to queue
[2024-08-22T11:10:03.585+0700] {logging_mixin.py:190} INFO - [2024-08-22T11:10:03.584+0700] {dagbag.py:587} INFO - Filling up the DagBag from /home/user/.local/lib/python3.10/site-packages/airflow/example_dags/tutorial_dag.py
[2024-08-22T11:10:03.591+0700] {processor.py:925} INFO - DAG(s) 'tutorial_dag' retrieved from /home/user/.local/lib/python3.10/site-packages/airflow/example_dags/tutorial_dag.py
[2024-08-22T11:10:03.604+0700] {logging_mixin.py:190} INFO - [2024-08-22T11:10:03.604+0700] {dag.py:3211} INFO - Sync 1 DAGs
[2024-08-22T11:10:03.613+0700] {logging_mixin.py:190} INFO - [2024-08-22T11:10:03.613+0700] {dag.py:4138} INFO - Setting next_dagrun for tutorial_dag to None, run_after=None
[2024-08-22T11:10:03.634+0700] {processor.py:208} INFO - Processing /home/user/.local/lib/python3.10/site-packages/airflow/example_dags/tutorial_dag.py took 0.057 seconds
[2024-08-22T11:10:56.335+0700] {processor.py:186} INFO - Started process (PID=29060) to work on /home/user/.local/lib/python3.10/site-packages/airflow/example_dags/tutorial_dag.py
[2024-08-22T11:10:56.337+0700] {processor.py:914} INFO - Processing file /home/user/.local/lib/python3.10/site-packages/airflow/example_dags/tutorial_dag.py for tasks to queue
[2024-08-22T11:10:56.339+0700] {logging_mixin.py:190} INFO - [2024-08-22T11:10:56.339+0700] {dagbag.py:587} INFO - Filling up the DagBag from /home/user/.local/lib/python3.10/site-packages/airflow/example_dags/tutorial_dag.py
[2024-08-22T11:10:56.347+0700] {processor.py:925} INFO - DAG(s) 'tutorial_dag' retrieved from /home/user/.local/lib/python3.10/site-packages/airflow/example_dags/tutorial_dag.py
[2024-08-22T11:10:56.362+0700] {logging_mixin.py:190} INFO - [2024-08-22T11:10:56.361+0700] {dag.py:3211} INFO - Sync 1 DAGs
[2024-08-22T11:10:56.371+0700] {logging_mixin.py:190} INFO - [2024-08-22T11:10:56.371+0700] {dag.py:4138} INFO - Setting next_dagrun for tutorial_dag to None, run_after=None
[2024-08-22T11:10:56.389+0700] {processor.py:208} INFO - Processing /home/user/.local/lib/python3.10/site-packages/airflow/example_dags/tutorial_dag.py took 0.059 seconds
[2024-08-22T11:12:15.253+0700] {processor.py:186} INFO - Started process (PID=29809) to work on /home/user/.local/lib/python3.10/site-packages/airflow/example_dags/tutorial_dag.py
[2024-08-22T11:12:15.254+0700] {processor.py:914} INFO - Processing file /home/user/.local/lib/python3.10/site-packages/airflow/example_dags/tutorial_dag.py for tasks to queue
[2024-08-22T11:12:15.255+0700] {logging_mixin.py:190} INFO - [2024-08-22T11:12:15.255+0700] {dagbag.py:587} INFO - Filling up the DagBag from /home/user/.local/lib/python3.10/site-packages/airflow/example_dags/tutorial_dag.py
[2024-08-22T11:12:15.262+0700] {processor.py:925} INFO - DAG(s) 'tutorial_dag' retrieved from /home/user/.local/lib/python3.10/site-packages/airflow/example_dags/tutorial_dag.py
[2024-08-22T11:12:15.350+0700] {logging_mixin.py:190} INFO - [2024-08-22T11:12:15.350+0700] {override.py:1858} INFO - Created Permission View: can read on DAG:tutorial_dag
[2024-08-22T11:12:15.365+0700] {logging_mixin.py:190} INFO - [2024-08-22T11:12:15.364+0700] {override.py:1858} INFO - Created Permission View: can edit on DAG:tutorial_dag
[2024-08-22T11:12:15.375+0700] {logging_mixin.py:190} INFO - [2024-08-22T11:12:15.374+0700] {override.py:1858} INFO - Created Permission View: can delete on DAG:tutorial_dag
[2024-08-22T11:12:15.375+0700] {logging_mixin.py:190} INFO - [2024-08-22T11:12:15.375+0700] {dag.py:3211} INFO - Sync 1 DAGs
[2024-08-22T11:12:15.384+0700] {logging_mixin.py:190} INFO - [2024-08-22T11:12:15.384+0700] {dag.py:3234} INFO - Creating ORM DAG for tutorial_dag
[2024-08-22T11:12:15.384+0700] {logging_mixin.py:190} INFO - [2024-08-22T11:12:15.384+0700] {dag.py:4138} INFO - Setting next_dagrun for tutorial_dag to None, run_after=None
[2024-08-22T11:12:15.403+0700] {processor.py:208} INFO - Processing /home/user/.local/lib/python3.10/site-packages/airflow/example_dags/tutorial_dag.py took 0.154 seconds
[2024-08-22T11:13:17.686+0700] {processor.py:186} INFO - Started process (PID=30304) to work on /home/user/.local/lib/python3.10/site-packages/airflow/example_dags/tutorial_dag.py
[2024-08-22T11:13:17.687+0700] {processor.py:914} INFO - Processing file /home/user/.local/lib/python3.10/site-packages/airflow/example_dags/tutorial_dag.py for tasks to queue
[2024-08-22T11:13:17.688+0700] {logging_mixin.py:190} INFO - [2024-08-22T11:13:17.688+0700] {dagbag.py:587} INFO - Filling up the DagBag from /home/user/.local/lib/python3.10/site-packages/airflow/example_dags/tutorial_dag.py
[2024-08-22T11:13:17.696+0700] {processor.py:925} INFO - DAG(s) 'tutorial_dag' retrieved from /home/user/.local/lib/python3.10/site-packages/airflow/example_dags/tutorial_dag.py
[2024-08-22T11:13:17.712+0700] {logging_mixin.py:190} INFO - [2024-08-22T11:13:17.712+0700] {dag.py:3211} INFO - Sync 1 DAGs
[2024-08-22T11:13:17.724+0700] {logging_mixin.py:190} INFO - [2024-08-22T11:13:17.724+0700] {dag.py:4138} INFO - Setting next_dagrun for tutorial_dag to None, run_after=None
[2024-08-22T11:13:17.747+0700] {processor.py:208} INFO - Processing /home/user/.local/lib/python3.10/site-packages/airflow/example_dags/tutorial_dag.py took 0.067 seconds
[2024-08-22T11:13:42.929+0700] {processor.py:186} INFO - Started process (PID=30509) to work on /home/user/.local/lib/python3.10/site-packages/airflow/example_dags/tutorial_dag.py
[2024-08-22T11:13:42.930+0700] {processor.py:914} INFO - Processing file /home/user/.local/lib/python3.10/site-packages/airflow/example_dags/tutorial_dag.py for tasks to queue
[2024-08-22T11:13:42.933+0700] {logging_mixin.py:190} INFO - [2024-08-22T11:13:42.932+0700] {dagbag.py:587} INFO - Filling up the DagBag from /home/user/.local/lib/python3.10/site-packages/airflow/example_dags/tutorial_dag.py
[2024-08-22T11:13:42.939+0700] {processor.py:925} INFO - DAG(s) 'tutorial_dag' retrieved from /home/user/.local/lib/python3.10/site-packages/airflow/example_dags/tutorial_dag.py
[2024-08-22T11:13:42.956+0700] {logging_mixin.py:190} INFO - [2024-08-22T11:13:42.955+0700] {dag.py:3211} INFO - Sync 1 DAGs
[2024-08-22T11:13:42.965+0700] {logging_mixin.py:190} INFO - [2024-08-22T11:13:42.965+0700] {dag.py:4138} INFO - Setting next_dagrun for tutorial_dag to None, run_after=None
[2024-08-22T11:13:42.984+0700] {processor.py:208} INFO - Processing /home/user/.local/lib/python3.10/site-packages/airflow/example_dags/tutorial_dag.py took 0.061 seconds
[2024-08-22T11:14:42.280+0700] {processor.py:186} INFO - Started process (PID=30982) to work on /home/user/.local/lib/python3.10/site-packages/airflow/example_dags/tutorial_dag.py
[2024-08-22T11:14:42.282+0700] {processor.py:914} INFO - Processing file /home/user/.local/lib/python3.10/site-packages/airflow/example_dags/tutorial_dag.py for tasks to queue
[2024-08-22T11:14:42.284+0700] {logging_mixin.py:190} INFO - [2024-08-22T11:14:42.284+0700] {dagbag.py:587} INFO - Filling up the DagBag from /home/user/.local/lib/python3.10/site-packages/airflow/example_dags/tutorial_dag.py
[2024-08-22T11:14:42.292+0700] {processor.py:925} INFO - DAG(s) 'tutorial_dag' retrieved from /home/user/.local/lib/python3.10/site-packages/airflow/example_dags/tutorial_dag.py
[2024-08-22T11:14:42.305+0700] {logging_mixin.py:190} INFO - [2024-08-22T11:14:42.305+0700] {dag.py:3211} INFO - Sync 1 DAGs
[2024-08-22T11:14:42.313+0700] {logging_mixin.py:190} INFO - [2024-08-22T11:14:42.313+0700] {dag.py:4138} INFO - Setting next_dagrun for tutorial_dag to None, run_after=None
[2024-08-22T11:14:42.334+0700] {processor.py:208} INFO - Processing /home/user/.local/lib/python3.10/site-packages/airflow/example_dags/tutorial_dag.py took 0.061 seconds
[2024-08-22T11:15:39.389+0700] {processor.py:186} INFO - Started process (PID=31429) to work on /home/user/.local/lib/python3.10/site-packages/airflow/example_dags/tutorial_dag.py
[2024-08-22T11:15:39.390+0700] {processor.py:914} INFO - Processing file /home/user/.local/lib/python3.10/site-packages/airflow/example_dags/tutorial_dag.py for tasks to queue
[2024-08-22T11:15:39.392+0700] {logging_mixin.py:190} INFO - [2024-08-22T11:15:39.392+0700] {dagbag.py:587} INFO - Filling up the DagBag from /home/user/.local/lib/python3.10/site-packages/airflow/example_dags/tutorial_dag.py
[2024-08-22T11:15:39.400+0700] {processor.py:925} INFO - DAG(s) 'tutorial_dag' retrieved from /home/user/.local/lib/python3.10/site-packages/airflow/example_dags/tutorial_dag.py
[2024-08-22T11:15:39.416+0700] {logging_mixin.py:190} INFO - [2024-08-22T11:15:39.416+0700] {dag.py:3211} INFO - Sync 1 DAGs
[2024-08-22T11:15:39.427+0700] {logging_mixin.py:190} INFO - [2024-08-22T11:15:39.427+0700] {dag.py:4138} INFO - Setting next_dagrun for tutorial_dag to None, run_after=None
[2024-08-22T11:15:39.445+0700] {processor.py:208} INFO - Processing /home/user/.local/lib/python3.10/site-packages/airflow/example_dags/tutorial_dag.py took 0.062 seconds
[2024-08-22T11:16:35.478+0700] {processor.py:186} INFO - Started process (PID=31917) to work on /home/user/.local/lib/python3.10/site-packages/airflow/example_dags/tutorial_dag.py
[2024-08-22T11:16:35.479+0700] {processor.py:914} INFO - Processing file /home/user/.local/lib/python3.10/site-packages/airflow/example_dags/tutorial_dag.py for tasks to queue
[2024-08-22T11:16:35.481+0700] {logging_mixin.py:190} INFO - [2024-08-22T11:16:35.480+0700] {dagbag.py:587} INFO - Filling up the DagBag from /home/user/.local/lib/python3.10/site-packages/airflow/example_dags/tutorial_dag.py
[2024-08-22T11:16:35.487+0700] {processor.py:925} INFO - DAG(s) 'tutorial_dag' retrieved from /home/user/.local/lib/python3.10/site-packages/airflow/example_dags/tutorial_dag.py
[2024-08-22T11:16:35.499+0700] {logging_mixin.py:190} INFO - [2024-08-22T11:16:35.499+0700] {dag.py:3211} INFO - Sync 1 DAGs
[2024-08-22T11:16:35.510+0700] {logging_mixin.py:190} INFO - [2024-08-22T11:16:35.510+0700] {dag.py:4138} INFO - Setting next_dagrun for tutorial_dag to None, run_after=None
[2024-08-22T11:16:35.528+0700] {processor.py:208} INFO - Processing /home/user/.local/lib/python3.10/site-packages/airflow/example_dags/tutorial_dag.py took 0.056 seconds
[2024-08-22T11:16:47.447+0700] {processor.py:186} INFO - Started process (PID=32031) to work on /home/user/.local/lib/python3.10/site-packages/airflow/example_dags/tutorial_dag.py
[2024-08-22T11:16:47.448+0700] {processor.py:914} INFO - Processing file /home/user/.local/lib/python3.10/site-packages/airflow/example_dags/tutorial_dag.py for tasks to queue
[2024-08-22T11:16:47.451+0700] {logging_mixin.py:190} INFO - [2024-08-22T11:16:47.450+0700] {dagbag.py:587} INFO - Filling up the DagBag from /home/user/.local/lib/python3.10/site-packages/airflow/example_dags/tutorial_dag.py
[2024-08-22T11:16:47.462+0700] {processor.py:925} INFO - DAG(s) 'tutorial_dag' retrieved from /home/user/.local/lib/python3.10/site-packages/airflow/example_dags/tutorial_dag.py
[2024-08-22T11:16:47.481+0700] {logging_mixin.py:190} INFO - [2024-08-22T11:16:47.480+0700] {dag.py:3211} INFO - Sync 1 DAGs
[2024-08-22T11:16:47.492+0700] {logging_mixin.py:190} INFO - [2024-08-22T11:16:47.491+0700] {dag.py:4138} INFO - Setting next_dagrun for tutorial_dag to None, run_after=None
[2024-08-22T11:16:47.525+0700] {processor.py:208} INFO - Processing /home/user/.local/lib/python3.10/site-packages/airflow/example_dags/tutorial_dag.py took 0.092 seconds
[2024-08-22T11:17:12.470+0700] {processor.py:186} INFO - Started process (PID=32163) to work on /home/user/.local/lib/python3.10/site-packages/airflow/example_dags/tutorial_dag.py
[2024-08-22T11:17:12.472+0700] {processor.py:914} INFO - Processing file /home/user/.local/lib/python3.10/site-packages/airflow/example_dags/tutorial_dag.py for tasks to queue
[2024-08-22T11:17:12.474+0700] {logging_mixin.py:190} INFO - [2024-08-22T11:17:12.474+0700] {dagbag.py:587} INFO - Filling up the DagBag from /home/user/.local/lib/python3.10/site-packages/airflow/example_dags/tutorial_dag.py
[2024-08-22T11:17:12.480+0700] {processor.py:925} INFO - DAG(s) 'tutorial_dag' retrieved from /home/user/.local/lib/python3.10/site-packages/airflow/example_dags/tutorial_dag.py
[2024-08-22T11:17:12.495+0700] {logging_mixin.py:190} INFO - [2024-08-22T11:17:12.495+0700] {dag.py:3211} INFO - Sync 1 DAGs
[2024-08-22T11:17:12.504+0700] {logging_mixin.py:190} INFO - [2024-08-22T11:17:12.503+0700] {dag.py:4138} INFO - Setting next_dagrun for tutorial_dag to None, run_after=None
[2024-08-22T11:17:12.530+0700] {processor.py:208} INFO - Processing /home/user/.local/lib/python3.10/site-packages/airflow/example_dags/tutorial_dag.py took 0.065 seconds
[2024-08-22T11:18:11.446+0700] {processor.py:186} INFO - Started process (PID=32656) to work on /home/user/.local/lib/python3.10/site-packages/airflow/example_dags/tutorial_dag.py
[2024-08-22T11:18:11.447+0700] {processor.py:914} INFO - Processing file /home/user/.local/lib/python3.10/site-packages/airflow/example_dags/tutorial_dag.py for tasks to queue
[2024-08-22T11:18:11.449+0700] {logging_mixin.py:190} INFO - [2024-08-22T11:18:11.449+0700] {dagbag.py:587} INFO - Filling up the DagBag from /home/user/.local/lib/python3.10/site-packages/airflow/example_dags/tutorial_dag.py
[2024-08-22T11:18:11.455+0700] {processor.py:925} INFO - DAG(s) 'tutorial_dag' retrieved from /home/user/.local/lib/python3.10/site-packages/airflow/example_dags/tutorial_dag.py
[2024-08-22T11:18:11.467+0700] {logging_mixin.py:190} INFO - [2024-08-22T11:18:11.467+0700] {dag.py:3211} INFO - Sync 1 DAGs
[2024-08-22T11:18:11.475+0700] {logging_mixin.py:190} INFO - [2024-08-22T11:18:11.475+0700] {dag.py:4138} INFO - Setting next_dagrun for tutorial_dag to None, run_after=None
[2024-08-22T11:18:11.494+0700] {processor.py:208} INFO - Processing /home/user/.local/lib/python3.10/site-packages/airflow/example_dags/tutorial_dag.py took 0.052 seconds
[2024-08-22T11:19:07.225+0700] {processor.py:186} INFO - Started process (PID=33091) to work on /home/user/.local/lib/python3.10/site-packages/airflow/example_dags/tutorial_dag.py
[2024-08-22T11:19:07.227+0700] {processor.py:914} INFO - Processing file /home/user/.local/lib/python3.10/site-packages/airflow/example_dags/tutorial_dag.py for tasks to queue
[2024-08-22T11:19:07.230+0700] {logging_mixin.py:190} INFO - [2024-08-22T11:19:07.229+0700] {dagbag.py:587} INFO - Filling up the DagBag from /home/user/.local/lib/python3.10/site-packages/airflow/example_dags/tutorial_dag.py
[2024-08-22T11:19:07.241+0700] {processor.py:925} INFO - DAG(s) 'tutorial_dag' retrieved from /home/user/.local/lib/python3.10/site-packages/airflow/example_dags/tutorial_dag.py
[2024-08-22T11:19:07.261+0700] {logging_mixin.py:190} INFO - [2024-08-22T11:19:07.261+0700] {dag.py:3211} INFO - Sync 1 DAGs
[2024-08-22T11:19:07.282+0700] {logging_mixin.py:190} INFO - [2024-08-22T11:19:07.281+0700] {dag.py:4138} INFO - Setting next_dagrun for tutorial_dag to None, run_after=None
[2024-08-22T11:19:07.321+0700] {processor.py:208} INFO - Processing /home/user/.local/lib/python3.10/site-packages/airflow/example_dags/tutorial_dag.py took 0.108 seconds
[2024-08-22T11:20:09.262+0700] {processor.py:186} INFO - Started process (PID=33588) to work on /home/user/.local/lib/python3.10/site-packages/airflow/example_dags/tutorial_dag.py
[2024-08-22T11:20:09.264+0700] {processor.py:914} INFO - Processing file /home/user/.local/lib/python3.10/site-packages/airflow/example_dags/tutorial_dag.py for tasks to queue
[2024-08-22T11:20:09.268+0700] {logging_mixin.py:190} INFO - [2024-08-22T11:20:09.267+0700] {dagbag.py:587} INFO - Filling up the DagBag from /home/user/.local/lib/python3.10/site-packages/airflow/example_dags/tutorial_dag.py
[2024-08-22T11:20:09.277+0700] {processor.py:925} INFO - DAG(s) 'tutorial_dag' retrieved from /home/user/.local/lib/python3.10/site-packages/airflow/example_dags/tutorial_dag.py
[2024-08-22T11:20:09.298+0700] {logging_mixin.py:190} INFO - [2024-08-22T11:20:09.298+0700] {dag.py:3211} INFO - Sync 1 DAGs
[2024-08-22T11:20:09.314+0700] {logging_mixin.py:190} INFO - [2024-08-22T11:20:09.313+0700] {dag.py:4138} INFO - Setting next_dagrun for tutorial_dag to None, run_after=None
[2024-08-22T11:20:09.342+0700] {processor.py:208} INFO - Processing /home/user/.local/lib/python3.10/site-packages/airflow/example_dags/tutorial_dag.py took 0.086 seconds
[2024-08-22T11:21:08.479+0700] {processor.py:186} INFO - Started process (PID=34048) to work on /home/user/.local/lib/python3.10/site-packages/airflow/example_dags/tutorial_dag.py
[2024-08-22T11:21:08.481+0700] {processor.py:914} INFO - Processing file /home/user/.local/lib/python3.10/site-packages/airflow/example_dags/tutorial_dag.py for tasks to queue
[2024-08-22T11:21:08.484+0700] {logging_mixin.py:190} INFO - [2024-08-22T11:21:08.483+0700] {dagbag.py:587} INFO - Filling up the DagBag from /home/user/.local/lib/python3.10/site-packages/airflow/example_dags/tutorial_dag.py
[2024-08-22T11:21:08.490+0700] {processor.py:925} INFO - DAG(s) 'tutorial_dag' retrieved from /home/user/.local/lib/python3.10/site-packages/airflow/example_dags/tutorial_dag.py
[2024-08-22T11:21:08.501+0700] {logging_mixin.py:190} INFO - [2024-08-22T11:21:08.501+0700] {dag.py:3211} INFO - Sync 1 DAGs
[2024-08-22T11:21:08.510+0700] {logging_mixin.py:190} INFO - [2024-08-22T11:21:08.510+0700] {dag.py:4138} INFO - Setting next_dagrun for tutorial_dag to None, run_after=None
[2024-08-22T11:21:08.533+0700] {processor.py:208} INFO - Processing /home/user/.local/lib/python3.10/site-packages/airflow/example_dags/tutorial_dag.py took 0.060 seconds
[2024-08-22T11:22:11.044+0700] {processor.py:186} INFO - Started process (PID=34543) to work on /home/user/.local/lib/python3.10/site-packages/airflow/example_dags/tutorial_dag.py
[2024-08-22T11:22:11.046+0700] {processor.py:914} INFO - Processing file /home/user/.local/lib/python3.10/site-packages/airflow/example_dags/tutorial_dag.py for tasks to queue
[2024-08-22T11:22:11.048+0700] {logging_mixin.py:190} INFO - [2024-08-22T11:22:11.048+0700] {dagbag.py:587} INFO - Filling up the DagBag from /home/user/.local/lib/python3.10/site-packages/airflow/example_dags/tutorial_dag.py
[2024-08-22T11:22:11.055+0700] {processor.py:925} INFO - DAG(s) 'tutorial_dag' retrieved from /home/user/.local/lib/python3.10/site-packages/airflow/example_dags/tutorial_dag.py
[2024-08-22T11:22:11.070+0700] {logging_mixin.py:190} INFO - [2024-08-22T11:22:11.069+0700] {dag.py:3211} INFO - Sync 1 DAGs
[2024-08-22T11:22:11.084+0700] {logging_mixin.py:190} INFO - [2024-08-22T11:22:11.084+0700] {dag.py:4138} INFO - Setting next_dagrun for tutorial_dag to None, run_after=None
[2024-08-22T11:22:11.110+0700] {processor.py:208} INFO - Processing /home/user/.local/lib/python3.10/site-packages/airflow/example_dags/tutorial_dag.py took 0.073 seconds
[2024-08-22T11:23:21.441+0700] {processor.py:186} INFO - Started process (PID=35122) to work on /home/user/.local/lib/python3.10/site-packages/airflow/example_dags/tutorial_dag.py
[2024-08-22T11:23:21.442+0700] {processor.py:914} INFO - Processing file /home/user/.local/lib/python3.10/site-packages/airflow/example_dags/tutorial_dag.py for tasks to queue
[2024-08-22T11:23:21.446+0700] {logging_mixin.py:190} INFO - [2024-08-22T11:23:21.445+0700] {dagbag.py:587} INFO - Filling up the DagBag from /home/user/.local/lib/python3.10/site-packages/airflow/example_dags/tutorial_dag.py
[2024-08-22T11:23:21.452+0700] {processor.py:925} INFO - DAG(s) 'tutorial_dag' retrieved from /home/user/.local/lib/python3.10/site-packages/airflow/example_dags/tutorial_dag.py
[2024-08-22T11:23:21.466+0700] {logging_mixin.py:190} INFO - [2024-08-22T11:23:21.466+0700] {dag.py:3211} INFO - Sync 1 DAGs
[2024-08-22T11:23:21.475+0700] {logging_mixin.py:190} INFO - [2024-08-22T11:23:21.475+0700] {dag.py:4138} INFO - Setting next_dagrun for tutorial_dag to None, run_after=None
[2024-08-22T11:23:21.496+0700] {processor.py:208} INFO - Processing /home/user/.local/lib/python3.10/site-packages/airflow/example_dags/tutorial_dag.py took 0.062 seconds
[2024-08-22T11:24:15.827+0700] {processor.py:186} INFO - Started process (PID=35687) to work on /home/user/.local/lib/python3.10/site-packages/airflow/example_dags/tutorial_dag.py
[2024-08-22T11:24:15.829+0700] {processor.py:914} INFO - Processing file /home/user/.local/lib/python3.10/site-packages/airflow/example_dags/tutorial_dag.py for tasks to queue
[2024-08-22T11:24:15.831+0700] {logging_mixin.py:190} INFO - [2024-08-22T11:24:15.831+0700] {dagbag.py:587} INFO - Filling up the DagBag from /home/user/.local/lib/python3.10/site-packages/airflow/example_dags/tutorial_dag.py
[2024-08-22T11:24:15.839+0700] {processor.py:925} INFO - DAG(s) 'tutorial_dag' retrieved from /home/user/.local/lib/python3.10/site-packages/airflow/example_dags/tutorial_dag.py
[2024-08-22T11:24:15.855+0700] {logging_mixin.py:190} INFO - [2024-08-22T11:24:15.855+0700] {dag.py:3211} INFO - Sync 1 DAGs
[2024-08-22T11:24:15.869+0700] {logging_mixin.py:190} INFO - [2024-08-22T11:24:15.868+0700] {dag.py:4138} INFO - Setting next_dagrun for tutorial_dag to None, run_after=None
[2024-08-22T11:24:15.890+0700] {processor.py:208} INFO - Processing /home/user/.local/lib/python3.10/site-packages/airflow/example_dags/tutorial_dag.py took 0.070 seconds
[2024-08-22T11:25:19.534+0700] {processor.py:186} INFO - Started process (PID=36209) to work on /home/user/.local/lib/python3.10/site-packages/airflow/example_dags/tutorial_dag.py
[2024-08-22T11:25:19.536+0700] {processor.py:914} INFO - Processing file /home/user/.local/lib/python3.10/site-packages/airflow/example_dags/tutorial_dag.py for tasks to queue
[2024-08-22T11:25:19.539+0700] {logging_mixin.py:190} INFO - [2024-08-22T11:25:19.538+0700] {dagbag.py:587} INFO - Filling up the DagBag from /home/user/.local/lib/python3.10/site-packages/airflow/example_dags/tutorial_dag.py
[2024-08-22T11:25:19.546+0700] {processor.py:925} INFO - DAG(s) 'tutorial_dag' retrieved from /home/user/.local/lib/python3.10/site-packages/airflow/example_dags/tutorial_dag.py
[2024-08-22T11:25:19.562+0700] {logging_mixin.py:190} INFO - [2024-08-22T11:25:19.562+0700] {dag.py:3211} INFO - Sync 1 DAGs
[2024-08-22T11:25:19.572+0700] {logging_mixin.py:190} INFO - [2024-08-22T11:25:19.572+0700] {dag.py:4138} INFO - Setting next_dagrun for tutorial_dag to None, run_after=None
[2024-08-22T11:25:19.590+0700] {processor.py:208} INFO - Processing /home/user/.local/lib/python3.10/site-packages/airflow/example_dags/tutorial_dag.py took 0.061 seconds
[2024-08-22T11:26:58.041+0700] {processor.py:186} INFO - Started process (PID=37191) to work on /home/user/.local/lib/python3.10/site-packages/airflow/example_dags/tutorial_dag.py
[2024-08-22T11:26:58.043+0700] {processor.py:914} INFO - Processing file /home/user/.local/lib/python3.10/site-packages/airflow/example_dags/tutorial_dag.py for tasks to queue
[2024-08-22T11:26:58.044+0700] {logging_mixin.py:190} INFO - [2024-08-22T11:26:58.044+0700] {dagbag.py:587} INFO - Filling up the DagBag from /home/user/.local/lib/python3.10/site-packages/airflow/example_dags/tutorial_dag.py
[2024-08-22T11:26:58.071+0700] {processor.py:925} INFO - DAG(s) 'tutorial_dag' retrieved from /home/user/.local/lib/python3.10/site-packages/airflow/example_dags/tutorial_dag.py
[2024-08-22T11:26:58.085+0700] {logging_mixin.py:190} INFO - [2024-08-22T11:26:58.085+0700] {dag.py:3211} INFO - Sync 1 DAGs
[2024-08-22T11:26:58.096+0700] {logging_mixin.py:190} INFO - [2024-08-22T11:26:58.096+0700] {dag.py:4138} INFO - Setting next_dagrun for tutorial_dag to None, run_after=None
[2024-08-22T11:26:58.118+0700] {processor.py:208} INFO - Processing /home/user/.local/lib/python3.10/site-packages/airflow/example_dags/tutorial_dag.py took 0.083 seconds
[2024-08-22T11:27:57.646+0700] {processor.py:186} INFO - Started process (PID=37646) to work on /home/user/.local/lib/python3.10/site-packages/airflow/example_dags/tutorial_dag.py
[2024-08-22T11:27:57.648+0700] {processor.py:914} INFO - Processing file /home/user/.local/lib/python3.10/site-packages/airflow/example_dags/tutorial_dag.py for tasks to queue
[2024-08-22T11:27:57.649+0700] {logging_mixin.py:190} INFO - [2024-08-22T11:27:57.649+0700] {dagbag.py:587} INFO - Filling up the DagBag from /home/user/.local/lib/python3.10/site-packages/airflow/example_dags/tutorial_dag.py
[2024-08-22T11:27:57.658+0700] {processor.py:925} INFO - DAG(s) 'tutorial_dag' retrieved from /home/user/.local/lib/python3.10/site-packages/airflow/example_dags/tutorial_dag.py
[2024-08-22T11:27:57.674+0700] {logging_mixin.py:190} INFO - [2024-08-22T11:27:57.674+0700] {dag.py:3211} INFO - Sync 1 DAGs
[2024-08-22T11:27:57.686+0700] {logging_mixin.py:190} INFO - [2024-08-22T11:27:57.686+0700] {dag.py:4138} INFO - Setting next_dagrun for tutorial_dag to None, run_after=None
[2024-08-22T11:27:57.711+0700] {processor.py:208} INFO - Processing /home/user/.local/lib/python3.10/site-packages/airflow/example_dags/tutorial_dag.py took 0.073 seconds
[2024-08-22T11:29:12.179+0700] {processor.py:186} INFO - Started process (PID=38284) to work on /home/user/.local/lib/python3.10/site-packages/airflow/example_dags/tutorial_dag.py
[2024-08-22T11:29:12.180+0700] {processor.py:914} INFO - Processing file /home/user/.local/lib/python3.10/site-packages/airflow/example_dags/tutorial_dag.py for tasks to queue
[2024-08-22T11:29:12.182+0700] {logging_mixin.py:190} INFO - [2024-08-22T11:29:12.181+0700] {dagbag.py:587} INFO - Filling up the DagBag from /home/user/.local/lib/python3.10/site-packages/airflow/example_dags/tutorial_dag.py
[2024-08-22T11:29:12.188+0700] {processor.py:925} INFO - DAG(s) 'tutorial_dag' retrieved from /home/user/.local/lib/python3.10/site-packages/airflow/example_dags/tutorial_dag.py
[2024-08-22T11:29:12.204+0700] {logging_mixin.py:190} INFO - [2024-08-22T11:29:12.204+0700] {dag.py:3211} INFO - Sync 1 DAGs
[2024-08-22T11:29:12.216+0700] {logging_mixin.py:190} INFO - [2024-08-22T11:29:12.215+0700] {dag.py:4138} INFO - Setting next_dagrun for tutorial_dag to None, run_after=None
[2024-08-22T11:29:12.238+0700] {processor.py:208} INFO - Processing /home/user/.local/lib/python3.10/site-packages/airflow/example_dags/tutorial_dag.py took 0.065 seconds
[2024-08-22T11:30:43.862+0700] {processor.py:186} INFO - Started process (PID=38989) to work on /home/user/.local/lib/python3.10/site-packages/airflow/example_dags/tutorial_dag.py
[2024-08-22T11:30:43.863+0700] {processor.py:914} INFO - Processing file /home/user/.local/lib/python3.10/site-packages/airflow/example_dags/tutorial_dag.py for tasks to queue
[2024-08-22T11:30:43.864+0700] {logging_mixin.py:190} INFO - [2024-08-22T11:30:43.864+0700] {dagbag.py:587} INFO - Filling up the DagBag from /home/user/.local/lib/python3.10/site-packages/airflow/example_dags/tutorial_dag.py
[2024-08-22T11:30:43.871+0700] {processor.py:925} INFO - DAG(s) 'tutorial_dag' retrieved from /home/user/.local/lib/python3.10/site-packages/airflow/example_dags/tutorial_dag.py
[2024-08-22T11:30:43.885+0700] {logging_mixin.py:190} INFO - [2024-08-22T11:30:43.885+0700] {dag.py:3211} INFO - Sync 1 DAGs
[2024-08-22T11:30:43.894+0700] {logging_mixin.py:190} INFO - [2024-08-22T11:30:43.894+0700] {dag.py:4138} INFO - Setting next_dagrun for tutorial_dag to None, run_after=None
[2024-08-22T11:30:43.910+0700] {processor.py:208} INFO - Processing /home/user/.local/lib/python3.10/site-packages/airflow/example_dags/tutorial_dag.py took 0.053 seconds
