[2024-08-22T10:42:49.573+0700] {processor.py:186} INFO - Started process (PID=15243) to work on /home/user/.local/lib/python3.10/site-packages/airflow/example_dags/tutorial_objectstorage.py
[2024-08-22T10:42:49.574+0700] {processor.py:914} INFO - Processing file /home/user/.local/lib/python3.10/site-packages/airflow/example_dags/tutorial_objectstorage.py for tasks to queue
[2024-08-22T10:42:49.576+0700] {logging_mixin.py:190} INFO - [2024-08-22T10:42:49.575+0700] {dagbag.py:587} INFO - Filling up the DagBag from /home/user/.local/lib/python3.10/site-packages/airflow/example_dags/tutorial_objectstorage.py
[2024-08-22T10:42:49.583+0700] {processor.py:925} INFO - DAG(s) 'tutorial_objectstorage' retrieved from /home/user/.local/lib/python3.10/site-packages/airflow/example_dags/tutorial_objectstorage.py
[2024-08-22T10:42:49.649+0700] {logging_mixin.py:190} INFO - [2024-08-22T10:42:49.649+0700] {dag.py:3211} INFO - Sync 1 DAGs
[2024-08-22T10:42:49.656+0700] {logging_mixin.py:190} INFO - [2024-08-22T10:42:49.655+0700] {dag.py:4138} INFO - Setting next_dagrun for tutorial_objectstorage to None, run_after=None
[2024-08-22T10:42:49.673+0700] {processor.py:208} INFO - Processing /home/user/.local/lib/python3.10/site-packages/airflow/example_dags/tutorial_objectstorage.py took 0.105 seconds
[2024-08-22T10:43:50.582+0700] {processor.py:186} INFO - Started process (PID=15556) to work on /home/user/.local/lib/python3.10/site-packages/airflow/example_dags/tutorial_objectstorage.py
[2024-08-22T10:43:50.583+0700] {processor.py:914} INFO - Processing file /home/user/.local/lib/python3.10/site-packages/airflow/example_dags/tutorial_objectstorage.py for tasks to queue
[2024-08-22T10:43:50.585+0700] {logging_mixin.py:190} INFO - [2024-08-22T10:43:50.585+0700] {dagbag.py:587} INFO - Filling up the DagBag from /home/user/.local/lib/python3.10/site-packages/airflow/example_dags/tutorial_objectstorage.py
[2024-08-22T10:43:50.596+0700] {processor.py:925} INFO - DAG(s) 'tutorial_objectstorage' retrieved from /home/user/.local/lib/python3.10/site-packages/airflow/example_dags/tutorial_objectstorage.py
[2024-08-22T10:43:50.607+0700] {logging_mixin.py:190} INFO - [2024-08-22T10:43:50.607+0700] {dag.py:3211} INFO - Sync 1 DAGs
[2024-08-22T10:43:50.617+0700] {logging_mixin.py:190} INFO - [2024-08-22T10:43:50.617+0700] {dag.py:4138} INFO - Setting next_dagrun for tutorial_objectstorage to None, run_after=None
[2024-08-22T10:43:50.636+0700] {processor.py:208} INFO - Processing /home/user/.local/lib/python3.10/site-packages/airflow/example_dags/tutorial_objectstorage.py took 0.059 seconds
[2024-08-22T10:47:02.352+0700] {processor.py:186} INFO - Started process (PID=16533) to work on /home/user/.local/lib/python3.10/site-packages/airflow/example_dags/tutorial_objectstorage.py
[2024-08-22T10:47:02.353+0700] {processor.py:914} INFO - Processing file /home/user/.local/lib/python3.10/site-packages/airflow/example_dags/tutorial_objectstorage.py for tasks to queue
[2024-08-22T10:47:02.355+0700] {logging_mixin.py:190} INFO - [2024-08-22T10:47:02.355+0700] {dagbag.py:587} INFO - Filling up the DagBag from /home/user/.local/lib/python3.10/site-packages/airflow/example_dags/tutorial_objectstorage.py
[2024-08-22T10:47:02.378+0700] {processor.py:925} INFO - DAG(s) 'tutorial_objectstorage' retrieved from /home/user/.local/lib/python3.10/site-packages/airflow/example_dags/tutorial_objectstorage.py
[2024-08-22T10:47:02.390+0700] {logging_mixin.py:190} INFO - [2024-08-22T10:47:02.390+0700] {dag.py:3211} INFO - Sync 1 DAGs
[2024-08-22T10:47:02.398+0700] {logging_mixin.py:190} INFO - [2024-08-22T10:47:02.398+0700] {dag.py:4138} INFO - Setting next_dagrun for tutorial_objectstorage to None, run_after=None
[2024-08-22T10:47:02.413+0700] {processor.py:208} INFO - Processing /home/user/.local/lib/python3.10/site-packages/airflow/example_dags/tutorial_objectstorage.py took 0.066 seconds
[2024-08-22T10:53:24.116+0700] {processor.py:186} INFO - Started process (PID=20226) to work on /home/user/.local/lib/python3.10/site-packages/airflow/example_dags/tutorial_objectstorage.py
[2024-08-22T10:53:24.118+0700] {processor.py:914} INFO - Processing file /home/user/.local/lib/python3.10/site-packages/airflow/example_dags/tutorial_objectstorage.py for tasks to queue
[2024-08-22T10:53:24.122+0700] {logging_mixin.py:190} INFO - [2024-08-22T10:53:24.121+0700] {dagbag.py:587} INFO - Filling up the DagBag from /home/user/.local/lib/python3.10/site-packages/airflow/example_dags/tutorial_objectstorage.py
[2024-08-22T10:53:24.175+0700] {processor.py:925} INFO - DAG(s) 'tutorial_objectstorage' retrieved from /home/user/.local/lib/python3.10/site-packages/airflow/example_dags/tutorial_objectstorage.py
[2024-08-22T10:53:24.215+0700] {logging_mixin.py:190} INFO - [2024-08-22T10:53:24.215+0700] {dag.py:3211} INFO - Sync 1 DAGs
[2024-08-22T10:53:24.259+0700] {logging_mixin.py:190} INFO - [2024-08-22T10:53:24.259+0700] {dag.py:4138} INFO - Setting next_dagrun for tutorial_objectstorage to None, run_after=None
[2024-08-22T10:53:24.291+0700] {processor.py:208} INFO - Processing /home/user/.local/lib/python3.10/site-packages/airflow/example_dags/tutorial_objectstorage.py took 0.181 seconds
[2024-08-22T10:56:18.150+0700] {processor.py:186} INFO - Started process (PID=21754) to work on /home/user/.local/lib/python3.10/site-packages/airflow/example_dags/tutorial_objectstorage.py
[2024-08-22T10:56:18.152+0700] {processor.py:914} INFO - Processing file /home/user/.local/lib/python3.10/site-packages/airflow/example_dags/tutorial_objectstorage.py for tasks to queue
[2024-08-22T10:56:18.154+0700] {logging_mixin.py:190} INFO - [2024-08-22T10:56:18.154+0700] {dagbag.py:587} INFO - Filling up the DagBag from /home/user/.local/lib/python3.10/site-packages/airflow/example_dags/tutorial_objectstorage.py
[2024-08-22T10:56:18.168+0700] {processor.py:925} INFO - DAG(s) 'tutorial_objectstorage' retrieved from /home/user/.local/lib/python3.10/site-packages/airflow/example_dags/tutorial_objectstorage.py
[2024-08-22T10:56:18.181+0700] {logging_mixin.py:190} INFO - [2024-08-22T10:56:18.180+0700] {dag.py:3211} INFO - Sync 1 DAGs
[2024-08-22T10:56:18.190+0700] {logging_mixin.py:190} INFO - [2024-08-22T10:56:18.190+0700] {dag.py:4138} INFO - Setting next_dagrun for tutorial_objectstorage to None, run_after=None
[2024-08-22T10:56:18.215+0700] {processor.py:208} INFO - Processing /home/user/.local/lib/python3.10/site-packages/airflow/example_dags/tutorial_objectstorage.py took 0.070 seconds
[2024-08-22T10:57:19.605+0700] {processor.py:186} INFO - Started process (PID=22245) to work on /home/user/.local/lib/python3.10/site-packages/airflow/example_dags/tutorial_objectstorage.py
[2024-08-22T10:57:19.607+0700] {processor.py:914} INFO - Processing file /home/user/.local/lib/python3.10/site-packages/airflow/example_dags/tutorial_objectstorage.py for tasks to queue
[2024-08-22T10:57:19.609+0700] {logging_mixin.py:190} INFO - [2024-08-22T10:57:19.608+0700] {dagbag.py:587} INFO - Filling up the DagBag from /home/user/.local/lib/python3.10/site-packages/airflow/example_dags/tutorial_objectstorage.py
[2024-08-22T10:57:19.623+0700] {processor.py:925} INFO - DAG(s) 'tutorial_objectstorage' retrieved from /home/user/.local/lib/python3.10/site-packages/airflow/example_dags/tutorial_objectstorage.py
[2024-08-22T10:57:19.637+0700] {logging_mixin.py:190} INFO - [2024-08-22T10:57:19.637+0700] {dag.py:3211} INFO - Sync 1 DAGs
[2024-08-22T10:57:19.647+0700] {logging_mixin.py:190} INFO - [2024-08-22T10:57:19.647+0700] {dag.py:4138} INFO - Setting next_dagrun for tutorial_objectstorage to None, run_after=None
[2024-08-22T10:57:19.668+0700] {processor.py:208} INFO - Processing /home/user/.local/lib/python3.10/site-packages/airflow/example_dags/tutorial_objectstorage.py took 0.070 seconds
[2024-08-22T10:58:19.505+0700] {processor.py:186} INFO - Started process (PID=22871) to work on /home/user/.local/lib/python3.10/site-packages/airflow/example_dags/tutorial_objectstorage.py
[2024-08-22T10:58:19.507+0700] {processor.py:914} INFO - Processing file /home/user/.local/lib/python3.10/site-packages/airflow/example_dags/tutorial_objectstorage.py for tasks to queue
[2024-08-22T10:58:19.521+0700] {logging_mixin.py:190} INFO - [2024-08-22T10:58:19.520+0700] {dagbag.py:587} INFO - Filling up the DagBag from /home/user/.local/lib/python3.10/site-packages/airflow/example_dags/tutorial_objectstorage.py
[2024-08-22T10:58:19.610+0700] {processor.py:925} INFO - DAG(s) 'tutorial_objectstorage' retrieved from /home/user/.local/lib/python3.10/site-packages/airflow/example_dags/tutorial_objectstorage.py
[2024-08-22T10:58:19.671+0700] {logging_mixin.py:190} INFO - [2024-08-22T10:58:19.671+0700] {dag.py:3211} INFO - Sync 1 DAGs
[2024-08-22T10:58:19.717+0700] {logging_mixin.py:190} INFO - [2024-08-22T10:58:19.716+0700] {dag.py:4138} INFO - Setting next_dagrun for tutorial_objectstorage to None, run_after=None
[2024-08-22T10:58:19.767+0700] {processor.py:208} INFO - Processing /home/user/.local/lib/python3.10/site-packages/airflow/example_dags/tutorial_objectstorage.py took 0.267 seconds
[2024-08-22T10:59:29.568+0700] {processor.py:186} INFO - Started process (PID=23580) to work on /home/user/.local/lib/python3.10/site-packages/airflow/example_dags/tutorial_objectstorage.py
[2024-08-22T10:59:29.570+0700] {processor.py:914} INFO - Processing file /home/user/.local/lib/python3.10/site-packages/airflow/example_dags/tutorial_objectstorage.py for tasks to queue
[2024-08-22T10:59:29.572+0700] {logging_mixin.py:190} INFO - [2024-08-22T10:59:29.572+0700] {dagbag.py:587} INFO - Filling up the DagBag from /home/user/.local/lib/python3.10/site-packages/airflow/example_dags/tutorial_objectstorage.py
[2024-08-22T10:59:29.600+0700] {processor.py:925} INFO - DAG(s) 'tutorial_objectstorage' retrieved from /home/user/.local/lib/python3.10/site-packages/airflow/example_dags/tutorial_objectstorage.py
[2024-08-22T10:59:29.615+0700] {logging_mixin.py:190} INFO - [2024-08-22T10:59:29.614+0700] {dag.py:3211} INFO - Sync 1 DAGs
[2024-08-22T10:59:29.624+0700] {logging_mixin.py:190} INFO - [2024-08-22T10:59:29.624+0700] {dag.py:4138} INFO - Setting next_dagrun for tutorial_objectstorage to None, run_after=None
[2024-08-22T10:59:29.668+0700] {processor.py:208} INFO - Processing /home/user/.local/lib/python3.10/site-packages/airflow/example_dags/tutorial_objectstorage.py took 0.106 seconds
[2024-08-22T11:00:26.766+0700] {processor.py:186} INFO - Started process (PID=24056) to work on /home/user/.local/lib/python3.10/site-packages/airflow/example_dags/tutorial_objectstorage.py
[2024-08-22T11:00:26.767+0700] {processor.py:914} INFO - Processing file /home/user/.local/lib/python3.10/site-packages/airflow/example_dags/tutorial_objectstorage.py for tasks to queue
[2024-08-22T11:00:26.769+0700] {logging_mixin.py:190} INFO - [2024-08-22T11:00:26.769+0700] {dagbag.py:587} INFO - Filling up the DagBag from /home/user/.local/lib/python3.10/site-packages/airflow/example_dags/tutorial_objectstorage.py
[2024-08-22T11:00:26.788+0700] {processor.py:925} INFO - DAG(s) 'tutorial_objectstorage' retrieved from /home/user/.local/lib/python3.10/site-packages/airflow/example_dags/tutorial_objectstorage.py
[2024-08-22T11:00:26.812+0700] {logging_mixin.py:190} INFO - [2024-08-22T11:00:26.811+0700] {dag.py:3211} INFO - Sync 1 DAGs
[2024-08-22T11:00:26.827+0700] {logging_mixin.py:190} INFO - [2024-08-22T11:00:26.827+0700] {dag.py:4138} INFO - Setting next_dagrun for tutorial_objectstorage to None, run_after=None
[2024-08-22T11:00:26.861+0700] {processor.py:208} INFO - Processing /home/user/.local/lib/python3.10/site-packages/airflow/example_dags/tutorial_objectstorage.py took 0.101 seconds
[2024-08-22T11:01:23.540+0700] {processor.py:186} INFO - Started process (PID=24511) to work on /home/user/.local/lib/python3.10/site-packages/airflow/example_dags/tutorial_objectstorage.py
[2024-08-22T11:01:23.543+0700] {processor.py:914} INFO - Processing file /home/user/.local/lib/python3.10/site-packages/airflow/example_dags/tutorial_objectstorage.py for tasks to queue
[2024-08-22T11:01:23.545+0700] {logging_mixin.py:190} INFO - [2024-08-22T11:01:23.544+0700] {dagbag.py:587} INFO - Filling up the DagBag from /home/user/.local/lib/python3.10/site-packages/airflow/example_dags/tutorial_objectstorage.py
[2024-08-22T11:01:23.559+0700] {processor.py:925} INFO - DAG(s) 'tutorial_objectstorage' retrieved from /home/user/.local/lib/python3.10/site-packages/airflow/example_dags/tutorial_objectstorage.py
[2024-08-22T11:01:23.571+0700] {logging_mixin.py:190} INFO - [2024-08-22T11:01:23.570+0700] {dag.py:3211} INFO - Sync 1 DAGs
[2024-08-22T11:01:23.579+0700] {logging_mixin.py:190} INFO - [2024-08-22T11:01:23.579+0700] {dag.py:4138} INFO - Setting next_dagrun for tutorial_objectstorage to None, run_after=None
[2024-08-22T11:01:23.596+0700] {processor.py:208} INFO - Processing /home/user/.local/lib/python3.10/site-packages/airflow/example_dags/tutorial_objectstorage.py took 0.060 seconds
[2024-08-22T11:02:25.093+0700] {processor.py:186} INFO - Started process (PID=25004) to work on /home/user/.local/lib/python3.10/site-packages/airflow/example_dags/tutorial_objectstorage.py
[2024-08-22T11:02:25.095+0700] {processor.py:914} INFO - Processing file /home/user/.local/lib/python3.10/site-packages/airflow/example_dags/tutorial_objectstorage.py for tasks to queue
[2024-08-22T11:02:25.097+0700] {logging_mixin.py:190} INFO - [2024-08-22T11:02:25.097+0700] {dagbag.py:587} INFO - Filling up the DagBag from /home/user/.local/lib/python3.10/site-packages/airflow/example_dags/tutorial_objectstorage.py
[2024-08-22T11:02:25.114+0700] {processor.py:925} INFO - DAG(s) 'tutorial_objectstorage' retrieved from /home/user/.local/lib/python3.10/site-packages/airflow/example_dags/tutorial_objectstorage.py
[2024-08-22T11:02:25.129+0700] {logging_mixin.py:190} INFO - [2024-08-22T11:02:25.128+0700] {dag.py:3211} INFO - Sync 1 DAGs
[2024-08-22T11:02:25.141+0700] {logging_mixin.py:190} INFO - [2024-08-22T11:02:25.141+0700] {dag.py:4138} INFO - Setting next_dagrun for tutorial_objectstorage to None, run_after=None
[2024-08-22T11:02:25.163+0700] {processor.py:208} INFO - Processing /home/user/.local/lib/python3.10/site-packages/airflow/example_dags/tutorial_objectstorage.py took 0.076 seconds
[2024-08-22T11:03:27.220+0700] {processor.py:186} INFO - Started process (PID=25628) to work on /home/user/.local/lib/python3.10/site-packages/airflow/example_dags/tutorial_objectstorage.py
[2024-08-22T11:03:27.221+0700] {processor.py:914} INFO - Processing file /home/user/.local/lib/python3.10/site-packages/airflow/example_dags/tutorial_objectstorage.py for tasks to queue
[2024-08-22T11:03:27.223+0700] {logging_mixin.py:190} INFO - [2024-08-22T11:03:27.223+0700] {dagbag.py:587} INFO - Filling up the DagBag from /home/user/.local/lib/python3.10/site-packages/airflow/example_dags/tutorial_objectstorage.py
[2024-08-22T11:03:27.241+0700] {processor.py:925} INFO - DAG(s) 'tutorial_objectstorage' retrieved from /home/user/.local/lib/python3.10/site-packages/airflow/example_dags/tutorial_objectstorage.py
[2024-08-22T11:03:27.255+0700] {logging_mixin.py:190} INFO - [2024-08-22T11:03:27.255+0700] {dag.py:3211} INFO - Sync 1 DAGs
[2024-08-22T11:03:27.264+0700] {logging_mixin.py:190} INFO - [2024-08-22T11:03:27.264+0700] {dag.py:4138} INFO - Setting next_dagrun for tutorial_objectstorage to None, run_after=None
[2024-08-22T11:03:27.280+0700] {processor.py:208} INFO - Processing /home/user/.local/lib/python3.10/site-packages/airflow/example_dags/tutorial_objectstorage.py took 0.064 seconds
[2024-08-22T11:04:24.581+0700] {processor.py:186} INFO - Started process (PID=26141) to work on /home/user/.local/lib/python3.10/site-packages/airflow/example_dags/tutorial_objectstorage.py
[2024-08-22T11:04:24.582+0700] {processor.py:914} INFO - Processing file /home/user/.local/lib/python3.10/site-packages/airflow/example_dags/tutorial_objectstorage.py for tasks to queue
[2024-08-22T11:04:24.584+0700] {logging_mixin.py:190} INFO - [2024-08-22T11:04:24.584+0700] {dagbag.py:587} INFO - Filling up the DagBag from /home/user/.local/lib/python3.10/site-packages/airflow/example_dags/tutorial_objectstorage.py
[2024-08-22T11:04:24.596+0700] {processor.py:925} INFO - DAG(s) 'tutorial_objectstorage' retrieved from /home/user/.local/lib/python3.10/site-packages/airflow/example_dags/tutorial_objectstorage.py
[2024-08-22T11:04:24.611+0700] {logging_mixin.py:190} INFO - [2024-08-22T11:04:24.610+0700] {dag.py:3211} INFO - Sync 1 DAGs
[2024-08-22T11:04:24.626+0700] {logging_mixin.py:190} INFO - [2024-08-22T11:04:24.626+0700] {dag.py:4138} INFO - Setting next_dagrun for tutorial_objectstorage to None, run_after=None
[2024-08-22T11:04:24.647+0700] {processor.py:208} INFO - Processing /home/user/.local/lib/python3.10/site-packages/airflow/example_dags/tutorial_objectstorage.py took 0.072 seconds
[2024-08-22T11:05:11.418+0700] {processor.py:186} INFO - Started process (PID=26441) to work on /home/user/.local/lib/python3.10/site-packages/airflow/example_dags/tutorial_objectstorage.py
[2024-08-22T11:05:11.419+0700] {processor.py:914} INFO - Processing file /home/user/.local/lib/python3.10/site-packages/airflow/example_dags/tutorial_objectstorage.py for tasks to queue
[2024-08-22T11:05:11.421+0700] {logging_mixin.py:190} INFO - [2024-08-22T11:05:11.421+0700] {dagbag.py:587} INFO - Filling up the DagBag from /home/user/.local/lib/python3.10/site-packages/airflow/example_dags/tutorial_objectstorage.py
[2024-08-22T11:05:11.434+0700] {processor.py:925} INFO - DAG(s) 'tutorial_objectstorage' retrieved from /home/user/.local/lib/python3.10/site-packages/airflow/example_dags/tutorial_objectstorage.py
[2024-08-22T11:05:11.448+0700] {logging_mixin.py:190} INFO - [2024-08-22T11:05:11.448+0700] {dag.py:3211} INFO - Sync 1 DAGs
[2024-08-22T11:05:11.458+0700] {logging_mixin.py:190} INFO - [2024-08-22T11:05:11.458+0700] {dag.py:4138} INFO - Setting next_dagrun for tutorial_objectstorage to None, run_after=None
[2024-08-22T11:05:11.478+0700] {processor.py:208} INFO - Processing /home/user/.local/lib/python3.10/site-packages/airflow/example_dags/tutorial_objectstorage.py took 0.065 seconds
[2024-08-22T11:06:09.346+0700] {processor.py:186} INFO - Started process (PID=26813) to work on /home/user/.local/lib/python3.10/site-packages/airflow/example_dags/tutorial_objectstorage.py
[2024-08-22T11:06:09.347+0700] {processor.py:914} INFO - Processing file /home/user/.local/lib/python3.10/site-packages/airflow/example_dags/tutorial_objectstorage.py for tasks to queue
[2024-08-22T11:06:09.349+0700] {logging_mixin.py:190} INFO - [2024-08-22T11:06:09.349+0700] {dagbag.py:587} INFO - Filling up the DagBag from /home/user/.local/lib/python3.10/site-packages/airflow/example_dags/tutorial_objectstorage.py
[2024-08-22T11:06:09.362+0700] {processor.py:925} INFO - DAG(s) 'tutorial_objectstorage' retrieved from /home/user/.local/lib/python3.10/site-packages/airflow/example_dags/tutorial_objectstorage.py
[2024-08-22T11:06:09.376+0700] {logging_mixin.py:190} INFO - [2024-08-22T11:06:09.375+0700] {dag.py:3211} INFO - Sync 1 DAGs
[2024-08-22T11:06:09.388+0700] {logging_mixin.py:190} INFO - [2024-08-22T11:06:09.388+0700] {dag.py:4138} INFO - Setting next_dagrun for tutorial_objectstorage to None, run_after=None
[2024-08-22T11:06:09.408+0700] {processor.py:208} INFO - Processing /home/user/.local/lib/python3.10/site-packages/airflow/example_dags/tutorial_objectstorage.py took 0.067 seconds
[2024-08-22T11:07:05.317+0700] {processor.py:186} INFO - Started process (PID=27251) to work on /home/user/.local/lib/python3.10/site-packages/airflow/example_dags/tutorial_objectstorage.py
[2024-08-22T11:07:05.318+0700] {processor.py:914} INFO - Processing file /home/user/.local/lib/python3.10/site-packages/airflow/example_dags/tutorial_objectstorage.py for tasks to queue
[2024-08-22T11:07:05.320+0700] {logging_mixin.py:190} INFO - [2024-08-22T11:07:05.320+0700] {dagbag.py:587} INFO - Filling up the DagBag from /home/user/.local/lib/python3.10/site-packages/airflow/example_dags/tutorial_objectstorage.py
[2024-08-22T11:07:05.335+0700] {processor.py:925} INFO - DAG(s) 'tutorial_objectstorage' retrieved from /home/user/.local/lib/python3.10/site-packages/airflow/example_dags/tutorial_objectstorage.py
[2024-08-22T11:07:05.352+0700] {logging_mixin.py:190} INFO - [2024-08-22T11:07:05.351+0700] {dag.py:3211} INFO - Sync 1 DAGs
[2024-08-22T11:07:05.365+0700] {logging_mixin.py:190} INFO - [2024-08-22T11:07:05.365+0700] {dag.py:4138} INFO - Setting next_dagrun for tutorial_objectstorage to None, run_after=None
[2024-08-22T11:07:05.390+0700] {processor.py:208} INFO - Processing /home/user/.local/lib/python3.10/site-packages/airflow/example_dags/tutorial_objectstorage.py took 0.080 seconds
[2024-08-22T11:08:15.910+0700] {processor.py:186} INFO - Started process (PID=27810) to work on /home/user/.local/lib/python3.10/site-packages/airflow/example_dags/tutorial_objectstorage.py
[2024-08-22T11:08:15.915+0700] {processor.py:914} INFO - Processing file /home/user/.local/lib/python3.10/site-packages/airflow/example_dags/tutorial_objectstorage.py for tasks to queue
[2024-08-22T11:08:15.918+0700] {logging_mixin.py:190} INFO - [2024-08-22T11:08:15.917+0700] {dagbag.py:587} INFO - Filling up the DagBag from /home/user/.local/lib/python3.10/site-packages/airflow/example_dags/tutorial_objectstorage.py
[2024-08-22T11:08:15.940+0700] {processor.py:925} INFO - DAG(s) 'tutorial_objectstorage' retrieved from /home/user/.local/lib/python3.10/site-packages/airflow/example_dags/tutorial_objectstorage.py
[2024-08-22T11:08:15.957+0700] {logging_mixin.py:190} INFO - [2024-08-22T11:08:15.956+0700] {dag.py:3211} INFO - Sync 1 DAGs
[2024-08-22T11:08:15.972+0700] {logging_mixin.py:190} INFO - [2024-08-22T11:08:15.971+0700] {dag.py:4138} INFO - Setting next_dagrun for tutorial_objectstorage to None, run_after=None
[2024-08-22T11:08:15.997+0700] {processor.py:208} INFO - Processing /home/user/.local/lib/python3.10/site-packages/airflow/example_dags/tutorial_objectstorage.py took 0.093 seconds
[2024-08-22T11:09:11.959+0700] {processor.py:186} INFO - Started process (PID=28247) to work on /home/user/.local/lib/python3.10/site-packages/airflow/example_dags/tutorial_objectstorage.py
[2024-08-22T11:09:11.961+0700] {processor.py:914} INFO - Processing file /home/user/.local/lib/python3.10/site-packages/airflow/example_dags/tutorial_objectstorage.py for tasks to queue
[2024-08-22T11:09:11.963+0700] {logging_mixin.py:190} INFO - [2024-08-22T11:09:11.963+0700] {dagbag.py:587} INFO - Filling up the DagBag from /home/user/.local/lib/python3.10/site-packages/airflow/example_dags/tutorial_objectstorage.py
[2024-08-22T11:09:11.979+0700] {processor.py:925} INFO - DAG(s) 'tutorial_objectstorage' retrieved from /home/user/.local/lib/python3.10/site-packages/airflow/example_dags/tutorial_objectstorage.py
[2024-08-22T11:09:11.991+0700] {logging_mixin.py:190} INFO - [2024-08-22T11:09:11.991+0700] {dag.py:3211} INFO - Sync 1 DAGs
[2024-08-22T11:09:12.002+0700] {logging_mixin.py:190} INFO - [2024-08-22T11:09:12.002+0700] {dag.py:4138} INFO - Setting next_dagrun for tutorial_objectstorage to None, run_after=None
[2024-08-22T11:09:12.024+0700] {processor.py:208} INFO - Processing /home/user/.local/lib/python3.10/site-packages/airflow/example_dags/tutorial_objectstorage.py took 0.069 seconds
[2024-08-22T11:10:07.581+0700] {processor.py:186} INFO - Started process (PID=28683) to work on /home/user/.local/lib/python3.10/site-packages/airflow/example_dags/tutorial_objectstorage.py
[2024-08-22T11:10:07.583+0700] {processor.py:914} INFO - Processing file /home/user/.local/lib/python3.10/site-packages/airflow/example_dags/tutorial_objectstorage.py for tasks to queue
[2024-08-22T11:10:07.585+0700] {logging_mixin.py:190} INFO - [2024-08-22T11:10:07.584+0700] {dagbag.py:587} INFO - Filling up the DagBag from /home/user/.local/lib/python3.10/site-packages/airflow/example_dags/tutorial_objectstorage.py
[2024-08-22T11:10:07.593+0700] {processor.py:925} INFO - DAG(s) 'tutorial_objectstorage' retrieved from /home/user/.local/lib/python3.10/site-packages/airflow/example_dags/tutorial_objectstorage.py
[2024-08-22T11:10:07.608+0700] {logging_mixin.py:190} INFO - [2024-08-22T11:10:07.608+0700] {dag.py:3211} INFO - Sync 1 DAGs
[2024-08-22T11:10:07.621+0700] {logging_mixin.py:190} INFO - [2024-08-22T11:10:07.621+0700] {dag.py:4138} INFO - Setting next_dagrun for tutorial_objectstorage to None, run_after=None
[2024-08-22T11:10:07.639+0700] {processor.py:208} INFO - Processing /home/user/.local/lib/python3.10/site-packages/airflow/example_dags/tutorial_objectstorage.py took 0.063 seconds
[2024-08-22T11:11:00.624+0700] {processor.py:186} INFO - Started process (PID=29094) to work on /home/user/.local/lib/python3.10/site-packages/airflow/example_dags/tutorial_objectstorage.py
[2024-08-22T11:11:00.625+0700] {processor.py:914} INFO - Processing file /home/user/.local/lib/python3.10/site-packages/airflow/example_dags/tutorial_objectstorage.py for tasks to queue
[2024-08-22T11:11:00.627+0700] {logging_mixin.py:190} INFO - [2024-08-22T11:11:00.626+0700] {dagbag.py:587} INFO - Filling up the DagBag from /home/user/.local/lib/python3.10/site-packages/airflow/example_dags/tutorial_objectstorage.py
[2024-08-22T11:11:00.636+0700] {processor.py:925} INFO - DAG(s) 'tutorial_objectstorage' retrieved from /home/user/.local/lib/python3.10/site-packages/airflow/example_dags/tutorial_objectstorage.py
[2024-08-22T11:11:00.648+0700] {logging_mixin.py:190} INFO - [2024-08-22T11:11:00.648+0700] {dag.py:3211} INFO - Sync 1 DAGs
[2024-08-22T11:11:00.659+0700] {logging_mixin.py:190} INFO - [2024-08-22T11:11:00.659+0700] {dag.py:4138} INFO - Setting next_dagrun for tutorial_objectstorage to None, run_after=None
[2024-08-22T11:11:00.679+0700] {processor.py:208} INFO - Processing /home/user/.local/lib/python3.10/site-packages/airflow/example_dags/tutorial_objectstorage.py took 0.060 seconds
[2024-08-22T11:12:20.403+0700] {processor.py:186} INFO - Started process (PID=29847) to work on /home/user/.local/lib/python3.10/site-packages/airflow/example_dags/tutorial_objectstorage.py
[2024-08-22T11:12:20.404+0700] {processor.py:914} INFO - Processing file /home/user/.local/lib/python3.10/site-packages/airflow/example_dags/tutorial_objectstorage.py for tasks to queue
[2024-08-22T11:12:20.406+0700] {logging_mixin.py:190} INFO - [2024-08-22T11:12:20.405+0700] {dagbag.py:587} INFO - Filling up the DagBag from /home/user/.local/lib/python3.10/site-packages/airflow/example_dags/tutorial_objectstorage.py
[2024-08-22T11:12:20.418+0700] {processor.py:925} INFO - DAG(s) 'tutorial_objectstorage' retrieved from /home/user/.local/lib/python3.10/site-packages/airflow/example_dags/tutorial_objectstorage.py
[2024-08-22T11:12:20.505+0700] {logging_mixin.py:190} INFO - [2024-08-22T11:12:20.504+0700] {override.py:1858} INFO - Created Permission View: can read on DAG:tutorial_objectstorage
[2024-08-22T11:12:20.516+0700] {logging_mixin.py:190} INFO - [2024-08-22T11:12:20.516+0700] {override.py:1858} INFO - Created Permission View: can edit on DAG:tutorial_objectstorage
[2024-08-22T11:12:20.525+0700] {logging_mixin.py:190} INFO - [2024-08-22T11:12:20.525+0700] {override.py:1858} INFO - Created Permission View: can delete on DAG:tutorial_objectstorage
[2024-08-22T11:12:20.526+0700] {logging_mixin.py:190} INFO - [2024-08-22T11:12:20.525+0700] {dag.py:3211} INFO - Sync 1 DAGs
[2024-08-22T11:12:20.537+0700] {logging_mixin.py:190} INFO - [2024-08-22T11:12:20.536+0700] {dag.py:3234} INFO - Creating ORM DAG for tutorial_objectstorage
[2024-08-22T11:12:20.537+0700] {logging_mixin.py:190} INFO - [2024-08-22T11:12:20.537+0700] {dag.py:4138} INFO - Setting next_dagrun for tutorial_objectstorage to None, run_after=None
[2024-08-22T11:12:20.556+0700] {processor.py:208} INFO - Processing /home/user/.local/lib/python3.10/site-packages/airflow/example_dags/tutorial_objectstorage.py took 0.157 seconds
[2024-08-22T11:13:48.086+0700] {processor.py:186} INFO - Started process (PID=30546) to work on /home/user/.local/lib/python3.10/site-packages/airflow/example_dags/tutorial_objectstorage.py
[2024-08-22T11:13:48.087+0700] {processor.py:914} INFO - Processing file /home/user/.local/lib/python3.10/site-packages/airflow/example_dags/tutorial_objectstorage.py for tasks to queue
[2024-08-22T11:13:48.090+0700] {logging_mixin.py:190} INFO - [2024-08-22T11:13:48.089+0700] {dagbag.py:587} INFO - Filling up the DagBag from /home/user/.local/lib/python3.10/site-packages/airflow/example_dags/tutorial_objectstorage.py
[2024-08-22T11:13:48.105+0700] {processor.py:925} INFO - DAG(s) 'tutorial_objectstorage' retrieved from /home/user/.local/lib/python3.10/site-packages/airflow/example_dags/tutorial_objectstorage.py
[2024-08-22T11:13:48.124+0700] {logging_mixin.py:190} INFO - [2024-08-22T11:13:48.124+0700] {dag.py:3211} INFO - Sync 1 DAGs
[2024-08-22T11:13:48.144+0700] {logging_mixin.py:190} INFO - [2024-08-22T11:13:48.144+0700] {dag.py:4138} INFO - Setting next_dagrun for tutorial_objectstorage to None, run_after=None
[2024-08-22T11:13:48.168+0700] {processor.py:208} INFO - Processing /home/user/.local/lib/python3.10/site-packages/airflow/example_dags/tutorial_objectstorage.py took 0.089 seconds
[2024-08-22T11:14:47.436+0700] {processor.py:186} INFO - Started process (PID=31019) to work on /home/user/.local/lib/python3.10/site-packages/airflow/example_dags/tutorial_objectstorage.py
[2024-08-22T11:14:47.437+0700] {processor.py:914} INFO - Processing file /home/user/.local/lib/python3.10/site-packages/airflow/example_dags/tutorial_objectstorage.py for tasks to queue
[2024-08-22T11:14:47.439+0700] {logging_mixin.py:190} INFO - [2024-08-22T11:14:47.439+0700] {dagbag.py:587} INFO - Filling up the DagBag from /home/user/.local/lib/python3.10/site-packages/airflow/example_dags/tutorial_objectstorage.py
[2024-08-22T11:14:47.452+0700] {processor.py:925} INFO - DAG(s) 'tutorial_objectstorage' retrieved from /home/user/.local/lib/python3.10/site-packages/airflow/example_dags/tutorial_objectstorage.py
[2024-08-22T11:14:47.463+0700] {logging_mixin.py:190} INFO - [2024-08-22T11:14:47.463+0700] {dag.py:3211} INFO - Sync 1 DAGs
[2024-08-22T11:14:47.474+0700] {logging_mixin.py:190} INFO - [2024-08-22T11:14:47.473+0700] {dag.py:4138} INFO - Setting next_dagrun for tutorial_objectstorage to None, run_after=None
[2024-08-22T11:14:47.490+0700] {processor.py:208} INFO - Processing /home/user/.local/lib/python3.10/site-packages/airflow/example_dags/tutorial_objectstorage.py took 0.059 seconds
[2024-08-22T11:15:44.795+0700] {processor.py:186} INFO - Started process (PID=31476) to work on /home/user/.local/lib/python3.10/site-packages/airflow/example_dags/tutorial_objectstorage.py
[2024-08-22T11:15:44.796+0700] {processor.py:914} INFO - Processing file /home/user/.local/lib/python3.10/site-packages/airflow/example_dags/tutorial_objectstorage.py for tasks to queue
[2024-08-22T11:15:44.798+0700] {logging_mixin.py:190} INFO - [2024-08-22T11:15:44.798+0700] {dagbag.py:587} INFO - Filling up the DagBag from /home/user/.local/lib/python3.10/site-packages/airflow/example_dags/tutorial_objectstorage.py
[2024-08-22T11:15:44.811+0700] {processor.py:925} INFO - DAG(s) 'tutorial_objectstorage' retrieved from /home/user/.local/lib/python3.10/site-packages/airflow/example_dags/tutorial_objectstorage.py
[2024-08-22T11:15:44.824+0700] {logging_mixin.py:190} INFO - [2024-08-22T11:15:44.823+0700] {dag.py:3211} INFO - Sync 1 DAGs
[2024-08-22T11:15:44.832+0700] {logging_mixin.py:190} INFO - [2024-08-22T11:15:44.832+0700] {dag.py:4138} INFO - Setting next_dagrun for tutorial_objectstorage to None, run_after=None
[2024-08-22T11:15:44.851+0700] {processor.py:208} INFO - Processing /home/user/.local/lib/python3.10/site-packages/airflow/example_dags/tutorial_objectstorage.py took 0.063 seconds
[2024-08-22T11:16:40.626+0700] {processor.py:186} INFO - Started process (PID=31969) to work on /home/user/.local/lib/python3.10/site-packages/airflow/example_dags/tutorial_objectstorage.py
[2024-08-22T11:16:40.627+0700] {processor.py:914} INFO - Processing file /home/user/.local/lib/python3.10/site-packages/airflow/example_dags/tutorial_objectstorage.py for tasks to queue
[2024-08-22T11:16:40.629+0700] {logging_mixin.py:190} INFO - [2024-08-22T11:16:40.629+0700] {dagbag.py:587} INFO - Filling up the DagBag from /home/user/.local/lib/python3.10/site-packages/airflow/example_dags/tutorial_objectstorage.py
[2024-08-22T11:16:40.642+0700] {processor.py:925} INFO - DAG(s) 'tutorial_objectstorage' retrieved from /home/user/.local/lib/python3.10/site-packages/airflow/example_dags/tutorial_objectstorage.py
[2024-08-22T11:16:40.656+0700] {logging_mixin.py:190} INFO - [2024-08-22T11:16:40.655+0700] {dag.py:3211} INFO - Sync 1 DAGs
[2024-08-22T11:16:40.667+0700] {logging_mixin.py:190} INFO - [2024-08-22T11:16:40.667+0700] {dag.py:4138} INFO - Setting next_dagrun for tutorial_objectstorage to None, run_after=None
[2024-08-22T11:16:40.695+0700] {processor.py:208} INFO - Processing /home/user/.local/lib/python3.10/site-packages/airflow/example_dags/tutorial_objectstorage.py took 0.074 seconds
[2024-08-22T11:17:17.219+0700] {processor.py:186} INFO - Started process (PID=32190) to work on /home/user/.local/lib/python3.10/site-packages/airflow/example_dags/tutorial_objectstorage.py
[2024-08-22T11:17:17.220+0700] {processor.py:914} INFO - Processing file /home/user/.local/lib/python3.10/site-packages/airflow/example_dags/tutorial_objectstorage.py for tasks to queue
[2024-08-22T11:17:17.223+0700] {logging_mixin.py:190} INFO - [2024-08-22T11:17:17.222+0700] {dagbag.py:587} INFO - Filling up the DagBag from /home/user/.local/lib/python3.10/site-packages/airflow/example_dags/tutorial_objectstorage.py
[2024-08-22T11:17:17.234+0700] {processor.py:925} INFO - DAG(s) 'tutorial_objectstorage' retrieved from /home/user/.local/lib/python3.10/site-packages/airflow/example_dags/tutorial_objectstorage.py
[2024-08-22T11:17:17.248+0700] {logging_mixin.py:190} INFO - [2024-08-22T11:17:17.247+0700] {dag.py:3211} INFO - Sync 1 DAGs
[2024-08-22T11:17:17.256+0700] {logging_mixin.py:190} INFO - [2024-08-22T11:17:17.256+0700] {dag.py:4138} INFO - Setting next_dagrun for tutorial_objectstorage to None, run_after=None
[2024-08-22T11:17:17.276+0700] {processor.py:208} INFO - Processing /home/user/.local/lib/python3.10/site-packages/airflow/example_dags/tutorial_objectstorage.py took 0.061 seconds
[2024-08-22T11:18:15.462+0700] {processor.py:186} INFO - Started process (PID=32689) to work on /home/user/.local/lib/python3.10/site-packages/airflow/example_dags/tutorial_objectstorage.py
[2024-08-22T11:18:15.464+0700] {processor.py:914} INFO - Processing file /home/user/.local/lib/python3.10/site-packages/airflow/example_dags/tutorial_objectstorage.py for tasks to queue
[2024-08-22T11:18:15.466+0700] {logging_mixin.py:190} INFO - [2024-08-22T11:18:15.466+0700] {dagbag.py:587} INFO - Filling up the DagBag from /home/user/.local/lib/python3.10/site-packages/airflow/example_dags/tutorial_objectstorage.py
[2024-08-22T11:18:15.476+0700] {processor.py:925} INFO - DAG(s) 'tutorial_objectstorage' retrieved from /home/user/.local/lib/python3.10/site-packages/airflow/example_dags/tutorial_objectstorage.py
[2024-08-22T11:18:15.488+0700] {logging_mixin.py:190} INFO - [2024-08-22T11:18:15.488+0700] {dag.py:3211} INFO - Sync 1 DAGs
[2024-08-22T11:18:15.498+0700] {logging_mixin.py:190} INFO - [2024-08-22T11:18:15.498+0700] {dag.py:4138} INFO - Setting next_dagrun for tutorial_objectstorage to None, run_after=None
[2024-08-22T11:18:15.521+0700] {processor.py:208} INFO - Processing /home/user/.local/lib/python3.10/site-packages/airflow/example_dags/tutorial_objectstorage.py took 0.064 seconds
[2024-08-22T11:19:12.518+0700] {processor.py:186} INFO - Started process (PID=33129) to work on /home/user/.local/lib/python3.10/site-packages/airflow/example_dags/tutorial_objectstorage.py
[2024-08-22T11:19:12.524+0700] {processor.py:914} INFO - Processing file /home/user/.local/lib/python3.10/site-packages/airflow/example_dags/tutorial_objectstorage.py for tasks to queue
[2024-08-22T11:19:12.538+0700] {logging_mixin.py:190} INFO - [2024-08-22T11:19:12.536+0700] {dagbag.py:587} INFO - Filling up the DagBag from /home/user/.local/lib/python3.10/site-packages/airflow/example_dags/tutorial_objectstorage.py
[2024-08-22T11:19:12.659+0700] {processor.py:925} INFO - DAG(s) 'tutorial_objectstorage' retrieved from /home/user/.local/lib/python3.10/site-packages/airflow/example_dags/tutorial_objectstorage.py
[2024-08-22T11:19:12.803+0700] {logging_mixin.py:190} INFO - [2024-08-22T11:19:12.802+0700] {dag.py:3211} INFO - Sync 1 DAGs
[2024-08-22T11:19:12.861+0700] {logging_mixin.py:190} INFO - [2024-08-22T11:19:12.860+0700] {dag.py:4138} INFO - Setting next_dagrun for tutorial_objectstorage to None, run_after=None
[2024-08-22T11:19:12.928+0700] {processor.py:208} INFO - Processing /home/user/.local/lib/python3.10/site-packages/airflow/example_dags/tutorial_objectstorage.py took 0.427 seconds
[2024-08-22T11:20:14.274+0700] {processor.py:186} INFO - Started process (PID=33625) to work on /home/user/.local/lib/python3.10/site-packages/airflow/example_dags/tutorial_objectstorage.py
[2024-08-22T11:20:14.275+0700] {processor.py:914} INFO - Processing file /home/user/.local/lib/python3.10/site-packages/airflow/example_dags/tutorial_objectstorage.py for tasks to queue
[2024-08-22T11:20:14.277+0700] {logging_mixin.py:190} INFO - [2024-08-22T11:20:14.277+0700] {dagbag.py:587} INFO - Filling up the DagBag from /home/user/.local/lib/python3.10/site-packages/airflow/example_dags/tutorial_objectstorage.py
[2024-08-22T11:20:14.294+0700] {processor.py:925} INFO - DAG(s) 'tutorial_objectstorage' retrieved from /home/user/.local/lib/python3.10/site-packages/airflow/example_dags/tutorial_objectstorage.py
[2024-08-22T11:20:14.309+0700] {logging_mixin.py:190} INFO - [2024-08-22T11:20:14.309+0700] {dag.py:3211} INFO - Sync 1 DAGs
[2024-08-22T11:20:14.322+0700] {logging_mixin.py:190} INFO - [2024-08-22T11:20:14.321+0700] {dag.py:4138} INFO - Setting next_dagrun for tutorial_objectstorage to None, run_after=None
[2024-08-22T11:20:14.343+0700] {processor.py:208} INFO - Processing /home/user/.local/lib/python3.10/site-packages/airflow/example_dags/tutorial_objectstorage.py took 0.073 seconds
[2024-08-22T11:21:13.158+0700] {processor.py:186} INFO - Started process (PID=34089) to work on /home/user/.local/lib/python3.10/site-packages/airflow/example_dags/tutorial_objectstorage.py
[2024-08-22T11:21:13.159+0700] {processor.py:914} INFO - Processing file /home/user/.local/lib/python3.10/site-packages/airflow/example_dags/tutorial_objectstorage.py for tasks to queue
[2024-08-22T11:21:13.161+0700] {logging_mixin.py:190} INFO - [2024-08-22T11:21:13.161+0700] {dagbag.py:587} INFO - Filling up the DagBag from /home/user/.local/lib/python3.10/site-packages/airflow/example_dags/tutorial_objectstorage.py
[2024-08-22T11:21:13.171+0700] {processor.py:925} INFO - DAG(s) 'tutorial_objectstorage' retrieved from /home/user/.local/lib/python3.10/site-packages/airflow/example_dags/tutorial_objectstorage.py
[2024-08-22T11:21:13.184+0700] {logging_mixin.py:190} INFO - [2024-08-22T11:21:13.183+0700] {dag.py:3211} INFO - Sync 1 DAGs
[2024-08-22T11:21:13.193+0700] {logging_mixin.py:190} INFO - [2024-08-22T11:21:13.193+0700] {dag.py:4138} INFO - Setting next_dagrun for tutorial_objectstorage to None, run_after=None
[2024-08-22T11:21:13.211+0700] {processor.py:208} INFO - Processing /home/user/.local/lib/python3.10/site-packages/airflow/example_dags/tutorial_objectstorage.py took 0.058 seconds
[2024-08-22T11:22:15.004+0700] {processor.py:186} INFO - Started process (PID=34576) to work on /home/user/.local/lib/python3.10/site-packages/airflow/example_dags/tutorial_objectstorage.py
[2024-08-22T11:22:15.005+0700] {processor.py:914} INFO - Processing file /home/user/.local/lib/python3.10/site-packages/airflow/example_dags/tutorial_objectstorage.py for tasks to queue
[2024-08-22T11:22:15.007+0700] {logging_mixin.py:190} INFO - [2024-08-22T11:22:15.006+0700] {dagbag.py:587} INFO - Filling up the DagBag from /home/user/.local/lib/python3.10/site-packages/airflow/example_dags/tutorial_objectstorage.py
[2024-08-22T11:22:15.021+0700] {processor.py:925} INFO - DAG(s) 'tutorial_objectstorage' retrieved from /home/user/.local/lib/python3.10/site-packages/airflow/example_dags/tutorial_objectstorage.py
[2024-08-22T11:22:15.033+0700] {logging_mixin.py:190} INFO - [2024-08-22T11:22:15.033+0700] {dag.py:3211} INFO - Sync 1 DAGs
[2024-08-22T11:22:15.042+0700] {logging_mixin.py:190} INFO - [2024-08-22T11:22:15.042+0700] {dag.py:4138} INFO - Setting next_dagrun for tutorial_objectstorage to None, run_after=None
[2024-08-22T11:22:15.058+0700] {processor.py:208} INFO - Processing /home/user/.local/lib/python3.10/site-packages/airflow/example_dags/tutorial_objectstorage.py took 0.059 seconds
[2024-08-22T11:23:27.204+0700] {processor.py:186} INFO - Started process (PID=35168) to work on /home/user/.local/lib/python3.10/site-packages/airflow/example_dags/tutorial_objectstorage.py
[2024-08-22T11:23:27.206+0700] {processor.py:914} INFO - Processing file /home/user/.local/lib/python3.10/site-packages/airflow/example_dags/tutorial_objectstorage.py for tasks to queue
[2024-08-22T11:23:27.209+0700] {logging_mixin.py:190} INFO - [2024-08-22T11:23:27.208+0700] {dagbag.py:587} INFO - Filling up the DagBag from /home/user/.local/lib/python3.10/site-packages/airflow/example_dags/tutorial_objectstorage.py
[2024-08-22T11:23:27.226+0700] {processor.py:925} INFO - DAG(s) 'tutorial_objectstorage' retrieved from /home/user/.local/lib/python3.10/site-packages/airflow/example_dags/tutorial_objectstorage.py
[2024-08-22T11:23:27.241+0700] {logging_mixin.py:190} INFO - [2024-08-22T11:23:27.240+0700] {dag.py:3211} INFO - Sync 1 DAGs
[2024-08-22T11:23:27.253+0700] {logging_mixin.py:190} INFO - [2024-08-22T11:23:27.253+0700] {dag.py:4138} INFO - Setting next_dagrun for tutorial_objectstorage to None, run_after=None
[2024-08-22T11:23:27.274+0700] {processor.py:208} INFO - Processing /home/user/.local/lib/python3.10/site-packages/airflow/example_dags/tutorial_objectstorage.py took 0.075 seconds
[2024-08-22T11:24:21.063+0700] {processor.py:186} INFO - Started process (PID=35727) to work on /home/user/.local/lib/python3.10/site-packages/airflow/example_dags/tutorial_objectstorage.py
[2024-08-22T11:24:21.177+0700] {processor.py:914} INFO - Processing file /home/user/.local/lib/python3.10/site-packages/airflow/example_dags/tutorial_objectstorage.py for tasks to queue
[2024-08-22T11:24:21.180+0700] {logging_mixin.py:190} INFO - [2024-08-22T11:24:21.179+0700] {dagbag.py:587} INFO - Filling up the DagBag from /home/user/.local/lib/python3.10/site-packages/airflow/example_dags/tutorial_objectstorage.py
[2024-08-22T11:24:21.203+0700] {processor.py:925} INFO - DAG(s) 'tutorial_objectstorage' retrieved from /home/user/.local/lib/python3.10/site-packages/airflow/example_dags/tutorial_objectstorage.py
[2024-08-22T11:24:21.220+0700] {logging_mixin.py:190} INFO - [2024-08-22T11:24:21.220+0700] {dag.py:3211} INFO - Sync 1 DAGs
[2024-08-22T11:24:21.232+0700] {logging_mixin.py:190} INFO - [2024-08-22T11:24:21.231+0700] {dag.py:4138} INFO - Setting next_dagrun for tutorial_objectstorage to None, run_after=None
[2024-08-22T11:24:21.253+0700] {processor.py:208} INFO - Processing /home/user/.local/lib/python3.10/site-packages/airflow/example_dags/tutorial_objectstorage.py took 0.197 seconds
[2024-08-22T11:25:24.836+0700] {processor.py:186} INFO - Started process (PID=36273) to work on /home/user/.local/lib/python3.10/site-packages/airflow/example_dags/tutorial_objectstorage.py
[2024-08-22T11:25:24.849+0700] {processor.py:914} INFO - Processing file /home/user/.local/lib/python3.10/site-packages/airflow/example_dags/tutorial_objectstorage.py for tasks to queue
[2024-08-22T11:25:24.873+0700] {logging_mixin.py:190} INFO - [2024-08-22T11:25:24.870+0700] {dagbag.py:587} INFO - Filling up the DagBag from /home/user/.local/lib/python3.10/site-packages/airflow/example_dags/tutorial_objectstorage.py
[2024-08-22T11:25:24.996+0700] {processor.py:925} INFO - DAG(s) 'tutorial_objectstorage' retrieved from /home/user/.local/lib/python3.10/site-packages/airflow/example_dags/tutorial_objectstorage.py
[2024-08-22T11:25:25.129+0700] {logging_mixin.py:190} INFO - [2024-08-22T11:25:25.128+0700] {dag.py:3211} INFO - Sync 1 DAGs
[2024-08-22T11:25:25.179+0700] {logging_mixin.py:190} INFO - [2024-08-22T11:25:25.179+0700] {dag.py:4138} INFO - Setting next_dagrun for tutorial_objectstorage to None, run_after=None
[2024-08-22T11:25:25.249+0700] {processor.py:208} INFO - Processing /home/user/.local/lib/python3.10/site-packages/airflow/example_dags/tutorial_objectstorage.py took 0.469 seconds
[2024-08-22T11:27:03.468+0700] {processor.py:186} INFO - Started process (PID=37229) to work on /home/user/.local/lib/python3.10/site-packages/airflow/example_dags/tutorial_objectstorage.py
[2024-08-22T11:27:03.469+0700] {processor.py:914} INFO - Processing file /home/user/.local/lib/python3.10/site-packages/airflow/example_dags/tutorial_objectstorage.py for tasks to queue
[2024-08-22T11:27:03.470+0700] {logging_mixin.py:190} INFO - [2024-08-22T11:27:03.470+0700] {dagbag.py:587} INFO - Filling up the DagBag from /home/user/.local/lib/python3.10/site-packages/airflow/example_dags/tutorial_objectstorage.py
[2024-08-22T11:27:03.486+0700] {processor.py:925} INFO - DAG(s) 'tutorial_objectstorage' retrieved from /home/user/.local/lib/python3.10/site-packages/airflow/example_dags/tutorial_objectstorage.py
[2024-08-22T11:27:03.498+0700] {logging_mixin.py:190} INFO - [2024-08-22T11:27:03.498+0700] {dag.py:3211} INFO - Sync 1 DAGs
[2024-08-22T11:27:03.508+0700] {logging_mixin.py:190} INFO - [2024-08-22T11:27:03.508+0700] {dag.py:4138} INFO - Setting next_dagrun for tutorial_objectstorage to None, run_after=None
[2024-08-22T11:27:03.526+0700] {processor.py:208} INFO - Processing /home/user/.local/lib/python3.10/site-packages/airflow/example_dags/tutorial_objectstorage.py took 0.063 seconds
[2024-08-22T11:28:02.534+0700] {processor.py:186} INFO - Started process (PID=37685) to work on /home/user/.local/lib/python3.10/site-packages/airflow/example_dags/tutorial_objectstorage.py
[2024-08-22T11:28:02.536+0700] {processor.py:914} INFO - Processing file /home/user/.local/lib/python3.10/site-packages/airflow/example_dags/tutorial_objectstorage.py for tasks to queue
[2024-08-22T11:28:02.537+0700] {logging_mixin.py:190} INFO - [2024-08-22T11:28:02.537+0700] {dagbag.py:587} INFO - Filling up the DagBag from /home/user/.local/lib/python3.10/site-packages/airflow/example_dags/tutorial_objectstorage.py
[2024-08-22T11:28:02.558+0700] {processor.py:925} INFO - DAG(s) 'tutorial_objectstorage' retrieved from /home/user/.local/lib/python3.10/site-packages/airflow/example_dags/tutorial_objectstorage.py
[2024-08-22T11:28:02.587+0700] {logging_mixin.py:190} INFO - [2024-08-22T11:28:02.585+0700] {dag.py:3211} INFO - Sync 1 DAGs
[2024-08-22T11:28:02.605+0700] {logging_mixin.py:190} INFO - [2024-08-22T11:28:02.604+0700] {dag.py:4138} INFO - Setting next_dagrun for tutorial_objectstorage to None, run_after=None
[2024-08-22T11:28:02.647+0700] {processor.py:208} INFO - Processing /home/user/.local/lib/python3.10/site-packages/airflow/example_dags/tutorial_objectstorage.py took 0.119 seconds
[2024-08-22T11:29:17.394+0700] {processor.py:186} INFO - Started process (PID=38324) to work on /home/user/.local/lib/python3.10/site-packages/airflow/example_dags/tutorial_objectstorage.py
[2024-08-22T11:29:17.395+0700] {processor.py:914} INFO - Processing file /home/user/.local/lib/python3.10/site-packages/airflow/example_dags/tutorial_objectstorage.py for tasks to queue
[2024-08-22T11:29:17.397+0700] {logging_mixin.py:190} INFO - [2024-08-22T11:29:17.397+0700] {dagbag.py:587} INFO - Filling up the DagBag from /home/user/.local/lib/python3.10/site-packages/airflow/example_dags/tutorial_objectstorage.py
[2024-08-22T11:29:17.412+0700] {processor.py:925} INFO - DAG(s) 'tutorial_objectstorage' retrieved from /home/user/.local/lib/python3.10/site-packages/airflow/example_dags/tutorial_objectstorage.py
[2024-08-22T11:29:17.427+0700] {logging_mixin.py:190} INFO - [2024-08-22T11:29:17.427+0700] {dag.py:3211} INFO - Sync 1 DAGs
[2024-08-22T11:29:17.438+0700] {logging_mixin.py:190} INFO - [2024-08-22T11:29:17.437+0700] {dag.py:4138} INFO - Setting next_dagrun for tutorial_objectstorage to None, run_after=None
[2024-08-22T11:29:17.460+0700] {processor.py:208} INFO - Processing /home/user/.local/lib/python3.10/site-packages/airflow/example_dags/tutorial_objectstorage.py took 0.074 seconds
[2024-08-22T11:30:48.995+0700] {processor.py:186} INFO - Started process (PID=39014) to work on /home/user/.local/lib/python3.10/site-packages/airflow/example_dags/tutorial_objectstorage.py
[2024-08-22T11:30:48.996+0700] {processor.py:914} INFO - Processing file /home/user/.local/lib/python3.10/site-packages/airflow/example_dags/tutorial_objectstorage.py for tasks to queue
[2024-08-22T11:30:48.997+0700] {logging_mixin.py:190} INFO - [2024-08-22T11:30:48.997+0700] {dagbag.py:587} INFO - Filling up the DagBag from /home/user/.local/lib/python3.10/site-packages/airflow/example_dags/tutorial_objectstorage.py
[2024-08-22T11:30:49.014+0700] {processor.py:925} INFO - DAG(s) 'tutorial_objectstorage' retrieved from /home/user/.local/lib/python3.10/site-packages/airflow/example_dags/tutorial_objectstorage.py
[2024-08-22T11:30:49.026+0700] {logging_mixin.py:190} INFO - [2024-08-22T11:30:49.026+0700] {dag.py:3211} INFO - Sync 1 DAGs
[2024-08-22T11:30:49.036+0700] {logging_mixin.py:190} INFO - [2024-08-22T11:30:49.036+0700] {dag.py:4138} INFO - Setting next_dagrun for tutorial_objectstorage to None, run_after=None
[2024-08-22T11:30:49.055+0700] {processor.py:208} INFO - Processing /home/user/.local/lib/python3.10/site-packages/airflow/example_dags/tutorial_objectstorage.py took 0.065 seconds
