[2024-08-22T11:30:02.221+0700] {local_task_job_runner.py:123} INFO - ::group::Pre task execution logs
[2024-08-22T11:30:02.227+0700] {taskinstance.py:2603} INFO - Dependencies all met for dep_context=non-requeueable deps ti=<TaskInstance: sqlite_query_dag.query_sqlite_users scheduled__2023-01-21T00:00:00+00:00 [queued]>
[2024-08-22T11:30:02.230+0700] {taskinstance.py:2603} INFO - Dependencies all met for dep_context=requeueable deps ti=<TaskInstance: sqlite_query_dag.query_sqlite_users scheduled__2023-01-21T00:00:00+00:00 [queued]>
[2024-08-22T11:30:02.230+0700] {taskinstance.py:2856} INFO - Starting attempt 1 of 2
[2024-08-22T11:30:02.243+0700] {taskinstance.py:2879} INFO - Executing <Task(PythonOperator): query_sqlite_users> on 2023-01-21 00:00:00+00:00
[2024-08-22T11:30:02.246+0700] {standard_task_runner.py:72} INFO - Started process 38690 to run task
[2024-08-22T11:30:02.249+0700] {standard_task_runner.py:104} INFO - Running: ['airflow', 'tasks', 'run', 'sqlite_query_dag', 'query_sqlite_users', 'scheduled__2023-01-21T00:00:00+00:00', '--job-id', '31', '--raw', '--subdir', 'DAGS_FOLDER/test_slqite.py', '--cfg-path', '/tmp/tmp9bg2o5nd']
[2024-08-22T11:30:02.249+0700] {standard_task_runner.py:105} INFO - Job 31: Subtask query_sqlite_users
[2024-08-22T11:30:02.275+0700] {task_command.py:467} INFO - Running <TaskInstance: sqlite_query_dag.query_sqlite_users scheduled__2023-01-21T00:00:00+00:00 [running]> on host LAPTOP-G8FSBU09.
[2024-08-22T11:30:02.323+0700] {taskinstance.py:3122} INFO - Exporting env vars: AIRFLOW_CTX_DAG_OWNER='airflow' AIRFLOW_CTX_DAG_ID='sqlite_query_dag' AIRFLOW_CTX_TASK_ID='query_sqlite_users' AIRFLOW_CTX_EXECUTION_DATE='2023-01-21T00:00:00+00:00' AIRFLOW_CTX_TRY_NUMBER='1' AIRFLOW_CTX_DAG_RUN_ID='scheduled__2023-01-21T00:00:00+00:00'
[2024-08-22T11:30:02.324+0700] {logging_mixin.py:190} INFO - Task instance is in running state
[2024-08-22T11:30:02.324+0700] {logging_mixin.py:190} INFO -  Previous state of the Task instance: queued
[2024-08-22T11:30:02.324+0700] {logging_mixin.py:190} INFO - Current task name:query_sqlite_users state:running start_date:2024-08-22 04:30:02.227685+00:00
[2024-08-22T11:30:02.324+0700] {logging_mixin.py:190} INFO - Dag name:sqlite_query_dag and current dag run status:running
[2024-08-22T11:30:02.324+0700] {taskinstance.py:731} INFO - ::endgroup::
[2024-08-22T11:30:02.325+0700] {logging_mixin.py:190} INFO - (1, 'abc')
[2024-08-22T11:30:02.325+0700] {logging_mixin.py:190} INFO - (2, 'bcd')
[2024-08-22T11:30:02.325+0700] {logging_mixin.py:190} INFO - (3, 'cde')
[2024-08-22T11:30:02.326+0700] {python.py:240} INFO - Done. Returned value was: None
[2024-08-22T11:30:02.328+0700] {taskinstance.py:340} INFO - ::group::Post task execution logs
[2024-08-22T11:30:02.328+0700] {taskinstance.py:352} INFO - Marking task as SUCCESS. dag_id=sqlite_query_dag, task_id=query_sqlite_users, run_id=scheduled__2023-01-21T00:00:00+00:00, execution_date=20230121T000000, start_date=20240822T043002, end_date=20240822T043002
[2024-08-22T11:30:02.337+0700] {logging_mixin.py:190} INFO - Task instance in success state
[2024-08-22T11:30:02.337+0700] {logging_mixin.py:190} INFO -  Previous state of the Task instance: running
[2024-08-22T11:30:02.338+0700] {logging_mixin.py:190} INFO - Dag name:sqlite_query_dag queued_at:2024-08-22 04:30:00.391827+00:00
[2024-08-22T11:30:02.338+0700] {logging_mixin.py:190} INFO - Task hostname:LAPTOP-G8FSBU09. operator:PythonOperator
[2024-08-22T11:30:02.342+0700] {local_task_job_runner.py:261} INFO - Task exited with return code 0
[2024-08-22T11:30:02.351+0700] {taskinstance.py:3891} INFO - 0 downstream tasks scheduled from follow-on schedule check
[2024-08-22T11:30:02.352+0700] {local_task_job_runner.py:240} INFO - ::endgroup::
