[2024-08-22T10:53:14.136+0700] {local_task_job_runner.py:123} INFO - ::group::Pre task execution logs
[2024-08-22T10:53:14.147+0700] {taskinstance.py:2603} INFO - Dependencies all met for dep_context=non-requeueable deps ti=<TaskInstance: simple_dag.print_date scheduled__2024-08-21T05:05:00+00:00 [queued]>
[2024-08-22T10:53:14.151+0700] {taskinstance.py:2603} INFO - Dependencies all met for dep_context=requeueable deps ti=<TaskInstance: simple_dag.print_date scheduled__2024-08-21T05:05:00+00:00 [queued]>
[2024-08-22T10:53:14.151+0700] {taskinstance.py:2856} INFO - Starting attempt 1 of 1
[2024-08-22T10:53:14.164+0700] {taskinstance.py:2879} INFO - Executing <Task(BashOperator): print_date> on 2024-08-21 05:05:00+00:00
[2024-08-22T10:53:14.168+0700] {standard_task_runner.py:72} INFO - Started process 20146 to run task
[2024-08-22T10:53:14.173+0700] {standard_task_runner.py:104} INFO - Running: ['airflow', 'tasks', 'run', 'simple_dag', 'print_date', 'scheduled__2024-08-21T05:05:00+00:00', '--job-id', '242', '--raw', '--subdir', 'DAGS_FOLDER/test.py', '--cfg-path', '/tmp/tmpvf_i2reg']
[2024-08-22T10:53:14.174+0700] {standard_task_runner.py:105} INFO - Job 242: Subtask print_date
[2024-08-22T10:53:14.218+0700] {task_command.py:467} INFO - Running <TaskInstance: simple_dag.print_date scheduled__2024-08-21T05:05:00+00:00 [running]> on host LAPTOP-G8FSBU09.
[2024-08-22T10:53:14.295+0700] {taskinstance.py:3122} INFO - Exporting env vars: AIRFLOW_CTX_DAG_OWNER='airflow' AIRFLOW_CTX_DAG_ID='simple_dag' AIRFLOW_CTX_TASK_ID='print_date' AIRFLOW_CTX_EXECUTION_DATE='2024-08-21T05:05:00+00:00' AIRFLOW_CTX_TRY_NUMBER='1' AIRFLOW_CTX_DAG_RUN_ID='scheduled__2024-08-21T05:05:00+00:00'
[2024-08-22T10:53:14.297+0700] {logging_mixin.py:190} INFO - Task instance is in running state
[2024-08-22T10:53:14.298+0700] {logging_mixin.py:190} INFO -  Previous state of the Task instance: queued
[2024-08-22T10:53:14.298+0700] {logging_mixin.py:190} INFO - Current task name:print_date state:running start_date:2024-08-22 03:53:14.147700+00:00
[2024-08-22T10:53:14.298+0700] {logging_mixin.py:190} INFO - Dag name:simple_dag and current dag run status:running
[2024-08-22T10:53:14.299+0700] {taskinstance.py:731} INFO - ::endgroup::
[2024-08-22T10:53:14.300+0700] {subprocess.py:63} INFO - Tmp dir root location: /tmp
[2024-08-22T10:53:14.301+0700] {subprocess.py:75} INFO - Running command: ['/usr/bin/bash', '-c', 'date']
[2024-08-22T10:53:14.311+0700] {subprocess.py:86} INFO - Output:
[2024-08-22T10:53:14.314+0700] {subprocess.py:93} INFO - Thu Aug 22 10:53:14 WIB 2024
[2024-08-22T10:53:14.315+0700] {subprocess.py:97} INFO - Command exited with return code 0
[2024-08-22T10:53:14.332+0700] {taskinstance.py:340} INFO - ::group::Post task execution logs
[2024-08-22T10:53:14.333+0700] {taskinstance.py:352} INFO - Marking task as SUCCESS. dag_id=simple_dag, task_id=print_date, run_id=scheduled__2024-08-21T05:05:00+00:00, execution_date=20240821T050500, start_date=20240822T035314, end_date=20240822T035314
[2024-08-22T10:53:14.343+0700] {logging_mixin.py:190} INFO - Task instance in success state
[2024-08-22T10:53:14.343+0700] {logging_mixin.py:190} INFO -  Previous state of the Task instance: running
[2024-08-22T10:53:14.343+0700] {logging_mixin.py:190} INFO - Dag name:simple_dag queued_at:2024-08-22 03:53:12.594927+00:00
[2024-08-22T10:53:14.344+0700] {logging_mixin.py:190} INFO - Task hostname:LAPTOP-G8FSBU09. operator:BashOperator
[2024-08-22T10:53:14.387+0700] {local_task_job_runner.py:261} INFO - Task exited with return code 0
[2024-08-22T10:53:14.404+0700] {taskinstance.py:3891} INFO - 1 downstream tasks scheduled from follow-on schedule check
[2024-08-22T10:53:14.409+0700] {local_task_job_runner.py:240} INFO - ::endgroup::
