[2024-08-21T09:47:41.762+0700] {local_task_job_runner.py:123} INFO - ::group::Pre task execution logs
[2024-08-21T09:47:41.770+0700] {taskinstance.py:2603} INFO - Dependencies all met for dep_context=non-requeueable deps ti=<TaskInstance: simple_dag.print_hello scheduled__2024-08-21T00:38:00+00:00 [queued]>
[2024-08-21T09:47:41.778+0700] {taskinstance.py:2603} INFO - Dependencies all met for dep_context=requeueable deps ti=<TaskInstance: simple_dag.print_hello scheduled__2024-08-21T00:38:00+00:00 [queued]>
[2024-08-21T09:47:41.779+0700] {taskinstance.py:2856} INFO - Starting attempt 1 of 2
[2024-08-21T09:47:41.797+0700] {taskinstance.py:2879} INFO - Executing <Task(BashOperator): print_hello> on 2024-08-21 00:38:00+00:00
[2024-08-21T09:47:41.801+0700] {standard_task_runner.py:72} INFO - Started process 56969 to run task
[2024-08-21T09:47:41.806+0700] {standard_task_runner.py:104} INFO - Running: ['airflow', 'tasks', 'run', 'simple_dag', 'print_hello', 'scheduled__2024-08-21T00:38:00+00:00', '--job-id', '71', '--raw', '--subdir', 'DAGS_FOLDER/daily_report.py', '--cfg-path', '/tmp/tmp6a8aa_6u']
[2024-08-21T09:47:41.807+0700] {standard_task_runner.py:105} INFO - Job 71: Subtask print_hello
[2024-08-21T09:47:41.855+0700] {task_command.py:467} INFO - Running <TaskInstance: simple_dag.print_hello scheduled__2024-08-21T00:38:00+00:00 [running]> on host LAPTOP-G8FSBU09.
[2024-08-21T09:47:41.915+0700] {taskinstance.py:3122} INFO - Exporting env vars: AIRFLOW_CTX_DAG_OWNER='airflow' AIRFLOW_CTX_DAG_ID='simple_dag' AIRFLOW_CTX_TASK_ID='print_hello' AIRFLOW_CTX_EXECUTION_DATE='2024-08-21T00:38:00+00:00' AIRFLOW_CTX_TRY_NUMBER='1' AIRFLOW_CTX_DAG_RUN_ID='scheduled__2024-08-21T00:38:00+00:00'
[2024-08-21T09:47:41.916+0700] {logging_mixin.py:190} INFO - Task instance is in running state
[2024-08-21T09:47:41.917+0700] {logging_mixin.py:190} INFO -  Previous state of the Task instance: queued
[2024-08-21T09:47:41.917+0700] {logging_mixin.py:190} INFO - Current task name:print_hello state:running start_date:2024-08-21 02:47:41.770457+00:00
[2024-08-21T09:47:41.917+0700] {logging_mixin.py:190} INFO - Dag name:simple_dag and current dag run status:running
[2024-08-21T09:47:41.917+0700] {taskinstance.py:731} INFO - ::endgroup::
[2024-08-21T09:47:41.920+0700] {subprocess.py:63} INFO - Tmp dir root location: /tmp
[2024-08-21T09:47:41.920+0700] {subprocess.py:75} INFO - Running command: ['/usr/bin/bash', '-c', 'echo "Hello World"']
[2024-08-21T09:47:41.927+0700] {subprocess.py:86} INFO - Output:
[2024-08-21T09:47:41.928+0700] {subprocess.py:93} INFO - Hello World
[2024-08-21T09:47:41.928+0700] {subprocess.py:97} INFO - Command exited with return code 0
[2024-08-21T09:47:41.947+0700] {taskinstance.py:340} INFO - ::group::Post task execution logs
[2024-08-21T09:47:41.947+0700] {taskinstance.py:352} INFO - Marking task as SUCCESS. dag_id=simple_dag, task_id=print_hello, run_id=scheduled__2024-08-21T00:38:00+00:00, execution_date=20240821T003800, start_date=20240821T024741, end_date=20240821T024741
[2024-08-21T09:47:41.958+0700] {logging_mixin.py:190} INFO - Task instance in success state
[2024-08-21T09:47:41.958+0700] {logging_mixin.py:190} INFO -  Previous state of the Task instance: running
[2024-08-21T09:47:41.959+0700] {logging_mixin.py:190} INFO - Dag name:simple_dag queued_at:2024-08-21 02:47:20.315472+00:00
[2024-08-21T09:47:41.959+0700] {logging_mixin.py:190} INFO - Task hostname:LAPTOP-G8FSBU09. operator:BashOperator
[2024-08-21T09:47:41.978+0700] {local_task_job_runner.py:261} INFO - Task exited with return code 0
[2024-08-21T09:47:41.987+0700] {taskinstance.py:3891} INFO - 0 downstream tasks scheduled from follow-on schedule check
[2024-08-21T09:47:41.987+0700] {local_task_job_runner.py:240} INFO - ::endgroup::
