[2024-08-20T11:27:55.850+0700] {processor.py:186} INFO - Started process (PID=35620) to work on /home/user/.local/lib/python3.10/site-packages/airflow/example_dags/example_latest_only.py
[2024-08-20T11:27:55.850+0700] {processor.py:914} INFO - Processing file /home/user/.local/lib/python3.10/site-packages/airflow/example_dags/example_latest_only.py for tasks to queue
[2024-08-20T11:27:55.852+0700] {logging_mixin.py:190} INFO - [2024-08-20T11:27:55.851+0700] {dagbag.py:587} INFO - Filling up the DagBag from /home/user/.local/lib/python3.10/site-packages/airflow/example_dags/example_latest_only.py
[2024-08-20T11:27:55.857+0700] {processor.py:925} INFO - DAG(s) 'latest_only' retrieved from /home/user/.local/lib/python3.10/site-packages/airflow/example_dags/example_latest_only.py
[2024-08-20T11:27:55.951+0700] {logging_mixin.py:190} INFO - [2024-08-20T11:27:55.950+0700] {override.py:1858} INFO - Created Permission View: can read on DAG:latest_only
[2024-08-20T11:27:55.961+0700] {logging_mixin.py:190} INFO - [2024-08-20T11:27:55.961+0700] {override.py:1858} INFO - Created Permission View: can delete on DAG:latest_only
[2024-08-20T11:27:55.972+0700] {logging_mixin.py:190} INFO - [2024-08-20T11:27:55.972+0700] {override.py:1858} INFO - Created Permission View: can edit on DAG:latest_only
[2024-08-20T11:27:55.972+0700] {logging_mixin.py:190} INFO - [2024-08-20T11:27:55.972+0700] {dag.py:3211} INFO - Sync 1 DAGs
[2024-08-20T11:27:55.982+0700] {logging_mixin.py:190} INFO - [2024-08-20T11:27:55.981+0700] {dag.py:3234} INFO - Creating ORM DAG for latest_only
[2024-08-20T11:27:55.988+0700] {logging_mixin.py:190} INFO - [2024-08-20T11:27:55.988+0700] {dag.py:4138} INFO - Setting next_dagrun for latest_only to 2024-08-20 00:00:00+00:00, run_after=2024-08-20 04:00:00+00:00
[2024-08-20T11:27:56.007+0700] {processor.py:208} INFO - Processing /home/user/.local/lib/python3.10/site-packages/airflow/example_dags/example_latest_only.py took 0.162 seconds
[2024-08-20T11:28:55.280+0700] {processor.py:186} INFO - Started process (PID=36084) to work on /home/user/.local/lib/python3.10/site-packages/airflow/example_dags/example_latest_only.py
[2024-08-20T11:28:55.282+0700] {processor.py:914} INFO - Processing file /home/user/.local/lib/python3.10/site-packages/airflow/example_dags/example_latest_only.py for tasks to queue
[2024-08-20T11:28:55.284+0700] {logging_mixin.py:190} INFO - [2024-08-20T11:28:55.283+0700] {dagbag.py:587} INFO - Filling up the DagBag from /home/user/.local/lib/python3.10/site-packages/airflow/example_dags/example_latest_only.py
[2024-08-20T11:28:55.289+0700] {processor.py:925} INFO - DAG(s) 'latest_only' retrieved from /home/user/.local/lib/python3.10/site-packages/airflow/example_dags/example_latest_only.py
[2024-08-20T11:28:55.301+0700] {logging_mixin.py:190} INFO - [2024-08-20T11:28:55.301+0700] {dag.py:3211} INFO - Sync 1 DAGs
[2024-08-20T11:28:55.317+0700] {logging_mixin.py:190} INFO - [2024-08-20T11:28:55.317+0700] {dag.py:4138} INFO - Setting next_dagrun for latest_only to 2024-08-20 00:00:00+00:00, run_after=2024-08-20 04:00:00+00:00
[2024-08-20T11:28:55.337+0700] {processor.py:208} INFO - Processing /home/user/.local/lib/python3.10/site-packages/airflow/example_dags/example_latest_only.py took 0.061 seconds
[2024-08-20T11:29:51.520+0700] {processor.py:186} INFO - Started process (PID=36530) to work on /home/user/.local/lib/python3.10/site-packages/airflow/example_dags/example_latest_only.py
[2024-08-20T11:29:51.523+0700] {processor.py:914} INFO - Processing file /home/user/.local/lib/python3.10/site-packages/airflow/example_dags/example_latest_only.py for tasks to queue
[2024-08-20T11:29:51.525+0700] {logging_mixin.py:190} INFO - [2024-08-20T11:29:51.525+0700] {dagbag.py:587} INFO - Filling up the DagBag from /home/user/.local/lib/python3.10/site-packages/airflow/example_dags/example_latest_only.py
[2024-08-20T11:29:51.532+0700] {processor.py:925} INFO - DAG(s) 'latest_only' retrieved from /home/user/.local/lib/python3.10/site-packages/airflow/example_dags/example_latest_only.py
[2024-08-20T11:29:51.543+0700] {logging_mixin.py:190} INFO - [2024-08-20T11:29:51.543+0700] {dag.py:3211} INFO - Sync 1 DAGs
[2024-08-20T11:29:51.558+0700] {logging_mixin.py:190} INFO - [2024-08-20T11:29:51.558+0700] {dag.py:4138} INFO - Setting next_dagrun for latest_only to 2024-08-20 00:00:00+00:00, run_after=2024-08-20 04:00:00+00:00
[2024-08-20T11:29:51.578+0700] {processor.py:208} INFO - Processing /home/user/.local/lib/python3.10/site-packages/airflow/example_dags/example_latest_only.py took 0.062 seconds
[2024-08-20T11:31:21.041+0700] {processor.py:186} INFO - Started process (PID=37295) to work on /home/user/.local/lib/python3.10/site-packages/airflow/example_dags/example_latest_only.py
[2024-08-20T11:31:21.043+0700] {processor.py:914} INFO - Processing file /home/user/.local/lib/python3.10/site-packages/airflow/example_dags/example_latest_only.py for tasks to queue
[2024-08-20T11:31:21.046+0700] {logging_mixin.py:190} INFO - [2024-08-20T11:31:21.046+0700] {dagbag.py:587} INFO - Filling up the DagBag from /home/user/.local/lib/python3.10/site-packages/airflow/example_dags/example_latest_only.py
[2024-08-20T11:31:21.056+0700] {processor.py:925} INFO - DAG(s) 'latest_only' retrieved from /home/user/.local/lib/python3.10/site-packages/airflow/example_dags/example_latest_only.py
[2024-08-20T11:31:21.070+0700] {logging_mixin.py:190} INFO - [2024-08-20T11:31:21.070+0700] {dag.py:3211} INFO - Sync 1 DAGs
[2024-08-20T11:31:21.090+0700] {logging_mixin.py:190} INFO - [2024-08-20T11:31:21.090+0700] {dag.py:4138} INFO - Setting next_dagrun for latest_only to 2024-08-20 00:00:00+00:00, run_after=2024-08-20 04:00:00+00:00
[2024-08-20T11:31:21.117+0700] {processor.py:208} INFO - Processing /home/user/.local/lib/python3.10/site-packages/airflow/example_dags/example_latest_only.py took 0.085 seconds
[2024-08-20T11:32:18.123+0700] {processor.py:186} INFO - Started process (PID=38037) to work on /home/user/.local/lib/python3.10/site-packages/airflow/example_dags/example_latest_only.py
[2024-08-20T11:32:18.124+0700] {processor.py:914} INFO - Processing file /home/user/.local/lib/python3.10/site-packages/airflow/example_dags/example_latest_only.py for tasks to queue
[2024-08-20T11:32:18.125+0700] {logging_mixin.py:190} INFO - [2024-08-20T11:32:18.125+0700] {dagbag.py:587} INFO - Filling up the DagBag from /home/user/.local/lib/python3.10/site-packages/airflow/example_dags/example_latest_only.py
[2024-08-20T11:32:18.131+0700] {processor.py:925} INFO - DAG(s) 'latest_only' retrieved from /home/user/.local/lib/python3.10/site-packages/airflow/example_dags/example_latest_only.py
[2024-08-20T11:32:18.142+0700] {logging_mixin.py:190} INFO - [2024-08-20T11:32:18.142+0700] {dag.py:3211} INFO - Sync 1 DAGs
[2024-08-20T11:32:18.156+0700] {logging_mixin.py:190} INFO - [2024-08-20T11:32:18.155+0700] {dag.py:4138} INFO - Setting next_dagrun for latest_only to 2024-08-20 00:00:00+00:00, run_after=2024-08-20 04:00:00+00:00
[2024-08-20T11:32:18.172+0700] {processor.py:208} INFO - Processing /home/user/.local/lib/python3.10/site-packages/airflow/example_dags/example_latest_only.py took 0.054 seconds
[2024-08-20T11:33:13.289+0700] {processor.py:186} INFO - Started process (PID=38467) to work on /home/user/.local/lib/python3.10/site-packages/airflow/example_dags/example_latest_only.py
[2024-08-20T11:33:13.291+0700] {processor.py:914} INFO - Processing file /home/user/.local/lib/python3.10/site-packages/airflow/example_dags/example_latest_only.py for tasks to queue
[2024-08-20T11:33:13.292+0700] {logging_mixin.py:190} INFO - [2024-08-20T11:33:13.292+0700] {dagbag.py:587} INFO - Filling up the DagBag from /home/user/.local/lib/python3.10/site-packages/airflow/example_dags/example_latest_only.py
[2024-08-20T11:33:13.297+0700] {processor.py:925} INFO - DAG(s) 'latest_only' retrieved from /home/user/.local/lib/python3.10/site-packages/airflow/example_dags/example_latest_only.py
[2024-08-20T11:33:13.309+0700] {logging_mixin.py:190} INFO - [2024-08-20T11:33:13.308+0700] {dag.py:3211} INFO - Sync 1 DAGs
[2024-08-20T11:33:13.324+0700] {logging_mixin.py:190} INFO - [2024-08-20T11:33:13.324+0700] {dag.py:4138} INFO - Setting next_dagrun for latest_only to 2024-08-20 00:00:00+00:00, run_after=2024-08-20 04:00:00+00:00
[2024-08-20T11:33:13.342+0700] {processor.py:208} INFO - Processing /home/user/.local/lib/python3.10/site-packages/airflow/example_dags/example_latest_only.py took 0.058 seconds
[2024-08-20T11:34:57.812+0700] {processor.py:186} INFO - Started process (PID=39292) to work on /home/user/.local/lib/python3.10/site-packages/airflow/example_dags/example_latest_only.py
[2024-08-20T11:34:57.813+0700] {processor.py:914} INFO - Processing file /home/user/.local/lib/python3.10/site-packages/airflow/example_dags/example_latest_only.py for tasks to queue
[2024-08-20T11:34:57.814+0700] {logging_mixin.py:190} INFO - [2024-08-20T11:34:57.814+0700] {dagbag.py:587} INFO - Filling up the DagBag from /home/user/.local/lib/python3.10/site-packages/airflow/example_dags/example_latest_only.py
[2024-08-20T11:34:57.818+0700] {processor.py:925} INFO - DAG(s) 'latest_only' retrieved from /home/user/.local/lib/python3.10/site-packages/airflow/example_dags/example_latest_only.py
[2024-08-20T11:34:57.833+0700] {logging_mixin.py:190} INFO - [2024-08-20T11:34:57.833+0700] {dag.py:3211} INFO - Sync 1 DAGs
[2024-08-20T11:34:57.847+0700] {logging_mixin.py:190} INFO - [2024-08-20T11:34:57.847+0700] {dag.py:4138} INFO - Setting next_dagrun for latest_only to 2024-08-20 00:00:00+00:00, run_after=2024-08-20 04:00:00+00:00
[2024-08-20T11:34:57.863+0700] {processor.py:208} INFO - Processing /home/user/.local/lib/python3.10/site-packages/airflow/example_dags/example_latest_only.py took 0.055 seconds
[2024-08-20T11:35:52.219+0700] {processor.py:186} INFO - Started process (PID=39723) to work on /home/user/.local/lib/python3.10/site-packages/airflow/example_dags/example_latest_only.py
[2024-08-20T11:35:52.221+0700] {processor.py:914} INFO - Processing file /home/user/.local/lib/python3.10/site-packages/airflow/example_dags/example_latest_only.py for tasks to queue
[2024-08-20T11:35:52.223+0700] {logging_mixin.py:190} INFO - [2024-08-20T11:35:52.223+0700] {dagbag.py:587} INFO - Filling up the DagBag from /home/user/.local/lib/python3.10/site-packages/airflow/example_dags/example_latest_only.py
[2024-08-20T11:35:52.228+0700] {processor.py:925} INFO - DAG(s) 'latest_only' retrieved from /home/user/.local/lib/python3.10/site-packages/airflow/example_dags/example_latest_only.py
[2024-08-20T11:35:52.239+0700] {logging_mixin.py:190} INFO - [2024-08-20T11:35:52.239+0700] {dag.py:3211} INFO - Sync 1 DAGs
[2024-08-20T11:35:52.253+0700] {logging_mixin.py:190} INFO - [2024-08-20T11:35:52.253+0700] {dag.py:4138} INFO - Setting next_dagrun for latest_only to 2024-08-20 00:00:00+00:00, run_after=2024-08-20 04:00:00+00:00
[2024-08-20T11:35:52.271+0700] {processor.py:208} INFO - Processing /home/user/.local/lib/python3.10/site-packages/airflow/example_dags/example_latest_only.py took 0.056 seconds
[2024-08-20T11:36:45.540+0700] {processor.py:186} INFO - Started process (PID=40146) to work on /home/user/.local/lib/python3.10/site-packages/airflow/example_dags/example_latest_only.py
[2024-08-20T11:36:45.542+0700] {processor.py:914} INFO - Processing file /home/user/.local/lib/python3.10/site-packages/airflow/example_dags/example_latest_only.py for tasks to queue
[2024-08-20T11:36:45.543+0700] {logging_mixin.py:190} INFO - [2024-08-20T11:36:45.543+0700] {dagbag.py:587} INFO - Filling up the DagBag from /home/user/.local/lib/python3.10/site-packages/airflow/example_dags/example_latest_only.py
[2024-08-20T11:36:45.549+0700] {processor.py:925} INFO - DAG(s) 'latest_only' retrieved from /home/user/.local/lib/python3.10/site-packages/airflow/example_dags/example_latest_only.py
[2024-08-20T11:36:45.561+0700] {logging_mixin.py:190} INFO - [2024-08-20T11:36:45.560+0700] {dag.py:3211} INFO - Sync 1 DAGs
[2024-08-20T11:36:45.578+0700] {logging_mixin.py:190} INFO - [2024-08-20T11:36:45.578+0700] {dag.py:4138} INFO - Setting next_dagrun for latest_only to 2024-08-20 00:00:00+00:00, run_after=2024-08-20 04:00:00+00:00
[2024-08-20T11:36:45.595+0700] {processor.py:208} INFO - Processing /home/user/.local/lib/python3.10/site-packages/airflow/example_dags/example_latest_only.py took 0.059 seconds
[2024-08-20T11:38:00.890+0700] {processor.py:186} INFO - Started process (PID=40759) to work on /home/user/.local/lib/python3.10/site-packages/airflow/example_dags/example_latest_only.py
[2024-08-20T11:38:00.908+0700] {processor.py:914} INFO - Processing file /home/user/.local/lib/python3.10/site-packages/airflow/example_dags/example_latest_only.py for tasks to queue
[2024-08-20T11:38:00.912+0700] {logging_mixin.py:190} INFO - [2024-08-20T11:38:00.911+0700] {dagbag.py:587} INFO - Filling up the DagBag from /home/user/.local/lib/python3.10/site-packages/airflow/example_dags/example_latest_only.py
[2024-08-20T11:38:00.918+0700] {processor.py:925} INFO - DAG(s) 'latest_only' retrieved from /home/user/.local/lib/python3.10/site-packages/airflow/example_dags/example_latest_only.py
[2024-08-20T11:38:00.931+0700] {logging_mixin.py:190} INFO - [2024-08-20T11:38:00.931+0700] {dag.py:3211} INFO - Sync 1 DAGs
[2024-08-20T11:38:00.945+0700] {logging_mixin.py:190} INFO - [2024-08-20T11:38:00.944+0700] {dag.py:4138} INFO - Setting next_dagrun for latest_only to 2024-08-20 00:00:00+00:00, run_after=2024-08-20 04:00:00+00:00
[2024-08-20T11:38:00.962+0700] {processor.py:208} INFO - Processing /home/user/.local/lib/python3.10/site-packages/airflow/example_dags/example_latest_only.py took 0.076 seconds
[2024-08-20T11:38:54.456+0700] {processor.py:186} INFO - Started process (PID=41189) to work on /home/user/.local/lib/python3.10/site-packages/airflow/example_dags/example_latest_only.py
[2024-08-20T11:38:54.462+0700] {processor.py:914} INFO - Processing file /home/user/.local/lib/python3.10/site-packages/airflow/example_dags/example_latest_only.py for tasks to queue
[2024-08-20T11:38:54.464+0700] {logging_mixin.py:190} INFO - [2024-08-20T11:38:54.464+0700] {dagbag.py:587} INFO - Filling up the DagBag from /home/user/.local/lib/python3.10/site-packages/airflow/example_dags/example_latest_only.py
[2024-08-20T11:38:54.471+0700] {processor.py:925} INFO - DAG(s) 'latest_only' retrieved from /home/user/.local/lib/python3.10/site-packages/airflow/example_dags/example_latest_only.py
[2024-08-20T11:38:54.485+0700] {logging_mixin.py:190} INFO - [2024-08-20T11:38:54.484+0700] {dag.py:3211} INFO - Sync 1 DAGs
[2024-08-20T11:38:54.498+0700] {logging_mixin.py:190} INFO - [2024-08-20T11:38:54.497+0700] {dag.py:4138} INFO - Setting next_dagrun for latest_only to 2024-08-20 00:00:00+00:00, run_after=2024-08-20 04:00:00+00:00
[2024-08-20T11:38:54.515+0700] {processor.py:208} INFO - Processing /home/user/.local/lib/python3.10/site-packages/airflow/example_dags/example_latest_only.py took 0.066 seconds
[2024-08-20T11:39:47.840+0700] {processor.py:186} INFO - Started process (PID=41616) to work on /home/user/.local/lib/python3.10/site-packages/airflow/example_dags/example_latest_only.py
[2024-08-20T11:39:47.842+0700] {processor.py:914} INFO - Processing file /home/user/.local/lib/python3.10/site-packages/airflow/example_dags/example_latest_only.py for tasks to queue
[2024-08-20T11:39:47.843+0700] {logging_mixin.py:190} INFO - [2024-08-20T11:39:47.843+0700] {dagbag.py:587} INFO - Filling up the DagBag from /home/user/.local/lib/python3.10/site-packages/airflow/example_dags/example_latest_only.py
[2024-08-20T11:39:47.850+0700] {processor.py:925} INFO - DAG(s) 'latest_only' retrieved from /home/user/.local/lib/python3.10/site-packages/airflow/example_dags/example_latest_only.py
[2024-08-20T11:39:47.865+0700] {logging_mixin.py:190} INFO - [2024-08-20T11:39:47.865+0700] {dag.py:3211} INFO - Sync 1 DAGs
[2024-08-20T11:39:47.880+0700] {logging_mixin.py:190} INFO - [2024-08-20T11:39:47.880+0700] {dag.py:4138} INFO - Setting next_dagrun for latest_only to 2024-08-20 00:00:00+00:00, run_after=2024-08-20 04:00:00+00:00
[2024-08-20T11:39:47.899+0700] {processor.py:208} INFO - Processing /home/user/.local/lib/python3.10/site-packages/airflow/example_dags/example_latest_only.py took 0.063 seconds
[2024-08-20T11:40:58.617+0700] {processor.py:186} INFO - Started process (PID=42191) to work on /home/user/.local/lib/python3.10/site-packages/airflow/example_dags/example_latest_only.py
[2024-08-20T11:40:58.624+0700] {processor.py:914} INFO - Processing file /home/user/.local/lib/python3.10/site-packages/airflow/example_dags/example_latest_only.py for tasks to queue
[2024-08-20T11:40:58.626+0700] {logging_mixin.py:190} INFO - [2024-08-20T11:40:58.626+0700] {dagbag.py:587} INFO - Filling up the DagBag from /home/user/.local/lib/python3.10/site-packages/airflow/example_dags/example_latest_only.py
[2024-08-20T11:40:58.631+0700] {processor.py:925} INFO - DAG(s) 'latest_only' retrieved from /home/user/.local/lib/python3.10/site-packages/airflow/example_dags/example_latest_only.py
[2024-08-20T11:40:58.643+0700] {logging_mixin.py:190} INFO - [2024-08-20T11:40:58.643+0700] {dag.py:3211} INFO - Sync 1 DAGs
[2024-08-20T11:40:58.657+0700] {logging_mixin.py:190} INFO - [2024-08-20T11:40:58.656+0700] {dag.py:4138} INFO - Setting next_dagrun for latest_only to 2024-08-20 00:00:00+00:00, run_after=2024-08-20 04:00:00+00:00
[2024-08-20T11:40:58.674+0700] {processor.py:208} INFO - Processing /home/user/.local/lib/python3.10/site-packages/airflow/example_dags/example_latest_only.py took 0.062 seconds
[2024-08-20T11:41:50.777+0700] {processor.py:186} INFO - Started process (PID=42606) to work on /home/user/.local/lib/python3.10/site-packages/airflow/example_dags/example_latest_only.py
[2024-08-20T11:41:50.792+0700] {processor.py:914} INFO - Processing file /home/user/.local/lib/python3.10/site-packages/airflow/example_dags/example_latest_only.py for tasks to queue
[2024-08-20T11:41:50.795+0700] {logging_mixin.py:190} INFO - [2024-08-20T11:41:50.795+0700] {dagbag.py:587} INFO - Filling up the DagBag from /home/user/.local/lib/python3.10/site-packages/airflow/example_dags/example_latest_only.py
[2024-08-20T11:41:50.805+0700] {processor.py:925} INFO - DAG(s) 'latest_only' retrieved from /home/user/.local/lib/python3.10/site-packages/airflow/example_dags/example_latest_only.py
[2024-08-20T11:41:50.824+0700] {logging_mixin.py:190} INFO - [2024-08-20T11:41:50.823+0700] {dag.py:3211} INFO - Sync 1 DAGs
[2024-08-20T11:41:50.842+0700] {logging_mixin.py:190} INFO - [2024-08-20T11:41:50.842+0700] {dag.py:4138} INFO - Setting next_dagrun for latest_only to 2024-08-20 00:00:00+00:00, run_after=2024-08-20 04:00:00+00:00
[2024-08-20T11:41:50.863+0700] {processor.py:208} INFO - Processing /home/user/.local/lib/python3.10/site-packages/airflow/example_dags/example_latest_only.py took 0.091 seconds
[2024-08-20T11:42:43.468+0700] {processor.py:186} INFO - Started process (PID=43031) to work on /home/user/.local/lib/python3.10/site-packages/airflow/example_dags/example_latest_only.py
[2024-08-20T11:42:43.469+0700] {processor.py:914} INFO - Processing file /home/user/.local/lib/python3.10/site-packages/airflow/example_dags/example_latest_only.py for tasks to queue
[2024-08-20T11:42:43.471+0700] {logging_mixin.py:190} INFO - [2024-08-20T11:42:43.470+0700] {dagbag.py:587} INFO - Filling up the DagBag from /home/user/.local/lib/python3.10/site-packages/airflow/example_dags/example_latest_only.py
[2024-08-20T11:42:43.477+0700] {processor.py:925} INFO - DAG(s) 'latest_only' retrieved from /home/user/.local/lib/python3.10/site-packages/airflow/example_dags/example_latest_only.py
[2024-08-20T11:42:43.490+0700] {logging_mixin.py:190} INFO - [2024-08-20T11:42:43.489+0700] {dag.py:3211} INFO - Sync 1 DAGs
[2024-08-20T11:42:43.505+0700] {logging_mixin.py:190} INFO - [2024-08-20T11:42:43.505+0700] {dag.py:4138} INFO - Setting next_dagrun for latest_only to 2024-08-20 00:00:00+00:00, run_after=2024-08-20 04:00:00+00:00
[2024-08-20T11:42:43.525+0700] {processor.py:208} INFO - Processing /home/user/.local/lib/python3.10/site-packages/airflow/example_dags/example_latest_only.py took 0.062 seconds
[2024-08-20T11:43:34.097+0700] {processor.py:186} INFO - Started process (PID=43433) to work on /home/user/.local/lib/python3.10/site-packages/airflow/example_dags/example_latest_only.py
[2024-08-20T11:43:34.104+0700] {processor.py:914} INFO - Processing file /home/user/.local/lib/python3.10/site-packages/airflow/example_dags/example_latest_only.py for tasks to queue
[2024-08-20T11:43:34.106+0700] {logging_mixin.py:190} INFO - [2024-08-20T11:43:34.106+0700] {dagbag.py:587} INFO - Filling up the DagBag from /home/user/.local/lib/python3.10/site-packages/airflow/example_dags/example_latest_only.py
[2024-08-20T11:43:34.111+0700] {processor.py:925} INFO - DAG(s) 'latest_only' retrieved from /home/user/.local/lib/python3.10/site-packages/airflow/example_dags/example_latest_only.py
[2024-08-20T11:43:34.123+0700] {logging_mixin.py:190} INFO - [2024-08-20T11:43:34.122+0700] {dag.py:3211} INFO - Sync 1 DAGs
[2024-08-20T11:43:34.143+0700] {logging_mixin.py:190} INFO - [2024-08-20T11:43:34.143+0700] {dag.py:4138} INFO - Setting next_dagrun for latest_only to 2024-08-20 00:00:00+00:00, run_after=2024-08-20 04:00:00+00:00
[2024-08-20T11:43:34.163+0700] {processor.py:208} INFO - Processing /home/user/.local/lib/python3.10/site-packages/airflow/example_dags/example_latest_only.py took 0.070 seconds
[2024-08-20T11:44:23.244+0700] {processor.py:186} INFO - Started process (PID=43823) to work on /home/user/.local/lib/python3.10/site-packages/airflow/example_dags/example_latest_only.py
[2024-08-20T11:44:23.245+0700] {processor.py:914} INFO - Processing file /home/user/.local/lib/python3.10/site-packages/airflow/example_dags/example_latest_only.py for tasks to queue
[2024-08-20T11:44:23.247+0700] {logging_mixin.py:190} INFO - [2024-08-20T11:44:23.246+0700] {dagbag.py:587} INFO - Filling up the DagBag from /home/user/.local/lib/python3.10/site-packages/airflow/example_dags/example_latest_only.py
[2024-08-20T11:44:23.254+0700] {processor.py:925} INFO - DAG(s) 'latest_only' retrieved from /home/user/.local/lib/python3.10/site-packages/airflow/example_dags/example_latest_only.py
[2024-08-20T11:44:23.267+0700] {logging_mixin.py:190} INFO - [2024-08-20T11:44:23.266+0700] {dag.py:3211} INFO - Sync 1 DAGs
[2024-08-20T11:44:23.283+0700] {logging_mixin.py:190} INFO - [2024-08-20T11:44:23.283+0700] {dag.py:4138} INFO - Setting next_dagrun for latest_only to 2024-08-20 00:00:00+00:00, run_after=2024-08-20 04:00:00+00:00
[2024-08-20T11:44:23.311+0700] {processor.py:208} INFO - Processing /home/user/.local/lib/python3.10/site-packages/airflow/example_dags/example_latest_only.py took 0.072 seconds
[2024-08-20T11:45:37.538+0700] {processor.py:186} INFO - Started process (PID=44408) to work on /home/user/.local/lib/python3.10/site-packages/airflow/example_dags/example_latest_only.py
[2024-08-20T11:45:37.540+0700] {processor.py:914} INFO - Processing file /home/user/.local/lib/python3.10/site-packages/airflow/example_dags/example_latest_only.py for tasks to queue
[2024-08-20T11:45:37.542+0700] {logging_mixin.py:190} INFO - [2024-08-20T11:45:37.541+0700] {dagbag.py:587} INFO - Filling up the DagBag from /home/user/.local/lib/python3.10/site-packages/airflow/example_dags/example_latest_only.py
[2024-08-20T11:45:37.547+0700] {processor.py:925} INFO - DAG(s) 'latest_only' retrieved from /home/user/.local/lib/python3.10/site-packages/airflow/example_dags/example_latest_only.py
[2024-08-20T11:45:37.559+0700] {logging_mixin.py:190} INFO - [2024-08-20T11:45:37.559+0700] {dag.py:3211} INFO - Sync 1 DAGs
[2024-08-20T11:45:37.573+0700] {logging_mixin.py:190} INFO - [2024-08-20T11:45:37.573+0700] {dag.py:4138} INFO - Setting next_dagrun for latest_only to 2024-08-20 00:00:00+00:00, run_after=2024-08-20 04:00:00+00:00
[2024-08-20T11:45:37.590+0700] {processor.py:208} INFO - Processing /home/user/.local/lib/python3.10/site-packages/airflow/example_dags/example_latest_only.py took 0.056 seconds
