[2024-08-20T11:27:59.578+0700] {processor.py:186} INFO - Started process (PID=35649) to work on /home/user/.local/lib/python3.10/site-packages/airflow/example_dags/example_sensor_decorator.py
[2024-08-20T11:27:59.579+0700] {processor.py:914} INFO - Processing file /home/user/.local/lib/python3.10/site-packages/airflow/example_dags/example_sensor_decorator.py for tasks to queue
[2024-08-20T11:27:59.581+0700] {logging_mixin.py:190} INFO - [2024-08-20T11:27:59.581+0700] {dagbag.py:587} INFO - Filling up the DagBag from /home/user/.local/lib/python3.10/site-packages/airflow/example_dags/example_sensor_decorator.py
[2024-08-20T11:27:59.587+0700] {processor.py:925} INFO - DAG(s) 'example_sensor_decorator' retrieved from /home/user/.local/lib/python3.10/site-packages/airflow/example_dags/example_sensor_decorator.py
[2024-08-20T11:27:59.701+0700] {logging_mixin.py:190} INFO - [2024-08-20T11:27:59.700+0700] {override.py:1858} INFO - Created Permission View: can read on DAG:example_sensor_decorator
[2024-08-20T11:27:59.713+0700] {logging_mixin.py:190} INFO - [2024-08-20T11:27:59.712+0700] {override.py:1858} INFO - Created Permission View: can delete on DAG:example_sensor_decorator
[2024-08-20T11:27:59.723+0700] {logging_mixin.py:190} INFO - [2024-08-20T11:27:59.723+0700] {override.py:1858} INFO - Created Permission View: can edit on DAG:example_sensor_decorator
[2024-08-20T11:27:59.724+0700] {logging_mixin.py:190} INFO - [2024-08-20T11:27:59.723+0700] {dag.py:3211} INFO - Sync 1 DAGs
[2024-08-20T11:27:59.736+0700] {logging_mixin.py:190} INFO - [2024-08-20T11:27:59.736+0700] {dag.py:3234} INFO - Creating ORM DAG for example_sensor_decorator
[2024-08-20T11:27:59.736+0700] {logging_mixin.py:190} INFO - [2024-08-20T11:27:59.736+0700] {dag.py:4138} INFO - Setting next_dagrun for example_sensor_decorator to None, run_after=None
[2024-08-20T11:27:59.756+0700] {processor.py:208} INFO - Processing /home/user/.local/lib/python3.10/site-packages/airflow/example_dags/example_sensor_decorator.py took 0.183 seconds
[2024-08-20T11:28:58.921+0700] {processor.py:186} INFO - Started process (PID=36113) to work on /home/user/.local/lib/python3.10/site-packages/airflow/example_dags/example_sensor_decorator.py
[2024-08-20T11:28:58.928+0700] {processor.py:914} INFO - Processing file /home/user/.local/lib/python3.10/site-packages/airflow/example_dags/example_sensor_decorator.py for tasks to queue
[2024-08-20T11:28:58.932+0700] {logging_mixin.py:190} INFO - [2024-08-20T11:28:58.931+0700] {dagbag.py:587} INFO - Filling up the DagBag from /home/user/.local/lib/python3.10/site-packages/airflow/example_dags/example_sensor_decorator.py
[2024-08-20T11:28:58.945+0700] {processor.py:925} INFO - DAG(s) 'example_sensor_decorator' retrieved from /home/user/.local/lib/python3.10/site-packages/airflow/example_dags/example_sensor_decorator.py
[2024-08-20T11:28:58.965+0700] {logging_mixin.py:190} INFO - [2024-08-20T11:28:58.965+0700] {dag.py:3211} INFO - Sync 1 DAGs
[2024-08-20T11:28:58.978+0700] {logging_mixin.py:190} INFO - [2024-08-20T11:28:58.978+0700] {dag.py:4138} INFO - Setting next_dagrun for example_sensor_decorator to None, run_after=None
[2024-08-20T11:28:59.001+0700] {processor.py:208} INFO - Processing /home/user/.local/lib/python3.10/site-packages/airflow/example_dags/example_sensor_decorator.py took 0.087 seconds
[2024-08-20T11:29:54.379+0700] {processor.py:186} INFO - Started process (PID=36557) to work on /home/user/.local/lib/python3.10/site-packages/airflow/example_dags/example_sensor_decorator.py
[2024-08-20T11:29:54.380+0700] {processor.py:914} INFO - Processing file /home/user/.local/lib/python3.10/site-packages/airflow/example_dags/example_sensor_decorator.py for tasks to queue
[2024-08-20T11:29:54.382+0700] {logging_mixin.py:190} INFO - [2024-08-20T11:29:54.381+0700] {dagbag.py:587} INFO - Filling up the DagBag from /home/user/.local/lib/python3.10/site-packages/airflow/example_dags/example_sensor_decorator.py
[2024-08-20T11:29:54.388+0700] {processor.py:925} INFO - DAG(s) 'example_sensor_decorator' retrieved from /home/user/.local/lib/python3.10/site-packages/airflow/example_dags/example_sensor_decorator.py
[2024-08-20T11:29:54.399+0700] {logging_mixin.py:190} INFO - [2024-08-20T11:29:54.399+0700] {dag.py:3211} INFO - Sync 1 DAGs
[2024-08-20T11:29:54.407+0700] {logging_mixin.py:190} INFO - [2024-08-20T11:29:54.407+0700] {dag.py:4138} INFO - Setting next_dagrun for example_sensor_decorator to None, run_after=None
[2024-08-20T11:29:54.427+0700] {processor.py:208} INFO - Processing /home/user/.local/lib/python3.10/site-packages/airflow/example_dags/example_sensor_decorator.py took 0.053 seconds
[2024-08-20T11:31:24.673+0700] {processor.py:186} INFO - Started process (PID=37340) to work on /home/user/.local/lib/python3.10/site-packages/airflow/example_dags/example_sensor_decorator.py
[2024-08-20T11:31:24.675+0700] {processor.py:914} INFO - Processing file /home/user/.local/lib/python3.10/site-packages/airflow/example_dags/example_sensor_decorator.py for tasks to queue
[2024-08-20T11:31:24.677+0700] {logging_mixin.py:190} INFO - [2024-08-20T11:31:24.676+0700] {dagbag.py:587} INFO - Filling up the DagBag from /home/user/.local/lib/python3.10/site-packages/airflow/example_dags/example_sensor_decorator.py
[2024-08-20T11:31:24.684+0700] {processor.py:925} INFO - DAG(s) 'example_sensor_decorator' retrieved from /home/user/.local/lib/python3.10/site-packages/airflow/example_dags/example_sensor_decorator.py
[2024-08-20T11:31:24.704+0700] {logging_mixin.py:190} INFO - [2024-08-20T11:31:24.704+0700] {dag.py:3211} INFO - Sync 1 DAGs
[2024-08-20T11:31:24.716+0700] {logging_mixin.py:190} INFO - [2024-08-20T11:31:24.716+0700] {dag.py:4138} INFO - Setting next_dagrun for example_sensor_decorator to None, run_after=None
[2024-08-20T11:31:24.743+0700] {processor.py:208} INFO - Processing /home/user/.local/lib/python3.10/site-packages/airflow/example_dags/example_sensor_decorator.py took 0.075 seconds
[2024-08-20T11:32:21.457+0700] {processor.py:186} INFO - Started process (PID=38059) to work on /home/user/.local/lib/python3.10/site-packages/airflow/example_dags/example_sensor_decorator.py
[2024-08-20T11:32:21.458+0700] {processor.py:914} INFO - Processing file /home/user/.local/lib/python3.10/site-packages/airflow/example_dags/example_sensor_decorator.py for tasks to queue
[2024-08-20T11:32:21.459+0700] {logging_mixin.py:190} INFO - [2024-08-20T11:32:21.459+0700] {dagbag.py:587} INFO - Filling up the DagBag from /home/user/.local/lib/python3.10/site-packages/airflow/example_dags/example_sensor_decorator.py
[2024-08-20T11:32:21.467+0700] {processor.py:925} INFO - DAG(s) 'example_sensor_decorator' retrieved from /home/user/.local/lib/python3.10/site-packages/airflow/example_dags/example_sensor_decorator.py
[2024-08-20T11:32:21.479+0700] {logging_mixin.py:190} INFO - [2024-08-20T11:32:21.478+0700] {dag.py:3211} INFO - Sync 1 DAGs
[2024-08-20T11:32:21.488+0700] {logging_mixin.py:190} INFO - [2024-08-20T11:32:21.488+0700] {dag.py:4138} INFO - Setting next_dagrun for example_sensor_decorator to None, run_after=None
[2024-08-20T11:32:21.504+0700] {processor.py:208} INFO - Processing /home/user/.local/lib/python3.10/site-packages/airflow/example_dags/example_sensor_decorator.py took 0.052 seconds
[2024-08-20T11:33:15.992+0700] {processor.py:186} INFO - Started process (PID=38493) to work on /home/user/.local/lib/python3.10/site-packages/airflow/example_dags/example_sensor_decorator.py
[2024-08-20T11:33:15.998+0700] {processor.py:914} INFO - Processing file /home/user/.local/lib/python3.10/site-packages/airflow/example_dags/example_sensor_decorator.py for tasks to queue
[2024-08-20T11:33:16.000+0700] {logging_mixin.py:190} INFO - [2024-08-20T11:33:16.000+0700] {dagbag.py:587} INFO - Filling up the DagBag from /home/user/.local/lib/python3.10/site-packages/airflow/example_dags/example_sensor_decorator.py
[2024-08-20T11:33:16.006+0700] {processor.py:925} INFO - DAG(s) 'example_sensor_decorator' retrieved from /home/user/.local/lib/python3.10/site-packages/airflow/example_dags/example_sensor_decorator.py
[2024-08-20T11:33:16.021+0700] {logging_mixin.py:190} INFO - [2024-08-20T11:33:16.021+0700] {dag.py:3211} INFO - Sync 1 DAGs
[2024-08-20T11:33:16.030+0700] {logging_mixin.py:190} INFO - [2024-08-20T11:33:16.029+0700] {dag.py:4138} INFO - Setting next_dagrun for example_sensor_decorator to None, run_after=None
[2024-08-20T11:33:16.052+0700] {processor.py:208} INFO - Processing /home/user/.local/lib/python3.10/site-packages/airflow/example_dags/example_sensor_decorator.py took 0.065 seconds
[2024-08-20T11:34:59.539+0700] {processor.py:186} INFO - Started process (PID=39307) to work on /home/user/.local/lib/python3.10/site-packages/airflow/example_dags/example_sensor_decorator.py
[2024-08-20T11:34:59.540+0700] {processor.py:914} INFO - Processing file /home/user/.local/lib/python3.10/site-packages/airflow/example_dags/example_sensor_decorator.py for tasks to queue
[2024-08-20T11:34:59.541+0700] {logging_mixin.py:190} INFO - [2024-08-20T11:34:59.541+0700] {dagbag.py:587} INFO - Filling up the DagBag from /home/user/.local/lib/python3.10/site-packages/airflow/example_dags/example_sensor_decorator.py
[2024-08-20T11:34:59.546+0700] {processor.py:925} INFO - DAG(s) 'example_sensor_decorator' retrieved from /home/user/.local/lib/python3.10/site-packages/airflow/example_dags/example_sensor_decorator.py
[2024-08-20T11:34:59.563+0700] {logging_mixin.py:190} INFO - [2024-08-20T11:34:59.562+0700] {dag.py:3211} INFO - Sync 1 DAGs
[2024-08-20T11:34:59.572+0700] {logging_mixin.py:190} INFO - [2024-08-20T11:34:59.572+0700] {dag.py:4138} INFO - Setting next_dagrun for example_sensor_decorator to None, run_after=None
[2024-08-20T11:34:59.585+0700] {processor.py:208} INFO - Processing /home/user/.local/lib/python3.10/site-packages/airflow/example_dags/example_sensor_decorator.py took 0.050 seconds
[2024-08-20T11:35:54.944+0700] {processor.py:186} INFO - Started process (PID=39742) to work on /home/user/.local/lib/python3.10/site-packages/airflow/example_dags/example_sensor_decorator.py
[2024-08-20T11:35:54.946+0700] {processor.py:914} INFO - Processing file /home/user/.local/lib/python3.10/site-packages/airflow/example_dags/example_sensor_decorator.py for tasks to queue
[2024-08-20T11:35:54.948+0700] {logging_mixin.py:190} INFO - [2024-08-20T11:35:54.947+0700] {dagbag.py:587} INFO - Filling up the DagBag from /home/user/.local/lib/python3.10/site-packages/airflow/example_dags/example_sensor_decorator.py
[2024-08-20T11:35:54.954+0700] {processor.py:925} INFO - DAG(s) 'example_sensor_decorator' retrieved from /home/user/.local/lib/python3.10/site-packages/airflow/example_dags/example_sensor_decorator.py
[2024-08-20T11:35:54.966+0700] {logging_mixin.py:190} INFO - [2024-08-20T11:35:54.966+0700] {dag.py:3211} INFO - Sync 1 DAGs
[2024-08-20T11:35:54.974+0700] {logging_mixin.py:190} INFO - [2024-08-20T11:35:54.974+0700] {dag.py:4138} INFO - Setting next_dagrun for example_sensor_decorator to None, run_after=None
[2024-08-20T11:35:54.992+0700] {processor.py:208} INFO - Processing /home/user/.local/lib/python3.10/site-packages/airflow/example_dags/example_sensor_decorator.py took 0.052 seconds
[2024-08-20T11:36:48.826+0700] {processor.py:186} INFO - Started process (PID=40167) to work on /home/user/.local/lib/python3.10/site-packages/airflow/example_dags/example_sensor_decorator.py
[2024-08-20T11:36:48.827+0700] {processor.py:914} INFO - Processing file /home/user/.local/lib/python3.10/site-packages/airflow/example_dags/example_sensor_decorator.py for tasks to queue
[2024-08-20T11:36:48.829+0700] {logging_mixin.py:190} INFO - [2024-08-20T11:36:48.829+0700] {dagbag.py:587} INFO - Filling up the DagBag from /home/user/.local/lib/python3.10/site-packages/airflow/example_dags/example_sensor_decorator.py
[2024-08-20T11:36:48.835+0700] {processor.py:925} INFO - DAG(s) 'example_sensor_decorator' retrieved from /home/user/.local/lib/python3.10/site-packages/airflow/example_dags/example_sensor_decorator.py
[2024-08-20T11:36:48.847+0700] {logging_mixin.py:190} INFO - [2024-08-20T11:36:48.847+0700] {dag.py:3211} INFO - Sync 1 DAGs
[2024-08-20T11:36:48.856+0700] {logging_mixin.py:190} INFO - [2024-08-20T11:36:48.856+0700] {dag.py:4138} INFO - Setting next_dagrun for example_sensor_decorator to None, run_after=None
[2024-08-20T11:36:48.872+0700] {processor.py:208} INFO - Processing /home/user/.local/lib/python3.10/site-packages/airflow/example_dags/example_sensor_decorator.py took 0.051 seconds
[2024-08-20T11:38:04.506+0700] {processor.py:186} INFO - Started process (PID=40788) to work on /home/user/.local/lib/python3.10/site-packages/airflow/example_dags/example_sensor_decorator.py
[2024-08-20T11:38:04.508+0700] {processor.py:914} INFO - Processing file /home/user/.local/lib/python3.10/site-packages/airflow/example_dags/example_sensor_decorator.py for tasks to queue
[2024-08-20T11:38:04.510+0700] {logging_mixin.py:190} INFO - [2024-08-20T11:38:04.509+0700] {dagbag.py:587} INFO - Filling up the DagBag from /home/user/.local/lib/python3.10/site-packages/airflow/example_dags/example_sensor_decorator.py
[2024-08-20T11:38:04.516+0700] {processor.py:925} INFO - DAG(s) 'example_sensor_decorator' retrieved from /home/user/.local/lib/python3.10/site-packages/airflow/example_dags/example_sensor_decorator.py
[2024-08-20T11:38:04.527+0700] {logging_mixin.py:190} INFO - [2024-08-20T11:38:04.526+0700] {dag.py:3211} INFO - Sync 1 DAGs
[2024-08-20T11:38:04.535+0700] {logging_mixin.py:190} INFO - [2024-08-20T11:38:04.535+0700] {dag.py:4138} INFO - Setting next_dagrun for example_sensor_decorator to None, run_after=None
[2024-08-20T11:38:04.552+0700] {processor.py:208} INFO - Processing /home/user/.local/lib/python3.10/site-packages/airflow/example_dags/example_sensor_decorator.py took 0.050 seconds
[2024-08-20T11:39:22.103+0700] {processor.py:186} INFO - Started process (PID=41411) to work on /home/user/.local/lib/python3.10/site-packages/airflow/example_dags/example_sensor_decorator.py
[2024-08-20T11:39:22.105+0700] {processor.py:914} INFO - Processing file /home/user/.local/lib/python3.10/site-packages/airflow/example_dags/example_sensor_decorator.py for tasks to queue
[2024-08-20T11:39:22.108+0700] {logging_mixin.py:190} INFO - [2024-08-20T11:39:22.107+0700] {dagbag.py:587} INFO - Filling up the DagBag from /home/user/.local/lib/python3.10/site-packages/airflow/example_dags/example_sensor_decorator.py
[2024-08-20T11:39:22.116+0700] {processor.py:925} INFO - DAG(s) 'example_sensor_decorator' retrieved from /home/user/.local/lib/python3.10/site-packages/airflow/example_dags/example_sensor_decorator.py
[2024-08-20T11:39:22.134+0700] {logging_mixin.py:190} INFO - [2024-08-20T11:39:22.133+0700] {dag.py:3211} INFO - Sync 1 DAGs
[2024-08-20T11:39:22.145+0700] {logging_mixin.py:190} INFO - [2024-08-20T11:39:22.145+0700] {dag.py:4138} INFO - Setting next_dagrun for example_sensor_decorator to None, run_after=None
[2024-08-20T11:39:22.171+0700] {processor.py:208} INFO - Processing /home/user/.local/lib/python3.10/site-packages/airflow/example_dags/example_sensor_decorator.py took 0.074 seconds
[2024-08-20T11:40:13.939+0700] {processor.py:186} INFO - Started process (PID=41827) to work on /home/user/.local/lib/python3.10/site-packages/airflow/example_dags/example_sensor_decorator.py
[2024-08-20T11:40:13.940+0700] {processor.py:914} INFO - Processing file /home/user/.local/lib/python3.10/site-packages/airflow/example_dags/example_sensor_decorator.py for tasks to queue
[2024-08-20T11:40:13.942+0700] {logging_mixin.py:190} INFO - [2024-08-20T11:40:13.942+0700] {dagbag.py:587} INFO - Filling up the DagBag from /home/user/.local/lib/python3.10/site-packages/airflow/example_dags/example_sensor_decorator.py
[2024-08-20T11:40:13.948+0700] {processor.py:925} INFO - DAG(s) 'example_sensor_decorator' retrieved from /home/user/.local/lib/python3.10/site-packages/airflow/example_dags/example_sensor_decorator.py
[2024-08-20T11:40:13.961+0700] {logging_mixin.py:190} INFO - [2024-08-20T11:40:13.961+0700] {dag.py:3211} INFO - Sync 1 DAGs
[2024-08-20T11:40:13.970+0700] {logging_mixin.py:190} INFO - [2024-08-20T11:40:13.970+0700] {dag.py:4138} INFO - Setting next_dagrun for example_sensor_decorator to None, run_after=None
[2024-08-20T11:40:13.988+0700] {processor.py:208} INFO - Processing /home/user/.local/lib/python3.10/site-packages/airflow/example_dags/example_sensor_decorator.py took 0.054 seconds
[2024-08-20T11:41:27.050+0700] {processor.py:186} INFO - Started process (PID=42423) to work on /home/user/.local/lib/python3.10/site-packages/airflow/example_dags/example_sensor_decorator.py
[2024-08-20T11:41:27.051+0700] {processor.py:914} INFO - Processing file /home/user/.local/lib/python3.10/site-packages/airflow/example_dags/example_sensor_decorator.py for tasks to queue
[2024-08-20T11:41:27.053+0700] {logging_mixin.py:190} INFO - [2024-08-20T11:41:27.053+0700] {dagbag.py:587} INFO - Filling up the DagBag from /home/user/.local/lib/python3.10/site-packages/airflow/example_dags/example_sensor_decorator.py
[2024-08-20T11:41:27.060+0700] {processor.py:925} INFO - DAG(s) 'example_sensor_decorator' retrieved from /home/user/.local/lib/python3.10/site-packages/airflow/example_dags/example_sensor_decorator.py
[2024-08-20T11:41:27.071+0700] {logging_mixin.py:190} INFO - [2024-08-20T11:41:27.071+0700] {dag.py:3211} INFO - Sync 1 DAGs
[2024-08-20T11:41:27.080+0700] {logging_mixin.py:190} INFO - [2024-08-20T11:41:27.079+0700] {dag.py:4138} INFO - Setting next_dagrun for example_sensor_decorator to None, run_after=None
[2024-08-20T11:41:27.097+0700] {processor.py:208} INFO - Processing /home/user/.local/lib/python3.10/site-packages/airflow/example_dags/example_sensor_decorator.py took 0.051 seconds
[2024-08-20T11:42:21.310+0700] {processor.py:186} INFO - Started process (PID=42852) to work on /home/user/.local/lib/python3.10/site-packages/airflow/example_dags/example_sensor_decorator.py
[2024-08-20T11:42:21.312+0700] {processor.py:914} INFO - Processing file /home/user/.local/lib/python3.10/site-packages/airflow/example_dags/example_sensor_decorator.py for tasks to queue
[2024-08-20T11:42:21.314+0700] {logging_mixin.py:190} INFO - [2024-08-20T11:42:21.313+0700] {dagbag.py:587} INFO - Filling up the DagBag from /home/user/.local/lib/python3.10/site-packages/airflow/example_dags/example_sensor_decorator.py
[2024-08-20T11:42:21.322+0700] {processor.py:925} INFO - DAG(s) 'example_sensor_decorator' retrieved from /home/user/.local/lib/python3.10/site-packages/airflow/example_dags/example_sensor_decorator.py
[2024-08-20T11:42:21.336+0700] {logging_mixin.py:190} INFO - [2024-08-20T11:42:21.336+0700] {dag.py:3211} INFO - Sync 1 DAGs
[2024-08-20T11:42:21.346+0700] {logging_mixin.py:190} INFO - [2024-08-20T11:42:21.345+0700] {dag.py:4138} INFO - Setting next_dagrun for example_sensor_decorator to None, run_after=None
[2024-08-20T11:42:21.366+0700] {processor.py:208} INFO - Processing /home/user/.local/lib/python3.10/site-packages/airflow/example_dags/example_sensor_decorator.py took 0.060 seconds
[2024-08-20T11:43:37.356+0700] {processor.py:186} INFO - Started process (PID=43455) to work on /home/user/.local/lib/python3.10/site-packages/airflow/example_dags/example_sensor_decorator.py
[2024-08-20T11:43:37.363+0700] {processor.py:914} INFO - Processing file /home/user/.local/lib/python3.10/site-packages/airflow/example_dags/example_sensor_decorator.py for tasks to queue
[2024-08-20T11:43:37.365+0700] {logging_mixin.py:190} INFO - [2024-08-20T11:43:37.365+0700] {dagbag.py:587} INFO - Filling up the DagBag from /home/user/.local/lib/python3.10/site-packages/airflow/example_dags/example_sensor_decorator.py
[2024-08-20T11:43:37.374+0700] {processor.py:925} INFO - DAG(s) 'example_sensor_decorator' retrieved from /home/user/.local/lib/python3.10/site-packages/airflow/example_dags/example_sensor_decorator.py
[2024-08-20T11:43:37.387+0700] {logging_mixin.py:190} INFO - [2024-08-20T11:43:37.387+0700] {dag.py:3211} INFO - Sync 1 DAGs
[2024-08-20T11:43:37.397+0700] {logging_mixin.py:190} INFO - [2024-08-20T11:43:37.397+0700] {dag.py:4138} INFO - Setting next_dagrun for example_sensor_decorator to None, run_after=None
[2024-08-20T11:43:37.418+0700] {processor.py:208} INFO - Processing /home/user/.local/lib/python3.10/site-packages/airflow/example_dags/example_sensor_decorator.py took 0.068 seconds
[2024-08-20T11:44:49.902+0700] {processor.py:186} INFO - Started process (PID=44032) to work on /home/user/.local/lib/python3.10/site-packages/airflow/example_dags/example_sensor_decorator.py
[2024-08-20T11:44:49.905+0700] {processor.py:914} INFO - Processing file /home/user/.local/lib/python3.10/site-packages/airflow/example_dags/example_sensor_decorator.py for tasks to queue
[2024-08-20T11:44:49.907+0700] {logging_mixin.py:190} INFO - [2024-08-20T11:44:49.906+0700] {dagbag.py:587} INFO - Filling up the DagBag from /home/user/.local/lib/python3.10/site-packages/airflow/example_dags/example_sensor_decorator.py
[2024-08-20T11:44:49.913+0700] {processor.py:925} INFO - DAG(s) 'example_sensor_decorator' retrieved from /home/user/.local/lib/python3.10/site-packages/airflow/example_dags/example_sensor_decorator.py
[2024-08-20T11:44:49.924+0700] {logging_mixin.py:190} INFO - [2024-08-20T11:44:49.924+0700] {dag.py:3211} INFO - Sync 1 DAGs
[2024-08-20T11:44:49.932+0700] {logging_mixin.py:190} INFO - [2024-08-20T11:44:49.932+0700] {dag.py:4138} INFO - Setting next_dagrun for example_sensor_decorator to None, run_after=None
[2024-08-20T11:44:49.949+0700] {processor.py:208} INFO - Processing /home/user/.local/lib/python3.10/site-packages/airflow/example_dags/example_sensor_decorator.py took 0.051 seconds
