[2024-08-20T11:27:15.317+0700] {processor.py:186} INFO - Started process (PID=35314) to work on /home/user/.local/lib/python3.10/site-packages/airflow/example_dags/example_sla_dag.py
[2024-08-20T11:27:15.318+0700] {processor.py:914} INFO - Processing file /home/user/.local/lib/python3.10/site-packages/airflow/example_dags/example_sla_dag.py for tasks to queue
[2024-08-20T11:27:15.319+0700] {logging_mixin.py:190} INFO - [2024-08-20T11:27:15.319+0700] {dagbag.py:587} INFO - Filling up the DagBag from /home/user/.local/lib/python3.10/site-packages/airflow/example_dags/example_sla_dag.py
[2024-08-20T11:27:15.331+0700] {processor.py:925} INFO - DAG(s) 'example_sla_dag' retrieved from /home/user/.local/lib/python3.10/site-packages/airflow/example_dags/example_sla_dag.py
[2024-08-20T11:27:15.409+0700] {logging_mixin.py:190} INFO - [2024-08-20T11:27:15.408+0700] {override.py:1858} INFO - Created Permission View: can read on DAG:example_sla_dag
[2024-08-20T11:27:15.424+0700] {logging_mixin.py:190} INFO - [2024-08-20T11:27:15.424+0700] {override.py:1858} INFO - Created Permission View: can delete on DAG:example_sla_dag
[2024-08-20T11:27:15.435+0700] {logging_mixin.py:190} INFO - [2024-08-20T11:27:15.435+0700] {override.py:1858} INFO - Created Permission View: can edit on DAG:example_sla_dag
[2024-08-20T11:27:15.436+0700] {logging_mixin.py:190} INFO - [2024-08-20T11:27:15.436+0700] {dag.py:3211} INFO - Sync 1 DAGs
[2024-08-20T11:27:15.446+0700] {logging_mixin.py:190} INFO - [2024-08-20T11:27:15.446+0700] {dag.py:3234} INFO - Creating ORM DAG for example_sla_dag
[2024-08-20T11:27:15.456+0700] {logging_mixin.py:190} INFO - [2024-08-20T11:27:15.456+0700] {dag.py:4138} INFO - Setting next_dagrun for example_sla_dag to 2024-08-20 04:24:00+00:00, run_after=2024-08-20 04:26:00+00:00
[2024-08-20T11:27:15.474+0700] {processor.py:208} INFO - Processing /home/user/.local/lib/python3.10/site-packages/airflow/example_dags/example_sla_dag.py took 0.162 seconds
[2024-08-20T11:28:16.648+0700] {processor.py:186} INFO - Started process (PID=35781) to work on /home/user/.local/lib/python3.10/site-packages/airflow/example_dags/example_sla_dag.py
[2024-08-20T11:28:16.649+0700] {processor.py:914} INFO - Processing file /home/user/.local/lib/python3.10/site-packages/airflow/example_dags/example_sla_dag.py for tasks to queue
[2024-08-20T11:28:16.651+0700] {logging_mixin.py:190} INFO - [2024-08-20T11:28:16.651+0700] {dagbag.py:587} INFO - Filling up the DagBag from /home/user/.local/lib/python3.10/site-packages/airflow/example_dags/example_sla_dag.py
[2024-08-20T11:28:16.658+0700] {processor.py:925} INFO - DAG(s) 'example_sla_dag' retrieved from /home/user/.local/lib/python3.10/site-packages/airflow/example_dags/example_sla_dag.py
[2024-08-20T11:28:16.670+0700] {logging_mixin.py:190} INFO - [2024-08-20T11:28:16.670+0700] {dag.py:3211} INFO - Sync 1 DAGs
[2024-08-20T11:28:16.692+0700] {logging_mixin.py:190} INFO - [2024-08-20T11:28:16.692+0700] {dag.py:4138} INFO - Setting next_dagrun for example_sla_dag to 2024-08-20 04:26:00+00:00, run_after=2024-08-20 04:28:00+00:00
[2024-08-20T11:28:16.709+0700] {processor.py:208} INFO - Processing /home/user/.local/lib/python3.10/site-packages/airflow/example_dags/example_sla_dag.py took 0.066 seconds
[2024-08-20T11:29:12.710+0700] {processor.py:186} INFO - Started process (PID=36220) to work on /home/user/.local/lib/python3.10/site-packages/airflow/example_dags/example_sla_dag.py
[2024-08-20T11:29:12.711+0700] {processor.py:914} INFO - Processing file /home/user/.local/lib/python3.10/site-packages/airflow/example_dags/example_sla_dag.py for tasks to queue
[2024-08-20T11:29:12.713+0700] {logging_mixin.py:190} INFO - [2024-08-20T11:29:12.713+0700] {dagbag.py:587} INFO - Filling up the DagBag from /home/user/.local/lib/python3.10/site-packages/airflow/example_dags/example_sla_dag.py
[2024-08-20T11:29:12.723+0700] {processor.py:925} INFO - DAG(s) 'example_sla_dag' retrieved from /home/user/.local/lib/python3.10/site-packages/airflow/example_dags/example_sla_dag.py
[2024-08-20T11:29:12.736+0700] {logging_mixin.py:190} INFO - [2024-08-20T11:29:12.735+0700] {dag.py:3211} INFO - Sync 1 DAGs
[2024-08-20T11:29:12.760+0700] {logging_mixin.py:190} INFO - [2024-08-20T11:29:12.759+0700] {dag.py:4138} INFO - Setting next_dagrun for example_sla_dag to 2024-08-20 04:26:00+00:00, run_after=2024-08-20 04:28:00+00:00
[2024-08-20T11:29:12.781+0700] {processor.py:208} INFO - Processing /home/user/.local/lib/python3.10/site-packages/airflow/example_dags/example_sla_dag.py took 0.076 seconds
[2024-08-20T11:30:04.527+0700] {processor.py:186} INFO - Started process (PID=36637) to work on /home/user/.local/lib/python3.10/site-packages/airflow/example_dags/example_sla_dag.py
[2024-08-20T11:30:04.528+0700] {processor.py:914} INFO - Processing file /home/user/.local/lib/python3.10/site-packages/airflow/example_dags/example_sla_dag.py for tasks to queue
[2024-08-20T11:30:04.530+0700] {logging_mixin.py:190} INFO - [2024-08-20T11:30:04.530+0700] {dagbag.py:587} INFO - Filling up the DagBag from /home/user/.local/lib/python3.10/site-packages/airflow/example_dags/example_sla_dag.py
[2024-08-20T11:30:04.538+0700] {processor.py:925} INFO - DAG(s) 'example_sla_dag' retrieved from /home/user/.local/lib/python3.10/site-packages/airflow/example_dags/example_sla_dag.py
[2024-08-20T11:30:04.551+0700] {logging_mixin.py:190} INFO - [2024-08-20T11:30:04.551+0700] {dag.py:3211} INFO - Sync 1 DAGs
[2024-08-20T11:30:04.571+0700] {logging_mixin.py:190} INFO - [2024-08-20T11:30:04.571+0700] {dag.py:4138} INFO - Setting next_dagrun for example_sla_dag to 2024-08-20 04:28:00+00:00, run_after=2024-08-20 04:30:00+00:00
[2024-08-20T11:30:04.591+0700] {processor.py:208} INFO - Processing /home/user/.local/lib/python3.10/site-packages/airflow/example_dags/example_sla_dag.py took 0.069 seconds
[2024-08-20T11:30:44.949+0700] {processor.py:186} INFO - Started process (PID=36954) to work on /home/user/.local/lib/python3.10/site-packages/airflow/example_dags/example_sla_dag.py
[2024-08-20T11:30:44.950+0700] {processor.py:914} INFO - Processing file /home/user/.local/lib/python3.10/site-packages/airflow/example_dags/example_sla_dag.py for tasks to queue
[2024-08-20T11:30:44.957+0700] {logging_mixin.py:190} INFO - [2024-08-20T11:30:44.956+0700] {dagbag.py:587} INFO - Filling up the DagBag from /home/user/.local/lib/python3.10/site-packages/airflow/example_dags/example_sla_dag.py
[2024-08-20T11:30:44.967+0700] {processor.py:925} INFO - DAG(s) 'example_sla_dag' retrieved from /home/user/.local/lib/python3.10/site-packages/airflow/example_dags/example_sla_dag.py
[2024-08-20T11:30:44.980+0700] {logging_mixin.py:190} INFO - [2024-08-20T11:30:44.980+0700] {dag.py:3211} INFO - Sync 1 DAGs
[2024-08-20T11:30:44.997+0700] {logging_mixin.py:190} INFO - [2024-08-20T11:30:44.997+0700] {dag.py:4138} INFO - Setting next_dagrun for example_sla_dag to 2024-08-20 04:28:00+00:00, run_after=2024-08-20 04:30:00+00:00
[2024-08-20T11:30:45.015+0700] {processor.py:208} INFO - Processing /home/user/.local/lib/python3.10/site-packages/airflow/example_dags/example_sla_dag.py took 0.081 seconds
[2024-08-20T11:31:40.603+0700] {processor.py:186} INFO - Started process (PID=37726) to work on /home/user/.local/lib/python3.10/site-packages/airflow/example_dags/example_sla_dag.py
[2024-08-20T11:31:40.605+0700] {processor.py:914} INFO - Processing file /home/user/.local/lib/python3.10/site-packages/airflow/example_dags/example_sla_dag.py for tasks to queue
[2024-08-20T11:31:40.607+0700] {logging_mixin.py:190} INFO - [2024-08-20T11:31:40.606+0700] {dagbag.py:587} INFO - Filling up the DagBag from /home/user/.local/lib/python3.10/site-packages/airflow/example_dags/example_sla_dag.py
[2024-08-20T11:31:40.615+0700] {processor.py:925} INFO - DAG(s) 'example_sla_dag' retrieved from /home/user/.local/lib/python3.10/site-packages/airflow/example_dags/example_sla_dag.py
[2024-08-20T11:31:40.628+0700] {logging_mixin.py:190} INFO - [2024-08-20T11:31:40.628+0700] {dag.py:3211} INFO - Sync 1 DAGs
[2024-08-20T11:31:40.649+0700] {logging_mixin.py:190} INFO - [2024-08-20T11:31:40.649+0700] {dag.py:4138} INFO - Setting next_dagrun for example_sla_dag to 2024-08-20 04:28:00+00:00, run_after=2024-08-20 04:30:00+00:00
[2024-08-20T11:31:40.667+0700] {processor.py:208} INFO - Processing /home/user/.local/lib/python3.10/site-packages/airflow/example_dags/example_sla_dag.py took 0.069 seconds
[2024-08-20T11:32:36.054+0700] {processor.py:186} INFO - Started process (PID=38174) to work on /home/user/.local/lib/python3.10/site-packages/airflow/example_dags/example_sla_dag.py
[2024-08-20T11:32:36.056+0700] {processor.py:914} INFO - Processing file /home/user/.local/lib/python3.10/site-packages/airflow/example_dags/example_sla_dag.py for tasks to queue
[2024-08-20T11:32:36.058+0700] {logging_mixin.py:190} INFO - [2024-08-20T11:32:36.058+0700] {dagbag.py:587} INFO - Filling up the DagBag from /home/user/.local/lib/python3.10/site-packages/airflow/example_dags/example_sla_dag.py
[2024-08-20T11:32:36.067+0700] {processor.py:925} INFO - DAG(s) 'example_sla_dag' retrieved from /home/user/.local/lib/python3.10/site-packages/airflow/example_dags/example_sla_dag.py
[2024-08-20T11:32:36.090+0700] {logging_mixin.py:190} INFO - [2024-08-20T11:32:36.090+0700] {dag.py:3211} INFO - Sync 1 DAGs
[2024-08-20T11:32:36.122+0700] {logging_mixin.py:190} INFO - [2024-08-20T11:32:36.121+0700] {dag.py:4138} INFO - Setting next_dagrun for example_sla_dag to 2024-08-20 04:30:00+00:00, run_after=2024-08-20 04:32:00+00:00
[2024-08-20T11:32:36.138+0700] {processor.py:208} INFO - Processing /home/user/.local/lib/python3.10/site-packages/airflow/example_dags/example_sla_dag.py took 0.088 seconds
[2024-08-20T11:33:26.436+0700] {processor.py:186} INFO - Started process (PID=38575) to work on /home/user/.local/lib/python3.10/site-packages/airflow/example_dags/example_sla_dag.py
[2024-08-20T11:33:26.438+0700] {processor.py:914} INFO - Processing file /home/user/.local/lib/python3.10/site-packages/airflow/example_dags/example_sla_dag.py for tasks to queue
[2024-08-20T11:33:26.446+0700] {logging_mixin.py:190} INFO - [2024-08-20T11:33:26.444+0700] {dagbag.py:587} INFO - Filling up the DagBag from /home/user/.local/lib/python3.10/site-packages/airflow/example_dags/example_sla_dag.py
[2024-08-20T11:33:26.485+0700] {processor.py:925} INFO - DAG(s) 'example_sla_dag' retrieved from /home/user/.local/lib/python3.10/site-packages/airflow/example_dags/example_sla_dag.py
[2024-08-20T11:33:26.509+0700] {logging_mixin.py:190} INFO - [2024-08-20T11:33:26.509+0700] {dag.py:3211} INFO - Sync 1 DAGs
[2024-08-20T11:33:26.531+0700] {logging_mixin.py:190} INFO - [2024-08-20T11:33:26.531+0700] {dag.py:4138} INFO - Setting next_dagrun for example_sla_dag to 2024-08-20 04:30:00+00:00, run_after=2024-08-20 04:32:00+00:00
[2024-08-20T11:33:26.547+0700] {processor.py:208} INFO - Processing /home/user/.local/lib/python3.10/site-packages/airflow/example_dags/example_sla_dag.py took 0.133 seconds
[2024-08-20T11:34:18.637+0700] {processor.py:186} INFO - Started process (PID=38982) to work on /home/user/.local/lib/python3.10/site-packages/airflow/example_dags/example_sla_dag.py
[2024-08-20T11:34:18.638+0700] {processor.py:914} INFO - Processing file /home/user/.local/lib/python3.10/site-packages/airflow/example_dags/example_sla_dag.py for tasks to queue
[2024-08-20T11:34:18.644+0700] {logging_mixin.py:190} INFO - [2024-08-20T11:34:18.643+0700] {dagbag.py:587} INFO - Filling up the DagBag from /home/user/.local/lib/python3.10/site-packages/airflow/example_dags/example_sla_dag.py
[2024-08-20T11:34:18.651+0700] {processor.py:925} INFO - DAG(s) 'example_sla_dag' retrieved from /home/user/.local/lib/python3.10/site-packages/airflow/example_dags/example_sla_dag.py
[2024-08-20T11:34:18.667+0700] {logging_mixin.py:190} INFO - [2024-08-20T11:34:18.666+0700] {dag.py:3211} INFO - Sync 1 DAGs
[2024-08-20T11:34:18.686+0700] {logging_mixin.py:190} INFO - [2024-08-20T11:34:18.685+0700] {dag.py:4138} INFO - Setting next_dagrun for example_sla_dag to 2024-08-20 04:32:00+00:00, run_after=2024-08-20 04:34:00+00:00
[2024-08-20T11:34:18.712+0700] {processor.py:208} INFO - Processing /home/user/.local/lib/python3.10/site-packages/airflow/example_dags/example_sla_dag.py took 0.080 seconds
[2024-08-20T11:35:14.375+0700] {processor.py:186} INFO - Started process (PID=39423) to work on /home/user/.local/lib/python3.10/site-packages/airflow/example_dags/example_sla_dag.py
[2024-08-20T11:35:14.377+0700] {processor.py:914} INFO - Processing file /home/user/.local/lib/python3.10/site-packages/airflow/example_dags/example_sla_dag.py for tasks to queue
[2024-08-20T11:35:14.379+0700] {logging_mixin.py:190} INFO - [2024-08-20T11:35:14.379+0700] {dagbag.py:587} INFO - Filling up the DagBag from /home/user/.local/lib/python3.10/site-packages/airflow/example_dags/example_sla_dag.py
[2024-08-20T11:35:14.387+0700] {processor.py:925} INFO - DAG(s) 'example_sla_dag' retrieved from /home/user/.local/lib/python3.10/site-packages/airflow/example_dags/example_sla_dag.py
[2024-08-20T11:35:14.400+0700] {logging_mixin.py:190} INFO - [2024-08-20T11:35:14.400+0700] {dag.py:3211} INFO - Sync 1 DAGs
[2024-08-20T11:35:14.417+0700] {logging_mixin.py:190} INFO - [2024-08-20T11:35:14.417+0700] {dag.py:4138} INFO - Setting next_dagrun for example_sla_dag to 2024-08-20 04:32:00+00:00, run_after=2024-08-20 04:34:00+00:00
[2024-08-20T11:35:14.433+0700] {processor.py:208} INFO - Processing /home/user/.local/lib/python3.10/site-packages/airflow/example_dags/example_sla_dag.py took 0.063 seconds
[2024-08-20T11:36:06.224+0700] {processor.py:186} INFO - Started process (PID=39828) to work on /home/user/.local/lib/python3.10/site-packages/airflow/example_dags/example_sla_dag.py
[2024-08-20T11:36:06.227+0700] {processor.py:914} INFO - Processing file /home/user/.local/lib/python3.10/site-packages/airflow/example_dags/example_sla_dag.py for tasks to queue
[2024-08-20T11:36:06.230+0700] {logging_mixin.py:190} INFO - [2024-08-20T11:36:06.229+0700] {dagbag.py:587} INFO - Filling up the DagBag from /home/user/.local/lib/python3.10/site-packages/airflow/example_dags/example_sla_dag.py
[2024-08-20T11:36:06.240+0700] {processor.py:925} INFO - DAG(s) 'example_sla_dag' retrieved from /home/user/.local/lib/python3.10/site-packages/airflow/example_dags/example_sla_dag.py
[2024-08-20T11:36:06.260+0700] {logging_mixin.py:190} INFO - [2024-08-20T11:36:06.259+0700] {dag.py:3211} INFO - Sync 1 DAGs
[2024-08-20T11:36:06.284+0700] {logging_mixin.py:190} INFO - [2024-08-20T11:36:06.283+0700] {dag.py:4138} INFO - Setting next_dagrun for example_sla_dag to 2024-08-20 04:34:00+00:00, run_after=2024-08-20 04:36:00+00:00
[2024-08-20T11:36:06.311+0700] {processor.py:208} INFO - Processing /home/user/.local/lib/python3.10/site-packages/airflow/example_dags/example_sla_dag.py took 0.092 seconds
[2024-08-20T11:36:55.110+0700] {processor.py:186} INFO - Started process (PID=40216) to work on /home/user/.local/lib/python3.10/site-packages/airflow/example_dags/example_sla_dag.py
[2024-08-20T11:36:55.111+0700] {processor.py:914} INFO - Processing file /home/user/.local/lib/python3.10/site-packages/airflow/example_dags/example_sla_dag.py for tasks to queue
[2024-08-20T11:36:55.113+0700] {logging_mixin.py:190} INFO - [2024-08-20T11:36:55.113+0700] {dagbag.py:587} INFO - Filling up the DagBag from /home/user/.local/lib/python3.10/site-packages/airflow/example_dags/example_sla_dag.py
[2024-08-20T11:36:55.121+0700] {processor.py:925} INFO - DAG(s) 'example_sla_dag' retrieved from /home/user/.local/lib/python3.10/site-packages/airflow/example_dags/example_sla_dag.py
[2024-08-20T11:36:55.132+0700] {logging_mixin.py:190} INFO - [2024-08-20T11:36:55.132+0700] {dag.py:3211} INFO - Sync 1 DAGs
[2024-08-20T11:36:55.147+0700] {logging_mixin.py:190} INFO - [2024-08-20T11:36:55.147+0700] {dag.py:4138} INFO - Setting next_dagrun for example_sla_dag to 2024-08-20 04:34:00+00:00, run_after=2024-08-20 04:36:00+00:00
[2024-08-20T11:36:55.163+0700] {processor.py:208} INFO - Processing /home/user/.local/lib/python3.10/site-packages/airflow/example_dags/example_sla_dag.py took 0.057 seconds
[2024-08-20T11:37:45.537+0700] {processor.py:186} INFO - Started process (PID=40616) to work on /home/user/.local/lib/python3.10/site-packages/airflow/example_dags/example_sla_dag.py
[2024-08-20T11:37:45.544+0700] {processor.py:914} INFO - Processing file /home/user/.local/lib/python3.10/site-packages/airflow/example_dags/example_sla_dag.py for tasks to queue
[2024-08-20T11:37:45.546+0700] {logging_mixin.py:190} INFO - [2024-08-20T11:37:45.546+0700] {dagbag.py:587} INFO - Filling up the DagBag from /home/user/.local/lib/python3.10/site-packages/airflow/example_dags/example_sla_dag.py
[2024-08-20T11:37:45.556+0700] {processor.py:925} INFO - DAG(s) 'example_sla_dag' retrieved from /home/user/.local/lib/python3.10/site-packages/airflow/example_dags/example_sla_dag.py
[2024-08-20T11:37:45.567+0700] {logging_mixin.py:190} INFO - [2024-08-20T11:37:45.567+0700] {dag.py:3211} INFO - Sync 1 DAGs
[2024-08-20T11:37:45.590+0700] {logging_mixin.py:190} INFO - [2024-08-20T11:37:45.590+0700] {dag.py:4138} INFO - Setting next_dagrun for example_sla_dag to 2024-08-20 04:34:00+00:00, run_after=2024-08-20 04:36:00+00:00
[2024-08-20T11:37:45.610+0700] {processor.py:208} INFO - Processing /home/user/.local/lib/python3.10/site-packages/airflow/example_dags/example_sla_dag.py took 0.077 seconds
[2024-08-20T11:38:36.881+0700] {processor.py:186} INFO - Started process (PID=41046) to work on /home/user/.local/lib/python3.10/site-packages/airflow/example_dags/example_sla_dag.py
[2024-08-20T11:38:36.924+0700] {processor.py:914} INFO - Processing file /home/user/.local/lib/python3.10/site-packages/airflow/example_dags/example_sla_dag.py for tasks to queue
[2024-08-20T11:38:36.926+0700] {logging_mixin.py:190} INFO - [2024-08-20T11:38:36.925+0700] {dagbag.py:587} INFO - Filling up the DagBag from /home/user/.local/lib/python3.10/site-packages/airflow/example_dags/example_sla_dag.py
[2024-08-20T11:38:36.934+0700] {processor.py:925} INFO - DAG(s) 'example_sla_dag' retrieved from /home/user/.local/lib/python3.10/site-packages/airflow/example_dags/example_sla_dag.py
[2024-08-20T11:38:36.947+0700] {logging_mixin.py:190} INFO - [2024-08-20T11:38:36.947+0700] {dag.py:3211} INFO - Sync 1 DAGs
[2024-08-20T11:38:36.967+0700] {logging_mixin.py:190} INFO - [2024-08-20T11:38:36.967+0700] {dag.py:4138} INFO - Setting next_dagrun for example_sla_dag to 2024-08-20 04:36:00+00:00, run_after=2024-08-20 04:38:00+00:00
[2024-08-20T11:38:37.109+0700] {processor.py:208} INFO - Processing /home/user/.local/lib/python3.10/site-packages/airflow/example_dags/example_sla_dag.py took 0.238 seconds
[2024-08-20T11:39:31.623+0700] {processor.py:186} INFO - Started process (PID=41490) to work on /home/user/.local/lib/python3.10/site-packages/airflow/example_dags/example_sla_dag.py
[2024-08-20T11:39:31.624+0700] {processor.py:914} INFO - Processing file /home/user/.local/lib/python3.10/site-packages/airflow/example_dags/example_sla_dag.py for tasks to queue
[2024-08-20T11:39:31.626+0700] {logging_mixin.py:190} INFO - [2024-08-20T11:39:31.625+0700] {dagbag.py:587} INFO - Filling up the DagBag from /home/user/.local/lib/python3.10/site-packages/airflow/example_dags/example_sla_dag.py
[2024-08-20T11:39:31.637+0700] {processor.py:925} INFO - DAG(s) 'example_sla_dag' retrieved from /home/user/.local/lib/python3.10/site-packages/airflow/example_dags/example_sla_dag.py
[2024-08-20T11:39:31.659+0700] {logging_mixin.py:190} INFO - [2024-08-20T11:39:31.659+0700] {dag.py:3211} INFO - Sync 1 DAGs
[2024-08-20T11:39:31.683+0700] {logging_mixin.py:190} INFO - [2024-08-20T11:39:31.683+0700] {dag.py:4138} INFO - Setting next_dagrun for example_sla_dag to 2024-08-20 04:36:00+00:00, run_after=2024-08-20 04:38:00+00:00
[2024-08-20T11:39:31.704+0700] {processor.py:208} INFO - Processing /home/user/.local/lib/python3.10/site-packages/airflow/example_dags/example_sla_dag.py took 0.087 seconds
[2024-08-20T11:40:19.853+0700] {processor.py:186} INFO - Started process (PID=41879) to work on /home/user/.local/lib/python3.10/site-packages/airflow/example_dags/example_sla_dag.py
[2024-08-20T11:40:19.854+0700] {processor.py:914} INFO - Processing file /home/user/.local/lib/python3.10/site-packages/airflow/example_dags/example_sla_dag.py for tasks to queue
[2024-08-20T11:40:19.856+0700] {logging_mixin.py:190} INFO - [2024-08-20T11:40:19.855+0700] {dagbag.py:587} INFO - Filling up the DagBag from /home/user/.local/lib/python3.10/site-packages/airflow/example_dags/example_sla_dag.py
[2024-08-20T11:40:19.868+0700] {processor.py:925} INFO - DAG(s) 'example_sla_dag' retrieved from /home/user/.local/lib/python3.10/site-packages/airflow/example_dags/example_sla_dag.py
[2024-08-20T11:40:19.884+0700] {logging_mixin.py:190} INFO - [2024-08-20T11:40:19.883+0700] {dag.py:3211} INFO - Sync 1 DAGs
[2024-08-20T11:40:19.903+0700] {logging_mixin.py:190} INFO - [2024-08-20T11:40:19.903+0700] {dag.py:4138} INFO - Setting next_dagrun for example_sla_dag to 2024-08-20 04:38:00+00:00, run_after=2024-08-20 04:40:00+00:00
[2024-08-20T11:40:19.923+0700] {processor.py:208} INFO - Processing /home/user/.local/lib/python3.10/site-packages/airflow/example_dags/example_sla_dag.py took 0.076 seconds
[2024-08-20T11:41:08.687+0700] {processor.py:186} INFO - Started process (PID=42274) to work on /home/user/.local/lib/python3.10/site-packages/airflow/example_dags/example_sla_dag.py
[2024-08-20T11:41:08.693+0700] {processor.py:914} INFO - Processing file /home/user/.local/lib/python3.10/site-packages/airflow/example_dags/example_sla_dag.py for tasks to queue
[2024-08-20T11:41:08.694+0700] {logging_mixin.py:190} INFO - [2024-08-20T11:41:08.694+0700] {dagbag.py:587} INFO - Filling up the DagBag from /home/user/.local/lib/python3.10/site-packages/airflow/example_dags/example_sla_dag.py
[2024-08-20T11:41:08.702+0700] {processor.py:925} INFO - DAG(s) 'example_sla_dag' retrieved from /home/user/.local/lib/python3.10/site-packages/airflow/example_dags/example_sla_dag.py
[2024-08-20T11:41:08.714+0700] {logging_mixin.py:190} INFO - [2024-08-20T11:41:08.714+0700] {dag.py:3211} INFO - Sync 1 DAGs
[2024-08-20T11:41:08.729+0700] {logging_mixin.py:190} INFO - [2024-08-20T11:41:08.729+0700] {dag.py:4138} INFO - Setting next_dagrun for example_sla_dag to 2024-08-20 04:38:00+00:00, run_after=2024-08-20 04:40:00+00:00
[2024-08-20T11:41:08.746+0700] {processor.py:208} INFO - Processing /home/user/.local/lib/python3.10/site-packages/airflow/example_dags/example_sla_dag.py took 0.063 seconds
[2024-08-20T11:42:02.910+0700] {processor.py:186} INFO - Started process (PID=42707) to work on /home/user/.local/lib/python3.10/site-packages/airflow/example_dags/example_sla_dag.py
[2024-08-20T11:42:02.926+0700] {processor.py:914} INFO - Processing file /home/user/.local/lib/python3.10/site-packages/airflow/example_dags/example_sla_dag.py for tasks to queue
[2024-08-20T11:42:02.929+0700] {logging_mixin.py:190} INFO - [2024-08-20T11:42:02.928+0700] {dagbag.py:587} INFO - Filling up the DagBag from /home/user/.local/lib/python3.10/site-packages/airflow/example_dags/example_sla_dag.py
[2024-08-20T11:42:02.937+0700] {processor.py:925} INFO - DAG(s) 'example_sla_dag' retrieved from /home/user/.local/lib/python3.10/site-packages/airflow/example_dags/example_sla_dag.py
[2024-08-20T11:42:02.951+0700] {logging_mixin.py:190} INFO - [2024-08-20T11:42:02.951+0700] {dag.py:3211} INFO - Sync 1 DAGs
[2024-08-20T11:42:03.074+0700] {logging_mixin.py:190} INFO - [2024-08-20T11:42:03.074+0700] {dag.py:4138} INFO - Setting next_dagrun for example_sla_dag to 2024-08-20 04:40:00+00:00, run_after=2024-08-20 04:42:00+00:00
[2024-08-20T11:42:03.108+0700] {processor.py:208} INFO - Processing /home/user/.local/lib/python3.10/site-packages/airflow/example_dags/example_sla_dag.py took 0.203 seconds
[2024-08-20T11:42:53.713+0700] {processor.py:186} INFO - Started process (PID=43111) to work on /home/user/.local/lib/python3.10/site-packages/airflow/example_dags/example_sla_dag.py
[2024-08-20T11:42:53.715+0700] {processor.py:914} INFO - Processing file /home/user/.local/lib/python3.10/site-packages/airflow/example_dags/example_sla_dag.py for tasks to queue
[2024-08-20T11:42:53.716+0700] {logging_mixin.py:190} INFO - [2024-08-20T11:42:53.716+0700] {dagbag.py:587} INFO - Filling up the DagBag from /home/user/.local/lib/python3.10/site-packages/airflow/example_dags/example_sla_dag.py
[2024-08-20T11:42:53.725+0700] {processor.py:925} INFO - DAG(s) 'example_sla_dag' retrieved from /home/user/.local/lib/python3.10/site-packages/airflow/example_dags/example_sla_dag.py
[2024-08-20T11:42:53.739+0700] {logging_mixin.py:190} INFO - [2024-08-20T11:42:53.739+0700] {dag.py:3211} INFO - Sync 1 DAGs
[2024-08-20T11:42:53.761+0700] {logging_mixin.py:190} INFO - [2024-08-20T11:42:53.760+0700] {dag.py:4138} INFO - Setting next_dagrun for example_sla_dag to 2024-08-20 04:40:00+00:00, run_after=2024-08-20 04:42:00+00:00
[2024-08-20T11:42:53.783+0700] {processor.py:208} INFO - Processing /home/user/.local/lib/python3.10/site-packages/airflow/example_dags/example_sla_dag.py took 0.076 seconds
[2024-08-20T11:43:45.022+0700] {processor.py:186} INFO - Started process (PID=43517) to work on /home/user/.local/lib/python3.10/site-packages/airflow/example_dags/example_sla_dag.py
[2024-08-20T11:43:45.024+0700] {processor.py:914} INFO - Processing file /home/user/.local/lib/python3.10/site-packages/airflow/example_dags/example_sla_dag.py for tasks to queue
[2024-08-20T11:43:45.027+0700] {logging_mixin.py:190} INFO - [2024-08-20T11:43:45.027+0700] {dagbag.py:587} INFO - Filling up the DagBag from /home/user/.local/lib/python3.10/site-packages/airflow/example_dags/example_sla_dag.py
[2024-08-20T11:43:45.037+0700] {processor.py:925} INFO - DAG(s) 'example_sla_dag' retrieved from /home/user/.local/lib/python3.10/site-packages/airflow/example_dags/example_sla_dag.py
[2024-08-20T11:43:45.054+0700] {logging_mixin.py:190} INFO - [2024-08-20T11:43:45.054+0700] {dag.py:3211} INFO - Sync 1 DAGs
[2024-08-20T11:43:45.076+0700] {logging_mixin.py:190} INFO - [2024-08-20T11:43:45.075+0700] {dag.py:4138} INFO - Setting next_dagrun for example_sla_dag to 2024-08-20 04:40:00+00:00, run_after=2024-08-20 04:42:00+00:00
[2024-08-20T11:43:45.096+0700] {processor.py:208} INFO - Processing /home/user/.local/lib/python3.10/site-packages/airflow/example_dags/example_sla_dag.py took 0.082 seconds
[2024-08-20T11:44:33.389+0700] {processor.py:186} INFO - Started process (PID=43903) to work on /home/user/.local/lib/python3.10/site-packages/airflow/example_dags/example_sla_dag.py
[2024-08-20T11:44:33.390+0700] {processor.py:914} INFO - Processing file /home/user/.local/lib/python3.10/site-packages/airflow/example_dags/example_sla_dag.py for tasks to queue
[2024-08-20T11:44:33.392+0700] {logging_mixin.py:190} INFO - [2024-08-20T11:44:33.391+0700] {dagbag.py:587} INFO - Filling up the DagBag from /home/user/.local/lib/python3.10/site-packages/airflow/example_dags/example_sla_dag.py
[2024-08-20T11:44:33.399+0700] {processor.py:925} INFO - DAG(s) 'example_sla_dag' retrieved from /home/user/.local/lib/python3.10/site-packages/airflow/example_dags/example_sla_dag.py
[2024-08-20T11:44:33.411+0700] {logging_mixin.py:190} INFO - [2024-08-20T11:44:33.410+0700] {dag.py:3211} INFO - Sync 1 DAGs
[2024-08-20T11:44:33.441+0700] {logging_mixin.py:190} INFO - [2024-08-20T11:44:33.441+0700] {dag.py:4138} INFO - Setting next_dagrun for example_sla_dag to 2024-08-20 04:42:00+00:00, run_after=2024-08-20 04:44:00+00:00
[2024-08-20T11:44:33.459+0700] {processor.py:208} INFO - Processing /home/user/.local/lib/python3.10/site-packages/airflow/example_dags/example_sla_dag.py took 0.075 seconds
[2024-08-20T11:45:23.052+0700] {processor.py:186} INFO - Started process (PID=44294) to work on /home/user/.local/lib/python3.10/site-packages/airflow/example_dags/example_sla_dag.py
[2024-08-20T11:45:23.054+0700] {processor.py:914} INFO - Processing file /home/user/.local/lib/python3.10/site-packages/airflow/example_dags/example_sla_dag.py for tasks to queue
[2024-08-20T11:45:23.056+0700] {logging_mixin.py:190} INFO - [2024-08-20T11:45:23.055+0700] {dagbag.py:587} INFO - Filling up the DagBag from /home/user/.local/lib/python3.10/site-packages/airflow/example_dags/example_sla_dag.py
[2024-08-20T11:45:23.066+0700] {processor.py:925} INFO - DAG(s) 'example_sla_dag' retrieved from /home/user/.local/lib/python3.10/site-packages/airflow/example_dags/example_sla_dag.py
[2024-08-20T11:45:23.080+0700] {logging_mixin.py:190} INFO - [2024-08-20T11:45:23.080+0700] {dag.py:3211} INFO - Sync 1 DAGs
[2024-08-20T11:45:23.105+0700] {logging_mixin.py:190} INFO - [2024-08-20T11:45:23.105+0700] {dag.py:4138} INFO - Setting next_dagrun for example_sla_dag to 2024-08-20 04:42:00+00:00, run_after=2024-08-20 04:44:00+00:00
[2024-08-20T11:45:23.123+0700] {processor.py:208} INFO - Processing /home/user/.local/lib/python3.10/site-packages/airflow/example_dags/example_sla_dag.py took 0.076 seconds
