[2024-08-20T11:27:17.792+0700] {processor.py:186} INFO - Started process (PID=35325) to work on /home/user/.local/lib/python3.10/site-packages/airflow/example_dags/example_skip_dag.py
[2024-08-20T11:27:17.793+0700] {processor.py:914} INFO - Processing file /home/user/.local/lib/python3.10/site-packages/airflow/example_dags/example_skip_dag.py for tasks to queue
[2024-08-20T11:27:17.797+0700] {logging_mixin.py:190} INFO - [2024-08-20T11:27:17.797+0700] {dagbag.py:587} INFO - Filling up the DagBag from /home/user/.local/lib/python3.10/site-packages/airflow/example_dags/example_skip_dag.py
[2024-08-20T11:27:17.802+0700] {processor.py:925} INFO - DAG(s) 'example_skip_dag' retrieved from /home/user/.local/lib/python3.10/site-packages/airflow/example_dags/example_skip_dag.py
[2024-08-20T11:27:17.874+0700] {logging_mixin.py:190} INFO - [2024-08-20T11:27:17.874+0700] {override.py:1858} INFO - Created Permission View: can read on DAG:example_skip_dag
[2024-08-20T11:27:17.883+0700] {logging_mixin.py:190} INFO - [2024-08-20T11:27:17.883+0700] {override.py:1858} INFO - Created Permission View: can delete on DAG:example_skip_dag
[2024-08-20T11:27:17.890+0700] {logging_mixin.py:190} INFO - [2024-08-20T11:27:17.890+0700] {override.py:1858} INFO - Created Permission View: can edit on DAG:example_skip_dag
[2024-08-20T11:27:17.890+0700] {logging_mixin.py:190} INFO - [2024-08-20T11:27:17.890+0700] {dag.py:3211} INFO - Sync 1 DAGs
[2024-08-20T11:27:17.897+0700] {logging_mixin.py:190} INFO - [2024-08-20T11:27:17.897+0700] {dag.py:3234} INFO - Creating ORM DAG for example_skip_dag
[2024-08-20T11:27:17.903+0700] {logging_mixin.py:190} INFO - [2024-08-20T11:27:17.903+0700] {dag.py:4138} INFO - Setting next_dagrun for example_skip_dag to 2024-08-19 00:00:00+00:00, run_after=2024-08-20 00:00:00+00:00
[2024-08-20T11:27:17.919+0700] {processor.py:208} INFO - Processing /home/user/.local/lib/python3.10/site-packages/airflow/example_dags/example_skip_dag.py took 0.132 seconds
[2024-08-20T11:28:18.930+0700] {processor.py:186} INFO - Started process (PID=35797) to work on /home/user/.local/lib/python3.10/site-packages/airflow/example_dags/example_skip_dag.py
[2024-08-20T11:28:18.931+0700] {processor.py:914} INFO - Processing file /home/user/.local/lib/python3.10/site-packages/airflow/example_dags/example_skip_dag.py for tasks to queue
[2024-08-20T11:28:18.934+0700] {logging_mixin.py:190} INFO - [2024-08-20T11:28:18.933+0700] {dagbag.py:587} INFO - Filling up the DagBag from /home/user/.local/lib/python3.10/site-packages/airflow/example_dags/example_skip_dag.py
[2024-08-20T11:28:18.940+0700] {processor.py:925} INFO - DAG(s) 'example_skip_dag' retrieved from /home/user/.local/lib/python3.10/site-packages/airflow/example_dags/example_skip_dag.py
[2024-08-20T11:28:18.957+0700] {logging_mixin.py:190} INFO - [2024-08-20T11:28:18.956+0700] {dag.py:3211} INFO - Sync 1 DAGs
[2024-08-20T11:28:18.972+0700] {logging_mixin.py:190} INFO - [2024-08-20T11:28:18.972+0700] {dag.py:4138} INFO - Setting next_dagrun for example_skip_dag to 2024-08-19 00:00:00+00:00, run_after=2024-08-20 00:00:00+00:00
[2024-08-20T11:28:18.989+0700] {processor.py:208} INFO - Processing /home/user/.local/lib/python3.10/site-packages/airflow/example_dags/example_skip_dag.py took 0.064 seconds
[2024-08-20T11:29:14.348+0700] {processor.py:186} INFO - Started process (PID=36234) to work on /home/user/.local/lib/python3.10/site-packages/airflow/example_dags/example_skip_dag.py
[2024-08-20T11:29:14.349+0700] {processor.py:914} INFO - Processing file /home/user/.local/lib/python3.10/site-packages/airflow/example_dags/example_skip_dag.py for tasks to queue
[2024-08-20T11:29:14.351+0700] {logging_mixin.py:190} INFO - [2024-08-20T11:29:14.351+0700] {dagbag.py:587} INFO - Filling up the DagBag from /home/user/.local/lib/python3.10/site-packages/airflow/example_dags/example_skip_dag.py
[2024-08-20T11:29:14.358+0700] {processor.py:925} INFO - DAG(s) 'example_skip_dag' retrieved from /home/user/.local/lib/python3.10/site-packages/airflow/example_dags/example_skip_dag.py
[2024-08-20T11:29:14.369+0700] {logging_mixin.py:190} INFO - [2024-08-20T11:29:14.369+0700] {dag.py:3211} INFO - Sync 1 DAGs
[2024-08-20T11:29:14.384+0700] {logging_mixin.py:190} INFO - [2024-08-20T11:29:14.384+0700] {dag.py:4138} INFO - Setting next_dagrun for example_skip_dag to 2024-08-19 00:00:00+00:00, run_after=2024-08-20 00:00:00+00:00
[2024-08-20T11:29:14.400+0700] {processor.py:208} INFO - Processing /home/user/.local/lib/python3.10/site-packages/airflow/example_dags/example_skip_dag.py took 0.056 seconds
[2024-08-20T11:30:06.805+0700] {processor.py:186} INFO - Started process (PID=36654) to work on /home/user/.local/lib/python3.10/site-packages/airflow/example_dags/example_skip_dag.py
[2024-08-20T11:30:06.807+0700] {processor.py:914} INFO - Processing file /home/user/.local/lib/python3.10/site-packages/airflow/example_dags/example_skip_dag.py for tasks to queue
[2024-08-20T11:30:06.810+0700] {logging_mixin.py:190} INFO - [2024-08-20T11:30:06.809+0700] {dagbag.py:587} INFO - Filling up the DagBag from /home/user/.local/lib/python3.10/site-packages/airflow/example_dags/example_skip_dag.py
[2024-08-20T11:30:06.815+0700] {processor.py:925} INFO - DAG(s) 'example_skip_dag' retrieved from /home/user/.local/lib/python3.10/site-packages/airflow/example_dags/example_skip_dag.py
[2024-08-20T11:30:06.830+0700] {logging_mixin.py:190} INFO - [2024-08-20T11:30:06.830+0700] {dag.py:3211} INFO - Sync 1 DAGs
[2024-08-20T11:30:06.846+0700] {logging_mixin.py:190} INFO - [2024-08-20T11:30:06.846+0700] {dag.py:4138} INFO - Setting next_dagrun for example_skip_dag to 2024-08-19 00:00:00+00:00, run_after=2024-08-20 00:00:00+00:00
[2024-08-20T11:30:06.862+0700] {processor.py:208} INFO - Processing /home/user/.local/lib/python3.10/site-packages/airflow/example_dags/example_skip_dag.py took 0.062 seconds
[2024-08-20T11:30:47.397+0700] {processor.py:186} INFO - Started process (PID=36975) to work on /home/user/.local/lib/python3.10/site-packages/airflow/example_dags/example_skip_dag.py
[2024-08-20T11:30:47.398+0700] {processor.py:914} INFO - Processing file /home/user/.local/lib/python3.10/site-packages/airflow/example_dags/example_skip_dag.py for tasks to queue
[2024-08-20T11:30:47.400+0700] {logging_mixin.py:190} INFO - [2024-08-20T11:30:47.400+0700] {dagbag.py:587} INFO - Filling up the DagBag from /home/user/.local/lib/python3.10/site-packages/airflow/example_dags/example_skip_dag.py
[2024-08-20T11:30:47.408+0700] {processor.py:925} INFO - DAG(s) 'example_skip_dag' retrieved from /home/user/.local/lib/python3.10/site-packages/airflow/example_dags/example_skip_dag.py
[2024-08-20T11:30:47.424+0700] {logging_mixin.py:190} INFO - [2024-08-20T11:30:47.423+0700] {dag.py:3211} INFO - Sync 1 DAGs
[2024-08-20T11:30:47.443+0700] {logging_mixin.py:190} INFO - [2024-08-20T11:30:47.442+0700] {dag.py:4138} INFO - Setting next_dagrun for example_skip_dag to 2024-08-19 00:00:00+00:00, run_after=2024-08-20 00:00:00+00:00
[2024-08-20T11:30:47.476+0700] {processor.py:208} INFO - Processing /home/user/.local/lib/python3.10/site-packages/airflow/example_dags/example_skip_dag.py took 0.087 seconds
[2024-08-20T11:31:41.880+0700] {processor.py:186} INFO - Started process (PID=37739) to work on /home/user/.local/lib/python3.10/site-packages/airflow/example_dags/example_skip_dag.py
[2024-08-20T11:31:41.886+0700] {processor.py:914} INFO - Processing file /home/user/.local/lib/python3.10/site-packages/airflow/example_dags/example_skip_dag.py for tasks to queue
[2024-08-20T11:31:41.888+0700] {logging_mixin.py:190} INFO - [2024-08-20T11:31:41.888+0700] {dagbag.py:587} INFO - Filling up the DagBag from /home/user/.local/lib/python3.10/site-packages/airflow/example_dags/example_skip_dag.py
[2024-08-20T11:31:41.897+0700] {processor.py:925} INFO - DAG(s) 'example_skip_dag' retrieved from /home/user/.local/lib/python3.10/site-packages/airflow/example_dags/example_skip_dag.py
[2024-08-20T11:31:41.917+0700] {logging_mixin.py:190} INFO - [2024-08-20T11:31:41.916+0700] {dag.py:3211} INFO - Sync 1 DAGs
[2024-08-20T11:31:41.935+0700] {logging_mixin.py:190} INFO - [2024-08-20T11:31:41.935+0700] {dag.py:4138} INFO - Setting next_dagrun for example_skip_dag to 2024-08-19 00:00:00+00:00, run_after=2024-08-20 00:00:00+00:00
[2024-08-20T11:31:41.959+0700] {processor.py:208} INFO - Processing /home/user/.local/lib/python3.10/site-packages/airflow/example_dags/example_skip_dag.py took 0.085 seconds
[2024-08-20T11:32:38.339+0700] {processor.py:186} INFO - Started process (PID=38191) to work on /home/user/.local/lib/python3.10/site-packages/airflow/example_dags/example_skip_dag.py
[2024-08-20T11:32:38.341+0700] {processor.py:914} INFO - Processing file /home/user/.local/lib/python3.10/site-packages/airflow/example_dags/example_skip_dag.py for tasks to queue
[2024-08-20T11:32:38.344+0700] {logging_mixin.py:190} INFO - [2024-08-20T11:32:38.343+0700] {dagbag.py:587} INFO - Filling up the DagBag from /home/user/.local/lib/python3.10/site-packages/airflow/example_dags/example_skip_dag.py
[2024-08-20T11:32:38.353+0700] {processor.py:925} INFO - DAG(s) 'example_skip_dag' retrieved from /home/user/.local/lib/python3.10/site-packages/airflow/example_dags/example_skip_dag.py
[2024-08-20T11:32:38.370+0700] {logging_mixin.py:190} INFO - [2024-08-20T11:32:38.370+0700] {dag.py:3211} INFO - Sync 1 DAGs
[2024-08-20T11:32:38.388+0700] {logging_mixin.py:190} INFO - [2024-08-20T11:32:38.388+0700] {dag.py:4138} INFO - Setting next_dagrun for example_skip_dag to 2024-08-19 00:00:00+00:00, run_after=2024-08-20 00:00:00+00:00
[2024-08-20T11:32:38.409+0700] {processor.py:208} INFO - Processing /home/user/.local/lib/python3.10/site-packages/airflow/example_dags/example_skip_dag.py took 0.076 seconds
[2024-08-20T11:33:28.114+0700] {processor.py:186} INFO - Started process (PID=38590) to work on /home/user/.local/lib/python3.10/site-packages/airflow/example_dags/example_skip_dag.py
[2024-08-20T11:33:28.115+0700] {processor.py:914} INFO - Processing file /home/user/.local/lib/python3.10/site-packages/airflow/example_dags/example_skip_dag.py for tasks to queue
[2024-08-20T11:33:28.117+0700] {logging_mixin.py:190} INFO - [2024-08-20T11:33:28.116+0700] {dagbag.py:587} INFO - Filling up the DagBag from /home/user/.local/lib/python3.10/site-packages/airflow/example_dags/example_skip_dag.py
[2024-08-20T11:33:28.123+0700] {processor.py:925} INFO - DAG(s) 'example_skip_dag' retrieved from /home/user/.local/lib/python3.10/site-packages/airflow/example_dags/example_skip_dag.py
[2024-08-20T11:33:28.136+0700] {logging_mixin.py:190} INFO - [2024-08-20T11:33:28.136+0700] {dag.py:3211} INFO - Sync 1 DAGs
[2024-08-20T11:33:28.151+0700] {logging_mixin.py:190} INFO - [2024-08-20T11:33:28.150+0700] {dag.py:4138} INFO - Setting next_dagrun for example_skip_dag to 2024-08-19 00:00:00+00:00, run_after=2024-08-20 00:00:00+00:00
[2024-08-20T11:33:28.167+0700] {processor.py:208} INFO - Processing /home/user/.local/lib/python3.10/site-packages/airflow/example_dags/example_skip_dag.py took 0.065 seconds
[2024-08-20T11:34:20.924+0700] {processor.py:186} INFO - Started process (PID=39001) to work on /home/user/.local/lib/python3.10/site-packages/airflow/example_dags/example_skip_dag.py
[2024-08-20T11:34:20.926+0700] {processor.py:914} INFO - Processing file /home/user/.local/lib/python3.10/site-packages/airflow/example_dags/example_skip_dag.py for tasks to queue
[2024-08-20T11:34:20.927+0700] {logging_mixin.py:190} INFO - [2024-08-20T11:34:20.927+0700] {dagbag.py:587} INFO - Filling up the DagBag from /home/user/.local/lib/python3.10/site-packages/airflow/example_dags/example_skip_dag.py
[2024-08-20T11:34:20.934+0700] {processor.py:925} INFO - DAG(s) 'example_skip_dag' retrieved from /home/user/.local/lib/python3.10/site-packages/airflow/example_dags/example_skip_dag.py
[2024-08-20T11:34:20.956+0700] {logging_mixin.py:190} INFO - [2024-08-20T11:34:20.955+0700] {dag.py:3211} INFO - Sync 1 DAGs
[2024-08-20T11:34:20.972+0700] {logging_mixin.py:190} INFO - [2024-08-20T11:34:20.972+0700] {dag.py:4138} INFO - Setting next_dagrun for example_skip_dag to 2024-08-19 00:00:00+00:00, run_after=2024-08-20 00:00:00+00:00
[2024-08-20T11:34:21.000+0700] {processor.py:208} INFO - Processing /home/user/.local/lib/python3.10/site-packages/airflow/example_dags/example_skip_dag.py took 0.081 seconds
[2024-08-20T11:35:16.158+0700] {processor.py:186} INFO - Started process (PID=39438) to work on /home/user/.local/lib/python3.10/site-packages/airflow/example_dags/example_skip_dag.py
[2024-08-20T11:35:16.160+0700] {processor.py:914} INFO - Processing file /home/user/.local/lib/python3.10/site-packages/airflow/example_dags/example_skip_dag.py for tasks to queue
[2024-08-20T11:35:16.162+0700] {logging_mixin.py:190} INFO - [2024-08-20T11:35:16.161+0700] {dagbag.py:587} INFO - Filling up the DagBag from /home/user/.local/lib/python3.10/site-packages/airflow/example_dags/example_skip_dag.py
[2024-08-20T11:35:16.167+0700] {processor.py:925} INFO - DAG(s) 'example_skip_dag' retrieved from /home/user/.local/lib/python3.10/site-packages/airflow/example_dags/example_skip_dag.py
[2024-08-20T11:35:16.181+0700] {logging_mixin.py:190} INFO - [2024-08-20T11:35:16.180+0700] {dag.py:3211} INFO - Sync 1 DAGs
[2024-08-20T11:35:16.193+0700] {logging_mixin.py:190} INFO - [2024-08-20T11:35:16.193+0700] {dag.py:4138} INFO - Setting next_dagrun for example_skip_dag to 2024-08-19 00:00:00+00:00, run_after=2024-08-20 00:00:00+00:00
[2024-08-20T11:35:16.213+0700] {processor.py:208} INFO - Processing /home/user/.local/lib/python3.10/site-packages/airflow/example_dags/example_skip_dag.py took 0.060 seconds
[2024-08-20T11:36:07.519+0700] {processor.py:186} INFO - Started process (PID=39841) to work on /home/user/.local/lib/python3.10/site-packages/airflow/example_dags/example_skip_dag.py
[2024-08-20T11:36:07.521+0700] {processor.py:914} INFO - Processing file /home/user/.local/lib/python3.10/site-packages/airflow/example_dags/example_skip_dag.py for tasks to queue
[2024-08-20T11:36:07.523+0700] {logging_mixin.py:190} INFO - [2024-08-20T11:36:07.523+0700] {dagbag.py:587} INFO - Filling up the DagBag from /home/user/.local/lib/python3.10/site-packages/airflow/example_dags/example_skip_dag.py
[2024-08-20T11:36:07.530+0700] {processor.py:925} INFO - DAG(s) 'example_skip_dag' retrieved from /home/user/.local/lib/python3.10/site-packages/airflow/example_dags/example_skip_dag.py
[2024-08-20T11:36:07.544+0700] {logging_mixin.py:190} INFO - [2024-08-20T11:36:07.544+0700] {dag.py:3211} INFO - Sync 1 DAGs
[2024-08-20T11:36:07.558+0700] {logging_mixin.py:190} INFO - [2024-08-20T11:36:07.558+0700] {dag.py:4138} INFO - Setting next_dagrun for example_skip_dag to 2024-08-19 00:00:00+00:00, run_after=2024-08-20 00:00:00+00:00
[2024-08-20T11:36:07.581+0700] {processor.py:208} INFO - Processing /home/user/.local/lib/python3.10/site-packages/airflow/example_dags/example_skip_dag.py took 0.068 seconds
[2024-08-20T11:36:56.814+0700] {processor.py:186} INFO - Started process (PID=40231) to work on /home/user/.local/lib/python3.10/site-packages/airflow/example_dags/example_skip_dag.py
[2024-08-20T11:36:56.815+0700] {processor.py:914} INFO - Processing file /home/user/.local/lib/python3.10/site-packages/airflow/example_dags/example_skip_dag.py for tasks to queue
[2024-08-20T11:36:56.817+0700] {logging_mixin.py:190} INFO - [2024-08-20T11:36:56.817+0700] {dagbag.py:587} INFO - Filling up the DagBag from /home/user/.local/lib/python3.10/site-packages/airflow/example_dags/example_skip_dag.py
[2024-08-20T11:36:56.823+0700] {processor.py:925} INFO - DAG(s) 'example_skip_dag' retrieved from /home/user/.local/lib/python3.10/site-packages/airflow/example_dags/example_skip_dag.py
[2024-08-20T11:36:56.838+0700] {logging_mixin.py:190} INFO - [2024-08-20T11:36:56.838+0700] {dag.py:3211} INFO - Sync 1 DAGs
[2024-08-20T11:36:56.858+0700] {logging_mixin.py:190} INFO - [2024-08-20T11:36:56.857+0700] {dag.py:4138} INFO - Setting next_dagrun for example_skip_dag to 2024-08-19 00:00:00+00:00, run_after=2024-08-20 00:00:00+00:00
[2024-08-20T11:36:56.880+0700] {processor.py:208} INFO - Processing /home/user/.local/lib/python3.10/site-packages/airflow/example_dags/example_skip_dag.py took 0.072 seconds
[2024-08-20T11:37:46.389+0700] {processor.py:186} INFO - Started process (PID=40621) to work on /home/user/.local/lib/python3.10/site-packages/airflow/example_dags/example_skip_dag.py
[2024-08-20T11:37:46.391+0700] {processor.py:914} INFO - Processing file /home/user/.local/lib/python3.10/site-packages/airflow/example_dags/example_skip_dag.py for tasks to queue
[2024-08-20T11:37:46.393+0700] {logging_mixin.py:190} INFO - [2024-08-20T11:37:46.392+0700] {dagbag.py:587} INFO - Filling up the DagBag from /home/user/.local/lib/python3.10/site-packages/airflow/example_dags/example_skip_dag.py
[2024-08-20T11:37:46.399+0700] {processor.py:925} INFO - DAG(s) 'example_skip_dag' retrieved from /home/user/.local/lib/python3.10/site-packages/airflow/example_dags/example_skip_dag.py
[2024-08-20T11:37:46.417+0700] {logging_mixin.py:190} INFO - [2024-08-20T11:37:46.417+0700] {dag.py:3211} INFO - Sync 1 DAGs
[2024-08-20T11:37:46.431+0700] {logging_mixin.py:190} INFO - [2024-08-20T11:37:46.431+0700] {dag.py:4138} INFO - Setting next_dagrun for example_skip_dag to 2024-08-19 00:00:00+00:00, run_after=2024-08-20 00:00:00+00:00
[2024-08-20T11:37:46.447+0700] {processor.py:208} INFO - Processing /home/user/.local/lib/python3.10/site-packages/airflow/example_dags/example_skip_dag.py took 0.062 seconds
[2024-08-20T11:38:39.567+0700] {processor.py:186} INFO - Started process (PID=41066) to work on /home/user/.local/lib/python3.10/site-packages/airflow/example_dags/example_skip_dag.py
[2024-08-20T11:38:39.569+0700] {processor.py:914} INFO - Processing file /home/user/.local/lib/python3.10/site-packages/airflow/example_dags/example_skip_dag.py for tasks to queue
[2024-08-20T11:38:39.572+0700] {logging_mixin.py:190} INFO - [2024-08-20T11:38:39.571+0700] {dagbag.py:587} INFO - Filling up the DagBag from /home/user/.local/lib/python3.10/site-packages/airflow/example_dags/example_skip_dag.py
[2024-08-20T11:38:39.580+0700] {processor.py:925} INFO - DAG(s) 'example_skip_dag' retrieved from /home/user/.local/lib/python3.10/site-packages/airflow/example_dags/example_skip_dag.py
[2024-08-20T11:38:39.596+0700] {logging_mixin.py:190} INFO - [2024-08-20T11:38:39.595+0700] {dag.py:3211} INFO - Sync 1 DAGs
[2024-08-20T11:38:39.612+0700] {logging_mixin.py:190} INFO - [2024-08-20T11:38:39.611+0700] {dag.py:4138} INFO - Setting next_dagrun for example_skip_dag to 2024-08-19 00:00:00+00:00, run_after=2024-08-20 00:00:00+00:00
[2024-08-20T11:38:39.632+0700] {processor.py:208} INFO - Processing /home/user/.local/lib/python3.10/site-packages/airflow/example_dags/example_skip_dag.py took 0.072 seconds
[2024-08-20T11:39:33.552+0700] {processor.py:186} INFO - Started process (PID=41502) to work on /home/user/.local/lib/python3.10/site-packages/airflow/example_dags/example_skip_dag.py
[2024-08-20T11:39:33.554+0700] {processor.py:914} INFO - Processing file /home/user/.local/lib/python3.10/site-packages/airflow/example_dags/example_skip_dag.py for tasks to queue
[2024-08-20T11:39:33.555+0700] {logging_mixin.py:190} INFO - [2024-08-20T11:39:33.555+0700] {dagbag.py:587} INFO - Filling up the DagBag from /home/user/.local/lib/python3.10/site-packages/airflow/example_dags/example_skip_dag.py
[2024-08-20T11:39:33.563+0700] {processor.py:925} INFO - DAG(s) 'example_skip_dag' retrieved from /home/user/.local/lib/python3.10/site-packages/airflow/example_dags/example_skip_dag.py
[2024-08-20T11:39:33.580+0700] {logging_mixin.py:190} INFO - [2024-08-20T11:39:33.580+0700] {dag.py:3211} INFO - Sync 1 DAGs
[2024-08-20T11:39:33.596+0700] {logging_mixin.py:190} INFO - [2024-08-20T11:39:33.596+0700] {dag.py:4138} INFO - Setting next_dagrun for example_skip_dag to 2024-08-19 00:00:00+00:00, run_after=2024-08-20 00:00:00+00:00
[2024-08-20T11:39:33.614+0700] {processor.py:208} INFO - Processing /home/user/.local/lib/python3.10/site-packages/airflow/example_dags/example_skip_dag.py took 0.067 seconds
[2024-08-20T11:40:22.144+0700] {processor.py:186} INFO - Started process (PID=41897) to work on /home/user/.local/lib/python3.10/site-packages/airflow/example_dags/example_skip_dag.py
[2024-08-20T11:40:22.148+0700] {processor.py:914} INFO - Processing file /home/user/.local/lib/python3.10/site-packages/airflow/example_dags/example_skip_dag.py for tasks to queue
[2024-08-20T11:40:22.151+0700] {logging_mixin.py:190} INFO - [2024-08-20T11:40:22.150+0700] {dagbag.py:587} INFO - Filling up the DagBag from /home/user/.local/lib/python3.10/site-packages/airflow/example_dags/example_skip_dag.py
[2024-08-20T11:40:22.165+0700] {processor.py:925} INFO - DAG(s) 'example_skip_dag' retrieved from /home/user/.local/lib/python3.10/site-packages/airflow/example_dags/example_skip_dag.py
[2024-08-20T11:40:22.178+0700] {logging_mixin.py:190} INFO - [2024-08-20T11:40:22.178+0700] {dag.py:3211} INFO - Sync 1 DAGs
[2024-08-20T11:40:22.193+0700] {logging_mixin.py:190} INFO - [2024-08-20T11:40:22.193+0700] {dag.py:4138} INFO - Setting next_dagrun for example_skip_dag to 2024-08-19 00:00:00+00:00, run_after=2024-08-20 00:00:00+00:00
[2024-08-20T11:40:22.209+0700] {processor.py:208} INFO - Processing /home/user/.local/lib/python3.10/site-packages/airflow/example_dags/example_skip_dag.py took 0.081 seconds
[2024-08-20T11:41:10.261+0700] {processor.py:186} INFO - Started process (PID=42291) to work on /home/user/.local/lib/python3.10/site-packages/airflow/example_dags/example_skip_dag.py
[2024-08-20T11:41:10.262+0700] {processor.py:914} INFO - Processing file /home/user/.local/lib/python3.10/site-packages/airflow/example_dags/example_skip_dag.py for tasks to queue
[2024-08-20T11:41:10.264+0700] {logging_mixin.py:190} INFO - [2024-08-20T11:41:10.264+0700] {dagbag.py:587} INFO - Filling up the DagBag from /home/user/.local/lib/python3.10/site-packages/airflow/example_dags/example_skip_dag.py
[2024-08-20T11:41:10.270+0700] {processor.py:925} INFO - DAG(s) 'example_skip_dag' retrieved from /home/user/.local/lib/python3.10/site-packages/airflow/example_dags/example_skip_dag.py
[2024-08-20T11:41:10.290+0700] {logging_mixin.py:190} INFO - [2024-08-20T11:41:10.289+0700] {dag.py:3211} INFO - Sync 1 DAGs
[2024-08-20T11:41:10.307+0700] {logging_mixin.py:190} INFO - [2024-08-20T11:41:10.307+0700] {dag.py:4138} INFO - Setting next_dagrun for example_skip_dag to 2024-08-19 00:00:00+00:00, run_after=2024-08-20 00:00:00+00:00
[2024-08-20T11:41:10.324+0700] {processor.py:208} INFO - Processing /home/user/.local/lib/python3.10/site-packages/airflow/example_dags/example_skip_dag.py took 0.070 seconds
[2024-08-20T11:42:05.405+0700] {processor.py:186} INFO - Started process (PID=42724) to work on /home/user/.local/lib/python3.10/site-packages/airflow/example_dags/example_skip_dag.py
[2024-08-20T11:42:05.407+0700] {processor.py:914} INFO - Processing file /home/user/.local/lib/python3.10/site-packages/airflow/example_dags/example_skip_dag.py for tasks to queue
[2024-08-20T11:42:05.409+0700] {logging_mixin.py:190} INFO - [2024-08-20T11:42:05.409+0700] {dagbag.py:587} INFO - Filling up the DagBag from /home/user/.local/lib/python3.10/site-packages/airflow/example_dags/example_skip_dag.py
[2024-08-20T11:42:05.420+0700] {processor.py:925} INFO - DAG(s) 'example_skip_dag' retrieved from /home/user/.local/lib/python3.10/site-packages/airflow/example_dags/example_skip_dag.py
[2024-08-20T11:42:05.438+0700] {logging_mixin.py:190} INFO - [2024-08-20T11:42:05.437+0700] {dag.py:3211} INFO - Sync 1 DAGs
[2024-08-20T11:42:05.461+0700] {logging_mixin.py:190} INFO - [2024-08-20T11:42:05.460+0700] {dag.py:4138} INFO - Setting next_dagrun for example_skip_dag to 2024-08-19 00:00:00+00:00, run_after=2024-08-20 00:00:00+00:00
[2024-08-20T11:42:05.487+0700] {processor.py:208} INFO - Processing /home/user/.local/lib/python3.10/site-packages/airflow/example_dags/example_skip_dag.py took 0.086 seconds
[2024-08-20T11:42:56.012+0700] {processor.py:186} INFO - Started process (PID=43128) to work on /home/user/.local/lib/python3.10/site-packages/airflow/example_dags/example_skip_dag.py
[2024-08-20T11:42:56.014+0700] {processor.py:914} INFO - Processing file /home/user/.local/lib/python3.10/site-packages/airflow/example_dags/example_skip_dag.py for tasks to queue
[2024-08-20T11:42:56.015+0700] {logging_mixin.py:190} INFO - [2024-08-20T11:42:56.015+0700] {dagbag.py:587} INFO - Filling up the DagBag from /home/user/.local/lib/python3.10/site-packages/airflow/example_dags/example_skip_dag.py
[2024-08-20T11:42:56.023+0700] {processor.py:925} INFO - DAG(s) 'example_skip_dag' retrieved from /home/user/.local/lib/python3.10/site-packages/airflow/example_dags/example_skip_dag.py
[2024-08-20T11:42:56.041+0700] {logging_mixin.py:190} INFO - [2024-08-20T11:42:56.040+0700] {dag.py:3211} INFO - Sync 1 DAGs
[2024-08-20T11:42:56.055+0700] {logging_mixin.py:190} INFO - [2024-08-20T11:42:56.055+0700] {dag.py:4138} INFO - Setting next_dagrun for example_skip_dag to 2024-08-19 00:00:00+00:00, run_after=2024-08-20 00:00:00+00:00
[2024-08-20T11:42:56.073+0700] {processor.py:208} INFO - Processing /home/user/.local/lib/python3.10/site-packages/airflow/example_dags/example_skip_dag.py took 0.067 seconds
[2024-08-20T11:43:46.421+0700] {processor.py:186} INFO - Started process (PID=43531) to work on /home/user/.local/lib/python3.10/site-packages/airflow/example_dags/example_skip_dag.py
[2024-08-20T11:43:46.428+0700] {processor.py:914} INFO - Processing file /home/user/.local/lib/python3.10/site-packages/airflow/example_dags/example_skip_dag.py for tasks to queue
[2024-08-20T11:43:46.431+0700] {logging_mixin.py:190} INFO - [2024-08-20T11:43:46.431+0700] {dagbag.py:587} INFO - Filling up the DagBag from /home/user/.local/lib/python3.10/site-packages/airflow/example_dags/example_skip_dag.py
[2024-08-20T11:43:46.440+0700] {processor.py:925} INFO - DAG(s) 'example_skip_dag' retrieved from /home/user/.local/lib/python3.10/site-packages/airflow/example_dags/example_skip_dag.py
[2024-08-20T11:43:46.453+0700] {logging_mixin.py:190} INFO - [2024-08-20T11:43:46.453+0700] {dag.py:3211} INFO - Sync 1 DAGs
[2024-08-20T11:43:46.466+0700] {logging_mixin.py:190} INFO - [2024-08-20T11:43:46.466+0700] {dag.py:4138} INFO - Setting next_dagrun for example_skip_dag to 2024-08-19 00:00:00+00:00, run_after=2024-08-20 00:00:00+00:00
[2024-08-20T11:43:46.482+0700] {processor.py:208} INFO - Processing /home/user/.local/lib/python3.10/site-packages/airflow/example_dags/example_skip_dag.py took 0.067 seconds
[2024-08-20T11:44:34.766+0700] {processor.py:186} INFO - Started process (PID=43910) to work on /home/user/.local/lib/python3.10/site-packages/airflow/example_dags/example_skip_dag.py
[2024-08-20T11:44:34.767+0700] {processor.py:914} INFO - Processing file /home/user/.local/lib/python3.10/site-packages/airflow/example_dags/example_skip_dag.py for tasks to queue
[2024-08-20T11:44:34.768+0700] {logging_mixin.py:190} INFO - [2024-08-20T11:44:34.768+0700] {dagbag.py:587} INFO - Filling up the DagBag from /home/user/.local/lib/python3.10/site-packages/airflow/example_dags/example_skip_dag.py
[2024-08-20T11:44:34.775+0700] {processor.py:925} INFO - DAG(s) 'example_skip_dag' retrieved from /home/user/.local/lib/python3.10/site-packages/airflow/example_dags/example_skip_dag.py
[2024-08-20T11:44:34.787+0700] {logging_mixin.py:190} INFO - [2024-08-20T11:44:34.787+0700] {dag.py:3211} INFO - Sync 1 DAGs
[2024-08-20T11:44:34.801+0700] {logging_mixin.py:190} INFO - [2024-08-20T11:44:34.801+0700] {dag.py:4138} INFO - Setting next_dagrun for example_skip_dag to 2024-08-19 00:00:00+00:00, run_after=2024-08-20 00:00:00+00:00
[2024-08-20T11:44:34.818+0700] {processor.py:208} INFO - Processing /home/user/.local/lib/python3.10/site-packages/airflow/example_dags/example_skip_dag.py took 0.057 seconds
[2024-08-20T11:45:25.336+0700] {processor.py:186} INFO - Started process (PID=44311) to work on /home/user/.local/lib/python3.10/site-packages/airflow/example_dags/example_skip_dag.py
[2024-08-20T11:45:25.338+0700] {processor.py:914} INFO - Processing file /home/user/.local/lib/python3.10/site-packages/airflow/example_dags/example_skip_dag.py for tasks to queue
[2024-08-20T11:45:25.340+0700] {logging_mixin.py:190} INFO - [2024-08-20T11:45:25.340+0700] {dagbag.py:587} INFO - Filling up the DagBag from /home/user/.local/lib/python3.10/site-packages/airflow/example_dags/example_skip_dag.py
[2024-08-20T11:45:25.349+0700] {processor.py:925} INFO - DAG(s) 'example_skip_dag' retrieved from /home/user/.local/lib/python3.10/site-packages/airflow/example_dags/example_skip_dag.py
[2024-08-20T11:45:25.362+0700] {logging_mixin.py:190} INFO - [2024-08-20T11:45:25.362+0700] {dag.py:3211} INFO - Sync 1 DAGs
[2024-08-20T11:45:25.376+0700] {logging_mixin.py:190} INFO - [2024-08-20T11:45:25.376+0700] {dag.py:4138} INFO - Setting next_dagrun for example_skip_dag to 2024-08-19 00:00:00+00:00, run_after=2024-08-20 00:00:00+00:00
[2024-08-20T11:45:25.415+0700] {processor.py:208} INFO - Processing /home/user/.local/lib/python3.10/site-packages/airflow/example_dags/example_skip_dag.py took 0.083 seconds
