[2024-08-20T11:27:27.054+0700] {processor.py:186} INFO - Started process (PID=35373) to work on /home/user/.local/lib/python3.10/site-packages/airflow/example_dags/example_xcomargs.py
[2024-08-20T11:27:27.054+0700] {processor.py:914} INFO - Processing file /home/user/.local/lib/python3.10/site-packages/airflow/example_dags/example_xcomargs.py for tasks to queue
[2024-08-20T11:27:27.056+0700] {logging_mixin.py:190} INFO - [2024-08-20T11:27:27.056+0700] {dagbag.py:587} INFO - Filling up the DagBag from /home/user/.local/lib/python3.10/site-packages/airflow/example_dags/example_xcomargs.py
[2024-08-20T11:27:27.065+0700] {processor.py:925} INFO - DAG(s) 'example_xcom_args', 'example_xcom_args_with_operators' retrieved from /home/user/.local/lib/python3.10/site-packages/airflow/example_dags/example_xcomargs.py
[2024-08-20T11:27:27.140+0700] {logging_mixin.py:190} INFO - [2024-08-20T11:27:27.139+0700] {override.py:1858} INFO - Created Permission View: can read on DAG:example_xcom_args
[2024-08-20T11:27:27.151+0700] {logging_mixin.py:190} INFO - [2024-08-20T11:27:27.150+0700] {override.py:1858} INFO - Created Permission View: can delete on DAG:example_xcom_args
[2024-08-20T11:27:27.158+0700] {logging_mixin.py:190} INFO - [2024-08-20T11:27:27.158+0700] {override.py:1858} INFO - Created Permission View: can edit on DAG:example_xcom_args
[2024-08-20T11:27:27.181+0700] {logging_mixin.py:190} INFO - [2024-08-20T11:27:27.181+0700] {override.py:1858} INFO - Created Permission View: can read on DAG:example_xcom_args_with_operators
[2024-08-20T11:27:27.191+0700] {logging_mixin.py:190} INFO - [2024-08-20T11:27:27.190+0700] {override.py:1858} INFO - Created Permission View: can delete on DAG:example_xcom_args_with_operators
[2024-08-20T11:27:27.200+0700] {logging_mixin.py:190} INFO - [2024-08-20T11:27:27.199+0700] {override.py:1858} INFO - Created Permission View: can edit on DAG:example_xcom_args_with_operators
[2024-08-20T11:27:27.200+0700] {logging_mixin.py:190} INFO - [2024-08-20T11:27:27.200+0700] {dag.py:3211} INFO - Sync 2 DAGs
[2024-08-20T11:27:27.210+0700] {logging_mixin.py:190} INFO - [2024-08-20T11:27:27.210+0700] {dag.py:3234} INFO - Creating ORM DAG for example_xcom_args_with_operators
[2024-08-20T11:27:27.210+0700] {logging_mixin.py:190} INFO - [2024-08-20T11:27:27.210+0700] {dag.py:3234} INFO - Creating ORM DAG for example_xcom_args
[2024-08-20T11:27:27.211+0700] {logging_mixin.py:190} INFO - [2024-08-20T11:27:27.211+0700] {dag.py:4138} INFO - Setting next_dagrun for example_xcom_args to None, run_after=None
[2024-08-20T11:27:27.211+0700] {logging_mixin.py:190} INFO - [2024-08-20T11:27:27.211+0700] {dag.py:4138} INFO - Setting next_dagrun for example_xcom_args_with_operators to None, run_after=None
[2024-08-20T11:27:27.232+0700] {processor.py:208} INFO - Processing /home/user/.local/lib/python3.10/site-packages/airflow/example_dags/example_xcomargs.py took 0.183 seconds
[2024-08-20T11:28:28.078+0700] {processor.py:186} INFO - Started process (PID=35872) to work on /home/user/.local/lib/python3.10/site-packages/airflow/example_dags/example_xcomargs.py
[2024-08-20T11:28:28.080+0700] {processor.py:914} INFO - Processing file /home/user/.local/lib/python3.10/site-packages/airflow/example_dags/example_xcomargs.py for tasks to queue
[2024-08-20T11:28:28.082+0700] {logging_mixin.py:190} INFO - [2024-08-20T11:28:28.082+0700] {dagbag.py:587} INFO - Filling up the DagBag from /home/user/.local/lib/python3.10/site-packages/airflow/example_dags/example_xcomargs.py
[2024-08-20T11:28:28.091+0700] {processor.py:925} INFO - DAG(s) 'example_xcom_args', 'example_xcom_args_with_operators' retrieved from /home/user/.local/lib/python3.10/site-packages/airflow/example_dags/example_xcomargs.py
[2024-08-20T11:28:28.111+0700] {logging_mixin.py:190} INFO - [2024-08-20T11:28:28.111+0700] {dag.py:3211} INFO - Sync 2 DAGs
[2024-08-20T11:28:28.124+0700] {logging_mixin.py:190} INFO - [2024-08-20T11:28:28.124+0700] {dag.py:4138} INFO - Setting next_dagrun for example_xcom_args to None, run_after=None
[2024-08-20T11:28:28.127+0700] {logging_mixin.py:190} INFO - [2024-08-20T11:28:28.127+0700] {dag.py:4138} INFO - Setting next_dagrun for example_xcom_args_with_operators to None, run_after=None
[2024-08-20T11:28:28.142+0700] {processor.py:208} INFO - Processing /home/user/.local/lib/python3.10/site-packages/airflow/example_dags/example_xcomargs.py took 0.068 seconds
[2024-08-20T11:29:23.498+0700] {processor.py:186} INFO - Started process (PID=36312) to work on /home/user/.local/lib/python3.10/site-packages/airflow/example_dags/example_xcomargs.py
[2024-08-20T11:29:23.501+0700] {processor.py:914} INFO - Processing file /home/user/.local/lib/python3.10/site-packages/airflow/example_dags/example_xcomargs.py for tasks to queue
[2024-08-20T11:29:23.503+0700] {logging_mixin.py:190} INFO - [2024-08-20T11:29:23.502+0700] {dagbag.py:587} INFO - Filling up the DagBag from /home/user/.local/lib/python3.10/site-packages/airflow/example_dags/example_xcomargs.py
[2024-08-20T11:29:23.512+0700] {processor.py:925} INFO - DAG(s) 'example_xcom_args', 'example_xcom_args_with_operators' retrieved from /home/user/.local/lib/python3.10/site-packages/airflow/example_dags/example_xcomargs.py
[2024-08-20T11:29:23.530+0700] {logging_mixin.py:190} INFO - [2024-08-20T11:29:23.530+0700] {dag.py:3211} INFO - Sync 2 DAGs
[2024-08-20T11:29:23.541+0700] {logging_mixin.py:190} INFO - [2024-08-20T11:29:23.541+0700] {dag.py:4138} INFO - Setting next_dagrun for example_xcom_args to None, run_after=None
[2024-08-20T11:29:23.544+0700] {logging_mixin.py:190} INFO - [2024-08-20T11:29:23.544+0700] {dag.py:4138} INFO - Setting next_dagrun for example_xcom_args_with_operators to None, run_after=None
[2024-08-20T11:29:23.562+0700] {processor.py:208} INFO - Processing /home/user/.local/lib/python3.10/site-packages/airflow/example_dags/example_xcomargs.py took 0.069 seconds
[2024-08-20T11:30:13.523+0700] {processor.py:186} INFO - Started process (PID=36707) to work on /home/user/.local/lib/python3.10/site-packages/airflow/example_dags/example_xcomargs.py
[2024-08-20T11:30:13.529+0700] {processor.py:914} INFO - Processing file /home/user/.local/lib/python3.10/site-packages/airflow/example_dags/example_xcomargs.py for tasks to queue
[2024-08-20T11:30:13.531+0700] {logging_mixin.py:190} INFO - [2024-08-20T11:30:13.531+0700] {dagbag.py:587} INFO - Filling up the DagBag from /home/user/.local/lib/python3.10/site-packages/airflow/example_dags/example_xcomargs.py
[2024-08-20T11:30:13.539+0700] {processor.py:925} INFO - DAG(s) 'example_xcom_args', 'example_xcom_args_with_operators' retrieved from /home/user/.local/lib/python3.10/site-packages/airflow/example_dags/example_xcomargs.py
[2024-08-20T11:30:13.552+0700] {logging_mixin.py:190} INFO - [2024-08-20T11:30:13.552+0700] {dag.py:3211} INFO - Sync 2 DAGs
[2024-08-20T11:30:13.561+0700] {logging_mixin.py:190} INFO - [2024-08-20T11:30:13.561+0700] {dag.py:4138} INFO - Setting next_dagrun for example_xcom_args to None, run_after=None
[2024-08-20T11:30:13.564+0700] {logging_mixin.py:190} INFO - [2024-08-20T11:30:13.563+0700] {dag.py:4138} INFO - Setting next_dagrun for example_xcom_args_with_operators to None, run_after=None
[2024-08-20T11:30:13.591+0700] {processor.py:208} INFO - Processing /home/user/.local/lib/python3.10/site-packages/airflow/example_dags/example_xcomargs.py took 0.073 seconds
[2024-08-20T11:30:54.905+0700] {processor.py:186} INFO - Started process (PID=37031) to work on /home/user/.local/lib/python3.10/site-packages/airflow/example_dags/example_xcomargs.py
[2024-08-20T11:30:54.907+0700] {processor.py:914} INFO - Processing file /home/user/.local/lib/python3.10/site-packages/airflow/example_dags/example_xcomargs.py for tasks to queue
[2024-08-20T11:30:54.909+0700] {logging_mixin.py:190} INFO - [2024-08-20T11:30:54.909+0700] {dagbag.py:587} INFO - Filling up the DagBag from /home/user/.local/lib/python3.10/site-packages/airflow/example_dags/example_xcomargs.py
[2024-08-20T11:30:54.921+0700] {processor.py:925} INFO - DAG(s) 'example_xcom_args_with_operators', 'example_xcom_args' retrieved from /home/user/.local/lib/python3.10/site-packages/airflow/example_dags/example_xcomargs.py
[2024-08-20T11:30:54.949+0700] {logging_mixin.py:190} INFO - [2024-08-20T11:30:54.949+0700] {dag.py:3211} INFO - Sync 2 DAGs
[2024-08-20T11:30:54.965+0700] {logging_mixin.py:190} INFO - [2024-08-20T11:30:54.965+0700] {dag.py:4138} INFO - Setting next_dagrun for example_xcom_args to None, run_after=None
[2024-08-20T11:30:54.970+0700] {logging_mixin.py:190} INFO - [2024-08-20T11:30:54.969+0700] {dag.py:4138} INFO - Setting next_dagrun for example_xcom_args_with_operators to None, run_after=None
[2024-08-20T11:30:54.996+0700] {processor.py:208} INFO - Processing /home/user/.local/lib/python3.10/site-packages/airflow/example_dags/example_xcomargs.py took 0.099 seconds
[2024-08-20T11:31:50.987+0700] {processor.py:186} INFO - Started process (PID=37808) to work on /home/user/.local/lib/python3.10/site-packages/airflow/example_dags/example_xcomargs.py
[2024-08-20T11:31:50.988+0700] {processor.py:914} INFO - Processing file /home/user/.local/lib/python3.10/site-packages/airflow/example_dags/example_xcomargs.py for tasks to queue
[2024-08-20T11:31:50.990+0700] {logging_mixin.py:190} INFO - [2024-08-20T11:31:50.990+0700] {dagbag.py:587} INFO - Filling up the DagBag from /home/user/.local/lib/python3.10/site-packages/airflow/example_dags/example_xcomargs.py
[2024-08-20T11:31:50.999+0700] {processor.py:925} INFO - DAG(s) 'example_xcom_args_with_operators', 'example_xcom_args' retrieved from /home/user/.local/lib/python3.10/site-packages/airflow/example_dags/example_xcomargs.py
[2024-08-20T11:31:51.014+0700] {logging_mixin.py:190} INFO - [2024-08-20T11:31:51.014+0700] {dag.py:3211} INFO - Sync 2 DAGs
[2024-08-20T11:31:51.023+0700] {logging_mixin.py:190} INFO - [2024-08-20T11:31:51.023+0700] {dag.py:4138} INFO - Setting next_dagrun for example_xcom_args to None, run_after=None
[2024-08-20T11:31:51.027+0700] {logging_mixin.py:190} INFO - [2024-08-20T11:31:51.026+0700] {dag.py:4138} INFO - Setting next_dagrun for example_xcom_args_with_operators to None, run_after=None
[2024-08-20T11:31:51.046+0700] {processor.py:208} INFO - Processing /home/user/.local/lib/python3.10/site-packages/airflow/example_dags/example_xcomargs.py took 0.064 seconds
[2024-08-20T11:32:45.108+0700] {processor.py:186} INFO - Started process (PID=38250) to work on /home/user/.local/lib/python3.10/site-packages/airflow/example_dags/example_xcomargs.py
[2024-08-20T11:32:45.109+0700] {processor.py:914} INFO - Processing file /home/user/.local/lib/python3.10/site-packages/airflow/example_dags/example_xcomargs.py for tasks to queue
[2024-08-20T11:32:45.110+0700] {logging_mixin.py:190} INFO - [2024-08-20T11:32:45.110+0700] {dagbag.py:587} INFO - Filling up the DagBag from /home/user/.local/lib/python3.10/site-packages/airflow/example_dags/example_xcomargs.py
[2024-08-20T11:32:45.118+0700] {processor.py:925} INFO - DAG(s) 'example_xcom_args_with_operators', 'example_xcom_args' retrieved from /home/user/.local/lib/python3.10/site-packages/airflow/example_dags/example_xcomargs.py
[2024-08-20T11:32:45.131+0700] {logging_mixin.py:190} INFO - [2024-08-20T11:32:45.131+0700] {dag.py:3211} INFO - Sync 2 DAGs
[2024-08-20T11:32:45.139+0700] {logging_mixin.py:190} INFO - [2024-08-20T11:32:45.139+0700] {dag.py:4138} INFO - Setting next_dagrun for example_xcom_args to None, run_after=None
[2024-08-20T11:32:45.141+0700] {logging_mixin.py:190} INFO - [2024-08-20T11:32:45.141+0700] {dag.py:4138} INFO - Setting next_dagrun for example_xcom_args_with_operators to None, run_after=None
[2024-08-20T11:32:45.155+0700] {processor.py:208} INFO - Processing /home/user/.local/lib/python3.10/site-packages/airflow/example_dags/example_xcomargs.py took 0.052 seconds
[2024-08-20T11:33:37.827+0700] {processor.py:186} INFO - Started process (PID=38664) to work on /home/user/.local/lib/python3.10/site-packages/airflow/example_dags/example_xcomargs.py
[2024-08-20T11:33:37.830+0700] {processor.py:914} INFO - Processing file /home/user/.local/lib/python3.10/site-packages/airflow/example_dags/example_xcomargs.py for tasks to queue
[2024-08-20T11:33:37.834+0700] {logging_mixin.py:190} INFO - [2024-08-20T11:33:37.833+0700] {dagbag.py:587} INFO - Filling up the DagBag from /home/user/.local/lib/python3.10/site-packages/airflow/example_dags/example_xcomargs.py
[2024-08-20T11:33:37.852+0700] {processor.py:925} INFO - DAG(s) 'example_xcom_args', 'example_xcom_args_with_operators' retrieved from /home/user/.local/lib/python3.10/site-packages/airflow/example_dags/example_xcomargs.py
[2024-08-20T11:33:37.873+0700] {logging_mixin.py:190} INFO - [2024-08-20T11:33:37.873+0700] {dag.py:3211} INFO - Sync 2 DAGs
[2024-08-20T11:33:37.895+0700] {logging_mixin.py:190} INFO - [2024-08-20T11:33:37.895+0700] {dag.py:4138} INFO - Setting next_dagrun for example_xcom_args to None, run_after=None
[2024-08-20T11:33:37.900+0700] {logging_mixin.py:190} INFO - [2024-08-20T11:33:37.900+0700] {dag.py:4138} INFO - Setting next_dagrun for example_xcom_args_with_operators to None, run_after=None
[2024-08-20T11:33:37.923+0700] {processor.py:208} INFO - Processing /home/user/.local/lib/python3.10/site-packages/airflow/example_dags/example_xcomargs.py took 0.113 seconds
[2024-08-20T11:34:29.797+0700] {processor.py:186} INFO - Started process (PID=39074) to work on /home/user/.local/lib/python3.10/site-packages/airflow/example_dags/example_xcomargs.py
[2024-08-20T11:34:29.799+0700] {processor.py:914} INFO - Processing file /home/user/.local/lib/python3.10/site-packages/airflow/example_dags/example_xcomargs.py for tasks to queue
[2024-08-20T11:34:29.801+0700] {logging_mixin.py:190} INFO - [2024-08-20T11:34:29.800+0700] {dagbag.py:587} INFO - Filling up the DagBag from /home/user/.local/lib/python3.10/site-packages/airflow/example_dags/example_xcomargs.py
[2024-08-20T11:34:29.808+0700] {processor.py:925} INFO - DAG(s) 'example_xcom_args', 'example_xcom_args_with_operators' retrieved from /home/user/.local/lib/python3.10/site-packages/airflow/example_dags/example_xcomargs.py
[2024-08-20T11:34:29.822+0700] {logging_mixin.py:190} INFO - [2024-08-20T11:34:29.822+0700] {dag.py:3211} INFO - Sync 2 DAGs
[2024-08-20T11:34:29.832+0700] {logging_mixin.py:190} INFO - [2024-08-20T11:34:29.832+0700] {dag.py:4138} INFO - Setting next_dagrun for example_xcom_args to None, run_after=None
[2024-08-20T11:34:29.834+0700] {logging_mixin.py:190} INFO - [2024-08-20T11:34:29.834+0700] {dag.py:4138} INFO - Setting next_dagrun for example_xcom_args_with_operators to None, run_after=None
[2024-08-20T11:34:29.852+0700] {processor.py:208} INFO - Processing /home/user/.local/lib/python3.10/site-packages/airflow/example_dags/example_xcomargs.py took 0.060 seconds
[2024-08-20T11:35:25.314+0700] {processor.py:186} INFO - Started process (PID=39513) to work on /home/user/.local/lib/python3.10/site-packages/airflow/example_dags/example_xcomargs.py
[2024-08-20T11:35:25.315+0700] {processor.py:914} INFO - Processing file /home/user/.local/lib/python3.10/site-packages/airflow/example_dags/example_xcomargs.py for tasks to queue
[2024-08-20T11:35:25.317+0700] {logging_mixin.py:190} INFO - [2024-08-20T11:35:25.317+0700] {dagbag.py:587} INFO - Filling up the DagBag from /home/user/.local/lib/python3.10/site-packages/airflow/example_dags/example_xcomargs.py
[2024-08-20T11:35:25.325+0700] {processor.py:925} INFO - DAG(s) 'example_xcom_args_with_operators', 'example_xcom_args' retrieved from /home/user/.local/lib/python3.10/site-packages/airflow/example_dags/example_xcomargs.py
[2024-08-20T11:35:25.339+0700] {logging_mixin.py:190} INFO - [2024-08-20T11:35:25.338+0700] {dag.py:3211} INFO - Sync 2 DAGs
[2024-08-20T11:35:25.347+0700] {logging_mixin.py:190} INFO - [2024-08-20T11:35:25.347+0700] {dag.py:4138} INFO - Setting next_dagrun for example_xcom_args to None, run_after=None
[2024-08-20T11:35:25.349+0700] {logging_mixin.py:190} INFO - [2024-08-20T11:35:25.349+0700] {dag.py:4138} INFO - Setting next_dagrun for example_xcom_args_with_operators to None, run_after=None
[2024-08-20T11:35:25.367+0700] {processor.py:208} INFO - Processing /home/user/.local/lib/python3.10/site-packages/airflow/example_dags/example_xcomargs.py took 0.058 seconds
[2024-08-20T11:36:15.220+0700] {processor.py:186} INFO - Started process (PID=39905) to work on /home/user/.local/lib/python3.10/site-packages/airflow/example_dags/example_xcomargs.py
[2024-08-20T11:36:15.223+0700] {processor.py:914} INFO - Processing file /home/user/.local/lib/python3.10/site-packages/airflow/example_dags/example_xcomargs.py for tasks to queue
[2024-08-20T11:36:15.226+0700] {logging_mixin.py:190} INFO - [2024-08-20T11:36:15.226+0700] {dagbag.py:587} INFO - Filling up the DagBag from /home/user/.local/lib/python3.10/site-packages/airflow/example_dags/example_xcomargs.py
[2024-08-20T11:36:15.234+0700] {processor.py:925} INFO - DAG(s) 'example_xcom_args', 'example_xcom_args_with_operators' retrieved from /home/user/.local/lib/python3.10/site-packages/airflow/example_dags/example_xcomargs.py
[2024-08-20T11:36:15.254+0700] {logging_mixin.py:190} INFO - [2024-08-20T11:36:15.254+0700] {dag.py:3211} INFO - Sync 2 DAGs
[2024-08-20T11:36:15.267+0700] {logging_mixin.py:190} INFO - [2024-08-20T11:36:15.267+0700] {dag.py:4138} INFO - Setting next_dagrun for example_xcom_args to None, run_after=None
[2024-08-20T11:36:15.269+0700] {logging_mixin.py:190} INFO - [2024-08-20T11:36:15.269+0700] {dag.py:4138} INFO - Setting next_dagrun for example_xcom_args_with_operators to None, run_after=None
[2024-08-20T11:36:15.289+0700] {processor.py:208} INFO - Processing /home/user/.local/lib/python3.10/site-packages/airflow/example_dags/example_xcomargs.py took 0.074 seconds
[2024-08-20T11:37:05.814+0700] {processor.py:186} INFO - Started process (PID=40305) to work on /home/user/.local/lib/python3.10/site-packages/airflow/example_dags/example_xcomargs.py
[2024-08-20T11:37:05.816+0700] {processor.py:914} INFO - Processing file /home/user/.local/lib/python3.10/site-packages/airflow/example_dags/example_xcomargs.py for tasks to queue
[2024-08-20T11:37:05.818+0700] {logging_mixin.py:190} INFO - [2024-08-20T11:37:05.817+0700] {dagbag.py:587} INFO - Filling up the DagBag from /home/user/.local/lib/python3.10/site-packages/airflow/example_dags/example_xcomargs.py
[2024-08-20T11:37:05.825+0700] {processor.py:925} INFO - DAG(s) 'example_xcom_args_with_operators', 'example_xcom_args' retrieved from /home/user/.local/lib/python3.10/site-packages/airflow/example_dags/example_xcomargs.py
[2024-08-20T11:37:05.839+0700] {logging_mixin.py:190} INFO - [2024-08-20T11:37:05.839+0700] {dag.py:3211} INFO - Sync 2 DAGs
[2024-08-20T11:37:05.848+0700] {logging_mixin.py:190} INFO - [2024-08-20T11:37:05.848+0700] {dag.py:4138} INFO - Setting next_dagrun for example_xcom_args to None, run_after=None
[2024-08-20T11:37:05.850+0700] {logging_mixin.py:190} INFO - [2024-08-20T11:37:05.850+0700] {dag.py:4138} INFO - Setting next_dagrun for example_xcom_args_with_operators to None, run_after=None
[2024-08-20T11:37:05.865+0700] {processor.py:208} INFO - Processing /home/user/.local/lib/python3.10/site-packages/airflow/example_dags/example_xcomargs.py took 0.055 seconds
[2024-08-20T11:37:55.831+0700] {processor.py:186} INFO - Started process (PID=40711) to work on /home/user/.local/lib/python3.10/site-packages/airflow/example_dags/example_xcomargs.py
[2024-08-20T11:37:55.833+0700] {processor.py:914} INFO - Processing file /home/user/.local/lib/python3.10/site-packages/airflow/example_dags/example_xcomargs.py for tasks to queue
[2024-08-20T11:37:55.834+0700] {logging_mixin.py:190} INFO - [2024-08-20T11:37:55.834+0700] {dagbag.py:587} INFO - Filling up the DagBag from /home/user/.local/lib/python3.10/site-packages/airflow/example_dags/example_xcomargs.py
[2024-08-20T11:37:55.844+0700] {processor.py:925} INFO - DAG(s) 'example_xcom_args_with_operators', 'example_xcom_args' retrieved from /home/user/.local/lib/python3.10/site-packages/airflow/example_dags/example_xcomargs.py
[2024-08-20T11:37:55.866+0700] {logging_mixin.py:190} INFO - [2024-08-20T11:37:55.865+0700] {dag.py:3211} INFO - Sync 2 DAGs
[2024-08-20T11:37:55.880+0700] {logging_mixin.py:190} INFO - [2024-08-20T11:37:55.880+0700] {dag.py:4138} INFO - Setting next_dagrun for example_xcom_args to None, run_after=None
[2024-08-20T11:37:55.883+0700] {logging_mixin.py:190} INFO - [2024-08-20T11:37:55.883+0700] {dag.py:4138} INFO - Setting next_dagrun for example_xcom_args_with_operators to None, run_after=None
[2024-08-20T11:37:55.902+0700] {processor.py:208} INFO - Processing /home/user/.local/lib/python3.10/site-packages/airflow/example_dags/example_xcomargs.py took 0.078 seconds
[2024-08-20T11:38:48.377+0700] {processor.py:186} INFO - Started process (PID=41144) to work on /home/user/.local/lib/python3.10/site-packages/airflow/example_dags/example_xcomargs.py
[2024-08-20T11:38:48.378+0700] {processor.py:914} INFO - Processing file /home/user/.local/lib/python3.10/site-packages/airflow/example_dags/example_xcomargs.py for tasks to queue
[2024-08-20T11:38:48.381+0700] {logging_mixin.py:190} INFO - [2024-08-20T11:38:48.380+0700] {dagbag.py:587} INFO - Filling up the DagBag from /home/user/.local/lib/python3.10/site-packages/airflow/example_dags/example_xcomargs.py
[2024-08-20T11:38:48.394+0700] {processor.py:925} INFO - DAG(s) 'example_xcom_args', 'example_xcom_args_with_operators' retrieved from /home/user/.local/lib/python3.10/site-packages/airflow/example_dags/example_xcomargs.py
[2024-08-20T11:38:48.419+0700] {logging_mixin.py:190} INFO - [2024-08-20T11:38:48.418+0700] {dag.py:3211} INFO - Sync 2 DAGs
[2024-08-20T11:38:48.434+0700] {logging_mixin.py:190} INFO - [2024-08-20T11:38:48.434+0700] {dag.py:4138} INFO - Setting next_dagrun for example_xcom_args to None, run_after=None
[2024-08-20T11:38:48.438+0700] {logging_mixin.py:190} INFO - [2024-08-20T11:38:48.438+0700] {dag.py:4138} INFO - Setting next_dagrun for example_xcom_args_with_operators to None, run_after=None
[2024-08-20T11:38:48.459+0700] {processor.py:208} INFO - Processing /home/user/.local/lib/python3.10/site-packages/airflow/example_dags/example_xcomargs.py took 0.088 seconds
[2024-08-20T11:39:42.439+0700] {processor.py:186} INFO - Started process (PID=41576) to work on /home/user/.local/lib/python3.10/site-packages/airflow/example_dags/example_xcomargs.py
[2024-08-20T11:39:42.441+0700] {processor.py:914} INFO - Processing file /home/user/.local/lib/python3.10/site-packages/airflow/example_dags/example_xcomargs.py for tasks to queue
[2024-08-20T11:39:42.443+0700] {logging_mixin.py:190} INFO - [2024-08-20T11:39:42.443+0700] {dagbag.py:587} INFO - Filling up the DagBag from /home/user/.local/lib/python3.10/site-packages/airflow/example_dags/example_xcomargs.py
[2024-08-20T11:39:42.451+0700] {processor.py:925} INFO - DAG(s) 'example_xcom_args_with_operators', 'example_xcom_args' retrieved from /home/user/.local/lib/python3.10/site-packages/airflow/example_dags/example_xcomargs.py
[2024-08-20T11:39:42.471+0700] {logging_mixin.py:190} INFO - [2024-08-20T11:39:42.470+0700] {dag.py:3211} INFO - Sync 2 DAGs
[2024-08-20T11:39:42.484+0700] {logging_mixin.py:190} INFO - [2024-08-20T11:39:42.484+0700] {dag.py:4138} INFO - Setting next_dagrun for example_xcom_args to None, run_after=None
[2024-08-20T11:39:42.487+0700] {logging_mixin.py:190} INFO - [2024-08-20T11:39:42.487+0700] {dag.py:4138} INFO - Setting next_dagrun for example_xcom_args_with_operators to None, run_after=None
[2024-08-20T11:39:42.507+0700] {processor.py:208} INFO - Processing /home/user/.local/lib/python3.10/site-packages/airflow/example_dags/example_xcomargs.py took 0.072 seconds
[2024-08-20T11:40:30.152+0700] {processor.py:186} INFO - Started process (PID=41965) to work on /home/user/.local/lib/python3.10/site-packages/airflow/example_dags/example_xcomargs.py
[2024-08-20T11:40:30.153+0700] {processor.py:914} INFO - Processing file /home/user/.local/lib/python3.10/site-packages/airflow/example_dags/example_xcomargs.py for tasks to queue
[2024-08-20T11:40:30.155+0700] {logging_mixin.py:190} INFO - [2024-08-20T11:40:30.155+0700] {dagbag.py:587} INFO - Filling up the DagBag from /home/user/.local/lib/python3.10/site-packages/airflow/example_dags/example_xcomargs.py
[2024-08-20T11:40:30.164+0700] {processor.py:925} INFO - DAG(s) 'example_xcom_args', 'example_xcom_args_with_operators' retrieved from /home/user/.local/lib/python3.10/site-packages/airflow/example_dags/example_xcomargs.py
[2024-08-20T11:40:30.179+0700] {logging_mixin.py:190} INFO - [2024-08-20T11:40:30.178+0700] {dag.py:3211} INFO - Sync 2 DAGs
[2024-08-20T11:40:30.188+0700] {logging_mixin.py:190} INFO - [2024-08-20T11:40:30.188+0700] {dag.py:4138} INFO - Setting next_dagrun for example_xcom_args to None, run_after=None
[2024-08-20T11:40:30.191+0700] {logging_mixin.py:190} INFO - [2024-08-20T11:40:30.190+0700] {dag.py:4138} INFO - Setting next_dagrun for example_xcom_args_with_operators to None, run_after=None
[2024-08-20T11:40:30.210+0700] {processor.py:208} INFO - Processing /home/user/.local/lib/python3.10/site-packages/airflow/example_dags/example_xcomargs.py took 0.062 seconds
[2024-08-20T11:41:18.680+0700] {processor.py:186} INFO - Started process (PID=42357) to work on /home/user/.local/lib/python3.10/site-packages/airflow/example_dags/example_xcomargs.py
[2024-08-20T11:41:18.687+0700] {processor.py:914} INFO - Processing file /home/user/.local/lib/python3.10/site-packages/airflow/example_dags/example_xcomargs.py for tasks to queue
[2024-08-20T11:41:18.688+0700] {logging_mixin.py:190} INFO - [2024-08-20T11:41:18.688+0700] {dagbag.py:587} INFO - Filling up the DagBag from /home/user/.local/lib/python3.10/site-packages/airflow/example_dags/example_xcomargs.py
[2024-08-20T11:41:18.698+0700] {processor.py:925} INFO - DAG(s) 'example_xcom_args', 'example_xcom_args_with_operators' retrieved from /home/user/.local/lib/python3.10/site-packages/airflow/example_dags/example_xcomargs.py
[2024-08-20T11:41:18.715+0700] {logging_mixin.py:190} INFO - [2024-08-20T11:41:18.715+0700] {dag.py:3211} INFO - Sync 2 DAGs
[2024-08-20T11:41:18.724+0700] {logging_mixin.py:190} INFO - [2024-08-20T11:41:18.724+0700] {dag.py:4138} INFO - Setting next_dagrun for example_xcom_args to None, run_after=None
[2024-08-20T11:41:18.727+0700] {logging_mixin.py:190} INFO - [2024-08-20T11:41:18.726+0700] {dag.py:4138} INFO - Setting next_dagrun for example_xcom_args_with_operators to None, run_after=None
[2024-08-20T11:41:18.743+0700] {processor.py:208} INFO - Processing /home/user/.local/lib/python3.10/site-packages/airflow/example_dags/example_xcomargs.py took 0.068 seconds
[2024-08-20T11:42:13.614+0700] {processor.py:186} INFO - Started process (PID=42789) to work on /home/user/.local/lib/python3.10/site-packages/airflow/example_dags/example_xcomargs.py
[2024-08-20T11:42:13.621+0700] {processor.py:914} INFO - Processing file /home/user/.local/lib/python3.10/site-packages/airflow/example_dags/example_xcomargs.py for tasks to queue
[2024-08-20T11:42:13.623+0700] {logging_mixin.py:190} INFO - [2024-08-20T11:42:13.622+0700] {dagbag.py:587} INFO - Filling up the DagBag from /home/user/.local/lib/python3.10/site-packages/airflow/example_dags/example_xcomargs.py
[2024-08-20T11:42:13.631+0700] {processor.py:925} INFO - DAG(s) 'example_xcom_args_with_operators', 'example_xcom_args' retrieved from /home/user/.local/lib/python3.10/site-packages/airflow/example_dags/example_xcomargs.py
[2024-08-20T11:42:13.648+0700] {logging_mixin.py:190} INFO - [2024-08-20T11:42:13.647+0700] {dag.py:3211} INFO - Sync 2 DAGs
[2024-08-20T11:42:13.656+0700] {logging_mixin.py:190} INFO - [2024-08-20T11:42:13.656+0700] {dag.py:4138} INFO - Setting next_dagrun for example_xcom_args to None, run_after=None
[2024-08-20T11:42:13.658+0700] {logging_mixin.py:190} INFO - [2024-08-20T11:42:13.658+0700] {dag.py:4138} INFO - Setting next_dagrun for example_xcom_args_with_operators to None, run_after=None
[2024-08-20T11:42:13.675+0700] {processor.py:208} INFO - Processing /home/user/.local/lib/python3.10/site-packages/airflow/example_dags/example_xcomargs.py took 0.066 seconds
[2024-08-20T11:43:04.009+0700] {processor.py:186} INFO - Started process (PID=43192) to work on /home/user/.local/lib/python3.10/site-packages/airflow/example_dags/example_xcomargs.py
[2024-08-20T11:43:04.011+0700] {processor.py:914} INFO - Processing file /home/user/.local/lib/python3.10/site-packages/airflow/example_dags/example_xcomargs.py for tasks to queue
[2024-08-20T11:43:04.016+0700] {logging_mixin.py:190} INFO - [2024-08-20T11:43:04.015+0700] {dagbag.py:587} INFO - Filling up the DagBag from /home/user/.local/lib/python3.10/site-packages/airflow/example_dags/example_xcomargs.py
[2024-08-20T11:43:04.038+0700] {processor.py:925} INFO - DAG(s) 'example_xcom_args_with_operators', 'example_xcom_args' retrieved from /home/user/.local/lib/python3.10/site-packages/airflow/example_dags/example_xcomargs.py
[2024-08-20T11:43:04.057+0700] {logging_mixin.py:190} INFO - [2024-08-20T11:43:04.056+0700] {dag.py:3211} INFO - Sync 2 DAGs
[2024-08-20T11:43:04.068+0700] {logging_mixin.py:190} INFO - [2024-08-20T11:43:04.068+0700] {dag.py:4138} INFO - Setting next_dagrun for example_xcom_args to None, run_after=None
[2024-08-20T11:43:04.071+0700] {logging_mixin.py:190} INFO - [2024-08-20T11:43:04.071+0700] {dag.py:4138} INFO - Setting next_dagrun for example_xcom_args_with_operators to None, run_after=None
[2024-08-20T11:43:04.089+0700] {processor.py:208} INFO - Processing /home/user/.local/lib/python3.10/site-packages/airflow/example_dags/example_xcomargs.py took 0.085 seconds
[2024-08-20T11:43:55.145+0700] {processor.py:186} INFO - Started process (PID=43598) to work on /home/user/.local/lib/python3.10/site-packages/airflow/example_dags/example_xcomargs.py
[2024-08-20T11:43:55.151+0700] {processor.py:914} INFO - Processing file /home/user/.local/lib/python3.10/site-packages/airflow/example_dags/example_xcomargs.py for tasks to queue
[2024-08-20T11:43:55.153+0700] {logging_mixin.py:190} INFO - [2024-08-20T11:43:55.153+0700] {dagbag.py:587} INFO - Filling up the DagBag from /home/user/.local/lib/python3.10/site-packages/airflow/example_dags/example_xcomargs.py
[2024-08-20T11:43:55.161+0700] {processor.py:925} INFO - DAG(s) 'example_xcom_args', 'example_xcom_args_with_operators' retrieved from /home/user/.local/lib/python3.10/site-packages/airflow/example_dags/example_xcomargs.py
[2024-08-20T11:43:55.174+0700] {logging_mixin.py:190} INFO - [2024-08-20T11:43:55.174+0700] {dag.py:3211} INFO - Sync 2 DAGs
[2024-08-20T11:43:55.184+0700] {logging_mixin.py:190} INFO - [2024-08-20T11:43:55.183+0700] {dag.py:4138} INFO - Setting next_dagrun for example_xcom_args to None, run_after=None
[2024-08-20T11:43:55.186+0700] {logging_mixin.py:190} INFO - [2024-08-20T11:43:55.186+0700] {dag.py:4138} INFO - Setting next_dagrun for example_xcom_args_with_operators to None, run_after=None
[2024-08-20T11:43:55.204+0700] {processor.py:208} INFO - Processing /home/user/.local/lib/python3.10/site-packages/airflow/example_dags/example_xcomargs.py took 0.064 seconds
[2024-08-20T11:44:43.526+0700] {processor.py:186} INFO - Started process (PID=43977) to work on /home/user/.local/lib/python3.10/site-packages/airflow/example_dags/example_xcomargs.py
[2024-08-20T11:44:43.553+0700] {processor.py:914} INFO - Processing file /home/user/.local/lib/python3.10/site-packages/airflow/example_dags/example_xcomargs.py for tasks to queue
[2024-08-20T11:44:43.556+0700] {logging_mixin.py:190} INFO - [2024-08-20T11:44:43.555+0700] {dagbag.py:587} INFO - Filling up the DagBag from /home/user/.local/lib/python3.10/site-packages/airflow/example_dags/example_xcomargs.py
[2024-08-20T11:44:43.564+0700] {processor.py:925} INFO - DAG(s) 'example_xcom_args', 'example_xcom_args_with_operators' retrieved from /home/user/.local/lib/python3.10/site-packages/airflow/example_dags/example_xcomargs.py
[2024-08-20T11:44:43.584+0700] {logging_mixin.py:190} INFO - [2024-08-20T11:44:43.584+0700] {dag.py:3211} INFO - Sync 2 DAGs
[2024-08-20T11:44:43.598+0700] {logging_mixin.py:190} INFO - [2024-08-20T11:44:43.598+0700] {dag.py:4138} INFO - Setting next_dagrun for example_xcom_args to None, run_after=None
[2024-08-20T11:44:43.601+0700] {logging_mixin.py:190} INFO - [2024-08-20T11:44:43.601+0700] {dag.py:4138} INFO - Setting next_dagrun for example_xcom_args_with_operators to None, run_after=None
[2024-08-20T11:44:43.620+0700] {processor.py:208} INFO - Processing /home/user/.local/lib/python3.10/site-packages/airflow/example_dags/example_xcomargs.py took 0.099 seconds
[2024-08-20T11:45:33.343+0700] {processor.py:186} INFO - Started process (PID=44375) to work on /home/user/.local/lib/python3.10/site-packages/airflow/example_dags/example_xcomargs.py
[2024-08-20T11:45:33.344+0700] {processor.py:914} INFO - Processing file /home/user/.local/lib/python3.10/site-packages/airflow/example_dags/example_xcomargs.py for tasks to queue
[2024-08-20T11:45:33.346+0700] {logging_mixin.py:190} INFO - [2024-08-20T11:45:33.346+0700] {dagbag.py:587} INFO - Filling up the DagBag from /home/user/.local/lib/python3.10/site-packages/airflow/example_dags/example_xcomargs.py
[2024-08-20T11:45:33.362+0700] {processor.py:925} INFO - DAG(s) 'example_xcom_args_with_operators', 'example_xcom_args' retrieved from /home/user/.local/lib/python3.10/site-packages/airflow/example_dags/example_xcomargs.py
[2024-08-20T11:45:33.385+0700] {logging_mixin.py:190} INFO - [2024-08-20T11:45:33.385+0700] {dag.py:3211} INFO - Sync 2 DAGs
[2024-08-20T11:45:33.396+0700] {logging_mixin.py:190} INFO - [2024-08-20T11:45:33.395+0700] {dag.py:4138} INFO - Setting next_dagrun for example_xcom_args to None, run_after=None
[2024-08-20T11:45:33.398+0700] {logging_mixin.py:190} INFO - [2024-08-20T11:45:33.398+0700] {dag.py:4138} INFO - Setting next_dagrun for example_xcom_args_with_operators to None, run_after=None
[2024-08-20T11:45:33.413+0700] {processor.py:208} INFO - Processing /home/user/.local/lib/python3.10/site-packages/airflow/example_dags/example_xcomargs.py took 0.075 seconds
