[2024-08-20T11:27:41.469+0700] {processor.py:186} INFO - Started process (PID=35509) to work on /home/user/.local/lib/python3.10/site-packages/airflow/example_dags/example_dynamic_task_mapping_with_no_taskflow_operators.py
[2024-08-20T11:27:41.470+0700] {processor.py:914} INFO - Processing file /home/user/.local/lib/python3.10/site-packages/airflow/example_dags/example_dynamic_task_mapping_with_no_taskflow_operators.py for tasks to queue
[2024-08-20T11:27:41.472+0700] {logging_mixin.py:190} INFO - [2024-08-20T11:27:41.472+0700] {dagbag.py:587} INFO - Filling up the DagBag from /home/user/.local/lib/python3.10/site-packages/airflow/example_dags/example_dynamic_task_mapping_with_no_taskflow_operators.py
[2024-08-20T11:27:41.481+0700] {processor.py:925} INFO - DAG(s) 'example_dynamic_task_mapping_with_no_taskflow_operators' retrieved from /home/user/.local/lib/python3.10/site-packages/airflow/example_dags/example_dynamic_task_mapping_with_no_taskflow_operators.py
[2024-08-20T11:27:41.586+0700] {logging_mixin.py:190} INFO - [2024-08-20T11:27:41.585+0700] {override.py:1858} INFO - Created Permission View: can read on DAG:example_dynamic_task_mapping_with_no_taskflow_operators
[2024-08-20T11:27:41.598+0700] {logging_mixin.py:190} INFO - [2024-08-20T11:27:41.597+0700] {override.py:1858} INFO - Created Permission View: can delete on DAG:example_dynamic_task_mapping_with_no_taskflow_operators
[2024-08-20T11:27:41.607+0700] {logging_mixin.py:190} INFO - [2024-08-20T11:27:41.607+0700] {override.py:1858} INFO - Created Permission View: can edit on DAG:example_dynamic_task_mapping_with_no_taskflow_operators
[2024-08-20T11:27:41.608+0700] {logging_mixin.py:190} INFO - [2024-08-20T11:27:41.608+0700] {dag.py:3211} INFO - Sync 1 DAGs
[2024-08-20T11:27:41.616+0700] {logging_mixin.py:190} INFO - [2024-08-20T11:27:41.616+0700] {dag.py:3234} INFO - Creating ORM DAG for example_dynamic_task_mapping_with_no_taskflow_operators
[2024-08-20T11:27:41.622+0700] {logging_mixin.py:190} INFO - [2024-08-20T11:27:41.622+0700] {dag.py:4138} INFO - Setting next_dagrun for example_dynamic_task_mapping_with_no_taskflow_operators to 2024-08-19 00:00:00+00:00, run_after=2024-08-20 00:00:00+00:00
[2024-08-20T11:27:41.639+0700] {processor.py:208} INFO - Processing /home/user/.local/lib/python3.10/site-packages/airflow/example_dags/example_dynamic_task_mapping_with_no_taskflow_operators.py took 0.176 seconds
[2024-08-20T11:28:43.407+0700] {processor.py:186} INFO - Started process (PID=35989) to work on /home/user/.local/lib/python3.10/site-packages/airflow/example_dags/example_dynamic_task_mapping_with_no_taskflow_operators.py
[2024-08-20T11:28:43.411+0700] {processor.py:914} INFO - Processing file /home/user/.local/lib/python3.10/site-packages/airflow/example_dags/example_dynamic_task_mapping_with_no_taskflow_operators.py for tasks to queue
[2024-08-20T11:28:43.413+0700] {logging_mixin.py:190} INFO - [2024-08-20T11:28:43.413+0700] {dagbag.py:587} INFO - Filling up the DagBag from /home/user/.local/lib/python3.10/site-packages/airflow/example_dags/example_dynamic_task_mapping_with_no_taskflow_operators.py
[2024-08-20T11:28:43.420+0700] {processor.py:925} INFO - DAG(s) 'example_dynamic_task_mapping_with_no_taskflow_operators' retrieved from /home/user/.local/lib/python3.10/site-packages/airflow/example_dags/example_dynamic_task_mapping_with_no_taskflow_operators.py
[2024-08-20T11:28:43.435+0700] {logging_mixin.py:190} INFO - [2024-08-20T11:28:43.435+0700] {dag.py:3211} INFO - Sync 1 DAGs
[2024-08-20T11:28:43.449+0700] {logging_mixin.py:190} INFO - [2024-08-20T11:28:43.449+0700] {dag.py:4138} INFO - Setting next_dagrun for example_dynamic_task_mapping_with_no_taskflow_operators to 2024-08-19 00:00:00+00:00, run_after=2024-08-20 00:00:00+00:00
[2024-08-20T11:28:43.465+0700] {processor.py:208} INFO - Processing /home/user/.local/lib/python3.10/site-packages/airflow/example_dags/example_dynamic_task_mapping_with_no_taskflow_operators.py took 0.063 seconds
[2024-08-20T11:29:38.945+0700] {processor.py:186} INFO - Started process (PID=36432) to work on /home/user/.local/lib/python3.10/site-packages/airflow/example_dags/example_dynamic_task_mapping_with_no_taskflow_operators.py
[2024-08-20T11:29:38.946+0700] {processor.py:914} INFO - Processing file /home/user/.local/lib/python3.10/site-packages/airflow/example_dags/example_dynamic_task_mapping_with_no_taskflow_operators.py for tasks to queue
[2024-08-20T11:29:38.948+0700] {logging_mixin.py:190} INFO - [2024-08-20T11:29:38.948+0700] {dagbag.py:587} INFO - Filling up the DagBag from /home/user/.local/lib/python3.10/site-packages/airflow/example_dags/example_dynamic_task_mapping_with_no_taskflow_operators.py
[2024-08-20T11:29:38.957+0700] {processor.py:925} INFO - DAG(s) 'example_dynamic_task_mapping_with_no_taskflow_operators' retrieved from /home/user/.local/lib/python3.10/site-packages/airflow/example_dags/example_dynamic_task_mapping_with_no_taskflow_operators.py
[2024-08-20T11:29:38.970+0700] {logging_mixin.py:190} INFO - [2024-08-20T11:29:38.970+0700] {dag.py:3211} INFO - Sync 1 DAGs
[2024-08-20T11:29:38.990+0700] {logging_mixin.py:190} INFO - [2024-08-20T11:29:38.990+0700] {dag.py:4138} INFO - Setting next_dagrun for example_dynamic_task_mapping_with_no_taskflow_operators to 2024-08-19 00:00:00+00:00, run_after=2024-08-20 00:00:00+00:00
[2024-08-20T11:29:39.010+0700] {processor.py:208} INFO - Processing /home/user/.local/lib/python3.10/site-packages/airflow/example_dags/example_dynamic_task_mapping_with_no_taskflow_operators.py took 0.071 seconds
[2024-08-20T11:30:31.397+0700] {processor.py:186} INFO - Started process (PID=36850) to work on /home/user/.local/lib/python3.10/site-packages/airflow/example_dags/example_dynamic_task_mapping_with_no_taskflow_operators.py
[2024-08-20T11:30:31.407+0700] {processor.py:914} INFO - Processing file /home/user/.local/lib/python3.10/site-packages/airflow/example_dags/example_dynamic_task_mapping_with_no_taskflow_operators.py for tasks to queue
[2024-08-20T11:30:31.408+0700] {logging_mixin.py:190} INFO - [2024-08-20T11:30:31.408+0700] {dagbag.py:587} INFO - Filling up the DagBag from /home/user/.local/lib/python3.10/site-packages/airflow/example_dags/example_dynamic_task_mapping_with_no_taskflow_operators.py
[2024-08-20T11:30:31.416+0700] {processor.py:925} INFO - DAG(s) 'example_dynamic_task_mapping_with_no_taskflow_operators' retrieved from /home/user/.local/lib/python3.10/site-packages/airflow/example_dags/example_dynamic_task_mapping_with_no_taskflow_operators.py
[2024-08-20T11:30:31.429+0700] {logging_mixin.py:190} INFO - [2024-08-20T11:30:31.429+0700] {dag.py:3211} INFO - Sync 1 DAGs
[2024-08-20T11:30:31.442+0700] {logging_mixin.py:190} INFO - [2024-08-20T11:30:31.442+0700] {dag.py:4138} INFO - Setting next_dagrun for example_dynamic_task_mapping_with_no_taskflow_operators to 2024-08-19 00:00:00+00:00, run_after=2024-08-20 00:00:00+00:00
[2024-08-20T11:30:31.458+0700] {processor.py:208} INFO - Processing /home/user/.local/lib/python3.10/site-packages/airflow/example_dags/example_dynamic_task_mapping_with_no_taskflow_operators.py took 0.065 seconds
[2024-08-20T11:31:07.883+0700] {processor.py:186} INFO - Started process (PID=37143) to work on /home/user/.local/lib/python3.10/site-packages/airflow/example_dags/example_dynamic_task_mapping_with_no_taskflow_operators.py
[2024-08-20T11:31:07.885+0700] {processor.py:914} INFO - Processing file /home/user/.local/lib/python3.10/site-packages/airflow/example_dags/example_dynamic_task_mapping_with_no_taskflow_operators.py for tasks to queue
[2024-08-20T11:31:07.887+0700] {logging_mixin.py:190} INFO - [2024-08-20T11:31:07.887+0700] {dagbag.py:587} INFO - Filling up the DagBag from /home/user/.local/lib/python3.10/site-packages/airflow/example_dags/example_dynamic_task_mapping_with_no_taskflow_operators.py
[2024-08-20T11:31:07.898+0700] {processor.py:925} INFO - DAG(s) 'example_dynamic_task_mapping_with_no_taskflow_operators' retrieved from /home/user/.local/lib/python3.10/site-packages/airflow/example_dags/example_dynamic_task_mapping_with_no_taskflow_operators.py
[2024-08-20T11:31:07.915+0700] {logging_mixin.py:190} INFO - [2024-08-20T11:31:07.915+0700] {dag.py:3211} INFO - Sync 1 DAGs
[2024-08-20T11:31:07.933+0700] {logging_mixin.py:190} INFO - [2024-08-20T11:31:07.933+0700] {dag.py:4138} INFO - Setting next_dagrun for example_dynamic_task_mapping_with_no_taskflow_operators to 2024-08-19 00:00:00+00:00, run_after=2024-08-20 00:00:00+00:00
[2024-08-20T11:31:07.955+0700] {processor.py:208} INFO - Processing /home/user/.local/lib/python3.10/site-packages/airflow/example_dags/example_dynamic_task_mapping_with_no_taskflow_operators.py took 0.077 seconds
[2024-08-20T11:32:04.977+0700] {processor.py:186} INFO - Started process (PID=37925) to work on /home/user/.local/lib/python3.10/site-packages/airflow/example_dags/example_dynamic_task_mapping_with_no_taskflow_operators.py
[2024-08-20T11:32:04.979+0700] {processor.py:914} INFO - Processing file /home/user/.local/lib/python3.10/site-packages/airflow/example_dags/example_dynamic_task_mapping_with_no_taskflow_operators.py for tasks to queue
[2024-08-20T11:32:04.984+0700] {logging_mixin.py:190} INFO - [2024-08-20T11:32:04.982+0700] {dagbag.py:587} INFO - Filling up the DagBag from /home/user/.local/lib/python3.10/site-packages/airflow/example_dags/example_dynamic_task_mapping_with_no_taskflow_operators.py
[2024-08-20T11:32:05.004+0700] {processor.py:925} INFO - DAG(s) 'example_dynamic_task_mapping_with_no_taskflow_operators' retrieved from /home/user/.local/lib/python3.10/site-packages/airflow/example_dags/example_dynamic_task_mapping_with_no_taskflow_operators.py
[2024-08-20T11:32:05.026+0700] {logging_mixin.py:190} INFO - [2024-08-20T11:32:05.026+0700] {dag.py:3211} INFO - Sync 1 DAGs
[2024-08-20T11:32:05.043+0700] {logging_mixin.py:190} INFO - [2024-08-20T11:32:05.043+0700] {dag.py:4138} INFO - Setting next_dagrun for example_dynamic_task_mapping_with_no_taskflow_operators to 2024-08-19 00:00:00+00:00, run_after=2024-08-20 00:00:00+00:00
[2024-08-20T11:32:05.059+0700] {processor.py:208} INFO - Processing /home/user/.local/lib/python3.10/site-packages/airflow/example_dags/example_dynamic_task_mapping_with_no_taskflow_operators.py took 0.093 seconds
[2024-08-20T11:33:01.582+0700] {processor.py:186} INFO - Started process (PID=38378) to work on /home/user/.local/lib/python3.10/site-packages/airflow/example_dags/example_dynamic_task_mapping_with_no_taskflow_operators.py
[2024-08-20T11:33:01.584+0700] {processor.py:914} INFO - Processing file /home/user/.local/lib/python3.10/site-packages/airflow/example_dags/example_dynamic_task_mapping_with_no_taskflow_operators.py for tasks to queue
[2024-08-20T11:33:01.586+0700] {logging_mixin.py:190} INFO - [2024-08-20T11:33:01.585+0700] {dagbag.py:587} INFO - Filling up the DagBag from /home/user/.local/lib/python3.10/site-packages/airflow/example_dags/example_dynamic_task_mapping_with_no_taskflow_operators.py
[2024-08-20T11:33:01.596+0700] {processor.py:925} INFO - DAG(s) 'example_dynamic_task_mapping_with_no_taskflow_operators' retrieved from /home/user/.local/lib/python3.10/site-packages/airflow/example_dags/example_dynamic_task_mapping_with_no_taskflow_operators.py
[2024-08-20T11:33:01.608+0700] {logging_mixin.py:190} INFO - [2024-08-20T11:33:01.608+0700] {dag.py:3211} INFO - Sync 1 DAGs
[2024-08-20T11:33:01.626+0700] {logging_mixin.py:190} INFO - [2024-08-20T11:33:01.625+0700] {dag.py:4138} INFO - Setting next_dagrun for example_dynamic_task_mapping_with_no_taskflow_operators to 2024-08-19 00:00:00+00:00, run_after=2024-08-20 00:00:00+00:00
[2024-08-20T11:33:01.642+0700] {processor.py:208} INFO - Processing /home/user/.local/lib/python3.10/site-packages/airflow/example_dags/example_dynamic_task_mapping_with_no_taskflow_operators.py took 0.066 seconds
[2024-08-20T11:33:55.178+0700] {processor.py:186} INFO - Started process (PID=38803) to work on /home/user/.local/lib/python3.10/site-packages/airflow/example_dags/example_dynamic_task_mapping_with_no_taskflow_operators.py
[2024-08-20T11:33:55.179+0700] {processor.py:914} INFO - Processing file /home/user/.local/lib/python3.10/site-packages/airflow/example_dags/example_dynamic_task_mapping_with_no_taskflow_operators.py for tasks to queue
[2024-08-20T11:33:55.181+0700] {logging_mixin.py:190} INFO - [2024-08-20T11:33:55.181+0700] {dagbag.py:587} INFO - Filling up the DagBag from /home/user/.local/lib/python3.10/site-packages/airflow/example_dags/example_dynamic_task_mapping_with_no_taskflow_operators.py
[2024-08-20T11:33:55.189+0700] {processor.py:925} INFO - DAG(s) 'example_dynamic_task_mapping_with_no_taskflow_operators' retrieved from /home/user/.local/lib/python3.10/site-packages/airflow/example_dags/example_dynamic_task_mapping_with_no_taskflow_operators.py
[2024-08-20T11:33:55.203+0700] {logging_mixin.py:190} INFO - [2024-08-20T11:33:55.202+0700] {dag.py:3211} INFO - Sync 1 DAGs
[2024-08-20T11:33:55.219+0700] {logging_mixin.py:190} INFO - [2024-08-20T11:33:55.219+0700] {dag.py:4138} INFO - Setting next_dagrun for example_dynamic_task_mapping_with_no_taskflow_operators to 2024-08-19 00:00:00+00:00, run_after=2024-08-20 00:00:00+00:00
[2024-08-20T11:33:55.242+0700] {processor.py:208} INFO - Processing /home/user/.local/lib/python3.10/site-packages/airflow/example_dags/example_dynamic_task_mapping_with_no_taskflow_operators.py took 0.069 seconds
[2024-08-20T11:34:45.140+0700] {processor.py:186} INFO - Started process (PID=39193) to work on /home/user/.local/lib/python3.10/site-packages/airflow/example_dags/example_dynamic_task_mapping_with_no_taskflow_operators.py
[2024-08-20T11:34:45.141+0700] {processor.py:914} INFO - Processing file /home/user/.local/lib/python3.10/site-packages/airflow/example_dags/example_dynamic_task_mapping_with_no_taskflow_operators.py for tasks to queue
[2024-08-20T11:34:45.144+0700] {logging_mixin.py:190} INFO - [2024-08-20T11:34:45.143+0700] {dagbag.py:587} INFO - Filling up the DagBag from /home/user/.local/lib/python3.10/site-packages/airflow/example_dags/example_dynamic_task_mapping_with_no_taskflow_operators.py
[2024-08-20T11:34:45.151+0700] {processor.py:925} INFO - DAG(s) 'example_dynamic_task_mapping_with_no_taskflow_operators' retrieved from /home/user/.local/lib/python3.10/site-packages/airflow/example_dags/example_dynamic_task_mapping_with_no_taskflow_operators.py
[2024-08-20T11:34:45.166+0700] {logging_mixin.py:190} INFO - [2024-08-20T11:34:45.165+0700] {dag.py:3211} INFO - Sync 1 DAGs
[2024-08-20T11:34:45.186+0700] {logging_mixin.py:190} INFO - [2024-08-20T11:34:45.186+0700] {dag.py:4138} INFO - Setting next_dagrun for example_dynamic_task_mapping_with_no_taskflow_operators to 2024-08-19 00:00:00+00:00, run_after=2024-08-20 00:00:00+00:00
[2024-08-20T11:34:45.216+0700] {processor.py:208} INFO - Processing /home/user/.local/lib/python3.10/site-packages/airflow/example_dags/example_dynamic_task_mapping_with_no_taskflow_operators.py took 0.082 seconds
[2024-08-20T11:35:40.194+0700] {processor.py:186} INFO - Started process (PID=39627) to work on /home/user/.local/lib/python3.10/site-packages/airflow/example_dags/example_dynamic_task_mapping_with_no_taskflow_operators.py
[2024-08-20T11:35:40.196+0700] {processor.py:914} INFO - Processing file /home/user/.local/lib/python3.10/site-packages/airflow/example_dags/example_dynamic_task_mapping_with_no_taskflow_operators.py for tasks to queue
[2024-08-20T11:35:40.198+0700] {logging_mixin.py:190} INFO - [2024-08-20T11:35:40.198+0700] {dagbag.py:587} INFO - Filling up the DagBag from /home/user/.local/lib/python3.10/site-packages/airflow/example_dags/example_dynamic_task_mapping_with_no_taskflow_operators.py
[2024-08-20T11:35:40.212+0700] {processor.py:925} INFO - DAG(s) 'example_dynamic_task_mapping_with_no_taskflow_operators' retrieved from /home/user/.local/lib/python3.10/site-packages/airflow/example_dags/example_dynamic_task_mapping_with_no_taskflow_operators.py
[2024-08-20T11:35:40.230+0700] {logging_mixin.py:190} INFO - [2024-08-20T11:35:40.230+0700] {dag.py:3211} INFO - Sync 1 DAGs
[2024-08-20T11:35:40.250+0700] {logging_mixin.py:190} INFO - [2024-08-20T11:35:40.250+0700] {dag.py:4138} INFO - Setting next_dagrun for example_dynamic_task_mapping_with_no_taskflow_operators to 2024-08-19 00:00:00+00:00, run_after=2024-08-20 00:00:00+00:00
[2024-08-20T11:35:40.277+0700] {processor.py:208} INFO - Processing /home/user/.local/lib/python3.10/site-packages/airflow/example_dags/example_dynamic_task_mapping_with_no_taskflow_operators.py took 0.089 seconds
[2024-08-20T11:36:33.291+0700] {processor.py:186} INFO - Started process (PID=40049) to work on /home/user/.local/lib/python3.10/site-packages/airflow/example_dags/example_dynamic_task_mapping_with_no_taskflow_operators.py
[2024-08-20T11:36:33.298+0700] {processor.py:914} INFO - Processing file /home/user/.local/lib/python3.10/site-packages/airflow/example_dags/example_dynamic_task_mapping_with_no_taskflow_operators.py for tasks to queue
[2024-08-20T11:36:33.300+0700] {logging_mixin.py:190} INFO - [2024-08-20T11:36:33.299+0700] {dagbag.py:587} INFO - Filling up the DagBag from /home/user/.local/lib/python3.10/site-packages/airflow/example_dags/example_dynamic_task_mapping_with_no_taskflow_operators.py
[2024-08-20T11:36:33.307+0700] {processor.py:925} INFO - DAG(s) 'example_dynamic_task_mapping_with_no_taskflow_operators' retrieved from /home/user/.local/lib/python3.10/site-packages/airflow/example_dags/example_dynamic_task_mapping_with_no_taskflow_operators.py
[2024-08-20T11:36:33.318+0700] {logging_mixin.py:190} INFO - [2024-08-20T11:36:33.318+0700] {dag.py:3211} INFO - Sync 1 DAGs
[2024-08-20T11:36:33.332+0700] {logging_mixin.py:190} INFO - [2024-08-20T11:36:33.332+0700] {dag.py:4138} INFO - Setting next_dagrun for example_dynamic_task_mapping_with_no_taskflow_operators to 2024-08-19 00:00:00+00:00, run_after=2024-08-20 00:00:00+00:00
[2024-08-20T11:36:33.350+0700] {processor.py:208} INFO - Processing /home/user/.local/lib/python3.10/site-packages/airflow/example_dags/example_dynamic_task_mapping_with_no_taskflow_operators.py took 0.064 seconds
[2024-08-20T11:37:23.680+0700] {processor.py:186} INFO - Started process (PID=40442) to work on /home/user/.local/lib/python3.10/site-packages/airflow/example_dags/example_dynamic_task_mapping_with_no_taskflow_operators.py
[2024-08-20T11:37:23.681+0700] {processor.py:914} INFO - Processing file /home/user/.local/lib/python3.10/site-packages/airflow/example_dags/example_dynamic_task_mapping_with_no_taskflow_operators.py for tasks to queue
[2024-08-20T11:37:23.683+0700] {logging_mixin.py:190} INFO - [2024-08-20T11:37:23.683+0700] {dagbag.py:587} INFO - Filling up the DagBag from /home/user/.local/lib/python3.10/site-packages/airflow/example_dags/example_dynamic_task_mapping_with_no_taskflow_operators.py
[2024-08-20T11:37:23.690+0700] {processor.py:925} INFO - DAG(s) 'example_dynamic_task_mapping_with_no_taskflow_operators' retrieved from /home/user/.local/lib/python3.10/site-packages/airflow/example_dags/example_dynamic_task_mapping_with_no_taskflow_operators.py
[2024-08-20T11:37:23.702+0700] {logging_mixin.py:190} INFO - [2024-08-20T11:37:23.701+0700] {dag.py:3211} INFO - Sync 1 DAGs
[2024-08-20T11:37:23.715+0700] {logging_mixin.py:190} INFO - [2024-08-20T11:37:23.715+0700] {dag.py:4138} INFO - Setting next_dagrun for example_dynamic_task_mapping_with_no_taskflow_operators to 2024-08-19 00:00:00+00:00, run_after=2024-08-20 00:00:00+00:00
[2024-08-20T11:37:23.732+0700] {processor.py:208} INFO - Processing /home/user/.local/lib/python3.10/site-packages/airflow/example_dags/example_dynamic_task_mapping_with_no_taskflow_operators.py took 0.057 seconds
[2024-08-20T11:38:13.801+0700] {processor.py:186} INFO - Started process (PID=40865) to work on /home/user/.local/lib/python3.10/site-packages/airflow/example_dags/example_dynamic_task_mapping_with_no_taskflow_operators.py
[2024-08-20T11:38:13.809+0700] {processor.py:914} INFO - Processing file /home/user/.local/lib/python3.10/site-packages/airflow/example_dags/example_dynamic_task_mapping_with_no_taskflow_operators.py for tasks to queue
[2024-08-20T11:38:13.811+0700] {logging_mixin.py:190} INFO - [2024-08-20T11:38:13.810+0700] {dagbag.py:587} INFO - Filling up the DagBag from /home/user/.local/lib/python3.10/site-packages/airflow/example_dags/example_dynamic_task_mapping_with_no_taskflow_operators.py
[2024-08-20T11:38:13.820+0700] {processor.py:925} INFO - DAG(s) 'example_dynamic_task_mapping_with_no_taskflow_operators' retrieved from /home/user/.local/lib/python3.10/site-packages/airflow/example_dags/example_dynamic_task_mapping_with_no_taskflow_operators.py
[2024-08-20T11:38:13.834+0700] {logging_mixin.py:190} INFO - [2024-08-20T11:38:13.834+0700] {dag.py:3211} INFO - Sync 1 DAGs
[2024-08-20T11:38:13.852+0700] {logging_mixin.py:190} INFO - [2024-08-20T11:38:13.851+0700] {dag.py:4138} INFO - Setting next_dagrun for example_dynamic_task_mapping_with_no_taskflow_operators to 2024-08-19 00:00:00+00:00, run_after=2024-08-20 00:00:00+00:00
[2024-08-20T11:38:13.873+0700] {processor.py:208} INFO - Processing /home/user/.local/lib/python3.10/site-packages/airflow/example_dags/example_dynamic_task_mapping_with_no_taskflow_operators.py took 0.078 seconds
[2024-08-20T11:39:08.606+0700] {processor.py:186} INFO - Started process (PID=41300) to work on /home/user/.local/lib/python3.10/site-packages/airflow/example_dags/example_dynamic_task_mapping_with_no_taskflow_operators.py
[2024-08-20T11:39:08.607+0700] {processor.py:914} INFO - Processing file /home/user/.local/lib/python3.10/site-packages/airflow/example_dags/example_dynamic_task_mapping_with_no_taskflow_operators.py for tasks to queue
[2024-08-20T11:39:08.609+0700] {logging_mixin.py:190} INFO - [2024-08-20T11:39:08.609+0700] {dagbag.py:587} INFO - Filling up the DagBag from /home/user/.local/lib/python3.10/site-packages/airflow/example_dags/example_dynamic_task_mapping_with_no_taskflow_operators.py
[2024-08-20T11:39:08.617+0700] {processor.py:925} INFO - DAG(s) 'example_dynamic_task_mapping_with_no_taskflow_operators' retrieved from /home/user/.local/lib/python3.10/site-packages/airflow/example_dags/example_dynamic_task_mapping_with_no_taskflow_operators.py
[2024-08-20T11:39:08.628+0700] {logging_mixin.py:190} INFO - [2024-08-20T11:39:08.628+0700] {dag.py:3211} INFO - Sync 1 DAGs
[2024-08-20T11:39:08.643+0700] {logging_mixin.py:190} INFO - [2024-08-20T11:39:08.643+0700] {dag.py:4138} INFO - Setting next_dagrun for example_dynamic_task_mapping_with_no_taskflow_operators to 2024-08-19 00:00:00+00:00, run_after=2024-08-20 00:00:00+00:00
[2024-08-20T11:39:08.659+0700] {processor.py:208} INFO - Processing /home/user/.local/lib/python3.10/site-packages/airflow/example_dags/example_dynamic_task_mapping_with_no_taskflow_operators.py took 0.058 seconds
[2024-08-20T11:40:01.586+0700] {processor.py:186} INFO - Started process (PID=41729) to work on /home/user/.local/lib/python3.10/site-packages/airflow/example_dags/example_dynamic_task_mapping_with_no_taskflow_operators.py
[2024-08-20T11:40:01.592+0700] {processor.py:914} INFO - Processing file /home/user/.local/lib/python3.10/site-packages/airflow/example_dags/example_dynamic_task_mapping_with_no_taskflow_operators.py for tasks to queue
[2024-08-20T11:40:01.595+0700] {logging_mixin.py:190} INFO - [2024-08-20T11:40:01.595+0700] {dagbag.py:587} INFO - Filling up the DagBag from /home/user/.local/lib/python3.10/site-packages/airflow/example_dags/example_dynamic_task_mapping_with_no_taskflow_operators.py
[2024-08-20T11:40:01.604+0700] {processor.py:925} INFO - DAG(s) 'example_dynamic_task_mapping_with_no_taskflow_operators' retrieved from /home/user/.local/lib/python3.10/site-packages/airflow/example_dags/example_dynamic_task_mapping_with_no_taskflow_operators.py
[2024-08-20T11:40:01.620+0700] {logging_mixin.py:190} INFO - [2024-08-20T11:40:01.620+0700] {dag.py:3211} INFO - Sync 1 DAGs
[2024-08-20T11:40:01.638+0700] {logging_mixin.py:190} INFO - [2024-08-20T11:40:01.637+0700] {dag.py:4138} INFO - Setting next_dagrun for example_dynamic_task_mapping_with_no_taskflow_operators to 2024-08-19 00:00:00+00:00, run_after=2024-08-20 00:00:00+00:00
[2024-08-20T11:40:01.662+0700] {processor.py:208} INFO - Processing /home/user/.local/lib/python3.10/site-packages/airflow/example_dags/example_dynamic_task_mapping_with_no_taskflow_operators.py took 0.081 seconds
[2024-08-20T11:40:48.472+0700] {processor.py:186} INFO - Started process (PID=42110) to work on /home/user/.local/lib/python3.10/site-packages/airflow/example_dags/example_dynamic_task_mapping_with_no_taskflow_operators.py
[2024-08-20T11:40:48.474+0700] {processor.py:914} INFO - Processing file /home/user/.local/lib/python3.10/site-packages/airflow/example_dags/example_dynamic_task_mapping_with_no_taskflow_operators.py for tasks to queue
[2024-08-20T11:40:48.475+0700] {logging_mixin.py:190} INFO - [2024-08-20T11:40:48.475+0700] {dagbag.py:587} INFO - Filling up the DagBag from /home/user/.local/lib/python3.10/site-packages/airflow/example_dags/example_dynamic_task_mapping_with_no_taskflow_operators.py
[2024-08-20T11:40:48.482+0700] {processor.py:925} INFO - DAG(s) 'example_dynamic_task_mapping_with_no_taskflow_operators' retrieved from /home/user/.local/lib/python3.10/site-packages/airflow/example_dags/example_dynamic_task_mapping_with_no_taskflow_operators.py
[2024-08-20T11:40:48.495+0700] {logging_mixin.py:190} INFO - [2024-08-20T11:40:48.495+0700] {dag.py:3211} INFO - Sync 1 DAGs
[2024-08-20T11:40:48.522+0700] {logging_mixin.py:190} INFO - [2024-08-20T11:40:48.522+0700] {dag.py:4138} INFO - Setting next_dagrun for example_dynamic_task_mapping_with_no_taskflow_operators to 2024-08-19 00:00:00+00:00, run_after=2024-08-20 00:00:00+00:00
[2024-08-20T11:40:48.559+0700] {processor.py:208} INFO - Processing /home/user/.local/lib/python3.10/site-packages/airflow/example_dags/example_dynamic_task_mapping_with_no_taskflow_operators.py took 0.091 seconds
[2024-08-20T11:41:40.613+0700] {processor.py:186} INFO - Started process (PID=42525) to work on /home/user/.local/lib/python3.10/site-packages/airflow/example_dags/example_dynamic_task_mapping_with_no_taskflow_operators.py
[2024-08-20T11:41:40.614+0700] {processor.py:914} INFO - Processing file /home/user/.local/lib/python3.10/site-packages/airflow/example_dags/example_dynamic_task_mapping_with_no_taskflow_operators.py for tasks to queue
[2024-08-20T11:41:40.616+0700] {logging_mixin.py:190} INFO - [2024-08-20T11:41:40.616+0700] {dagbag.py:587} INFO - Filling up the DagBag from /home/user/.local/lib/python3.10/site-packages/airflow/example_dags/example_dynamic_task_mapping_with_no_taskflow_operators.py
[2024-08-20T11:41:40.624+0700] {processor.py:925} INFO - DAG(s) 'example_dynamic_task_mapping_with_no_taskflow_operators' retrieved from /home/user/.local/lib/python3.10/site-packages/airflow/example_dags/example_dynamic_task_mapping_with_no_taskflow_operators.py
[2024-08-20T11:41:40.638+0700] {logging_mixin.py:190} INFO - [2024-08-20T11:41:40.638+0700] {dag.py:3211} INFO - Sync 1 DAGs
[2024-08-20T11:41:40.657+0700] {logging_mixin.py:190} INFO - [2024-08-20T11:41:40.657+0700] {dag.py:4138} INFO - Setting next_dagrun for example_dynamic_task_mapping_with_no_taskflow_operators to 2024-08-19 00:00:00+00:00, run_after=2024-08-20 00:00:00+00:00
[2024-08-20T11:41:40.675+0700] {processor.py:208} INFO - Processing /home/user/.local/lib/python3.10/site-packages/airflow/example_dags/example_dynamic_task_mapping_with_no_taskflow_operators.py took 0.067 seconds
[2024-08-20T11:42:33.422+0700] {processor.py:186} INFO - Started process (PID=42951) to work on /home/user/.local/lib/python3.10/site-packages/airflow/example_dags/example_dynamic_task_mapping_with_no_taskflow_operators.py
[2024-08-20T11:42:33.428+0700] {processor.py:914} INFO - Processing file /home/user/.local/lib/python3.10/site-packages/airflow/example_dags/example_dynamic_task_mapping_with_no_taskflow_operators.py for tasks to queue
[2024-08-20T11:42:33.431+0700] {logging_mixin.py:190} INFO - [2024-08-20T11:42:33.430+0700] {dagbag.py:587} INFO - Filling up the DagBag from /home/user/.local/lib/python3.10/site-packages/airflow/example_dags/example_dynamic_task_mapping_with_no_taskflow_operators.py
[2024-08-20T11:42:33.439+0700] {processor.py:925} INFO - DAG(s) 'example_dynamic_task_mapping_with_no_taskflow_operators' retrieved from /home/user/.local/lib/python3.10/site-packages/airflow/example_dags/example_dynamic_task_mapping_with_no_taskflow_operators.py
[2024-08-20T11:42:33.454+0700] {logging_mixin.py:190} INFO - [2024-08-20T11:42:33.453+0700] {dag.py:3211} INFO - Sync 1 DAGs
[2024-08-20T11:42:33.469+0700] {logging_mixin.py:190} INFO - [2024-08-20T11:42:33.469+0700] {dag.py:4138} INFO - Setting next_dagrun for example_dynamic_task_mapping_with_no_taskflow_operators to 2024-08-19 00:00:00+00:00, run_after=2024-08-20 00:00:00+00:00
[2024-08-20T11:42:33.487+0700] {processor.py:208} INFO - Processing /home/user/.local/lib/python3.10/site-packages/airflow/example_dags/example_dynamic_task_mapping_with_no_taskflow_operators.py took 0.074 seconds
[2024-08-20T11:43:24.644+0700] {processor.py:186} INFO - Started process (PID=43355) to work on /home/user/.local/lib/python3.10/site-packages/airflow/example_dags/example_dynamic_task_mapping_with_no_taskflow_operators.py
[2024-08-20T11:43:24.650+0700] {processor.py:914} INFO - Processing file /home/user/.local/lib/python3.10/site-packages/airflow/example_dags/example_dynamic_task_mapping_with_no_taskflow_operators.py for tasks to queue
[2024-08-20T11:43:24.652+0700] {logging_mixin.py:190} INFO - [2024-08-20T11:43:24.652+0700] {dagbag.py:587} INFO - Filling up the DagBag from /home/user/.local/lib/python3.10/site-packages/airflow/example_dags/example_dynamic_task_mapping_with_no_taskflow_operators.py
[2024-08-20T11:43:24.658+0700] {processor.py:925} INFO - DAG(s) 'example_dynamic_task_mapping_with_no_taskflow_operators' retrieved from /home/user/.local/lib/python3.10/site-packages/airflow/example_dags/example_dynamic_task_mapping_with_no_taskflow_operators.py
[2024-08-20T11:43:24.670+0700] {logging_mixin.py:190} INFO - [2024-08-20T11:43:24.670+0700] {dag.py:3211} INFO - Sync 1 DAGs
[2024-08-20T11:43:24.686+0700] {logging_mixin.py:190} INFO - [2024-08-20T11:43:24.685+0700] {dag.py:4138} INFO - Setting next_dagrun for example_dynamic_task_mapping_with_no_taskflow_operators to 2024-08-19 00:00:00+00:00, run_after=2024-08-20 00:00:00+00:00
[2024-08-20T11:43:24.704+0700] {processor.py:208} INFO - Processing /home/user/.local/lib/python3.10/site-packages/airflow/example_dags/example_dynamic_task_mapping_with_no_taskflow_operators.py took 0.065 seconds
[2024-08-20T11:44:13.933+0700] {processor.py:186} INFO - Started process (PID=43746) to work on /home/user/.local/lib/python3.10/site-packages/airflow/example_dags/example_dynamic_task_mapping_with_no_taskflow_operators.py
[2024-08-20T11:44:13.935+0700] {processor.py:914} INFO - Processing file /home/user/.local/lib/python3.10/site-packages/airflow/example_dags/example_dynamic_task_mapping_with_no_taskflow_operators.py for tasks to queue
[2024-08-20T11:44:13.936+0700] {logging_mixin.py:190} INFO - [2024-08-20T11:44:13.936+0700] {dagbag.py:587} INFO - Filling up the DagBag from /home/user/.local/lib/python3.10/site-packages/airflow/example_dags/example_dynamic_task_mapping_with_no_taskflow_operators.py
[2024-08-20T11:44:13.944+0700] {processor.py:925} INFO - DAG(s) 'example_dynamic_task_mapping_with_no_taskflow_operators' retrieved from /home/user/.local/lib/python3.10/site-packages/airflow/example_dags/example_dynamic_task_mapping_with_no_taskflow_operators.py
[2024-08-20T11:44:13.956+0700] {logging_mixin.py:190} INFO - [2024-08-20T11:44:13.956+0700] {dag.py:3211} INFO - Sync 1 DAGs
[2024-08-20T11:44:13.971+0700] {logging_mixin.py:190} INFO - [2024-08-20T11:44:13.971+0700] {dag.py:4138} INFO - Setting next_dagrun for example_dynamic_task_mapping_with_no_taskflow_operators to 2024-08-19 00:00:00+00:00, run_after=2024-08-20 00:00:00+00:00
[2024-08-20T11:44:13.989+0700] {processor.py:208} INFO - Processing /home/user/.local/lib/python3.10/site-packages/airflow/example_dags/example_dynamic_task_mapping_with_no_taskflow_operators.py took 0.062 seconds
[2024-08-20T11:45:02.450+0700] {processor.py:186} INFO - Started process (PID=44131) to work on /home/user/.local/lib/python3.10/site-packages/airflow/example_dags/example_dynamic_task_mapping_with_no_taskflow_operators.py
[2024-08-20T11:45:02.452+0700] {processor.py:914} INFO - Processing file /home/user/.local/lib/python3.10/site-packages/airflow/example_dags/example_dynamic_task_mapping_with_no_taskflow_operators.py for tasks to queue
[2024-08-20T11:45:02.454+0700] {logging_mixin.py:190} INFO - [2024-08-20T11:45:02.454+0700] {dagbag.py:587} INFO - Filling up the DagBag from /home/user/.local/lib/python3.10/site-packages/airflow/example_dags/example_dynamic_task_mapping_with_no_taskflow_operators.py
[2024-08-20T11:45:02.461+0700] {processor.py:925} INFO - DAG(s) 'example_dynamic_task_mapping_with_no_taskflow_operators' retrieved from /home/user/.local/lib/python3.10/site-packages/airflow/example_dags/example_dynamic_task_mapping_with_no_taskflow_operators.py
[2024-08-20T11:45:02.473+0700] {logging_mixin.py:190} INFO - [2024-08-20T11:45:02.473+0700] {dag.py:3211} INFO - Sync 1 DAGs
[2024-08-20T11:45:02.489+0700] {logging_mixin.py:190} INFO - [2024-08-20T11:45:02.488+0700] {dag.py:4138} INFO - Setting next_dagrun for example_dynamic_task_mapping_with_no_taskflow_operators to 2024-08-19 00:00:00+00:00, run_after=2024-08-20 00:00:00+00:00
[2024-08-20T11:45:02.509+0700] {processor.py:208} INFO - Processing /home/user/.local/lib/python3.10/site-packages/airflow/example_dags/example_dynamic_task_mapping_with_no_taskflow_operators.py took 0.063 seconds
[2024-08-20T11:45:53.306+0700] {processor.py:186} INFO - Started process (PID=44527) to work on /home/user/.local/lib/python3.10/site-packages/airflow/example_dags/example_dynamic_task_mapping_with_no_taskflow_operators.py
[2024-08-20T11:45:53.308+0700] {processor.py:914} INFO - Processing file /home/user/.local/lib/python3.10/site-packages/airflow/example_dags/example_dynamic_task_mapping_with_no_taskflow_operators.py for tasks to queue
[2024-08-20T11:45:53.311+0700] {logging_mixin.py:190} INFO - [2024-08-20T11:45:53.310+0700] {dagbag.py:587} INFO - Filling up the DagBag from /home/user/.local/lib/python3.10/site-packages/airflow/example_dags/example_dynamic_task_mapping_with_no_taskflow_operators.py
[2024-08-20T11:45:53.320+0700] {processor.py:925} INFO - DAG(s) 'example_dynamic_task_mapping_with_no_taskflow_operators' retrieved from /home/user/.local/lib/python3.10/site-packages/airflow/example_dags/example_dynamic_task_mapping_with_no_taskflow_operators.py
[2024-08-20T11:45:53.332+0700] {logging_mixin.py:190} INFO - [2024-08-20T11:45:53.332+0700] {dag.py:3211} INFO - Sync 1 DAGs
[2024-08-20T11:45:53.345+0700] {logging_mixin.py:190} INFO - [2024-08-20T11:45:53.345+0700] {dag.py:4138} INFO - Setting next_dagrun for example_dynamic_task_mapping_with_no_taskflow_operators to 2024-08-19 00:00:00+00:00, run_after=2024-08-20 00:00:00+00:00
[2024-08-20T11:45:53.362+0700] {processor.py:208} INFO - Processing /home/user/.local/lib/python3.10/site-packages/airflow/example_dags/example_dynamic_task_mapping_with_no_taskflow_operators.py took 0.060 seconds
