[2024-08-20T11:27:58.337+0700] {processor.py:186} INFO - Started process (PID=35637) to work on /home/user/.local/lib/python3.10/site-packages/airflow/example_dags/example_dag_decorator.py
[2024-08-20T11:27:58.338+0700] {processor.py:914} INFO - Processing file /home/user/.local/lib/python3.10/site-packages/airflow/example_dags/example_dag_decorator.py for tasks to queue
[2024-08-20T11:27:58.340+0700] {logging_mixin.py:190} INFO - [2024-08-20T11:27:58.340+0700] {dagbag.py:587} INFO - Filling up the DagBag from /home/user/.local/lib/python3.10/site-packages/airflow/example_dags/example_dag_decorator.py
[2024-08-20T11:27:58.352+0700] {processor.py:925} INFO - DAG(s) 'example_dag_decorator' retrieved from /home/user/.local/lib/python3.10/site-packages/airflow/example_dags/example_dag_decorator.py
[2024-08-20T11:27:58.449+0700] {logging_mixin.py:190} INFO - [2024-08-20T11:27:58.448+0700] {override.py:1858} INFO - Created Permission View: can read on DAG:example_dag_decorator
[2024-08-20T11:27:58.461+0700] {logging_mixin.py:190} INFO - [2024-08-20T11:27:58.461+0700] {override.py:1858} INFO - Created Permission View: can delete on DAG:example_dag_decorator
[2024-08-20T11:27:58.471+0700] {logging_mixin.py:190} INFO - [2024-08-20T11:27:58.470+0700] {override.py:1858} INFO - Created Permission View: can edit on DAG:example_dag_decorator
[2024-08-20T11:27:58.471+0700] {logging_mixin.py:190} INFO - [2024-08-20T11:27:58.471+0700] {dag.py:3211} INFO - Sync 1 DAGs
[2024-08-20T11:27:58.482+0700] {logging_mixin.py:190} INFO - [2024-08-20T11:27:58.481+0700] {dag.py:3234} INFO - Creating ORM DAG for example_dag_decorator
[2024-08-20T11:27:58.482+0700] {logging_mixin.py:190} INFO - [2024-08-20T11:27:58.482+0700] {dag.py:4138} INFO - Setting next_dagrun for example_dag_decorator to None, run_after=None
[2024-08-20T11:27:58.499+0700] {processor.py:208} INFO - Processing /home/user/.local/lib/python3.10/site-packages/airflow/example_dags/example_dag_decorator.py took 0.167 seconds
[2024-08-20T11:28:57.658+0700] {processor.py:186} INFO - Started process (PID=36101) to work on /home/user/.local/lib/python3.10/site-packages/airflow/example_dags/example_dag_decorator.py
[2024-08-20T11:28:57.660+0700] {processor.py:914} INFO - Processing file /home/user/.local/lib/python3.10/site-packages/airflow/example_dags/example_dag_decorator.py for tasks to queue
[2024-08-20T11:28:57.662+0700] {logging_mixin.py:190} INFO - [2024-08-20T11:28:57.662+0700] {dagbag.py:587} INFO - Filling up the DagBag from /home/user/.local/lib/python3.10/site-packages/airflow/example_dags/example_dag_decorator.py
[2024-08-20T11:28:57.671+0700] {processor.py:925} INFO - DAG(s) 'example_dag_decorator' retrieved from /home/user/.local/lib/python3.10/site-packages/airflow/example_dags/example_dag_decorator.py
[2024-08-20T11:28:57.742+0700] {logging_mixin.py:190} INFO - [2024-08-20T11:28:57.742+0700] {dag.py:3211} INFO - Sync 1 DAGs
[2024-08-20T11:28:57.750+0700] {logging_mixin.py:190} INFO - [2024-08-20T11:28:57.750+0700] {dag.py:4138} INFO - Setting next_dagrun for example_dag_decorator to None, run_after=None
[2024-08-20T11:28:57.766+0700] {processor.py:208} INFO - Processing /home/user/.local/lib/python3.10/site-packages/airflow/example_dags/example_dag_decorator.py took 0.112 seconds
[2024-08-20T11:29:53.252+0700] {processor.py:186} INFO - Started process (PID=36545) to work on /home/user/.local/lib/python3.10/site-packages/airflow/example_dags/example_dag_decorator.py
[2024-08-20T11:29:53.260+0700] {processor.py:914} INFO - Processing file /home/user/.local/lib/python3.10/site-packages/airflow/example_dags/example_dag_decorator.py for tasks to queue
[2024-08-20T11:29:53.262+0700] {logging_mixin.py:190} INFO - [2024-08-20T11:29:53.262+0700] {dagbag.py:587} INFO - Filling up the DagBag from /home/user/.local/lib/python3.10/site-packages/airflow/example_dags/example_dag_decorator.py
[2024-08-20T11:29:53.271+0700] {processor.py:925} INFO - DAG(s) 'example_dag_decorator' retrieved from /home/user/.local/lib/python3.10/site-packages/airflow/example_dags/example_dag_decorator.py
[2024-08-20T11:29:53.343+0700] {logging_mixin.py:190} INFO - [2024-08-20T11:29:53.342+0700] {dag.py:3211} INFO - Sync 1 DAGs
[2024-08-20T11:29:53.353+0700] {logging_mixin.py:190} INFO - [2024-08-20T11:29:53.353+0700] {dag.py:4138} INFO - Setting next_dagrun for example_dag_decorator to None, run_after=None
[2024-08-20T11:29:53.374+0700] {processor.py:208} INFO - Processing /home/user/.local/lib/python3.10/site-packages/airflow/example_dags/example_dag_decorator.py took 0.126 seconds
[2024-08-20T11:31:23.435+0700] {processor.py:186} INFO - Started process (PID=37313) to work on /home/user/.local/lib/python3.10/site-packages/airflow/example_dags/example_dag_decorator.py
[2024-08-20T11:31:23.436+0700] {processor.py:914} INFO - Processing file /home/user/.local/lib/python3.10/site-packages/airflow/example_dags/example_dag_decorator.py for tasks to queue
[2024-08-20T11:31:23.438+0700] {logging_mixin.py:190} INFO - [2024-08-20T11:31:23.438+0700] {dagbag.py:587} INFO - Filling up the DagBag from /home/user/.local/lib/python3.10/site-packages/airflow/example_dags/example_dag_decorator.py
[2024-08-20T11:31:23.449+0700] {processor.py:925} INFO - DAG(s) 'example_dag_decorator' retrieved from /home/user/.local/lib/python3.10/site-packages/airflow/example_dags/example_dag_decorator.py
[2024-08-20T11:31:23.527+0700] {logging_mixin.py:190} INFO - [2024-08-20T11:31:23.527+0700] {dag.py:3211} INFO - Sync 1 DAGs
[2024-08-20T11:31:23.535+0700] {logging_mixin.py:190} INFO - [2024-08-20T11:31:23.535+0700] {dag.py:4138} INFO - Setting next_dagrun for example_dag_decorator to None, run_after=None
[2024-08-20T11:31:23.560+0700] {processor.py:208} INFO - Processing /home/user/.local/lib/python3.10/site-packages/airflow/example_dags/example_dag_decorator.py took 0.129 seconds
[2024-08-20T11:32:20.515+0700] {processor.py:186} INFO - Started process (PID=38054) to work on /home/user/.local/lib/python3.10/site-packages/airflow/example_dags/example_dag_decorator.py
[2024-08-20T11:32:20.517+0700] {processor.py:914} INFO - Processing file /home/user/.local/lib/python3.10/site-packages/airflow/example_dags/example_dag_decorator.py for tasks to queue
[2024-08-20T11:32:20.520+0700] {logging_mixin.py:190} INFO - [2024-08-20T11:32:20.519+0700] {dagbag.py:587} INFO - Filling up the DagBag from /home/user/.local/lib/python3.10/site-packages/airflow/example_dags/example_dag_decorator.py
[2024-08-20T11:32:20.534+0700] {processor.py:925} INFO - DAG(s) 'example_dag_decorator' retrieved from /home/user/.local/lib/python3.10/site-packages/airflow/example_dags/example_dag_decorator.py
[2024-08-20T11:32:20.729+0700] {logging_mixin.py:190} INFO - [2024-08-20T11:32:20.729+0700] {dag.py:3211} INFO - Sync 1 DAGs
[2024-08-20T11:32:20.746+0700] {logging_mixin.py:190} INFO - [2024-08-20T11:32:20.746+0700] {dag.py:4138} INFO - Setting next_dagrun for example_dag_decorator to None, run_after=None
[2024-08-20T11:32:20.779+0700] {processor.py:208} INFO - Processing /home/user/.local/lib/python3.10/site-packages/airflow/example_dags/example_dag_decorator.py took 0.273 seconds
[2024-08-20T11:33:14.742+0700] {processor.py:186} INFO - Started process (PID=38481) to work on /home/user/.local/lib/python3.10/site-packages/airflow/example_dags/example_dag_decorator.py
[2024-08-20T11:33:14.743+0700] {processor.py:914} INFO - Processing file /home/user/.local/lib/python3.10/site-packages/airflow/example_dags/example_dag_decorator.py for tasks to queue
[2024-08-20T11:33:14.745+0700] {logging_mixin.py:190} INFO - [2024-08-20T11:33:14.744+0700] {dagbag.py:587} INFO - Filling up the DagBag from /home/user/.local/lib/python3.10/site-packages/airflow/example_dags/example_dag_decorator.py
[2024-08-20T11:33:14.756+0700] {processor.py:925} INFO - DAG(s) 'example_dag_decorator' retrieved from /home/user/.local/lib/python3.10/site-packages/airflow/example_dags/example_dag_decorator.py
[2024-08-20T11:33:14.862+0700] {logging_mixin.py:190} INFO - [2024-08-20T11:33:14.862+0700] {dag.py:3211} INFO - Sync 1 DAGs
[2024-08-20T11:33:14.877+0700] {logging_mixin.py:190} INFO - [2024-08-20T11:33:14.876+0700] {dag.py:4138} INFO - Setting next_dagrun for example_dag_decorator to None, run_after=None
[2024-08-20T11:33:14.914+0700] {processor.py:208} INFO - Processing /home/user/.local/lib/python3.10/site-packages/airflow/example_dags/example_dag_decorator.py took 0.178 seconds
[2024-08-20T11:34:59.132+0700] {processor.py:186} INFO - Started process (PID=39305) to work on /home/user/.local/lib/python3.10/site-packages/airflow/example_dags/example_dag_decorator.py
[2024-08-20T11:34:59.134+0700] {processor.py:914} INFO - Processing file /home/user/.local/lib/python3.10/site-packages/airflow/example_dags/example_dag_decorator.py for tasks to queue
[2024-08-20T11:34:59.135+0700] {logging_mixin.py:190} INFO - [2024-08-20T11:34:59.135+0700] {dagbag.py:587} INFO - Filling up the DagBag from /home/user/.local/lib/python3.10/site-packages/airflow/example_dags/example_dag_decorator.py
[2024-08-20T11:34:59.145+0700] {processor.py:925} INFO - DAG(s) 'example_dag_decorator' retrieved from /home/user/.local/lib/python3.10/site-packages/airflow/example_dags/example_dag_decorator.py
[2024-08-20T11:34:59.234+0700] {logging_mixin.py:190} INFO - [2024-08-20T11:34:59.234+0700] {dag.py:3211} INFO - Sync 1 DAGs
[2024-08-20T11:34:59.250+0700] {logging_mixin.py:190} INFO - [2024-08-20T11:34:59.249+0700] {dag.py:4138} INFO - Setting next_dagrun for example_dag_decorator to None, run_after=None
[2024-08-20T11:34:59.279+0700] {processor.py:208} INFO - Processing /home/user/.local/lib/python3.10/site-packages/airflow/example_dags/example_dag_decorator.py took 0.151 seconds
[2024-08-20T11:35:54.492+0700] {processor.py:186} INFO - Started process (PID=39740) to work on /home/user/.local/lib/python3.10/site-packages/airflow/example_dags/example_dag_decorator.py
[2024-08-20T11:35:54.493+0700] {processor.py:914} INFO - Processing file /home/user/.local/lib/python3.10/site-packages/airflow/example_dags/example_dag_decorator.py for tasks to queue
[2024-08-20T11:35:54.495+0700] {logging_mixin.py:190} INFO - [2024-08-20T11:35:54.495+0700] {dagbag.py:587} INFO - Filling up the DagBag from /home/user/.local/lib/python3.10/site-packages/airflow/example_dags/example_dag_decorator.py
[2024-08-20T11:35:54.504+0700] {processor.py:925} INFO - DAG(s) 'example_dag_decorator' retrieved from /home/user/.local/lib/python3.10/site-packages/airflow/example_dags/example_dag_decorator.py
[2024-08-20T11:35:54.613+0700] {logging_mixin.py:190} INFO - [2024-08-20T11:35:54.613+0700] {dag.py:3211} INFO - Sync 1 DAGs
[2024-08-20T11:35:54.625+0700] {logging_mixin.py:190} INFO - [2024-08-20T11:35:54.625+0700] {dag.py:4138} INFO - Setting next_dagrun for example_dag_decorator to None, run_after=None
[2024-08-20T11:35:54.650+0700] {processor.py:208} INFO - Processing /home/user/.local/lib/python3.10/site-packages/airflow/example_dags/example_dag_decorator.py took 0.162 seconds
[2024-08-20T11:36:47.581+0700] {processor.py:186} INFO - Started process (PID=40162) to work on /home/user/.local/lib/python3.10/site-packages/airflow/example_dags/example_dag_decorator.py
[2024-08-20T11:36:47.582+0700] {processor.py:914} INFO - Processing file /home/user/.local/lib/python3.10/site-packages/airflow/example_dags/example_dag_decorator.py for tasks to queue
[2024-08-20T11:36:47.584+0700] {logging_mixin.py:190} INFO - [2024-08-20T11:36:47.583+0700] {dagbag.py:587} INFO - Filling up the DagBag from /home/user/.local/lib/python3.10/site-packages/airflow/example_dags/example_dag_decorator.py
[2024-08-20T11:36:47.594+0700] {processor.py:925} INFO - DAG(s) 'example_dag_decorator' retrieved from /home/user/.local/lib/python3.10/site-packages/airflow/example_dags/example_dag_decorator.py
[2024-08-20T11:36:47.675+0700] {logging_mixin.py:190} INFO - [2024-08-20T11:36:47.674+0700] {dag.py:3211} INFO - Sync 1 DAGs
[2024-08-20T11:36:47.682+0700] {logging_mixin.py:190} INFO - [2024-08-20T11:36:47.681+0700] {dag.py:4138} INFO - Setting next_dagrun for example_dag_decorator to None, run_after=None
[2024-08-20T11:36:47.700+0700] {processor.py:208} INFO - Processing /home/user/.local/lib/python3.10/site-packages/airflow/example_dags/example_dag_decorator.py took 0.123 seconds
[2024-08-20T11:38:03.268+0700] {processor.py:186} INFO - Started process (PID=40783) to work on /home/user/.local/lib/python3.10/site-packages/airflow/example_dags/example_dag_decorator.py
[2024-08-20T11:38:03.270+0700] {processor.py:914} INFO - Processing file /home/user/.local/lib/python3.10/site-packages/airflow/example_dags/example_dag_decorator.py for tasks to queue
[2024-08-20T11:38:03.272+0700] {logging_mixin.py:190} INFO - [2024-08-20T11:38:03.272+0700] {dagbag.py:587} INFO - Filling up the DagBag from /home/user/.local/lib/python3.10/site-packages/airflow/example_dags/example_dag_decorator.py
[2024-08-20T11:38:03.283+0700] {processor.py:925} INFO - DAG(s) 'example_dag_decorator' retrieved from /home/user/.local/lib/python3.10/site-packages/airflow/example_dags/example_dag_decorator.py
[2024-08-20T11:38:03.361+0700] {logging_mixin.py:190} INFO - [2024-08-20T11:38:03.361+0700] {dag.py:3211} INFO - Sync 1 DAGs
[2024-08-20T11:38:03.376+0700] {logging_mixin.py:190} INFO - [2024-08-20T11:38:03.376+0700] {dag.py:4138} INFO - Setting next_dagrun for example_dag_decorator to None, run_after=None
[2024-08-20T11:38:03.400+0700] {processor.py:208} INFO - Processing /home/user/.local/lib/python3.10/site-packages/airflow/example_dags/example_dag_decorator.py took 0.136 seconds
[2024-08-20T11:39:21.119+0700] {processor.py:186} INFO - Started process (PID=41400) to work on /home/user/.local/lib/python3.10/site-packages/airflow/example_dags/example_dag_decorator.py
[2024-08-20T11:39:21.121+0700] {processor.py:914} INFO - Processing file /home/user/.local/lib/python3.10/site-packages/airflow/example_dags/example_dag_decorator.py for tasks to queue
[2024-08-20T11:39:21.124+0700] {logging_mixin.py:190} INFO - [2024-08-20T11:39:21.123+0700] {dagbag.py:587} INFO - Filling up the DagBag from /home/user/.local/lib/python3.10/site-packages/airflow/example_dags/example_dag_decorator.py
[2024-08-20T11:39:21.135+0700] {processor.py:925} INFO - DAG(s) 'example_dag_decorator' retrieved from /home/user/.local/lib/python3.10/site-packages/airflow/example_dags/example_dag_decorator.py
[2024-08-20T11:39:21.267+0700] {logging_mixin.py:190} INFO - [2024-08-20T11:39:21.267+0700] {dag.py:3211} INFO - Sync 1 DAGs
[2024-08-20T11:39:21.279+0700] {logging_mixin.py:190} INFO - [2024-08-20T11:39:21.279+0700] {dag.py:4138} INFO - Setting next_dagrun for example_dag_decorator to None, run_after=None
[2024-08-20T11:39:21.305+0700] {processor.py:208} INFO - Processing /home/user/.local/lib/python3.10/site-packages/airflow/example_dags/example_dag_decorator.py took 0.191 seconds
[2024-08-20T11:40:13.458+0700] {processor.py:186} INFO - Started process (PID=41824) to work on /home/user/.local/lib/python3.10/site-packages/airflow/example_dags/example_dag_decorator.py
[2024-08-20T11:40:13.459+0700] {processor.py:914} INFO - Processing file /home/user/.local/lib/python3.10/site-packages/airflow/example_dags/example_dag_decorator.py for tasks to queue
[2024-08-20T11:40:13.461+0700] {logging_mixin.py:190} INFO - [2024-08-20T11:40:13.461+0700] {dagbag.py:587} INFO - Filling up the DagBag from /home/user/.local/lib/python3.10/site-packages/airflow/example_dags/example_dag_decorator.py
[2024-08-20T11:40:13.471+0700] {processor.py:925} INFO - DAG(s) 'example_dag_decorator' retrieved from /home/user/.local/lib/python3.10/site-packages/airflow/example_dags/example_dag_decorator.py
[2024-08-20T11:40:13.559+0700] {logging_mixin.py:190} INFO - [2024-08-20T11:40:13.558+0700] {dag.py:3211} INFO - Sync 1 DAGs
[2024-08-20T11:40:13.566+0700] {logging_mixin.py:190} INFO - [2024-08-20T11:40:13.566+0700] {dag.py:4138} INFO - Setting next_dagrun for example_dag_decorator to None, run_after=None
[2024-08-20T11:40:13.588+0700] {processor.py:208} INFO - Processing /home/user/.local/lib/python3.10/site-packages/airflow/example_dags/example_dag_decorator.py took 0.135 seconds
[2024-08-20T11:41:25.805+0700] {processor.py:186} INFO - Started process (PID=42411) to work on /home/user/.local/lib/python3.10/site-packages/airflow/example_dags/example_dag_decorator.py
[2024-08-20T11:41:25.806+0700] {processor.py:914} INFO - Processing file /home/user/.local/lib/python3.10/site-packages/airflow/example_dags/example_dag_decorator.py for tasks to queue
[2024-08-20T11:41:25.808+0700] {logging_mixin.py:190} INFO - [2024-08-20T11:41:25.808+0700] {dagbag.py:587} INFO - Filling up the DagBag from /home/user/.local/lib/python3.10/site-packages/airflow/example_dags/example_dag_decorator.py
[2024-08-20T11:41:25.817+0700] {processor.py:925} INFO - DAG(s) 'example_dag_decorator' retrieved from /home/user/.local/lib/python3.10/site-packages/airflow/example_dags/example_dag_decorator.py
[2024-08-20T11:41:25.898+0700] {logging_mixin.py:190} INFO - [2024-08-20T11:41:25.898+0700] {dag.py:3211} INFO - Sync 1 DAGs
[2024-08-20T11:41:25.908+0700] {logging_mixin.py:190} INFO - [2024-08-20T11:41:25.908+0700] {dag.py:4138} INFO - Setting next_dagrun for example_dag_decorator to None, run_after=None
[2024-08-20T11:41:25.926+0700] {processor.py:208} INFO - Processing /home/user/.local/lib/python3.10/site-packages/airflow/example_dags/example_dag_decorator.py took 0.126 seconds
[2024-08-20T11:42:20.071+0700] {processor.py:186} INFO - Started process (PID=42847) to work on /home/user/.local/lib/python3.10/site-packages/airflow/example_dags/example_dag_decorator.py
[2024-08-20T11:42:20.072+0700] {processor.py:914} INFO - Processing file /home/user/.local/lib/python3.10/site-packages/airflow/example_dags/example_dag_decorator.py for tasks to queue
[2024-08-20T11:42:20.074+0700] {logging_mixin.py:190} INFO - [2024-08-20T11:42:20.074+0700] {dagbag.py:587} INFO - Filling up the DagBag from /home/user/.local/lib/python3.10/site-packages/airflow/example_dags/example_dag_decorator.py
[2024-08-20T11:42:20.084+0700] {processor.py:925} INFO - DAG(s) 'example_dag_decorator' retrieved from /home/user/.local/lib/python3.10/site-packages/airflow/example_dags/example_dag_decorator.py
[2024-08-20T11:42:20.201+0700] {logging_mixin.py:190} INFO - [2024-08-20T11:42:20.201+0700] {dag.py:3211} INFO - Sync 1 DAGs
[2024-08-20T11:42:20.212+0700] {logging_mixin.py:190} INFO - [2024-08-20T11:42:20.212+0700] {dag.py:4138} INFO - Setting next_dagrun for example_dag_decorator to None, run_after=None
[2024-08-20T11:42:20.236+0700] {processor.py:208} INFO - Processing /home/user/.local/lib/python3.10/site-packages/airflow/example_dags/example_dag_decorator.py took 0.171 seconds
[2024-08-20T11:43:36.120+0700] {processor.py:186} INFO - Started process (PID=43449) to work on /home/user/.local/lib/python3.10/site-packages/airflow/example_dags/example_dag_decorator.py
[2024-08-20T11:43:36.127+0700] {processor.py:914} INFO - Processing file /home/user/.local/lib/python3.10/site-packages/airflow/example_dags/example_dag_decorator.py for tasks to queue
[2024-08-20T11:43:36.129+0700] {logging_mixin.py:190} INFO - [2024-08-20T11:43:36.128+0700] {dagbag.py:587} INFO - Filling up the DagBag from /home/user/.local/lib/python3.10/site-packages/airflow/example_dags/example_dag_decorator.py
[2024-08-20T11:43:36.143+0700] {processor.py:925} INFO - DAG(s) 'example_dag_decorator' retrieved from /home/user/.local/lib/python3.10/site-packages/airflow/example_dags/example_dag_decorator.py
[2024-08-20T11:43:36.247+0700] {logging_mixin.py:190} INFO - [2024-08-20T11:43:36.246+0700] {dag.py:3211} INFO - Sync 1 DAGs
[2024-08-20T11:43:36.262+0700] {logging_mixin.py:190} INFO - [2024-08-20T11:43:36.262+0700] {dag.py:4138} INFO - Setting next_dagrun for example_dag_decorator to None, run_after=None
[2024-08-20T11:43:36.294+0700] {processor.py:208} INFO - Processing /home/user/.local/lib/python3.10/site-packages/airflow/example_dags/example_dag_decorator.py took 0.181 seconds
[2024-08-20T11:44:49.300+0700] {processor.py:186} INFO - Started process (PID=44023) to work on /home/user/.local/lib/python3.10/site-packages/airflow/example_dags/example_dag_decorator.py
[2024-08-20T11:44:49.301+0700] {processor.py:914} INFO - Processing file /home/user/.local/lib/python3.10/site-packages/airflow/example_dags/example_dag_decorator.py for tasks to queue
[2024-08-20T11:44:49.303+0700] {logging_mixin.py:190} INFO - [2024-08-20T11:44:49.303+0700] {dagbag.py:587} INFO - Filling up the DagBag from /home/user/.local/lib/python3.10/site-packages/airflow/example_dags/example_dag_decorator.py
[2024-08-20T11:44:49.313+0700] {processor.py:925} INFO - DAG(s) 'example_dag_decorator' retrieved from /home/user/.local/lib/python3.10/site-packages/airflow/example_dags/example_dag_decorator.py
[2024-08-20T11:44:49.402+0700] {logging_mixin.py:190} INFO - [2024-08-20T11:44:49.401+0700] {dag.py:3211} INFO - Sync 1 DAGs
[2024-08-20T11:44:49.409+0700] {logging_mixin.py:190} INFO - [2024-08-20T11:44:49.408+0700] {dag.py:4138} INFO - Setting next_dagrun for example_dag_decorator to None, run_after=None
[2024-08-20T11:44:49.430+0700] {processor.py:208} INFO - Processing /home/user/.local/lib/python3.10/site-packages/airflow/example_dags/example_dag_decorator.py took 0.135 seconds
