[2024-08-20T11:27:57.096+0700] {processor.py:186} INFO - Started process (PID=35625) to work on /home/user/.local/lib/python3.10/site-packages/airflow/example_dags/example_params_trigger_ui.py
[2024-08-20T11:27:57.097+0700] {processor.py:914} INFO - Processing file /home/user/.local/lib/python3.10/site-packages/airflow/example_dags/example_params_trigger_ui.py for tasks to queue
[2024-08-20T11:27:57.099+0700] {logging_mixin.py:190} INFO - [2024-08-20T11:27:57.099+0700] {dagbag.py:587} INFO - Filling up the DagBag from /home/user/.local/lib/python3.10/site-packages/airflow/example_dags/example_params_trigger_ui.py
[2024-08-20T11:27:57.113+0700] {processor.py:925} INFO - DAG(s) 'example_params_trigger_ui' retrieved from /home/user/.local/lib/python3.10/site-packages/airflow/example_dags/example_params_trigger_ui.py
[2024-08-20T11:27:57.209+0700] {logging_mixin.py:190} INFO - [2024-08-20T11:27:57.208+0700] {override.py:1858} INFO - Created Permission View: can read on DAG:example_params_trigger_ui
[2024-08-20T11:27:57.219+0700] {logging_mixin.py:190} INFO - [2024-08-20T11:27:57.218+0700] {override.py:1858} INFO - Created Permission View: can delete on DAG:example_params_trigger_ui
[2024-08-20T11:27:57.226+0700] {logging_mixin.py:190} INFO - [2024-08-20T11:27:57.226+0700] {override.py:1858} INFO - Created Permission View: can edit on DAG:example_params_trigger_ui
[2024-08-20T11:27:57.227+0700] {logging_mixin.py:190} INFO - [2024-08-20T11:27:57.227+0700] {dag.py:3211} INFO - Sync 1 DAGs
[2024-08-20T11:27:57.237+0700] {logging_mixin.py:190} INFO - [2024-08-20T11:27:57.237+0700] {dag.py:3234} INFO - Creating ORM DAG for example_params_trigger_ui
[2024-08-20T11:27:57.237+0700] {logging_mixin.py:190} INFO - [2024-08-20T11:27:57.237+0700] {dag.py:4138} INFO - Setting next_dagrun for example_params_trigger_ui to None, run_after=None
[2024-08-20T11:27:57.256+0700] {processor.py:208} INFO - Processing /home/user/.local/lib/python3.10/site-packages/airflow/example_dags/example_params_trigger_ui.py took 0.164 seconds
[2024-08-20T11:28:56.428+0700] {processor.py:186} INFO - Started process (PID=36089) to work on /home/user/.local/lib/python3.10/site-packages/airflow/example_dags/example_params_trigger_ui.py
[2024-08-20T11:28:56.430+0700] {processor.py:914} INFO - Processing file /home/user/.local/lib/python3.10/site-packages/airflow/example_dags/example_params_trigger_ui.py for tasks to queue
[2024-08-20T11:28:56.433+0700] {logging_mixin.py:190} INFO - [2024-08-20T11:28:56.432+0700] {dagbag.py:587} INFO - Filling up the DagBag from /home/user/.local/lib/python3.10/site-packages/airflow/example_dags/example_params_trigger_ui.py
[2024-08-20T11:28:56.445+0700] {processor.py:925} INFO - DAG(s) 'example_params_trigger_ui' retrieved from /home/user/.local/lib/python3.10/site-packages/airflow/example_dags/example_params_trigger_ui.py
[2024-08-20T11:28:56.489+0700] {logging_mixin.py:190} INFO - [2024-08-20T11:28:56.488+0700] {dag.py:3211} INFO - Sync 1 DAGs
[2024-08-20T11:28:56.501+0700] {logging_mixin.py:190} INFO - [2024-08-20T11:28:56.500+0700] {dag.py:4138} INFO - Setting next_dagrun for example_params_trigger_ui to None, run_after=None
[2024-08-20T11:28:56.522+0700] {processor.py:208} INFO - Processing /home/user/.local/lib/python3.10/site-packages/airflow/example_dags/example_params_trigger_ui.py took 0.102 seconds
[2024-08-20T11:29:52.117+0700] {processor.py:186} INFO - Started process (PID=36540) to work on /home/user/.local/lib/python3.10/site-packages/airflow/example_dags/example_params_trigger_ui.py
[2024-08-20T11:29:52.119+0700] {processor.py:914} INFO - Processing file /home/user/.local/lib/python3.10/site-packages/airflow/example_dags/example_params_trigger_ui.py for tasks to queue
[2024-08-20T11:29:52.120+0700] {logging_mixin.py:190} INFO - [2024-08-20T11:29:52.120+0700] {dagbag.py:587} INFO - Filling up the DagBag from /home/user/.local/lib/python3.10/site-packages/airflow/example_dags/example_params_trigger_ui.py
[2024-08-20T11:29:52.132+0700] {processor.py:925} INFO - DAG(s) 'example_params_trigger_ui' retrieved from /home/user/.local/lib/python3.10/site-packages/airflow/example_dags/example_params_trigger_ui.py
[2024-08-20T11:29:52.163+0700] {logging_mixin.py:190} INFO - [2024-08-20T11:29:52.163+0700] {dag.py:3211} INFO - Sync 1 DAGs
[2024-08-20T11:29:52.171+0700] {logging_mixin.py:190} INFO - [2024-08-20T11:29:52.171+0700] {dag.py:4138} INFO - Setting next_dagrun for example_params_trigger_ui to None, run_after=None
[2024-08-20T11:29:52.187+0700] {processor.py:208} INFO - Processing /home/user/.local/lib/python3.10/site-packages/airflow/example_dags/example_params_trigger_ui.py took 0.075 seconds
[2024-08-20T11:31:22.192+0700] {processor.py:186} INFO - Started process (PID=37307) to work on /home/user/.local/lib/python3.10/site-packages/airflow/example_dags/example_params_trigger_ui.py
[2024-08-20T11:31:22.193+0700] {processor.py:914} INFO - Processing file /home/user/.local/lib/python3.10/site-packages/airflow/example_dags/example_params_trigger_ui.py for tasks to queue
[2024-08-20T11:31:22.195+0700] {logging_mixin.py:190} INFO - [2024-08-20T11:31:22.194+0700] {dagbag.py:587} INFO - Filling up the DagBag from /home/user/.local/lib/python3.10/site-packages/airflow/example_dags/example_params_trigger_ui.py
[2024-08-20T11:31:22.204+0700] {processor.py:925} INFO - DAG(s) 'example_params_trigger_ui' retrieved from /home/user/.local/lib/python3.10/site-packages/airflow/example_dags/example_params_trigger_ui.py
[2024-08-20T11:31:22.238+0700] {logging_mixin.py:190} INFO - [2024-08-20T11:31:22.237+0700] {dag.py:3211} INFO - Sync 1 DAGs
[2024-08-20T11:31:22.253+0700] {logging_mixin.py:190} INFO - [2024-08-20T11:31:22.253+0700] {dag.py:4138} INFO - Setting next_dagrun for example_params_trigger_ui to None, run_after=None
[2024-08-20T11:31:22.295+0700] {processor.py:208} INFO - Processing /home/user/.local/lib/python3.10/site-packages/airflow/example_dags/example_params_trigger_ui.py took 0.108 seconds
[2024-08-20T11:32:19.270+0700] {processor.py:186} INFO - Started process (PID=38043) to work on /home/user/.local/lib/python3.10/site-packages/airflow/example_dags/example_params_trigger_ui.py
[2024-08-20T11:32:19.271+0700] {processor.py:914} INFO - Processing file /home/user/.local/lib/python3.10/site-packages/airflow/example_dags/example_params_trigger_ui.py for tasks to queue
[2024-08-20T11:32:19.273+0700] {logging_mixin.py:190} INFO - [2024-08-20T11:32:19.273+0700] {dagbag.py:587} INFO - Filling up the DagBag from /home/user/.local/lib/python3.10/site-packages/airflow/example_dags/example_params_trigger_ui.py
[2024-08-20T11:32:19.284+0700] {processor.py:925} INFO - DAG(s) 'example_params_trigger_ui' retrieved from /home/user/.local/lib/python3.10/site-packages/airflow/example_dags/example_params_trigger_ui.py
[2024-08-20T11:32:19.331+0700] {logging_mixin.py:190} INFO - [2024-08-20T11:32:19.331+0700] {dag.py:3211} INFO - Sync 1 DAGs
[2024-08-20T11:32:19.350+0700] {logging_mixin.py:190} INFO - [2024-08-20T11:32:19.349+0700] {dag.py:4138} INFO - Setting next_dagrun for example_params_trigger_ui to None, run_after=None
[2024-08-20T11:32:19.373+0700] {processor.py:208} INFO - Processing /home/user/.local/lib/python3.10/site-packages/airflow/example_dags/example_params_trigger_ui.py took 0.107 seconds
[2024-08-20T11:33:14.425+0700] {processor.py:186} INFO - Started process (PID=38478) to work on /home/user/.local/lib/python3.10/site-packages/airflow/example_dags/example_params_trigger_ui.py
[2024-08-20T11:33:14.426+0700] {processor.py:914} INFO - Processing file /home/user/.local/lib/python3.10/site-packages/airflow/example_dags/example_params_trigger_ui.py for tasks to queue
[2024-08-20T11:33:14.429+0700] {logging_mixin.py:190} INFO - [2024-08-20T11:33:14.428+0700] {dagbag.py:587} INFO - Filling up the DagBag from /home/user/.local/lib/python3.10/site-packages/airflow/example_dags/example_params_trigger_ui.py
[2024-08-20T11:33:14.442+0700] {processor.py:925} INFO - DAG(s) 'example_params_trigger_ui' retrieved from /home/user/.local/lib/python3.10/site-packages/airflow/example_dags/example_params_trigger_ui.py
[2024-08-20T11:33:14.500+0700] {logging_mixin.py:190} INFO - [2024-08-20T11:33:14.499+0700] {dag.py:3211} INFO - Sync 1 DAGs
[2024-08-20T11:33:14.510+0700] {logging_mixin.py:190} INFO - [2024-08-20T11:33:14.509+0700] {dag.py:4138} INFO - Setting next_dagrun for example_params_trigger_ui to None, run_after=None
[2024-08-20T11:33:14.528+0700] {processor.py:208} INFO - Processing /home/user/.local/lib/python3.10/site-packages/airflow/example_dags/example_params_trigger_ui.py took 0.108 seconds
[2024-08-20T11:34:58.949+0700] {processor.py:186} INFO - Started process (PID=39303) to work on /home/user/.local/lib/python3.10/site-packages/airflow/example_dags/example_params_trigger_ui.py
[2024-08-20T11:34:58.950+0700] {processor.py:914} INFO - Processing file /home/user/.local/lib/python3.10/site-packages/airflow/example_dags/example_params_trigger_ui.py for tasks to queue
[2024-08-20T11:34:58.953+0700] {logging_mixin.py:190} INFO - [2024-08-20T11:34:58.952+0700] {dagbag.py:587} INFO - Filling up the DagBag from /home/user/.local/lib/python3.10/site-packages/airflow/example_dags/example_params_trigger_ui.py
[2024-08-20T11:34:58.961+0700] {processor.py:925} INFO - DAG(s) 'example_params_trigger_ui' retrieved from /home/user/.local/lib/python3.10/site-packages/airflow/example_dags/example_params_trigger_ui.py
[2024-08-20T11:34:58.998+0700] {logging_mixin.py:190} INFO - [2024-08-20T11:34:58.998+0700] {dag.py:3211} INFO - Sync 1 DAGs
[2024-08-20T11:34:59.009+0700] {logging_mixin.py:190} INFO - [2024-08-20T11:34:59.009+0700] {dag.py:4138} INFO - Setting next_dagrun for example_params_trigger_ui to None, run_after=None
[2024-08-20T11:34:59.030+0700] {processor.py:208} INFO - Processing /home/user/.local/lib/python3.10/site-packages/airflow/example_dags/example_params_trigger_ui.py took 0.086 seconds
[2024-08-20T11:35:53.358+0700] {processor.py:186} INFO - Started process (PID=39728) to work on /home/user/.local/lib/python3.10/site-packages/airflow/example_dags/example_params_trigger_ui.py
[2024-08-20T11:35:53.359+0700] {processor.py:914} INFO - Processing file /home/user/.local/lib/python3.10/site-packages/airflow/example_dags/example_params_trigger_ui.py for tasks to queue
[2024-08-20T11:35:53.361+0700] {logging_mixin.py:190} INFO - [2024-08-20T11:35:53.360+0700] {dagbag.py:587} INFO - Filling up the DagBag from /home/user/.local/lib/python3.10/site-packages/airflow/example_dags/example_params_trigger_ui.py
[2024-08-20T11:35:53.369+0700] {processor.py:925} INFO - DAG(s) 'example_params_trigger_ui' retrieved from /home/user/.local/lib/python3.10/site-packages/airflow/example_dags/example_params_trigger_ui.py
[2024-08-20T11:35:53.399+0700] {logging_mixin.py:190} INFO - [2024-08-20T11:35:53.399+0700] {dag.py:3211} INFO - Sync 1 DAGs
[2024-08-20T11:35:53.408+0700] {logging_mixin.py:190} INFO - [2024-08-20T11:35:53.408+0700] {dag.py:4138} INFO - Setting next_dagrun for example_params_trigger_ui to None, run_after=None
[2024-08-20T11:35:53.426+0700] {processor.py:208} INFO - Processing /home/user/.local/lib/python3.10/site-packages/airflow/example_dags/example_params_trigger_ui.py took 0.073 seconds
[2024-08-20T11:36:46.676+0700] {processor.py:186} INFO - Started process (PID=40151) to work on /home/user/.local/lib/python3.10/site-packages/airflow/example_dags/example_params_trigger_ui.py
[2024-08-20T11:36:46.678+0700] {processor.py:914} INFO - Processing file /home/user/.local/lib/python3.10/site-packages/airflow/example_dags/example_params_trigger_ui.py for tasks to queue
[2024-08-20T11:36:46.679+0700] {logging_mixin.py:190} INFO - [2024-08-20T11:36:46.679+0700] {dagbag.py:587} INFO - Filling up the DagBag from /home/user/.local/lib/python3.10/site-packages/airflow/example_dags/example_params_trigger_ui.py
[2024-08-20T11:36:46.688+0700] {processor.py:925} INFO - DAG(s) 'example_params_trigger_ui' retrieved from /home/user/.local/lib/python3.10/site-packages/airflow/example_dags/example_params_trigger_ui.py
[2024-08-20T11:36:46.715+0700] {logging_mixin.py:190} INFO - [2024-08-20T11:36:46.715+0700] {dag.py:3211} INFO - Sync 1 DAGs
[2024-08-20T11:36:46.723+0700] {logging_mixin.py:190} INFO - [2024-08-20T11:36:46.723+0700] {dag.py:4138} INFO - Setting next_dagrun for example_params_trigger_ui to None, run_after=None
[2024-08-20T11:36:46.739+0700] {processor.py:208} INFO - Processing /home/user/.local/lib/python3.10/site-packages/airflow/example_dags/example_params_trigger_ui.py took 0.067 seconds
[2024-08-20T11:38:02.032+0700] {processor.py:186} INFO - Started process (PID=40771) to work on /home/user/.local/lib/python3.10/site-packages/airflow/example_dags/example_params_trigger_ui.py
[2024-08-20T11:38:02.060+0700] {processor.py:914} INFO - Processing file /home/user/.local/lib/python3.10/site-packages/airflow/example_dags/example_params_trigger_ui.py for tasks to queue
[2024-08-20T11:38:02.062+0700] {logging_mixin.py:190} INFO - [2024-08-20T11:38:02.062+0700] {dagbag.py:587} INFO - Filling up the DagBag from /home/user/.local/lib/python3.10/site-packages/airflow/example_dags/example_params_trigger_ui.py
[2024-08-20T11:38:02.073+0700] {processor.py:925} INFO - DAG(s) 'example_params_trigger_ui' retrieved from /home/user/.local/lib/python3.10/site-packages/airflow/example_dags/example_params_trigger_ui.py
[2024-08-20T11:38:02.104+0700] {logging_mixin.py:190} INFO - [2024-08-20T11:38:02.104+0700] {dag.py:3211} INFO - Sync 1 DAGs
[2024-08-20T11:38:02.112+0700] {logging_mixin.py:190} INFO - [2024-08-20T11:38:02.112+0700] {dag.py:4138} INFO - Setting next_dagrun for example_params_trigger_ui to None, run_after=None
[2024-08-20T11:38:02.130+0700] {processor.py:208} INFO - Processing /home/user/.local/lib/python3.10/site-packages/airflow/example_dags/example_params_trigger_ui.py took 0.103 seconds
[2024-08-20T11:39:19.885+0700] {processor.py:186} INFO - Started process (PID=41394) to work on /home/user/.local/lib/python3.10/site-packages/airflow/example_dags/example_params_trigger_ui.py
[2024-08-20T11:39:19.892+0700] {processor.py:914} INFO - Processing file /home/user/.local/lib/python3.10/site-packages/airflow/example_dags/example_params_trigger_ui.py for tasks to queue
[2024-08-20T11:39:19.895+0700] {logging_mixin.py:190} INFO - [2024-08-20T11:39:19.895+0700] {dagbag.py:587} INFO - Filling up the DagBag from /home/user/.local/lib/python3.10/site-packages/airflow/example_dags/example_params_trigger_ui.py
[2024-08-20T11:39:19.906+0700] {processor.py:925} INFO - DAG(s) 'example_params_trigger_ui' retrieved from /home/user/.local/lib/python3.10/site-packages/airflow/example_dags/example_params_trigger_ui.py
[2024-08-20T11:39:19.941+0700] {logging_mixin.py:190} INFO - [2024-08-20T11:39:19.941+0700] {dag.py:3211} INFO - Sync 1 DAGs
[2024-08-20T11:39:19.950+0700] {logging_mixin.py:190} INFO - [2024-08-20T11:39:19.950+0700] {dag.py:4138} INFO - Setting next_dagrun for example_params_trigger_ui to None, run_after=None
[2024-08-20T11:39:19.976+0700] {processor.py:208} INFO - Processing /home/user/.local/lib/python3.10/site-packages/airflow/example_dags/example_params_trigger_ui.py took 0.096 seconds
[2024-08-20T11:40:12.862+0700] {processor.py:186} INFO - Started process (PID=41820) to work on /home/user/.local/lib/python3.10/site-packages/airflow/example_dags/example_params_trigger_ui.py
[2024-08-20T11:40:12.864+0700] {processor.py:914} INFO - Processing file /home/user/.local/lib/python3.10/site-packages/airflow/example_dags/example_params_trigger_ui.py for tasks to queue
[2024-08-20T11:40:12.866+0700] {logging_mixin.py:190} INFO - [2024-08-20T11:40:12.865+0700] {dagbag.py:587} INFO - Filling up the DagBag from /home/user/.local/lib/python3.10/site-packages/airflow/example_dags/example_params_trigger_ui.py
[2024-08-20T11:40:12.876+0700] {processor.py:925} INFO - DAG(s) 'example_params_trigger_ui' retrieved from /home/user/.local/lib/python3.10/site-packages/airflow/example_dags/example_params_trigger_ui.py
[2024-08-20T11:40:12.908+0700] {logging_mixin.py:190} INFO - [2024-08-20T11:40:12.908+0700] {dag.py:3211} INFO - Sync 1 DAGs
[2024-08-20T11:40:12.919+0700] {logging_mixin.py:190} INFO - [2024-08-20T11:40:12.919+0700] {dag.py:4138} INFO - Setting next_dagrun for example_params_trigger_ui to None, run_after=None
[2024-08-20T11:40:12.936+0700] {processor.py:208} INFO - Processing /home/user/.local/lib/python3.10/site-packages/airflow/example_dags/example_params_trigger_ui.py took 0.080 seconds
[2024-08-20T11:41:25.214+0700] {processor.py:186} INFO - Started process (PID=42408) to work on /home/user/.local/lib/python3.10/site-packages/airflow/example_dags/example_params_trigger_ui.py
[2024-08-20T11:41:25.215+0700] {processor.py:914} INFO - Processing file /home/user/.local/lib/python3.10/site-packages/airflow/example_dags/example_params_trigger_ui.py for tasks to queue
[2024-08-20T11:41:25.217+0700] {logging_mixin.py:190} INFO - [2024-08-20T11:41:25.217+0700] {dagbag.py:587} INFO - Filling up the DagBag from /home/user/.local/lib/python3.10/site-packages/airflow/example_dags/example_params_trigger_ui.py
[2024-08-20T11:41:25.226+0700] {processor.py:925} INFO - DAG(s) 'example_params_trigger_ui' retrieved from /home/user/.local/lib/python3.10/site-packages/airflow/example_dags/example_params_trigger_ui.py
[2024-08-20T11:41:25.253+0700] {logging_mixin.py:190} INFO - [2024-08-20T11:41:25.253+0700] {dag.py:3211} INFO - Sync 1 DAGs
[2024-08-20T11:41:25.262+0700] {logging_mixin.py:190} INFO - [2024-08-20T11:41:25.262+0700] {dag.py:4138} INFO - Setting next_dagrun for example_params_trigger_ui to None, run_after=None
[2024-08-20T11:41:25.283+0700] {processor.py:208} INFO - Processing /home/user/.local/lib/python3.10/site-packages/airflow/example_dags/example_params_trigger_ui.py took 0.073 seconds
[2024-08-20T11:42:19.429+0700] {processor.py:186} INFO - Started process (PID=42837) to work on /home/user/.local/lib/python3.10/site-packages/airflow/example_dags/example_params_trigger_ui.py
[2024-08-20T11:42:19.431+0700] {processor.py:914} INFO - Processing file /home/user/.local/lib/python3.10/site-packages/airflow/example_dags/example_params_trigger_ui.py for tasks to queue
[2024-08-20T11:42:19.435+0700] {logging_mixin.py:190} INFO - [2024-08-20T11:42:19.434+0700] {dagbag.py:587} INFO - Filling up the DagBag from /home/user/.local/lib/python3.10/site-packages/airflow/example_dags/example_params_trigger_ui.py
[2024-08-20T11:42:19.451+0700] {processor.py:925} INFO - DAG(s) 'example_params_trigger_ui' retrieved from /home/user/.local/lib/python3.10/site-packages/airflow/example_dags/example_params_trigger_ui.py
[2024-08-20T11:42:19.492+0700] {logging_mixin.py:190} INFO - [2024-08-20T11:42:19.491+0700] {dag.py:3211} INFO - Sync 1 DAGs
[2024-08-20T11:42:19.503+0700] {logging_mixin.py:190} INFO - [2024-08-20T11:42:19.503+0700] {dag.py:4138} INFO - Setting next_dagrun for example_params_trigger_ui to None, run_after=None
[2024-08-20T11:42:19.525+0700] {processor.py:208} INFO - Processing /home/user/.local/lib/python3.10/site-packages/airflow/example_dags/example_params_trigger_ui.py took 0.103 seconds
[2024-08-20T11:43:34.969+0700] {processor.py:186} INFO - Started process (PID=43437) to work on /home/user/.local/lib/python3.10/site-packages/airflow/example_dags/example_params_trigger_ui.py
[2024-08-20T11:43:34.971+0700] {processor.py:914} INFO - Processing file /home/user/.local/lib/python3.10/site-packages/airflow/example_dags/example_params_trigger_ui.py for tasks to queue
[2024-08-20T11:43:34.973+0700] {logging_mixin.py:190} INFO - [2024-08-20T11:43:34.973+0700] {dagbag.py:587} INFO - Filling up the DagBag from /home/user/.local/lib/python3.10/site-packages/airflow/example_dags/example_params_trigger_ui.py
[2024-08-20T11:43:34.982+0700] {processor.py:925} INFO - DAG(s) 'example_params_trigger_ui' retrieved from /home/user/.local/lib/python3.10/site-packages/airflow/example_dags/example_params_trigger_ui.py
[2024-08-20T11:43:35.013+0700] {logging_mixin.py:190} INFO - [2024-08-20T11:43:35.013+0700] {dag.py:3211} INFO - Sync 1 DAGs
[2024-08-20T11:43:35.024+0700] {logging_mixin.py:190} INFO - [2024-08-20T11:43:35.024+0700] {dag.py:4138} INFO - Setting next_dagrun for example_params_trigger_ui to None, run_after=None
[2024-08-20T11:43:35.042+0700] {processor.py:208} INFO - Processing /home/user/.local/lib/python3.10/site-packages/airflow/example_dags/example_params_trigger_ui.py took 0.078 seconds
[2024-08-20T11:44:48.169+0700] {processor.py:186} INFO - Started process (PID=44017) to work on /home/user/.local/lib/python3.10/site-packages/airflow/example_dags/example_params_trigger_ui.py
[2024-08-20T11:44:48.171+0700] {processor.py:914} INFO - Processing file /home/user/.local/lib/python3.10/site-packages/airflow/example_dags/example_params_trigger_ui.py for tasks to queue
[2024-08-20T11:44:48.173+0700] {logging_mixin.py:190} INFO - [2024-08-20T11:44:48.173+0700] {dagbag.py:587} INFO - Filling up the DagBag from /home/user/.local/lib/python3.10/site-packages/airflow/example_dags/example_params_trigger_ui.py
[2024-08-20T11:44:48.181+0700] {processor.py:925} INFO - DAG(s) 'example_params_trigger_ui' retrieved from /home/user/.local/lib/python3.10/site-packages/airflow/example_dags/example_params_trigger_ui.py
[2024-08-20T11:44:48.209+0700] {logging_mixin.py:190} INFO - [2024-08-20T11:44:48.209+0700] {dag.py:3211} INFO - Sync 1 DAGs
[2024-08-20T11:44:48.217+0700] {logging_mixin.py:190} INFO - [2024-08-20T11:44:48.217+0700] {dag.py:4138} INFO - Setting next_dagrun for example_params_trigger_ui to None, run_after=None
[2024-08-20T11:44:48.234+0700] {processor.py:208} INFO - Processing /home/user/.local/lib/python3.10/site-packages/airflow/example_dags/example_params_trigger_ui.py took 0.071 seconds
[2024-08-20T11:45:38.495+0700] {processor.py:186} INFO - Started process (PID=44413) to work on /home/user/.local/lib/python3.10/site-packages/airflow/example_dags/example_params_trigger_ui.py
[2024-08-20T11:45:38.497+0700] {processor.py:914} INFO - Processing file /home/user/.local/lib/python3.10/site-packages/airflow/example_dags/example_params_trigger_ui.py for tasks to queue
[2024-08-20T11:45:38.500+0700] {logging_mixin.py:190} INFO - [2024-08-20T11:45:38.499+0700] {dagbag.py:587} INFO - Filling up the DagBag from /home/user/.local/lib/python3.10/site-packages/airflow/example_dags/example_params_trigger_ui.py
[2024-08-20T11:45:38.516+0700] {processor.py:925} INFO - DAG(s) 'example_params_trigger_ui' retrieved from /home/user/.local/lib/python3.10/site-packages/airflow/example_dags/example_params_trigger_ui.py
[2024-08-20T11:45:38.568+0700] {logging_mixin.py:190} INFO - [2024-08-20T11:45:38.568+0700] {dag.py:3211} INFO - Sync 1 DAGs
[2024-08-20T11:45:38.586+0700] {logging_mixin.py:190} INFO - [2024-08-20T11:45:38.585+0700] {dag.py:4138} INFO - Setting next_dagrun for example_params_trigger_ui to None, run_after=None
[2024-08-20T11:45:38.611+0700] {processor.py:208} INFO - Processing /home/user/.local/lib/python3.10/site-packages/airflow/example_dags/example_params_trigger_ui.py took 0.126 seconds
