[2024-08-20T11:27:51.903+0700] {processor.py:186} INFO - Started process (PID=35588) to work on /home/user/.local/lib/python3.10/site-packages/airflow/example_dags/example_bash_decorator.py
[2024-08-20T11:27:51.904+0700] {processor.py:914} INFO - Processing file /home/user/.local/lib/python3.10/site-packages/airflow/example_dags/example_bash_decorator.py for tasks to queue
[2024-08-20T11:27:51.906+0700] {logging_mixin.py:190} INFO - [2024-08-20T11:27:51.905+0700] {dagbag.py:587} INFO - Filling up the DagBag from /home/user/.local/lib/python3.10/site-packages/airflow/example_dags/example_bash_decorator.py
[2024-08-20T11:27:51.924+0700] {processor.py:925} INFO - DAG(s) 'example_bash_decorator' retrieved from /home/user/.local/lib/python3.10/site-packages/airflow/example_dags/example_bash_decorator.py
[2024-08-20T11:27:51.999+0700] {logging_mixin.py:190} INFO - [2024-08-20T11:27:51.998+0700] {override.py:1858} INFO - Created Permission View: can read on DAG:example_bash_decorator
[2024-08-20T11:27:52.009+0700] {logging_mixin.py:190} INFO - [2024-08-20T11:27:52.008+0700] {override.py:1858} INFO - Created Permission View: can delete on DAG:example_bash_decorator
[2024-08-20T11:27:52.019+0700] {logging_mixin.py:190} INFO - [2024-08-20T11:27:52.019+0700] {override.py:1858} INFO - Created Permission View: can edit on DAG:example_bash_decorator
[2024-08-20T11:27:52.019+0700] {logging_mixin.py:190} INFO - [2024-08-20T11:27:52.019+0700] {dag.py:3211} INFO - Sync 1 DAGs
[2024-08-20T11:27:52.027+0700] {logging_mixin.py:190} INFO - [2024-08-20T11:27:52.027+0700] {dag.py:3234} INFO - Creating ORM DAG for example_bash_decorator
[2024-08-20T11:27:52.028+0700] {logging_mixin.py:190} INFO - [2024-08-20T11:27:52.028+0700] {dag.py:4138} INFO - Setting next_dagrun for example_bash_decorator to None, run_after=None
[2024-08-20T11:27:52.043+0700] {processor.py:208} INFO - Processing /home/user/.local/lib/python3.10/site-packages/airflow/example_dags/example_bash_decorator.py took 0.144 seconds
[2024-08-20T11:28:52.403+0700] {processor.py:186} INFO - Started process (PID=36063) to work on /home/user/.local/lib/python3.10/site-packages/airflow/example_dags/example_bash_decorator.py
[2024-08-20T11:28:52.405+0700] {processor.py:914} INFO - Processing file /home/user/.local/lib/python3.10/site-packages/airflow/example_dags/example_bash_decorator.py for tasks to queue
[2024-08-20T11:28:52.407+0700] {logging_mixin.py:190} INFO - [2024-08-20T11:28:52.407+0700] {dagbag.py:587} INFO - Filling up the DagBag from /home/user/.local/lib/python3.10/site-packages/airflow/example_dags/example_bash_decorator.py
[2024-08-20T11:28:52.420+0700] {processor.py:925} INFO - DAG(s) 'example_bash_decorator' retrieved from /home/user/.local/lib/python3.10/site-packages/airflow/example_dags/example_bash_decorator.py
[2024-08-20T11:28:52.438+0700] {logging_mixin.py:190} INFO - [2024-08-20T11:28:52.438+0700] {dag.py:3211} INFO - Sync 1 DAGs
[2024-08-20T11:28:52.447+0700] {logging_mixin.py:190} INFO - [2024-08-20T11:28:52.447+0700] {dag.py:4138} INFO - Setting next_dagrun for example_bash_decorator to None, run_after=None
[2024-08-20T11:28:52.466+0700] {processor.py:208} INFO - Processing /home/user/.local/lib/python3.10/site-packages/airflow/example_dags/example_bash_decorator.py took 0.069 seconds
[2024-08-20T11:29:47.613+0700] {processor.py:186} INFO - Started process (PID=36499) to work on /home/user/.local/lib/python3.10/site-packages/airflow/example_dags/example_bash_decorator.py
[2024-08-20T11:29:47.615+0700] {processor.py:914} INFO - Processing file /home/user/.local/lib/python3.10/site-packages/airflow/example_dags/example_bash_decorator.py for tasks to queue
[2024-08-20T11:29:47.617+0700] {logging_mixin.py:190} INFO - [2024-08-20T11:29:47.617+0700] {dagbag.py:587} INFO - Filling up the DagBag from /home/user/.local/lib/python3.10/site-packages/airflow/example_dags/example_bash_decorator.py
[2024-08-20T11:29:47.632+0700] {processor.py:925} INFO - DAG(s) 'example_bash_decorator' retrieved from /home/user/.local/lib/python3.10/site-packages/airflow/example_dags/example_bash_decorator.py
[2024-08-20T11:29:47.649+0700] {logging_mixin.py:190} INFO - [2024-08-20T11:29:47.648+0700] {dag.py:3211} INFO - Sync 1 DAGs
[2024-08-20T11:29:47.657+0700] {logging_mixin.py:190} INFO - [2024-08-20T11:29:47.657+0700] {dag.py:4138} INFO - Setting next_dagrun for example_bash_decorator to None, run_after=None
[2024-08-20T11:29:47.674+0700] {processor.py:208} INFO - Processing /home/user/.local/lib/python3.10/site-packages/airflow/example_dags/example_bash_decorator.py took 0.066 seconds
[2024-08-20T11:31:17.036+0700] {processor.py:186} INFO - Started process (PID=37264) to work on /home/user/.local/lib/python3.10/site-packages/airflow/example_dags/example_bash_decorator.py
[2024-08-20T11:31:17.037+0700] {processor.py:914} INFO - Processing file /home/user/.local/lib/python3.10/site-packages/airflow/example_dags/example_bash_decorator.py for tasks to queue
[2024-08-20T11:31:17.039+0700] {logging_mixin.py:190} INFO - [2024-08-20T11:31:17.038+0700] {dagbag.py:587} INFO - Filling up the DagBag from /home/user/.local/lib/python3.10/site-packages/airflow/example_dags/example_bash_decorator.py
[2024-08-20T11:31:17.076+0700] {processor.py:925} INFO - DAG(s) 'example_bash_decorator' retrieved from /home/user/.local/lib/python3.10/site-packages/airflow/example_dags/example_bash_decorator.py
[2024-08-20T11:31:17.221+0700] {logging_mixin.py:190} INFO - [2024-08-20T11:31:17.221+0700] {dag.py:3211} INFO - Sync 1 DAGs
[2024-08-20T11:31:17.231+0700] {logging_mixin.py:190} INFO - [2024-08-20T11:31:17.231+0700] {dag.py:4138} INFO - Setting next_dagrun for example_bash_decorator to None, run_after=None
[2024-08-20T11:31:17.255+0700] {processor.py:208} INFO - Processing /home/user/.local/lib/python3.10/site-packages/airflow/example_dags/example_bash_decorator.py took 0.224 seconds
[2024-08-20T11:32:14.131+0700] {processor.py:186} INFO - Started process (PID=38003) to work on /home/user/.local/lib/python3.10/site-packages/airflow/example_dags/example_bash_decorator.py
[2024-08-20T11:32:14.132+0700] {processor.py:914} INFO - Processing file /home/user/.local/lib/python3.10/site-packages/airflow/example_dags/example_bash_decorator.py for tasks to queue
[2024-08-20T11:32:14.135+0700] {logging_mixin.py:190} INFO - [2024-08-20T11:32:14.134+0700] {dagbag.py:587} INFO - Filling up the DagBag from /home/user/.local/lib/python3.10/site-packages/airflow/example_dags/example_bash_decorator.py
[2024-08-20T11:32:14.173+0700] {processor.py:925} INFO - DAG(s) 'example_bash_decorator' retrieved from /home/user/.local/lib/python3.10/site-packages/airflow/example_dags/example_bash_decorator.py
[2024-08-20T11:32:14.191+0700] {logging_mixin.py:190} INFO - [2024-08-20T11:32:14.191+0700] {dag.py:3211} INFO - Sync 1 DAGs
[2024-08-20T11:32:14.202+0700] {logging_mixin.py:190} INFO - [2024-08-20T11:32:14.201+0700] {dag.py:4138} INFO - Setting next_dagrun for example_bash_decorator to None, run_after=None
[2024-08-20T11:32:14.230+0700] {processor.py:208} INFO - Processing /home/user/.local/lib/python3.10/site-packages/airflow/example_dags/example_bash_decorator.py took 0.109 seconds
[2024-08-20T11:33:09.596+0700] {processor.py:186} INFO - Started process (PID=38443) to work on /home/user/.local/lib/python3.10/site-packages/airflow/example_dags/example_bash_decorator.py
[2024-08-20T11:33:09.598+0700] {processor.py:914} INFO - Processing file /home/user/.local/lib/python3.10/site-packages/airflow/example_dags/example_bash_decorator.py for tasks to queue
[2024-08-20T11:33:09.600+0700] {logging_mixin.py:190} INFO - [2024-08-20T11:33:09.599+0700] {dagbag.py:587} INFO - Filling up the DagBag from /home/user/.local/lib/python3.10/site-packages/airflow/example_dags/example_bash_decorator.py
[2024-08-20T11:33:09.616+0700] {processor.py:925} INFO - DAG(s) 'example_bash_decorator' retrieved from /home/user/.local/lib/python3.10/site-packages/airflow/example_dags/example_bash_decorator.py
[2024-08-20T11:33:09.631+0700] {logging_mixin.py:190} INFO - [2024-08-20T11:33:09.631+0700] {dag.py:3211} INFO - Sync 1 DAGs
[2024-08-20T11:33:09.640+0700] {logging_mixin.py:190} INFO - [2024-08-20T11:33:09.640+0700] {dag.py:4138} INFO - Setting next_dagrun for example_bash_decorator to None, run_after=None
[2024-08-20T11:33:09.659+0700] {processor.py:208} INFO - Processing /home/user/.local/lib/python3.10/site-packages/airflow/example_dags/example_bash_decorator.py took 0.068 seconds
[2024-08-20T11:34:04.177+0700] {processor.py:186} INFO - Started process (PID=38872) to work on /home/user/.local/lib/python3.10/site-packages/airflow/example_dags/example_bash_decorator.py
[2024-08-20T11:34:04.178+0700] {processor.py:914} INFO - Processing file /home/user/.local/lib/python3.10/site-packages/airflow/example_dags/example_bash_decorator.py for tasks to queue
[2024-08-20T11:34:04.180+0700] {logging_mixin.py:190} INFO - [2024-08-20T11:34:04.179+0700] {dagbag.py:587} INFO - Filling up the DagBag from /home/user/.local/lib/python3.10/site-packages/airflow/example_dags/example_bash_decorator.py
[2024-08-20T11:34:04.192+0700] {processor.py:925} INFO - DAG(s) 'example_bash_decorator' retrieved from /home/user/.local/lib/python3.10/site-packages/airflow/example_dags/example_bash_decorator.py
[2024-08-20T11:34:04.207+0700] {logging_mixin.py:190} INFO - [2024-08-20T11:34:04.207+0700] {dag.py:3211} INFO - Sync 1 DAGs
[2024-08-20T11:34:04.218+0700] {logging_mixin.py:190} INFO - [2024-08-20T11:34:04.218+0700] {dag.py:4138} INFO - Setting next_dagrun for example_bash_decorator to None, run_after=None
[2024-08-20T11:34:04.236+0700] {processor.py:208} INFO - Processing /home/user/.local/lib/python3.10/site-packages/airflow/example_dags/example_bash_decorator.py took 0.064 seconds
[2024-08-20T11:34:54.134+0700] {processor.py:186} INFO - Started process (PID=39261) to work on /home/user/.local/lib/python3.10/site-packages/airflow/example_dags/example_bash_decorator.py
[2024-08-20T11:34:54.135+0700] {processor.py:914} INFO - Processing file /home/user/.local/lib/python3.10/site-packages/airflow/example_dags/example_bash_decorator.py for tasks to queue
[2024-08-20T11:34:54.137+0700] {logging_mixin.py:190} INFO - [2024-08-20T11:34:54.136+0700] {dagbag.py:587} INFO - Filling up the DagBag from /home/user/.local/lib/python3.10/site-packages/airflow/example_dags/example_bash_decorator.py
[2024-08-20T11:34:54.147+0700] {processor.py:925} INFO - DAG(s) 'example_bash_decorator' retrieved from /home/user/.local/lib/python3.10/site-packages/airflow/example_dags/example_bash_decorator.py
[2024-08-20T11:34:54.250+0700] {logging_mixin.py:190} INFO - [2024-08-20T11:34:54.249+0700] {dag.py:3211} INFO - Sync 1 DAGs
[2024-08-20T11:34:54.271+0700] {logging_mixin.py:190} INFO - [2024-08-20T11:34:54.270+0700] {dag.py:4138} INFO - Setting next_dagrun for example_bash_decorator to None, run_after=None
[2024-08-20T11:34:54.303+0700] {processor.py:208} INFO - Processing /home/user/.local/lib/python3.10/site-packages/airflow/example_dags/example_bash_decorator.py took 0.174 seconds
[2024-08-20T11:35:48.211+0700] {processor.py:186} INFO - Started process (PID=39691) to work on /home/user/.local/lib/python3.10/site-packages/airflow/example_dags/example_bash_decorator.py
[2024-08-20T11:35:48.213+0700] {processor.py:914} INFO - Processing file /home/user/.local/lib/python3.10/site-packages/airflow/example_dags/example_bash_decorator.py for tasks to queue
[2024-08-20T11:35:48.215+0700] {logging_mixin.py:190} INFO - [2024-08-20T11:35:48.215+0700] {dagbag.py:587} INFO - Filling up the DagBag from /home/user/.local/lib/python3.10/site-packages/airflow/example_dags/example_bash_decorator.py
[2024-08-20T11:35:48.228+0700] {processor.py:925} INFO - DAG(s) 'example_bash_decorator' retrieved from /home/user/.local/lib/python3.10/site-packages/airflow/example_dags/example_bash_decorator.py
[2024-08-20T11:35:48.242+0700] {logging_mixin.py:190} INFO - [2024-08-20T11:35:48.242+0700] {dag.py:3211} INFO - Sync 1 DAGs
[2024-08-20T11:35:48.250+0700] {logging_mixin.py:190} INFO - [2024-08-20T11:35:48.250+0700] {dag.py:4138} INFO - Setting next_dagrun for example_bash_decorator to None, run_after=None
[2024-08-20T11:35:48.270+0700] {processor.py:208} INFO - Processing /home/user/.local/lib/python3.10/site-packages/airflow/example_dags/example_bash_decorator.py took 0.063 seconds
[2024-08-20T11:36:42.436+0700] {processor.py:186} INFO - Started process (PID=40117) to work on /home/user/.local/lib/python3.10/site-packages/airflow/example_dags/example_bash_decorator.py
[2024-08-20T11:36:42.438+0700] {processor.py:914} INFO - Processing file /home/user/.local/lib/python3.10/site-packages/airflow/example_dags/example_bash_decorator.py for tasks to queue
[2024-08-20T11:36:42.440+0700] {logging_mixin.py:190} INFO - [2024-08-20T11:36:42.439+0700] {dagbag.py:587} INFO - Filling up the DagBag from /home/user/.local/lib/python3.10/site-packages/airflow/example_dags/example_bash_decorator.py
[2024-08-20T11:36:42.456+0700] {processor.py:925} INFO - DAG(s) 'example_bash_decorator' retrieved from /home/user/.local/lib/python3.10/site-packages/airflow/example_dags/example_bash_decorator.py
[2024-08-20T11:36:42.476+0700] {logging_mixin.py:190} INFO - [2024-08-20T11:36:42.475+0700] {dag.py:3211} INFO - Sync 1 DAGs
[2024-08-20T11:36:42.488+0700] {logging_mixin.py:190} INFO - [2024-08-20T11:36:42.488+0700] {dag.py:4138} INFO - Setting next_dagrun for example_bash_decorator to None, run_after=None
[2024-08-20T11:36:42.507+0700] {processor.py:208} INFO - Processing /home/user/.local/lib/python3.10/site-packages/airflow/example_dags/example_bash_decorator.py took 0.076 seconds
[2024-08-20T11:37:31.750+0700] {processor.py:186} INFO - Started process (PID=40507) to work on /home/user/.local/lib/python3.10/site-packages/airflow/example_dags/example_bash_decorator.py
[2024-08-20T11:37:31.751+0700] {processor.py:914} INFO - Processing file /home/user/.local/lib/python3.10/site-packages/airflow/example_dags/example_bash_decorator.py for tasks to queue
[2024-08-20T11:37:31.753+0700] {logging_mixin.py:190} INFO - [2024-08-20T11:37:31.753+0700] {dagbag.py:587} INFO - Filling up the DagBag from /home/user/.local/lib/python3.10/site-packages/airflow/example_dags/example_bash_decorator.py
[2024-08-20T11:37:31.767+0700] {processor.py:925} INFO - DAG(s) 'example_bash_decorator' retrieved from /home/user/.local/lib/python3.10/site-packages/airflow/example_dags/example_bash_decorator.py
[2024-08-20T11:37:31.784+0700] {logging_mixin.py:190} INFO - [2024-08-20T11:37:31.784+0700] {dag.py:3211} INFO - Sync 1 DAGs
[2024-08-20T11:37:31.793+0700] {logging_mixin.py:190} INFO - [2024-08-20T11:37:31.793+0700] {dag.py:4138} INFO - Setting next_dagrun for example_bash_decorator to None, run_after=None
[2024-08-20T11:37:31.831+0700] {processor.py:208} INFO - Processing /home/user/.local/lib/python3.10/site-packages/airflow/example_dags/example_bash_decorator.py took 0.086 seconds
[2024-08-20T11:38:22.499+0700] {processor.py:186} INFO - Started process (PID=40932) to work on /home/user/.local/lib/python3.10/site-packages/airflow/example_dags/example_bash_decorator.py
[2024-08-20T11:38:22.505+0700] {processor.py:914} INFO - Processing file /home/user/.local/lib/python3.10/site-packages/airflow/example_dags/example_bash_decorator.py for tasks to queue
[2024-08-20T11:38:22.507+0700] {logging_mixin.py:190} INFO - [2024-08-20T11:38:22.506+0700] {dagbag.py:587} INFO - Filling up the DagBag from /home/user/.local/lib/python3.10/site-packages/airflow/example_dags/example_bash_decorator.py
[2024-08-20T11:38:22.518+0700] {processor.py:925} INFO - DAG(s) 'example_bash_decorator' retrieved from /home/user/.local/lib/python3.10/site-packages/airflow/example_dags/example_bash_decorator.py
[2024-08-20T11:38:22.531+0700] {logging_mixin.py:190} INFO - [2024-08-20T11:38:22.531+0700] {dag.py:3211} INFO - Sync 1 DAGs
[2024-08-20T11:38:22.539+0700] {logging_mixin.py:190} INFO - [2024-08-20T11:38:22.539+0700] {dag.py:4138} INFO - Setting next_dagrun for example_bash_decorator to None, run_after=None
[2024-08-20T11:38:22.556+0700] {processor.py:208} INFO - Processing /home/user/.local/lib/python3.10/site-packages/airflow/example_dags/example_bash_decorator.py took 0.061 seconds
[2024-08-20T11:39:16.951+0700] {processor.py:186} INFO - Started process (PID=41368) to work on /home/user/.local/lib/python3.10/site-packages/airflow/example_dags/example_bash_decorator.py
[2024-08-20T11:39:16.953+0700] {processor.py:914} INFO - Processing file /home/user/.local/lib/python3.10/site-packages/airflow/example_dags/example_bash_decorator.py for tasks to queue
[2024-08-20T11:39:16.954+0700] {logging_mixin.py:190} INFO - [2024-08-20T11:39:16.954+0700] {dagbag.py:587} INFO - Filling up the DagBag from /home/user/.local/lib/python3.10/site-packages/airflow/example_dags/example_bash_decorator.py
[2024-08-20T11:39:16.972+0700] {processor.py:925} INFO - DAG(s) 'example_bash_decorator' retrieved from /home/user/.local/lib/python3.10/site-packages/airflow/example_dags/example_bash_decorator.py
[2024-08-20T11:39:16.985+0700] {logging_mixin.py:190} INFO - [2024-08-20T11:39:16.985+0700] {dag.py:3211} INFO - Sync 1 DAGs
[2024-08-20T11:39:16.996+0700] {logging_mixin.py:190} INFO - [2024-08-20T11:39:16.996+0700] {dag.py:4138} INFO - Setting next_dagrun for example_bash_decorator to None, run_after=None
[2024-08-20T11:39:17.023+0700] {processor.py:208} INFO - Processing /home/user/.local/lib/python3.10/site-packages/airflow/example_dags/example_bash_decorator.py took 0.077 seconds
[2024-08-20T11:40:09.453+0700] {processor.py:186} INFO - Started process (PID=41792) to work on /home/user/.local/lib/python3.10/site-packages/airflow/example_dags/example_bash_decorator.py
[2024-08-20T11:40:09.455+0700] {processor.py:914} INFO - Processing file /home/user/.local/lib/python3.10/site-packages/airflow/example_dags/example_bash_decorator.py for tasks to queue
[2024-08-20T11:40:09.457+0700] {logging_mixin.py:190} INFO - [2024-08-20T11:40:09.457+0700] {dagbag.py:587} INFO - Filling up the DagBag from /home/user/.local/lib/python3.10/site-packages/airflow/example_dags/example_bash_decorator.py
[2024-08-20T11:40:09.472+0700] {processor.py:925} INFO - DAG(s) 'example_bash_decorator' retrieved from /home/user/.local/lib/python3.10/site-packages/airflow/example_dags/example_bash_decorator.py
[2024-08-20T11:40:09.487+0700] {logging_mixin.py:190} INFO - [2024-08-20T11:40:09.487+0700] {dag.py:3211} INFO - Sync 1 DAGs
[2024-08-20T11:40:09.502+0700] {logging_mixin.py:190} INFO - [2024-08-20T11:40:09.501+0700] {dag.py:4138} INFO - Setting next_dagrun for example_bash_decorator to None, run_after=None
[2024-08-20T11:40:09.528+0700] {processor.py:208} INFO - Processing /home/user/.local/lib/python3.10/site-packages/airflow/example_dags/example_bash_decorator.py took 0.079 seconds
[2024-08-20T11:41:21.805+0700] {processor.py:186} INFO - Started process (PID=42380) to work on /home/user/.local/lib/python3.10/site-packages/airflow/example_dags/example_bash_decorator.py
[2024-08-20T11:41:21.806+0700] {processor.py:914} INFO - Processing file /home/user/.local/lib/python3.10/site-packages/airflow/example_dags/example_bash_decorator.py for tasks to queue
[2024-08-20T11:41:21.808+0700] {logging_mixin.py:190} INFO - [2024-08-20T11:41:21.808+0700] {dagbag.py:587} INFO - Filling up the DagBag from /home/user/.local/lib/python3.10/site-packages/airflow/example_dags/example_bash_decorator.py
[2024-08-20T11:41:21.821+0700] {processor.py:925} INFO - DAG(s) 'example_bash_decorator' retrieved from /home/user/.local/lib/python3.10/site-packages/airflow/example_dags/example_bash_decorator.py
[2024-08-20T11:41:21.835+0700] {logging_mixin.py:190} INFO - [2024-08-20T11:41:21.835+0700] {dag.py:3211} INFO - Sync 1 DAGs
[2024-08-20T11:41:21.843+0700] {logging_mixin.py:190} INFO - [2024-08-20T11:41:21.843+0700] {dag.py:4138} INFO - Setting next_dagrun for example_bash_decorator to None, run_after=None
[2024-08-20T11:41:21.859+0700] {processor.py:208} INFO - Processing /home/user/.local/lib/python3.10/site-packages/airflow/example_dags/example_bash_decorator.py took 0.058 seconds
[2024-08-20T11:42:16.890+0700] {processor.py:186} INFO - Started process (PID=42818) to work on /home/user/.local/lib/python3.10/site-packages/airflow/example_dags/example_bash_decorator.py
[2024-08-20T11:42:16.892+0700] {processor.py:914} INFO - Processing file /home/user/.local/lib/python3.10/site-packages/airflow/example_dags/example_bash_decorator.py for tasks to queue
[2024-08-20T11:42:16.894+0700] {logging_mixin.py:190} INFO - [2024-08-20T11:42:16.894+0700] {dagbag.py:587} INFO - Filling up the DagBag from /home/user/.local/lib/python3.10/site-packages/airflow/example_dags/example_bash_decorator.py
[2024-08-20T11:42:16.911+0700] {processor.py:925} INFO - DAG(s) 'example_bash_decorator' retrieved from /home/user/.local/lib/python3.10/site-packages/airflow/example_dags/example_bash_decorator.py
[2024-08-20T11:42:16.930+0700] {logging_mixin.py:190} INFO - [2024-08-20T11:42:16.929+0700] {dag.py:3211} INFO - Sync 1 DAGs
[2024-08-20T11:42:16.940+0700] {logging_mixin.py:190} INFO - [2024-08-20T11:42:16.940+0700] {dag.py:4138} INFO - Setting next_dagrun for example_bash_decorator to None, run_after=None
[2024-08-20T11:42:16.957+0700] {processor.py:208} INFO - Processing /home/user/.local/lib/python3.10/site-packages/airflow/example_dags/example_bash_decorator.py took 0.071 seconds
[2024-08-20T11:43:08.556+0700] {processor.py:186} INFO - Started process (PID=43225) to work on /home/user/.local/lib/python3.10/site-packages/airflow/example_dags/example_bash_decorator.py
[2024-08-20T11:43:08.558+0700] {processor.py:914} INFO - Processing file /home/user/.local/lib/python3.10/site-packages/airflow/example_dags/example_bash_decorator.py for tasks to queue
[2024-08-20T11:43:08.561+0700] {logging_mixin.py:190} INFO - [2024-08-20T11:43:08.560+0700] {dagbag.py:587} INFO - Filling up the DagBag from /home/user/.local/lib/python3.10/site-packages/airflow/example_dags/example_bash_decorator.py
[2024-08-20T11:43:08.577+0700] {processor.py:925} INFO - DAG(s) 'example_bash_decorator' retrieved from /home/user/.local/lib/python3.10/site-packages/airflow/example_dags/example_bash_decorator.py
[2024-08-20T11:43:08.594+0700] {logging_mixin.py:190} INFO - [2024-08-20T11:43:08.594+0700] {dag.py:3211} INFO - Sync 1 DAGs
[2024-08-20T11:43:08.604+0700] {logging_mixin.py:190} INFO - [2024-08-20T11:43:08.604+0700] {dag.py:4138} INFO - Setting next_dagrun for example_bash_decorator to None, run_after=None
[2024-08-20T11:43:08.622+0700] {processor.py:208} INFO - Processing /home/user/.local/lib/python3.10/site-packages/airflow/example_dags/example_bash_decorator.py took 0.072 seconds
[2024-08-20T11:43:58.956+0700] {processor.py:186} INFO - Started process (PID=43629) to work on /home/user/.local/lib/python3.10/site-packages/airflow/example_dags/example_bash_decorator.py
[2024-08-20T11:43:58.962+0700] {processor.py:914} INFO - Processing file /home/user/.local/lib/python3.10/site-packages/airflow/example_dags/example_bash_decorator.py for tasks to queue
[2024-08-20T11:43:58.964+0700] {logging_mixin.py:190} INFO - [2024-08-20T11:43:58.964+0700] {dagbag.py:587} INFO - Filling up the DagBag from /home/user/.local/lib/python3.10/site-packages/airflow/example_dags/example_bash_decorator.py
[2024-08-20T11:43:58.977+0700] {processor.py:925} INFO - DAG(s) 'example_bash_decorator' retrieved from /home/user/.local/lib/python3.10/site-packages/airflow/example_dags/example_bash_decorator.py
[2024-08-20T11:43:58.994+0700] {logging_mixin.py:190} INFO - [2024-08-20T11:43:58.994+0700] {dag.py:3211} INFO - Sync 1 DAGs
[2024-08-20T11:43:59.003+0700] {logging_mixin.py:190} INFO - [2024-08-20T11:43:59.003+0700] {dag.py:4138} INFO - Setting next_dagrun for example_bash_decorator to None, run_after=None
[2024-08-20T11:43:59.024+0700] {processor.py:208} INFO - Processing /home/user/.local/lib/python3.10/site-packages/airflow/example_dags/example_bash_decorator.py took 0.075 seconds
[2024-08-20T11:45:11.034+0700] {processor.py:186} INFO - Started process (PID=44198) to work on /home/user/.local/lib/python3.10/site-packages/airflow/example_dags/example_bash_decorator.py
[2024-08-20T11:45:11.035+0700] {processor.py:914} INFO - Processing file /home/user/.local/lib/python3.10/site-packages/airflow/example_dags/example_bash_decorator.py for tasks to queue
[2024-08-20T11:45:11.037+0700] {logging_mixin.py:190} INFO - [2024-08-20T11:45:11.036+0700] {dagbag.py:587} INFO - Filling up the DagBag from /home/user/.local/lib/python3.10/site-packages/airflow/example_dags/example_bash_decorator.py
[2024-08-20T11:45:11.050+0700] {processor.py:925} INFO - DAG(s) 'example_bash_decorator' retrieved from /home/user/.local/lib/python3.10/site-packages/airflow/example_dags/example_bash_decorator.py
[2024-08-20T11:45:11.065+0700] {logging_mixin.py:190} INFO - [2024-08-20T11:45:11.065+0700] {dag.py:3211} INFO - Sync 1 DAGs
[2024-08-20T11:45:11.073+0700] {logging_mixin.py:190} INFO - [2024-08-20T11:45:11.073+0700] {dag.py:4138} INFO - Setting next_dagrun for example_bash_decorator to None, run_after=None
[2024-08-20T11:45:11.092+0700] {processor.py:208} INFO - Processing /home/user/.local/lib/python3.10/site-packages/airflow/example_dags/example_bash_decorator.py took 0.063 seconds
