[2024-08-20T11:28:07.576+0700] {processor.py:186} INFO - Started process (PID=35712) to work on /home/user/.local/lib/python3.10/site-packages/airflow/example_dags/example_outlet_event_extra.py
[2024-08-20T11:28:07.577+0700] {processor.py:914} INFO - Processing file /home/user/.local/lib/python3.10/site-packages/airflow/example_dags/example_outlet_event_extra.py for tasks to queue
[2024-08-20T11:28:07.578+0700] {logging_mixin.py:190} INFO - [2024-08-20T11:28:07.578+0700] {dagbag.py:587} INFO - Filling up the DagBag from /home/user/.local/lib/python3.10/site-packages/airflow/example_dags/example_outlet_event_extra.py
[2024-08-20T11:28:07.606+0700] {processor.py:925} INFO - DAG(s) 'dataset_with_extra_from_classic_operator', 'dataset_with_extra_by_context', 'dataset_with_extra_by_yield' retrieved from /home/user/.local/lib/python3.10/site-packages/airflow/example_dags/example_outlet_event_extra.py
[2024-08-20T11:28:07.728+0700] {logging_mixin.py:190} INFO - [2024-08-20T11:28:07.727+0700] {override.py:1858} INFO - Created Permission View: can read on DAG:dataset_with_extra_from_classic_operator
[2024-08-20T11:28:07.738+0700] {logging_mixin.py:190} INFO - [2024-08-20T11:28:07.737+0700] {override.py:1858} INFO - Created Permission View: can delete on DAG:dataset_with_extra_from_classic_operator
[2024-08-20T11:28:07.745+0700] {logging_mixin.py:190} INFO - [2024-08-20T11:28:07.745+0700] {override.py:1858} INFO - Created Permission View: can edit on DAG:dataset_with_extra_from_classic_operator
[2024-08-20T11:28:07.764+0700] {logging_mixin.py:190} INFO - [2024-08-20T11:28:07.763+0700] {override.py:1858} INFO - Created Permission View: can read on DAG:dataset_with_extra_by_context
[2024-08-20T11:28:07.772+0700] {logging_mixin.py:190} INFO - [2024-08-20T11:28:07.772+0700] {override.py:1858} INFO - Created Permission View: can delete on DAG:dataset_with_extra_by_context
[2024-08-20T11:28:07.782+0700] {logging_mixin.py:190} INFO - [2024-08-20T11:28:07.781+0700] {override.py:1858} INFO - Created Permission View: can edit on DAG:dataset_with_extra_by_context
[2024-08-20T11:28:07.798+0700] {logging_mixin.py:190} INFO - [2024-08-20T11:28:07.798+0700] {override.py:1858} INFO - Created Permission View: can read on DAG:dataset_with_extra_by_yield
[2024-08-20T11:28:07.806+0700] {logging_mixin.py:190} INFO - [2024-08-20T11:28:07.806+0700] {override.py:1858} INFO - Created Permission View: can delete on DAG:dataset_with_extra_by_yield
[2024-08-20T11:28:07.815+0700] {logging_mixin.py:190} INFO - [2024-08-20T11:28:07.814+0700] {override.py:1858} INFO - Created Permission View: can edit on DAG:dataset_with_extra_by_yield
[2024-08-20T11:28:07.815+0700] {logging_mixin.py:190} INFO - [2024-08-20T11:28:07.815+0700] {dag.py:3211} INFO - Sync 3 DAGs
[2024-08-20T11:28:07.841+0700] {logging_mixin.py:190} INFO - [2024-08-20T11:28:07.841+0700] {dag.py:3234} INFO - Creating ORM DAG for dataset_with_extra_by_yield
[2024-08-20T11:28:07.841+0700] {logging_mixin.py:190} INFO - [2024-08-20T11:28:07.841+0700] {dag.py:3234} INFO - Creating ORM DAG for dataset_with_extra_from_classic_operator
[2024-08-20T11:28:07.842+0700] {logging_mixin.py:190} INFO - [2024-08-20T11:28:07.841+0700] {dag.py:3234} INFO - Creating ORM DAG for dataset_with_extra_by_context
[2024-08-20T11:28:07.851+0700] {logging_mixin.py:190} INFO - [2024-08-20T11:28:07.851+0700] {dag.py:4138} INFO - Setting next_dagrun for dataset_with_extra_by_context to 2024-08-19 00:00:00+00:00, run_after=2024-08-20 00:00:00+00:00
[2024-08-20T11:28:07.853+0700] {logging_mixin.py:190} INFO - [2024-08-20T11:28:07.852+0700] {dag.py:4138} INFO - Setting next_dagrun for dataset_with_extra_by_yield to 2024-08-19 00:00:00+00:00, run_after=2024-08-20 00:00:00+00:00
[2024-08-20T11:28:07.854+0700] {logging_mixin.py:190} INFO - [2024-08-20T11:28:07.854+0700] {dag.py:4138} INFO - Setting next_dagrun for dataset_with_extra_from_classic_operator to 2024-08-19 00:00:00+00:00, run_after=2024-08-20 00:00:00+00:00
[2024-08-20T11:28:07.893+0700] {processor.py:208} INFO - Processing /home/user/.local/lib/python3.10/site-packages/airflow/example_dags/example_outlet_event_extra.py took 0.360 seconds
[2024-08-20T11:29:05.191+0700] {processor.py:186} INFO - Started process (PID=36163) to work on /home/user/.local/lib/python3.10/site-packages/airflow/example_dags/example_outlet_event_extra.py
[2024-08-20T11:29:05.193+0700] {processor.py:914} INFO - Processing file /home/user/.local/lib/python3.10/site-packages/airflow/example_dags/example_outlet_event_extra.py for tasks to queue
[2024-08-20T11:29:05.195+0700] {logging_mixin.py:190} INFO - [2024-08-20T11:29:05.194+0700] {dagbag.py:587} INFO - Filling up the DagBag from /home/user/.local/lib/python3.10/site-packages/airflow/example_dags/example_outlet_event_extra.py
[2024-08-20T11:29:05.205+0700] {processor.py:925} INFO - DAG(s) 'dataset_with_extra_by_yield', 'dataset_with_extra_from_classic_operator', 'dataset_with_extra_by_context' retrieved from /home/user/.local/lib/python3.10/site-packages/airflow/example_dags/example_outlet_event_extra.py
[2024-08-20T11:29:05.220+0700] {logging_mixin.py:190} INFO - [2024-08-20T11:29:05.220+0700] {dag.py:3211} INFO - Sync 3 DAGs
[2024-08-20T11:29:05.235+0700] {logging_mixin.py:190} INFO - [2024-08-20T11:29:05.234+0700] {dag.py:4138} INFO - Setting next_dagrun for dataset_with_extra_by_context to 2024-08-19 00:00:00+00:00, run_after=2024-08-20 00:00:00+00:00
[2024-08-20T11:29:05.237+0700] {logging_mixin.py:190} INFO - [2024-08-20T11:29:05.237+0700] {dag.py:4138} INFO - Setting next_dagrun for dataset_with_extra_by_yield to 2024-08-19 00:00:00+00:00, run_after=2024-08-20 00:00:00+00:00
[2024-08-20T11:29:05.239+0700] {logging_mixin.py:190} INFO - [2024-08-20T11:29:05.239+0700] {dag.py:4138} INFO - Setting next_dagrun for dataset_with_extra_from_classic_operator to 2024-08-19 00:00:00+00:00, run_after=2024-08-20 00:00:00+00:00
[2024-08-20T11:29:05.257+0700] {processor.py:208} INFO - Processing /home/user/.local/lib/python3.10/site-packages/airflow/example_dags/example_outlet_event_extra.py took 0.071 seconds
[2024-08-20T11:30:19.968+0700] {processor.py:186} INFO - Started process (PID=36757) to work on /home/user/.local/lib/python3.10/site-packages/airflow/example_dags/example_outlet_event_extra.py
[2024-08-20T11:30:19.970+0700] {processor.py:914} INFO - Processing file /home/user/.local/lib/python3.10/site-packages/airflow/example_dags/example_outlet_event_extra.py for tasks to queue
[2024-08-20T11:30:19.971+0700] {logging_mixin.py:190} INFO - [2024-08-20T11:30:19.971+0700] {dagbag.py:587} INFO - Filling up the DagBag from /home/user/.local/lib/python3.10/site-packages/airflow/example_dags/example_outlet_event_extra.py
[2024-08-20T11:30:19.986+0700] {processor.py:925} INFO - DAG(s) 'dataset_with_extra_by_context', 'dataset_with_extra_by_yield', 'dataset_with_extra_from_classic_operator' retrieved from /home/user/.local/lib/python3.10/site-packages/airflow/example_dags/example_outlet_event_extra.py
[2024-08-20T11:30:20.008+0700] {logging_mixin.py:190} INFO - [2024-08-20T11:30:20.008+0700] {dag.py:3211} INFO - Sync 3 DAGs
[2024-08-20T11:30:20.028+0700] {logging_mixin.py:190} INFO - [2024-08-20T11:30:20.027+0700] {dag.py:4138} INFO - Setting next_dagrun for dataset_with_extra_by_context to 2024-08-19 00:00:00+00:00, run_after=2024-08-20 00:00:00+00:00
[2024-08-20T11:30:20.031+0700] {logging_mixin.py:190} INFO - [2024-08-20T11:30:20.031+0700] {dag.py:4138} INFO - Setting next_dagrun for dataset_with_extra_by_yield to 2024-08-19 00:00:00+00:00, run_after=2024-08-20 00:00:00+00:00
[2024-08-20T11:30:20.032+0700] {logging_mixin.py:190} INFO - [2024-08-20T11:30:20.032+0700] {dag.py:4138} INFO - Setting next_dagrun for dataset_with_extra_from_classic_operator to 2024-08-19 00:00:00+00:00, run_after=2024-08-20 00:00:00+00:00
[2024-08-20T11:30:20.051+0700] {processor.py:208} INFO - Processing /home/user/.local/lib/python3.10/site-packages/airflow/example_dags/example_outlet_event_extra.py took 0.089 seconds
[2024-08-20T11:31:31.469+0700] {processor.py:186} INFO - Started process (PID=37628) to work on /home/user/.local/lib/python3.10/site-packages/airflow/example_dags/example_outlet_event_extra.py
[2024-08-20T11:31:31.471+0700] {processor.py:914} INFO - Processing file /home/user/.local/lib/python3.10/site-packages/airflow/example_dags/example_outlet_event_extra.py for tasks to queue
[2024-08-20T11:31:31.472+0700] {logging_mixin.py:190} INFO - [2024-08-20T11:31:31.472+0700] {dagbag.py:587} INFO - Filling up the DagBag from /home/user/.local/lib/python3.10/site-packages/airflow/example_dags/example_outlet_event_extra.py
[2024-08-20T11:31:31.493+0700] {processor.py:925} INFO - DAG(s) 'dataset_with_extra_from_classic_operator', 'dataset_with_extra_by_context', 'dataset_with_extra_by_yield' retrieved from /home/user/.local/lib/python3.10/site-packages/airflow/example_dags/example_outlet_event_extra.py
[2024-08-20T11:31:31.524+0700] {logging_mixin.py:190} INFO - [2024-08-20T11:31:31.523+0700] {dag.py:3211} INFO - Sync 3 DAGs
[2024-08-20T11:31:31.549+0700] {logging_mixin.py:190} INFO - [2024-08-20T11:31:31.549+0700] {dag.py:4138} INFO - Setting next_dagrun for dataset_with_extra_by_context to 2024-08-19 00:00:00+00:00, run_after=2024-08-20 00:00:00+00:00
[2024-08-20T11:31:31.554+0700] {logging_mixin.py:190} INFO - [2024-08-20T11:31:31.554+0700] {dag.py:4138} INFO - Setting next_dagrun for dataset_with_extra_by_yield to 2024-08-19 00:00:00+00:00, run_after=2024-08-20 00:00:00+00:00
[2024-08-20T11:31:31.556+0700] {logging_mixin.py:190} INFO - [2024-08-20T11:31:31.556+0700] {dag.py:4138} INFO - Setting next_dagrun for dataset_with_extra_from_classic_operator to 2024-08-19 00:00:00+00:00, run_after=2024-08-20 00:00:00+00:00
[2024-08-20T11:31:31.584+0700] {processor.py:208} INFO - Processing /home/user/.local/lib/python3.10/site-packages/airflow/example_dags/example_outlet_event_extra.py took 0.121 seconds
[2024-08-20T11:32:28.523+0700] {processor.py:186} INFO - Started process (PID=38120) to work on /home/user/.local/lib/python3.10/site-packages/airflow/example_dags/example_outlet_event_extra.py
[2024-08-20T11:32:28.524+0700] {processor.py:914} INFO - Processing file /home/user/.local/lib/python3.10/site-packages/airflow/example_dags/example_outlet_event_extra.py for tasks to queue
[2024-08-20T11:32:28.527+0700] {logging_mixin.py:190} INFO - [2024-08-20T11:32:28.526+0700] {dagbag.py:587} INFO - Filling up the DagBag from /home/user/.local/lib/python3.10/site-packages/airflow/example_dags/example_outlet_event_extra.py
[2024-08-20T11:32:28.542+0700] {processor.py:925} INFO - DAG(s) 'dataset_with_extra_from_classic_operator', 'dataset_with_extra_by_context', 'dataset_with_extra_by_yield' retrieved from /home/user/.local/lib/python3.10/site-packages/airflow/example_dags/example_outlet_event_extra.py
[2024-08-20T11:32:28.568+0700] {logging_mixin.py:190} INFO - [2024-08-20T11:32:28.568+0700] {dag.py:3211} INFO - Sync 3 DAGs
[2024-08-20T11:32:28.585+0700] {logging_mixin.py:190} INFO - [2024-08-20T11:32:28.584+0700] {dag.py:4138} INFO - Setting next_dagrun for dataset_with_extra_by_context to 2024-08-19 00:00:00+00:00, run_after=2024-08-20 00:00:00+00:00
[2024-08-20T11:32:28.587+0700] {logging_mixin.py:190} INFO - [2024-08-20T11:32:28.587+0700] {dag.py:4138} INFO - Setting next_dagrun for dataset_with_extra_by_yield to 2024-08-19 00:00:00+00:00, run_after=2024-08-20 00:00:00+00:00
[2024-08-20T11:32:28.589+0700] {logging_mixin.py:190} INFO - [2024-08-20T11:32:28.589+0700] {dag.py:4138} INFO - Setting next_dagrun for dataset_with_extra_from_classic_operator to 2024-08-19 00:00:00+00:00, run_after=2024-08-20 00:00:00+00:00
[2024-08-20T11:32:28.609+0700] {processor.py:208} INFO - Processing /home/user/.local/lib/python3.10/site-packages/airflow/example_dags/example_outlet_event_extra.py took 0.093 seconds
[2024-08-20T11:33:45.036+0700] {processor.py:186} INFO - Started process (PID=38724) to work on /home/user/.local/lib/python3.10/site-packages/airflow/example_dags/example_outlet_event_extra.py
[2024-08-20T11:33:45.038+0700] {processor.py:914} INFO - Processing file /home/user/.local/lib/python3.10/site-packages/airflow/example_dags/example_outlet_event_extra.py for tasks to queue
[2024-08-20T11:33:45.040+0700] {logging_mixin.py:190} INFO - [2024-08-20T11:33:45.040+0700] {dagbag.py:587} INFO - Filling up the DagBag from /home/user/.local/lib/python3.10/site-packages/airflow/example_dags/example_outlet_event_extra.py
[2024-08-20T11:33:45.050+0700] {processor.py:925} INFO - DAG(s) 'dataset_with_extra_by_context', 'dataset_with_extra_from_classic_operator', 'dataset_with_extra_by_yield' retrieved from /home/user/.local/lib/python3.10/site-packages/airflow/example_dags/example_outlet_event_extra.py
[2024-08-20T11:33:45.066+0700] {logging_mixin.py:190} INFO - [2024-08-20T11:33:45.066+0700] {dag.py:3211} INFO - Sync 3 DAGs
[2024-08-20T11:33:45.081+0700] {logging_mixin.py:190} INFO - [2024-08-20T11:33:45.081+0700] {dag.py:4138} INFO - Setting next_dagrun for dataset_with_extra_by_context to 2024-08-19 00:00:00+00:00, run_after=2024-08-20 00:00:00+00:00
[2024-08-20T11:33:45.085+0700] {logging_mixin.py:190} INFO - [2024-08-20T11:33:45.084+0700] {dag.py:4138} INFO - Setting next_dagrun for dataset_with_extra_by_yield to 2024-08-19 00:00:00+00:00, run_after=2024-08-20 00:00:00+00:00
[2024-08-20T11:33:45.086+0700] {logging_mixin.py:190} INFO - [2024-08-20T11:33:45.086+0700] {dag.py:4138} INFO - Setting next_dagrun for dataset_with_extra_from_classic_operator to 2024-08-19 00:00:00+00:00, run_after=2024-08-20 00:00:00+00:00
[2024-08-20T11:33:45.104+0700] {processor.py:208} INFO - Processing /home/user/.local/lib/python3.10/site-packages/airflow/example_dags/example_outlet_event_extra.py took 0.073 seconds
[2024-08-20T11:35:05.840+0700] {processor.py:186} INFO - Started process (PID=39357) to work on /home/user/.local/lib/python3.10/site-packages/airflow/example_dags/example_outlet_event_extra.py
[2024-08-20T11:35:05.841+0700] {processor.py:914} INFO - Processing file /home/user/.local/lib/python3.10/site-packages/airflow/example_dags/example_outlet_event_extra.py for tasks to queue
[2024-08-20T11:35:05.843+0700] {logging_mixin.py:190} INFO - [2024-08-20T11:35:05.843+0700] {dagbag.py:587} INFO - Filling up the DagBag from /home/user/.local/lib/python3.10/site-packages/airflow/example_dags/example_outlet_event_extra.py
[2024-08-20T11:35:05.856+0700] {processor.py:925} INFO - DAG(s) 'dataset_with_extra_from_classic_operator', 'dataset_with_extra_by_context', 'dataset_with_extra_by_yield' retrieved from /home/user/.local/lib/python3.10/site-packages/airflow/example_dags/example_outlet_event_extra.py
[2024-08-20T11:35:05.877+0700] {logging_mixin.py:190} INFO - [2024-08-20T11:35:05.877+0700] {dag.py:3211} INFO - Sync 3 DAGs
[2024-08-20T11:35:05.894+0700] {logging_mixin.py:190} INFO - [2024-08-20T11:35:05.894+0700] {dag.py:4138} INFO - Setting next_dagrun for dataset_with_extra_by_context to 2024-08-19 00:00:00+00:00, run_after=2024-08-20 00:00:00+00:00
[2024-08-20T11:35:05.898+0700] {logging_mixin.py:190} INFO - [2024-08-20T11:35:05.898+0700] {dag.py:4138} INFO - Setting next_dagrun for dataset_with_extra_by_yield to 2024-08-19 00:00:00+00:00, run_after=2024-08-20 00:00:00+00:00
[2024-08-20T11:35:05.901+0700] {logging_mixin.py:190} INFO - [2024-08-20T11:35:05.900+0700] {dag.py:4138} INFO - Setting next_dagrun for dataset_with_extra_from_classic_operator to 2024-08-19 00:00:00+00:00, run_after=2024-08-20 00:00:00+00:00
[2024-08-20T11:35:05.926+0700] {processor.py:208} INFO - Processing /home/user/.local/lib/python3.10/site-packages/airflow/example_dags/example_outlet_event_extra.py took 0.092 seconds
[2024-08-20T11:36:21.246+0700] {processor.py:186} INFO - Started process (PID=39953) to work on /home/user/.local/lib/python3.10/site-packages/airflow/example_dags/example_outlet_event_extra.py
[2024-08-20T11:36:21.248+0700] {processor.py:914} INFO - Processing file /home/user/.local/lib/python3.10/site-packages/airflow/example_dags/example_outlet_event_extra.py for tasks to queue
[2024-08-20T11:36:21.253+0700] {logging_mixin.py:190} INFO - [2024-08-20T11:36:21.253+0700] {dagbag.py:587} INFO - Filling up the DagBag from /home/user/.local/lib/python3.10/site-packages/airflow/example_dags/example_outlet_event_extra.py
[2024-08-20T11:36:21.268+0700] {processor.py:925} INFO - DAG(s) 'dataset_with_extra_by_context', 'dataset_with_extra_by_yield', 'dataset_with_extra_from_classic_operator' retrieved from /home/user/.local/lib/python3.10/site-packages/airflow/example_dags/example_outlet_event_extra.py
[2024-08-20T11:36:21.291+0700] {logging_mixin.py:190} INFO - [2024-08-20T11:36:21.291+0700] {dag.py:3211} INFO - Sync 3 DAGs
[2024-08-20T11:36:21.318+0700] {logging_mixin.py:190} INFO - [2024-08-20T11:36:21.318+0700] {dag.py:4138} INFO - Setting next_dagrun for dataset_with_extra_by_context to 2024-08-19 00:00:00+00:00, run_after=2024-08-20 00:00:00+00:00
[2024-08-20T11:36:21.323+0700] {logging_mixin.py:190} INFO - [2024-08-20T11:36:21.323+0700] {dag.py:4138} INFO - Setting next_dagrun for dataset_with_extra_by_yield to 2024-08-19 00:00:00+00:00, run_after=2024-08-20 00:00:00+00:00
[2024-08-20T11:36:21.326+0700] {logging_mixin.py:190} INFO - [2024-08-20T11:36:21.326+0700] {dag.py:4138} INFO - Setting next_dagrun for dataset_with_extra_from_classic_operator to 2024-08-19 00:00:00+00:00, run_after=2024-08-20 00:00:00+00:00
[2024-08-20T11:36:21.355+0700] {processor.py:208} INFO - Processing /home/user/.local/lib/python3.10/site-packages/airflow/example_dags/example_outlet_event_extra.py took 0.117 seconds
[2024-08-20T11:37:36.253+0700] {processor.py:186} INFO - Started process (PID=40540) to work on /home/user/.local/lib/python3.10/site-packages/airflow/example_dags/example_outlet_event_extra.py
[2024-08-20T11:37:36.260+0700] {processor.py:914} INFO - Processing file /home/user/.local/lib/python3.10/site-packages/airflow/example_dags/example_outlet_event_extra.py for tasks to queue
[2024-08-20T11:37:36.262+0700] {logging_mixin.py:190} INFO - [2024-08-20T11:37:36.261+0700] {dagbag.py:587} INFO - Filling up the DagBag from /home/user/.local/lib/python3.10/site-packages/airflow/example_dags/example_outlet_event_extra.py
[2024-08-20T11:37:36.275+0700] {processor.py:925} INFO - DAG(s) 'dataset_with_extra_by_yield', 'dataset_with_extra_from_classic_operator', 'dataset_with_extra_by_context' retrieved from /home/user/.local/lib/python3.10/site-packages/airflow/example_dags/example_outlet_event_extra.py
[2024-08-20T11:37:36.295+0700] {logging_mixin.py:190} INFO - [2024-08-20T11:37:36.294+0700] {dag.py:3211} INFO - Sync 3 DAGs
[2024-08-20T11:37:36.312+0700] {logging_mixin.py:190} INFO - [2024-08-20T11:37:36.312+0700] {dag.py:4138} INFO - Setting next_dagrun for dataset_with_extra_by_context to 2024-08-19 00:00:00+00:00, run_after=2024-08-20 00:00:00+00:00
[2024-08-20T11:37:36.315+0700] {logging_mixin.py:190} INFO - [2024-08-20T11:37:36.314+0700] {dag.py:4138} INFO - Setting next_dagrun for dataset_with_extra_by_yield to 2024-08-19 00:00:00+00:00, run_after=2024-08-20 00:00:00+00:00
[2024-08-20T11:37:36.317+0700] {logging_mixin.py:190} INFO - [2024-08-20T11:37:36.317+0700] {dag.py:4138} INFO - Setting next_dagrun for dataset_with_extra_from_classic_operator to 2024-08-19 00:00:00+00:00, run_after=2024-08-20 00:00:00+00:00
[2024-08-20T11:37:36.336+0700] {processor.py:208} INFO - Processing /home/user/.local/lib/python3.10/site-packages/airflow/example_dags/example_outlet_event_extra.py took 0.088 seconds
[2024-08-20T11:38:55.588+0700] {processor.py:186} INFO - Started process (PID=41198) to work on /home/user/.local/lib/python3.10/site-packages/airflow/example_dags/example_outlet_event_extra.py
[2024-08-20T11:38:55.589+0700] {processor.py:914} INFO - Processing file /home/user/.local/lib/python3.10/site-packages/airflow/example_dags/example_outlet_event_extra.py for tasks to queue
[2024-08-20T11:38:55.591+0700] {logging_mixin.py:190} INFO - [2024-08-20T11:38:55.591+0700] {dagbag.py:587} INFO - Filling up the DagBag from /home/user/.local/lib/python3.10/site-packages/airflow/example_dags/example_outlet_event_extra.py
[2024-08-20T11:38:55.602+0700] {processor.py:925} INFO - DAG(s) 'dataset_with_extra_from_classic_operator', 'dataset_with_extra_by_context', 'dataset_with_extra_by_yield' retrieved from /home/user/.local/lib/python3.10/site-packages/airflow/example_dags/example_outlet_event_extra.py
[2024-08-20T11:38:55.617+0700] {logging_mixin.py:190} INFO - [2024-08-20T11:38:55.616+0700] {dag.py:3211} INFO - Sync 3 DAGs
[2024-08-20T11:38:55.631+0700] {logging_mixin.py:190} INFO - [2024-08-20T11:38:55.631+0700] {dag.py:4138} INFO - Setting next_dagrun for dataset_with_extra_by_context to 2024-08-19 00:00:00+00:00, run_after=2024-08-20 00:00:00+00:00
[2024-08-20T11:38:55.633+0700] {logging_mixin.py:190} INFO - [2024-08-20T11:38:55.633+0700] {dag.py:4138} INFO - Setting next_dagrun for dataset_with_extra_by_yield to 2024-08-19 00:00:00+00:00, run_after=2024-08-20 00:00:00+00:00
[2024-08-20T11:38:55.635+0700] {logging_mixin.py:190} INFO - [2024-08-20T11:38:55.635+0700] {dag.py:4138} INFO - Setting next_dagrun for dataset_with_extra_from_classic_operator to 2024-08-19 00:00:00+00:00, run_after=2024-08-20 00:00:00+00:00
[2024-08-20T11:38:55.662+0700] {processor.py:208} INFO - Processing /home/user/.local/lib/python3.10/site-packages/airflow/example_dags/example_outlet_event_extra.py took 0.079 seconds
[2024-08-20T11:39:50.307+0700] {processor.py:186} INFO - Started process (PID=41641) to work on /home/user/.local/lib/python3.10/site-packages/airflow/example_dags/example_outlet_event_extra.py
[2024-08-20T11:39:50.308+0700] {processor.py:914} INFO - Processing file /home/user/.local/lib/python3.10/site-packages/airflow/example_dags/example_outlet_event_extra.py for tasks to queue
[2024-08-20T11:39:50.310+0700] {logging_mixin.py:190} INFO - [2024-08-20T11:39:50.309+0700] {dagbag.py:587} INFO - Filling up the DagBag from /home/user/.local/lib/python3.10/site-packages/airflow/example_dags/example_outlet_event_extra.py
[2024-08-20T11:39:50.323+0700] {processor.py:925} INFO - DAG(s) 'dataset_with_extra_from_classic_operator', 'dataset_with_extra_by_yield', 'dataset_with_extra_by_context' retrieved from /home/user/.local/lib/python3.10/site-packages/airflow/example_dags/example_outlet_event_extra.py
[2024-08-20T11:39:50.343+0700] {logging_mixin.py:190} INFO - [2024-08-20T11:39:50.342+0700] {dag.py:3211} INFO - Sync 3 DAGs
[2024-08-20T11:39:50.361+0700] {logging_mixin.py:190} INFO - [2024-08-20T11:39:50.361+0700] {dag.py:4138} INFO - Setting next_dagrun for dataset_with_extra_by_context to 2024-08-19 00:00:00+00:00, run_after=2024-08-20 00:00:00+00:00
[2024-08-20T11:39:50.364+0700] {logging_mixin.py:190} INFO - [2024-08-20T11:39:50.364+0700] {dag.py:4138} INFO - Setting next_dagrun for dataset_with_extra_by_yield to 2024-08-19 00:00:00+00:00, run_after=2024-08-20 00:00:00+00:00
[2024-08-20T11:39:50.365+0700] {logging_mixin.py:190} INFO - [2024-08-20T11:39:50.365+0700] {dag.py:4138} INFO - Setting next_dagrun for dataset_with_extra_from_classic_operator to 2024-08-19 00:00:00+00:00, run_after=2024-08-20 00:00:00+00:00
[2024-08-20T11:39:50.383+0700] {processor.py:208} INFO - Processing /home/user/.local/lib/python3.10/site-packages/airflow/example_dags/example_outlet_event_extra.py took 0.082 seconds
[2024-08-20T11:41:01.257+0700] {processor.py:186} INFO - Started process (PID=42210) to work on /home/user/.local/lib/python3.10/site-packages/airflow/example_dags/example_outlet_event_extra.py
[2024-08-20T11:41:01.259+0700] {processor.py:914} INFO - Processing file /home/user/.local/lib/python3.10/site-packages/airflow/example_dags/example_outlet_event_extra.py for tasks to queue
[2024-08-20T11:41:01.261+0700] {logging_mixin.py:190} INFO - [2024-08-20T11:41:01.260+0700] {dagbag.py:587} INFO - Filling up the DagBag from /home/user/.local/lib/python3.10/site-packages/airflow/example_dags/example_outlet_event_extra.py
[2024-08-20T11:41:01.270+0700] {processor.py:925} INFO - DAG(s) 'dataset_with_extra_from_classic_operator', 'dataset_with_extra_by_context', 'dataset_with_extra_by_yield' retrieved from /home/user/.local/lib/python3.10/site-packages/airflow/example_dags/example_outlet_event_extra.py
[2024-08-20T11:41:01.295+0700] {logging_mixin.py:190} INFO - [2024-08-20T11:41:01.295+0700] {dag.py:3211} INFO - Sync 3 DAGs
[2024-08-20T11:41:01.310+0700] {logging_mixin.py:190} INFO - [2024-08-20T11:41:01.310+0700] {dag.py:4138} INFO - Setting next_dagrun for dataset_with_extra_by_context to 2024-08-19 00:00:00+00:00, run_after=2024-08-20 00:00:00+00:00
[2024-08-20T11:41:01.313+0700] {logging_mixin.py:190} INFO - [2024-08-20T11:41:01.313+0700] {dag.py:4138} INFO - Setting next_dagrun for dataset_with_extra_by_yield to 2024-08-19 00:00:00+00:00, run_after=2024-08-20 00:00:00+00:00
[2024-08-20T11:41:01.315+0700] {logging_mixin.py:190} INFO - [2024-08-20T11:41:01.315+0700] {dag.py:4138} INFO - Setting next_dagrun for dataset_with_extra_from_classic_operator to 2024-08-19 00:00:00+00:00, run_after=2024-08-20 00:00:00+00:00
[2024-08-20T11:41:01.334+0700] {processor.py:208} INFO - Processing /home/user/.local/lib/python3.10/site-packages/airflow/example_dags/example_outlet_event_extra.py took 0.082 seconds
[2024-08-20T11:42:22.450+0700] {processor.py:186} INFO - Started process (PID=42864) to work on /home/user/.local/lib/python3.10/site-packages/airflow/example_dags/example_outlet_event_extra.py
[2024-08-20T11:42:22.451+0700] {processor.py:914} INFO - Processing file /home/user/.local/lib/python3.10/site-packages/airflow/example_dags/example_outlet_event_extra.py for tasks to queue
[2024-08-20T11:42:22.453+0700] {logging_mixin.py:190} INFO - [2024-08-20T11:42:22.453+0700] {dagbag.py:587} INFO - Filling up the DagBag from /home/user/.local/lib/python3.10/site-packages/airflow/example_dags/example_outlet_event_extra.py
[2024-08-20T11:42:22.465+0700] {processor.py:925} INFO - DAG(s) 'dataset_with_extra_from_classic_operator', 'dataset_with_extra_by_yield', 'dataset_with_extra_by_context' retrieved from /home/user/.local/lib/python3.10/site-packages/airflow/example_dags/example_outlet_event_extra.py
[2024-08-20T11:42:22.494+0700] {logging_mixin.py:190} INFO - [2024-08-20T11:42:22.493+0700] {dag.py:3211} INFO - Sync 3 DAGs
[2024-08-20T11:42:22.515+0700] {logging_mixin.py:190} INFO - [2024-08-20T11:42:22.514+0700] {dag.py:4138} INFO - Setting next_dagrun for dataset_with_extra_by_context to 2024-08-19 00:00:00+00:00, run_after=2024-08-20 00:00:00+00:00
[2024-08-20T11:42:22.521+0700] {logging_mixin.py:190} INFO - [2024-08-20T11:42:22.521+0700] {dag.py:4138} INFO - Setting next_dagrun for dataset_with_extra_by_yield to 2024-08-19 00:00:00+00:00, run_after=2024-08-20 00:00:00+00:00
[2024-08-20T11:42:22.523+0700] {logging_mixin.py:190} INFO - [2024-08-20T11:42:22.523+0700] {dag.py:4138} INFO - Setting next_dagrun for dataset_with_extra_from_classic_operator to 2024-08-19 00:00:00+00:00, run_after=2024-08-20 00:00:00+00:00
[2024-08-20T11:42:22.544+0700] {processor.py:208} INFO - Processing /home/user/.local/lib/python3.10/site-packages/airflow/example_dags/example_outlet_event_extra.py took 0.100 seconds
[2024-08-20T11:43:38.499+0700] {processor.py:186} INFO - Started process (PID=43466) to work on /home/user/.local/lib/python3.10/site-packages/airflow/example_dags/example_outlet_event_extra.py
[2024-08-20T11:43:38.502+0700] {processor.py:914} INFO - Processing file /home/user/.local/lib/python3.10/site-packages/airflow/example_dags/example_outlet_event_extra.py for tasks to queue
[2024-08-20T11:43:38.504+0700] {logging_mixin.py:190} INFO - [2024-08-20T11:43:38.503+0700] {dagbag.py:587} INFO - Filling up the DagBag from /home/user/.local/lib/python3.10/site-packages/airflow/example_dags/example_outlet_event_extra.py
[2024-08-20T11:43:38.516+0700] {processor.py:925} INFO - DAG(s) 'dataset_with_extra_by_yield', 'dataset_with_extra_by_context', 'dataset_with_extra_from_classic_operator' retrieved from /home/user/.local/lib/python3.10/site-packages/airflow/example_dags/example_outlet_event_extra.py
[2024-08-20T11:43:38.538+0700] {logging_mixin.py:190} INFO - [2024-08-20T11:43:38.538+0700] {dag.py:3211} INFO - Sync 3 DAGs
[2024-08-20T11:43:38.556+0700] {logging_mixin.py:190} INFO - [2024-08-20T11:43:38.555+0700] {dag.py:4138} INFO - Setting next_dagrun for dataset_with_extra_by_context to 2024-08-19 00:00:00+00:00, run_after=2024-08-20 00:00:00+00:00
[2024-08-20T11:43:38.558+0700] {logging_mixin.py:190} INFO - [2024-08-20T11:43:38.558+0700] {dag.py:4138} INFO - Setting next_dagrun for dataset_with_extra_by_yield to 2024-08-19 00:00:00+00:00, run_after=2024-08-20 00:00:00+00:00
[2024-08-20T11:43:38.560+0700] {logging_mixin.py:190} INFO - [2024-08-20T11:43:38.560+0700] {dag.py:4138} INFO - Setting next_dagrun for dataset_with_extra_from_classic_operator to 2024-08-19 00:00:00+00:00, run_after=2024-08-20 00:00:00+00:00
[2024-08-20T11:43:38.581+0700] {processor.py:208} INFO - Processing /home/user/.local/lib/python3.10/site-packages/airflow/example_dags/example_outlet_event_extra.py took 0.088 seconds
[2024-08-20T11:44:51.051+0700] {processor.py:186} INFO - Started process (PID=44038) to work on /home/user/.local/lib/python3.10/site-packages/airflow/example_dags/example_outlet_event_extra.py
[2024-08-20T11:44:51.053+0700] {processor.py:914} INFO - Processing file /home/user/.local/lib/python3.10/site-packages/airflow/example_dags/example_outlet_event_extra.py for tasks to queue
[2024-08-20T11:44:51.056+0700] {logging_mixin.py:190} INFO - [2024-08-20T11:44:51.055+0700] {dagbag.py:587} INFO - Filling up the DagBag from /home/user/.local/lib/python3.10/site-packages/airflow/example_dags/example_outlet_event_extra.py
[2024-08-20T11:44:51.068+0700] {processor.py:925} INFO - DAG(s) 'dataset_with_extra_by_context', 'dataset_with_extra_by_yield', 'dataset_with_extra_from_classic_operator' retrieved from /home/user/.local/lib/python3.10/site-packages/airflow/example_dags/example_outlet_event_extra.py
[2024-08-20T11:44:51.084+0700] {logging_mixin.py:190} INFO - [2024-08-20T11:44:51.083+0700] {dag.py:3211} INFO - Sync 3 DAGs
[2024-08-20T11:44:51.098+0700] {logging_mixin.py:190} INFO - [2024-08-20T11:44:51.098+0700] {dag.py:4138} INFO - Setting next_dagrun for dataset_with_extra_by_context to 2024-08-19 00:00:00+00:00, run_after=2024-08-20 00:00:00+00:00
[2024-08-20T11:44:51.101+0700] {logging_mixin.py:190} INFO - [2024-08-20T11:44:51.101+0700] {dag.py:4138} INFO - Setting next_dagrun for dataset_with_extra_by_yield to 2024-08-19 00:00:00+00:00, run_after=2024-08-20 00:00:00+00:00
[2024-08-20T11:44:51.102+0700] {logging_mixin.py:190} INFO - [2024-08-20T11:44:51.102+0700] {dag.py:4138} INFO - Setting next_dagrun for dataset_with_extra_from_classic_operator to 2024-08-19 00:00:00+00:00, run_after=2024-08-20 00:00:00+00:00
[2024-08-20T11:44:51.120+0700] {processor.py:208} INFO - Processing /home/user/.local/lib/python3.10/site-packages/airflow/example_dags/example_outlet_event_extra.py took 0.075 seconds
