[2024-08-20T11:27:37.572+0700] {processor.py:186} INFO - Started process (PID=35465) to work on /home/user/.local/lib/python3.10/site-packages/airflow/example_dags/example_branch_datetime_operator.py
[2024-08-20T11:27:37.574+0700] {processor.py:914} INFO - Processing file /home/user/.local/lib/python3.10/site-packages/airflow/example_dags/example_branch_datetime_operator.py for tasks to queue
[2024-08-20T11:27:37.576+0700] {logging_mixin.py:190} INFO - [2024-08-20T11:27:37.576+0700] {dagbag.py:587} INFO - Filling up the DagBag from /home/user/.local/lib/python3.10/site-packages/airflow/example_dags/example_branch_datetime_operator.py
[2024-08-20T11:27:37.588+0700] {processor.py:925} INFO - DAG(s) 'example_branch_datetime_operator_2', 'example_branch_datetime_operator', 'example_branch_datetime_operator_3' retrieved from /home/user/.local/lib/python3.10/site-packages/airflow/example_dags/example_branch_datetime_operator.py
[2024-08-20T11:27:37.683+0700] {logging_mixin.py:190} INFO - [2024-08-20T11:27:37.682+0700] {override.py:1858} INFO - Created Permission View: can read on DAG:example_branch_datetime_operator_2
[2024-08-20T11:27:37.705+0700] {logging_mixin.py:190} INFO - [2024-08-20T11:27:37.704+0700] {override.py:1858} INFO - Created Permission View: can delete on DAG:example_branch_datetime_operator_2
[2024-08-20T11:27:37.721+0700] {logging_mixin.py:190} INFO - [2024-08-20T11:27:37.721+0700] {override.py:1858} INFO - Created Permission View: can edit on DAG:example_branch_datetime_operator_2
[2024-08-20T11:27:37.742+0700] {logging_mixin.py:190} INFO - [2024-08-20T11:27:37.741+0700] {override.py:1858} INFO - Created Permission View: can read on DAG:example_branch_datetime_operator
[2024-08-20T11:27:37.753+0700] {logging_mixin.py:190} INFO - [2024-08-20T11:27:37.753+0700] {override.py:1858} INFO - Created Permission View: can delete on DAG:example_branch_datetime_operator
[2024-08-20T11:27:37.762+0700] {logging_mixin.py:190} INFO - [2024-08-20T11:27:37.761+0700] {override.py:1858} INFO - Created Permission View: can edit on DAG:example_branch_datetime_operator
[2024-08-20T11:27:37.783+0700] {logging_mixin.py:190} INFO - [2024-08-20T11:27:37.782+0700] {override.py:1858} INFO - Created Permission View: can read on DAG:example_branch_datetime_operator_3
[2024-08-20T11:27:37.793+0700] {logging_mixin.py:190} INFO - [2024-08-20T11:27:37.792+0700] {override.py:1858} INFO - Created Permission View: can delete on DAG:example_branch_datetime_operator_3
[2024-08-20T11:27:37.803+0700] {logging_mixin.py:190} INFO - [2024-08-20T11:27:37.803+0700] {override.py:1858} INFO - Created Permission View: can edit on DAG:example_branch_datetime_operator_3
[2024-08-20T11:27:37.804+0700] {logging_mixin.py:190} INFO - [2024-08-20T11:27:37.803+0700] {dag.py:3211} INFO - Sync 3 DAGs
[2024-08-20T11:27:37.816+0700] {logging_mixin.py:190} INFO - [2024-08-20T11:27:37.815+0700] {dag.py:3234} INFO - Creating ORM DAG for example_branch_datetime_operator
[2024-08-20T11:27:37.816+0700] {logging_mixin.py:190} INFO - [2024-08-20T11:27:37.816+0700] {dag.py:3234} INFO - Creating ORM DAG for example_branch_datetime_operator_3
[2024-08-20T11:27:37.817+0700] {logging_mixin.py:190} INFO - [2024-08-20T11:27:37.817+0700] {dag.py:3234} INFO - Creating ORM DAG for example_branch_datetime_operator_2
[2024-08-20T11:27:37.825+0700] {logging_mixin.py:190} INFO - [2024-08-20T11:27:37.825+0700] {dag.py:4138} INFO - Setting next_dagrun for example_branch_datetime_operator to 2024-08-19 00:00:00+00:00, run_after=2024-08-20 00:00:00+00:00
[2024-08-20T11:27:37.827+0700] {logging_mixin.py:190} INFO - [2024-08-20T11:27:37.827+0700] {dag.py:4138} INFO - Setting next_dagrun for example_branch_datetime_operator_2 to 2024-08-19 00:00:00+00:00, run_after=2024-08-20 00:00:00+00:00
[2024-08-20T11:27:37.829+0700] {logging_mixin.py:190} INFO - [2024-08-20T11:27:37.829+0700] {dag.py:4138} INFO - Setting next_dagrun for example_branch_datetime_operator_3 to 2024-08-19 00:00:00+00:00, run_after=2024-08-20 00:00:00+00:00
[2024-08-20T11:27:37.855+0700] {processor.py:208} INFO - Processing /home/user/.local/lib/python3.10/site-packages/airflow/example_dags/example_branch_datetime_operator.py took 0.290 seconds
[2024-08-20T11:28:38.368+0700] {processor.py:186} INFO - Started process (PID=35952) to work on /home/user/.local/lib/python3.10/site-packages/airflow/example_dags/example_branch_datetime_operator.py
[2024-08-20T11:28:38.371+0700] {processor.py:914} INFO - Processing file /home/user/.local/lib/python3.10/site-packages/airflow/example_dags/example_branch_datetime_operator.py for tasks to queue
[2024-08-20T11:28:38.373+0700] {logging_mixin.py:190} INFO - [2024-08-20T11:28:38.373+0700] {dagbag.py:587} INFO - Filling up the DagBag from /home/user/.local/lib/python3.10/site-packages/airflow/example_dags/example_branch_datetime_operator.py
[2024-08-20T11:28:38.383+0700] {processor.py:925} INFO - DAG(s) 'example_branch_datetime_operator_3', 'example_branch_datetime_operator', 'example_branch_datetime_operator_2' retrieved from /home/user/.local/lib/python3.10/site-packages/airflow/example_dags/example_branch_datetime_operator.py
[2024-08-20T11:28:38.398+0700] {logging_mixin.py:190} INFO - [2024-08-20T11:28:38.398+0700] {dag.py:3211} INFO - Sync 3 DAGs
[2024-08-20T11:28:38.413+0700] {logging_mixin.py:190} INFO - [2024-08-20T11:28:38.413+0700] {dag.py:4138} INFO - Setting next_dagrun for example_branch_datetime_operator to 2024-08-19 00:00:00+00:00, run_after=2024-08-20 00:00:00+00:00
[2024-08-20T11:28:38.416+0700] {logging_mixin.py:190} INFO - [2024-08-20T11:28:38.416+0700] {dag.py:4138} INFO - Setting next_dagrun for example_branch_datetime_operator_2 to 2024-08-19 00:00:00+00:00, run_after=2024-08-20 00:00:00+00:00
[2024-08-20T11:28:38.418+0700] {logging_mixin.py:190} INFO - [2024-08-20T11:28:38.418+0700] {dag.py:4138} INFO - Setting next_dagrun for example_branch_datetime_operator_3 to 2024-08-19 00:00:00+00:00, run_after=2024-08-20 00:00:00+00:00
[2024-08-20T11:28:38.437+0700] {processor.py:208} INFO - Processing /home/user/.local/lib/python3.10/site-packages/airflow/example_dags/example_branch_datetime_operator.py took 0.074 seconds
[2024-08-20T11:29:33.808+0700] {processor.py:186} INFO - Started process (PID=36395) to work on /home/user/.local/lib/python3.10/site-packages/airflow/example_dags/example_branch_datetime_operator.py
[2024-08-20T11:29:33.810+0700] {processor.py:914} INFO - Processing file /home/user/.local/lib/python3.10/site-packages/airflow/example_dags/example_branch_datetime_operator.py for tasks to queue
[2024-08-20T11:29:33.811+0700] {logging_mixin.py:190} INFO - [2024-08-20T11:29:33.811+0700] {dagbag.py:587} INFO - Filling up the DagBag from /home/user/.local/lib/python3.10/site-packages/airflow/example_dags/example_branch_datetime_operator.py
[2024-08-20T11:29:33.822+0700] {processor.py:925} INFO - DAG(s) 'example_branch_datetime_operator_3', 'example_branch_datetime_operator', 'example_branch_datetime_operator_2' retrieved from /home/user/.local/lib/python3.10/site-packages/airflow/example_dags/example_branch_datetime_operator.py
[2024-08-20T11:29:33.844+0700] {logging_mixin.py:190} INFO - [2024-08-20T11:29:33.843+0700] {dag.py:3211} INFO - Sync 3 DAGs
[2024-08-20T11:29:33.860+0700] {logging_mixin.py:190} INFO - [2024-08-20T11:29:33.859+0700] {dag.py:4138} INFO - Setting next_dagrun for example_branch_datetime_operator to 2024-08-19 00:00:00+00:00, run_after=2024-08-20 00:00:00+00:00
[2024-08-20T11:29:33.862+0700] {logging_mixin.py:190} INFO - [2024-08-20T11:29:33.862+0700] {dag.py:4138} INFO - Setting next_dagrun for example_branch_datetime_operator_2 to 2024-08-19 00:00:00+00:00, run_after=2024-08-20 00:00:00+00:00
[2024-08-20T11:29:33.864+0700] {logging_mixin.py:190} INFO - [2024-08-20T11:29:33.864+0700] {dag.py:4138} INFO - Setting next_dagrun for example_branch_datetime_operator_3 to 2024-08-19 00:00:00+00:00, run_after=2024-08-20 00:00:00+00:00
[2024-08-20T11:29:33.882+0700] {processor.py:208} INFO - Processing /home/user/.local/lib/python3.10/site-packages/airflow/example_dags/example_branch_datetime_operator.py took 0.078 seconds
[2024-08-20T11:30:27.265+0700] {processor.py:186} INFO - Started process (PID=36818) to work on /home/user/.local/lib/python3.10/site-packages/airflow/example_dags/example_branch_datetime_operator.py
[2024-08-20T11:30:27.267+0700] {processor.py:914} INFO - Processing file /home/user/.local/lib/python3.10/site-packages/airflow/example_dags/example_branch_datetime_operator.py for tasks to queue
[2024-08-20T11:30:27.269+0700] {logging_mixin.py:190} INFO - [2024-08-20T11:30:27.268+0700] {dagbag.py:587} INFO - Filling up the DagBag from /home/user/.local/lib/python3.10/site-packages/airflow/example_dags/example_branch_datetime_operator.py
[2024-08-20T11:30:27.281+0700] {processor.py:925} INFO - DAG(s) 'example_branch_datetime_operator_2', 'example_branch_datetime_operator_3', 'example_branch_datetime_operator' retrieved from /home/user/.local/lib/python3.10/site-packages/airflow/example_dags/example_branch_datetime_operator.py
[2024-08-20T11:30:27.301+0700] {logging_mixin.py:190} INFO - [2024-08-20T11:30:27.301+0700] {dag.py:3211} INFO - Sync 3 DAGs
[2024-08-20T11:30:27.321+0700] {logging_mixin.py:190} INFO - [2024-08-20T11:30:27.321+0700] {dag.py:4138} INFO - Setting next_dagrun for example_branch_datetime_operator to 2024-08-19 00:00:00+00:00, run_after=2024-08-20 00:00:00+00:00
[2024-08-20T11:30:27.325+0700] {logging_mixin.py:190} INFO - [2024-08-20T11:30:27.325+0700] {dag.py:4138} INFO - Setting next_dagrun for example_branch_datetime_operator_2 to 2024-08-19 00:00:00+00:00, run_after=2024-08-20 00:00:00+00:00
[2024-08-20T11:30:27.327+0700] {logging_mixin.py:190} INFO - [2024-08-20T11:30:27.327+0700] {dag.py:4138} INFO - Setting next_dagrun for example_branch_datetime_operator_3 to 2024-08-19 00:00:00+00:00, run_after=2024-08-20 00:00:00+00:00
[2024-08-20T11:30:27.346+0700] {processor.py:208} INFO - Processing /home/user/.local/lib/python3.10/site-packages/airflow/example_dags/example_branch_datetime_operator.py took 0.086 seconds
[2024-08-20T11:31:03.971+0700] {processor.py:186} INFO - Started process (PID=37109) to work on /home/user/.local/lib/python3.10/site-packages/airflow/example_dags/example_branch_datetime_operator.py
[2024-08-20T11:31:03.973+0700] {processor.py:914} INFO - Processing file /home/user/.local/lib/python3.10/site-packages/airflow/example_dags/example_branch_datetime_operator.py for tasks to queue
[2024-08-20T11:31:03.974+0700] {logging_mixin.py:190} INFO - [2024-08-20T11:31:03.974+0700] {dagbag.py:587} INFO - Filling up the DagBag from /home/user/.local/lib/python3.10/site-packages/airflow/example_dags/example_branch_datetime_operator.py
[2024-08-20T11:31:03.983+0700] {processor.py:925} INFO - DAG(s) 'example_branch_datetime_operator_3', 'example_branch_datetime_operator_2', 'example_branch_datetime_operator' retrieved from /home/user/.local/lib/python3.10/site-packages/airflow/example_dags/example_branch_datetime_operator.py
[2024-08-20T11:31:04.000+0700] {logging_mixin.py:190} INFO - [2024-08-20T11:31:03.999+0700] {dag.py:3211} INFO - Sync 3 DAGs
[2024-08-20T11:31:04.013+0700] {logging_mixin.py:190} INFO - [2024-08-20T11:31:04.013+0700] {dag.py:4138} INFO - Setting next_dagrun for example_branch_datetime_operator to 2024-08-19 00:00:00+00:00, run_after=2024-08-20 00:00:00+00:00
[2024-08-20T11:31:04.016+0700] {logging_mixin.py:190} INFO - [2024-08-20T11:31:04.016+0700] {dag.py:4138} INFO - Setting next_dagrun for example_branch_datetime_operator_2 to 2024-08-19 00:00:00+00:00, run_after=2024-08-20 00:00:00+00:00
[2024-08-20T11:31:04.017+0700] {logging_mixin.py:190} INFO - [2024-08-20T11:31:04.017+0700] {dag.py:4138} INFO - Setting next_dagrun for example_branch_datetime_operator_3 to 2024-08-19 00:00:00+00:00, run_after=2024-08-20 00:00:00+00:00
[2024-08-20T11:31:04.034+0700] {processor.py:208} INFO - Processing /home/user/.local/lib/python3.10/site-packages/airflow/example_dags/example_branch_datetime_operator.py took 0.067 seconds
[2024-08-20T11:32:01.117+0700] {processor.py:186} INFO - Started process (PID=37888) to work on /home/user/.local/lib/python3.10/site-packages/airflow/example_dags/example_branch_datetime_operator.py
[2024-08-20T11:32:01.119+0700] {processor.py:914} INFO - Processing file /home/user/.local/lib/python3.10/site-packages/airflow/example_dags/example_branch_datetime_operator.py for tasks to queue
[2024-08-20T11:32:01.120+0700] {logging_mixin.py:190} INFO - [2024-08-20T11:32:01.120+0700] {dagbag.py:587} INFO - Filling up the DagBag from /home/user/.local/lib/python3.10/site-packages/airflow/example_dags/example_branch_datetime_operator.py
[2024-08-20T11:32:01.134+0700] {processor.py:925} INFO - DAG(s) 'example_branch_datetime_operator_2', 'example_branch_datetime_operator_3', 'example_branch_datetime_operator' retrieved from /home/user/.local/lib/python3.10/site-packages/airflow/example_dags/example_branch_datetime_operator.py
[2024-08-20T11:32:01.157+0700] {logging_mixin.py:190} INFO - [2024-08-20T11:32:01.157+0700] {dag.py:3211} INFO - Sync 3 DAGs
[2024-08-20T11:32:01.177+0700] {logging_mixin.py:190} INFO - [2024-08-20T11:32:01.176+0700] {dag.py:4138} INFO - Setting next_dagrun for example_branch_datetime_operator to 2024-08-19 00:00:00+00:00, run_after=2024-08-20 00:00:00+00:00
[2024-08-20T11:32:01.180+0700] {logging_mixin.py:190} INFO - [2024-08-20T11:32:01.180+0700] {dag.py:4138} INFO - Setting next_dagrun for example_branch_datetime_operator_2 to 2024-08-19 00:00:00+00:00, run_after=2024-08-20 00:00:00+00:00
[2024-08-20T11:32:01.181+0700] {logging_mixin.py:190} INFO - [2024-08-20T11:32:01.181+0700] {dag.py:4138} INFO - Setting next_dagrun for example_branch_datetime_operator_3 to 2024-08-19 00:00:00+00:00, run_after=2024-08-20 00:00:00+00:00
[2024-08-20T11:32:01.200+0700] {processor.py:208} INFO - Processing /home/user/.local/lib/python3.10/site-packages/airflow/example_dags/example_branch_datetime_operator.py took 0.088 seconds
[2024-08-20T11:32:57.791+0700] {processor.py:186} INFO - Started process (PID=38348) to work on /home/user/.local/lib/python3.10/site-packages/airflow/example_dags/example_branch_datetime_operator.py
[2024-08-20T11:32:57.792+0700] {processor.py:914} INFO - Processing file /home/user/.local/lib/python3.10/site-packages/airflow/example_dags/example_branch_datetime_operator.py for tasks to queue
[2024-08-20T11:32:57.794+0700] {logging_mixin.py:190} INFO - [2024-08-20T11:32:57.794+0700] {dagbag.py:587} INFO - Filling up the DagBag from /home/user/.local/lib/python3.10/site-packages/airflow/example_dags/example_branch_datetime_operator.py
[2024-08-20T11:32:57.809+0700] {processor.py:925} INFO - DAG(s) 'example_branch_datetime_operator', 'example_branch_datetime_operator_2', 'example_branch_datetime_operator_3' retrieved from /home/user/.local/lib/python3.10/site-packages/airflow/example_dags/example_branch_datetime_operator.py
[2024-08-20T11:32:57.830+0700] {logging_mixin.py:190} INFO - [2024-08-20T11:32:57.830+0700] {dag.py:3211} INFO - Sync 3 DAGs
[2024-08-20T11:32:57.851+0700] {logging_mixin.py:190} INFO - [2024-08-20T11:32:57.850+0700] {dag.py:4138} INFO - Setting next_dagrun for example_branch_datetime_operator to 2024-08-19 00:00:00+00:00, run_after=2024-08-20 00:00:00+00:00
[2024-08-20T11:32:57.855+0700] {logging_mixin.py:190} INFO - [2024-08-20T11:32:57.855+0700] {dag.py:4138} INFO - Setting next_dagrun for example_branch_datetime_operator_2 to 2024-08-19 00:00:00+00:00, run_after=2024-08-20 00:00:00+00:00
[2024-08-20T11:32:57.857+0700] {logging_mixin.py:190} INFO - [2024-08-20T11:32:57.857+0700] {dag.py:4138} INFO - Setting next_dagrun for example_branch_datetime_operator_3 to 2024-08-19 00:00:00+00:00, run_after=2024-08-20 00:00:00+00:00
[2024-08-20T11:32:57.876+0700] {processor.py:208} INFO - Processing /home/user/.local/lib/python3.10/site-packages/airflow/example_dags/example_branch_datetime_operator.py took 0.089 seconds
[2024-08-20T11:33:50.963+0700] {processor.py:186} INFO - Started process (PID=38771) to work on /home/user/.local/lib/python3.10/site-packages/airflow/example_dags/example_branch_datetime_operator.py
[2024-08-20T11:33:50.964+0700] {processor.py:914} INFO - Processing file /home/user/.local/lib/python3.10/site-packages/airflow/example_dags/example_branch_datetime_operator.py for tasks to queue
[2024-08-20T11:33:50.966+0700] {logging_mixin.py:190} INFO - [2024-08-20T11:33:50.965+0700] {dagbag.py:587} INFO - Filling up the DagBag from /home/user/.local/lib/python3.10/site-packages/airflow/example_dags/example_branch_datetime_operator.py
[2024-08-20T11:33:50.975+0700] {processor.py:925} INFO - DAG(s) 'example_branch_datetime_operator_3', 'example_branch_datetime_operator_2', 'example_branch_datetime_operator' retrieved from /home/user/.local/lib/python3.10/site-packages/airflow/example_dags/example_branch_datetime_operator.py
[2024-08-20T11:33:50.991+0700] {logging_mixin.py:190} INFO - [2024-08-20T11:33:50.991+0700] {dag.py:3211} INFO - Sync 3 DAGs
[2024-08-20T11:33:51.006+0700] {logging_mixin.py:190} INFO - [2024-08-20T11:33:51.006+0700] {dag.py:4138} INFO - Setting next_dagrun for example_branch_datetime_operator to 2024-08-19 00:00:00+00:00, run_after=2024-08-20 00:00:00+00:00
[2024-08-20T11:33:51.009+0700] {logging_mixin.py:190} INFO - [2024-08-20T11:33:51.009+0700] {dag.py:4138} INFO - Setting next_dagrun for example_branch_datetime_operator_2 to 2024-08-19 00:00:00+00:00, run_after=2024-08-20 00:00:00+00:00
[2024-08-20T11:33:51.010+0700] {logging_mixin.py:190} INFO - [2024-08-20T11:33:51.010+0700] {dag.py:4138} INFO - Setting next_dagrun for example_branch_datetime_operator_3 to 2024-08-19 00:00:00+00:00, run_after=2024-08-20 00:00:00+00:00
[2024-08-20T11:33:51.026+0700] {processor.py:208} INFO - Processing /home/user/.local/lib/python3.10/site-packages/airflow/example_dags/example_branch_datetime_operator.py took 0.067 seconds
[2024-08-20T11:34:40.089+0700] {processor.py:186} INFO - Started process (PID=39155) to work on /home/user/.local/lib/python3.10/site-packages/airflow/example_dags/example_branch_datetime_operator.py
[2024-08-20T11:34:40.095+0700] {processor.py:914} INFO - Processing file /home/user/.local/lib/python3.10/site-packages/airflow/example_dags/example_branch_datetime_operator.py for tasks to queue
[2024-08-20T11:34:40.097+0700] {logging_mixin.py:190} INFO - [2024-08-20T11:34:40.097+0700] {dagbag.py:587} INFO - Filling up the DagBag from /home/user/.local/lib/python3.10/site-packages/airflow/example_dags/example_branch_datetime_operator.py
[2024-08-20T11:34:40.110+0700] {processor.py:925} INFO - DAG(s) 'example_branch_datetime_operator_2', 'example_branch_datetime_operator', 'example_branch_datetime_operator_3' retrieved from /home/user/.local/lib/python3.10/site-packages/airflow/example_dags/example_branch_datetime_operator.py
[2024-08-20T11:34:40.130+0700] {logging_mixin.py:190} INFO - [2024-08-20T11:34:40.130+0700] {dag.py:3211} INFO - Sync 3 DAGs
[2024-08-20T11:34:40.161+0700] {logging_mixin.py:190} INFO - [2024-08-20T11:34:40.161+0700] {dag.py:4138} INFO - Setting next_dagrun for example_branch_datetime_operator to 2024-08-19 00:00:00+00:00, run_after=2024-08-20 00:00:00+00:00
[2024-08-20T11:34:40.167+0700] {logging_mixin.py:190} INFO - [2024-08-20T11:34:40.167+0700] {dag.py:4138} INFO - Setting next_dagrun for example_branch_datetime_operator_2 to 2024-08-19 00:00:00+00:00, run_after=2024-08-20 00:00:00+00:00
[2024-08-20T11:34:40.175+0700] {logging_mixin.py:190} INFO - [2024-08-20T11:34:40.173+0700] {dag.py:4138} INFO - Setting next_dagrun for example_branch_datetime_operator_3 to 2024-08-19 00:00:00+00:00, run_after=2024-08-20 00:00:00+00:00
[2024-08-20T11:34:40.209+0700] {processor.py:208} INFO - Processing /home/user/.local/lib/python3.10/site-packages/airflow/example_dags/example_branch_datetime_operator.py took 0.124 seconds
[2024-08-20T11:35:35.618+0700] {processor.py:186} INFO - Started process (PID=39593) to work on /home/user/.local/lib/python3.10/site-packages/airflow/example_dags/example_branch_datetime_operator.py
[2024-08-20T11:35:35.621+0700] {processor.py:914} INFO - Processing file /home/user/.local/lib/python3.10/site-packages/airflow/example_dags/example_branch_datetime_operator.py for tasks to queue
[2024-08-20T11:35:35.623+0700] {logging_mixin.py:190} INFO - [2024-08-20T11:35:35.623+0700] {dagbag.py:587} INFO - Filling up the DagBag from /home/user/.local/lib/python3.10/site-packages/airflow/example_dags/example_branch_datetime_operator.py
[2024-08-20T11:35:35.633+0700] {processor.py:925} INFO - DAG(s) 'example_branch_datetime_operator', 'example_branch_datetime_operator_2', 'example_branch_datetime_operator_3' retrieved from /home/user/.local/lib/python3.10/site-packages/airflow/example_dags/example_branch_datetime_operator.py
[2024-08-20T11:35:35.651+0700] {logging_mixin.py:190} INFO - [2024-08-20T11:35:35.651+0700] {dag.py:3211} INFO - Sync 3 DAGs
[2024-08-20T11:35:35.669+0700] {logging_mixin.py:190} INFO - [2024-08-20T11:35:35.669+0700] {dag.py:4138} INFO - Setting next_dagrun for example_branch_datetime_operator to 2024-08-19 00:00:00+00:00, run_after=2024-08-20 00:00:00+00:00
[2024-08-20T11:35:35.673+0700] {logging_mixin.py:190} INFO - [2024-08-20T11:35:35.673+0700] {dag.py:4138} INFO - Setting next_dagrun for example_branch_datetime_operator_2 to 2024-08-19 00:00:00+00:00, run_after=2024-08-20 00:00:00+00:00
[2024-08-20T11:35:35.675+0700] {logging_mixin.py:190} INFO - [2024-08-20T11:35:35.675+0700] {dag.py:4138} INFO - Setting next_dagrun for example_branch_datetime_operator_3 to 2024-08-19 00:00:00+00:00, run_after=2024-08-20 00:00:00+00:00
[2024-08-20T11:35:35.702+0700] {processor.py:208} INFO - Processing /home/user/.local/lib/python3.10/site-packages/airflow/example_dags/example_branch_datetime_operator.py took 0.089 seconds
[2024-08-20T11:36:29.289+0700] {processor.py:186} INFO - Started process (PID=40017) to work on /home/user/.local/lib/python3.10/site-packages/airflow/example_dags/example_branch_datetime_operator.py
[2024-08-20T11:36:29.291+0700] {processor.py:914} INFO - Processing file /home/user/.local/lib/python3.10/site-packages/airflow/example_dags/example_branch_datetime_operator.py for tasks to queue
[2024-08-20T11:36:29.293+0700] {logging_mixin.py:190} INFO - [2024-08-20T11:36:29.293+0700] {dagbag.py:587} INFO - Filling up the DagBag from /home/user/.local/lib/python3.10/site-packages/airflow/example_dags/example_branch_datetime_operator.py
[2024-08-20T11:36:29.304+0700] {processor.py:925} INFO - DAG(s) 'example_branch_datetime_operator_3', 'example_branch_datetime_operator', 'example_branch_datetime_operator_2' retrieved from /home/user/.local/lib/python3.10/site-packages/airflow/example_dags/example_branch_datetime_operator.py
[2024-08-20T11:36:29.324+0700] {logging_mixin.py:190} INFO - [2024-08-20T11:36:29.323+0700] {dag.py:3211} INFO - Sync 3 DAGs
[2024-08-20T11:36:29.340+0700] {logging_mixin.py:190} INFO - [2024-08-20T11:36:29.340+0700] {dag.py:4138} INFO - Setting next_dagrun for example_branch_datetime_operator to 2024-08-19 00:00:00+00:00, run_after=2024-08-20 00:00:00+00:00
[2024-08-20T11:36:29.343+0700] {logging_mixin.py:190} INFO - [2024-08-20T11:36:29.343+0700] {dag.py:4138} INFO - Setting next_dagrun for example_branch_datetime_operator_2 to 2024-08-19 00:00:00+00:00, run_after=2024-08-20 00:00:00+00:00
[2024-08-20T11:36:29.345+0700] {logging_mixin.py:190} INFO - [2024-08-20T11:36:29.345+0700] {dag.py:4138} INFO - Setting next_dagrun for example_branch_datetime_operator_3 to 2024-08-19 00:00:00+00:00, run_after=2024-08-20 00:00:00+00:00
[2024-08-20T11:36:29.363+0700] {processor.py:208} INFO - Processing /home/user/.local/lib/python3.10/site-packages/airflow/example_dags/example_branch_datetime_operator.py took 0.078 seconds
[2024-08-20T11:37:19.693+0700] {processor.py:186} INFO - Started process (PID=40411) to work on /home/user/.local/lib/python3.10/site-packages/airflow/example_dags/example_branch_datetime_operator.py
[2024-08-20T11:37:19.695+0700] {processor.py:914} INFO - Processing file /home/user/.local/lib/python3.10/site-packages/airflow/example_dags/example_branch_datetime_operator.py for tasks to queue
[2024-08-20T11:37:19.698+0700] {logging_mixin.py:190} INFO - [2024-08-20T11:37:19.698+0700] {dagbag.py:587} INFO - Filling up the DagBag from /home/user/.local/lib/python3.10/site-packages/airflow/example_dags/example_branch_datetime_operator.py
[2024-08-20T11:37:19.719+0700] {processor.py:925} INFO - DAG(s) 'example_branch_datetime_operator_2', 'example_branch_datetime_operator_3', 'example_branch_datetime_operator' retrieved from /home/user/.local/lib/python3.10/site-packages/airflow/example_dags/example_branch_datetime_operator.py
[2024-08-20T11:37:19.754+0700] {logging_mixin.py:190} INFO - [2024-08-20T11:37:19.753+0700] {dag.py:3211} INFO - Sync 3 DAGs
[2024-08-20T11:37:19.787+0700] {logging_mixin.py:190} INFO - [2024-08-20T11:37:19.786+0700] {dag.py:4138} INFO - Setting next_dagrun for example_branch_datetime_operator to 2024-08-19 00:00:00+00:00, run_after=2024-08-20 00:00:00+00:00
[2024-08-20T11:37:19.791+0700] {logging_mixin.py:190} INFO - [2024-08-20T11:37:19.790+0700] {dag.py:4138} INFO - Setting next_dagrun for example_branch_datetime_operator_2 to 2024-08-19 00:00:00+00:00, run_after=2024-08-20 00:00:00+00:00
[2024-08-20T11:37:19.792+0700] {logging_mixin.py:190} INFO - [2024-08-20T11:37:19.792+0700] {dag.py:4138} INFO - Setting next_dagrun for example_branch_datetime_operator_3 to 2024-08-19 00:00:00+00:00, run_after=2024-08-20 00:00:00+00:00
[2024-08-20T11:37:19.811+0700] {processor.py:208} INFO - Processing /home/user/.local/lib/python3.10/site-packages/airflow/example_dags/example_branch_datetime_operator.py took 0.127 seconds
[2024-08-20T11:38:10.085+0700] {processor.py:186} INFO - Started process (PID=40834) to work on /home/user/.local/lib/python3.10/site-packages/airflow/example_dags/example_branch_datetime_operator.py
[2024-08-20T11:38:10.087+0700] {processor.py:914} INFO - Processing file /home/user/.local/lib/python3.10/site-packages/airflow/example_dags/example_branch_datetime_operator.py for tasks to queue
[2024-08-20T11:38:10.088+0700] {logging_mixin.py:190} INFO - [2024-08-20T11:38:10.088+0700] {dagbag.py:587} INFO - Filling up the DagBag from /home/user/.local/lib/python3.10/site-packages/airflow/example_dags/example_branch_datetime_operator.py
[2024-08-20T11:38:10.097+0700] {processor.py:925} INFO - DAG(s) 'example_branch_datetime_operator_3', 'example_branch_datetime_operator_2', 'example_branch_datetime_operator' retrieved from /home/user/.local/lib/python3.10/site-packages/airflow/example_dags/example_branch_datetime_operator.py
[2024-08-20T11:38:10.113+0700] {logging_mixin.py:190} INFO - [2024-08-20T11:38:10.112+0700] {dag.py:3211} INFO - Sync 3 DAGs
[2024-08-20T11:38:10.134+0700] {logging_mixin.py:190} INFO - [2024-08-20T11:38:10.134+0700] {dag.py:4138} INFO - Setting next_dagrun for example_branch_datetime_operator to 2024-08-19 00:00:00+00:00, run_after=2024-08-20 00:00:00+00:00
[2024-08-20T11:38:10.137+0700] {logging_mixin.py:190} INFO - [2024-08-20T11:38:10.137+0700] {dag.py:4138} INFO - Setting next_dagrun for example_branch_datetime_operator_2 to 2024-08-19 00:00:00+00:00, run_after=2024-08-20 00:00:00+00:00
[2024-08-20T11:38:10.139+0700] {logging_mixin.py:190} INFO - [2024-08-20T11:38:10.139+0700] {dag.py:4138} INFO - Setting next_dagrun for example_branch_datetime_operator_3 to 2024-08-19 00:00:00+00:00, run_after=2024-08-20 00:00:00+00:00
[2024-08-20T11:38:10.154+0700] {processor.py:208} INFO - Processing /home/user/.local/lib/python3.10/site-packages/airflow/example_dags/example_branch_datetime_operator.py took 0.074 seconds
[2024-08-20T11:39:05.038+0700] {processor.py:186} INFO - Started process (PID=41276) to work on /home/user/.local/lib/python3.10/site-packages/airflow/example_dags/example_branch_datetime_operator.py
[2024-08-20T11:39:05.040+0700] {processor.py:914} INFO - Processing file /home/user/.local/lib/python3.10/site-packages/airflow/example_dags/example_branch_datetime_operator.py for tasks to queue
[2024-08-20T11:39:05.042+0700] {logging_mixin.py:190} INFO - [2024-08-20T11:39:05.042+0700] {dagbag.py:587} INFO - Filling up the DagBag from /home/user/.local/lib/python3.10/site-packages/airflow/example_dags/example_branch_datetime_operator.py
[2024-08-20T11:39:05.054+0700] {processor.py:925} INFO - DAG(s) 'example_branch_datetime_operator_2', 'example_branch_datetime_operator', 'example_branch_datetime_operator_3' retrieved from /home/user/.local/lib/python3.10/site-packages/airflow/example_dags/example_branch_datetime_operator.py
[2024-08-20T11:39:05.077+0700] {logging_mixin.py:190} INFO - [2024-08-20T11:39:05.077+0700] {dag.py:3211} INFO - Sync 3 DAGs
[2024-08-20T11:39:05.134+0700] {logging_mixin.py:190} INFO - [2024-08-20T11:39:05.134+0700] {dag.py:4138} INFO - Setting next_dagrun for example_branch_datetime_operator to 2024-08-19 00:00:00+00:00, run_after=2024-08-20 00:00:00+00:00
[2024-08-20T11:39:05.142+0700] {logging_mixin.py:190} INFO - [2024-08-20T11:39:05.142+0700] {dag.py:4138} INFO - Setting next_dagrun for example_branch_datetime_operator_2 to 2024-08-19 00:00:00+00:00, run_after=2024-08-20 00:00:00+00:00
[2024-08-20T11:39:05.144+0700] {logging_mixin.py:190} INFO - [2024-08-20T11:39:05.144+0700] {dag.py:4138} INFO - Setting next_dagrun for example_branch_datetime_operator_3 to 2024-08-19 00:00:00+00:00, run_after=2024-08-20 00:00:00+00:00
[2024-08-20T11:39:05.183+0700] {processor.py:208} INFO - Processing /home/user/.local/lib/python3.10/site-packages/airflow/example_dags/example_branch_datetime_operator.py took 0.151 seconds
[2024-08-20T11:39:57.663+0700] {processor.py:186} INFO - Started process (PID=41697) to work on /home/user/.local/lib/python3.10/site-packages/airflow/example_dags/example_branch_datetime_operator.py
[2024-08-20T11:39:57.665+0700] {processor.py:914} INFO - Processing file /home/user/.local/lib/python3.10/site-packages/airflow/example_dags/example_branch_datetime_operator.py for tasks to queue
[2024-08-20T11:39:57.668+0700] {logging_mixin.py:190} INFO - [2024-08-20T11:39:57.667+0700] {dagbag.py:587} INFO - Filling up the DagBag from /home/user/.local/lib/python3.10/site-packages/airflow/example_dags/example_branch_datetime_operator.py
[2024-08-20T11:39:57.681+0700] {processor.py:925} INFO - DAG(s) 'example_branch_datetime_operator', 'example_branch_datetime_operator_2', 'example_branch_datetime_operator_3' retrieved from /home/user/.local/lib/python3.10/site-packages/airflow/example_dags/example_branch_datetime_operator.py
[2024-08-20T11:39:57.702+0700] {logging_mixin.py:190} INFO - [2024-08-20T11:39:57.702+0700] {dag.py:3211} INFO - Sync 3 DAGs
[2024-08-20T11:39:57.721+0700] {logging_mixin.py:190} INFO - [2024-08-20T11:39:57.721+0700] {dag.py:4138} INFO - Setting next_dagrun for example_branch_datetime_operator to 2024-08-19 00:00:00+00:00, run_after=2024-08-20 00:00:00+00:00
[2024-08-20T11:39:57.725+0700] {logging_mixin.py:190} INFO - [2024-08-20T11:39:57.725+0700] {dag.py:4138} INFO - Setting next_dagrun for example_branch_datetime_operator_2 to 2024-08-19 00:00:00+00:00, run_after=2024-08-20 00:00:00+00:00
[2024-08-20T11:39:57.727+0700] {logging_mixin.py:190} INFO - [2024-08-20T11:39:57.727+0700] {dag.py:4138} INFO - Setting next_dagrun for example_branch_datetime_operator_3 to 2024-08-19 00:00:00+00:00, run_after=2024-08-20 00:00:00+00:00
[2024-08-20T11:39:57.744+0700] {processor.py:208} INFO - Processing /home/user/.local/lib/python3.10/site-packages/airflow/example_dags/example_branch_datetime_operator.py took 0.088 seconds
[2024-08-20T11:40:44.453+0700] {processor.py:186} INFO - Started process (PID=42078) to work on /home/user/.local/lib/python3.10/site-packages/airflow/example_dags/example_branch_datetime_operator.py
[2024-08-20T11:40:44.455+0700] {processor.py:914} INFO - Processing file /home/user/.local/lib/python3.10/site-packages/airflow/example_dags/example_branch_datetime_operator.py for tasks to queue
[2024-08-20T11:40:44.459+0700] {logging_mixin.py:190} INFO - [2024-08-20T11:40:44.458+0700] {dagbag.py:587} INFO - Filling up the DagBag from /home/user/.local/lib/python3.10/site-packages/airflow/example_dags/example_branch_datetime_operator.py
[2024-08-20T11:40:44.473+0700] {processor.py:925} INFO - DAG(s) 'example_branch_datetime_operator', 'example_branch_datetime_operator_2', 'example_branch_datetime_operator_3' retrieved from /home/user/.local/lib/python3.10/site-packages/airflow/example_dags/example_branch_datetime_operator.py
[2024-08-20T11:40:44.494+0700] {logging_mixin.py:190} INFO - [2024-08-20T11:40:44.493+0700] {dag.py:3211} INFO - Sync 3 DAGs
[2024-08-20T11:40:44.522+0700] {logging_mixin.py:190} INFO - [2024-08-20T11:40:44.522+0700] {dag.py:4138} INFO - Setting next_dagrun for example_branch_datetime_operator to 2024-08-19 00:00:00+00:00, run_after=2024-08-20 00:00:00+00:00
[2024-08-20T11:40:44.527+0700] {logging_mixin.py:190} INFO - [2024-08-20T11:40:44.527+0700] {dag.py:4138} INFO - Setting next_dagrun for example_branch_datetime_operator_2 to 2024-08-19 00:00:00+00:00, run_after=2024-08-20 00:00:00+00:00
[2024-08-20T11:40:44.529+0700] {logging_mixin.py:190} INFO - [2024-08-20T11:40:44.529+0700] {dag.py:4138} INFO - Setting next_dagrun for example_branch_datetime_operator_3 to 2024-08-19 00:00:00+00:00, run_after=2024-08-20 00:00:00+00:00
[2024-08-20T11:40:44.549+0700] {processor.py:208} INFO - Processing /home/user/.local/lib/python3.10/site-packages/airflow/example_dags/example_branch_datetime_operator.py took 0.103 seconds
[2024-08-20T11:41:36.105+0700] {processor.py:186} INFO - Started process (PID=42491) to work on /home/user/.local/lib/python3.10/site-packages/airflow/example_dags/example_branch_datetime_operator.py
[2024-08-20T11:41:36.107+0700] {processor.py:914} INFO - Processing file /home/user/.local/lib/python3.10/site-packages/airflow/example_dags/example_branch_datetime_operator.py for tasks to queue
[2024-08-20T11:41:36.110+0700] {logging_mixin.py:190} INFO - [2024-08-20T11:41:36.110+0700] {dagbag.py:587} INFO - Filling up the DagBag from /home/user/.local/lib/python3.10/site-packages/airflow/example_dags/example_branch_datetime_operator.py
[2024-08-20T11:41:36.128+0700] {processor.py:925} INFO - DAG(s) 'example_branch_datetime_operator_3', 'example_branch_datetime_operator', 'example_branch_datetime_operator_2' retrieved from /home/user/.local/lib/python3.10/site-packages/airflow/example_dags/example_branch_datetime_operator.py
[2024-08-20T11:41:36.154+0700] {logging_mixin.py:190} INFO - [2024-08-20T11:41:36.154+0700] {dag.py:3211} INFO - Sync 3 DAGs
[2024-08-20T11:41:36.177+0700] {logging_mixin.py:190} INFO - [2024-08-20T11:41:36.176+0700] {dag.py:4138} INFO - Setting next_dagrun for example_branch_datetime_operator to 2024-08-19 00:00:00+00:00, run_after=2024-08-20 00:00:00+00:00
[2024-08-20T11:41:36.181+0700] {logging_mixin.py:190} INFO - [2024-08-20T11:41:36.181+0700] {dag.py:4138} INFO - Setting next_dagrun for example_branch_datetime_operator_2 to 2024-08-19 00:00:00+00:00, run_after=2024-08-20 00:00:00+00:00
[2024-08-20T11:41:36.183+0700] {logging_mixin.py:190} INFO - [2024-08-20T11:41:36.183+0700] {dag.py:4138} INFO - Setting next_dagrun for example_branch_datetime_operator_3 to 2024-08-19 00:00:00+00:00, run_after=2024-08-20 00:00:00+00:00
[2024-08-20T11:41:36.204+0700] {processor.py:208} INFO - Processing /home/user/.local/lib/python3.10/site-packages/airflow/example_dags/example_branch_datetime_operator.py took 0.106 seconds
[2024-08-20T11:42:30.308+0700] {processor.py:186} INFO - Started process (PID=42928) to work on /home/user/.local/lib/python3.10/site-packages/airflow/example_dags/example_branch_datetime_operator.py
[2024-08-20T11:42:30.309+0700] {processor.py:914} INFO - Processing file /home/user/.local/lib/python3.10/site-packages/airflow/example_dags/example_branch_datetime_operator.py for tasks to queue
[2024-08-20T11:42:30.311+0700] {logging_mixin.py:190} INFO - [2024-08-20T11:42:30.311+0700] {dagbag.py:587} INFO - Filling up the DagBag from /home/user/.local/lib/python3.10/site-packages/airflow/example_dags/example_branch_datetime_operator.py
[2024-08-20T11:42:30.322+0700] {processor.py:925} INFO - DAG(s) 'example_branch_datetime_operator_2', 'example_branch_datetime_operator_3', 'example_branch_datetime_operator' retrieved from /home/user/.local/lib/python3.10/site-packages/airflow/example_dags/example_branch_datetime_operator.py
[2024-08-20T11:42:30.338+0700] {logging_mixin.py:190} INFO - [2024-08-20T11:42:30.338+0700] {dag.py:3211} INFO - Sync 3 DAGs
[2024-08-20T11:42:30.353+0700] {logging_mixin.py:190} INFO - [2024-08-20T11:42:30.353+0700] {dag.py:4138} INFO - Setting next_dagrun for example_branch_datetime_operator to 2024-08-19 00:00:00+00:00, run_after=2024-08-20 00:00:00+00:00
[2024-08-20T11:42:30.356+0700] {logging_mixin.py:190} INFO - [2024-08-20T11:42:30.356+0700] {dag.py:4138} INFO - Setting next_dagrun for example_branch_datetime_operator_2 to 2024-08-19 00:00:00+00:00, run_after=2024-08-20 00:00:00+00:00
[2024-08-20T11:42:30.358+0700] {logging_mixin.py:190} INFO - [2024-08-20T11:42:30.358+0700] {dag.py:4138} INFO - Setting next_dagrun for example_branch_datetime_operator_3 to 2024-08-19 00:00:00+00:00, run_after=2024-08-20 00:00:00+00:00
[2024-08-20T11:42:30.375+0700] {processor.py:208} INFO - Processing /home/user/.local/lib/python3.10/site-packages/airflow/example_dags/example_branch_datetime_operator.py took 0.072 seconds
[2024-08-20T11:43:20.699+0700] {processor.py:186} INFO - Started process (PID=43324) to work on /home/user/.local/lib/python3.10/site-packages/airflow/example_dags/example_branch_datetime_operator.py
[2024-08-20T11:43:20.701+0700] {processor.py:914} INFO - Processing file /home/user/.local/lib/python3.10/site-packages/airflow/example_dags/example_branch_datetime_operator.py for tasks to queue
[2024-08-20T11:43:20.703+0700] {logging_mixin.py:190} INFO - [2024-08-20T11:43:20.702+0700] {dagbag.py:587} INFO - Filling up the DagBag from /home/user/.local/lib/python3.10/site-packages/airflow/example_dags/example_branch_datetime_operator.py
[2024-08-20T11:43:20.713+0700] {processor.py:925} INFO - DAG(s) 'example_branch_datetime_operator_2', 'example_branch_datetime_operator_3', 'example_branch_datetime_operator' retrieved from /home/user/.local/lib/python3.10/site-packages/airflow/example_dags/example_branch_datetime_operator.py
[2024-08-20T11:43:20.733+0700] {logging_mixin.py:190} INFO - [2024-08-20T11:43:20.733+0700] {dag.py:3211} INFO - Sync 3 DAGs
[2024-08-20T11:43:20.761+0700] {logging_mixin.py:190} INFO - [2024-08-20T11:43:20.761+0700] {dag.py:4138} INFO - Setting next_dagrun for example_branch_datetime_operator to 2024-08-19 00:00:00+00:00, run_after=2024-08-20 00:00:00+00:00
[2024-08-20T11:43:20.765+0700] {logging_mixin.py:190} INFO - [2024-08-20T11:43:20.764+0700] {dag.py:4138} INFO - Setting next_dagrun for example_branch_datetime_operator_2 to 2024-08-19 00:00:00+00:00, run_after=2024-08-20 00:00:00+00:00
[2024-08-20T11:43:20.766+0700] {logging_mixin.py:190} INFO - [2024-08-20T11:43:20.766+0700] {dag.py:4138} INFO - Setting next_dagrun for example_branch_datetime_operator_3 to 2024-08-19 00:00:00+00:00, run_after=2024-08-20 00:00:00+00:00
[2024-08-20T11:43:20.789+0700] {processor.py:208} INFO - Processing /home/user/.local/lib/python3.10/site-packages/airflow/example_dags/example_branch_datetime_operator.py took 0.096 seconds
[2024-08-20T11:44:10.474+0700] {processor.py:186} INFO - Started process (PID=43717) to work on /home/user/.local/lib/python3.10/site-packages/airflow/example_dags/example_branch_datetime_operator.py
[2024-08-20T11:44:10.476+0700] {processor.py:914} INFO - Processing file /home/user/.local/lib/python3.10/site-packages/airflow/example_dags/example_branch_datetime_operator.py for tasks to queue
[2024-08-20T11:44:10.478+0700] {logging_mixin.py:190} INFO - [2024-08-20T11:44:10.477+0700] {dagbag.py:587} INFO - Filling up the DagBag from /home/user/.local/lib/python3.10/site-packages/airflow/example_dags/example_branch_datetime_operator.py
[2024-08-20T11:44:10.488+0700] {processor.py:925} INFO - DAG(s) 'example_branch_datetime_operator_3', 'example_branch_datetime_operator', 'example_branch_datetime_operator_2' retrieved from /home/user/.local/lib/python3.10/site-packages/airflow/example_dags/example_branch_datetime_operator.py
[2024-08-20T11:44:10.506+0700] {logging_mixin.py:190} INFO - [2024-08-20T11:44:10.505+0700] {dag.py:3211} INFO - Sync 3 DAGs
[2024-08-20T11:44:10.521+0700] {logging_mixin.py:190} INFO - [2024-08-20T11:44:10.521+0700] {dag.py:4138} INFO - Setting next_dagrun for example_branch_datetime_operator to 2024-08-19 00:00:00+00:00, run_after=2024-08-20 00:00:00+00:00
[2024-08-20T11:44:10.524+0700] {logging_mixin.py:190} INFO - [2024-08-20T11:44:10.524+0700] {dag.py:4138} INFO - Setting next_dagrun for example_branch_datetime_operator_2 to 2024-08-19 00:00:00+00:00, run_after=2024-08-20 00:00:00+00:00
[2024-08-20T11:44:10.525+0700] {logging_mixin.py:190} INFO - [2024-08-20T11:44:10.525+0700] {dag.py:4138} INFO - Setting next_dagrun for example_branch_datetime_operator_3 to 2024-08-19 00:00:00+00:00, run_after=2024-08-20 00:00:00+00:00
[2024-08-20T11:44:10.543+0700] {processor.py:208} INFO - Processing /home/user/.local/lib/python3.10/site-packages/airflow/example_dags/example_branch_datetime_operator.py took 0.073 seconds
[2024-08-20T11:44:58.453+0700] {processor.py:186} INFO - Started process (PID=44099) to work on /home/user/.local/lib/python3.10/site-packages/airflow/example_dags/example_branch_datetime_operator.py
[2024-08-20T11:44:58.454+0700] {processor.py:914} INFO - Processing file /home/user/.local/lib/python3.10/site-packages/airflow/example_dags/example_branch_datetime_operator.py for tasks to queue
[2024-08-20T11:44:58.456+0700] {logging_mixin.py:190} INFO - [2024-08-20T11:44:58.455+0700] {dagbag.py:587} INFO - Filling up the DagBag from /home/user/.local/lib/python3.10/site-packages/airflow/example_dags/example_branch_datetime_operator.py
[2024-08-20T11:44:58.465+0700] {processor.py:925} INFO - DAG(s) 'example_branch_datetime_operator_2', 'example_branch_datetime_operator_3', 'example_branch_datetime_operator' retrieved from /home/user/.local/lib/python3.10/site-packages/airflow/example_dags/example_branch_datetime_operator.py
[2024-08-20T11:44:58.480+0700] {logging_mixin.py:190} INFO - [2024-08-20T11:44:58.480+0700] {dag.py:3211} INFO - Sync 3 DAGs
[2024-08-20T11:44:58.495+0700] {logging_mixin.py:190} INFO - [2024-08-20T11:44:58.495+0700] {dag.py:4138} INFO - Setting next_dagrun for example_branch_datetime_operator to 2024-08-19 00:00:00+00:00, run_after=2024-08-20 00:00:00+00:00
[2024-08-20T11:44:58.498+0700] {logging_mixin.py:190} INFO - [2024-08-20T11:44:58.497+0700] {dag.py:4138} INFO - Setting next_dagrun for example_branch_datetime_operator_2 to 2024-08-19 00:00:00+00:00, run_after=2024-08-20 00:00:00+00:00
[2024-08-20T11:44:58.499+0700] {logging_mixin.py:190} INFO - [2024-08-20T11:44:58.499+0700] {dag.py:4138} INFO - Setting next_dagrun for example_branch_datetime_operator_3 to 2024-08-19 00:00:00+00:00, run_after=2024-08-20 00:00:00+00:00
[2024-08-20T11:44:58.521+0700] {processor.py:208} INFO - Processing /home/user/.local/lib/python3.10/site-packages/airflow/example_dags/example_branch_datetime_operator.py took 0.073 seconds
[2024-08-20T11:45:50.053+0700] {processor.py:186} INFO - Started process (PID=44505) to work on /home/user/.local/lib/python3.10/site-packages/airflow/example_dags/example_branch_datetime_operator.py
[2024-08-20T11:45:50.055+0700] {processor.py:914} INFO - Processing file /home/user/.local/lib/python3.10/site-packages/airflow/example_dags/example_branch_datetime_operator.py for tasks to queue
[2024-08-20T11:45:50.057+0700] {logging_mixin.py:190} INFO - [2024-08-20T11:45:50.056+0700] {dagbag.py:587} INFO - Filling up the DagBag from /home/user/.local/lib/python3.10/site-packages/airflow/example_dags/example_branch_datetime_operator.py
[2024-08-20T11:45:50.069+0700] {processor.py:925} INFO - DAG(s) 'example_branch_datetime_operator_2', 'example_branch_datetime_operator', 'example_branch_datetime_operator_3' retrieved from /home/user/.local/lib/python3.10/site-packages/airflow/example_dags/example_branch_datetime_operator.py
[2024-08-20T11:45:50.086+0700] {logging_mixin.py:190} INFO - [2024-08-20T11:45:50.086+0700] {dag.py:3211} INFO - Sync 3 DAGs
[2024-08-20T11:45:50.101+0700] {logging_mixin.py:190} INFO - [2024-08-20T11:45:50.100+0700] {dag.py:4138} INFO - Setting next_dagrun for example_branch_datetime_operator to 2024-08-19 00:00:00+00:00, run_after=2024-08-20 00:00:00+00:00
[2024-08-20T11:45:50.103+0700] {logging_mixin.py:190} INFO - [2024-08-20T11:45:50.103+0700] {dag.py:4138} INFO - Setting next_dagrun for example_branch_datetime_operator_2 to 2024-08-19 00:00:00+00:00, run_after=2024-08-20 00:00:00+00:00
[2024-08-20T11:45:50.104+0700] {logging_mixin.py:190} INFO - [2024-08-20T11:45:50.104+0700] {dag.py:4138} INFO - Setting next_dagrun for example_branch_datetime_operator_3 to 2024-08-19 00:00:00+00:00, run_after=2024-08-20 00:00:00+00:00
[2024-08-20T11:45:50.122+0700] {processor.py:208} INFO - Processing /home/user/.local/lib/python3.10/site-packages/airflow/example_dags/example_branch_datetime_operator.py took 0.074 seconds
