[2024-08-20T11:27:36.218+0700] {processor.py:186} INFO - Started process (PID=35453) to work on /home/user/.local/lib/python3.10/site-packages/airflow/example_dags/example_python_decorator.py
[2024-08-20T11:27:36.219+0700] {processor.py:914} INFO - Processing file /home/user/.local/lib/python3.10/site-packages/airflow/example_dags/example_python_decorator.py for tasks to queue
[2024-08-20T11:27:36.221+0700] {logging_mixin.py:190} INFO - [2024-08-20T11:27:36.220+0700] {dagbag.py:587} INFO - Filling up the DagBag from /home/user/.local/lib/python3.10/site-packages/airflow/example_dags/example_python_decorator.py
[2024-08-20T11:27:36.263+0700] {logging_mixin.py:190} INFO - [2024-08-20T11:27:36.262+0700] {example_python_decorator.py:80} WARNING - The virtalenv_python example task requires virtualenv, please install it.
[2024-08-20T11:27:36.266+0700] {processor.py:925} INFO - DAG(s) 'example_python_decorator' retrieved from /home/user/.local/lib/python3.10/site-packages/airflow/example_dags/example_python_decorator.py
[2024-08-20T11:27:36.370+0700] {logging_mixin.py:190} INFO - [2024-08-20T11:27:36.369+0700] {override.py:1858} INFO - Created Permission View: can read on DAG:example_python_decorator
[2024-08-20T11:27:36.386+0700] {logging_mixin.py:190} INFO - [2024-08-20T11:27:36.386+0700] {override.py:1858} INFO - Created Permission View: can delete on DAG:example_python_decorator
[2024-08-20T11:27:36.397+0700] {logging_mixin.py:190} INFO - [2024-08-20T11:27:36.396+0700] {override.py:1858} INFO - Created Permission View: can edit on DAG:example_python_decorator
[2024-08-20T11:27:36.397+0700] {logging_mixin.py:190} INFO - [2024-08-20T11:27:36.397+0700] {dag.py:3211} INFO - Sync 1 DAGs
[2024-08-20T11:27:36.409+0700] {logging_mixin.py:190} INFO - [2024-08-20T11:27:36.409+0700] {dag.py:3234} INFO - Creating ORM DAG for example_python_decorator
[2024-08-20T11:27:36.410+0700] {logging_mixin.py:190} INFO - [2024-08-20T11:27:36.410+0700] {dag.py:4138} INFO - Setting next_dagrun for example_python_decorator to None, run_after=None
[2024-08-20T11:27:36.430+0700] {processor.py:208} INFO - Processing /home/user/.local/lib/python3.10/site-packages/airflow/example_dags/example_python_decorator.py took 0.215 seconds
[2024-08-20T11:28:37.224+0700] {processor.py:186} INFO - Started process (PID=35941) to work on /home/user/.local/lib/python3.10/site-packages/airflow/example_dags/example_python_decorator.py
[2024-08-20T11:28:37.225+0700] {processor.py:914} INFO - Processing file /home/user/.local/lib/python3.10/site-packages/airflow/example_dags/example_python_decorator.py for tasks to queue
[2024-08-20T11:28:37.227+0700] {logging_mixin.py:190} INFO - [2024-08-20T11:28:37.226+0700] {dagbag.py:587} INFO - Filling up the DagBag from /home/user/.local/lib/python3.10/site-packages/airflow/example_dags/example_python_decorator.py
[2024-08-20T11:28:37.264+0700] {logging_mixin.py:190} INFO - [2024-08-20T11:28:37.264+0700] {example_python_decorator.py:80} WARNING - The virtalenv_python example task requires virtualenv, please install it.
[2024-08-20T11:28:37.266+0700] {processor.py:925} INFO - DAG(s) 'example_python_decorator' retrieved from /home/user/.local/lib/python3.10/site-packages/airflow/example_dags/example_python_decorator.py
[2024-08-20T11:28:37.280+0700] {logging_mixin.py:190} INFO - [2024-08-20T11:28:37.280+0700] {dag.py:3211} INFO - Sync 1 DAGs
[2024-08-20T11:28:37.290+0700] {logging_mixin.py:190} INFO - [2024-08-20T11:28:37.290+0700] {dag.py:4138} INFO - Setting next_dagrun for example_python_decorator to None, run_after=None
[2024-08-20T11:28:37.307+0700] {processor.py:208} INFO - Processing /home/user/.local/lib/python3.10/site-packages/airflow/example_dags/example_python_decorator.py took 0.088 seconds
[2024-08-20T11:29:32.983+0700] {processor.py:186} INFO - Started process (PID=36385) to work on /home/user/.local/lib/python3.10/site-packages/airflow/example_dags/example_python_decorator.py
[2024-08-20T11:29:32.984+0700] {processor.py:914} INFO - Processing file /home/user/.local/lib/python3.10/site-packages/airflow/example_dags/example_python_decorator.py for tasks to queue
[2024-08-20T11:29:32.986+0700] {logging_mixin.py:190} INFO - [2024-08-20T11:29:32.985+0700] {dagbag.py:587} INFO - Filling up the DagBag from /home/user/.local/lib/python3.10/site-packages/airflow/example_dags/example_python_decorator.py
[2024-08-20T11:29:33.015+0700] {logging_mixin.py:190} INFO - [2024-08-20T11:29:33.015+0700] {example_python_decorator.py:80} WARNING - The virtalenv_python example task requires virtualenv, please install it.
[2024-08-20T11:29:33.019+0700] {processor.py:925} INFO - DAG(s) 'example_python_decorator' retrieved from /home/user/.local/lib/python3.10/site-packages/airflow/example_dags/example_python_decorator.py
[2024-08-20T11:29:33.040+0700] {logging_mixin.py:190} INFO - [2024-08-20T11:29:33.040+0700] {dag.py:3211} INFO - Sync 1 DAGs
[2024-08-20T11:29:33.051+0700] {logging_mixin.py:190} INFO - [2024-08-20T11:29:33.051+0700] {dag.py:4138} INFO - Setting next_dagrun for example_python_decorator to None, run_after=None
[2024-08-20T11:29:33.071+0700] {processor.py:208} INFO - Processing /home/user/.local/lib/python3.10/site-packages/airflow/example_dags/example_python_decorator.py took 0.093 seconds
[2024-08-20T11:30:26.125+0700] {processor.py:186} INFO - Started process (PID=36806) to work on /home/user/.local/lib/python3.10/site-packages/airflow/example_dags/example_python_decorator.py
[2024-08-20T11:30:26.131+0700] {processor.py:914} INFO - Processing file /home/user/.local/lib/python3.10/site-packages/airflow/example_dags/example_python_decorator.py for tasks to queue
[2024-08-20T11:30:26.132+0700] {logging_mixin.py:190} INFO - [2024-08-20T11:30:26.132+0700] {dagbag.py:587} INFO - Filling up the DagBag from /home/user/.local/lib/python3.10/site-packages/airflow/example_dags/example_python_decorator.py
[2024-08-20T11:30:26.163+0700] {logging_mixin.py:190} INFO - [2024-08-20T11:30:26.162+0700] {example_python_decorator.py:80} WARNING - The virtalenv_python example task requires virtualenv, please install it.
[2024-08-20T11:30:26.164+0700] {processor.py:925} INFO - DAG(s) 'example_python_decorator' retrieved from /home/user/.local/lib/python3.10/site-packages/airflow/example_dags/example_python_decorator.py
[2024-08-20T11:30:26.177+0700] {logging_mixin.py:190} INFO - [2024-08-20T11:30:26.177+0700] {dag.py:3211} INFO - Sync 1 DAGs
[2024-08-20T11:30:26.185+0700] {logging_mixin.py:190} INFO - [2024-08-20T11:30:26.185+0700] {dag.py:4138} INFO - Setting next_dagrun for example_python_decorator to None, run_after=None
[2024-08-20T11:30:26.204+0700] {processor.py:208} INFO - Processing /home/user/.local/lib/python3.10/site-packages/airflow/example_dags/example_python_decorator.py took 0.084 seconds
[2024-08-20T11:31:02.736+0700] {processor.py:186} INFO - Started process (PID=37097) to work on /home/user/.local/lib/python3.10/site-packages/airflow/example_dags/example_python_decorator.py
[2024-08-20T11:31:02.737+0700] {processor.py:914} INFO - Processing file /home/user/.local/lib/python3.10/site-packages/airflow/example_dags/example_python_decorator.py for tasks to queue
[2024-08-20T11:31:02.739+0700] {logging_mixin.py:190} INFO - [2024-08-20T11:31:02.739+0700] {dagbag.py:587} INFO - Filling up the DagBag from /home/user/.local/lib/python3.10/site-packages/airflow/example_dags/example_python_decorator.py
[2024-08-20T11:31:02.778+0700] {logging_mixin.py:190} INFO - [2024-08-20T11:31:02.777+0700] {example_python_decorator.py:80} WARNING - The virtalenv_python example task requires virtualenv, please install it.
[2024-08-20T11:31:02.780+0700] {processor.py:925} INFO - DAG(s) 'example_python_decorator' retrieved from /home/user/.local/lib/python3.10/site-packages/airflow/example_dags/example_python_decorator.py
[2024-08-20T11:31:02.800+0700] {logging_mixin.py:190} INFO - [2024-08-20T11:31:02.799+0700] {dag.py:3211} INFO - Sync 1 DAGs
[2024-08-20T11:31:02.813+0700] {logging_mixin.py:190} INFO - [2024-08-20T11:31:02.813+0700] {dag.py:4138} INFO - Setting next_dagrun for example_python_decorator to None, run_after=None
[2024-08-20T11:31:02.838+0700] {processor.py:208} INFO - Processing /home/user/.local/lib/python3.10/site-packages/airflow/example_dags/example_python_decorator.py took 0.108 seconds
[2024-08-20T11:32:00.862+0700] {processor.py:186} INFO - Started process (PID=37886) to work on /home/user/.local/lib/python3.10/site-packages/airflow/example_dags/example_python_decorator.py
[2024-08-20T11:32:00.863+0700] {processor.py:914} INFO - Processing file /home/user/.local/lib/python3.10/site-packages/airflow/example_dags/example_python_decorator.py for tasks to queue
[2024-08-20T11:32:00.868+0700] {logging_mixin.py:190} INFO - [2024-08-20T11:32:00.867+0700] {dagbag.py:587} INFO - Filling up the DagBag from /home/user/.local/lib/python3.10/site-packages/airflow/example_dags/example_python_decorator.py
[2024-08-20T11:32:00.910+0700] {logging_mixin.py:190} INFO - [2024-08-20T11:32:00.909+0700] {example_python_decorator.py:80} WARNING - The virtalenv_python example task requires virtualenv, please install it.
[2024-08-20T11:32:00.913+0700] {processor.py:925} INFO - DAG(s) 'example_python_decorator' retrieved from /home/user/.local/lib/python3.10/site-packages/airflow/example_dags/example_python_decorator.py
[2024-08-20T11:32:00.939+0700] {logging_mixin.py:190} INFO - [2024-08-20T11:32:00.939+0700] {dag.py:3211} INFO - Sync 1 DAGs
[2024-08-20T11:32:00.952+0700] {logging_mixin.py:190} INFO - [2024-08-20T11:32:00.952+0700] {dag.py:4138} INFO - Setting next_dagrun for example_python_decorator to None, run_after=None
[2024-08-20T11:32:00.975+0700] {processor.py:208} INFO - Processing /home/user/.local/lib/python3.10/site-packages/airflow/example_dags/example_python_decorator.py took 0.122 seconds
[2024-08-20T11:32:56.546+0700] {processor.py:186} INFO - Started process (PID=38336) to work on /home/user/.local/lib/python3.10/site-packages/airflow/example_dags/example_python_decorator.py
[2024-08-20T11:32:56.574+0700] {processor.py:914} INFO - Processing file /home/user/.local/lib/python3.10/site-packages/airflow/example_dags/example_python_decorator.py for tasks to queue
[2024-08-20T11:32:56.576+0700] {logging_mixin.py:190} INFO - [2024-08-20T11:32:56.576+0700] {dagbag.py:587} INFO - Filling up the DagBag from /home/user/.local/lib/python3.10/site-packages/airflow/example_dags/example_python_decorator.py
[2024-08-20T11:32:56.641+0700] {logging_mixin.py:190} INFO - [2024-08-20T11:32:56.640+0700] {example_python_decorator.py:80} WARNING - The virtalenv_python example task requires virtualenv, please install it.
[2024-08-20T11:32:56.643+0700] {processor.py:925} INFO - DAG(s) 'example_python_decorator' retrieved from /home/user/.local/lib/python3.10/site-packages/airflow/example_dags/example_python_decorator.py
[2024-08-20T11:32:56.659+0700] {logging_mixin.py:190} INFO - [2024-08-20T11:32:56.659+0700] {dag.py:3211} INFO - Sync 1 DAGs
[2024-08-20T11:32:56.668+0700] {logging_mixin.py:190} INFO - [2024-08-20T11:32:56.668+0700] {dag.py:4138} INFO - Setting next_dagrun for example_python_decorator to None, run_after=None
[2024-08-20T11:32:56.690+0700] {processor.py:208} INFO - Processing /home/user/.local/lib/python3.10/site-packages/airflow/example_dags/example_python_decorator.py took 0.149 seconds
[2024-08-20T11:33:50.380+0700] {processor.py:186} INFO - Started process (PID=38762) to work on /home/user/.local/lib/python3.10/site-packages/airflow/example_dags/example_python_decorator.py
[2024-08-20T11:33:50.383+0700] {processor.py:914} INFO - Processing file /home/user/.local/lib/python3.10/site-packages/airflow/example_dags/example_python_decorator.py for tasks to queue
[2024-08-20T11:33:50.385+0700] {logging_mixin.py:190} INFO - [2024-08-20T11:33:50.385+0700] {dagbag.py:587} INFO - Filling up the DagBag from /home/user/.local/lib/python3.10/site-packages/airflow/example_dags/example_python_decorator.py
[2024-08-20T11:33:50.416+0700] {logging_mixin.py:190} INFO - [2024-08-20T11:33:50.416+0700] {example_python_decorator.py:80} WARNING - The virtalenv_python example task requires virtualenv, please install it.
[2024-08-20T11:33:50.419+0700] {processor.py:925} INFO - DAG(s) 'example_python_decorator' retrieved from /home/user/.local/lib/python3.10/site-packages/airflow/example_dags/example_python_decorator.py
[2024-08-20T11:33:50.433+0700] {logging_mixin.py:190} INFO - [2024-08-20T11:33:50.432+0700] {dag.py:3211} INFO - Sync 1 DAGs
[2024-08-20T11:33:50.443+0700] {logging_mixin.py:190} INFO - [2024-08-20T11:33:50.442+0700] {dag.py:4138} INFO - Setting next_dagrun for example_python_decorator to None, run_after=None
[2024-08-20T11:33:50.461+0700] {processor.py:208} INFO - Processing /home/user/.local/lib/python3.10/site-packages/airflow/example_dags/example_python_decorator.py took 0.089 seconds
[2024-08-20T11:34:38.949+0700] {processor.py:186} INFO - Started process (PID=39144) to work on /home/user/.local/lib/python3.10/site-packages/airflow/example_dags/example_python_decorator.py
[2024-08-20T11:34:38.950+0700] {processor.py:914} INFO - Processing file /home/user/.local/lib/python3.10/site-packages/airflow/example_dags/example_python_decorator.py for tasks to queue
[2024-08-20T11:34:38.952+0700] {logging_mixin.py:190} INFO - [2024-08-20T11:34:38.952+0700] {dagbag.py:587} INFO - Filling up the DagBag from /home/user/.local/lib/python3.10/site-packages/airflow/example_dags/example_python_decorator.py
[2024-08-20T11:34:38.981+0700] {logging_mixin.py:190} INFO - [2024-08-20T11:34:38.980+0700] {example_python_decorator.py:80} WARNING - The virtalenv_python example task requires virtualenv, please install it.
[2024-08-20T11:34:38.983+0700] {processor.py:925} INFO - DAG(s) 'example_python_decorator' retrieved from /home/user/.local/lib/python3.10/site-packages/airflow/example_dags/example_python_decorator.py
[2024-08-20T11:34:38.997+0700] {logging_mixin.py:190} INFO - [2024-08-20T11:34:38.997+0700] {dag.py:3211} INFO - Sync 1 DAGs
[2024-08-20T11:34:39.006+0700] {logging_mixin.py:190} INFO - [2024-08-20T11:34:39.006+0700] {dag.py:4138} INFO - Setting next_dagrun for example_python_decorator to None, run_after=None
[2024-08-20T11:34:39.025+0700] {processor.py:208} INFO - Processing /home/user/.local/lib/python3.10/site-packages/airflow/example_dags/example_python_decorator.py took 0.081 seconds
[2024-08-20T11:35:34.668+0700] {processor.py:186} INFO - Started process (PID=39582) to work on /home/user/.local/lib/python3.10/site-packages/airflow/example_dags/example_python_decorator.py
[2024-08-20T11:35:34.669+0700] {processor.py:914} INFO - Processing file /home/user/.local/lib/python3.10/site-packages/airflow/example_dags/example_python_decorator.py for tasks to queue
[2024-08-20T11:35:34.672+0700] {logging_mixin.py:190} INFO - [2024-08-20T11:35:34.672+0700] {dagbag.py:587} INFO - Filling up the DagBag from /home/user/.local/lib/python3.10/site-packages/airflow/example_dags/example_python_decorator.py
[2024-08-20T11:35:34.702+0700] {logging_mixin.py:190} INFO - [2024-08-20T11:35:34.702+0700] {example_python_decorator.py:80} WARNING - The virtalenv_python example task requires virtualenv, please install it.
[2024-08-20T11:35:34.704+0700] {processor.py:925} INFO - DAG(s) 'example_python_decorator' retrieved from /home/user/.local/lib/python3.10/site-packages/airflow/example_dags/example_python_decorator.py
[2024-08-20T11:35:34.724+0700] {logging_mixin.py:190} INFO - [2024-08-20T11:35:34.723+0700] {dag.py:3211} INFO - Sync 1 DAGs
[2024-08-20T11:35:34.732+0700] {logging_mixin.py:190} INFO - [2024-08-20T11:35:34.732+0700] {dag.py:4138} INFO - Setting next_dagrun for example_python_decorator to None, run_after=None
[2024-08-20T11:35:34.756+0700] {processor.py:208} INFO - Processing /home/user/.local/lib/python3.10/site-packages/airflow/example_dags/example_python_decorator.py took 0.097 seconds
[2024-08-20T11:36:28.147+0700] {processor.py:186} INFO - Started process (PID=40006) to work on /home/user/.local/lib/python3.10/site-packages/airflow/example_dags/example_python_decorator.py
[2024-08-20T11:36:28.149+0700] {processor.py:914} INFO - Processing file /home/user/.local/lib/python3.10/site-packages/airflow/example_dags/example_python_decorator.py for tasks to queue
[2024-08-20T11:36:28.153+0700] {logging_mixin.py:190} INFO - [2024-08-20T11:36:28.153+0700] {dagbag.py:587} INFO - Filling up the DagBag from /home/user/.local/lib/python3.10/site-packages/airflow/example_dags/example_python_decorator.py
[2024-08-20T11:36:28.184+0700] {logging_mixin.py:190} INFO - [2024-08-20T11:36:28.183+0700] {example_python_decorator.py:80} WARNING - The virtalenv_python example task requires virtualenv, please install it.
[2024-08-20T11:36:28.187+0700] {processor.py:925} INFO - DAG(s) 'example_python_decorator' retrieved from /home/user/.local/lib/python3.10/site-packages/airflow/example_dags/example_python_decorator.py
[2024-08-20T11:36:28.204+0700] {logging_mixin.py:190} INFO - [2024-08-20T11:36:28.204+0700] {dag.py:3211} INFO - Sync 1 DAGs
[2024-08-20T11:36:28.213+0700] {logging_mixin.py:190} INFO - [2024-08-20T11:36:28.213+0700] {dag.py:4138} INFO - Setting next_dagrun for example_python_decorator to None, run_after=None
[2024-08-20T11:36:28.234+0700] {processor.py:208} INFO - Processing /home/user/.local/lib/python3.10/site-packages/airflow/example_dags/example_python_decorator.py took 0.092 seconds
[2024-08-20T11:37:18.530+0700] {processor.py:186} INFO - Started process (PID=40405) to work on /home/user/.local/lib/python3.10/site-packages/airflow/example_dags/example_python_decorator.py
[2024-08-20T11:37:18.531+0700] {processor.py:914} INFO - Processing file /home/user/.local/lib/python3.10/site-packages/airflow/example_dags/example_python_decorator.py for tasks to queue
[2024-08-20T11:37:18.533+0700] {logging_mixin.py:190} INFO - [2024-08-20T11:37:18.532+0700] {dagbag.py:587} INFO - Filling up the DagBag from /home/user/.local/lib/python3.10/site-packages/airflow/example_dags/example_python_decorator.py
[2024-08-20T11:37:18.551+0700] {logging_mixin.py:190} INFO - [2024-08-20T11:37:18.551+0700] {example_python_decorator.py:80} WARNING - The virtalenv_python example task requires virtualenv, please install it.
[2024-08-20T11:37:18.553+0700] {processor.py:925} INFO - DAG(s) 'example_python_decorator' retrieved from /home/user/.local/lib/python3.10/site-packages/airflow/example_dags/example_python_decorator.py
[2024-08-20T11:37:18.564+0700] {logging_mixin.py:190} INFO - [2024-08-20T11:37:18.564+0700] {dag.py:3211} INFO - Sync 1 DAGs
[2024-08-20T11:37:18.570+0700] {logging_mixin.py:190} INFO - [2024-08-20T11:37:18.570+0700] {dag.py:4138} INFO - Setting next_dagrun for example_python_decorator to None, run_after=None
[2024-08-20T11:37:18.583+0700] {processor.py:208} INFO - Processing /home/user/.local/lib/python3.10/site-packages/airflow/example_dags/example_python_decorator.py took 0.058 seconds
[2024-08-20T11:38:08.946+0700] {processor.py:186} INFO - Started process (PID=40823) to work on /home/user/.local/lib/python3.10/site-packages/airflow/example_dags/example_python_decorator.py
[2024-08-20T11:38:08.948+0700] {processor.py:914} INFO - Processing file /home/user/.local/lib/python3.10/site-packages/airflow/example_dags/example_python_decorator.py for tasks to queue
[2024-08-20T11:38:08.950+0700] {logging_mixin.py:190} INFO - [2024-08-20T11:38:08.949+0700] {dagbag.py:587} INFO - Filling up the DagBag from /home/user/.local/lib/python3.10/site-packages/airflow/example_dags/example_python_decorator.py
[2024-08-20T11:38:08.978+0700] {logging_mixin.py:190} INFO - [2024-08-20T11:38:08.978+0700] {example_python_decorator.py:80} WARNING - The virtalenv_python example task requires virtualenv, please install it.
[2024-08-20T11:38:08.980+0700] {processor.py:925} INFO - DAG(s) 'example_python_decorator' retrieved from /home/user/.local/lib/python3.10/site-packages/airflow/example_dags/example_python_decorator.py
[2024-08-20T11:38:08.994+0700] {logging_mixin.py:190} INFO - [2024-08-20T11:38:08.994+0700] {dag.py:3211} INFO - Sync 1 DAGs
[2024-08-20T11:38:09.003+0700] {logging_mixin.py:190} INFO - [2024-08-20T11:38:09.003+0700] {dag.py:4138} INFO - Setting next_dagrun for example_python_decorator to None, run_after=None
[2024-08-20T11:38:09.019+0700] {processor.py:208} INFO - Processing /home/user/.local/lib/python3.10/site-packages/airflow/example_dags/example_python_decorator.py took 0.077 seconds
[2024-08-20T11:39:03.794+0700] {processor.py:186} INFO - Started process (PID=41263) to work on /home/user/.local/lib/python3.10/site-packages/airflow/example_dags/example_python_decorator.py
[2024-08-20T11:39:03.795+0700] {processor.py:914} INFO - Processing file /home/user/.local/lib/python3.10/site-packages/airflow/example_dags/example_python_decorator.py for tasks to queue
[2024-08-20T11:39:03.797+0700] {logging_mixin.py:190} INFO - [2024-08-20T11:39:03.797+0700] {dagbag.py:587} INFO - Filling up the DagBag from /home/user/.local/lib/python3.10/site-packages/airflow/example_dags/example_python_decorator.py
[2024-08-20T11:39:03.832+0700] {logging_mixin.py:190} INFO - [2024-08-20T11:39:03.831+0700] {example_python_decorator.py:80} WARNING - The virtalenv_python example task requires virtualenv, please install it.
[2024-08-20T11:39:03.835+0700] {processor.py:925} INFO - DAG(s) 'example_python_decorator' retrieved from /home/user/.local/lib/python3.10/site-packages/airflow/example_dags/example_python_decorator.py
[2024-08-20T11:39:03.899+0700] {logging_mixin.py:190} INFO - [2024-08-20T11:39:03.899+0700] {dag.py:3211} INFO - Sync 1 DAGs
[2024-08-20T11:39:03.942+0700] {logging_mixin.py:190} INFO - [2024-08-20T11:39:03.942+0700] {dag.py:4138} INFO - Setting next_dagrun for example_python_decorator to None, run_after=None
[2024-08-20T11:39:03.980+0700] {processor.py:208} INFO - Processing /home/user/.local/lib/python3.10/site-packages/airflow/example_dags/example_python_decorator.py took 0.193 seconds
[2024-08-20T11:39:56.418+0700] {processor.py:186} INFO - Started process (PID=41691) to work on /home/user/.local/lib/python3.10/site-packages/airflow/example_dags/example_python_decorator.py
[2024-08-20T11:39:56.420+0700] {processor.py:914} INFO - Processing file /home/user/.local/lib/python3.10/site-packages/airflow/example_dags/example_python_decorator.py for tasks to queue
[2024-08-20T11:39:56.422+0700] {logging_mixin.py:190} INFO - [2024-08-20T11:39:56.422+0700] {dagbag.py:587} INFO - Filling up the DagBag from /home/user/.local/lib/python3.10/site-packages/airflow/example_dags/example_python_decorator.py
[2024-08-20T11:39:56.456+0700] {logging_mixin.py:190} INFO - [2024-08-20T11:39:56.455+0700] {example_python_decorator.py:80} WARNING - The virtalenv_python example task requires virtualenv, please install it.
[2024-08-20T11:39:56.458+0700] {processor.py:925} INFO - DAG(s) 'example_python_decorator' retrieved from /home/user/.local/lib/python3.10/site-packages/airflow/example_dags/example_python_decorator.py
[2024-08-20T11:39:56.479+0700] {logging_mixin.py:190} INFO - [2024-08-20T11:39:56.478+0700] {dag.py:3211} INFO - Sync 1 DAGs
[2024-08-20T11:39:56.491+0700] {logging_mixin.py:190} INFO - [2024-08-20T11:39:56.490+0700] {dag.py:4138} INFO - Setting next_dagrun for example_python_decorator to None, run_after=None
[2024-08-20T11:39:56.517+0700] {processor.py:208} INFO - Processing /home/user/.local/lib/python3.10/site-packages/airflow/example_dags/example_python_decorator.py took 0.104 seconds
[2024-08-20T11:40:43.864+0700] {processor.py:186} INFO - Started process (PID=42075) to work on /home/user/.local/lib/python3.10/site-packages/airflow/example_dags/example_python_decorator.py
[2024-08-20T11:40:43.865+0700] {processor.py:914} INFO - Processing file /home/user/.local/lib/python3.10/site-packages/airflow/example_dags/example_python_decorator.py for tasks to queue
[2024-08-20T11:40:43.868+0700] {logging_mixin.py:190} INFO - [2024-08-20T11:40:43.868+0700] {dagbag.py:587} INFO - Filling up the DagBag from /home/user/.local/lib/python3.10/site-packages/airflow/example_dags/example_python_decorator.py
[2024-08-20T11:40:43.900+0700] {logging_mixin.py:190} INFO - [2024-08-20T11:40:43.900+0700] {example_python_decorator.py:80} WARNING - The virtalenv_python example task requires virtualenv, please install it.
[2024-08-20T11:40:43.902+0700] {processor.py:925} INFO - DAG(s) 'example_python_decorator' retrieved from /home/user/.local/lib/python3.10/site-packages/airflow/example_dags/example_python_decorator.py
[2024-08-20T11:40:43.920+0700] {logging_mixin.py:190} INFO - [2024-08-20T11:40:43.919+0700] {dag.py:3211} INFO - Sync 1 DAGs
[2024-08-20T11:40:43.931+0700] {logging_mixin.py:190} INFO - [2024-08-20T11:40:43.931+0700] {dag.py:4138} INFO - Setting next_dagrun for example_python_decorator to None, run_after=None
[2024-08-20T11:40:43.952+0700] {processor.py:208} INFO - Processing /home/user/.local/lib/python3.10/site-packages/airflow/example_dags/example_python_decorator.py took 0.094 seconds
[2024-08-20T11:41:34.966+0700] {processor.py:186} INFO - Started process (PID=42486) to work on /home/user/.local/lib/python3.10/site-packages/airflow/example_dags/example_python_decorator.py
[2024-08-20T11:41:34.967+0700] {processor.py:914} INFO - Processing file /home/user/.local/lib/python3.10/site-packages/airflow/example_dags/example_python_decorator.py for tasks to queue
[2024-08-20T11:41:34.969+0700] {logging_mixin.py:190} INFO - [2024-08-20T11:41:34.969+0700] {dagbag.py:587} INFO - Filling up the DagBag from /home/user/.local/lib/python3.10/site-packages/airflow/example_dags/example_python_decorator.py
[2024-08-20T11:41:35.003+0700] {logging_mixin.py:190} INFO - [2024-08-20T11:41:35.002+0700] {example_python_decorator.py:80} WARNING - The virtalenv_python example task requires virtualenv, please install it.
[2024-08-20T11:41:35.005+0700] {processor.py:925} INFO - DAG(s) 'example_python_decorator' retrieved from /home/user/.local/lib/python3.10/site-packages/airflow/example_dags/example_python_decorator.py
[2024-08-20T11:41:35.022+0700] {logging_mixin.py:190} INFO - [2024-08-20T11:41:35.022+0700] {dag.py:3211} INFO - Sync 1 DAGs
[2024-08-20T11:41:35.031+0700] {logging_mixin.py:190} INFO - [2024-08-20T11:41:35.031+0700] {dag.py:4138} INFO - Setting next_dagrun for example_python_decorator to None, run_after=None
[2024-08-20T11:41:35.050+0700] {processor.py:208} INFO - Processing /home/user/.local/lib/python3.10/site-packages/airflow/example_dags/example_python_decorator.py took 0.090 seconds
[2024-08-20T11:42:29.167+0700] {processor.py:186} INFO - Started process (PID=42917) to work on /home/user/.local/lib/python3.10/site-packages/airflow/example_dags/example_python_decorator.py
[2024-08-20T11:42:29.170+0700] {processor.py:914} INFO - Processing file /home/user/.local/lib/python3.10/site-packages/airflow/example_dags/example_python_decorator.py for tasks to queue
[2024-08-20T11:42:29.172+0700] {logging_mixin.py:190} INFO - [2024-08-20T11:42:29.172+0700] {dagbag.py:587} INFO - Filling up the DagBag from /home/user/.local/lib/python3.10/site-packages/airflow/example_dags/example_python_decorator.py
[2024-08-20T11:42:29.205+0700] {logging_mixin.py:190} INFO - [2024-08-20T11:42:29.205+0700] {example_python_decorator.py:80} WARNING - The virtalenv_python example task requires virtualenv, please install it.
[2024-08-20T11:42:29.207+0700] {processor.py:925} INFO - DAG(s) 'example_python_decorator' retrieved from /home/user/.local/lib/python3.10/site-packages/airflow/example_dags/example_python_decorator.py
[2024-08-20T11:42:29.225+0700] {logging_mixin.py:190} INFO - [2024-08-20T11:42:29.225+0700] {dag.py:3211} INFO - Sync 1 DAGs
[2024-08-20T11:42:29.234+0700] {logging_mixin.py:190} INFO - [2024-08-20T11:42:29.234+0700] {dag.py:4138} INFO - Setting next_dagrun for example_python_decorator to None, run_after=None
[2024-08-20T11:42:29.252+0700] {processor.py:208} INFO - Processing /home/user/.local/lib/python3.10/site-packages/airflow/example_dags/example_python_decorator.py took 0.090 seconds
[2024-08-20T11:43:19.454+0700] {processor.py:186} INFO - Started process (PID=43315) to work on /home/user/.local/lib/python3.10/site-packages/airflow/example_dags/example_python_decorator.py
[2024-08-20T11:43:19.456+0700] {processor.py:914} INFO - Processing file /home/user/.local/lib/python3.10/site-packages/airflow/example_dags/example_python_decorator.py for tasks to queue
[2024-08-20T11:43:19.459+0700] {logging_mixin.py:190} INFO - [2024-08-20T11:43:19.459+0700] {dagbag.py:587} INFO - Filling up the DagBag from /home/user/.local/lib/python3.10/site-packages/airflow/example_dags/example_python_decorator.py
[2024-08-20T11:43:19.485+0700] {logging_mixin.py:190} INFO - [2024-08-20T11:43:19.485+0700] {example_python_decorator.py:80} WARNING - The virtalenv_python example task requires virtualenv, please install it.
[2024-08-20T11:43:19.487+0700] {processor.py:925} INFO - DAG(s) 'example_python_decorator' retrieved from /home/user/.local/lib/python3.10/site-packages/airflow/example_dags/example_python_decorator.py
[2024-08-20T11:43:19.505+0700] {logging_mixin.py:190} INFO - [2024-08-20T11:43:19.505+0700] {dag.py:3211} INFO - Sync 1 DAGs
[2024-08-20T11:43:19.522+0700] {logging_mixin.py:190} INFO - [2024-08-20T11:43:19.521+0700] {dag.py:4138} INFO - Setting next_dagrun for example_python_decorator to None, run_after=None
[2024-08-20T11:43:19.547+0700] {processor.py:208} INFO - Processing /home/user/.local/lib/python3.10/site-packages/airflow/example_dags/example_python_decorator.py took 0.100 seconds
[2024-08-20T11:44:09.244+0700] {processor.py:186} INFO - Started process (PID=43711) to work on /home/user/.local/lib/python3.10/site-packages/airflow/example_dags/example_python_decorator.py
[2024-08-20T11:44:09.246+0700] {processor.py:914} INFO - Processing file /home/user/.local/lib/python3.10/site-packages/airflow/example_dags/example_python_decorator.py for tasks to queue
[2024-08-20T11:44:09.251+0700] {logging_mixin.py:190} INFO - [2024-08-20T11:44:09.250+0700] {dagbag.py:587} INFO - Filling up the DagBag from /home/user/.local/lib/python3.10/site-packages/airflow/example_dags/example_python_decorator.py
[2024-08-20T11:44:09.288+0700] {logging_mixin.py:190} INFO - [2024-08-20T11:44:09.288+0700] {example_python_decorator.py:80} WARNING - The virtalenv_python example task requires virtualenv, please install it.
[2024-08-20T11:44:09.293+0700] {processor.py:925} INFO - DAG(s) 'example_python_decorator' retrieved from /home/user/.local/lib/python3.10/site-packages/airflow/example_dags/example_python_decorator.py
[2024-08-20T11:44:09.326+0700] {logging_mixin.py:190} INFO - [2024-08-20T11:44:09.326+0700] {dag.py:3211} INFO - Sync 1 DAGs
[2024-08-20T11:44:09.343+0700] {logging_mixin.py:190} INFO - [2024-08-20T11:44:09.343+0700] {dag.py:4138} INFO - Setting next_dagrun for example_python_decorator to None, run_after=None
[2024-08-20T11:44:09.372+0700] {processor.py:208} INFO - Processing /home/user/.local/lib/python3.10/site-packages/airflow/example_dags/example_python_decorator.py took 0.138 seconds
[2024-08-20T11:44:57.307+0700] {processor.py:186} INFO - Started process (PID=44087) to work on /home/user/.local/lib/python3.10/site-packages/airflow/example_dags/example_python_decorator.py
[2024-08-20T11:44:57.309+0700] {processor.py:914} INFO - Processing file /home/user/.local/lib/python3.10/site-packages/airflow/example_dags/example_python_decorator.py for tasks to queue
[2024-08-20T11:44:57.311+0700] {logging_mixin.py:190} INFO - [2024-08-20T11:44:57.310+0700] {dagbag.py:587} INFO - Filling up the DagBag from /home/user/.local/lib/python3.10/site-packages/airflow/example_dags/example_python_decorator.py
[2024-08-20T11:44:57.336+0700] {logging_mixin.py:190} INFO - [2024-08-20T11:44:57.336+0700] {example_python_decorator.py:80} WARNING - The virtalenv_python example task requires virtualenv, please install it.
[2024-08-20T11:44:57.338+0700] {processor.py:925} INFO - DAG(s) 'example_python_decorator' retrieved from /home/user/.local/lib/python3.10/site-packages/airflow/example_dags/example_python_decorator.py
[2024-08-20T11:44:57.355+0700] {logging_mixin.py:190} INFO - [2024-08-20T11:44:57.355+0700] {dag.py:3211} INFO - Sync 1 DAGs
[2024-08-20T11:44:57.363+0700] {logging_mixin.py:190} INFO - [2024-08-20T11:44:57.363+0700] {dag.py:4138} INFO - Setting next_dagrun for example_python_decorator to None, run_after=None
[2024-08-20T11:44:57.381+0700] {processor.py:208} INFO - Processing /home/user/.local/lib/python3.10/site-packages/airflow/example_dags/example_python_decorator.py took 0.078 seconds
[2024-08-20T11:45:48.905+0700] {processor.py:186} INFO - Started process (PID=44493) to work on /home/user/.local/lib/python3.10/site-packages/airflow/example_dags/example_python_decorator.py
[2024-08-20T11:45:48.906+0700] {processor.py:914} INFO - Processing file /home/user/.local/lib/python3.10/site-packages/airflow/example_dags/example_python_decorator.py for tasks to queue
[2024-08-20T11:45:48.908+0700] {logging_mixin.py:190} INFO - [2024-08-20T11:45:48.908+0700] {dagbag.py:587} INFO - Filling up the DagBag from /home/user/.local/lib/python3.10/site-packages/airflow/example_dags/example_python_decorator.py
[2024-08-20T11:45:48.944+0700] {logging_mixin.py:190} INFO - [2024-08-20T11:45:48.944+0700] {example_python_decorator.py:80} WARNING - The virtalenv_python example task requires virtualenv, please install it.
[2024-08-20T11:45:48.947+0700] {processor.py:925} INFO - DAG(s) 'example_python_decorator' retrieved from /home/user/.local/lib/python3.10/site-packages/airflow/example_dags/example_python_decorator.py
[2024-08-20T11:45:48.966+0700] {logging_mixin.py:190} INFO - [2024-08-20T11:45:48.966+0700] {dag.py:3211} INFO - Sync 1 DAGs
[2024-08-20T11:45:48.977+0700] {logging_mixin.py:190} INFO - [2024-08-20T11:45:48.977+0700] {dag.py:4138} INFO - Setting next_dagrun for example_python_decorator to None, run_after=None
[2024-08-20T11:45:48.994+0700] {processor.py:208} INFO - Processing /home/user/.local/lib/python3.10/site-packages/airflow/example_dags/example_python_decorator.py took 0.093 seconds
