[2024-08-26T08:19:31.939+0700] {local_task_job_runner.py:123} INFO - ::group::Pre task execution logs
[2024-08-26T08:19:31.946+0700] {taskinstance.py:2603} INFO - Dependencies all met for dep_context=non-requeueable deps ti=<TaskInstance: combine_columns_dag.combine_columns scheduled__2024-03-26T00:00:00+00:00 [queued]>
[2024-08-26T08:19:31.951+0700] {taskinstance.py:2603} INFO - Dependencies all met for dep_context=requeueable deps ti=<TaskInstance: combine_columns_dag.combine_columns scheduled__2024-03-26T00:00:00+00:00 [queued]>
[2024-08-26T08:19:31.951+0700] {taskinstance.py:2856} INFO - Starting attempt 1 of 2
[2024-08-26T08:19:31.965+0700] {taskinstance.py:2879} INFO - Executing <Task(PythonOperator): combine_columns> on 2024-03-26 00:00:00+00:00
[2024-08-26T08:19:31.969+0700] {standard_task_runner.py:72} INFO - Started process 16259 to run task
[2024-08-26T08:19:31.972+0700] {standard_task_runner.py:104} INFO - Running: ['airflow', 'tasks', 'run', 'combine_columns_dag', 'combine_columns', 'scheduled__2024-03-26T00:00:00+00:00', '--job-id', '152', '--raw', '--subdir', 'DAGS_FOLDER/test_pandas.py', '--cfg-path', '/tmp/tmpu0eogl_k']
[2024-08-26T08:19:31.973+0700] {standard_task_runner.py:105} INFO - Job 152: Subtask combine_columns
[2024-08-26T08:19:32.001+0700] {task_command.py:467} INFO - Running <TaskInstance: combine_columns_dag.combine_columns scheduled__2024-03-26T00:00:00+00:00 [running]> on host LAPTOP-G8FSBU09.
[2024-08-26T08:19:32.058+0700] {taskinstance.py:3122} INFO - Exporting env vars: AIRFLOW_CTX_DAG_OWNER='airflow' AIRFLOW_CTX_DAG_ID='combine_columns_dag' AIRFLOW_CTX_TASK_ID='combine_columns' AIRFLOW_CTX_EXECUTION_DATE='2024-03-26T00:00:00+00:00' AIRFLOW_CTX_TRY_NUMBER='1' AIRFLOW_CTX_DAG_RUN_ID='scheduled__2024-03-26T00:00:00+00:00'
[2024-08-26T08:19:32.059+0700] {logging_mixin.py:190} INFO - Task instance is in running state
[2024-08-26T08:19:32.059+0700] {logging_mixin.py:190} INFO -  Previous state of the Task instance: queued
[2024-08-26T08:19:32.060+0700] {logging_mixin.py:190} INFO - Current task name:combine_columns state:running start_date:2024-08-26 01:19:31.947053+00:00
[2024-08-26T08:19:32.060+0700] {logging_mixin.py:190} INFO - Dag name:combine_columns_dag and current dag run status:running
[2024-08-26T08:19:32.060+0700] {taskinstance.py:731} INFO - ::endgroup::
[2024-08-26T08:19:32.079+0700] {python.py:240} INFO - Done. Returned value was: None
[2024-08-26T08:19:32.084+0700] {taskinstance.py:340} INFO - ::group::Post task execution logs
[2024-08-26T08:19:32.084+0700] {taskinstance.py:352} INFO - Marking task as SUCCESS. dag_id=combine_columns_dag, task_id=combine_columns, run_id=scheduled__2024-03-26T00:00:00+00:00, execution_date=20240326T000000, start_date=20240826T011931, end_date=20240826T011932
[2024-08-26T08:19:32.095+0700] {logging_mixin.py:190} INFO - Task instance in success state
[2024-08-26T08:19:32.095+0700] {logging_mixin.py:190} INFO -  Previous state of the Task instance: running
[2024-08-26T08:19:32.096+0700] {logging_mixin.py:190} INFO - Dag name:combine_columns_dag queued_at:2024-08-26 01:19:30.025019+00:00
[2024-08-26T08:19:32.096+0700] {logging_mixin.py:190} INFO - Task hostname:LAPTOP-G8FSBU09. operator:PythonOperator
[2024-08-26T08:19:32.107+0700] {local_task_job_runner.py:261} INFO - Task exited with return code 0
[2024-08-26T08:19:32.117+0700] {taskinstance.py:3891} INFO - 0 downstream tasks scheduled from follow-on schedule check
[2024-08-26T08:19:32.117+0700] {local_task_job_runner.py:240} INFO - ::endgroup::
