[2024-08-26T08:14:33.653+0700] {local_task_job_runner.py:123} INFO - ::group::Pre task execution logs
[2024-08-26T08:14:33.660+0700] {taskinstance.py:2603} INFO - Dependencies all met for dep_context=non-requeueable deps ti=<TaskInstance: combine_columns_dag.combine_columns scheduled__2024-01-08T00:00:00+00:00 [queued]>
[2024-08-26T08:14:33.664+0700] {taskinstance.py:2603} INFO - Dependencies all met for dep_context=requeueable deps ti=<TaskInstance: combine_columns_dag.combine_columns scheduled__2024-01-08T00:00:00+00:00 [queued]>
[2024-08-26T08:14:33.664+0700] {taskinstance.py:2856} INFO - Starting attempt 1 of 2
[2024-08-26T08:14:33.680+0700] {taskinstance.py:2879} INFO - Executing <Task(PythonOperator): combine_columns> on 2024-01-08 00:00:00+00:00
[2024-08-26T08:14:33.691+0700] {standard_task_runner.py:72} INFO - Started process 12357 to run task
[2024-08-26T08:14:33.694+0700] {standard_task_runner.py:104} INFO - Running: ['airflow', 'tasks', 'run', 'combine_columns_dag', 'combine_columns', 'scheduled__2024-01-08T00:00:00+00:00', '--job-id', '74', '--raw', '--subdir', 'DAGS_FOLDER/test_pandas.py', '--cfg-path', '/tmp/tmpqbwuwljf']
[2024-08-26T08:14:33.695+0700] {standard_task_runner.py:105} INFO - Job 74: Subtask combine_columns
[2024-08-26T08:14:33.743+0700] {task_command.py:467} INFO - Running <TaskInstance: combine_columns_dag.combine_columns scheduled__2024-01-08T00:00:00+00:00 [running]> on host LAPTOP-G8FSBU09.
[2024-08-26T08:14:33.808+0700] {taskinstance.py:3122} INFO - Exporting env vars: AIRFLOW_CTX_DAG_OWNER='airflow' AIRFLOW_CTX_DAG_ID='combine_columns_dag' AIRFLOW_CTX_TASK_ID='combine_columns' AIRFLOW_CTX_EXECUTION_DATE='2024-01-08T00:00:00+00:00' AIRFLOW_CTX_TRY_NUMBER='1' AIRFLOW_CTX_DAG_RUN_ID='scheduled__2024-01-08T00:00:00+00:00'
[2024-08-26T08:14:33.809+0700] {logging_mixin.py:190} INFO - Task instance is in running state
[2024-08-26T08:14:33.809+0700] {logging_mixin.py:190} INFO -  Previous state of the Task instance: queued
[2024-08-26T08:14:33.810+0700] {logging_mixin.py:190} INFO - Current task name:combine_columns state:running start_date:2024-08-26 01:14:33.660910+00:00
[2024-08-26T08:14:33.810+0700] {logging_mixin.py:190} INFO - Dag name:combine_columns_dag and current dag run status:running
[2024-08-26T08:14:33.810+0700] {taskinstance.py:731} INFO - ::endgroup::
[2024-08-26T08:14:33.832+0700] {python.py:240} INFO - Done. Returned value was: None
[2024-08-26T08:14:33.836+0700] {taskinstance.py:340} INFO - ::group::Post task execution logs
[2024-08-26T08:14:33.836+0700] {taskinstance.py:352} INFO - Marking task as SUCCESS. dag_id=combine_columns_dag, task_id=combine_columns, run_id=scheduled__2024-01-08T00:00:00+00:00, execution_date=20240108T000000, start_date=20240826T011433, end_date=20240826T011433
[2024-08-26T08:14:33.848+0700] {logging_mixin.py:190} INFO - Task instance in success state
[2024-08-26T08:14:33.849+0700] {logging_mixin.py:190} INFO -  Previous state of the Task instance: running
[2024-08-26T08:14:33.849+0700] {logging_mixin.py:190} INFO - Dag name:combine_columns_dag queued_at:2024-08-26 01:14:31.666881+00:00
[2024-08-26T08:14:33.849+0700] {logging_mixin.py:190} INFO - Task hostname:LAPTOP-G8FSBU09. operator:PythonOperator
[2024-08-26T08:14:33.869+0700] {local_task_job_runner.py:261} INFO - Task exited with return code 0
[2024-08-26T08:14:33.880+0700] {taskinstance.py:3891} INFO - 0 downstream tasks scheduled from follow-on schedule check
[2024-08-26T08:14:33.881+0700] {local_task_job_runner.py:240} INFO - ::endgroup::
