[2024-08-26T08:16:08.279+0700] {local_task_job_runner.py:123} INFO - ::group::Pre task execution logs
[2024-08-26T08:16:08.292+0700] {taskinstance.py:2603} INFO - Dependencies all met for dep_context=non-requeueable deps ti=<TaskInstance: combine_columns_dag.combine_columns scheduled__2024-01-31T00:00:00+00:00 [queued]>
[2024-08-26T08:16:08.302+0700] {taskinstance.py:2603} INFO - Dependencies all met for dep_context=requeueable deps ti=<TaskInstance: combine_columns_dag.combine_columns scheduled__2024-01-31T00:00:00+00:00 [queued]>
[2024-08-26T08:16:08.303+0700] {taskinstance.py:2856} INFO - Starting attempt 1 of 2
[2024-08-26T08:16:08.327+0700] {taskinstance.py:2879} INFO - Executing <Task(PythonOperator): combine_columns> on 2024-01-31 00:00:00+00:00
[2024-08-26T08:16:08.351+0700] {standard_task_runner.py:72} INFO - Started process 13513 to run task
[2024-08-26T08:16:08.480+0700] {standard_task_runner.py:104} INFO - Running: ['airflow', 'tasks', 'run', 'combine_columns_dag', 'combine_columns', 'scheduled__2024-01-31T00:00:00+00:00', '--job-id', '97', '--raw', '--subdir', 'DAGS_FOLDER/test_pandas.py', '--cfg-path', '/tmp/tmptndyktnd']
[2024-08-26T08:16:08.481+0700] {standard_task_runner.py:105} INFO - Job 97: Subtask combine_columns
[2024-08-26T08:16:08.754+0700] {task_command.py:467} INFO - Running <TaskInstance: combine_columns_dag.combine_columns scheduled__2024-01-31T00:00:00+00:00 [running]> on host LAPTOP-G8FSBU09.
[2024-08-26T08:16:08.890+0700] {taskinstance.py:3122} INFO - Exporting env vars: AIRFLOW_CTX_DAG_OWNER='airflow' AIRFLOW_CTX_DAG_ID='combine_columns_dag' AIRFLOW_CTX_TASK_ID='combine_columns' AIRFLOW_CTX_EXECUTION_DATE='2024-01-31T00:00:00+00:00' AIRFLOW_CTX_TRY_NUMBER='1' AIRFLOW_CTX_DAG_RUN_ID='scheduled__2024-01-31T00:00:00+00:00'
[2024-08-26T08:16:08.895+0700] {logging_mixin.py:190} INFO - Task instance is in running state
[2024-08-26T08:16:08.895+0700] {logging_mixin.py:190} INFO -  Previous state of the Task instance: queued
[2024-08-26T08:16:08.896+0700] {logging_mixin.py:190} INFO - Current task name:combine_columns state:running start_date:2024-08-26 01:16:08.292756+00:00
[2024-08-26T08:16:08.896+0700] {logging_mixin.py:190} INFO - Dag name:combine_columns_dag and current dag run status:running
[2024-08-26T08:16:08.896+0700] {taskinstance.py:731} INFO - ::endgroup::
[2024-08-26T08:16:08.948+0700] {python.py:240} INFO - Done. Returned value was: None
[2024-08-26T08:16:08.964+0700] {taskinstance.py:340} INFO - ::group::Post task execution logs
[2024-08-26T08:16:08.965+0700] {taskinstance.py:352} INFO - Marking task as SUCCESS. dag_id=combine_columns_dag, task_id=combine_columns, run_id=scheduled__2024-01-31T00:00:00+00:00, execution_date=20240131T000000, start_date=20240826T011608, end_date=20240826T011608
[2024-08-26T08:16:08.982+0700] {logging_mixin.py:190} INFO - Task instance in success state
[2024-08-26T08:16:08.982+0700] {logging_mixin.py:190} INFO -  Previous state of the Task instance: running
[2024-08-26T08:16:08.983+0700] {logging_mixin.py:190} INFO - Dag name:combine_columns_dag queued_at:2024-08-26 01:16:04.870187+00:00
[2024-08-26T08:16:08.983+0700] {logging_mixin.py:190} INFO - Task hostname:LAPTOP-G8FSBU09. operator:PythonOperator
[2024-08-26T08:16:09.023+0700] {local_task_job_runner.py:261} INFO - Task exited with return code 0
[2024-08-26T08:16:09.035+0700] {taskinstance.py:3891} INFO - 0 downstream tasks scheduled from follow-on schedule check
[2024-08-26T08:16:09.036+0700] {local_task_job_runner.py:240} INFO - ::endgroup::
