[2024-08-21T07:20:37.052+0700] {processor.py:186} INFO - Started process (PID=1730) to work on /home/user/airflow/airflow_venv/lib/python3.10/site-packages/airflow/example_dags/plugins/event_listener.py
[2024-08-21T07:20:37.053+0700] {processor.py:914} INFO - Processing file /home/user/airflow/airflow_venv/lib/python3.10/site-packages/airflow/example_dags/plugins/event_listener.py for tasks to queue
[2024-08-21T07:20:37.054+0700] {logging_mixin.py:190} INFO - [2024-08-21T07:20:37.054+0700] {dagbag.py:587} INFO - Filling up the DagBag from /home/user/airflow/airflow_venv/lib/python3.10/site-packages/airflow/example_dags/plugins/event_listener.py
[2024-08-21T07:20:37.056+0700] {processor.py:927} WARNING - No viable dags retrieved from /home/user/airflow/airflow_venv/lib/python3.10/site-packages/airflow/example_dags/plugins/event_listener.py
[2024-08-21T07:20:37.068+0700] {processor.py:208} INFO - Processing /home/user/airflow/airflow_venv/lib/python3.10/site-packages/airflow/example_dags/plugins/event_listener.py took 0.021 seconds
[2024-08-21T07:21:35.998+0700] {processor.py:186} INFO - Started process (PID=2192) to work on /home/user/airflow/airflow_venv/lib/python3.10/site-packages/airflow/example_dags/plugins/event_listener.py
[2024-08-21T07:21:35.999+0700] {processor.py:914} INFO - Processing file /home/user/airflow/airflow_venv/lib/python3.10/site-packages/airflow/example_dags/plugins/event_listener.py for tasks to queue
[2024-08-21T07:21:36.001+0700] {logging_mixin.py:190} INFO - [2024-08-21T07:21:36.000+0700] {dagbag.py:587} INFO - Filling up the DagBag from /home/user/airflow/airflow_venv/lib/python3.10/site-packages/airflow/example_dags/plugins/event_listener.py
[2024-08-21T07:21:36.002+0700] {processor.py:927} WARNING - No viable dags retrieved from /home/user/airflow/airflow_venv/lib/python3.10/site-packages/airflow/example_dags/plugins/event_listener.py
[2024-08-21T07:21:36.010+0700] {processor.py:208} INFO - Processing /home/user/airflow/airflow_venv/lib/python3.10/site-packages/airflow/example_dags/plugins/event_listener.py took 0.017 seconds
[2024-08-21T07:22:44.296+0700] {processor.py:186} INFO - Started process (PID=2739) to work on /home/user/airflow/airflow_venv/lib/python3.10/site-packages/airflow/example_dags/plugins/event_listener.py
[2024-08-21T07:22:44.298+0700] {processor.py:914} INFO - Processing file /home/user/airflow/airflow_venv/lib/python3.10/site-packages/airflow/example_dags/plugins/event_listener.py for tasks to queue
[2024-08-21T07:22:44.300+0700] {logging_mixin.py:190} INFO - [2024-08-21T07:22:44.300+0700] {dagbag.py:587} INFO - Filling up the DagBag from /home/user/airflow/airflow_venv/lib/python3.10/site-packages/airflow/example_dags/plugins/event_listener.py
[2024-08-21T07:22:44.302+0700] {processor.py:927} WARNING - No viable dags retrieved from /home/user/airflow/airflow_venv/lib/python3.10/site-packages/airflow/example_dags/plugins/event_listener.py
[2024-08-21T07:22:44.310+0700] {processor.py:208} INFO - Processing /home/user/airflow/airflow_venv/lib/python3.10/site-packages/airflow/example_dags/plugins/event_listener.py took 0.019 seconds
[2024-08-21T07:23:32.821+0700] {processor.py:186} INFO - Started process (PID=3117) to work on /home/user/airflow/airflow_venv/lib/python3.10/site-packages/airflow/example_dags/plugins/event_listener.py
[2024-08-21T07:23:32.823+0700] {processor.py:914} INFO - Processing file /home/user/airflow/airflow_venv/lib/python3.10/site-packages/airflow/example_dags/plugins/event_listener.py for tasks to queue
[2024-08-21T07:23:32.824+0700] {logging_mixin.py:190} INFO - [2024-08-21T07:23:32.824+0700] {dagbag.py:587} INFO - Filling up the DagBag from /home/user/airflow/airflow_venv/lib/python3.10/site-packages/airflow/example_dags/plugins/event_listener.py
[2024-08-21T07:23:32.826+0700] {processor.py:927} WARNING - No viable dags retrieved from /home/user/airflow/airflow_venv/lib/python3.10/site-packages/airflow/example_dags/plugins/event_listener.py
[2024-08-21T07:23:32.834+0700] {processor.py:208} INFO - Processing /home/user/airflow/airflow_venv/lib/python3.10/site-packages/airflow/example_dags/plugins/event_listener.py took 0.017 seconds
[2024-08-21T07:24:37.548+0700] {processor.py:186} INFO - Started process (PID=3648) to work on /home/user/airflow/airflow_venv/lib/python3.10/site-packages/airflow/example_dags/plugins/event_listener.py
[2024-08-21T07:24:37.549+0700] {processor.py:914} INFO - Processing file /home/user/airflow/airflow_venv/lib/python3.10/site-packages/airflow/example_dags/plugins/event_listener.py for tasks to queue
[2024-08-21T07:24:37.551+0700] {logging_mixin.py:190} INFO - [2024-08-21T07:24:37.551+0700] {dagbag.py:587} INFO - Filling up the DagBag from /home/user/airflow/airflow_venv/lib/python3.10/site-packages/airflow/example_dags/plugins/event_listener.py
[2024-08-21T07:24:37.553+0700] {processor.py:927} WARNING - No viable dags retrieved from /home/user/airflow/airflow_venv/lib/python3.10/site-packages/airflow/example_dags/plugins/event_listener.py
[2024-08-21T07:24:37.562+0700] {processor.py:208} INFO - Processing /home/user/airflow/airflow_venv/lib/python3.10/site-packages/airflow/example_dags/plugins/event_listener.py took 0.019 seconds
[2024-08-21T07:25:34.581+0700] {processor.py:186} INFO - Started process (PID=4112) to work on /home/user/airflow/airflow_venv/lib/python3.10/site-packages/airflow/example_dags/plugins/event_listener.py
[2024-08-21T07:25:34.587+0700] {processor.py:914} INFO - Processing file /home/user/airflow/airflow_venv/lib/python3.10/site-packages/airflow/example_dags/plugins/event_listener.py for tasks to queue
[2024-08-21T07:25:34.589+0700] {logging_mixin.py:190} INFO - [2024-08-21T07:25:34.588+0700] {dagbag.py:587} INFO - Filling up the DagBag from /home/user/airflow/airflow_venv/lib/python3.10/site-packages/airflow/example_dags/plugins/event_listener.py
[2024-08-21T07:25:34.590+0700] {processor.py:927} WARNING - No viable dags retrieved from /home/user/airflow/airflow_venv/lib/python3.10/site-packages/airflow/example_dags/plugins/event_listener.py
[2024-08-21T07:25:34.599+0700] {processor.py:208} INFO - Processing /home/user/airflow/airflow_venv/lib/python3.10/site-packages/airflow/example_dags/plugins/event_listener.py took 0.024 seconds
[2024-08-21T07:26:27.483+0700] {processor.py:186} INFO - Started process (PID=4525) to work on /home/user/airflow/airflow_venv/lib/python3.10/site-packages/airflow/example_dags/plugins/event_listener.py
[2024-08-21T07:26:27.489+0700] {processor.py:914} INFO - Processing file /home/user/airflow/airflow_venv/lib/python3.10/site-packages/airflow/example_dags/plugins/event_listener.py for tasks to queue
[2024-08-21T07:26:27.491+0700] {logging_mixin.py:190} INFO - [2024-08-21T07:26:27.491+0700] {dagbag.py:587} INFO - Filling up the DagBag from /home/user/airflow/airflow_venv/lib/python3.10/site-packages/airflow/example_dags/plugins/event_listener.py
[2024-08-21T07:26:27.493+0700] {processor.py:927} WARNING - No viable dags retrieved from /home/user/airflow/airflow_venv/lib/python3.10/site-packages/airflow/example_dags/plugins/event_listener.py
[2024-08-21T07:26:27.503+0700] {processor.py:208} INFO - Processing /home/user/airflow/airflow_venv/lib/python3.10/site-packages/airflow/example_dags/plugins/event_listener.py took 0.025 seconds
[2024-08-21T07:27:18.343+0700] {processor.py:186} INFO - Started process (PID=4928) to work on /home/user/airflow/airflow_venv/lib/python3.10/site-packages/airflow/example_dags/plugins/event_listener.py
[2024-08-21T07:27:18.345+0700] {processor.py:914} INFO - Processing file /home/user/airflow/airflow_venv/lib/python3.10/site-packages/airflow/example_dags/plugins/event_listener.py for tasks to queue
[2024-08-21T07:27:18.347+0700] {logging_mixin.py:190} INFO - [2024-08-21T07:27:18.347+0700] {dagbag.py:587} INFO - Filling up the DagBag from /home/user/airflow/airflow_venv/lib/python3.10/site-packages/airflow/example_dags/plugins/event_listener.py
[2024-08-21T07:27:18.350+0700] {processor.py:927} WARNING - No viable dags retrieved from /home/user/airflow/airflow_venv/lib/python3.10/site-packages/airflow/example_dags/plugins/event_listener.py
[2024-08-21T07:27:18.363+0700] {processor.py:208} INFO - Processing /home/user/airflow/airflow_venv/lib/python3.10/site-packages/airflow/example_dags/plugins/event_listener.py took 0.026 seconds
[2024-08-21T07:28:10.354+0700] {processor.py:186} INFO - Started process (PID=5375) to work on /home/user/airflow/airflow_venv/lib/python3.10/site-packages/airflow/example_dags/plugins/event_listener.py
[2024-08-21T07:28:10.356+0700] {processor.py:914} INFO - Processing file /home/user/airflow/airflow_venv/lib/python3.10/site-packages/airflow/example_dags/plugins/event_listener.py for tasks to queue
[2024-08-21T07:28:10.358+0700] {logging_mixin.py:190} INFO - [2024-08-21T07:28:10.358+0700] {dagbag.py:587} INFO - Filling up the DagBag from /home/user/airflow/airflow_venv/lib/python3.10/site-packages/airflow/example_dags/plugins/event_listener.py
[2024-08-21T07:28:10.360+0700] {processor.py:927} WARNING - No viable dags retrieved from /home/user/airflow/airflow_venv/lib/python3.10/site-packages/airflow/example_dags/plugins/event_listener.py
[2024-08-21T07:28:10.368+0700] {processor.py:208} INFO - Processing /home/user/airflow/airflow_venv/lib/python3.10/site-packages/airflow/example_dags/plugins/event_listener.py took 0.020 seconds
[2024-08-21T07:29:01.649+0700] {processor.py:186} INFO - Started process (PID=5856) to work on /home/user/airflow/airflow_venv/lib/python3.10/site-packages/airflow/example_dags/plugins/event_listener.py
[2024-08-21T07:29:01.650+0700] {processor.py:914} INFO - Processing file /home/user/airflow/airflow_venv/lib/python3.10/site-packages/airflow/example_dags/plugins/event_listener.py for tasks to queue
[2024-08-21T07:29:01.652+0700] {logging_mixin.py:190} INFO - [2024-08-21T07:29:01.652+0700] {dagbag.py:587} INFO - Filling up the DagBag from /home/user/airflow/airflow_venv/lib/python3.10/site-packages/airflow/example_dags/plugins/event_listener.py
[2024-08-21T07:29:01.654+0700] {processor.py:927} WARNING - No viable dags retrieved from /home/user/airflow/airflow_venv/lib/python3.10/site-packages/airflow/example_dags/plugins/event_listener.py
[2024-08-21T07:29:01.664+0700] {processor.py:208} INFO - Processing /home/user/airflow/airflow_venv/lib/python3.10/site-packages/airflow/example_dags/plugins/event_listener.py took 0.022 seconds
[2024-08-21T07:29:52.719+0700] {processor.py:186} INFO - Started process (PID=6282) to work on /home/user/airflow/airflow_venv/lib/python3.10/site-packages/airflow/example_dags/plugins/event_listener.py
[2024-08-21T07:29:52.747+0700] {processor.py:914} INFO - Processing file /home/user/airflow/airflow_venv/lib/python3.10/site-packages/airflow/example_dags/plugins/event_listener.py for tasks to queue
[2024-08-21T07:29:52.748+0700] {logging_mixin.py:190} INFO - [2024-08-21T07:29:52.748+0700] {dagbag.py:587} INFO - Filling up the DagBag from /home/user/airflow/airflow_venv/lib/python3.10/site-packages/airflow/example_dags/plugins/event_listener.py
[2024-08-21T07:29:52.750+0700] {processor.py:927} WARNING - No viable dags retrieved from /home/user/airflow/airflow_venv/lib/python3.10/site-packages/airflow/example_dags/plugins/event_listener.py
[2024-08-21T07:29:52.758+0700] {processor.py:208} INFO - Processing /home/user/airflow/airflow_venv/lib/python3.10/site-packages/airflow/example_dags/plugins/event_listener.py took 0.044 seconds
[2024-08-21T07:30:43.015+0700] {processor.py:186} INFO - Started process (PID=6720) to work on /home/user/airflow/airflow_venv/lib/python3.10/site-packages/airflow/example_dags/plugins/event_listener.py
[2024-08-21T07:30:43.016+0700] {processor.py:914} INFO - Processing file /home/user/airflow/airflow_venv/lib/python3.10/site-packages/airflow/example_dags/plugins/event_listener.py for tasks to queue
[2024-08-21T07:30:43.020+0700] {logging_mixin.py:190} INFO - [2024-08-21T07:30:43.020+0700] {dagbag.py:587} INFO - Filling up the DagBag from /home/user/airflow/airflow_venv/lib/python3.10/site-packages/airflow/example_dags/plugins/event_listener.py
[2024-08-21T07:30:43.023+0700] {processor.py:927} WARNING - No viable dags retrieved from /home/user/airflow/airflow_venv/lib/python3.10/site-packages/airflow/example_dags/plugins/event_listener.py
[2024-08-21T07:30:43.034+0700] {processor.py:208} INFO - Processing /home/user/airflow/airflow_venv/lib/python3.10/site-packages/airflow/example_dags/plugins/event_listener.py took 0.026 seconds
[2024-08-21T07:31:30.681+0700] {processor.py:186} INFO - Started process (PID=7245) to work on /home/user/airflow/airflow_venv/lib/python3.10/site-packages/airflow/example_dags/plugins/event_listener.py
[2024-08-21T07:31:30.682+0700] {processor.py:914} INFO - Processing file /home/user/airflow/airflow_venv/lib/python3.10/site-packages/airflow/example_dags/plugins/event_listener.py for tasks to queue
[2024-08-21T07:31:30.685+0700] {logging_mixin.py:190} INFO - [2024-08-21T07:31:30.684+0700] {dagbag.py:587} INFO - Filling up the DagBag from /home/user/airflow/airflow_venv/lib/python3.10/site-packages/airflow/example_dags/plugins/event_listener.py
[2024-08-21T07:31:30.687+0700] {processor.py:927} WARNING - No viable dags retrieved from /home/user/airflow/airflow_venv/lib/python3.10/site-packages/airflow/example_dags/plugins/event_listener.py
[2024-08-21T07:31:30.696+0700] {processor.py:208} INFO - Processing /home/user/airflow/airflow_venv/lib/python3.10/site-packages/airflow/example_dags/plugins/event_listener.py took 0.020 seconds
[2024-08-21T07:32:18.670+0700] {processor.py:186} INFO - Started process (PID=7675) to work on /home/user/airflow/airflow_venv/lib/python3.10/site-packages/airflow/example_dags/plugins/event_listener.py
[2024-08-21T07:32:18.671+0700] {processor.py:914} INFO - Processing file /home/user/airflow/airflow_venv/lib/python3.10/site-packages/airflow/example_dags/plugins/event_listener.py for tasks to queue
[2024-08-21T07:32:18.673+0700] {logging_mixin.py:190} INFO - [2024-08-21T07:32:18.673+0700] {dagbag.py:587} INFO - Filling up the DagBag from /home/user/airflow/airflow_venv/lib/python3.10/site-packages/airflow/example_dags/plugins/event_listener.py
[2024-08-21T07:32:18.675+0700] {processor.py:927} WARNING - No viable dags retrieved from /home/user/airflow/airflow_venv/lib/python3.10/site-packages/airflow/example_dags/plugins/event_listener.py
[2024-08-21T07:32:18.683+0700] {processor.py:208} INFO - Processing /home/user/airflow/airflow_venv/lib/python3.10/site-packages/airflow/example_dags/plugins/event_listener.py took 0.020 seconds
[2024-08-21T07:33:08.999+0700] {processor.py:186} INFO - Started process (PID=8212) to work on /home/user/airflow/airflow_venv/lib/python3.10/site-packages/airflow/example_dags/plugins/event_listener.py
[2024-08-21T07:33:09.001+0700] {processor.py:914} INFO - Processing file /home/user/airflow/airflow_venv/lib/python3.10/site-packages/airflow/example_dags/plugins/event_listener.py for tasks to queue
[2024-08-21T07:33:09.003+0700] {logging_mixin.py:190} INFO - [2024-08-21T07:33:09.003+0700] {dagbag.py:587} INFO - Filling up the DagBag from /home/user/airflow/airflow_venv/lib/python3.10/site-packages/airflow/example_dags/plugins/event_listener.py
[2024-08-21T07:33:09.005+0700] {processor.py:927} WARNING - No viable dags retrieved from /home/user/airflow/airflow_venv/lib/python3.10/site-packages/airflow/example_dags/plugins/event_listener.py
[2024-08-21T07:33:09.014+0700] {processor.py:208} INFO - Processing /home/user/airflow/airflow_venv/lib/python3.10/site-packages/airflow/example_dags/plugins/event_listener.py took 0.020 seconds
[2024-08-21T07:34:02.539+0700] {processor.py:186} INFO - Started process (PID=8691) to work on /home/user/airflow/airflow_venv/lib/python3.10/site-packages/airflow/example_dags/plugins/event_listener.py
[2024-08-21T07:34:02.541+0700] {processor.py:914} INFO - Processing file /home/user/airflow/airflow_venv/lib/python3.10/site-packages/airflow/example_dags/plugins/event_listener.py for tasks to queue
[2024-08-21T07:34:02.543+0700] {logging_mixin.py:190} INFO - [2024-08-21T07:34:02.542+0700] {dagbag.py:587} INFO - Filling up the DagBag from /home/user/airflow/airflow_venv/lib/python3.10/site-packages/airflow/example_dags/plugins/event_listener.py
[2024-08-21T07:34:02.545+0700] {processor.py:927} WARNING - No viable dags retrieved from /home/user/airflow/airflow_venv/lib/python3.10/site-packages/airflow/example_dags/plugins/event_listener.py
[2024-08-21T07:34:02.555+0700] {processor.py:208} INFO - Processing /home/user/airflow/airflow_venv/lib/python3.10/site-packages/airflow/example_dags/plugins/event_listener.py took 0.021 seconds
[2024-08-21T07:34:56.947+0700] {processor.py:186} INFO - Started process (PID=9772) to work on /home/user/airflow/airflow_venv/lib/python3.10/site-packages/airflow/example_dags/plugins/event_listener.py
[2024-08-21T07:34:56.949+0700] {processor.py:914} INFO - Processing file /home/user/airflow/airflow_venv/lib/python3.10/site-packages/airflow/example_dags/plugins/event_listener.py for tasks to queue
[2024-08-21T07:34:56.951+0700] {logging_mixin.py:190} INFO - [2024-08-21T07:34:56.950+0700] {dagbag.py:587} INFO - Filling up the DagBag from /home/user/airflow/airflow_venv/lib/python3.10/site-packages/airflow/example_dags/plugins/event_listener.py
[2024-08-21T07:34:56.953+0700] {processor.py:927} WARNING - No viable dags retrieved from /home/user/airflow/airflow_venv/lib/python3.10/site-packages/airflow/example_dags/plugins/event_listener.py
[2024-08-21T07:34:56.962+0700] {processor.py:208} INFO - Processing /home/user/airflow/airflow_venv/lib/python3.10/site-packages/airflow/example_dags/plugins/event_listener.py took 0.021 seconds
[2024-08-21T07:35:47.986+0700] {processor.py:186} INFO - Started process (PID=10348) to work on /home/user/airflow/airflow_venv/lib/python3.10/site-packages/airflow/example_dags/plugins/event_listener.py
[2024-08-21T07:35:47.988+0700] {processor.py:914} INFO - Processing file /home/user/airflow/airflow_venv/lib/python3.10/site-packages/airflow/example_dags/plugins/event_listener.py for tasks to queue
[2024-08-21T07:35:47.989+0700] {logging_mixin.py:190} INFO - [2024-08-21T07:35:47.989+0700] {dagbag.py:587} INFO - Filling up the DagBag from /home/user/airflow/airflow_venv/lib/python3.10/site-packages/airflow/example_dags/plugins/event_listener.py
[2024-08-21T07:35:47.991+0700] {processor.py:927} WARNING - No viable dags retrieved from /home/user/airflow/airflow_venv/lib/python3.10/site-packages/airflow/example_dags/plugins/event_listener.py
[2024-08-21T07:35:47.999+0700] {processor.py:208} INFO - Processing /home/user/airflow/airflow_venv/lib/python3.10/site-packages/airflow/example_dags/plugins/event_listener.py took 0.018 seconds
[2024-08-21T07:36:41.114+0700] {processor.py:186} INFO - Started process (PID=10792) to work on /home/user/airflow/airflow_venv/lib/python3.10/site-packages/airflow/example_dags/plugins/event_listener.py
[2024-08-21T07:36:41.116+0700] {processor.py:914} INFO - Processing file /home/user/airflow/airflow_venv/lib/python3.10/site-packages/airflow/example_dags/plugins/event_listener.py for tasks to queue
[2024-08-21T07:36:41.118+0700] {logging_mixin.py:190} INFO - [2024-08-21T07:36:41.117+0700] {dagbag.py:587} INFO - Filling up the DagBag from /home/user/airflow/airflow_venv/lib/python3.10/site-packages/airflow/example_dags/plugins/event_listener.py
[2024-08-21T07:36:41.119+0700] {processor.py:927} WARNING - No viable dags retrieved from /home/user/airflow/airflow_venv/lib/python3.10/site-packages/airflow/example_dags/plugins/event_listener.py
[2024-08-21T07:36:41.127+0700] {processor.py:208} INFO - Processing /home/user/airflow/airflow_venv/lib/python3.10/site-packages/airflow/example_dags/plugins/event_listener.py took 0.017 seconds
[2024-08-21T07:37:34.323+0700] {processor.py:186} INFO - Started process (PID=11307) to work on /home/user/airflow/airflow_venv/lib/python3.10/site-packages/airflow/example_dags/plugins/event_listener.py
[2024-08-21T07:37:34.324+0700] {processor.py:914} INFO - Processing file /home/user/airflow/airflow_venv/lib/python3.10/site-packages/airflow/example_dags/plugins/event_listener.py for tasks to queue
[2024-08-21T07:37:34.326+0700] {logging_mixin.py:190} INFO - [2024-08-21T07:37:34.326+0700] {dagbag.py:587} INFO - Filling up the DagBag from /home/user/airflow/airflow_venv/lib/python3.10/site-packages/airflow/example_dags/plugins/event_listener.py
[2024-08-21T07:37:34.329+0700] {processor.py:927} WARNING - No viable dags retrieved from /home/user/airflow/airflow_venv/lib/python3.10/site-packages/airflow/example_dags/plugins/event_listener.py
[2024-08-21T07:37:34.339+0700] {processor.py:208} INFO - Processing /home/user/airflow/airflow_venv/lib/python3.10/site-packages/airflow/example_dags/plugins/event_listener.py took 0.021 seconds
[2024-08-21T07:38:27.400+0700] {processor.py:186} INFO - Started process (PID=11973) to work on /home/user/airflow/airflow_venv/lib/python3.10/site-packages/airflow/example_dags/plugins/event_listener.py
[2024-08-21T07:38:27.401+0700] {processor.py:914} INFO - Processing file /home/user/airflow/airflow_venv/lib/python3.10/site-packages/airflow/example_dags/plugins/event_listener.py for tasks to queue
[2024-08-21T07:38:27.403+0700] {logging_mixin.py:190} INFO - [2024-08-21T07:38:27.402+0700] {dagbag.py:587} INFO - Filling up the DagBag from /home/user/airflow/airflow_venv/lib/python3.10/site-packages/airflow/example_dags/plugins/event_listener.py
[2024-08-21T07:38:27.405+0700] {processor.py:927} WARNING - No viable dags retrieved from /home/user/airflow/airflow_venv/lib/python3.10/site-packages/airflow/example_dags/plugins/event_listener.py
[2024-08-21T07:38:27.414+0700] {processor.py:208} INFO - Processing /home/user/airflow/airflow_venv/lib/python3.10/site-packages/airflow/example_dags/plugins/event_listener.py took 0.019 seconds
[2024-08-21T07:39:19.325+0700] {processor.py:186} INFO - Started process (PID=12544) to work on /home/user/airflow/airflow_venv/lib/python3.10/site-packages/airflow/example_dags/plugins/event_listener.py
[2024-08-21T07:39:19.332+0700] {processor.py:914} INFO - Processing file /home/user/airflow/airflow_venv/lib/python3.10/site-packages/airflow/example_dags/plugins/event_listener.py for tasks to queue
[2024-08-21T07:39:19.334+0700] {logging_mixin.py:190} INFO - [2024-08-21T07:39:19.334+0700] {dagbag.py:587} INFO - Filling up the DagBag from /home/user/airflow/airflow_venv/lib/python3.10/site-packages/airflow/example_dags/plugins/event_listener.py
[2024-08-21T07:39:19.337+0700] {processor.py:927} WARNING - No viable dags retrieved from /home/user/airflow/airflow_venv/lib/python3.10/site-packages/airflow/example_dags/plugins/event_listener.py
[2024-08-21T07:39:19.348+0700] {processor.py:208} INFO - Processing /home/user/airflow/airflow_venv/lib/python3.10/site-packages/airflow/example_dags/plugins/event_listener.py took 0.029 seconds
[2024-08-21T07:40:11.566+0700] {processor.py:186} INFO - Started process (PID=13073) to work on /home/user/airflow/airflow_venv/lib/python3.10/site-packages/airflow/example_dags/plugins/event_listener.py
[2024-08-21T07:40:11.568+0700] {processor.py:914} INFO - Processing file /home/user/airflow/airflow_venv/lib/python3.10/site-packages/airflow/example_dags/plugins/event_listener.py for tasks to queue
[2024-08-21T07:40:11.571+0700] {logging_mixin.py:190} INFO - [2024-08-21T07:40:11.570+0700] {dagbag.py:587} INFO - Filling up the DagBag from /home/user/airflow/airflow_venv/lib/python3.10/site-packages/airflow/example_dags/plugins/event_listener.py
[2024-08-21T07:40:11.573+0700] {processor.py:927} WARNING - No viable dags retrieved from /home/user/airflow/airflow_venv/lib/python3.10/site-packages/airflow/example_dags/plugins/event_listener.py
[2024-08-21T07:40:11.583+0700] {processor.py:208} INFO - Processing /home/user/airflow/airflow_venv/lib/python3.10/site-packages/airflow/example_dags/plugins/event_listener.py took 0.028 seconds
[2024-08-21T07:41:02.244+0700] {processor.py:186} INFO - Started process (PID=13654) to work on /home/user/airflow/airflow_venv/lib/python3.10/site-packages/airflow/example_dags/plugins/event_listener.py
[2024-08-21T07:41:02.250+0700] {processor.py:914} INFO - Processing file /home/user/airflow/airflow_venv/lib/python3.10/site-packages/airflow/example_dags/plugins/event_listener.py for tasks to queue
[2024-08-21T07:41:02.252+0700] {logging_mixin.py:190} INFO - [2024-08-21T07:41:02.252+0700] {dagbag.py:587} INFO - Filling up the DagBag from /home/user/airflow/airflow_venv/lib/python3.10/site-packages/airflow/example_dags/plugins/event_listener.py
[2024-08-21T07:41:02.254+0700] {processor.py:927} WARNING - No viable dags retrieved from /home/user/airflow/airflow_venv/lib/python3.10/site-packages/airflow/example_dags/plugins/event_listener.py
[2024-08-21T07:41:02.262+0700] {processor.py:208} INFO - Processing /home/user/airflow/airflow_venv/lib/python3.10/site-packages/airflow/example_dags/plugins/event_listener.py took 0.023 seconds
[2024-08-21T09:42:45.897+0700] {processor.py:186} INFO - Started process (PID=54549) to work on /home/user/airflow/airflow_venv/lib/python3.10/site-packages/airflow/example_dags/plugins/event_listener.py
[2024-08-21T09:42:45.898+0700] {processor.py:914} INFO - Processing file /home/user/airflow/airflow_venv/lib/python3.10/site-packages/airflow/example_dags/plugins/event_listener.py for tasks to queue
[2024-08-21T09:42:45.899+0700] {logging_mixin.py:190} INFO - [2024-08-21T09:42:45.899+0700] {dagbag.py:587} INFO - Filling up the DagBag from /home/user/airflow/airflow_venv/lib/python3.10/site-packages/airflow/example_dags/plugins/event_listener.py
[2024-08-21T09:42:45.901+0700] {processor.py:927} WARNING - No viable dags retrieved from /home/user/airflow/airflow_venv/lib/python3.10/site-packages/airflow/example_dags/plugins/event_listener.py
[2024-08-21T09:42:45.912+0700] {processor.py:208} INFO - Processing /home/user/airflow/airflow_venv/lib/python3.10/site-packages/airflow/example_dags/plugins/event_listener.py took 0.020 seconds
[2024-08-21T09:43:42.665+0700] {processor.py:186} INFO - Started process (PID=55007) to work on /home/user/airflow/airflow_venv/lib/python3.10/site-packages/airflow/example_dags/plugins/event_listener.py
[2024-08-21T09:43:42.666+0700] {processor.py:914} INFO - Processing file /home/user/airflow/airflow_venv/lib/python3.10/site-packages/airflow/example_dags/plugins/event_listener.py for tasks to queue
[2024-08-21T09:43:42.668+0700] {logging_mixin.py:190} INFO - [2024-08-21T09:43:42.668+0700] {dagbag.py:587} INFO - Filling up the DagBag from /home/user/airflow/airflow_venv/lib/python3.10/site-packages/airflow/example_dags/plugins/event_listener.py
[2024-08-21T09:43:42.670+0700] {processor.py:927} WARNING - No viable dags retrieved from /home/user/airflow/airflow_venv/lib/python3.10/site-packages/airflow/example_dags/plugins/event_listener.py
[2024-08-21T09:43:42.678+0700] {processor.py:208} INFO - Processing /home/user/airflow/airflow_venv/lib/python3.10/site-packages/airflow/example_dags/plugins/event_listener.py took 0.017 seconds
[2024-08-21T09:46:21.575+0700] {processor.py:186} INFO - Started process (PID=56317) to work on /home/user/airflow/airflow_venv/lib/python3.10/site-packages/airflow/example_dags/plugins/event_listener.py
[2024-08-21T09:46:21.576+0700] {processor.py:914} INFO - Processing file /home/user/airflow/airflow_venv/lib/python3.10/site-packages/airflow/example_dags/plugins/event_listener.py for tasks to queue
[2024-08-21T09:46:21.578+0700] {logging_mixin.py:190} INFO - [2024-08-21T09:46:21.577+0700] {dagbag.py:587} INFO - Filling up the DagBag from /home/user/airflow/airflow_venv/lib/python3.10/site-packages/airflow/example_dags/plugins/event_listener.py
[2024-08-21T09:46:21.581+0700] {processor.py:927} WARNING - No viable dags retrieved from /home/user/airflow/airflow_venv/lib/python3.10/site-packages/airflow/example_dags/plugins/event_listener.py
[2024-08-21T09:46:21.591+0700] {processor.py:208} INFO - Processing /home/user/airflow/airflow_venv/lib/python3.10/site-packages/airflow/example_dags/plugins/event_listener.py took 0.023 seconds
[2024-08-21T09:53:32.051+0700] {processor.py:186} INFO - Started process (PID=59491) to work on /home/user/airflow/airflow_venv/lib/python3.10/site-packages/airflow/example_dags/plugins/event_listener.py
[2024-08-21T09:53:32.054+0700] {processor.py:914} INFO - Processing file /home/user/airflow/airflow_venv/lib/python3.10/site-packages/airflow/example_dags/plugins/event_listener.py for tasks to queue
[2024-08-21T09:53:32.057+0700] {logging_mixin.py:190} INFO - [2024-08-21T09:53:32.056+0700] {dagbag.py:587} INFO - Filling up the DagBag from /home/user/airflow/airflow_venv/lib/python3.10/site-packages/airflow/example_dags/plugins/event_listener.py
[2024-08-21T09:53:32.063+0700] {processor.py:927} WARNING - No viable dags retrieved from /home/user/airflow/airflow_venv/lib/python3.10/site-packages/airflow/example_dags/plugins/event_listener.py
[2024-08-21T09:53:32.075+0700] {processor.py:208} INFO - Processing /home/user/airflow/airflow_venv/lib/python3.10/site-packages/airflow/example_dags/plugins/event_listener.py took 0.030 seconds
[2024-08-21T09:54:26.629+0700] {processor.py:186} INFO - Started process (PID=59919) to work on /home/user/airflow/airflow_venv/lib/python3.10/site-packages/airflow/example_dags/plugins/event_listener.py
[2024-08-21T09:54:26.630+0700] {processor.py:914} INFO - Processing file /home/user/airflow/airflow_venv/lib/python3.10/site-packages/airflow/example_dags/plugins/event_listener.py for tasks to queue
[2024-08-21T09:54:26.632+0700] {logging_mixin.py:190} INFO - [2024-08-21T09:54:26.631+0700] {dagbag.py:587} INFO - Filling up the DagBag from /home/user/airflow/airflow_venv/lib/python3.10/site-packages/airflow/example_dags/plugins/event_listener.py
[2024-08-21T09:54:26.634+0700] {processor.py:927} WARNING - No viable dags retrieved from /home/user/airflow/airflow_venv/lib/python3.10/site-packages/airflow/example_dags/plugins/event_listener.py
[2024-08-21T09:54:26.645+0700] {processor.py:208} INFO - Processing /home/user/airflow/airflow_venv/lib/python3.10/site-packages/airflow/example_dags/plugins/event_listener.py took 0.024 seconds
[2024-08-21T09:55:23.392+0700] {processor.py:186} INFO - Started process (PID=60364) to work on /home/user/airflow/airflow_venv/lib/python3.10/site-packages/airflow/example_dags/plugins/event_listener.py
[2024-08-21T09:55:23.393+0700] {processor.py:914} INFO - Processing file /home/user/airflow/airflow_venv/lib/python3.10/site-packages/airflow/example_dags/plugins/event_listener.py for tasks to queue
[2024-08-21T09:55:23.395+0700] {logging_mixin.py:190} INFO - [2024-08-21T09:55:23.394+0700] {dagbag.py:587} INFO - Filling up the DagBag from /home/user/airflow/airflow_venv/lib/python3.10/site-packages/airflow/example_dags/plugins/event_listener.py
[2024-08-21T09:55:23.397+0700] {processor.py:927} WARNING - No viable dags retrieved from /home/user/airflow/airflow_venv/lib/python3.10/site-packages/airflow/example_dags/plugins/event_listener.py
[2024-08-21T09:55:23.407+0700] {processor.py:208} INFO - Processing /home/user/airflow/airflow_venv/lib/python3.10/site-packages/airflow/example_dags/plugins/event_listener.py took 0.019 seconds
[2024-08-21T09:56:14.715+0700] {processor.py:186} INFO - Started process (PID=60767) to work on /home/user/airflow/airflow_venv/lib/python3.10/site-packages/airflow/example_dags/plugins/event_listener.py
[2024-08-21T09:56:14.717+0700] {processor.py:914} INFO - Processing file /home/user/airflow/airflow_venv/lib/python3.10/site-packages/airflow/example_dags/plugins/event_listener.py for tasks to queue
[2024-08-21T09:56:14.718+0700] {logging_mixin.py:190} INFO - [2024-08-21T09:56:14.717+0700] {dagbag.py:587} INFO - Filling up the DagBag from /home/user/airflow/airflow_venv/lib/python3.10/site-packages/airflow/example_dags/plugins/event_listener.py
[2024-08-21T09:56:14.719+0700] {processor.py:927} WARNING - No viable dags retrieved from /home/user/airflow/airflow_venv/lib/python3.10/site-packages/airflow/example_dags/plugins/event_listener.py
[2024-08-21T09:56:14.728+0700] {processor.py:208} INFO - Processing /home/user/airflow/airflow_venv/lib/python3.10/site-packages/airflow/example_dags/plugins/event_listener.py took 0.018 seconds
[2024-08-21T09:57:08.810+0700] {processor.py:186} INFO - Started process (PID=61187) to work on /home/user/airflow/airflow_venv/lib/python3.10/site-packages/airflow/example_dags/plugins/event_listener.py
[2024-08-21T09:57:08.811+0700] {processor.py:914} INFO - Processing file /home/user/airflow/airflow_venv/lib/python3.10/site-packages/airflow/example_dags/plugins/event_listener.py for tasks to queue
[2024-08-21T09:57:08.812+0700] {logging_mixin.py:190} INFO - [2024-08-21T09:57:08.812+0700] {dagbag.py:587} INFO - Filling up the DagBag from /home/user/airflow/airflow_venv/lib/python3.10/site-packages/airflow/example_dags/plugins/event_listener.py
[2024-08-21T09:57:08.814+0700] {processor.py:927} WARNING - No viable dags retrieved from /home/user/airflow/airflow_venv/lib/python3.10/site-packages/airflow/example_dags/plugins/event_listener.py
[2024-08-21T09:57:08.822+0700] {processor.py:208} INFO - Processing /home/user/airflow/airflow_venv/lib/python3.10/site-packages/airflow/example_dags/plugins/event_listener.py took 0.017 seconds
[2024-08-21T09:58:01.934+0700] {processor.py:186} INFO - Started process (PID=61606) to work on /home/user/airflow/airflow_venv/lib/python3.10/site-packages/airflow/example_dags/plugins/event_listener.py
[2024-08-21T09:58:01.935+0700] {processor.py:914} INFO - Processing file /home/user/airflow/airflow_venv/lib/python3.10/site-packages/airflow/example_dags/plugins/event_listener.py for tasks to queue
[2024-08-21T09:58:01.936+0700] {logging_mixin.py:190} INFO - [2024-08-21T09:58:01.936+0700] {dagbag.py:587} INFO - Filling up the DagBag from /home/user/airflow/airflow_venv/lib/python3.10/site-packages/airflow/example_dags/plugins/event_listener.py
[2024-08-21T09:58:01.938+0700] {processor.py:927} WARNING - No viable dags retrieved from /home/user/airflow/airflow_venv/lib/python3.10/site-packages/airflow/example_dags/plugins/event_listener.py
[2024-08-21T09:58:01.947+0700] {processor.py:208} INFO - Processing /home/user/airflow/airflow_venv/lib/python3.10/site-packages/airflow/example_dags/plugins/event_listener.py took 0.018 seconds
[2024-08-21T09:58:51.983+0700] {processor.py:186} INFO - Started process (PID=62004) to work on /home/user/airflow/airflow_venv/lib/python3.10/site-packages/airflow/example_dags/plugins/event_listener.py
[2024-08-21T09:58:51.984+0700] {processor.py:914} INFO - Processing file /home/user/airflow/airflow_venv/lib/python3.10/site-packages/airflow/example_dags/plugins/event_listener.py for tasks to queue
[2024-08-21T09:58:51.985+0700] {logging_mixin.py:190} INFO - [2024-08-21T09:58:51.985+0700] {dagbag.py:587} INFO - Filling up the DagBag from /home/user/airflow/airflow_venv/lib/python3.10/site-packages/airflow/example_dags/plugins/event_listener.py
[2024-08-21T09:58:51.987+0700] {processor.py:927} WARNING - No viable dags retrieved from /home/user/airflow/airflow_venv/lib/python3.10/site-packages/airflow/example_dags/plugins/event_listener.py
[2024-08-21T09:58:51.995+0700] {processor.py:208} INFO - Processing /home/user/airflow/airflow_venv/lib/python3.10/site-packages/airflow/example_dags/plugins/event_listener.py took 0.017 seconds
