[2024-08-22T10:51:14.870+0700] {local_task_job_runner.py:123} INFO - ::group::Pre task execution logs
[2024-08-22T10:51:14.877+0700] {taskinstance.py:2603} INFO - Dependencies all met for dep_context=non-requeueable deps ti=<TaskInstance: simple_dag.print_hello scheduled__2024-08-21T04:05:00+00:00 [queued]>
[2024-08-22T10:51:14.883+0700] {taskinstance.py:2603} INFO - Dependencies all met for dep_context=requeueable deps ti=<TaskInstance: simple_dag.print_hello scheduled__2024-08-21T04:05:00+00:00 [queued]>
[2024-08-22T10:51:14.883+0700] {taskinstance.py:2856} INFO - Starting attempt 1 of 1
[2024-08-22T10:51:14.895+0700] {taskinstance.py:2879} INFO - Executing <Task(BashOperator): print_hello> on 2024-08-21 04:05:00+00:00
[2024-08-22T10:51:14.898+0700] {standard_task_runner.py:72} INFO - Started process 19124 to run task
[2024-08-22T10:51:14.901+0700] {standard_task_runner.py:104} INFO - Running: ['airflow', 'tasks', 'run', 'simple_dag', 'print_hello', 'scheduled__2024-08-21T04:05:00+00:00', '--job-id', '213', '--raw', '--subdir', 'DAGS_FOLDER/test.py', '--cfg-path', '/tmp/tmptl3ybpem']
[2024-08-22T10:51:14.901+0700] {standard_task_runner.py:105} INFO - Job 213: Subtask print_hello
[2024-08-22T10:51:14.930+0700] {task_command.py:467} INFO - Running <TaskInstance: simple_dag.print_hello scheduled__2024-08-21T04:05:00+00:00 [running]> on host LAPTOP-G8FSBU09.
[2024-08-22T10:51:14.985+0700] {taskinstance.py:3122} INFO - Exporting env vars: AIRFLOW_CTX_DAG_OWNER='airflow' AIRFLOW_CTX_DAG_ID='simple_dag' AIRFLOW_CTX_TASK_ID='print_hello' AIRFLOW_CTX_EXECUTION_DATE='2024-08-21T04:05:00+00:00' AIRFLOW_CTX_TRY_NUMBER='1' AIRFLOW_CTX_DAG_RUN_ID='scheduled__2024-08-21T04:05:00+00:00'
[2024-08-22T10:51:14.990+0700] {logging_mixin.py:190} INFO - Task instance is in running state
[2024-08-22T10:51:14.990+0700] {logging_mixin.py:190} INFO -  Previous state of the Task instance: queued
[2024-08-22T10:51:14.990+0700] {logging_mixin.py:190} INFO - Current task name:print_hello state:running start_date:2024-08-22 03:51:14.878011+00:00
[2024-08-22T10:51:14.990+0700] {logging_mixin.py:190} INFO - Dag name:simple_dag and current dag run status:running
[2024-08-22T10:51:14.991+0700] {taskinstance.py:731} INFO - ::endgroup::
[2024-08-22T10:51:14.992+0700] {subprocess.py:63} INFO - Tmp dir root location: /tmp
[2024-08-22T10:51:14.993+0700] {subprocess.py:75} INFO - Running command: ['/usr/bin/bash', '-c', 'echo "Hello World"']
[2024-08-22T10:51:15.000+0700] {subprocess.py:86} INFO - Output:
[2024-08-22T10:51:15.001+0700] {subprocess.py:93} INFO - Hello World
[2024-08-22T10:51:15.001+0700] {subprocess.py:97} INFO - Command exited with return code 0
[2024-08-22T10:51:15.031+0700] {taskinstance.py:340} INFO - ::group::Post task execution logs
[2024-08-22T10:51:15.032+0700] {taskinstance.py:352} INFO - Marking task as SUCCESS. dag_id=simple_dag, task_id=print_hello, run_id=scheduled__2024-08-21T04:05:00+00:00, execution_date=20240821T040500, start_date=20240822T035114, end_date=20240822T035115
[2024-08-22T10:51:15.044+0700] {logging_mixin.py:190} INFO - Task instance in success state
[2024-08-22T10:51:15.044+0700] {logging_mixin.py:190} INFO -  Previous state of the Task instance: running
[2024-08-22T10:51:15.045+0700] {logging_mixin.py:190} INFO - Dag name:simple_dag queued_at:2024-08-22 03:50:42.689618+00:00
[2024-08-22T10:51:15.045+0700] {logging_mixin.py:190} INFO - Task hostname:LAPTOP-G8FSBU09. operator:BashOperator
[2024-08-22T10:51:15.074+0700] {local_task_job_runner.py:261} INFO - Task exited with return code 0
[2024-08-22T10:51:15.086+0700] {taskinstance.py:3891} INFO - 0 downstream tasks scheduled from follow-on schedule check
[2024-08-22T10:51:15.087+0700] {local_task_job_runner.py:240} INFO - ::endgroup::
