[2024-08-22T10:48:30.011+0700] {local_task_job_runner.py:123} INFO - ::group::Pre task execution logs
[2024-08-22T10:48:30.024+0700] {taskinstance.py:2603} INFO - Dependencies all met for dep_context=non-requeueable deps ti=<TaskInstance: simple_dag.print_hello scheduled__2024-08-21T03:00:00+00:00 [queued]>
[2024-08-22T10:48:30.034+0700] {taskinstance.py:2603} INFO - Dependencies all met for dep_context=requeueable deps ti=<TaskInstance: simple_dag.print_hello scheduled__2024-08-21T03:00:00+00:00 [queued]>
[2024-08-22T10:48:30.034+0700] {taskinstance.py:2856} INFO - Starting attempt 1 of 1
[2024-08-22T10:48:30.060+0700] {taskinstance.py:2879} INFO - Executing <Task(BashOperator): print_hello> on 2024-08-21 03:00:00+00:00
[2024-08-22T10:48:30.076+0700] {standard_task_runner.py:72} INFO - Started process 17520 to run task
[2024-08-22T10:48:30.095+0700] {standard_task_runner.py:104} INFO - Running: ['airflow', 'tasks', 'run', 'simple_dag', 'print_hello', 'scheduled__2024-08-21T03:00:00+00:00', '--job-id', '175', '--raw', '--subdir', 'DAGS_FOLDER/test.py', '--cfg-path', '/tmp/tmpshyh9kwb']
[2024-08-22T10:48:30.096+0700] {standard_task_runner.py:105} INFO - Job 175: Subtask print_hello
[2024-08-22T10:48:30.209+0700] {task_command.py:467} INFO - Running <TaskInstance: simple_dag.print_hello scheduled__2024-08-21T03:00:00+00:00 [running]> on host LAPTOP-G8FSBU09.
[2024-08-22T10:48:30.333+0700] {taskinstance.py:3122} INFO - Exporting env vars: AIRFLOW_CTX_DAG_OWNER='airflow' AIRFLOW_CTX_DAG_ID='simple_dag' AIRFLOW_CTX_TASK_ID='print_hello' AIRFLOW_CTX_EXECUTION_DATE='2024-08-21T03:00:00+00:00' AIRFLOW_CTX_TRY_NUMBER='1' AIRFLOW_CTX_DAG_RUN_ID='scheduled__2024-08-21T03:00:00+00:00'
[2024-08-22T10:48:30.338+0700] {logging_mixin.py:190} INFO - Task instance is in running state
[2024-08-22T10:48:30.338+0700] {logging_mixin.py:190} INFO -  Previous state of the Task instance: queued
[2024-08-22T10:48:30.339+0700] {logging_mixin.py:190} INFO - Current task name:print_hello state:running start_date:2024-08-22 03:48:30.025142+00:00
[2024-08-22T10:48:30.339+0700] {logging_mixin.py:190} INFO - Dag name:simple_dag and current dag run status:running
[2024-08-22T10:48:30.339+0700] {taskinstance.py:731} INFO - ::endgroup::
[2024-08-22T10:48:30.340+0700] {subprocess.py:63} INFO - Tmp dir root location: /tmp
[2024-08-22T10:48:30.342+0700] {subprocess.py:75} INFO - Running command: ['/usr/bin/bash', '-c', 'echo "Hello World"']
[2024-08-22T10:48:30.357+0700] {subprocess.py:86} INFO - Output:
[2024-08-22T10:48:30.359+0700] {subprocess.py:93} INFO - Hello World
[2024-08-22T10:48:30.359+0700] {subprocess.py:97} INFO - Command exited with return code 0
[2024-08-22T10:48:30.388+0700] {taskinstance.py:340} INFO - ::group::Post task execution logs
[2024-08-22T10:48:30.389+0700] {taskinstance.py:352} INFO - Marking task as SUCCESS. dag_id=simple_dag, task_id=print_hello, run_id=scheduled__2024-08-21T03:00:00+00:00, execution_date=20240821T030000, start_date=20240822T034830, end_date=20240822T034830
[2024-08-22T10:48:30.403+0700] {logging_mixin.py:190} INFO - Task instance in success state
[2024-08-22T10:48:30.403+0700] {logging_mixin.py:190} INFO -  Previous state of the Task instance: running
[2024-08-22T10:48:30.403+0700] {logging_mixin.py:190} INFO - Dag name:simple_dag queued_at:2024-08-22 03:47:50.704560+00:00
[2024-08-22T10:48:30.403+0700] {logging_mixin.py:190} INFO - Task hostname:LAPTOP-G8FSBU09. operator:BashOperator
[2024-08-22T10:48:30.428+0700] {local_task_job_runner.py:261} INFO - Task exited with return code 0
[2024-08-22T10:48:30.444+0700] {taskinstance.py:3891} INFO - 0 downstream tasks scheduled from follow-on schedule check
[2024-08-22T10:48:30.446+0700] {local_task_job_runner.py:240} INFO - ::endgroup::
