[2024-08-21T09:52:21.759+0700] {local_task_job_runner.py:123} INFO - ::group::Pre task execution logs
[2024-08-21T09:52:21.767+0700] {taskinstance.py:2603} INFO - Dependencies all met for dep_context=non-requeueable deps ti=<TaskInstance: simple_dag.print_date scheduled__2024-08-21T00:55:00+00:00 [queued]>
[2024-08-21T09:52:21.772+0700] {taskinstance.py:2603} INFO - Dependencies all met for dep_context=requeueable deps ti=<TaskInstance: simple_dag.print_date scheduled__2024-08-21T00:55:00+00:00 [queued]>
[2024-08-21T09:52:21.772+0700] {taskinstance.py:2856} INFO - Starting attempt 1 of 1
[2024-08-21T09:52:21.786+0700] {taskinstance.py:2879} INFO - Executing <Task(BashOperator): print_date> on 2024-08-21 00:55:00+00:00
[2024-08-21T09:52:21.789+0700] {standard_task_runner.py:72} INFO - Started process 58929 to run task
[2024-08-21T09:52:21.792+0700] {standard_task_runner.py:104} INFO - Running: ['airflow', 'tasks', 'run', 'simple_dag', 'print_date', 'scheduled__2024-08-21T00:55:00+00:00', '--job-id', '92', '--raw', '--subdir', 'DAGS_FOLDER/daily_report.py', '--cfg-path', '/tmp/tmpvbgxrwu9']
[2024-08-21T09:52:21.793+0700] {standard_task_runner.py:105} INFO - Job 92: Subtask print_date
[2024-08-21T09:52:21.828+0700] {task_command.py:467} INFO - Running <TaskInstance: simple_dag.print_date scheduled__2024-08-21T00:55:00+00:00 [running]> on host LAPTOP-G8FSBU09.
[2024-08-21T09:52:21.882+0700] {taskinstance.py:3122} INFO - Exporting env vars: AIRFLOW_CTX_DAG_OWNER='airflow' AIRFLOW_CTX_DAG_ID='simple_dag' AIRFLOW_CTX_TASK_ID='print_date' AIRFLOW_CTX_EXECUTION_DATE='2024-08-21T00:55:00+00:00' AIRFLOW_CTX_TRY_NUMBER='1' AIRFLOW_CTX_DAG_RUN_ID='scheduled__2024-08-21T00:55:00+00:00'
[2024-08-21T09:52:21.883+0700] {logging_mixin.py:190} INFO - Task instance is in running state
[2024-08-21T09:52:21.884+0700] {logging_mixin.py:190} INFO -  Previous state of the Task instance: queued
[2024-08-21T09:52:21.884+0700] {logging_mixin.py:190} INFO - Current task name:print_date state:running start_date:2024-08-21 02:52:21.767339+00:00
[2024-08-21T09:52:21.884+0700] {logging_mixin.py:190} INFO - Dag name:simple_dag and current dag run status:running
[2024-08-21T09:52:21.884+0700] {taskinstance.py:731} INFO - ::endgroup::
[2024-08-21T09:52:21.886+0700] {subprocess.py:63} INFO - Tmp dir root location: /tmp
[2024-08-21T09:52:21.887+0700] {subprocess.py:75} INFO - Running command: ['/usr/bin/bash', '-c', 'date']
[2024-08-21T09:52:21.912+0700] {subprocess.py:86} INFO - Output:
[2024-08-21T09:52:21.914+0700] {subprocess.py:93} INFO - Wed Aug 21 09:52:21 WIB 2024
[2024-08-21T09:52:21.915+0700] {subprocess.py:97} INFO - Command exited with return code 0
[2024-08-21T09:52:21.931+0700] {taskinstance.py:340} INFO - ::group::Post task execution logs
[2024-08-21T09:52:21.932+0700] {taskinstance.py:352} INFO - Marking task as SUCCESS. dag_id=simple_dag, task_id=print_date, run_id=scheduled__2024-08-21T00:55:00+00:00, execution_date=20240821T005500, start_date=20240821T025221, end_date=20240821T025221
[2024-08-21T09:52:21.942+0700] {logging_mixin.py:190} INFO - Task instance in success state
[2024-08-21T09:52:21.942+0700] {logging_mixin.py:190} INFO -  Previous state of the Task instance: running
[2024-08-21T09:52:21.943+0700] {logging_mixin.py:190} INFO - Dag name:simple_dag queued_at:2024-08-21 02:52:20.018406+00:00
[2024-08-21T09:52:21.943+0700] {logging_mixin.py:190} INFO - Task hostname:LAPTOP-G8FSBU09. operator:BashOperator
[2024-08-21T09:52:21.966+0700] {local_task_job_runner.py:261} INFO - Task exited with return code 0
[2024-08-21T09:52:21.984+0700] {taskinstance.py:3891} INFO - 1 downstream tasks scheduled from follow-on schedule check
[2024-08-21T09:52:21.989+0700] {local_task_job_runner.py:240} INFO - ::endgroup::
