[2024-08-21T09:52:36.292+0700] {local_task_job_runner.py:123} INFO - ::group::Pre task execution logs
[2024-08-21T09:52:36.300+0700] {taskinstance.py:2603} INFO - Dependencies all met for dep_context=non-requeueable deps ti=<TaskInstance: simple_dag.sleep scheduled__2024-08-21T01:00:00+00:00 [queued]>
[2024-08-21T09:52:36.304+0700] {taskinstance.py:2603} INFO - Dependencies all met for dep_context=requeueable deps ti=<TaskInstance: simple_dag.sleep scheduled__2024-08-21T01:00:00+00:00 [queued]>
[2024-08-21T09:52:36.305+0700] {taskinstance.py:2856} INFO - Starting attempt 1 of 1
[2024-08-21T09:52:36.320+0700] {taskinstance.py:2879} INFO - Executing <Task(BashOperator): sleep> on 2024-08-21 01:00:00+00:00
[2024-08-21T09:52:36.323+0700] {standard_task_runner.py:72} INFO - Started process 59046 to run task
[2024-08-21T09:52:36.326+0700] {standard_task_runner.py:104} INFO - Running: ['airflow', 'tasks', 'run', 'simple_dag', 'sleep', 'scheduled__2024-08-21T01:00:00+00:00', '--job-id', '96', '--raw', '--subdir', 'DAGS_FOLDER/daily_report.py', '--cfg-path', '/tmp/tmpscrjhr9b']
[2024-08-21T09:52:36.327+0700] {standard_task_runner.py:105} INFO - Job 96: Subtask sleep
[2024-08-21T09:52:36.357+0700] {task_command.py:467} INFO - Running <TaskInstance: simple_dag.sleep scheduled__2024-08-21T01:00:00+00:00 [running]> on host LAPTOP-G8FSBU09.
[2024-08-21T09:52:36.406+0700] {taskinstance.py:3122} INFO - Exporting env vars: AIRFLOW_CTX_DAG_OWNER='airflow' AIRFLOW_CTX_DAG_ID='simple_dag' AIRFLOW_CTX_TASK_ID='sleep' AIRFLOW_CTX_EXECUTION_DATE='2024-08-21T01:00:00+00:00' AIRFLOW_CTX_TRY_NUMBER='1' AIRFLOW_CTX_DAG_RUN_ID='scheduled__2024-08-21T01:00:00+00:00'
[2024-08-21T09:52:36.407+0700] {logging_mixin.py:190} INFO - Task instance is in running state
[2024-08-21T09:52:36.407+0700] {logging_mixin.py:190} INFO -  Previous state of the Task instance: queued
[2024-08-21T09:52:36.408+0700] {logging_mixin.py:190} INFO - Current task name:sleep state:running start_date:2024-08-21 02:52:36.300591+00:00
[2024-08-21T09:52:36.408+0700] {logging_mixin.py:190} INFO - Dag name:simple_dag and current dag run status:running
[2024-08-21T09:52:36.408+0700] {taskinstance.py:731} INFO - ::endgroup::
[2024-08-21T09:52:36.409+0700] {subprocess.py:63} INFO - Tmp dir root location: /tmp
[2024-08-21T09:52:36.410+0700] {subprocess.py:75} INFO - Running command: ['/usr/bin/bash', '-c', 'sleep 5']
[2024-08-21T09:52:36.421+0700] {subprocess.py:86} INFO - Output:
[2024-08-21T09:52:41.423+0700] {subprocess.py:97} INFO - Command exited with return code 0
[2024-08-21T09:52:41.439+0700] {taskinstance.py:340} INFO - ::group::Post task execution logs
[2024-08-21T09:52:41.439+0700] {taskinstance.py:352} INFO - Marking task as SUCCESS. dag_id=simple_dag, task_id=sleep, run_id=scheduled__2024-08-21T01:00:00+00:00, execution_date=20240821T010000, start_date=20240821T025236, end_date=20240821T025241
[2024-08-21T09:52:41.447+0700] {logging_mixin.py:190} INFO - Task instance in success state
[2024-08-21T09:52:41.447+0700] {logging_mixin.py:190} INFO -  Previous state of the Task instance: running
[2024-08-21T09:52:41.448+0700] {logging_mixin.py:190} INFO - Dag name:simple_dag queued_at:2024-08-21 02:52:22.566648+00:00
[2024-08-21T09:52:41.448+0700] {logging_mixin.py:190} INFO - Task hostname:LAPTOP-G8FSBU09. operator:BashOperator
[2024-08-21T09:52:41.484+0700] {local_task_job_runner.py:261} INFO - Task exited with return code 0
[2024-08-21T09:52:41.496+0700] {taskinstance.py:3891} INFO - 1 downstream tasks scheduled from follow-on schedule check
[2024-08-21T09:52:41.502+0700] {local_task_job_runner.py:240} INFO - ::endgroup::
