[2024-08-27T09:19:42.361+0700] {processor.py:186} INFO - Started process (PID=5238) to work on /home/user/.local/lib/python3.10/site-packages/airflow/example_dags/subdags/subdag.py
[2024-08-27T09:19:42.362+0700] {processor.py:914} INFO - Processing file /home/user/.local/lib/python3.10/site-packages/airflow/example_dags/subdags/subdag.py for tasks to queue
[2024-08-27T09:19:42.364+0700] {logging_mixin.py:190} INFO - [2024-08-27T09:19:42.364+0700] {dagbag.py:587} INFO - Filling up the DagBag from /home/user/.local/lib/python3.10/site-packages/airflow/example_dags/subdags/subdag.py
[2024-08-27T09:19:42.366+0700] {processor.py:927} WARNING - No viable dags retrieved from /home/user/.local/lib/python3.10/site-packages/airflow/example_dags/subdags/subdag.py
[2024-08-27T09:19:42.377+0700] {processor.py:208} INFO - Processing /home/user/.local/lib/python3.10/site-packages/airflow/example_dags/subdags/subdag.py took 0.020 seconds
[2024-08-27T09:20:41.023+0700] {processor.py:186} INFO - Started process (PID=5775) to work on /home/user/.local/lib/python3.10/site-packages/airflow/example_dags/subdags/subdag.py
[2024-08-27T09:20:41.025+0700] {processor.py:914} INFO - Processing file /home/user/.local/lib/python3.10/site-packages/airflow/example_dags/subdags/subdag.py for tasks to queue
[2024-08-27T09:20:41.027+0700] {logging_mixin.py:190} INFO - [2024-08-27T09:20:41.027+0700] {dagbag.py:587} INFO - Filling up the DagBag from /home/user/.local/lib/python3.10/site-packages/airflow/example_dags/subdags/subdag.py
[2024-08-27T09:20:41.030+0700] {processor.py:927} WARNING - No viable dags retrieved from /home/user/.local/lib/python3.10/site-packages/airflow/example_dags/subdags/subdag.py
[2024-08-27T09:20:41.042+0700] {processor.py:208} INFO - Processing /home/user/.local/lib/python3.10/site-packages/airflow/example_dags/subdags/subdag.py took 0.024 seconds
[2024-08-27T09:22:07.412+0700] {processor.py:186} INFO - Started process (PID=6479) to work on /home/user/.local/lib/python3.10/site-packages/airflow/example_dags/subdags/subdag.py
[2024-08-27T09:22:07.413+0700] {processor.py:914} INFO - Processing file /home/user/.local/lib/python3.10/site-packages/airflow/example_dags/subdags/subdag.py for tasks to queue
[2024-08-27T09:22:07.415+0700] {logging_mixin.py:190} INFO - [2024-08-27T09:22:07.415+0700] {dagbag.py:587} INFO - Filling up the DagBag from /home/user/.local/lib/python3.10/site-packages/airflow/example_dags/subdags/subdag.py
[2024-08-27T09:22:07.417+0700] {processor.py:927} WARNING - No viable dags retrieved from /home/user/.local/lib/python3.10/site-packages/airflow/example_dags/subdags/subdag.py
[2024-08-27T09:22:07.425+0700] {processor.py:208} INFO - Processing /home/user/.local/lib/python3.10/site-packages/airflow/example_dags/subdags/subdag.py took 0.019 seconds
[2024-08-27T09:23:06.207+0700] {processor.py:186} INFO - Started process (PID=6945) to work on /home/user/.local/lib/python3.10/site-packages/airflow/example_dags/subdags/subdag.py
[2024-08-27T09:23:06.213+0700] {processor.py:914} INFO - Processing file /home/user/.local/lib/python3.10/site-packages/airflow/example_dags/subdags/subdag.py for tasks to queue
[2024-08-27T09:23:06.214+0700] {logging_mixin.py:190} INFO - [2024-08-27T09:23:06.214+0700] {dagbag.py:587} INFO - Filling up the DagBag from /home/user/.local/lib/python3.10/site-packages/airflow/example_dags/subdags/subdag.py
[2024-08-27T09:23:06.217+0700] {processor.py:927} WARNING - No viable dags retrieved from /home/user/.local/lib/python3.10/site-packages/airflow/example_dags/subdags/subdag.py
[2024-08-27T09:23:06.227+0700] {processor.py:208} INFO - Processing /home/user/.local/lib/python3.10/site-packages/airflow/example_dags/subdags/subdag.py took 0.024 seconds
[2024-08-27T09:24:06.758+0700] {processor.py:186} INFO - Started process (PID=7429) to work on /home/user/.local/lib/python3.10/site-packages/airflow/example_dags/subdags/subdag.py
[2024-08-27T09:24:06.760+0700] {processor.py:914} INFO - Processing file /home/user/.local/lib/python3.10/site-packages/airflow/example_dags/subdags/subdag.py for tasks to queue
[2024-08-27T09:24:06.763+0700] {logging_mixin.py:190} INFO - [2024-08-27T09:24:06.762+0700] {dagbag.py:587} INFO - Filling up the DagBag from /home/user/.local/lib/python3.10/site-packages/airflow/example_dags/subdags/subdag.py
[2024-08-27T09:24:06.765+0700] {processor.py:927} WARNING - No viable dags retrieved from /home/user/.local/lib/python3.10/site-packages/airflow/example_dags/subdags/subdag.py
[2024-08-27T09:24:06.775+0700] {processor.py:208} INFO - Processing /home/user/.local/lib/python3.10/site-packages/airflow/example_dags/subdags/subdag.py took 0.025 seconds
[2024-08-27T09:25:10.356+0700] {processor.py:186} INFO - Started process (PID=7928) to work on /home/user/.local/lib/python3.10/site-packages/airflow/example_dags/subdags/subdag.py
[2024-08-27T09:25:10.358+0700] {processor.py:914} INFO - Processing file /home/user/.local/lib/python3.10/site-packages/airflow/example_dags/subdags/subdag.py for tasks to queue
[2024-08-27T09:25:10.360+0700] {logging_mixin.py:190} INFO - [2024-08-27T09:25:10.360+0700] {dagbag.py:587} INFO - Filling up the DagBag from /home/user/.local/lib/python3.10/site-packages/airflow/example_dags/subdags/subdag.py
[2024-08-27T09:25:10.362+0700] {processor.py:927} WARNING - No viable dags retrieved from /home/user/.local/lib/python3.10/site-packages/airflow/example_dags/subdags/subdag.py
[2024-08-27T09:25:10.370+0700] {processor.py:208} INFO - Processing /home/user/.local/lib/python3.10/site-packages/airflow/example_dags/subdags/subdag.py took 0.018 seconds
[2024-08-27T09:26:18.063+0700] {processor.py:186} INFO - Started process (PID=8454) to work on /home/user/.local/lib/python3.10/site-packages/airflow/example_dags/subdags/subdag.py
[2024-08-27T09:26:18.064+0700] {processor.py:914} INFO - Processing file /home/user/.local/lib/python3.10/site-packages/airflow/example_dags/subdags/subdag.py for tasks to queue
[2024-08-27T09:26:18.066+0700] {logging_mixin.py:190} INFO - [2024-08-27T09:26:18.066+0700] {dagbag.py:587} INFO - Filling up the DagBag from /home/user/.local/lib/python3.10/site-packages/airflow/example_dags/subdags/subdag.py
[2024-08-27T09:26:18.069+0700] {processor.py:927} WARNING - No viable dags retrieved from /home/user/.local/lib/python3.10/site-packages/airflow/example_dags/subdags/subdag.py
[2024-08-27T09:26:18.078+0700] {processor.py:208} INFO - Processing /home/user/.local/lib/python3.10/site-packages/airflow/example_dags/subdags/subdag.py took 0.020 seconds
[2024-08-27T09:27:20.376+0700] {processor.py:186} INFO - Started process (PID=8965) to work on /home/user/.local/lib/python3.10/site-packages/airflow/example_dags/subdags/subdag.py
[2024-08-27T09:27:20.377+0700] {processor.py:914} INFO - Processing file /home/user/.local/lib/python3.10/site-packages/airflow/example_dags/subdags/subdag.py for tasks to queue
[2024-08-27T09:27:20.379+0700] {logging_mixin.py:190} INFO - [2024-08-27T09:27:20.379+0700] {dagbag.py:587} INFO - Filling up the DagBag from /home/user/.local/lib/python3.10/site-packages/airflow/example_dags/subdags/subdag.py
[2024-08-27T09:27:20.381+0700] {processor.py:927} WARNING - No viable dags retrieved from /home/user/.local/lib/python3.10/site-packages/airflow/example_dags/subdags/subdag.py
[2024-08-27T09:27:20.392+0700] {processor.py:208} INFO - Processing /home/user/.local/lib/python3.10/site-packages/airflow/example_dags/subdags/subdag.py took 0.020 seconds
[2024-08-27T09:28:26.641+0700] {processor.py:186} INFO - Started process (PID=9499) to work on /home/user/.local/lib/python3.10/site-packages/airflow/example_dags/subdags/subdag.py
[2024-08-27T09:28:26.642+0700] {processor.py:914} INFO - Processing file /home/user/.local/lib/python3.10/site-packages/airflow/example_dags/subdags/subdag.py for tasks to queue
[2024-08-27T09:28:26.644+0700] {logging_mixin.py:190} INFO - [2024-08-27T09:28:26.644+0700] {dagbag.py:587} INFO - Filling up the DagBag from /home/user/.local/lib/python3.10/site-packages/airflow/example_dags/subdags/subdag.py
[2024-08-27T09:28:26.646+0700] {processor.py:927} WARNING - No viable dags retrieved from /home/user/.local/lib/python3.10/site-packages/airflow/example_dags/subdags/subdag.py
[2024-08-27T09:28:26.654+0700] {processor.py:208} INFO - Processing /home/user/.local/lib/python3.10/site-packages/airflow/example_dags/subdags/subdag.py took 0.018 seconds
[2024-08-27T09:29:28.989+0700] {processor.py:186} INFO - Started process (PID=10001) to work on /home/user/.local/lib/python3.10/site-packages/airflow/example_dags/subdags/subdag.py
[2024-08-27T09:29:28.992+0700] {processor.py:914} INFO - Processing file /home/user/.local/lib/python3.10/site-packages/airflow/example_dags/subdags/subdag.py for tasks to queue
[2024-08-27T09:29:28.994+0700] {logging_mixin.py:190} INFO - [2024-08-27T09:29:28.994+0700] {dagbag.py:587} INFO - Filling up the DagBag from /home/user/.local/lib/python3.10/site-packages/airflow/example_dags/subdags/subdag.py
[2024-08-27T09:29:28.996+0700] {processor.py:927} WARNING - No viable dags retrieved from /home/user/.local/lib/python3.10/site-packages/airflow/example_dags/subdags/subdag.py
[2024-08-27T09:29:29.008+0700] {processor.py:208} INFO - Processing /home/user/.local/lib/python3.10/site-packages/airflow/example_dags/subdags/subdag.py took 0.025 seconds
[2024-08-27T09:30:09.920+0700] {processor.py:186} INFO - Started process (PID=10335) to work on /home/user/.local/lib/python3.10/site-packages/airflow/example_dags/subdags/subdag.py
[2024-08-27T09:30:09.922+0700] {processor.py:914} INFO - Processing file /home/user/.local/lib/python3.10/site-packages/airflow/example_dags/subdags/subdag.py for tasks to queue
[2024-08-27T09:30:09.924+0700] {logging_mixin.py:190} INFO - [2024-08-27T09:30:09.923+0700] {dagbag.py:587} INFO - Filling up the DagBag from /home/user/.local/lib/python3.10/site-packages/airflow/example_dags/subdags/subdag.py
[2024-08-27T09:30:09.925+0700] {processor.py:927} WARNING - No viable dags retrieved from /home/user/.local/lib/python3.10/site-packages/airflow/example_dags/subdags/subdag.py
[2024-08-27T09:30:09.933+0700] {processor.py:208} INFO - Processing /home/user/.local/lib/python3.10/site-packages/airflow/example_dags/subdags/subdag.py took 0.019 seconds
[2024-08-27T09:31:14.187+0700] {processor.py:186} INFO - Started process (PID=10856) to work on /home/user/.local/lib/python3.10/site-packages/airflow/example_dags/subdags/subdag.py
[2024-08-27T09:31:14.188+0700] {processor.py:914} INFO - Processing file /home/user/.local/lib/python3.10/site-packages/airflow/example_dags/subdags/subdag.py for tasks to queue
[2024-08-27T09:31:14.190+0700] {logging_mixin.py:190} INFO - [2024-08-27T09:31:14.190+0700] {dagbag.py:587} INFO - Filling up the DagBag from /home/user/.local/lib/python3.10/site-packages/airflow/example_dags/subdags/subdag.py
[2024-08-27T09:31:14.192+0700] {processor.py:927} WARNING - No viable dags retrieved from /home/user/.local/lib/python3.10/site-packages/airflow/example_dags/subdags/subdag.py
[2024-08-27T09:31:14.200+0700] {processor.py:208} INFO - Processing /home/user/.local/lib/python3.10/site-packages/airflow/example_dags/subdags/subdag.py took 0.017 seconds
[2024-08-27T09:32:12.898+0700] {processor.py:186} INFO - Started process (PID=11384) to work on /home/user/.local/lib/python3.10/site-packages/airflow/example_dags/subdags/subdag.py
[2024-08-27T09:32:12.900+0700] {processor.py:914} INFO - Processing file /home/user/.local/lib/python3.10/site-packages/airflow/example_dags/subdags/subdag.py for tasks to queue
[2024-08-27T09:32:12.903+0700] {logging_mixin.py:190} INFO - [2024-08-27T09:32:12.902+0700] {dagbag.py:587} INFO - Filling up the DagBag from /home/user/.local/lib/python3.10/site-packages/airflow/example_dags/subdags/subdag.py
[2024-08-27T09:32:12.906+0700] {processor.py:927} WARNING - No viable dags retrieved from /home/user/.local/lib/python3.10/site-packages/airflow/example_dags/subdags/subdag.py
[2024-08-27T09:32:12.920+0700] {processor.py:208} INFO - Processing /home/user/.local/lib/python3.10/site-packages/airflow/example_dags/subdags/subdag.py took 0.029 seconds
[2024-08-27T09:32:44.287+0700] {processor.py:186} INFO - Started process (PID=11648) to work on /home/user/.local/lib/python3.10/site-packages/airflow/example_dags/subdags/subdag.py
[2024-08-27T09:32:44.288+0700] {processor.py:914} INFO - Processing file /home/user/.local/lib/python3.10/site-packages/airflow/example_dags/subdags/subdag.py for tasks to queue
[2024-08-27T09:32:44.289+0700] {logging_mixin.py:190} INFO - [2024-08-27T09:32:44.289+0700] {dagbag.py:587} INFO - Filling up the DagBag from /home/user/.local/lib/python3.10/site-packages/airflow/example_dags/subdags/subdag.py
[2024-08-27T09:32:44.292+0700] {processor.py:927} WARNING - No viable dags retrieved from /home/user/.local/lib/python3.10/site-packages/airflow/example_dags/subdags/subdag.py
[2024-08-27T09:32:44.302+0700] {processor.py:208} INFO - Processing /home/user/.local/lib/python3.10/site-packages/airflow/example_dags/subdags/subdag.py took 0.020 seconds
[2024-08-27T09:33:47.038+0700] {processor.py:186} INFO - Started process (PID=12161) to work on /home/user/.local/lib/python3.10/site-packages/airflow/example_dags/subdags/subdag.py
[2024-08-27T09:33:47.040+0700] {processor.py:914} INFO - Processing file /home/user/.local/lib/python3.10/site-packages/airflow/example_dags/subdags/subdag.py for tasks to queue
[2024-08-27T09:33:47.044+0700] {logging_mixin.py:190} INFO - [2024-08-27T09:33:47.044+0700] {dagbag.py:587} INFO - Filling up the DagBag from /home/user/.local/lib/python3.10/site-packages/airflow/example_dags/subdags/subdag.py
[2024-08-27T09:33:47.047+0700] {processor.py:927} WARNING - No viable dags retrieved from /home/user/.local/lib/python3.10/site-packages/airflow/example_dags/subdags/subdag.py
[2024-08-27T09:33:47.061+0700] {processor.py:208} INFO - Processing /home/user/.local/lib/python3.10/site-packages/airflow/example_dags/subdags/subdag.py took 0.031 seconds
[2024-08-27T09:34:45.126+0700] {processor.py:186} INFO - Started process (PID=12635) to work on /home/user/.local/lib/python3.10/site-packages/airflow/example_dags/subdags/subdag.py
[2024-08-27T09:34:45.128+0700] {processor.py:914} INFO - Processing file /home/user/.local/lib/python3.10/site-packages/airflow/example_dags/subdags/subdag.py for tasks to queue
[2024-08-27T09:34:45.130+0700] {logging_mixin.py:190} INFO - [2024-08-27T09:34:45.130+0700] {dagbag.py:587} INFO - Filling up the DagBag from /home/user/.local/lib/python3.10/site-packages/airflow/example_dags/subdags/subdag.py
[2024-08-27T09:34:45.132+0700] {processor.py:927} WARNING - No viable dags retrieved from /home/user/.local/lib/python3.10/site-packages/airflow/example_dags/subdags/subdag.py
[2024-08-27T09:34:45.140+0700] {processor.py:208} INFO - Processing /home/user/.local/lib/python3.10/site-packages/airflow/example_dags/subdags/subdag.py took 0.017 seconds
[2024-08-27T09:35:51.671+0700] {processor.py:186} INFO - Started process (PID=13192) to work on /home/user/.local/lib/python3.10/site-packages/airflow/example_dags/subdags/subdag.py
[2024-08-27T09:35:51.673+0700] {processor.py:914} INFO - Processing file /home/user/.local/lib/python3.10/site-packages/airflow/example_dags/subdags/subdag.py for tasks to queue
[2024-08-27T09:35:51.677+0700] {logging_mixin.py:190} INFO - [2024-08-27T09:35:51.676+0700] {dagbag.py:587} INFO - Filling up the DagBag from /home/user/.local/lib/python3.10/site-packages/airflow/example_dags/subdags/subdag.py
[2024-08-27T09:35:51.680+0700] {processor.py:927} WARNING - No viable dags retrieved from /home/user/.local/lib/python3.10/site-packages/airflow/example_dags/subdags/subdag.py
[2024-08-27T09:35:51.694+0700] {processor.py:208} INFO - Processing /home/user/.local/lib/python3.10/site-packages/airflow/example_dags/subdags/subdag.py took 0.027 seconds
[2024-08-27T09:36:52.464+0700] {processor.py:186} INFO - Started process (PID=13708) to work on /home/user/.local/lib/python3.10/site-packages/airflow/example_dags/subdags/subdag.py
[2024-08-27T09:36:52.470+0700] {processor.py:914} INFO - Processing file /home/user/.local/lib/python3.10/site-packages/airflow/example_dags/subdags/subdag.py for tasks to queue
[2024-08-27T09:36:52.472+0700] {logging_mixin.py:190} INFO - [2024-08-27T09:36:52.472+0700] {dagbag.py:587} INFO - Filling up the DagBag from /home/user/.local/lib/python3.10/site-packages/airflow/example_dags/subdags/subdag.py
[2024-08-27T09:36:52.474+0700] {processor.py:927} WARNING - No viable dags retrieved from /home/user/.local/lib/python3.10/site-packages/airflow/example_dags/subdags/subdag.py
[2024-08-27T09:36:52.482+0700] {processor.py:208} INFO - Processing /home/user/.local/lib/python3.10/site-packages/airflow/example_dags/subdags/subdag.py took 0.023 seconds
[2024-08-27T09:37:54.589+0700] {processor.py:186} INFO - Started process (PID=14221) to work on /home/user/.local/lib/python3.10/site-packages/airflow/example_dags/subdags/subdag.py
[2024-08-27T09:37:54.590+0700] {processor.py:914} INFO - Processing file /home/user/.local/lib/python3.10/site-packages/airflow/example_dags/subdags/subdag.py for tasks to queue
[2024-08-27T09:37:54.592+0700] {logging_mixin.py:190} INFO - [2024-08-27T09:37:54.592+0700] {dagbag.py:587} INFO - Filling up the DagBag from /home/user/.local/lib/python3.10/site-packages/airflow/example_dags/subdags/subdag.py
[2024-08-27T09:37:54.594+0700] {processor.py:927} WARNING - No viable dags retrieved from /home/user/.local/lib/python3.10/site-packages/airflow/example_dags/subdags/subdag.py
[2024-08-27T09:37:54.602+0700] {processor.py:208} INFO - Processing /home/user/.local/lib/python3.10/site-packages/airflow/example_dags/subdags/subdag.py took 0.018 seconds
[2024-08-27T09:39:29.437+0700] {processor.py:186} INFO - Started process (PID=15024) to work on /home/user/.local/lib/python3.10/site-packages/airflow/example_dags/subdags/subdag.py
[2024-08-27T09:39:29.438+0700] {processor.py:914} INFO - Processing file /home/user/.local/lib/python3.10/site-packages/airflow/example_dags/subdags/subdag.py for tasks to queue
[2024-08-27T09:39:29.440+0700] {logging_mixin.py:190} INFO - [2024-08-27T09:39:29.440+0700] {dagbag.py:587} INFO - Filling up the DagBag from /home/user/.local/lib/python3.10/site-packages/airflow/example_dags/subdags/subdag.py
[2024-08-27T09:39:29.442+0700] {processor.py:927} WARNING - No viable dags retrieved from /home/user/.local/lib/python3.10/site-packages/airflow/example_dags/subdags/subdag.py
[2024-08-27T09:39:29.454+0700] {processor.py:208} INFO - Processing /home/user/.local/lib/python3.10/site-packages/airflow/example_dags/subdags/subdag.py took 0.023 seconds
[2024-08-27T09:40:30.327+0700] {processor.py:186} INFO - Started process (PID=15504) to work on /home/user/.local/lib/python3.10/site-packages/airflow/example_dags/subdags/subdag.py
[2024-08-27T09:40:30.328+0700] {processor.py:914} INFO - Processing file /home/user/.local/lib/python3.10/site-packages/airflow/example_dags/subdags/subdag.py for tasks to queue
[2024-08-27T09:40:30.330+0700] {logging_mixin.py:190} INFO - [2024-08-27T09:40:30.329+0700] {dagbag.py:587} INFO - Filling up the DagBag from /home/user/.local/lib/python3.10/site-packages/airflow/example_dags/subdags/subdag.py
[2024-08-27T09:40:30.332+0700] {processor.py:927} WARNING - No viable dags retrieved from /home/user/.local/lib/python3.10/site-packages/airflow/example_dags/subdags/subdag.py
[2024-08-27T09:40:30.340+0700] {processor.py:208} INFO - Processing /home/user/.local/lib/python3.10/site-packages/airflow/example_dags/subdags/subdag.py took 0.018 seconds
[2024-08-27T09:41:29.967+0700] {processor.py:186} INFO - Started process (PID=15975) to work on /home/user/.local/lib/python3.10/site-packages/airflow/example_dags/subdags/subdag.py
[2024-08-27T09:41:29.969+0700] {processor.py:914} INFO - Processing file /home/user/.local/lib/python3.10/site-packages/airflow/example_dags/subdags/subdag.py for tasks to queue
[2024-08-27T09:41:29.971+0700] {logging_mixin.py:190} INFO - [2024-08-27T09:41:29.970+0700] {dagbag.py:587} INFO - Filling up the DagBag from /home/user/.local/lib/python3.10/site-packages/airflow/example_dags/subdags/subdag.py
[2024-08-27T09:41:29.972+0700] {processor.py:927} WARNING - No viable dags retrieved from /home/user/.local/lib/python3.10/site-packages/airflow/example_dags/subdags/subdag.py
[2024-08-27T09:41:29.980+0700] {processor.py:208} INFO - Processing /home/user/.local/lib/python3.10/site-packages/airflow/example_dags/subdags/subdag.py took 0.017 seconds
[2024-08-27T09:42:37.496+0700] {processor.py:186} INFO - Started process (PID=16534) to work on /home/user/.local/lib/python3.10/site-packages/airflow/example_dags/subdags/subdag.py
[2024-08-27T09:42:37.498+0700] {processor.py:914} INFO - Processing file /home/user/.local/lib/python3.10/site-packages/airflow/example_dags/subdags/subdag.py for tasks to queue
[2024-08-27T09:42:37.501+0700] {logging_mixin.py:190} INFO - [2024-08-27T09:42:37.500+0700] {dagbag.py:587} INFO - Filling up the DagBag from /home/user/.local/lib/python3.10/site-packages/airflow/example_dags/subdags/subdag.py
[2024-08-27T09:42:37.503+0700] {processor.py:927} WARNING - No viable dags retrieved from /home/user/.local/lib/python3.10/site-packages/airflow/example_dags/subdags/subdag.py
[2024-08-27T09:42:37.511+0700] {processor.py:208} INFO - Processing /home/user/.local/lib/python3.10/site-packages/airflow/example_dags/subdags/subdag.py took 0.023 seconds
[2024-08-27T09:44:09.434+0700] {processor.py:186} INFO - Started process (PID=17238) to work on /home/user/.local/lib/python3.10/site-packages/airflow/example_dags/subdags/subdag.py
[2024-08-27T09:44:09.435+0700] {processor.py:914} INFO - Processing file /home/user/.local/lib/python3.10/site-packages/airflow/example_dags/subdags/subdag.py for tasks to queue
[2024-08-27T09:44:09.437+0700] {logging_mixin.py:190} INFO - [2024-08-27T09:44:09.437+0700] {dagbag.py:587} INFO - Filling up the DagBag from /home/user/.local/lib/python3.10/site-packages/airflow/example_dags/subdags/subdag.py
[2024-08-27T09:44:09.439+0700] {processor.py:927} WARNING - No viable dags retrieved from /home/user/.local/lib/python3.10/site-packages/airflow/example_dags/subdags/subdag.py
[2024-08-27T09:44:09.458+0700] {processor.py:208} INFO - Processing /home/user/.local/lib/python3.10/site-packages/airflow/example_dags/subdags/subdag.py took 0.030 seconds
