[2024-08-26T08:18:12.994+0700] {local_task_job_runner.py:123} INFO - ::group::Pre task execution logs
[2024-08-26T08:18:13.000+0700] {taskinstance.py:2603} INFO - Dependencies all met for dep_context=non-requeueable deps ti=<TaskInstance: combine_columns_dag.combine_columns scheduled__2024-03-05T00:00:00+00:00 [queued]>
[2024-08-26T08:18:13.005+0700] {taskinstance.py:2603} INFO - Dependencies all met for dep_context=requeueable deps ti=<TaskInstance: combine_columns_dag.combine_columns scheduled__2024-03-05T00:00:00+00:00 [queued]>
[2024-08-26T08:18:13.006+0700] {taskinstance.py:2856} INFO - Starting attempt 1 of 2
[2024-08-26T08:18:13.020+0700] {taskinstance.py:2879} INFO - Executing <Task(PythonOperator): combine_columns> on 2024-03-05 00:00:00+00:00
[2024-08-26T08:18:13.024+0700] {standard_task_runner.py:72} INFO - Started process 15186 to run task
[2024-08-26T08:18:13.027+0700] {standard_task_runner.py:104} INFO - Running: ['airflow', 'tasks', 'run', 'combine_columns_dag', 'combine_columns', 'scheduled__2024-03-05T00:00:00+00:00', '--job-id', '131', '--raw', '--subdir', 'DAGS_FOLDER/test_pandas.py', '--cfg-path', '/tmp/tmpeoeldhfw']
[2024-08-26T08:18:13.028+0700] {standard_task_runner.py:105} INFO - Job 131: Subtask combine_columns
[2024-08-26T08:18:13.056+0700] {task_command.py:467} INFO - Running <TaskInstance: combine_columns_dag.combine_columns scheduled__2024-03-05T00:00:00+00:00 [running]> on host LAPTOP-G8FSBU09.
[2024-08-26T08:18:13.115+0700] {taskinstance.py:3122} INFO - Exporting env vars: AIRFLOW_CTX_DAG_OWNER='airflow' AIRFLOW_CTX_DAG_ID='combine_columns_dag' AIRFLOW_CTX_TASK_ID='combine_columns' AIRFLOW_CTX_EXECUTION_DATE='2024-03-05T00:00:00+00:00' AIRFLOW_CTX_TRY_NUMBER='1' AIRFLOW_CTX_DAG_RUN_ID='scheduled__2024-03-05T00:00:00+00:00'
[2024-08-26T08:18:13.116+0700] {logging_mixin.py:190} INFO - Task instance is in running state
[2024-08-26T08:18:13.116+0700] {logging_mixin.py:190} INFO -  Previous state of the Task instance: queued
[2024-08-26T08:18:13.116+0700] {logging_mixin.py:190} INFO - Current task name:combine_columns state:running start_date:2024-08-26 01:18:13.001215+00:00
[2024-08-26T08:18:13.116+0700] {logging_mixin.py:190} INFO - Dag name:combine_columns_dag and current dag run status:running
[2024-08-26T08:18:13.116+0700] {taskinstance.py:731} INFO - ::endgroup::
[2024-08-26T08:18:13.138+0700] {python.py:240} INFO - Done. Returned value was: None
[2024-08-26T08:18:13.141+0700] {taskinstance.py:340} INFO - ::group::Post task execution logs
[2024-08-26T08:18:13.142+0700] {taskinstance.py:352} INFO - Marking task as SUCCESS. dag_id=combine_columns_dag, task_id=combine_columns, run_id=scheduled__2024-03-05T00:00:00+00:00, execution_date=20240305T000000, start_date=20240826T011813, end_date=20240826T011813
[2024-08-26T08:18:13.151+0700] {logging_mixin.py:190} INFO - Task instance in success state
[2024-08-26T08:18:13.151+0700] {logging_mixin.py:190} INFO -  Previous state of the Task instance: running
[2024-08-26T08:18:13.151+0700] {logging_mixin.py:190} INFO - Dag name:combine_columns_dag queued_at:2024-08-26 01:18:10.968957+00:00
[2024-08-26T08:18:13.151+0700] {logging_mixin.py:190} INFO - Task hostname:LAPTOP-G8FSBU09. operator:PythonOperator
[2024-08-26T08:18:13.161+0700] {local_task_job_runner.py:261} INFO - Task exited with return code 0
[2024-08-26T08:18:13.170+0700] {taskinstance.py:3891} INFO - 0 downstream tasks scheduled from follow-on schedule check
[2024-08-26T08:18:13.171+0700] {local_task_job_runner.py:240} INFO - ::endgroup::
