[2024-08-27T09:19:52.870+0700] {processor.py:186} INFO - Started process (PID=5324) to work on /home/user/.local/lib/python3.10/site-packages/airflow/example_dags/example_branch_python_dop_operator_3.py
[2024-08-27T09:19:52.871+0700] {processor.py:914} INFO - Processing file /home/user/.local/lib/python3.10/site-packages/airflow/example_dags/example_branch_python_dop_operator_3.py for tasks to queue
[2024-08-27T09:19:52.875+0700] {logging_mixin.py:190} INFO - [2024-08-27T09:19:52.874+0700] {dagbag.py:587} INFO - Filling up the DagBag from /home/user/.local/lib/python3.10/site-packages/airflow/example_dags/example_branch_python_dop_operator_3.py
[2024-08-27T09:19:52.888+0700] {processor.py:925} INFO - DAG(s) 'example_branch_dop_operator_v3' retrieved from /home/user/.local/lib/python3.10/site-packages/airflow/example_dags/example_branch_python_dop_operator_3.py
[2024-08-27T09:19:52.910+0700] {logging_mixin.py:190} INFO - [2024-08-27T09:19:52.910+0700] {dag.py:3211} INFO - Sync 1 DAGs
[2024-08-27T09:19:52.930+0700] {logging_mixin.py:190} INFO - [2024-08-27T09:19:52.930+0700] {dag.py:4138} INFO - Setting next_dagrun for example_branch_dop_operator_v3 to 2024-08-27 02:18:00+00:00, run_after=2024-08-27 02:19:00+00:00
[2024-08-27T09:19:52.951+0700] {processor.py:208} INFO - Processing /home/user/.local/lib/python3.10/site-packages/airflow/example_dags/example_branch_python_dop_operator_3.py took 0.088 seconds
[2024-08-27T09:20:51.423+0700] {processor.py:186} INFO - Started process (PID=5868) to work on /home/user/.local/lib/python3.10/site-packages/airflow/example_dags/example_branch_python_dop_operator_3.py
[2024-08-27T09:20:51.424+0700] {processor.py:914} INFO - Processing file /home/user/.local/lib/python3.10/site-packages/airflow/example_dags/example_branch_python_dop_operator_3.py for tasks to queue
[2024-08-27T09:20:51.426+0700] {logging_mixin.py:190} INFO - [2024-08-27T09:20:51.425+0700] {dagbag.py:587} INFO - Filling up the DagBag from /home/user/.local/lib/python3.10/site-packages/airflow/example_dags/example_branch_python_dop_operator_3.py
[2024-08-27T09:20:51.434+0700] {processor.py:925} INFO - DAG(s) 'example_branch_dop_operator_v3' retrieved from /home/user/.local/lib/python3.10/site-packages/airflow/example_dags/example_branch_python_dop_operator_3.py
[2024-08-27T09:20:51.446+0700] {logging_mixin.py:190} INFO - [2024-08-27T09:20:51.445+0700] {dag.py:3211} INFO - Sync 1 DAGs
[2024-08-27T09:20:51.461+0700] {logging_mixin.py:190} INFO - [2024-08-27T09:20:51.461+0700] {dag.py:4138} INFO - Setting next_dagrun for example_branch_dop_operator_v3 to 2024-08-27 02:19:00+00:00, run_after=2024-08-27 02:20:00+00:00
[2024-08-27T09:20:51.478+0700] {processor.py:208} INFO - Processing /home/user/.local/lib/python3.10/site-packages/airflow/example_dags/example_branch_python_dop_operator_3.py took 0.060 seconds
[2024-08-27T09:22:17.865+0700] {processor.py:186} INFO - Started process (PID=6562) to work on /home/user/.local/lib/python3.10/site-packages/airflow/example_dags/example_branch_python_dop_operator_3.py
[2024-08-27T09:22:17.867+0700] {processor.py:914} INFO - Processing file /home/user/.local/lib/python3.10/site-packages/airflow/example_dags/example_branch_python_dop_operator_3.py for tasks to queue
[2024-08-27T09:22:17.869+0700] {logging_mixin.py:190} INFO - [2024-08-27T09:22:17.869+0700] {dagbag.py:587} INFO - Filling up the DagBag from /home/user/.local/lib/python3.10/site-packages/airflow/example_dags/example_branch_python_dop_operator_3.py
[2024-08-27T09:22:17.877+0700] {processor.py:925} INFO - DAG(s) 'example_branch_dop_operator_v3' retrieved from /home/user/.local/lib/python3.10/site-packages/airflow/example_dags/example_branch_python_dop_operator_3.py
[2024-08-27T09:22:17.893+0700] {logging_mixin.py:190} INFO - [2024-08-27T09:22:17.893+0700] {dag.py:3211} INFO - Sync 1 DAGs
[2024-08-27T09:22:17.929+0700] {logging_mixin.py:190} INFO - [2024-08-27T09:22:17.928+0700] {dag.py:4138} INFO - Setting next_dagrun for example_branch_dop_operator_v3 to 2024-08-27 02:21:00+00:00, run_after=2024-08-27 02:22:00+00:00
[2024-08-27T09:22:17.952+0700] {processor.py:208} INFO - Processing /home/user/.local/lib/python3.10/site-packages/airflow/example_dags/example_branch_python_dop_operator_3.py took 0.090 seconds
[2024-08-27T09:23:18.951+0700] {processor.py:186} INFO - Started process (PID=7054) to work on /home/user/.local/lib/python3.10/site-packages/airflow/example_dags/example_branch_python_dop_operator_3.py
[2024-08-27T09:23:18.952+0700] {processor.py:914} INFO - Processing file /home/user/.local/lib/python3.10/site-packages/airflow/example_dags/example_branch_python_dop_operator_3.py for tasks to queue
[2024-08-27T09:23:18.954+0700] {logging_mixin.py:190} INFO - [2024-08-27T09:23:18.954+0700] {dagbag.py:587} INFO - Filling up the DagBag from /home/user/.local/lib/python3.10/site-packages/airflow/example_dags/example_branch_python_dop_operator_3.py
[2024-08-27T09:23:18.963+0700] {processor.py:925} INFO - DAG(s) 'example_branch_dop_operator_v3' retrieved from /home/user/.local/lib/python3.10/site-packages/airflow/example_dags/example_branch_python_dop_operator_3.py
[2024-08-27T09:23:18.975+0700] {logging_mixin.py:190} INFO - [2024-08-27T09:23:18.975+0700] {dag.py:3211} INFO - Sync 1 DAGs
[2024-08-27T09:23:18.994+0700] {logging_mixin.py:190} INFO - [2024-08-27T09:23:18.993+0700] {dag.py:4138} INFO - Setting next_dagrun for example_branch_dop_operator_v3 to 2024-08-27 02:22:00+00:00, run_after=2024-08-27 02:23:00+00:00
[2024-08-27T09:23:19.018+0700] {processor.py:208} INFO - Processing /home/user/.local/lib/python3.10/site-packages/airflow/example_dags/example_branch_python_dop_operator_3.py took 0.071 seconds
[2024-08-27T09:24:18.464+0700] {processor.py:186} INFO - Started process (PID=7522) to work on /home/user/.local/lib/python3.10/site-packages/airflow/example_dags/example_branch_python_dop_operator_3.py
[2024-08-27T09:24:18.470+0700] {processor.py:914} INFO - Processing file /home/user/.local/lib/python3.10/site-packages/airflow/example_dags/example_branch_python_dop_operator_3.py for tasks to queue
[2024-08-27T09:24:18.475+0700] {logging_mixin.py:190} INFO - [2024-08-27T09:24:18.475+0700] {dagbag.py:587} INFO - Filling up the DagBag from /home/user/.local/lib/python3.10/site-packages/airflow/example_dags/example_branch_python_dop_operator_3.py
[2024-08-27T09:24:18.488+0700] {processor.py:925} INFO - DAG(s) 'example_branch_dop_operator_v3' retrieved from /home/user/.local/lib/python3.10/site-packages/airflow/example_dags/example_branch_python_dop_operator_3.py
[2024-08-27T09:24:18.506+0700] {logging_mixin.py:190} INFO - [2024-08-27T09:24:18.506+0700] {dag.py:3211} INFO - Sync 1 DAGs
[2024-08-27T09:24:18.531+0700] {logging_mixin.py:190} INFO - [2024-08-27T09:24:18.530+0700] {dag.py:4138} INFO - Setting next_dagrun for example_branch_dop_operator_v3 to 2024-08-27 02:23:00+00:00, run_after=2024-08-27 02:24:00+00:00
[2024-08-27T09:24:18.556+0700] {processor.py:208} INFO - Processing /home/user/.local/lib/python3.10/site-packages/airflow/example_dags/example_branch_python_dop_operator_3.py took 0.097 seconds
[2024-08-27T09:25:25.830+0700] {processor.py:186} INFO - Started process (PID=8051) to work on /home/user/.local/lib/python3.10/site-packages/airflow/example_dags/example_branch_python_dop_operator_3.py
[2024-08-27T09:25:25.831+0700] {processor.py:914} INFO - Processing file /home/user/.local/lib/python3.10/site-packages/airflow/example_dags/example_branch_python_dop_operator_3.py for tasks to queue
[2024-08-27T09:25:25.833+0700] {logging_mixin.py:190} INFO - [2024-08-27T09:25:25.833+0700] {dagbag.py:587} INFO - Filling up the DagBag from /home/user/.local/lib/python3.10/site-packages/airflow/example_dags/example_branch_python_dop_operator_3.py
[2024-08-27T09:25:25.841+0700] {processor.py:925} INFO - DAG(s) 'example_branch_dop_operator_v3' retrieved from /home/user/.local/lib/python3.10/site-packages/airflow/example_dags/example_branch_python_dop_operator_3.py
[2024-08-27T09:25:25.860+0700] {logging_mixin.py:190} INFO - [2024-08-27T09:25:25.860+0700] {dag.py:3211} INFO - Sync 1 DAGs
[2024-08-27T09:25:25.876+0700] {logging_mixin.py:190} INFO - [2024-08-27T09:25:25.876+0700] {dag.py:4138} INFO - Setting next_dagrun for example_branch_dop_operator_v3 to 2024-08-27 02:24:00+00:00, run_after=2024-08-27 02:25:00+00:00
[2024-08-27T09:25:25.893+0700] {processor.py:208} INFO - Processing /home/user/.local/lib/python3.10/site-packages/airflow/example_dags/example_branch_python_dop_operator_3.py took 0.068 seconds
[2024-08-27T09:26:33.203+0700] {processor.py:186} INFO - Started process (PID=8578) to work on /home/user/.local/lib/python3.10/site-packages/airflow/example_dags/example_branch_python_dop_operator_3.py
[2024-08-27T09:26:33.210+0700] {processor.py:914} INFO - Processing file /home/user/.local/lib/python3.10/site-packages/airflow/example_dags/example_branch_python_dop_operator_3.py for tasks to queue
[2024-08-27T09:26:33.212+0700] {logging_mixin.py:190} INFO - [2024-08-27T09:26:33.211+0700] {dagbag.py:587} INFO - Filling up the DagBag from /home/user/.local/lib/python3.10/site-packages/airflow/example_dags/example_branch_python_dop_operator_3.py
[2024-08-27T09:26:33.223+0700] {processor.py:925} INFO - DAG(s) 'example_branch_dop_operator_v3' retrieved from /home/user/.local/lib/python3.10/site-packages/airflow/example_dags/example_branch_python_dop_operator_3.py
[2024-08-27T09:26:33.244+0700] {logging_mixin.py:190} INFO - [2024-08-27T09:26:33.243+0700] {dag.py:3211} INFO - Sync 1 DAGs
[2024-08-27T09:26:33.282+0700] {logging_mixin.py:190} INFO - [2024-08-27T09:26:33.282+0700] {dag.py:4138} INFO - Setting next_dagrun for example_branch_dop_operator_v3 to 2024-08-27 02:25:00+00:00, run_after=2024-08-27 02:26:00+00:00
[2024-08-27T09:26:33.307+0700] {processor.py:208} INFO - Processing /home/user/.local/lib/python3.10/site-packages/airflow/example_dags/example_branch_python_dop_operator_3.py took 0.109 seconds
[2024-08-27T09:27:30.673+0700] {processor.py:186} INFO - Started process (PID=9047) to work on /home/user/.local/lib/python3.10/site-packages/airflow/example_dags/example_branch_python_dop_operator_3.py
[2024-08-27T09:27:30.674+0700] {processor.py:914} INFO - Processing file /home/user/.local/lib/python3.10/site-packages/airflow/example_dags/example_branch_python_dop_operator_3.py for tasks to queue
[2024-08-27T09:27:30.676+0700] {logging_mixin.py:190} INFO - [2024-08-27T09:27:30.676+0700] {dagbag.py:587} INFO - Filling up the DagBag from /home/user/.local/lib/python3.10/site-packages/airflow/example_dags/example_branch_python_dop_operator_3.py
[2024-08-27T09:27:30.684+0700] {processor.py:925} INFO - DAG(s) 'example_branch_dop_operator_v3' retrieved from /home/user/.local/lib/python3.10/site-packages/airflow/example_dags/example_branch_python_dop_operator_3.py
[2024-08-27T09:27:30.699+0700] {logging_mixin.py:190} INFO - [2024-08-27T09:27:30.698+0700] {dag.py:3211} INFO - Sync 1 DAGs
[2024-08-27T09:27:30.716+0700] {logging_mixin.py:190} INFO - [2024-08-27T09:27:30.716+0700] {dag.py:4138} INFO - Setting next_dagrun for example_branch_dop_operator_v3 to 2024-08-27 02:26:00+00:00, run_after=2024-08-27 02:27:00+00:00
[2024-08-27T09:27:30.740+0700] {processor.py:208} INFO - Processing /home/user/.local/lib/python3.10/site-packages/airflow/example_dags/example_branch_python_dop_operator_3.py took 0.073 seconds
[2024-08-27T09:28:39.099+0700] {processor.py:186} INFO - Started process (PID=9612) to work on /home/user/.local/lib/python3.10/site-packages/airflow/example_dags/example_branch_python_dop_operator_3.py
[2024-08-27T09:28:39.100+0700] {processor.py:914} INFO - Processing file /home/user/.local/lib/python3.10/site-packages/airflow/example_dags/example_branch_python_dop_operator_3.py for tasks to queue
[2024-08-27T09:28:39.102+0700] {logging_mixin.py:190} INFO - [2024-08-27T09:28:39.102+0700] {dagbag.py:587} INFO - Filling up the DagBag from /home/user/.local/lib/python3.10/site-packages/airflow/example_dags/example_branch_python_dop_operator_3.py
[2024-08-27T09:28:39.113+0700] {processor.py:925} INFO - DAG(s) 'example_branch_dop_operator_v3' retrieved from /home/user/.local/lib/python3.10/site-packages/airflow/example_dags/example_branch_python_dop_operator_3.py
[2024-08-27T09:28:39.128+0700] {logging_mixin.py:190} INFO - [2024-08-27T09:28:39.127+0700] {dag.py:3211} INFO - Sync 1 DAGs
[2024-08-27T09:28:39.143+0700] {logging_mixin.py:190} INFO - [2024-08-27T09:28:39.143+0700] {dag.py:4138} INFO - Setting next_dagrun for example_branch_dop_operator_v3 to 2024-08-27 02:27:00+00:00, run_after=2024-08-27 02:28:00+00:00
[2024-08-27T09:28:39.167+0700] {processor.py:208} INFO - Processing /home/user/.local/lib/python3.10/site-packages/airflow/example_dags/example_branch_python_dop_operator_3.py took 0.074 seconds
[2024-08-27T09:30:20.812+0700] {processor.py:186} INFO - Started process (PID=10420) to work on /home/user/.local/lib/python3.10/site-packages/airflow/example_dags/example_branch_python_dop_operator_3.py
[2024-08-27T09:30:20.814+0700] {processor.py:914} INFO - Processing file /home/user/.local/lib/python3.10/site-packages/airflow/example_dags/example_branch_python_dop_operator_3.py for tasks to queue
[2024-08-27T09:30:20.816+0700] {logging_mixin.py:190} INFO - [2024-08-27T09:30:20.815+0700] {dagbag.py:587} INFO - Filling up the DagBag from /home/user/.local/lib/python3.10/site-packages/airflow/example_dags/example_branch_python_dop_operator_3.py
[2024-08-27T09:30:20.828+0700] {processor.py:925} INFO - DAG(s) 'example_branch_dop_operator_v3' retrieved from /home/user/.local/lib/python3.10/site-packages/airflow/example_dags/example_branch_python_dop_operator_3.py
[2024-08-27T09:30:20.847+0700] {logging_mixin.py:190} INFO - [2024-08-27T09:30:20.846+0700] {dag.py:3211} INFO - Sync 1 DAGs
[2024-08-27T09:30:20.879+0700] {logging_mixin.py:190} INFO - [2024-08-27T09:30:20.878+0700] {dag.py:4138} INFO - Setting next_dagrun for example_branch_dop_operator_v3 to 2024-08-27 02:29:00+00:00, run_after=2024-08-27 02:30:00+00:00
[2024-08-27T09:30:20.934+0700] {processor.py:208} INFO - Processing /home/user/.local/lib/python3.10/site-packages/airflow/example_dags/example_branch_python_dop_operator_3.py took 0.127 seconds
[2024-08-27T09:31:25.680+0700] {processor.py:186} INFO - Started process (PID=10942) to work on /home/user/.local/lib/python3.10/site-packages/airflow/example_dags/example_branch_python_dop_operator_3.py
[2024-08-27T09:31:25.682+0700] {processor.py:914} INFO - Processing file /home/user/.local/lib/python3.10/site-packages/airflow/example_dags/example_branch_python_dop_operator_3.py for tasks to queue
[2024-08-27T09:31:25.683+0700] {logging_mixin.py:190} INFO - [2024-08-27T09:31:25.683+0700] {dagbag.py:587} INFO - Filling up the DagBag from /home/user/.local/lib/python3.10/site-packages/airflow/example_dags/example_branch_python_dop_operator_3.py
[2024-08-27T09:31:25.692+0700] {processor.py:925} INFO - DAG(s) 'example_branch_dop_operator_v3' retrieved from /home/user/.local/lib/python3.10/site-packages/airflow/example_dags/example_branch_python_dop_operator_3.py
[2024-08-27T09:31:25.704+0700] {logging_mixin.py:190} INFO - [2024-08-27T09:31:25.704+0700] {dag.py:3211} INFO - Sync 1 DAGs
[2024-08-27T09:31:25.721+0700] {logging_mixin.py:190} INFO - [2024-08-27T09:31:25.721+0700] {dag.py:4138} INFO - Setting next_dagrun for example_branch_dop_operator_v3 to 2024-08-27 02:30:00+00:00, run_after=2024-08-27 02:31:00+00:00
[2024-08-27T09:31:25.739+0700] {processor.py:208} INFO - Processing /home/user/.local/lib/python3.10/site-packages/airflow/example_dags/example_branch_python_dop_operator_3.py took 0.063 seconds
[2024-08-27T09:32:54.443+0700] {processor.py:186} INFO - Started process (PID=11728) to work on /home/user/.local/lib/python3.10/site-packages/airflow/example_dags/example_branch_python_dop_operator_3.py
[2024-08-27T09:32:54.445+0700] {processor.py:914} INFO - Processing file /home/user/.local/lib/python3.10/site-packages/airflow/example_dags/example_branch_python_dop_operator_3.py for tasks to queue
[2024-08-27T09:32:54.447+0700] {logging_mixin.py:190} INFO - [2024-08-27T09:32:54.447+0700] {dagbag.py:587} INFO - Filling up the DagBag from /home/user/.local/lib/python3.10/site-packages/airflow/example_dags/example_branch_python_dop_operator_3.py
[2024-08-27T09:32:54.457+0700] {processor.py:925} INFO - DAG(s) 'example_branch_dop_operator_v3' retrieved from /home/user/.local/lib/python3.10/site-packages/airflow/example_dags/example_branch_python_dop_operator_3.py
[2024-08-27T09:32:54.475+0700] {logging_mixin.py:190} INFO - [2024-08-27T09:32:54.475+0700] {dag.py:3211} INFO - Sync 1 DAGs
[2024-08-27T09:32:54.496+0700] {logging_mixin.py:190} INFO - [2024-08-27T09:32:54.496+0700] {dag.py:4138} INFO - Setting next_dagrun for example_branch_dop_operator_v3 to 2024-08-27 02:31:00+00:00, run_after=2024-08-27 02:32:00+00:00
[2024-08-27T09:32:54.525+0700] {processor.py:208} INFO - Processing /home/user/.local/lib/python3.10/site-packages/airflow/example_dags/example_branch_python_dop_operator_3.py took 0.089 seconds
[2024-08-27T09:34:55.342+0700] {processor.py:186} INFO - Started process (PID=12718) to work on /home/user/.local/lib/python3.10/site-packages/airflow/example_dags/example_branch_python_dop_operator_3.py
[2024-08-27T09:34:55.343+0700] {processor.py:914} INFO - Processing file /home/user/.local/lib/python3.10/site-packages/airflow/example_dags/example_branch_python_dop_operator_3.py for tasks to queue
[2024-08-27T09:34:55.345+0700] {logging_mixin.py:190} INFO - [2024-08-27T09:34:55.344+0700] {dagbag.py:587} INFO - Filling up the DagBag from /home/user/.local/lib/python3.10/site-packages/airflow/example_dags/example_branch_python_dop_operator_3.py
[2024-08-27T09:34:55.356+0700] {processor.py:925} INFO - DAG(s) 'example_branch_dop_operator_v3' retrieved from /home/user/.local/lib/python3.10/site-packages/airflow/example_dags/example_branch_python_dop_operator_3.py
[2024-08-27T09:34:55.370+0700] {logging_mixin.py:190} INFO - [2024-08-27T09:34:55.370+0700] {dag.py:3211} INFO - Sync 1 DAGs
[2024-08-27T09:34:55.389+0700] {logging_mixin.py:190} INFO - [2024-08-27T09:34:55.389+0700] {dag.py:4138} INFO - Setting next_dagrun for example_branch_dop_operator_v3 to 2024-08-27 02:33:00+00:00, run_after=2024-08-27 02:34:00+00:00
[2024-08-27T09:34:55.407+0700] {processor.py:208} INFO - Processing /home/user/.local/lib/python3.10/site-packages/airflow/example_dags/example_branch_python_dop_operator_3.py took 0.070 seconds
[2024-08-27T09:36:02.010+0700] {processor.py:186} INFO - Started process (PID=13273) to work on /home/user/.local/lib/python3.10/site-packages/airflow/example_dags/example_branch_python_dop_operator_3.py
[2024-08-27T09:36:02.016+0700] {processor.py:914} INFO - Processing file /home/user/.local/lib/python3.10/site-packages/airflow/example_dags/example_branch_python_dop_operator_3.py for tasks to queue
[2024-08-27T09:36:02.018+0700] {logging_mixin.py:190} INFO - [2024-08-27T09:36:02.018+0700] {dagbag.py:587} INFO - Filling up the DagBag from /home/user/.local/lib/python3.10/site-packages/airflow/example_dags/example_branch_python_dop_operator_3.py
[2024-08-27T09:36:02.026+0700] {processor.py:925} INFO - DAG(s) 'example_branch_dop_operator_v3' retrieved from /home/user/.local/lib/python3.10/site-packages/airflow/example_dags/example_branch_python_dop_operator_3.py
[2024-08-27T09:36:02.041+0700] {logging_mixin.py:190} INFO - [2024-08-27T09:36:02.041+0700] {dag.py:3211} INFO - Sync 1 DAGs
[2024-08-27T09:36:02.063+0700] {logging_mixin.py:190} INFO - [2024-08-27T09:36:02.063+0700] {dag.py:4138} INFO - Setting next_dagrun for example_branch_dop_operator_v3 to 2024-08-27 02:35:00+00:00, run_after=2024-08-27 02:36:00+00:00
[2024-08-27T09:36:02.087+0700] {processor.py:208} INFO - Processing /home/user/.local/lib/python3.10/site-packages/airflow/example_dags/example_branch_python_dop_operator_3.py took 0.081 seconds
[2024-08-27T09:37:05.731+0700] {processor.py:186} INFO - Started process (PID=13827) to work on /home/user/.local/lib/python3.10/site-packages/airflow/example_dags/example_branch_python_dop_operator_3.py
[2024-08-27T09:37:05.732+0700] {processor.py:914} INFO - Processing file /home/user/.local/lib/python3.10/site-packages/airflow/example_dags/example_branch_python_dop_operator_3.py for tasks to queue
[2024-08-27T09:37:05.734+0700] {logging_mixin.py:190} INFO - [2024-08-27T09:37:05.734+0700] {dagbag.py:587} INFO - Filling up the DagBag from /home/user/.local/lib/python3.10/site-packages/airflow/example_dags/example_branch_python_dop_operator_3.py
[2024-08-27T09:37:05.746+0700] {processor.py:925} INFO - DAG(s) 'example_branch_dop_operator_v3' retrieved from /home/user/.local/lib/python3.10/site-packages/airflow/example_dags/example_branch_python_dop_operator_3.py
[2024-08-27T09:37:05.763+0700] {logging_mixin.py:190} INFO - [2024-08-27T09:37:05.762+0700] {dag.py:3211} INFO - Sync 1 DAGs
[2024-08-27T09:37:05.788+0700] {logging_mixin.py:190} INFO - [2024-08-27T09:37:05.788+0700] {dag.py:4138} INFO - Setting next_dagrun for example_branch_dop_operator_v3 to 2024-08-27 02:36:00+00:00, run_after=2024-08-27 02:37:00+00:00
[2024-08-27T09:37:05.810+0700] {processor.py:208} INFO - Processing /home/user/.local/lib/python3.10/site-packages/airflow/example_dags/example_branch_python_dop_operator_3.py took 0.084 seconds
[2024-08-27T09:38:04.919+0700] {processor.py:186} INFO - Started process (PID=14305) to work on /home/user/.local/lib/python3.10/site-packages/airflow/example_dags/example_branch_python_dop_operator_3.py
[2024-08-27T09:38:04.920+0700] {processor.py:914} INFO - Processing file /home/user/.local/lib/python3.10/site-packages/airflow/example_dags/example_branch_python_dop_operator_3.py for tasks to queue
[2024-08-27T09:38:04.922+0700] {logging_mixin.py:190} INFO - [2024-08-27T09:38:04.922+0700] {dagbag.py:587} INFO - Filling up the DagBag from /home/user/.local/lib/python3.10/site-packages/airflow/example_dags/example_branch_python_dop_operator_3.py
[2024-08-27T09:38:04.931+0700] {processor.py:925} INFO - DAG(s) 'example_branch_dop_operator_v3' retrieved from /home/user/.local/lib/python3.10/site-packages/airflow/example_dags/example_branch_python_dop_operator_3.py
[2024-08-27T09:38:04.945+0700] {logging_mixin.py:190} INFO - [2024-08-27T09:38:04.945+0700] {dag.py:3211} INFO - Sync 1 DAGs
[2024-08-27T09:38:04.965+0700] {logging_mixin.py:190} INFO - [2024-08-27T09:38:04.965+0700] {dag.py:4138} INFO - Setting next_dagrun for example_branch_dop_operator_v3 to 2024-08-27 02:37:00+00:00, run_after=2024-08-27 02:38:00+00:00
[2024-08-27T09:38:04.983+0700] {processor.py:208} INFO - Processing /home/user/.local/lib/python3.10/site-packages/airflow/example_dags/example_branch_python_dop_operator_3.py took 0.070 seconds
[2024-08-27T09:39:40.927+0700] {processor.py:186} INFO - Started process (PID=15116) to work on /home/user/.local/lib/python3.10/site-packages/airflow/example_dags/example_branch_python_dop_operator_3.py
[2024-08-27T09:39:40.928+0700] {processor.py:914} INFO - Processing file /home/user/.local/lib/python3.10/site-packages/airflow/example_dags/example_branch_python_dop_operator_3.py for tasks to queue
[2024-08-27T09:39:40.930+0700] {logging_mixin.py:190} INFO - [2024-08-27T09:39:40.929+0700] {dagbag.py:587} INFO - Filling up the DagBag from /home/user/.local/lib/python3.10/site-packages/airflow/example_dags/example_branch_python_dop_operator_3.py
[2024-08-27T09:39:40.938+0700] {processor.py:925} INFO - DAG(s) 'example_branch_dop_operator_v3' retrieved from /home/user/.local/lib/python3.10/site-packages/airflow/example_dags/example_branch_python_dop_operator_3.py
[2024-08-27T09:39:40.953+0700] {logging_mixin.py:190} INFO - [2024-08-27T09:39:40.953+0700] {dag.py:3211} INFO - Sync 1 DAGs
[2024-08-27T09:39:40.973+0700] {logging_mixin.py:190} INFO - [2024-08-27T09:39:40.973+0700] {dag.py:4138} INFO - Setting next_dagrun for example_branch_dop_operator_v3 to 2024-08-27 02:38:00+00:00, run_after=2024-08-27 02:39:00+00:00
[2024-08-27T09:39:40.995+0700] {processor.py:208} INFO - Processing /home/user/.local/lib/python3.10/site-packages/airflow/example_dags/example_branch_python_dop_operator_3.py took 0.074 seconds
[2024-08-27T09:40:41.931+0700] {processor.py:186} INFO - Started process (PID=15596) to work on /home/user/.local/lib/python3.10/site-packages/airflow/example_dags/example_branch_python_dop_operator_3.py
[2024-08-27T09:40:41.938+0700] {processor.py:914} INFO - Processing file /home/user/.local/lib/python3.10/site-packages/airflow/example_dags/example_branch_python_dop_operator_3.py for tasks to queue
[2024-08-27T09:40:41.939+0700] {logging_mixin.py:190} INFO - [2024-08-27T09:40:41.939+0700] {dagbag.py:587} INFO - Filling up the DagBag from /home/user/.local/lib/python3.10/site-packages/airflow/example_dags/example_branch_python_dop_operator_3.py
[2024-08-27T09:40:41.947+0700] {processor.py:925} INFO - DAG(s) 'example_branch_dop_operator_v3' retrieved from /home/user/.local/lib/python3.10/site-packages/airflow/example_dags/example_branch_python_dop_operator_3.py
[2024-08-27T09:40:41.960+0700] {logging_mixin.py:190} INFO - [2024-08-27T09:40:41.959+0700] {dag.py:3211} INFO - Sync 1 DAGs
[2024-08-27T09:40:41.979+0700] {logging_mixin.py:190} INFO - [2024-08-27T09:40:41.979+0700] {dag.py:4138} INFO - Setting next_dagrun for example_branch_dop_operator_v3 to 2024-08-27 02:39:00+00:00, run_after=2024-08-27 02:40:00+00:00
[2024-08-27T09:40:42.151+0700] {processor.py:208} INFO - Processing /home/user/.local/lib/python3.10/site-packages/airflow/example_dags/example_branch_python_dop_operator_3.py took 0.224 seconds
[2024-08-27T09:41:43.757+0700] {processor.py:186} INFO - Started process (PID=16084) to work on /home/user/.local/lib/python3.10/site-packages/airflow/example_dags/example_branch_python_dop_operator_3.py
[2024-08-27T09:41:43.763+0700] {processor.py:914} INFO - Processing file /home/user/.local/lib/python3.10/site-packages/airflow/example_dags/example_branch_python_dop_operator_3.py for tasks to queue
[2024-08-27T09:41:43.765+0700] {logging_mixin.py:190} INFO - [2024-08-27T09:41:43.765+0700] {dagbag.py:587} INFO - Filling up the DagBag from /home/user/.local/lib/python3.10/site-packages/airflow/example_dags/example_branch_python_dop_operator_3.py
[2024-08-27T09:41:43.775+0700] {processor.py:925} INFO - DAG(s) 'example_branch_dop_operator_v3' retrieved from /home/user/.local/lib/python3.10/site-packages/airflow/example_dags/example_branch_python_dop_operator_3.py
[2024-08-27T09:41:43.789+0700] {logging_mixin.py:190} INFO - [2024-08-27T09:41:43.789+0700] {dag.py:3211} INFO - Sync 1 DAGs
[2024-08-27T09:41:43.807+0700] {logging_mixin.py:190} INFO - [2024-08-27T09:41:43.807+0700] {dag.py:4138} INFO - Setting next_dagrun for example_branch_dop_operator_v3 to 2024-08-27 02:40:00+00:00, run_after=2024-08-27 02:41:00+00:00
[2024-08-27T09:41:43.956+0700] {processor.py:208} INFO - Processing /home/user/.local/lib/python3.10/site-packages/airflow/example_dags/example_branch_python_dop_operator_3.py took 0.204 seconds
[2024-08-27T09:42:50.134+0700] {processor.py:186} INFO - Started process (PID=16630) to work on /home/user/.local/lib/python3.10/site-packages/airflow/example_dags/example_branch_python_dop_operator_3.py
[2024-08-27T09:42:50.138+0700] {processor.py:914} INFO - Processing file /home/user/.local/lib/python3.10/site-packages/airflow/example_dags/example_branch_python_dop_operator_3.py for tasks to queue
[2024-08-27T09:42:50.140+0700] {logging_mixin.py:190} INFO - [2024-08-27T09:42:50.139+0700] {dagbag.py:587} INFO - Filling up the DagBag from /home/user/.local/lib/python3.10/site-packages/airflow/example_dags/example_branch_python_dop_operator_3.py
[2024-08-27T09:42:50.149+0700] {processor.py:925} INFO - DAG(s) 'example_branch_dop_operator_v3' retrieved from /home/user/.local/lib/python3.10/site-packages/airflow/example_dags/example_branch_python_dop_operator_3.py
[2024-08-27T09:42:50.162+0700] {logging_mixin.py:190} INFO - [2024-08-27T09:42:50.162+0700] {dag.py:3211} INFO - Sync 1 DAGs
[2024-08-27T09:42:50.180+0700] {logging_mixin.py:190} INFO - [2024-08-27T09:42:50.179+0700] {dag.py:4138} INFO - Setting next_dagrun for example_branch_dop_operator_v3 to 2024-08-27 02:41:00+00:00, run_after=2024-08-27 02:42:00+00:00
[2024-08-27T09:42:50.336+0700] {processor.py:208} INFO - Processing /home/user/.local/lib/python3.10/site-packages/airflow/example_dags/example_branch_python_dop_operator_3.py took 0.207 seconds
[2024-08-27T09:44:21.202+0700] {processor.py:186} INFO - Started process (PID=17325) to work on /home/user/.local/lib/python3.10/site-packages/airflow/example_dags/example_branch_python_dop_operator_3.py
[2024-08-27T09:44:21.203+0700] {processor.py:914} INFO - Processing file /home/user/.local/lib/python3.10/site-packages/airflow/example_dags/example_branch_python_dop_operator_3.py for tasks to queue
[2024-08-27T09:44:21.205+0700] {logging_mixin.py:190} INFO - [2024-08-27T09:44:21.205+0700] {dagbag.py:587} INFO - Filling up the DagBag from /home/user/.local/lib/python3.10/site-packages/airflow/example_dags/example_branch_python_dop_operator_3.py
[2024-08-27T09:44:21.213+0700] {processor.py:925} INFO - DAG(s) 'example_branch_dop_operator_v3' retrieved from /home/user/.local/lib/python3.10/site-packages/airflow/example_dags/example_branch_python_dop_operator_3.py
[2024-08-27T09:44:21.227+0700] {logging_mixin.py:190} INFO - [2024-08-27T09:44:21.227+0700] {dag.py:3211} INFO - Sync 1 DAGs
[2024-08-27T09:44:21.243+0700] {logging_mixin.py:190} INFO - [2024-08-27T09:44:21.243+0700] {dag.py:4138} INFO - Setting next_dagrun for example_branch_dop_operator_v3 to 2024-08-27 02:43:00+00:00, run_after=2024-08-27 02:44:00+00:00
[2024-08-27T09:44:21.270+0700] {processor.py:208} INFO - Processing /home/user/.local/lib/python3.10/site-packages/airflow/example_dags/example_branch_python_dop_operator_3.py took 0.073 seconds
