[2024-08-27T09:20:11.206+0700] {processor.py:186} INFO - Started process (PID=5543) to work on /home/user/.local/lib/python3.10/site-packages/airflow/example_dags/example_dataset_alias.py
[2024-08-27T09:20:11.206+0700] {processor.py:914} INFO - Processing file /home/user/.local/lib/python3.10/site-packages/airflow/example_dags/example_dataset_alias.py for tasks to queue
[2024-08-27T09:20:11.208+0700] {logging_mixin.py:190} INFO - [2024-08-27T09:20:11.208+0700] {dagbag.py:587} INFO - Filling up the DagBag from /home/user/.local/lib/python3.10/site-packages/airflow/example_dags/example_dataset_alias.py
[2024-08-27T09:20:11.228+0700] {processor.py:925} INFO - DAG(s) 'dataset_alias_example_alias_consumer', 'dataset_alias_example_alias_producer', 'dataset_s3_bucket_producer', 'dataset_s3_bucket_consumer' retrieved from /home/user/.local/lib/python3.10/site-packages/airflow/example_dags/example_dataset_alias.py
[2024-08-27T09:20:11.251+0700] {logging_mixin.py:190} INFO - [2024-08-27T09:20:11.251+0700] {dag.py:3211} INFO - Sync 4 DAGs
[2024-08-27T09:20:11.268+0700] {logging_mixin.py:190} INFO - [2024-08-27T09:20:11.268+0700] {dag.py:4138} INFO - Setting next_dagrun for dataset_alias_example_alias_consumer to None, run_after=None
[2024-08-27T09:20:11.270+0700] {logging_mixin.py:190} INFO - [2024-08-27T09:20:11.270+0700] {dag.py:4138} INFO - Setting next_dagrun for dataset_alias_example_alias_producer to None, run_after=None
[2024-08-27T09:20:11.271+0700] {logging_mixin.py:190} INFO - [2024-08-27T09:20:11.271+0700] {dag.py:4138} INFO - Setting next_dagrun for dataset_s3_bucket_consumer to None, run_after=None
[2024-08-27T09:20:11.272+0700] {logging_mixin.py:190} INFO - [2024-08-27T09:20:11.272+0700] {dag.py:4138} INFO - Setting next_dagrun for dataset_s3_bucket_producer to None, run_after=None
[2024-08-27T09:20:11.298+0700] {processor.py:208} INFO - Processing /home/user/.local/lib/python3.10/site-packages/airflow/example_dags/example_dataset_alias.py took 0.097 seconds
[2024-08-27T09:21:10.135+0700] {processor.py:186} INFO - Started process (PID=6014) to work on /home/user/.local/lib/python3.10/site-packages/airflow/example_dags/example_dataset_alias.py
[2024-08-27T09:21:10.137+0700] {processor.py:914} INFO - Processing file /home/user/.local/lib/python3.10/site-packages/airflow/example_dags/example_dataset_alias.py for tasks to queue
[2024-08-27T09:21:10.139+0700] {logging_mixin.py:190} INFO - [2024-08-27T09:21:10.138+0700] {dagbag.py:587} INFO - Filling up the DagBag from /home/user/.local/lib/python3.10/site-packages/airflow/example_dags/example_dataset_alias.py
[2024-08-27T09:21:10.160+0700] {processor.py:925} INFO - DAG(s) 'dataset_s3_bucket_producer', 'dataset_alias_example_alias_consumer', 'dataset_alias_example_alias_producer', 'dataset_s3_bucket_consumer' retrieved from /home/user/.local/lib/python3.10/site-packages/airflow/example_dags/example_dataset_alias.py
[2024-08-27T09:21:10.180+0700] {logging_mixin.py:190} INFO - [2024-08-27T09:21:10.180+0700] {dag.py:3211} INFO - Sync 4 DAGs
[2024-08-27T09:21:10.303+0700] {logging_mixin.py:190} INFO - [2024-08-27T09:21:10.303+0700] {dag.py:4138} INFO - Setting next_dagrun for dataset_alias_example_alias_consumer to None, run_after=None
[2024-08-27T09:21:10.305+0700] {logging_mixin.py:190} INFO - [2024-08-27T09:21:10.304+0700] {dag.py:4138} INFO - Setting next_dagrun for dataset_alias_example_alias_producer to None, run_after=None
[2024-08-27T09:21:10.305+0700] {logging_mixin.py:190} INFO - [2024-08-27T09:21:10.305+0700] {dag.py:4138} INFO - Setting next_dagrun for dataset_s3_bucket_consumer to None, run_after=None
[2024-08-27T09:21:10.306+0700] {logging_mixin.py:190} INFO - [2024-08-27T09:21:10.306+0700] {dag.py:4138} INFO - Setting next_dagrun for dataset_s3_bucket_producer to None, run_after=None
[2024-08-27T09:21:10.326+0700] {processor.py:208} INFO - Processing /home/user/.local/lib/python3.10/site-packages/airflow/example_dags/example_dataset_alias.py took 0.196 seconds
[2024-08-27T09:22:36.258+0700] {processor.py:186} INFO - Started process (PID=6705) to work on /home/user/.local/lib/python3.10/site-packages/airflow/example_dags/example_dataset_alias.py
[2024-08-27T09:22:36.260+0700] {processor.py:914} INFO - Processing file /home/user/.local/lib/python3.10/site-packages/airflow/example_dags/example_dataset_alias.py for tasks to queue
[2024-08-27T09:22:36.264+0700] {logging_mixin.py:190} INFO - [2024-08-27T09:22:36.264+0700] {dagbag.py:587} INFO - Filling up the DagBag from /home/user/.local/lib/python3.10/site-packages/airflow/example_dags/example_dataset_alias.py
[2024-08-27T09:22:36.286+0700] {processor.py:925} INFO - DAG(s) 'dataset_s3_bucket_producer', 'dataset_s3_bucket_consumer', 'dataset_alias_example_alias_consumer', 'dataset_alias_example_alias_producer' retrieved from /home/user/.local/lib/python3.10/site-packages/airflow/example_dags/example_dataset_alias.py
[2024-08-27T09:22:36.306+0700] {logging_mixin.py:190} INFO - [2024-08-27T09:22:36.305+0700] {dag.py:3211} INFO - Sync 4 DAGs
[2024-08-27T09:22:36.319+0700] {logging_mixin.py:190} INFO - [2024-08-27T09:22:36.319+0700] {dag.py:4138} INFO - Setting next_dagrun for dataset_alias_example_alias_consumer to None, run_after=None
[2024-08-27T09:22:36.321+0700] {logging_mixin.py:190} INFO - [2024-08-27T09:22:36.321+0700] {dag.py:4138} INFO - Setting next_dagrun for dataset_alias_example_alias_producer to None, run_after=None
[2024-08-27T09:22:36.322+0700] {logging_mixin.py:190} INFO - [2024-08-27T09:22:36.322+0700] {dag.py:4138} INFO - Setting next_dagrun for dataset_s3_bucket_consumer to None, run_after=None
[2024-08-27T09:22:36.323+0700] {logging_mixin.py:190} INFO - [2024-08-27T09:22:36.323+0700] {dag.py:4138} INFO - Setting next_dagrun for dataset_s3_bucket_producer to None, run_after=None
[2024-08-27T09:22:36.348+0700] {processor.py:208} INFO - Processing /home/user/.local/lib/python3.10/site-packages/airflow/example_dags/example_dataset_alias.py took 0.097 seconds
[2024-08-27T09:23:37.353+0700] {processor.py:186} INFO - Started process (PID=7198) to work on /home/user/.local/lib/python3.10/site-packages/airflow/example_dags/example_dataset_alias.py
[2024-08-27T09:23:37.354+0700] {processor.py:914} INFO - Processing file /home/user/.local/lib/python3.10/site-packages/airflow/example_dags/example_dataset_alias.py for tasks to queue
[2024-08-27T09:23:37.357+0700] {logging_mixin.py:190} INFO - [2024-08-27T09:23:37.356+0700] {dagbag.py:587} INFO - Filling up the DagBag from /home/user/.local/lib/python3.10/site-packages/airflow/example_dags/example_dataset_alias.py
[2024-08-27T09:23:37.376+0700] {processor.py:925} INFO - DAG(s) 'dataset_s3_bucket_producer', 'dataset_s3_bucket_consumer', 'dataset_alias_example_alias_consumer', 'dataset_alias_example_alias_producer' retrieved from /home/user/.local/lib/python3.10/site-packages/airflow/example_dags/example_dataset_alias.py
[2024-08-27T09:23:37.393+0700] {logging_mixin.py:190} INFO - [2024-08-27T09:23:37.393+0700] {dag.py:3211} INFO - Sync 4 DAGs
[2024-08-27T09:23:37.409+0700] {logging_mixin.py:190} INFO - [2024-08-27T09:23:37.409+0700] {dag.py:4138} INFO - Setting next_dagrun for dataset_alias_example_alias_consumer to None, run_after=None
[2024-08-27T09:23:37.411+0700] {logging_mixin.py:190} INFO - [2024-08-27T09:23:37.411+0700] {dag.py:4138} INFO - Setting next_dagrun for dataset_alias_example_alias_producer to None, run_after=None
[2024-08-27T09:23:37.412+0700] {logging_mixin.py:190} INFO - [2024-08-27T09:23:37.412+0700] {dag.py:4138} INFO - Setting next_dagrun for dataset_s3_bucket_consumer to None, run_after=None
[2024-08-27T09:23:37.412+0700] {logging_mixin.py:190} INFO - [2024-08-27T09:23:37.412+0700] {dag.py:4138} INFO - Setting next_dagrun for dataset_s3_bucket_producer to None, run_after=None
[2024-08-27T09:23:37.432+0700] {processor.py:208} INFO - Processing /home/user/.local/lib/python3.10/site-packages/airflow/example_dags/example_dataset_alias.py took 0.083 seconds
[2024-08-27T09:24:38.173+0700] {processor.py:186} INFO - Started process (PID=7677) to work on /home/user/.local/lib/python3.10/site-packages/airflow/example_dags/example_dataset_alias.py
[2024-08-27T09:24:38.175+0700] {processor.py:914} INFO - Processing file /home/user/.local/lib/python3.10/site-packages/airflow/example_dags/example_dataset_alias.py for tasks to queue
[2024-08-27T09:24:38.177+0700] {logging_mixin.py:190} INFO - [2024-08-27T09:24:38.176+0700] {dagbag.py:587} INFO - Filling up the DagBag from /home/user/.local/lib/python3.10/site-packages/airflow/example_dags/example_dataset_alias.py
[2024-08-27T09:24:38.196+0700] {processor.py:925} INFO - DAG(s) 'dataset_alias_example_alias_consumer', 'dataset_s3_bucket_consumer', 'dataset_alias_example_alias_producer', 'dataset_s3_bucket_producer' retrieved from /home/user/.local/lib/python3.10/site-packages/airflow/example_dags/example_dataset_alias.py
[2024-08-27T09:24:38.211+0700] {logging_mixin.py:190} INFO - [2024-08-27T09:24:38.211+0700] {dag.py:3211} INFO - Sync 4 DAGs
[2024-08-27T09:24:38.370+0700] {logging_mixin.py:190} INFO - [2024-08-27T09:24:38.369+0700] {dag.py:4138} INFO - Setting next_dagrun for dataset_alias_example_alias_consumer to None, run_after=None
[2024-08-27T09:24:38.371+0700] {logging_mixin.py:190} INFO - [2024-08-27T09:24:38.371+0700] {dag.py:4138} INFO - Setting next_dagrun for dataset_alias_example_alias_producer to None, run_after=None
[2024-08-27T09:24:38.373+0700] {logging_mixin.py:190} INFO - [2024-08-27T09:24:38.372+0700] {dag.py:4138} INFO - Setting next_dagrun for dataset_s3_bucket_consumer to None, run_after=None
[2024-08-27T09:24:38.373+0700] {logging_mixin.py:190} INFO - [2024-08-27T09:24:38.373+0700] {dag.py:4138} INFO - Setting next_dagrun for dataset_s3_bucket_producer to None, run_after=None
[2024-08-27T09:24:38.404+0700] {processor.py:208} INFO - Processing /home/user/.local/lib/python3.10/site-packages/airflow/example_dags/example_dataset_alias.py took 0.237 seconds
[2024-08-27T09:25:45.270+0700] {processor.py:186} INFO - Started process (PID=8199) to work on /home/user/.local/lib/python3.10/site-packages/airflow/example_dags/example_dataset_alias.py
[2024-08-27T09:25:45.277+0700] {processor.py:914} INFO - Processing file /home/user/.local/lib/python3.10/site-packages/airflow/example_dags/example_dataset_alias.py for tasks to queue
[2024-08-27T09:25:45.279+0700] {logging_mixin.py:190} INFO - [2024-08-27T09:25:45.279+0700] {dagbag.py:587} INFO - Filling up the DagBag from /home/user/.local/lib/python3.10/site-packages/airflow/example_dags/example_dataset_alias.py
[2024-08-27T09:25:45.296+0700] {processor.py:925} INFO - DAG(s) 'dataset_alias_example_alias_consumer', 'dataset_s3_bucket_consumer', 'dataset_s3_bucket_producer', 'dataset_alias_example_alias_producer' retrieved from /home/user/.local/lib/python3.10/site-packages/airflow/example_dags/example_dataset_alias.py
[2024-08-27T09:25:45.311+0700] {logging_mixin.py:190} INFO - [2024-08-27T09:25:45.310+0700] {dag.py:3211} INFO - Sync 4 DAGs
[2024-08-27T09:25:45.447+0700] {logging_mixin.py:190} INFO - [2024-08-27T09:25:45.447+0700] {dag.py:4138} INFO - Setting next_dagrun for dataset_alias_example_alias_consumer to None, run_after=None
[2024-08-27T09:25:45.449+0700] {logging_mixin.py:190} INFO - [2024-08-27T09:25:45.449+0700] {dag.py:4138} INFO - Setting next_dagrun for dataset_alias_example_alias_producer to None, run_after=None
[2024-08-27T09:25:45.450+0700] {logging_mixin.py:190} INFO - [2024-08-27T09:25:45.450+0700] {dag.py:4138} INFO - Setting next_dagrun for dataset_s3_bucket_consumer to None, run_after=None
[2024-08-27T09:25:45.451+0700] {logging_mixin.py:190} INFO - [2024-08-27T09:25:45.451+0700] {dag.py:4138} INFO - Setting next_dagrun for dataset_s3_bucket_producer to None, run_after=None
[2024-08-27T09:25:45.471+0700] {processor.py:208} INFO - Processing /home/user/.local/lib/python3.10/site-packages/airflow/example_dags/example_dataset_alias.py took 0.213 seconds
[2024-08-27T09:27:49.388+0700] {processor.py:186} INFO - Started process (PID=9192) to work on /home/user/.local/lib/python3.10/site-packages/airflow/example_dags/example_dataset_alias.py
[2024-08-27T09:27:49.390+0700] {processor.py:914} INFO - Processing file /home/user/.local/lib/python3.10/site-packages/airflow/example_dags/example_dataset_alias.py for tasks to queue
[2024-08-27T09:27:49.392+0700] {logging_mixin.py:190} INFO - [2024-08-27T09:27:49.392+0700] {dagbag.py:587} INFO - Filling up the DagBag from /home/user/.local/lib/python3.10/site-packages/airflow/example_dags/example_dataset_alias.py
[2024-08-27T09:27:49.410+0700] {processor.py:925} INFO - DAG(s) 'dataset_alias_example_alias_consumer', 'dataset_alias_example_alias_producer', 'dataset_s3_bucket_consumer', 'dataset_s3_bucket_producer' retrieved from /home/user/.local/lib/python3.10/site-packages/airflow/example_dags/example_dataset_alias.py
[2024-08-27T09:27:49.434+0700] {logging_mixin.py:190} INFO - [2024-08-27T09:27:49.433+0700] {dag.py:3211} INFO - Sync 4 DAGs
[2024-08-27T09:27:49.455+0700] {logging_mixin.py:190} INFO - [2024-08-27T09:27:49.455+0700] {dag.py:4138} INFO - Setting next_dagrun for dataset_alias_example_alias_consumer to None, run_after=None
[2024-08-27T09:27:49.457+0700] {logging_mixin.py:190} INFO - [2024-08-27T09:27:49.457+0700] {dag.py:4138} INFO - Setting next_dagrun for dataset_alias_example_alias_producer to None, run_after=None
[2024-08-27T09:27:49.459+0700] {logging_mixin.py:190} INFO - [2024-08-27T09:27:49.458+0700] {dag.py:4138} INFO - Setting next_dagrun for dataset_s3_bucket_consumer to None, run_after=None
[2024-08-27T09:27:49.459+0700] {logging_mixin.py:190} INFO - [2024-08-27T09:27:49.459+0700] {dag.py:4138} INFO - Setting next_dagrun for dataset_s3_bucket_producer to None, run_after=None
[2024-08-27T09:27:49.486+0700] {processor.py:208} INFO - Processing /home/user/.local/lib/python3.10/site-packages/airflow/example_dags/example_dataset_alias.py took 0.102 seconds
[2024-08-27T09:28:57.919+0700] {processor.py:186} INFO - Started process (PID=9757) to work on /home/user/.local/lib/python3.10/site-packages/airflow/example_dags/example_dataset_alias.py
[2024-08-27T09:28:57.920+0700] {processor.py:914} INFO - Processing file /home/user/.local/lib/python3.10/site-packages/airflow/example_dags/example_dataset_alias.py for tasks to queue
[2024-08-27T09:28:57.922+0700] {logging_mixin.py:190} INFO - [2024-08-27T09:28:57.921+0700] {dagbag.py:587} INFO - Filling up the DagBag from /home/user/.local/lib/python3.10/site-packages/airflow/example_dags/example_dataset_alias.py
[2024-08-27T09:28:57.944+0700] {processor.py:925} INFO - DAG(s) 'dataset_alias_example_alias_producer', 'dataset_s3_bucket_consumer', 'dataset_s3_bucket_producer', 'dataset_alias_example_alias_consumer' retrieved from /home/user/.local/lib/python3.10/site-packages/airflow/example_dags/example_dataset_alias.py
[2024-08-27T09:28:57.979+0700] {logging_mixin.py:190} INFO - [2024-08-27T09:28:57.978+0700] {dag.py:3211} INFO - Sync 4 DAGs
[2024-08-27T09:28:57.994+0700] {logging_mixin.py:190} INFO - [2024-08-27T09:28:57.994+0700] {dag.py:4138} INFO - Setting next_dagrun for dataset_alias_example_alias_consumer to None, run_after=None
[2024-08-27T09:28:57.996+0700] {logging_mixin.py:190} INFO - [2024-08-27T09:28:57.996+0700] {dag.py:4138} INFO - Setting next_dagrun for dataset_alias_example_alias_producer to None, run_after=None
[2024-08-27T09:28:57.996+0700] {logging_mixin.py:190} INFO - [2024-08-27T09:28:57.996+0700] {dag.py:4138} INFO - Setting next_dagrun for dataset_s3_bucket_consumer to None, run_after=None
[2024-08-27T09:28:57.997+0700] {logging_mixin.py:190} INFO - [2024-08-27T09:28:57.997+0700] {dag.py:4138} INFO - Setting next_dagrun for dataset_s3_bucket_producer to None, run_after=None
[2024-08-27T09:28:58.020+0700] {processor.py:208} INFO - Processing /home/user/.local/lib/python3.10/site-packages/airflow/example_dags/example_dataset_alias.py took 0.106 seconds
[2024-08-27T09:30:43.301+0700] {processor.py:186} INFO - Started process (PID=10611) to work on /home/user/.local/lib/python3.10/site-packages/airflow/example_dags/example_dataset_alias.py
[2024-08-27T09:30:43.302+0700] {processor.py:914} INFO - Processing file /home/user/.local/lib/python3.10/site-packages/airflow/example_dags/example_dataset_alias.py for tasks to queue
[2024-08-27T09:30:43.304+0700] {logging_mixin.py:190} INFO - [2024-08-27T09:30:43.304+0700] {dagbag.py:587} INFO - Filling up the DagBag from /home/user/.local/lib/python3.10/site-packages/airflow/example_dags/example_dataset_alias.py
[2024-08-27T09:30:43.330+0700] {processor.py:925} INFO - DAG(s) 'dataset_s3_bucket_producer', 'dataset_alias_example_alias_producer', 'dataset_alias_example_alias_consumer', 'dataset_s3_bucket_consumer' retrieved from /home/user/.local/lib/python3.10/site-packages/airflow/example_dags/example_dataset_alias.py
[2024-08-27T09:30:43.354+0700] {logging_mixin.py:190} INFO - [2024-08-27T09:30:43.354+0700] {dag.py:3211} INFO - Sync 4 DAGs
[2024-08-27T09:30:43.371+0700] {logging_mixin.py:190} INFO - [2024-08-27T09:30:43.371+0700] {dag.py:4138} INFO - Setting next_dagrun for dataset_alias_example_alias_consumer to None, run_after=None
[2024-08-27T09:30:43.373+0700] {logging_mixin.py:190} INFO - [2024-08-27T09:30:43.372+0700] {dag.py:4138} INFO - Setting next_dagrun for dataset_alias_example_alias_producer to None, run_after=None
[2024-08-27T09:30:43.373+0700] {logging_mixin.py:190} INFO - [2024-08-27T09:30:43.373+0700] {dag.py:4138} INFO - Setting next_dagrun for dataset_s3_bucket_consumer to None, run_after=None
[2024-08-27T09:30:43.374+0700] {logging_mixin.py:190} INFO - [2024-08-27T09:30:43.374+0700] {dag.py:4138} INFO - Setting next_dagrun for dataset_s3_bucket_producer to None, run_after=None
[2024-08-27T09:30:43.396+0700] {processor.py:208} INFO - Processing /home/user/.local/lib/python3.10/site-packages/airflow/example_dags/example_dataset_alias.py took 0.102 seconds
[2024-08-27T09:31:47.133+0700] {processor.py:186} INFO - Started process (PID=11180) to work on /home/user/.local/lib/python3.10/site-packages/airflow/example_dags/example_dataset_alias.py
[2024-08-27T09:31:47.135+0700] {processor.py:914} INFO - Processing file /home/user/.local/lib/python3.10/site-packages/airflow/example_dags/example_dataset_alias.py for tasks to queue
[2024-08-27T09:31:47.137+0700] {logging_mixin.py:190} INFO - [2024-08-27T09:31:47.136+0700] {dagbag.py:587} INFO - Filling up the DagBag from /home/user/.local/lib/python3.10/site-packages/airflow/example_dags/example_dataset_alias.py
[2024-08-27T09:31:47.158+0700] {processor.py:925} INFO - DAG(s) 'dataset_alias_example_alias_producer', 'dataset_s3_bucket_consumer', 'dataset_s3_bucket_producer', 'dataset_alias_example_alias_consumer' retrieved from /home/user/.local/lib/python3.10/site-packages/airflow/example_dags/example_dataset_alias.py
[2024-08-27T09:31:47.175+0700] {logging_mixin.py:190} INFO - [2024-08-27T09:31:47.175+0700] {dag.py:3211} INFO - Sync 4 DAGs
[2024-08-27T09:31:47.197+0700] {logging_mixin.py:190} INFO - [2024-08-27T09:31:47.197+0700] {dag.py:4138} INFO - Setting next_dagrun for dataset_alias_example_alias_consumer to None, run_after=None
[2024-08-27T09:31:47.199+0700] {logging_mixin.py:190} INFO - [2024-08-27T09:31:47.199+0700] {dag.py:4138} INFO - Setting next_dagrun for dataset_alias_example_alias_producer to None, run_after=None
[2024-08-27T09:31:47.200+0700] {logging_mixin.py:190} INFO - [2024-08-27T09:31:47.200+0700] {dag.py:4138} INFO - Setting next_dagrun for dataset_s3_bucket_consumer to None, run_after=None
[2024-08-27T09:31:47.200+0700] {logging_mixin.py:190} INFO - [2024-08-27T09:31:47.200+0700] {dag.py:4138} INFO - Setting next_dagrun for dataset_s3_bucket_producer to None, run_after=None
[2024-08-27T09:31:47.222+0700] {processor.py:208} INFO - Processing /home/user/.local/lib/python3.10/site-packages/airflow/example_dags/example_dataset_alias.py took 0.096 seconds
[2024-08-27T09:33:15.158+0700] {processor.py:186} INFO - Started process (PID=11906) to work on /home/user/.local/lib/python3.10/site-packages/airflow/example_dags/example_dataset_alias.py
[2024-08-27T09:33:15.160+0700] {processor.py:914} INFO - Processing file /home/user/.local/lib/python3.10/site-packages/airflow/example_dags/example_dataset_alias.py for tasks to queue
[2024-08-27T09:33:15.162+0700] {logging_mixin.py:190} INFO - [2024-08-27T09:33:15.162+0700] {dagbag.py:587} INFO - Filling up the DagBag from /home/user/.local/lib/python3.10/site-packages/airflow/example_dags/example_dataset_alias.py
[2024-08-27T09:33:15.179+0700] {processor.py:925} INFO - DAG(s) 'dataset_alias_example_alias_producer', 'dataset_s3_bucket_consumer', 'dataset_s3_bucket_producer', 'dataset_alias_example_alias_consumer' retrieved from /home/user/.local/lib/python3.10/site-packages/airflow/example_dags/example_dataset_alias.py
[2024-08-27T09:33:15.204+0700] {logging_mixin.py:190} INFO - [2024-08-27T09:33:15.204+0700] {dag.py:3211} INFO - Sync 4 DAGs
[2024-08-27T09:33:15.227+0700] {logging_mixin.py:190} INFO - [2024-08-27T09:33:15.227+0700] {dag.py:4138} INFO - Setting next_dagrun for dataset_alias_example_alias_consumer to None, run_after=None
[2024-08-27T09:33:15.229+0700] {logging_mixin.py:190} INFO - [2024-08-27T09:33:15.229+0700] {dag.py:4138} INFO - Setting next_dagrun for dataset_alias_example_alias_producer to None, run_after=None
[2024-08-27T09:33:15.230+0700] {logging_mixin.py:190} INFO - [2024-08-27T09:33:15.230+0700] {dag.py:4138} INFO - Setting next_dagrun for dataset_s3_bucket_consumer to None, run_after=None
[2024-08-27T09:33:15.231+0700] {logging_mixin.py:190} INFO - [2024-08-27T09:33:15.230+0700] {dag.py:4138} INFO - Setting next_dagrun for dataset_s3_bucket_producer to None, run_after=None
[2024-08-27T09:33:15.259+0700] {processor.py:208} INFO - Processing /home/user/.local/lib/python3.10/site-packages/airflow/example_dags/example_dataset_alias.py took 0.105 seconds
[2024-08-27T09:35:13.860+0700] {processor.py:186} INFO - Started process (PID=12862) to work on /home/user/.local/lib/python3.10/site-packages/airflow/example_dags/example_dataset_alias.py
[2024-08-27T09:35:13.871+0700] {processor.py:914} INFO - Processing file /home/user/.local/lib/python3.10/site-packages/airflow/example_dags/example_dataset_alias.py for tasks to queue
[2024-08-27T09:35:13.876+0700] {logging_mixin.py:190} INFO - [2024-08-27T09:35:13.875+0700] {dagbag.py:587} INFO - Filling up the DagBag from /home/user/.local/lib/python3.10/site-packages/airflow/example_dags/example_dataset_alias.py
[2024-08-27T09:35:13.912+0700] {processor.py:925} INFO - DAG(s) 'dataset_alias_example_alias_producer', 'dataset_s3_bucket_consumer', 'dataset_alias_example_alias_consumer', 'dataset_s3_bucket_producer' retrieved from /home/user/.local/lib/python3.10/site-packages/airflow/example_dags/example_dataset_alias.py
[2024-08-27T09:35:13.938+0700] {logging_mixin.py:190} INFO - [2024-08-27T09:35:13.938+0700] {dag.py:3211} INFO - Sync 4 DAGs
[2024-08-27T09:35:13.955+0700] {logging_mixin.py:190} INFO - [2024-08-27T09:35:13.955+0700] {dag.py:4138} INFO - Setting next_dagrun for dataset_alias_example_alias_consumer to None, run_after=None
[2024-08-27T09:35:13.957+0700] {logging_mixin.py:190} INFO - [2024-08-27T09:35:13.957+0700] {dag.py:4138} INFO - Setting next_dagrun for dataset_alias_example_alias_producer to None, run_after=None
[2024-08-27T09:35:13.959+0700] {logging_mixin.py:190} INFO - [2024-08-27T09:35:13.959+0700] {dag.py:4138} INFO - Setting next_dagrun for dataset_s3_bucket_consumer to None, run_after=None
[2024-08-27T09:35:13.960+0700] {logging_mixin.py:190} INFO - [2024-08-27T09:35:13.959+0700] {dag.py:4138} INFO - Setting next_dagrun for dataset_s3_bucket_producer to None, run_after=None
[2024-08-27T09:35:13.986+0700] {processor.py:208} INFO - Processing /home/user/.local/lib/python3.10/site-packages/airflow/example_dags/example_dataset_alias.py took 0.132 seconds
[2024-08-27T09:36:20.369+0700] {processor.py:186} INFO - Started process (PID=13419) to work on /home/user/.local/lib/python3.10/site-packages/airflow/example_dags/example_dataset_alias.py
[2024-08-27T09:36:20.372+0700] {processor.py:914} INFO - Processing file /home/user/.local/lib/python3.10/site-packages/airflow/example_dags/example_dataset_alias.py for tasks to queue
[2024-08-27T09:36:20.375+0700] {logging_mixin.py:190} INFO - [2024-08-27T09:36:20.375+0700] {dagbag.py:587} INFO - Filling up the DagBag from /home/user/.local/lib/python3.10/site-packages/airflow/example_dags/example_dataset_alias.py
[2024-08-27T09:36:20.402+0700] {processor.py:925} INFO - DAG(s) 'dataset_s3_bucket_consumer', 'dataset_alias_example_alias_producer', 'dataset_alias_example_alias_consumer', 'dataset_s3_bucket_producer' retrieved from /home/user/.local/lib/python3.10/site-packages/airflow/example_dags/example_dataset_alias.py
[2024-08-27T09:36:20.422+0700] {logging_mixin.py:190} INFO - [2024-08-27T09:36:20.421+0700] {dag.py:3211} INFO - Sync 4 DAGs
[2024-08-27T09:36:20.439+0700] {logging_mixin.py:190} INFO - [2024-08-27T09:36:20.439+0700] {dag.py:4138} INFO - Setting next_dagrun for dataset_alias_example_alias_consumer to None, run_after=None
[2024-08-27T09:36:20.442+0700] {logging_mixin.py:190} INFO - [2024-08-27T09:36:20.441+0700] {dag.py:4138} INFO - Setting next_dagrun for dataset_alias_example_alias_producer to None, run_after=None
[2024-08-27T09:36:20.443+0700] {logging_mixin.py:190} INFO - [2024-08-27T09:36:20.442+0700] {dag.py:4138} INFO - Setting next_dagrun for dataset_s3_bucket_consumer to None, run_after=None
[2024-08-27T09:36:20.443+0700] {logging_mixin.py:190} INFO - [2024-08-27T09:36:20.443+0700] {dag.py:4138} INFO - Setting next_dagrun for dataset_s3_bucket_producer to None, run_after=None
[2024-08-27T09:36:20.467+0700] {processor.py:208} INFO - Processing /home/user/.local/lib/python3.10/site-packages/airflow/example_dags/example_dataset_alias.py took 0.103 seconds
[2024-08-27T09:37:24.916+0700] {processor.py:186} INFO - Started process (PID=13983) to work on /home/user/.local/lib/python3.10/site-packages/airflow/example_dags/example_dataset_alias.py
[2024-08-27T09:37:24.918+0700] {processor.py:914} INFO - Processing file /home/user/.local/lib/python3.10/site-packages/airflow/example_dags/example_dataset_alias.py for tasks to queue
[2024-08-27T09:37:24.920+0700] {logging_mixin.py:190} INFO - [2024-08-27T09:37:24.919+0700] {dagbag.py:587} INFO - Filling up the DagBag from /home/user/.local/lib/python3.10/site-packages/airflow/example_dags/example_dataset_alias.py
[2024-08-27T09:37:24.940+0700] {processor.py:925} INFO - DAG(s) 'dataset_alias_example_alias_consumer', 'dataset_s3_bucket_producer', 'dataset_s3_bucket_consumer', 'dataset_alias_example_alias_producer' retrieved from /home/user/.local/lib/python3.10/site-packages/airflow/example_dags/example_dataset_alias.py
[2024-08-27T09:37:24.963+0700] {logging_mixin.py:190} INFO - [2024-08-27T09:37:24.962+0700] {dag.py:3211} INFO - Sync 4 DAGs
[2024-08-27T09:37:24.982+0700] {logging_mixin.py:190} INFO - [2024-08-27T09:37:24.982+0700] {dag.py:4138} INFO - Setting next_dagrun for dataset_alias_example_alias_consumer to None, run_after=None
[2024-08-27T09:37:24.984+0700] {logging_mixin.py:190} INFO - [2024-08-27T09:37:24.984+0700] {dag.py:4138} INFO - Setting next_dagrun for dataset_alias_example_alias_producer to None, run_after=None
[2024-08-27T09:37:24.986+0700] {logging_mixin.py:190} INFO - [2024-08-27T09:37:24.985+0700] {dag.py:4138} INFO - Setting next_dagrun for dataset_s3_bucket_consumer to None, run_after=None
[2024-08-27T09:37:24.988+0700] {logging_mixin.py:190} INFO - [2024-08-27T09:37:24.987+0700] {dag.py:4138} INFO - Setting next_dagrun for dataset_s3_bucket_producer to None, run_after=None
[2024-08-27T09:37:25.012+0700] {processor.py:208} INFO - Processing /home/user/.local/lib/python3.10/site-packages/airflow/example_dags/example_dataset_alias.py took 0.101 seconds
[2024-08-27T09:38:25.472+0700] {processor.py:186} INFO - Started process (PID=14467) to work on /home/user/.local/lib/python3.10/site-packages/airflow/example_dags/example_dataset_alias.py
[2024-08-27T09:38:25.474+0700] {processor.py:914} INFO - Processing file /home/user/.local/lib/python3.10/site-packages/airflow/example_dags/example_dataset_alias.py for tasks to queue
[2024-08-27T09:38:25.476+0700] {logging_mixin.py:190} INFO - [2024-08-27T09:38:25.476+0700] {dagbag.py:587} INFO - Filling up the DagBag from /home/user/.local/lib/python3.10/site-packages/airflow/example_dags/example_dataset_alias.py
[2024-08-27T09:38:25.515+0700] {processor.py:925} INFO - DAG(s) 'dataset_s3_bucket_consumer', 'dataset_alias_example_alias_consumer', 'dataset_s3_bucket_producer', 'dataset_alias_example_alias_producer' retrieved from /home/user/.local/lib/python3.10/site-packages/airflow/example_dags/example_dataset_alias.py
[2024-08-27T09:38:25.545+0700] {logging_mixin.py:190} INFO - [2024-08-27T09:38:25.545+0700] {dag.py:3211} INFO - Sync 4 DAGs
[2024-08-27T09:38:25.696+0700] {logging_mixin.py:190} INFO - [2024-08-27T09:38:25.695+0700] {dag.py:4138} INFO - Setting next_dagrun for dataset_alias_example_alias_consumer to None, run_after=None
[2024-08-27T09:38:25.697+0700] {logging_mixin.py:190} INFO - [2024-08-27T09:38:25.697+0700] {dag.py:4138} INFO - Setting next_dagrun for dataset_alias_example_alias_producer to None, run_after=None
[2024-08-27T09:38:25.698+0700] {logging_mixin.py:190} INFO - [2024-08-27T09:38:25.698+0700] {dag.py:4138} INFO - Setting next_dagrun for dataset_s3_bucket_consumer to None, run_after=None
[2024-08-27T09:38:25.698+0700] {logging_mixin.py:190} INFO - [2024-08-27T09:38:25.698+0700] {dag.py:4138} INFO - Setting next_dagrun for dataset_s3_bucket_producer to None, run_after=None
[2024-08-27T09:38:25.716+0700] {processor.py:208} INFO - Processing /home/user/.local/lib/python3.10/site-packages/airflow/example_dags/example_dataset_alias.py took 0.252 seconds
[2024-08-27T09:39:59.843+0700] {processor.py:186} INFO - Started process (PID=15262) to work on /home/user/.local/lib/python3.10/site-packages/airflow/example_dags/example_dataset_alias.py
[2024-08-27T09:39:59.849+0700] {processor.py:914} INFO - Processing file /home/user/.local/lib/python3.10/site-packages/airflow/example_dags/example_dataset_alias.py for tasks to queue
[2024-08-27T09:39:59.851+0700] {logging_mixin.py:190} INFO - [2024-08-27T09:39:59.850+0700] {dagbag.py:587} INFO - Filling up the DagBag from /home/user/.local/lib/python3.10/site-packages/airflow/example_dags/example_dataset_alias.py
[2024-08-27T09:39:59.870+0700] {processor.py:925} INFO - DAG(s) 'dataset_alias_example_alias_producer', 'dataset_s3_bucket_producer', 'dataset_alias_example_alias_consumer', 'dataset_s3_bucket_consumer' retrieved from /home/user/.local/lib/python3.10/site-packages/airflow/example_dags/example_dataset_alias.py
[2024-08-27T09:39:59.890+0700] {logging_mixin.py:190} INFO - [2024-08-27T09:39:59.889+0700] {dag.py:3211} INFO - Sync 4 DAGs
[2024-08-27T09:39:59.906+0700] {logging_mixin.py:190} INFO - [2024-08-27T09:39:59.906+0700] {dag.py:4138} INFO - Setting next_dagrun for dataset_alias_example_alias_consumer to None, run_after=None
[2024-08-27T09:39:59.908+0700] {logging_mixin.py:190} INFO - [2024-08-27T09:39:59.908+0700] {dag.py:4138} INFO - Setting next_dagrun for dataset_alias_example_alias_producer to None, run_after=None
[2024-08-27T09:39:59.909+0700] {logging_mixin.py:190} INFO - [2024-08-27T09:39:59.909+0700] {dag.py:4138} INFO - Setting next_dagrun for dataset_s3_bucket_consumer to None, run_after=None
[2024-08-27T09:39:59.910+0700] {logging_mixin.py:190} INFO - [2024-08-27T09:39:59.910+0700] {dag.py:4138} INFO - Setting next_dagrun for dataset_s3_bucket_producer to None, run_after=None
[2024-08-27T09:39:59.937+0700] {processor.py:208} INFO - Processing /home/user/.local/lib/python3.10/site-packages/airflow/example_dags/example_dataset_alias.py took 0.099 seconds
[2024-08-27T09:40:59.526+0700] {processor.py:186} INFO - Started process (PID=15731) to work on /home/user/.local/lib/python3.10/site-packages/airflow/example_dags/example_dataset_alias.py
[2024-08-27T09:40:59.528+0700] {processor.py:914} INFO - Processing file /home/user/.local/lib/python3.10/site-packages/airflow/example_dags/example_dataset_alias.py for tasks to queue
[2024-08-27T09:40:59.531+0700] {logging_mixin.py:190} INFO - [2024-08-27T09:40:59.530+0700] {dagbag.py:587} INFO - Filling up the DagBag from /home/user/.local/lib/python3.10/site-packages/airflow/example_dags/example_dataset_alias.py
[2024-08-27T09:40:59.549+0700] {processor.py:925} INFO - DAG(s) 'dataset_alias_example_alias_consumer', 'dataset_s3_bucket_consumer', 'dataset_alias_example_alias_producer', 'dataset_s3_bucket_producer' retrieved from /home/user/.local/lib/python3.10/site-packages/airflow/example_dags/example_dataset_alias.py
[2024-08-27T09:40:59.565+0700] {logging_mixin.py:190} INFO - [2024-08-27T09:40:59.565+0700] {dag.py:3211} INFO - Sync 4 DAGs
[2024-08-27T09:40:59.578+0700] {logging_mixin.py:190} INFO - [2024-08-27T09:40:59.578+0700] {dag.py:4138} INFO - Setting next_dagrun for dataset_alias_example_alias_consumer to None, run_after=None
[2024-08-27T09:40:59.580+0700] {logging_mixin.py:190} INFO - [2024-08-27T09:40:59.580+0700] {dag.py:4138} INFO - Setting next_dagrun for dataset_alias_example_alias_producer to None, run_after=None
[2024-08-27T09:40:59.581+0700] {logging_mixin.py:190} INFO - [2024-08-27T09:40:59.580+0700] {dag.py:4138} INFO - Setting next_dagrun for dataset_s3_bucket_consumer to None, run_after=None
[2024-08-27T09:40:59.581+0700] {logging_mixin.py:190} INFO - [2024-08-27T09:40:59.581+0700] {dag.py:4138} INFO - Setting next_dagrun for dataset_s3_bucket_producer to None, run_after=None
[2024-08-27T09:40:59.602+0700] {processor.py:208} INFO - Processing /home/user/.local/lib/python3.10/site-packages/airflow/example_dags/example_dataset_alias.py took 0.082 seconds
[2024-08-27T09:42:07.093+0700] {processor.py:186} INFO - Started process (PID=16269) to work on /home/user/.local/lib/python3.10/site-packages/airflow/example_dags/example_dataset_alias.py
[2024-08-27T09:42:07.094+0700] {processor.py:914} INFO - Processing file /home/user/.local/lib/python3.10/site-packages/airflow/example_dags/example_dataset_alias.py for tasks to queue
[2024-08-27T09:42:07.095+0700] {logging_mixin.py:190} INFO - [2024-08-27T09:42:07.095+0700] {dagbag.py:587} INFO - Filling up the DagBag from /home/user/.local/lib/python3.10/site-packages/airflow/example_dags/example_dataset_alias.py
[2024-08-27T09:42:07.117+0700] {processor.py:925} INFO - DAG(s) 'dataset_s3_bucket_producer', 'dataset_alias_example_alias_consumer', 'dataset_s3_bucket_consumer', 'dataset_alias_example_alias_producer' retrieved from /home/user/.local/lib/python3.10/site-packages/airflow/example_dags/example_dataset_alias.py
[2024-08-27T09:42:07.135+0700] {logging_mixin.py:190} INFO - [2024-08-27T09:42:07.135+0700] {dag.py:3211} INFO - Sync 4 DAGs
[2024-08-27T09:42:07.149+0700] {logging_mixin.py:190} INFO - [2024-08-27T09:42:07.148+0700] {dag.py:4138} INFO - Setting next_dagrun for dataset_alias_example_alias_consumer to None, run_after=None
[2024-08-27T09:42:07.150+0700] {logging_mixin.py:190} INFO - [2024-08-27T09:42:07.150+0700] {dag.py:4138} INFO - Setting next_dagrun for dataset_alias_example_alias_producer to None, run_after=None
[2024-08-27T09:42:07.151+0700] {logging_mixin.py:190} INFO - [2024-08-27T09:42:07.151+0700] {dag.py:4138} INFO - Setting next_dagrun for dataset_s3_bucket_consumer to None, run_after=None
[2024-08-27T09:42:07.151+0700] {logging_mixin.py:190} INFO - [2024-08-27T09:42:07.151+0700] {dag.py:4138} INFO - Setting next_dagrun for dataset_s3_bucket_producer to None, run_after=None
[2024-08-27T09:42:07.183+0700] {processor.py:208} INFO - Processing /home/user/.local/lib/python3.10/site-packages/airflow/example_dags/example_dataset_alias.py took 0.097 seconds
[2024-08-27T09:44:48.126+0700] {processor.py:186} INFO - Started process (PID=17588) to work on /home/user/.local/lib/python3.10/site-packages/airflow/example_dags/example_dataset_alias.py
[2024-08-27T09:44:48.132+0700] {processor.py:914} INFO - Processing file /home/user/.local/lib/python3.10/site-packages/airflow/example_dags/example_dataset_alias.py for tasks to queue
[2024-08-27T09:44:48.134+0700] {logging_mixin.py:190} INFO - [2024-08-27T09:44:48.134+0700] {dagbag.py:587} INFO - Filling up the DagBag from /home/user/.local/lib/python3.10/site-packages/airflow/example_dags/example_dataset_alias.py
[2024-08-27T09:44:48.156+0700] {processor.py:925} INFO - DAG(s) 'dataset_alias_example_alias_consumer', 'dataset_s3_bucket_producer', 'dataset_s3_bucket_consumer', 'dataset_alias_example_alias_producer' retrieved from /home/user/.local/lib/python3.10/site-packages/airflow/example_dags/example_dataset_alias.py
[2024-08-27T09:44:48.175+0700] {logging_mixin.py:190} INFO - [2024-08-27T09:44:48.174+0700] {dag.py:3211} INFO - Sync 4 DAGs
[2024-08-27T09:44:48.193+0700] {logging_mixin.py:190} INFO - [2024-08-27T09:44:48.193+0700] {dag.py:4138} INFO - Setting next_dagrun for dataset_alias_example_alias_consumer to None, run_after=None
[2024-08-27T09:44:48.195+0700] {logging_mixin.py:190} INFO - [2024-08-27T09:44:48.194+0700] {dag.py:4138} INFO - Setting next_dagrun for dataset_alias_example_alias_producer to None, run_after=None
[2024-08-27T09:44:48.195+0700] {logging_mixin.py:190} INFO - [2024-08-27T09:44:48.195+0700] {dag.py:4138} INFO - Setting next_dagrun for dataset_s3_bucket_consumer to None, run_after=None
[2024-08-27T09:44:48.196+0700] {logging_mixin.py:190} INFO - [2024-08-27T09:44:48.196+0700] {dag.py:4138} INFO - Setting next_dagrun for dataset_s3_bucket_producer to None, run_after=None
[2024-08-27T09:44:48.217+0700] {processor.py:208} INFO - Processing /home/user/.local/lib/python3.10/site-packages/airflow/example_dags/example_dataset_alias.py took 0.096 seconds
