[2024-08-27T09:19:38.772+0700] {processor.py:186} INFO - Started process (PID=5211) to work on /home/user/.local/lib/python3.10/site-packages/airflow/example_dags/example_xcomargs.py
[2024-08-27T09:19:38.773+0700] {processor.py:914} INFO - Processing file /home/user/.local/lib/python3.10/site-packages/airflow/example_dags/example_xcomargs.py for tasks to queue
[2024-08-27T09:19:38.776+0700] {logging_mixin.py:190} INFO - [2024-08-27T09:19:38.775+0700] {dagbag.py:587} INFO - Filling up the DagBag from /home/user/.local/lib/python3.10/site-packages/airflow/example_dags/example_xcomargs.py
[2024-08-27T09:19:38.789+0700] {processor.py:925} INFO - DAG(s) 'example_xcom_args_with_operators', 'example_xcom_args' retrieved from /home/user/.local/lib/python3.10/site-packages/airflow/example_dags/example_xcomargs.py
[2024-08-27T09:19:38.811+0700] {logging_mixin.py:190} INFO - [2024-08-27T09:19:38.811+0700] {dag.py:3211} INFO - Sync 2 DAGs
[2024-08-27T09:19:38.825+0700] {logging_mixin.py:190} INFO - [2024-08-27T09:19:38.825+0700] {dag.py:4138} INFO - Setting next_dagrun for example_xcom_args to None, run_after=None
[2024-08-27T09:19:38.828+0700] {logging_mixin.py:190} INFO - [2024-08-27T09:19:38.828+0700] {dag.py:4138} INFO - Setting next_dagrun for example_xcom_args_with_operators to None, run_after=None
[2024-08-27T09:19:38.849+0700] {processor.py:208} INFO - Processing /home/user/.local/lib/python3.10/site-packages/airflow/example_dags/example_xcomargs.py took 0.081 seconds
[2024-08-27T09:20:38.266+0700] {processor.py:186} INFO - Started process (PID=5754) to work on /home/user/.local/lib/python3.10/site-packages/airflow/example_dags/example_xcomargs.py
[2024-08-27T09:20:38.268+0700] {processor.py:914} INFO - Processing file /home/user/.local/lib/python3.10/site-packages/airflow/example_dags/example_xcomargs.py for tasks to queue
[2024-08-27T09:20:38.270+0700] {logging_mixin.py:190} INFO - [2024-08-27T09:20:38.269+0700] {dagbag.py:587} INFO - Filling up the DagBag from /home/user/.local/lib/python3.10/site-packages/airflow/example_dags/example_xcomargs.py
[2024-08-27T09:20:38.277+0700] {processor.py:925} INFO - DAG(s) 'example_xcom_args', 'example_xcom_args_with_operators' retrieved from /home/user/.local/lib/python3.10/site-packages/airflow/example_dags/example_xcomargs.py
[2024-08-27T09:20:38.291+0700] {logging_mixin.py:190} INFO - [2024-08-27T09:20:38.291+0700] {dag.py:3211} INFO - Sync 2 DAGs
[2024-08-27T09:20:38.300+0700] {logging_mixin.py:190} INFO - [2024-08-27T09:20:38.300+0700] {dag.py:4138} INFO - Setting next_dagrun for example_xcom_args to None, run_after=None
[2024-08-27T09:20:38.302+0700] {logging_mixin.py:190} INFO - [2024-08-27T09:20:38.302+0700] {dag.py:4138} INFO - Setting next_dagrun for example_xcom_args_with_operators to None, run_after=None
[2024-08-27T09:20:38.319+0700] {processor.py:208} INFO - Processing /home/user/.local/lib/python3.10/site-packages/airflow/example_dags/example_xcomargs.py took 0.059 seconds
[2024-08-27T09:22:03.769+0700] {processor.py:186} INFO - Started process (PID=6455) to work on /home/user/.local/lib/python3.10/site-packages/airflow/example_dags/example_xcomargs.py
[2024-08-27T09:22:03.770+0700] {processor.py:914} INFO - Processing file /home/user/.local/lib/python3.10/site-packages/airflow/example_dags/example_xcomargs.py for tasks to queue
[2024-08-27T09:22:03.772+0700] {logging_mixin.py:190} INFO - [2024-08-27T09:22:03.772+0700] {dagbag.py:587} INFO - Filling up the DagBag from /home/user/.local/lib/python3.10/site-packages/airflow/example_dags/example_xcomargs.py
[2024-08-27T09:22:03.781+0700] {processor.py:925} INFO - DAG(s) 'example_xcom_args_with_operators', 'example_xcom_args' retrieved from /home/user/.local/lib/python3.10/site-packages/airflow/example_dags/example_xcomargs.py
[2024-08-27T09:22:03.798+0700] {logging_mixin.py:190} INFO - [2024-08-27T09:22:03.798+0700] {dag.py:3211} INFO - Sync 2 DAGs
[2024-08-27T09:22:03.808+0700] {logging_mixin.py:190} INFO - [2024-08-27T09:22:03.808+0700] {dag.py:4138} INFO - Setting next_dagrun for example_xcom_args to None, run_after=None
[2024-08-27T09:22:03.810+0700] {logging_mixin.py:190} INFO - [2024-08-27T09:22:03.810+0700] {dag.py:4138} INFO - Setting next_dagrun for example_xcom_args_with_operators to None, run_after=None
[2024-08-27T09:22:03.827+0700] {processor.py:208} INFO - Processing /home/user/.local/lib/python3.10/site-packages/airflow/example_dags/example_xcomargs.py took 0.064 seconds
[2024-08-27T09:23:02.406+0700] {processor.py:186} INFO - Started process (PID=6915) to work on /home/user/.local/lib/python3.10/site-packages/airflow/example_dags/example_xcomargs.py
[2024-08-27T09:23:02.408+0700] {processor.py:914} INFO - Processing file /home/user/.local/lib/python3.10/site-packages/airflow/example_dags/example_xcomargs.py for tasks to queue
[2024-08-27T09:23:02.409+0700] {logging_mixin.py:190} INFO - [2024-08-27T09:23:02.409+0700] {dagbag.py:587} INFO - Filling up the DagBag from /home/user/.local/lib/python3.10/site-packages/airflow/example_dags/example_xcomargs.py
[2024-08-27T09:23:02.417+0700] {processor.py:925} INFO - DAG(s) 'example_xcom_args_with_operators', 'example_xcom_args' retrieved from /home/user/.local/lib/python3.10/site-packages/airflow/example_dags/example_xcomargs.py
[2024-08-27T09:23:02.431+0700] {logging_mixin.py:190} INFO - [2024-08-27T09:23:02.431+0700] {dag.py:3211} INFO - Sync 2 DAGs
[2024-08-27T09:23:02.439+0700] {logging_mixin.py:190} INFO - [2024-08-27T09:23:02.439+0700] {dag.py:4138} INFO - Setting next_dagrun for example_xcom_args to None, run_after=None
[2024-08-27T09:23:02.441+0700] {logging_mixin.py:190} INFO - [2024-08-27T09:23:02.441+0700] {dag.py:4138} INFO - Setting next_dagrun for example_xcom_args_with_operators to None, run_after=None
[2024-08-27T09:23:02.457+0700] {processor.py:208} INFO - Processing /home/user/.local/lib/python3.10/site-packages/airflow/example_dags/example_xcomargs.py took 0.055 seconds
[2024-08-27T09:24:02.277+0700] {processor.py:186} INFO - Started process (PID=7395) to work on /home/user/.local/lib/python3.10/site-packages/airflow/example_dags/example_xcomargs.py
[2024-08-27T09:24:02.279+0700] {processor.py:914} INFO - Processing file /home/user/.local/lib/python3.10/site-packages/airflow/example_dags/example_xcomargs.py for tasks to queue
[2024-08-27T09:24:02.282+0700] {logging_mixin.py:190} INFO - [2024-08-27T09:24:02.281+0700] {dagbag.py:587} INFO - Filling up the DagBag from /home/user/.local/lib/python3.10/site-packages/airflow/example_dags/example_xcomargs.py
[2024-08-27T09:24:02.295+0700] {processor.py:925} INFO - DAG(s) 'example_xcom_args_with_operators', 'example_xcom_args' retrieved from /home/user/.local/lib/python3.10/site-packages/airflow/example_dags/example_xcomargs.py
[2024-08-27T09:24:02.317+0700] {logging_mixin.py:190} INFO - [2024-08-27T09:24:02.317+0700] {dag.py:3211} INFO - Sync 2 DAGs
[2024-08-27T09:24:02.331+0700] {logging_mixin.py:190} INFO - [2024-08-27T09:24:02.330+0700] {dag.py:4138} INFO - Setting next_dagrun for example_xcom_args to None, run_after=None
[2024-08-27T09:24:02.334+0700] {logging_mixin.py:190} INFO - [2024-08-27T09:24:02.334+0700] {dag.py:4138} INFO - Setting next_dagrun for example_xcom_args_with_operators to None, run_after=None
[2024-08-27T09:24:02.362+0700] {processor.py:208} INFO - Processing /home/user/.local/lib/python3.10/site-packages/airflow/example_dags/example_xcomargs.py took 0.092 seconds
[2024-08-27T09:25:05.414+0700] {processor.py:186} INFO - Started process (PID=7893) to work on /home/user/.local/lib/python3.10/site-packages/airflow/example_dags/example_xcomargs.py
[2024-08-27T09:25:05.416+0700] {processor.py:914} INFO - Processing file /home/user/.local/lib/python3.10/site-packages/airflow/example_dags/example_xcomargs.py for tasks to queue
[2024-08-27T09:25:05.418+0700] {logging_mixin.py:190} INFO - [2024-08-27T09:25:05.418+0700] {dagbag.py:587} INFO - Filling up the DagBag from /home/user/.local/lib/python3.10/site-packages/airflow/example_dags/example_xcomargs.py
[2024-08-27T09:25:05.426+0700] {processor.py:925} INFO - DAG(s) 'example_xcom_args_with_operators', 'example_xcom_args' retrieved from /home/user/.local/lib/python3.10/site-packages/airflow/example_dags/example_xcomargs.py
[2024-08-27T09:25:05.440+0700] {logging_mixin.py:190} INFO - [2024-08-27T09:25:05.439+0700] {dag.py:3211} INFO - Sync 2 DAGs
[2024-08-27T09:25:05.448+0700] {logging_mixin.py:190} INFO - [2024-08-27T09:25:05.448+0700] {dag.py:4138} INFO - Setting next_dagrun for example_xcom_args to None, run_after=None
[2024-08-27T09:25:05.450+0700] {logging_mixin.py:190} INFO - [2024-08-27T09:25:05.450+0700] {dag.py:4138} INFO - Setting next_dagrun for example_xcom_args_with_operators to None, run_after=None
[2024-08-27T09:25:05.466+0700] {processor.py:208} INFO - Processing /home/user/.local/lib/python3.10/site-packages/airflow/example_dags/example_xcomargs.py took 0.056 seconds
[2024-08-27T09:26:13.788+0700] {processor.py:186} INFO - Started process (PID=8422) to work on /home/user/.local/lib/python3.10/site-packages/airflow/example_dags/example_xcomargs.py
[2024-08-27T09:26:13.790+0700] {processor.py:914} INFO - Processing file /home/user/.local/lib/python3.10/site-packages/airflow/example_dags/example_xcomargs.py for tasks to queue
[2024-08-27T09:26:13.792+0700] {logging_mixin.py:190} INFO - [2024-08-27T09:26:13.791+0700] {dagbag.py:587} INFO - Filling up the DagBag from /home/user/.local/lib/python3.10/site-packages/airflow/example_dags/example_xcomargs.py
[2024-08-27T09:26:13.802+0700] {processor.py:925} INFO - DAG(s) 'example_xcom_args', 'example_xcom_args_with_operators' retrieved from /home/user/.local/lib/python3.10/site-packages/airflow/example_dags/example_xcomargs.py
[2024-08-27T09:26:13.818+0700] {logging_mixin.py:190} INFO - [2024-08-27T09:26:13.818+0700] {dag.py:3211} INFO - Sync 2 DAGs
[2024-08-27T09:26:13.830+0700] {logging_mixin.py:190} INFO - [2024-08-27T09:26:13.830+0700] {dag.py:4138} INFO - Setting next_dagrun for example_xcom_args to None, run_after=None
[2024-08-27T09:26:13.832+0700] {logging_mixin.py:190} INFO - [2024-08-27T09:26:13.832+0700] {dag.py:4138} INFO - Setting next_dagrun for example_xcom_args_with_operators to None, run_after=None
[2024-08-27T09:26:13.853+0700] {processor.py:208} INFO - Processing /home/user/.local/lib/python3.10/site-packages/airflow/example_dags/example_xcomargs.py took 0.071 seconds
[2024-08-27T09:27:16.385+0700] {processor.py:186} INFO - Started process (PID=8932) to work on /home/user/.local/lib/python3.10/site-packages/airflow/example_dags/example_xcomargs.py
[2024-08-27T09:27:16.387+0700] {processor.py:914} INFO - Processing file /home/user/.local/lib/python3.10/site-packages/airflow/example_dags/example_xcomargs.py for tasks to queue
[2024-08-27T09:27:16.390+0700] {logging_mixin.py:190} INFO - [2024-08-27T09:27:16.390+0700] {dagbag.py:587} INFO - Filling up the DagBag from /home/user/.local/lib/python3.10/site-packages/airflow/example_dags/example_xcomargs.py
[2024-08-27T09:27:16.403+0700] {processor.py:925} INFO - DAG(s) 'example_xcom_args_with_operators', 'example_xcom_args' retrieved from /home/user/.local/lib/python3.10/site-packages/airflow/example_dags/example_xcomargs.py
[2024-08-27T09:27:16.426+0700] {logging_mixin.py:190} INFO - [2024-08-27T09:27:16.426+0700] {dag.py:3211} INFO - Sync 2 DAGs
[2024-08-27T09:27:16.437+0700] {logging_mixin.py:190} INFO - [2024-08-27T09:27:16.437+0700] {dag.py:4138} INFO - Setting next_dagrun for example_xcom_args to None, run_after=None
[2024-08-27T09:27:16.439+0700] {logging_mixin.py:190} INFO - [2024-08-27T09:27:16.439+0700] {dag.py:4138} INFO - Setting next_dagrun for example_xcom_args_with_operators to None, run_after=None
[2024-08-27T09:27:16.458+0700] {processor.py:208} INFO - Processing /home/user/.local/lib/python3.10/site-packages/airflow/example_dags/example_xcomargs.py took 0.080 seconds
[2024-08-27T09:28:23.766+0700] {processor.py:186} INFO - Started process (PID=9472) to work on /home/user/.local/lib/python3.10/site-packages/airflow/example_dags/example_xcomargs.py
[2024-08-27T09:28:23.768+0700] {processor.py:914} INFO - Processing file /home/user/.local/lib/python3.10/site-packages/airflow/example_dags/example_xcomargs.py for tasks to queue
[2024-08-27T09:28:23.770+0700] {logging_mixin.py:190} INFO - [2024-08-27T09:28:23.770+0700] {dagbag.py:587} INFO - Filling up the DagBag from /home/user/.local/lib/python3.10/site-packages/airflow/example_dags/example_xcomargs.py
[2024-08-27T09:28:23.778+0700] {processor.py:925} INFO - DAG(s) 'example_xcom_args_with_operators', 'example_xcom_args' retrieved from /home/user/.local/lib/python3.10/site-packages/airflow/example_dags/example_xcomargs.py
[2024-08-27T09:28:23.794+0700] {logging_mixin.py:190} INFO - [2024-08-27T09:28:23.794+0700] {dag.py:3211} INFO - Sync 2 DAGs
[2024-08-27T09:28:23.803+0700] {logging_mixin.py:190} INFO - [2024-08-27T09:28:23.803+0700] {dag.py:4138} INFO - Setting next_dagrun for example_xcom_args to None, run_after=None
[2024-08-27T09:28:23.805+0700] {logging_mixin.py:190} INFO - [2024-08-27T09:28:23.805+0700] {dag.py:4138} INFO - Setting next_dagrun for example_xcom_args_with_operators to None, run_after=None
[2024-08-27T09:28:23.820+0700] {processor.py:208} INFO - Processing /home/user/.local/lib/python3.10/site-packages/airflow/example_dags/example_xcomargs.py took 0.059 seconds
[2024-08-27T09:29:25.090+0700] {processor.py:186} INFO - Started process (PID=9970) to work on /home/user/.local/lib/python3.10/site-packages/airflow/example_dags/example_xcomargs.py
[2024-08-27T09:29:25.092+0700] {processor.py:914} INFO - Processing file /home/user/.local/lib/python3.10/site-packages/airflow/example_dags/example_xcomargs.py for tasks to queue
[2024-08-27T09:29:25.095+0700] {logging_mixin.py:190} INFO - [2024-08-27T09:29:25.094+0700] {dagbag.py:587} INFO - Filling up the DagBag from /home/user/.local/lib/python3.10/site-packages/airflow/example_dags/example_xcomargs.py
[2024-08-27T09:29:25.105+0700] {processor.py:925} INFO - DAG(s) 'example_xcom_args', 'example_xcom_args_with_operators' retrieved from /home/user/.local/lib/python3.10/site-packages/airflow/example_dags/example_xcomargs.py
[2024-08-27T09:29:25.124+0700] {logging_mixin.py:190} INFO - [2024-08-27T09:29:25.124+0700] {dag.py:3211} INFO - Sync 2 DAGs
[2024-08-27T09:29:25.140+0700] {logging_mixin.py:190} INFO - [2024-08-27T09:29:25.139+0700] {dag.py:4138} INFO - Setting next_dagrun for example_xcom_args to None, run_after=None
[2024-08-27T09:29:25.143+0700] {logging_mixin.py:190} INFO - [2024-08-27T09:29:25.142+0700] {dag.py:4138} INFO - Setting next_dagrun for example_xcom_args_with_operators to None, run_after=None
[2024-08-27T09:29:25.168+0700] {processor.py:208} INFO - Processing /home/user/.local/lib/python3.10/site-packages/airflow/example_dags/example_xcomargs.py took 0.083 seconds
[2024-08-27T09:30:05.358+0700] {processor.py:186} INFO - Started process (PID=10295) to work on /home/user/.local/lib/python3.10/site-packages/airflow/example_dags/example_xcomargs.py
[2024-08-27T09:30:05.359+0700] {processor.py:914} INFO - Processing file /home/user/.local/lib/python3.10/site-packages/airflow/example_dags/example_xcomargs.py for tasks to queue
[2024-08-27T09:30:05.362+0700] {logging_mixin.py:190} INFO - [2024-08-27T09:30:05.361+0700] {dagbag.py:587} INFO - Filling up the DagBag from /home/user/.local/lib/python3.10/site-packages/airflow/example_dags/example_xcomargs.py
[2024-08-27T09:30:05.372+0700] {processor.py:925} INFO - DAG(s) 'example_xcom_args', 'example_xcom_args_with_operators' retrieved from /home/user/.local/lib/python3.10/site-packages/airflow/example_dags/example_xcomargs.py
[2024-08-27T09:30:05.389+0700] {logging_mixin.py:190} INFO - [2024-08-27T09:30:05.389+0700] {dag.py:3211} INFO - Sync 2 DAGs
[2024-08-27T09:30:05.398+0700] {logging_mixin.py:190} INFO - [2024-08-27T09:30:05.397+0700] {dag.py:4138} INFO - Setting next_dagrun for example_xcom_args to None, run_after=None
[2024-08-27T09:30:05.402+0700] {logging_mixin.py:190} INFO - [2024-08-27T09:30:05.402+0700] {dag.py:4138} INFO - Setting next_dagrun for example_xcom_args_with_operators to None, run_after=None
[2024-08-27T09:30:05.430+0700] {processor.py:208} INFO - Processing /home/user/.local/lib/python3.10/site-packages/airflow/example_dags/example_xcomargs.py took 0.076 seconds
[2024-08-27T09:31:10.254+0700] {processor.py:186} INFO - Started process (PID=10825) to work on /home/user/.local/lib/python3.10/site-packages/airflow/example_dags/example_xcomargs.py
[2024-08-27T09:31:10.260+0700] {processor.py:914} INFO - Processing file /home/user/.local/lib/python3.10/site-packages/airflow/example_dags/example_xcomargs.py for tasks to queue
[2024-08-27T09:31:10.263+0700] {logging_mixin.py:190} INFO - [2024-08-27T09:31:10.263+0700] {dagbag.py:587} INFO - Filling up the DagBag from /home/user/.local/lib/python3.10/site-packages/airflow/example_dags/example_xcomargs.py
[2024-08-27T09:31:10.270+0700] {processor.py:925} INFO - DAG(s) 'example_xcom_args', 'example_xcom_args_with_operators' retrieved from /home/user/.local/lib/python3.10/site-packages/airflow/example_dags/example_xcomargs.py
[2024-08-27T09:31:10.287+0700] {logging_mixin.py:190} INFO - [2024-08-27T09:31:10.286+0700] {dag.py:3211} INFO - Sync 2 DAGs
[2024-08-27T09:31:10.296+0700] {logging_mixin.py:190} INFO - [2024-08-27T09:31:10.296+0700] {dag.py:4138} INFO - Setting next_dagrun for example_xcom_args to None, run_after=None
[2024-08-27T09:31:10.298+0700] {logging_mixin.py:190} INFO - [2024-08-27T09:31:10.298+0700] {dag.py:4138} INFO - Setting next_dagrun for example_xcom_args_with_operators to None, run_after=None
[2024-08-27T09:31:10.313+0700] {processor.py:208} INFO - Processing /home/user/.local/lib/python3.10/site-packages/airflow/example_dags/example_xcomargs.py took 0.065 seconds
[2024-08-27T09:32:08.877+0700] {processor.py:186} INFO - Started process (PID=11349) to work on /home/user/.local/lib/python3.10/site-packages/airflow/example_dags/example_xcomargs.py
[2024-08-27T09:32:08.879+0700] {processor.py:914} INFO - Processing file /home/user/.local/lib/python3.10/site-packages/airflow/example_dags/example_xcomargs.py for tasks to queue
[2024-08-27T09:32:08.881+0700] {logging_mixin.py:190} INFO - [2024-08-27T09:32:08.880+0700] {dagbag.py:587} INFO - Filling up the DagBag from /home/user/.local/lib/python3.10/site-packages/airflow/example_dags/example_xcomargs.py
[2024-08-27T09:32:08.888+0700] {processor.py:925} INFO - DAG(s) 'example_xcom_args_with_operators', 'example_xcom_args' retrieved from /home/user/.local/lib/python3.10/site-packages/airflow/example_dags/example_xcomargs.py
[2024-08-27T09:32:08.904+0700] {logging_mixin.py:190} INFO - [2024-08-27T09:32:08.903+0700] {dag.py:3211} INFO - Sync 2 DAGs
[2024-08-27T09:32:08.916+0700] {logging_mixin.py:190} INFO - [2024-08-27T09:32:08.915+0700] {dag.py:4138} INFO - Setting next_dagrun for example_xcom_args to None, run_after=None
[2024-08-27T09:32:08.918+0700] {logging_mixin.py:190} INFO - [2024-08-27T09:32:08.918+0700] {dag.py:4138} INFO - Setting next_dagrun for example_xcom_args_with_operators to None, run_after=None
[2024-08-27T09:32:08.934+0700] {processor.py:208} INFO - Processing /home/user/.local/lib/python3.10/site-packages/airflow/example_dags/example_xcomargs.py took 0.063 seconds
[2024-08-27T09:32:40.292+0700] {processor.py:186} INFO - Started process (PID=11615) to work on /home/user/.local/lib/python3.10/site-packages/airflow/example_dags/example_xcomargs.py
[2024-08-27T09:32:40.293+0700] {processor.py:914} INFO - Processing file /home/user/.local/lib/python3.10/site-packages/airflow/example_dags/example_xcomargs.py for tasks to queue
[2024-08-27T09:32:40.296+0700] {logging_mixin.py:190} INFO - [2024-08-27T09:32:40.296+0700] {dagbag.py:587} INFO - Filling up the DagBag from /home/user/.local/lib/python3.10/site-packages/airflow/example_dags/example_xcomargs.py
[2024-08-27T09:32:40.304+0700] {processor.py:925} INFO - DAG(s) 'example_xcom_args', 'example_xcom_args_with_operators' retrieved from /home/user/.local/lib/python3.10/site-packages/airflow/example_dags/example_xcomargs.py
[2024-08-27T09:32:40.321+0700] {logging_mixin.py:190} INFO - [2024-08-27T09:32:40.321+0700] {dag.py:3211} INFO - Sync 2 DAGs
[2024-08-27T09:32:40.329+0700] {logging_mixin.py:190} INFO - [2024-08-27T09:32:40.329+0700] {dag.py:4138} INFO - Setting next_dagrun for example_xcom_args to None, run_after=None
[2024-08-27T09:32:40.331+0700] {logging_mixin.py:190} INFO - [2024-08-27T09:32:40.331+0700] {dag.py:4138} INFO - Setting next_dagrun for example_xcom_args_with_operators to None, run_after=None
[2024-08-27T09:32:40.347+0700] {processor.py:208} INFO - Processing /home/user/.local/lib/python3.10/site-packages/airflow/example_dags/example_xcomargs.py took 0.062 seconds
[2024-08-27T09:33:44.180+0700] {processor.py:186} INFO - Started process (PID=12140) to work on /home/user/.local/lib/python3.10/site-packages/airflow/example_dags/example_xcomargs.py
[2024-08-27T09:33:44.182+0700] {processor.py:914} INFO - Processing file /home/user/.local/lib/python3.10/site-packages/airflow/example_dags/example_xcomargs.py for tasks to queue
[2024-08-27T09:33:44.184+0700] {logging_mixin.py:190} INFO - [2024-08-27T09:33:44.184+0700] {dagbag.py:587} INFO - Filling up the DagBag from /home/user/.local/lib/python3.10/site-packages/airflow/example_dags/example_xcomargs.py
[2024-08-27T09:33:44.193+0700] {processor.py:925} INFO - DAG(s) 'example_xcom_args_with_operators', 'example_xcom_args' retrieved from /home/user/.local/lib/python3.10/site-packages/airflow/example_dags/example_xcomargs.py
[2024-08-27T09:33:44.208+0700] {logging_mixin.py:190} INFO - [2024-08-27T09:33:44.207+0700] {dag.py:3211} INFO - Sync 2 DAGs
[2024-08-27T09:33:44.218+0700] {logging_mixin.py:190} INFO - [2024-08-27T09:33:44.217+0700] {dag.py:4138} INFO - Setting next_dagrun for example_xcom_args to None, run_after=None
[2024-08-27T09:33:44.220+0700] {logging_mixin.py:190} INFO - [2024-08-27T09:33:44.220+0700] {dag.py:4138} INFO - Setting next_dagrun for example_xcom_args_with_operators to None, run_after=None
[2024-08-27T09:33:44.236+0700] {processor.py:208} INFO - Processing /home/user/.local/lib/python3.10/site-packages/airflow/example_dags/example_xcomargs.py took 0.062 seconds
[2024-08-27T09:34:36.794+0700] {processor.py:186} INFO - Started process (PID=12558) to work on /home/user/.local/lib/python3.10/site-packages/airflow/example_dags/example_xcomargs.py
[2024-08-27T09:34:36.797+0700] {processor.py:914} INFO - Processing file /home/user/.local/lib/python3.10/site-packages/airflow/example_dags/example_xcomargs.py for tasks to queue
[2024-08-27T09:34:36.799+0700] {logging_mixin.py:190} INFO - [2024-08-27T09:34:36.799+0700] {dagbag.py:587} INFO - Filling up the DagBag from /home/user/.local/lib/python3.10/site-packages/airflow/example_dags/example_xcomargs.py
[2024-08-27T09:34:36.811+0700] {processor.py:925} INFO - DAG(s) 'example_xcom_args', 'example_xcom_args_with_operators' retrieved from /home/user/.local/lib/python3.10/site-packages/airflow/example_dags/example_xcomargs.py
[2024-08-27T09:34:36.835+0700] {logging_mixin.py:190} INFO - [2024-08-27T09:34:36.835+0700] {dag.py:3211} INFO - Sync 2 DAGs
[2024-08-27T09:34:36.848+0700] {logging_mixin.py:190} INFO - [2024-08-27T09:34:36.848+0700] {dag.py:4138} INFO - Setting next_dagrun for example_xcom_args to None, run_after=None
[2024-08-27T09:34:36.852+0700] {logging_mixin.py:190} INFO - [2024-08-27T09:34:36.852+0700] {dag.py:4138} INFO - Setting next_dagrun for example_xcom_args_with_operators to None, run_after=None
[2024-08-27T09:34:36.870+0700] {processor.py:208} INFO - Processing /home/user/.local/lib/python3.10/site-packages/airflow/example_dags/example_xcomargs.py took 0.084 seconds
[2024-08-27T09:35:47.611+0700] {processor.py:186} INFO - Started process (PID=13158) to work on /home/user/.local/lib/python3.10/site-packages/airflow/example_dags/example_xcomargs.py
[2024-08-27T09:35:47.613+0700] {processor.py:914} INFO - Processing file /home/user/.local/lib/python3.10/site-packages/airflow/example_dags/example_xcomargs.py for tasks to queue
[2024-08-27T09:35:47.619+0700] {logging_mixin.py:190} INFO - [2024-08-27T09:35:47.618+0700] {dagbag.py:587} INFO - Filling up the DagBag from /home/user/.local/lib/python3.10/site-packages/airflow/example_dags/example_xcomargs.py
[2024-08-27T09:35:47.634+0700] {processor.py:925} INFO - DAG(s) 'example_xcom_args_with_operators', 'example_xcom_args' retrieved from /home/user/.local/lib/python3.10/site-packages/airflow/example_dags/example_xcomargs.py
[2024-08-27T09:35:47.659+0700] {logging_mixin.py:190} INFO - [2024-08-27T09:35:47.658+0700] {dag.py:3211} INFO - Sync 2 DAGs
[2024-08-27T09:35:47.672+0700] {logging_mixin.py:190} INFO - [2024-08-27T09:35:47.672+0700] {dag.py:4138} INFO - Setting next_dagrun for example_xcom_args to None, run_after=None
[2024-08-27T09:35:47.675+0700] {logging_mixin.py:190} INFO - [2024-08-27T09:35:47.675+0700] {dag.py:4138} INFO - Setting next_dagrun for example_xcom_args_with_operators to None, run_after=None
[2024-08-27T09:35:47.696+0700] {processor.py:208} INFO - Processing /home/user/.local/lib/python3.10/site-packages/airflow/example_dags/example_xcomargs.py took 0.090 seconds
[2024-08-27T09:36:47.856+0700] {processor.py:186} INFO - Started process (PID=13659) to work on /home/user/.local/lib/python3.10/site-packages/airflow/example_dags/example_xcomargs.py
[2024-08-27T09:36:47.863+0700] {processor.py:914} INFO - Processing file /home/user/.local/lib/python3.10/site-packages/airflow/example_dags/example_xcomargs.py for tasks to queue
[2024-08-27T09:36:47.865+0700] {logging_mixin.py:190} INFO - [2024-08-27T09:36:47.865+0700] {dagbag.py:587} INFO - Filling up the DagBag from /home/user/.local/lib/python3.10/site-packages/airflow/example_dags/example_xcomargs.py
[2024-08-27T09:36:47.874+0700] {processor.py:925} INFO - DAG(s) 'example_xcom_args_with_operators', 'example_xcom_args' retrieved from /home/user/.local/lib/python3.10/site-packages/airflow/example_dags/example_xcomargs.py
[2024-08-27T09:36:47.892+0700] {logging_mixin.py:190} INFO - [2024-08-27T09:36:47.892+0700] {dag.py:3211} INFO - Sync 2 DAGs
[2024-08-27T09:36:47.901+0700] {logging_mixin.py:190} INFO - [2024-08-27T09:36:47.901+0700] {dag.py:4138} INFO - Setting next_dagrun for example_xcom_args to None, run_after=None
[2024-08-27T09:36:47.904+0700] {logging_mixin.py:190} INFO - [2024-08-27T09:36:47.904+0700] {dag.py:4138} INFO - Setting next_dagrun for example_xcom_args_with_operators to None, run_after=None
[2024-08-27T09:36:47.921+0700] {processor.py:208} INFO - Processing /home/user/.local/lib/python3.10/site-packages/airflow/example_dags/example_xcomargs.py took 0.069 seconds
[2024-08-27T09:37:50.978+0700] {processor.py:186} INFO - Started process (PID=14194) to work on /home/user/.local/lib/python3.10/site-packages/airflow/example_dags/example_xcomargs.py
[2024-08-27T09:37:50.980+0700] {processor.py:914} INFO - Processing file /home/user/.local/lib/python3.10/site-packages/airflow/example_dags/example_xcomargs.py for tasks to queue
[2024-08-27T09:37:50.981+0700] {logging_mixin.py:190} INFO - [2024-08-27T09:37:50.981+0700] {dagbag.py:587} INFO - Filling up the DagBag from /home/user/.local/lib/python3.10/site-packages/airflow/example_dags/example_xcomargs.py
[2024-08-27T09:37:50.989+0700] {processor.py:925} INFO - DAG(s) 'example_xcom_args_with_operators', 'example_xcom_args' retrieved from /home/user/.local/lib/python3.10/site-packages/airflow/example_dags/example_xcomargs.py
[2024-08-27T09:37:51.003+0700] {logging_mixin.py:190} INFO - [2024-08-27T09:37:51.003+0700] {dag.py:3211} INFO - Sync 2 DAGs
[2024-08-27T09:37:51.011+0700] {logging_mixin.py:190} INFO - [2024-08-27T09:37:51.011+0700] {dag.py:4138} INFO - Setting next_dagrun for example_xcom_args to None, run_after=None
[2024-08-27T09:37:51.013+0700] {logging_mixin.py:190} INFO - [2024-08-27T09:37:51.013+0700] {dag.py:4138} INFO - Setting next_dagrun for example_xcom_args_with_operators to None, run_after=None
[2024-08-27T09:37:51.028+0700] {processor.py:208} INFO - Processing /home/user/.local/lib/python3.10/site-packages/airflow/example_dags/example_xcomargs.py took 0.054 seconds
[2024-08-27T09:39:16.817+0700] {processor.py:186} INFO - Started process (PID=14873) to work on /home/user/.local/lib/python3.10/site-packages/airflow/example_dags/example_xcomargs.py
[2024-08-27T09:39:16.818+0700] {processor.py:914} INFO - Processing file /home/user/.local/lib/python3.10/site-packages/airflow/example_dags/example_xcomargs.py for tasks to queue
[2024-08-27T09:39:16.822+0700] {logging_mixin.py:190} INFO - [2024-08-27T09:39:16.822+0700] {dagbag.py:587} INFO - Filling up the DagBag from /home/user/.local/lib/python3.10/site-packages/airflow/example_dags/example_xcomargs.py
[2024-08-27T09:39:16.833+0700] {processor.py:925} INFO - DAG(s) 'example_xcom_args', 'example_xcom_args_with_operators' retrieved from /home/user/.local/lib/python3.10/site-packages/airflow/example_dags/example_xcomargs.py
[2024-08-27T09:39:16.853+0700] {logging_mixin.py:190} INFO - [2024-08-27T09:39:16.853+0700] {dag.py:3211} INFO - Sync 2 DAGs
[2024-08-27T09:39:16.865+0700] {logging_mixin.py:190} INFO - [2024-08-27T09:39:16.864+0700] {dag.py:4138} INFO - Setting next_dagrun for example_xcom_args to None, run_after=None
[2024-08-27T09:39:16.868+0700] {logging_mixin.py:190} INFO - [2024-08-27T09:39:16.867+0700] {dag.py:4138} INFO - Setting next_dagrun for example_xcom_args_with_operators to None, run_after=None
[2024-08-27T09:39:16.887+0700] {processor.py:208} INFO - Processing /home/user/.local/lib/python3.10/site-packages/airflow/example_dags/example_xcomargs.py took 0.080 seconds
[2024-08-27T09:40:27.363+0700] {processor.py:186} INFO - Started process (PID=15476) to work on /home/user/.local/lib/python3.10/site-packages/airflow/example_dags/example_xcomargs.py
[2024-08-27T09:40:27.365+0700] {processor.py:914} INFO - Processing file /home/user/.local/lib/python3.10/site-packages/airflow/example_dags/example_xcomargs.py for tasks to queue
[2024-08-27T09:40:27.368+0700] {logging_mixin.py:190} INFO - [2024-08-27T09:40:27.367+0700] {dagbag.py:587} INFO - Filling up the DagBag from /home/user/.local/lib/python3.10/site-packages/airflow/example_dags/example_xcomargs.py
[2024-08-27T09:40:27.379+0700] {processor.py:925} INFO - DAG(s) 'example_xcom_args', 'example_xcom_args_with_operators' retrieved from /home/user/.local/lib/python3.10/site-packages/airflow/example_dags/example_xcomargs.py
[2024-08-27T09:40:27.397+0700] {logging_mixin.py:190} INFO - [2024-08-27T09:40:27.397+0700] {dag.py:3211} INFO - Sync 2 DAGs
[2024-08-27T09:40:27.405+0700] {logging_mixin.py:190} INFO - [2024-08-27T09:40:27.405+0700] {dag.py:4138} INFO - Setting next_dagrun for example_xcom_args to None, run_after=None
[2024-08-27T09:40:27.408+0700] {logging_mixin.py:190} INFO - [2024-08-27T09:40:27.408+0700] {dag.py:4138} INFO - Setting next_dagrun for example_xcom_args_with_operators to None, run_after=None
[2024-08-27T09:40:27.432+0700] {processor.py:208} INFO - Processing /home/user/.local/lib/python3.10/site-packages/airflow/example_dags/example_xcomargs.py took 0.076 seconds
[2024-08-27T09:41:26.691+0700] {processor.py:186} INFO - Started process (PID=15942) to work on /home/user/.local/lib/python3.10/site-packages/airflow/example_dags/example_xcomargs.py
[2024-08-27T09:41:26.692+0700] {processor.py:914} INFO - Processing file /home/user/.local/lib/python3.10/site-packages/airflow/example_dags/example_xcomargs.py for tasks to queue
[2024-08-27T09:41:26.694+0700] {logging_mixin.py:190} INFO - [2024-08-27T09:41:26.694+0700] {dagbag.py:587} INFO - Filling up the DagBag from /home/user/.local/lib/python3.10/site-packages/airflow/example_dags/example_xcomargs.py
[2024-08-27T09:41:26.704+0700] {processor.py:925} INFO - DAG(s) 'example_xcom_args_with_operators', 'example_xcom_args' retrieved from /home/user/.local/lib/python3.10/site-packages/airflow/example_dags/example_xcomargs.py
[2024-08-27T09:41:26.723+0700] {logging_mixin.py:190} INFO - [2024-08-27T09:41:26.722+0700] {dag.py:3211} INFO - Sync 2 DAGs
[2024-08-27T09:41:26.734+0700] {logging_mixin.py:190} INFO - [2024-08-27T09:41:26.734+0700] {dag.py:4138} INFO - Setting next_dagrun for example_xcom_args to None, run_after=None
[2024-08-27T09:41:26.737+0700] {logging_mixin.py:190} INFO - [2024-08-27T09:41:26.737+0700] {dag.py:4138} INFO - Setting next_dagrun for example_xcom_args_with_operators to None, run_after=None
[2024-08-27T09:41:26.763+0700] {processor.py:208} INFO - Processing /home/user/.local/lib/python3.10/site-packages/airflow/example_dags/example_xcomargs.py took 0.078 seconds
[2024-08-27T09:42:32.878+0700] {processor.py:186} INFO - Started process (PID=16498) to work on /home/user/.local/lib/python3.10/site-packages/airflow/example_dags/example_xcomargs.py
[2024-08-27T09:42:32.880+0700] {processor.py:914} INFO - Processing file /home/user/.local/lib/python3.10/site-packages/airflow/example_dags/example_xcomargs.py for tasks to queue
[2024-08-27T09:42:32.882+0700] {logging_mixin.py:190} INFO - [2024-08-27T09:42:32.882+0700] {dagbag.py:587} INFO - Filling up the DagBag from /home/user/.local/lib/python3.10/site-packages/airflow/example_dags/example_xcomargs.py
[2024-08-27T09:42:32.894+0700] {processor.py:925} INFO - DAG(s) 'example_xcom_args', 'example_xcom_args_with_operators' retrieved from /home/user/.local/lib/python3.10/site-packages/airflow/example_dags/example_xcomargs.py
[2024-08-27T09:42:32.915+0700] {logging_mixin.py:190} INFO - [2024-08-27T09:42:32.914+0700] {dag.py:3211} INFO - Sync 2 DAGs
[2024-08-27T09:42:32.928+0700] {logging_mixin.py:190} INFO - [2024-08-27T09:42:32.927+0700] {dag.py:4138} INFO - Setting next_dagrun for example_xcom_args to None, run_after=None
[2024-08-27T09:42:32.930+0700] {logging_mixin.py:190} INFO - [2024-08-27T09:42:32.930+0700] {dag.py:4138} INFO - Setting next_dagrun for example_xcom_args_with_operators to None, run_after=None
[2024-08-27T09:42:32.947+0700] {processor.py:208} INFO - Processing /home/user/.local/lib/python3.10/site-packages/airflow/example_dags/example_xcomargs.py took 0.079 seconds
[2024-08-27T09:44:06.547+0700] {processor.py:186} INFO - Started process (PID=17211) to work on /home/user/.local/lib/python3.10/site-packages/airflow/example_dags/example_xcomargs.py
[2024-08-27T09:44:06.584+0700] {processor.py:914} INFO - Processing file /home/user/.local/lib/python3.10/site-packages/airflow/example_dags/example_xcomargs.py for tasks to queue
[2024-08-27T09:44:06.587+0700] {logging_mixin.py:190} INFO - [2024-08-27T09:44:06.587+0700] {dagbag.py:587} INFO - Filling up the DagBag from /home/user/.local/lib/python3.10/site-packages/airflow/example_dags/example_xcomargs.py
[2024-08-27T09:44:06.598+0700] {processor.py:925} INFO - DAG(s) 'example_xcom_args', 'example_xcom_args_with_operators' retrieved from /home/user/.local/lib/python3.10/site-packages/airflow/example_dags/example_xcomargs.py
[2024-08-27T09:44:06.621+0700] {logging_mixin.py:190} INFO - [2024-08-27T09:44:06.621+0700] {dag.py:3211} INFO - Sync 2 DAGs
[2024-08-27T09:44:06.634+0700] {logging_mixin.py:190} INFO - [2024-08-27T09:44:06.634+0700] {dag.py:4138} INFO - Setting next_dagrun for example_xcom_args to None, run_after=None
[2024-08-27T09:44:06.637+0700] {logging_mixin.py:190} INFO - [2024-08-27T09:44:06.637+0700] {dag.py:4138} INFO - Setting next_dagrun for example_xcom_args_with_operators to None, run_after=None
[2024-08-27T09:44:06.665+0700] {processor.py:208} INFO - Processing /home/user/.local/lib/python3.10/site-packages/airflow/example_dags/example_xcomargs.py took 0.123 seconds
[2024-08-27T09:45:14.922+0700] {processor.py:186} INFO - Started process (PID=17885) to work on /home/user/.local/lib/python3.10/site-packages/airflow/example_dags/example_xcomargs.py
[2024-08-27T09:45:14.923+0700] {processor.py:914} INFO - Processing file /home/user/.local/lib/python3.10/site-packages/airflow/example_dags/example_xcomargs.py for tasks to queue
[2024-08-27T09:45:14.925+0700] {logging_mixin.py:190} INFO - [2024-08-27T09:45:14.925+0700] {dagbag.py:587} INFO - Filling up the DagBag from /home/user/.local/lib/python3.10/site-packages/airflow/example_dags/example_xcomargs.py
[2024-08-27T09:45:14.938+0700] {processor.py:925} INFO - DAG(s) 'example_xcom_args_with_operators', 'example_xcom_args' retrieved from /home/user/.local/lib/python3.10/site-packages/airflow/example_dags/example_xcomargs.py
[2024-08-27T09:45:15.016+0700] {logging_mixin.py:190} INFO - [2024-08-27T09:45:15.016+0700] {dag.py:3211} INFO - Sync 2 DAGs
[2024-08-27T09:45:15.070+0700] {logging_mixin.py:190} INFO - [2024-08-27T09:45:15.070+0700] {dag.py:4138} INFO - Setting next_dagrun for example_xcom_args to None, run_after=None
[2024-08-27T09:45:15.075+0700] {logging_mixin.py:190} INFO - [2024-08-27T09:45:15.075+0700] {dag.py:4138} INFO - Setting next_dagrun for example_xcom_args_with_operators to None, run_after=None
[2024-08-27T09:45:15.128+0700] {processor.py:208} INFO - Processing /home/user/.local/lib/python3.10/site-packages/airflow/example_dags/example_xcomargs.py took 0.210 seconds
