[2024-08-27T09:19:48.521+0700] {processor.py:186} INFO - Started process (PID=5286) to work on /home/user/.local/lib/python3.10/site-packages/airflow/example_dags/example_branch_datetime_operator.py
[2024-08-27T09:19:48.522+0700] {processor.py:914} INFO - Processing file /home/user/.local/lib/python3.10/site-packages/airflow/example_dags/example_branch_datetime_operator.py for tasks to queue
[2024-08-27T09:19:48.524+0700] {logging_mixin.py:190} INFO - [2024-08-27T09:19:48.524+0700] {dagbag.py:587} INFO - Filling up the DagBag from /home/user/.local/lib/python3.10/site-packages/airflow/example_dags/example_branch_datetime_operator.py
[2024-08-27T09:19:48.535+0700] {processor.py:925} INFO - DAG(s) 'example_branch_datetime_operator_3', 'example_branch_datetime_operator_2', 'example_branch_datetime_operator' retrieved from /home/user/.local/lib/python3.10/site-packages/airflow/example_dags/example_branch_datetime_operator.py
[2024-08-27T09:19:48.554+0700] {logging_mixin.py:190} INFO - [2024-08-27T09:19:48.554+0700] {dag.py:3211} INFO - Sync 3 DAGs
[2024-08-27T09:19:48.569+0700] {logging_mixin.py:190} INFO - [2024-08-27T09:19:48.569+0700] {dag.py:4138} INFO - Setting next_dagrun for example_branch_datetime_operator to 2024-08-26 00:00:00+00:00, run_after=2024-08-27 00:00:00+00:00
[2024-08-27T09:19:48.573+0700] {logging_mixin.py:190} INFO - [2024-08-27T09:19:48.573+0700] {dag.py:4138} INFO - Setting next_dagrun for example_branch_datetime_operator_2 to 2024-08-26 00:00:00+00:00, run_after=2024-08-27 00:00:00+00:00
[2024-08-27T09:19:48.574+0700] {logging_mixin.py:190} INFO - [2024-08-27T09:19:48.574+0700] {dag.py:4138} INFO - Setting next_dagrun for example_branch_datetime_operator_3 to 2024-08-26 00:00:00+00:00, run_after=2024-08-27 00:00:00+00:00
[2024-08-27T09:19:48.595+0700] {processor.py:208} INFO - Processing /home/user/.local/lib/python3.10/site-packages/airflow/example_dags/example_branch_datetime_operator.py took 0.079 seconds
[2024-08-27T09:20:47.425+0700] {processor.py:186} INFO - Started process (PID=5824) to work on /home/user/.local/lib/python3.10/site-packages/airflow/example_dags/example_branch_datetime_operator.py
[2024-08-27T09:20:47.426+0700] {processor.py:914} INFO - Processing file /home/user/.local/lib/python3.10/site-packages/airflow/example_dags/example_branch_datetime_operator.py for tasks to queue
[2024-08-27T09:20:47.428+0700] {logging_mixin.py:190} INFO - [2024-08-27T09:20:47.428+0700] {dagbag.py:587} INFO - Filling up the DagBag from /home/user/.local/lib/python3.10/site-packages/airflow/example_dags/example_branch_datetime_operator.py
[2024-08-27T09:20:47.438+0700] {processor.py:925} INFO - DAG(s) 'example_branch_datetime_operator_2', 'example_branch_datetime_operator', 'example_branch_datetime_operator_3' retrieved from /home/user/.local/lib/python3.10/site-packages/airflow/example_dags/example_branch_datetime_operator.py
[2024-08-27T09:20:47.455+0700] {logging_mixin.py:190} INFO - [2024-08-27T09:20:47.455+0700] {dag.py:3211} INFO - Sync 3 DAGs
[2024-08-27T09:20:47.470+0700] {logging_mixin.py:190} INFO - [2024-08-27T09:20:47.470+0700] {dag.py:4138} INFO - Setting next_dagrun for example_branch_datetime_operator to 2024-08-26 00:00:00+00:00, run_after=2024-08-27 00:00:00+00:00
[2024-08-27T09:20:47.473+0700] {logging_mixin.py:190} INFO - [2024-08-27T09:20:47.473+0700] {dag.py:4138} INFO - Setting next_dagrun for example_branch_datetime_operator_2 to 2024-08-26 00:00:00+00:00, run_after=2024-08-27 00:00:00+00:00
[2024-08-27T09:20:47.475+0700] {logging_mixin.py:190} INFO - [2024-08-27T09:20:47.475+0700] {dag.py:4138} INFO - Setting next_dagrun for example_branch_datetime_operator_3 to 2024-08-26 00:00:00+00:00, run_after=2024-08-27 00:00:00+00:00
[2024-08-27T09:20:47.491+0700] {processor.py:208} INFO - Processing /home/user/.local/lib/python3.10/site-packages/airflow/example_dags/example_branch_datetime_operator.py took 0.071 seconds
[2024-08-27T09:22:12.903+0700] {processor.py:186} INFO - Started process (PID=6525) to work on /home/user/.local/lib/python3.10/site-packages/airflow/example_dags/example_branch_datetime_operator.py
[2024-08-27T09:22:12.905+0700] {processor.py:914} INFO - Processing file /home/user/.local/lib/python3.10/site-packages/airflow/example_dags/example_branch_datetime_operator.py for tasks to queue
[2024-08-27T09:22:12.907+0700] {logging_mixin.py:190} INFO - [2024-08-27T09:22:12.907+0700] {dagbag.py:587} INFO - Filling up the DagBag from /home/user/.local/lib/python3.10/site-packages/airflow/example_dags/example_branch_datetime_operator.py
[2024-08-27T09:22:12.918+0700] {processor.py:925} INFO - DAG(s) 'example_branch_datetime_operator_2', 'example_branch_datetime_operator', 'example_branch_datetime_operator_3' retrieved from /home/user/.local/lib/python3.10/site-packages/airflow/example_dags/example_branch_datetime_operator.py
[2024-08-27T09:22:12.939+0700] {logging_mixin.py:190} INFO - [2024-08-27T09:22:12.939+0700] {dag.py:3211} INFO - Sync 3 DAGs
[2024-08-27T09:22:12.963+0700] {logging_mixin.py:190} INFO - [2024-08-27T09:22:12.963+0700] {dag.py:4138} INFO - Setting next_dagrun for example_branch_datetime_operator to 2024-08-26 00:00:00+00:00, run_after=2024-08-27 00:00:00+00:00
[2024-08-27T09:22:12.968+0700] {logging_mixin.py:190} INFO - [2024-08-27T09:22:12.968+0700] {dag.py:4138} INFO - Setting next_dagrun for example_branch_datetime_operator_2 to 2024-08-26 00:00:00+00:00, run_after=2024-08-27 00:00:00+00:00
[2024-08-27T09:22:12.970+0700] {logging_mixin.py:190} INFO - [2024-08-27T09:22:12.970+0700] {dag.py:4138} INFO - Setting next_dagrun for example_branch_datetime_operator_3 to 2024-08-26 00:00:00+00:00, run_after=2024-08-27 00:00:00+00:00
[2024-08-27T09:22:12.992+0700] {processor.py:208} INFO - Processing /home/user/.local/lib/python3.10/site-packages/airflow/example_dags/example_branch_datetime_operator.py took 0.095 seconds
[2024-08-27T09:23:12.643+0700] {processor.py:186} INFO - Started process (PID=6995) to work on /home/user/.local/lib/python3.10/site-packages/airflow/example_dags/example_branch_datetime_operator.py
[2024-08-27T09:23:12.644+0700] {processor.py:914} INFO - Processing file /home/user/.local/lib/python3.10/site-packages/airflow/example_dags/example_branch_datetime_operator.py for tasks to queue
[2024-08-27T09:23:12.646+0700] {logging_mixin.py:190} INFO - [2024-08-27T09:23:12.646+0700] {dagbag.py:587} INFO - Filling up the DagBag from /home/user/.local/lib/python3.10/site-packages/airflow/example_dags/example_branch_datetime_operator.py
[2024-08-27T09:23:12.657+0700] {processor.py:925} INFO - DAG(s) 'example_branch_datetime_operator', 'example_branch_datetime_operator_3', 'example_branch_datetime_operator_2' retrieved from /home/user/.local/lib/python3.10/site-packages/airflow/example_dags/example_branch_datetime_operator.py
[2024-08-27T09:23:12.677+0700] {logging_mixin.py:190} INFO - [2024-08-27T09:23:12.676+0700] {dag.py:3211} INFO - Sync 3 DAGs
[2024-08-27T09:23:12.693+0700] {logging_mixin.py:190} INFO - [2024-08-27T09:23:12.693+0700] {dag.py:4138} INFO - Setting next_dagrun for example_branch_datetime_operator to 2024-08-26 00:00:00+00:00, run_after=2024-08-27 00:00:00+00:00
[2024-08-27T09:23:12.697+0700] {logging_mixin.py:190} INFO - [2024-08-27T09:23:12.697+0700] {dag.py:4138} INFO - Setting next_dagrun for example_branch_datetime_operator_2 to 2024-08-26 00:00:00+00:00, run_after=2024-08-27 00:00:00+00:00
[2024-08-27T09:23:12.699+0700] {logging_mixin.py:190} INFO - [2024-08-27T09:23:12.699+0700] {dag.py:4138} INFO - Setting next_dagrun for example_branch_datetime_operator_3 to 2024-08-26 00:00:00+00:00, run_after=2024-08-27 00:00:00+00:00
[2024-08-27T09:23:12.724+0700] {processor.py:208} INFO - Processing /home/user/.local/lib/python3.10/site-packages/airflow/example_dags/example_branch_datetime_operator.py took 0.087 seconds
[2024-08-27T09:24:12.436+0700] {processor.py:186} INFO - Started process (PID=7475) to work on /home/user/.local/lib/python3.10/site-packages/airflow/example_dags/example_branch_datetime_operator.py
[2024-08-27T09:24:12.439+0700] {processor.py:914} INFO - Processing file /home/user/.local/lib/python3.10/site-packages/airflow/example_dags/example_branch_datetime_operator.py for tasks to queue
[2024-08-27T09:24:12.441+0700] {logging_mixin.py:190} INFO - [2024-08-27T09:24:12.440+0700] {dagbag.py:587} INFO - Filling up the DagBag from /home/user/.local/lib/python3.10/site-packages/airflow/example_dags/example_branch_datetime_operator.py
[2024-08-27T09:24:12.452+0700] {processor.py:925} INFO - DAG(s) 'example_branch_datetime_operator', 'example_branch_datetime_operator_2', 'example_branch_datetime_operator_3' retrieved from /home/user/.local/lib/python3.10/site-packages/airflow/example_dags/example_branch_datetime_operator.py
[2024-08-27T09:24:12.470+0700] {logging_mixin.py:190} INFO - [2024-08-27T09:24:12.470+0700] {dag.py:3211} INFO - Sync 3 DAGs
[2024-08-27T09:24:12.492+0700] {logging_mixin.py:190} INFO - [2024-08-27T09:24:12.491+0700] {dag.py:4138} INFO - Setting next_dagrun for example_branch_datetime_operator to 2024-08-26 00:00:00+00:00, run_after=2024-08-27 00:00:00+00:00
[2024-08-27T09:24:12.496+0700] {logging_mixin.py:190} INFO - [2024-08-27T09:24:12.496+0700] {dag.py:4138} INFO - Setting next_dagrun for example_branch_datetime_operator_2 to 2024-08-26 00:00:00+00:00, run_after=2024-08-27 00:00:00+00:00
[2024-08-27T09:24:12.498+0700] {logging_mixin.py:190} INFO - [2024-08-27T09:24:12.498+0700] {dag.py:4138} INFO - Setting next_dagrun for example_branch_datetime_operator_3 to 2024-08-26 00:00:00+00:00, run_after=2024-08-27 00:00:00+00:00
[2024-08-27T09:24:12.528+0700] {processor.py:208} INFO - Processing /home/user/.local/lib/python3.10/site-packages/airflow/example_dags/example_branch_datetime_operator.py took 0.096 seconds
[2024-08-27T09:25:15.766+0700] {processor.py:186} INFO - Started process (PID=7973) to work on /home/user/.local/lib/python3.10/site-packages/airflow/example_dags/example_branch_datetime_operator.py
[2024-08-27T09:25:15.767+0700] {processor.py:914} INFO - Processing file /home/user/.local/lib/python3.10/site-packages/airflow/example_dags/example_branch_datetime_operator.py for tasks to queue
[2024-08-27T09:25:15.780+0700] {logging_mixin.py:190} INFO - [2024-08-27T09:25:15.780+0700] {dagbag.py:587} INFO - Filling up the DagBag from /home/user/.local/lib/python3.10/site-packages/airflow/example_dags/example_branch_datetime_operator.py
[2024-08-27T09:25:15.806+0700] {processor.py:925} INFO - DAG(s) 'example_branch_datetime_operator_3', 'example_branch_datetime_operator_2', 'example_branch_datetime_operator' retrieved from /home/user/.local/lib/python3.10/site-packages/airflow/example_dags/example_branch_datetime_operator.py
[2024-08-27T09:25:15.886+0700] {logging_mixin.py:190} INFO - [2024-08-27T09:25:15.885+0700] {dag.py:3211} INFO - Sync 3 DAGs
[2024-08-27T09:25:15.928+0700] {logging_mixin.py:190} INFO - [2024-08-27T09:25:15.927+0700] {dag.py:4138} INFO - Setting next_dagrun for example_branch_datetime_operator to 2024-08-26 00:00:00+00:00, run_after=2024-08-27 00:00:00+00:00
[2024-08-27T09:25:15.934+0700] {logging_mixin.py:190} INFO - [2024-08-27T09:25:15.934+0700] {dag.py:4138} INFO - Setting next_dagrun for example_branch_datetime_operator_2 to 2024-08-26 00:00:00+00:00, run_after=2024-08-27 00:00:00+00:00
[2024-08-27T09:25:15.935+0700] {logging_mixin.py:190} INFO - [2024-08-27T09:25:15.935+0700] {dag.py:4138} INFO - Setting next_dagrun for example_branch_datetime_operator_3 to 2024-08-26 00:00:00+00:00, run_after=2024-08-27 00:00:00+00:00
[2024-08-27T09:25:15.961+0700] {processor.py:208} INFO - Processing /home/user/.local/lib/python3.10/site-packages/airflow/example_dags/example_branch_datetime_operator.py took 0.244 seconds
[2024-08-27T09:26:24.118+0700] {processor.py:186} INFO - Started process (PID=8504) to work on /home/user/.local/lib/python3.10/site-packages/airflow/example_dags/example_branch_datetime_operator.py
[2024-08-27T09:26:24.120+0700] {processor.py:914} INFO - Processing file /home/user/.local/lib/python3.10/site-packages/airflow/example_dags/example_branch_datetime_operator.py for tasks to queue
[2024-08-27T09:26:24.122+0700] {logging_mixin.py:190} INFO - [2024-08-27T09:26:24.122+0700] {dagbag.py:587} INFO - Filling up the DagBag from /home/user/.local/lib/python3.10/site-packages/airflow/example_dags/example_branch_datetime_operator.py
[2024-08-27T09:26:24.135+0700] {processor.py:925} INFO - DAG(s) 'example_branch_datetime_operator_3', 'example_branch_datetime_operator_2', 'example_branch_datetime_operator' retrieved from /home/user/.local/lib/python3.10/site-packages/airflow/example_dags/example_branch_datetime_operator.py
[2024-08-27T09:26:24.153+0700] {logging_mixin.py:190} INFO - [2024-08-27T09:26:24.153+0700] {dag.py:3211} INFO - Sync 3 DAGs
[2024-08-27T09:26:24.169+0700] {logging_mixin.py:190} INFO - [2024-08-27T09:26:24.169+0700] {dag.py:4138} INFO - Setting next_dagrun for example_branch_datetime_operator to 2024-08-26 00:00:00+00:00, run_after=2024-08-27 00:00:00+00:00
[2024-08-27T09:26:24.172+0700] {logging_mixin.py:190} INFO - [2024-08-27T09:26:24.172+0700] {dag.py:4138} INFO - Setting next_dagrun for example_branch_datetime_operator_2 to 2024-08-26 00:00:00+00:00, run_after=2024-08-27 00:00:00+00:00
[2024-08-27T09:26:24.175+0700] {logging_mixin.py:190} INFO - [2024-08-27T09:26:24.174+0700] {dag.py:4138} INFO - Setting next_dagrun for example_branch_datetime_operator_3 to 2024-08-26 00:00:00+00:00, run_after=2024-08-27 00:00:00+00:00
[2024-08-27T09:26:24.194+0700] {processor.py:208} INFO - Processing /home/user/.local/lib/python3.10/site-packages/airflow/example_dags/example_branch_datetime_operator.py took 0.080 seconds
[2024-08-27T09:27:26.658+0700] {processor.py:186} INFO - Started process (PID=9014) to work on /home/user/.local/lib/python3.10/site-packages/airflow/example_dags/example_branch_datetime_operator.py
[2024-08-27T09:27:26.659+0700] {processor.py:914} INFO - Processing file /home/user/.local/lib/python3.10/site-packages/airflow/example_dags/example_branch_datetime_operator.py for tasks to queue
[2024-08-27T09:27:26.661+0700] {logging_mixin.py:190} INFO - [2024-08-27T09:27:26.661+0700] {dagbag.py:587} INFO - Filling up the DagBag from /home/user/.local/lib/python3.10/site-packages/airflow/example_dags/example_branch_datetime_operator.py
[2024-08-27T09:27:26.670+0700] {processor.py:925} INFO - DAG(s) 'example_branch_datetime_operator_3', 'example_branch_datetime_operator_2', 'example_branch_datetime_operator' retrieved from /home/user/.local/lib/python3.10/site-packages/airflow/example_dags/example_branch_datetime_operator.py
[2024-08-27T09:27:26.687+0700] {logging_mixin.py:190} INFO - [2024-08-27T09:27:26.687+0700] {dag.py:3211} INFO - Sync 3 DAGs
[2024-08-27T09:27:26.701+0700] {logging_mixin.py:190} INFO - [2024-08-27T09:27:26.701+0700] {dag.py:4138} INFO - Setting next_dagrun for example_branch_datetime_operator to 2024-08-26 00:00:00+00:00, run_after=2024-08-27 00:00:00+00:00
[2024-08-27T09:27:26.704+0700] {logging_mixin.py:190} INFO - [2024-08-27T09:27:26.703+0700] {dag.py:4138} INFO - Setting next_dagrun for example_branch_datetime_operator_2 to 2024-08-26 00:00:00+00:00, run_after=2024-08-27 00:00:00+00:00
[2024-08-27T09:27:26.705+0700] {logging_mixin.py:190} INFO - [2024-08-27T09:27:26.705+0700] {dag.py:4138} INFO - Setting next_dagrun for example_branch_datetime_operator_3 to 2024-08-26 00:00:00+00:00, run_after=2024-08-27 00:00:00+00:00
[2024-08-27T09:27:26.722+0700] {processor.py:208} INFO - Processing /home/user/.local/lib/python3.10/site-packages/airflow/example_dags/example_branch_datetime_operator.py took 0.069 seconds
[2024-08-27T09:28:32.954+0700] {processor.py:186} INFO - Started process (PID=9551) to work on /home/user/.local/lib/python3.10/site-packages/airflow/example_dags/example_branch_datetime_operator.py
[2024-08-27T09:28:32.955+0700] {processor.py:914} INFO - Processing file /home/user/.local/lib/python3.10/site-packages/airflow/example_dags/example_branch_datetime_operator.py for tasks to queue
[2024-08-27T09:28:32.958+0700] {logging_mixin.py:190} INFO - [2024-08-27T09:28:32.957+0700] {dagbag.py:587} INFO - Filling up the DagBag from /home/user/.local/lib/python3.10/site-packages/airflow/example_dags/example_branch_datetime_operator.py
[2024-08-27T09:28:32.969+0700] {processor.py:925} INFO - DAG(s) 'example_branch_datetime_operator_2', 'example_branch_datetime_operator_3', 'example_branch_datetime_operator' retrieved from /home/user/.local/lib/python3.10/site-packages/airflow/example_dags/example_branch_datetime_operator.py
[2024-08-27T09:28:32.993+0700] {logging_mixin.py:190} INFO - [2024-08-27T09:28:32.992+0700] {dag.py:3211} INFO - Sync 3 DAGs
[2024-08-27T09:28:33.013+0700] {logging_mixin.py:190} INFO - [2024-08-27T09:28:33.013+0700] {dag.py:4138} INFO - Setting next_dagrun for example_branch_datetime_operator to 2024-08-26 00:00:00+00:00, run_after=2024-08-27 00:00:00+00:00
[2024-08-27T09:28:33.018+0700] {logging_mixin.py:190} INFO - [2024-08-27T09:28:33.017+0700] {dag.py:4138} INFO - Setting next_dagrun for example_branch_datetime_operator_2 to 2024-08-26 00:00:00+00:00, run_after=2024-08-27 00:00:00+00:00
[2024-08-27T09:28:33.019+0700] {logging_mixin.py:190} INFO - [2024-08-27T09:28:33.019+0700] {dag.py:4138} INFO - Setting next_dagrun for example_branch_datetime_operator_3 to 2024-08-26 00:00:00+00:00, run_after=2024-08-27 00:00:00+00:00
[2024-08-27T09:28:33.047+0700] {processor.py:208} INFO - Processing /home/user/.local/lib/python3.10/site-packages/airflow/example_dags/example_branch_datetime_operator.py took 0.099 seconds
[2024-08-27T09:29:34.786+0700] {processor.py:186} INFO - Started process (PID=10048) to work on /home/user/.local/lib/python3.10/site-packages/airflow/example_dags/example_branch_datetime_operator.py
[2024-08-27T09:29:34.788+0700] {processor.py:914} INFO - Processing file /home/user/.local/lib/python3.10/site-packages/airflow/example_dags/example_branch_datetime_operator.py for tasks to queue
[2024-08-27T09:29:34.791+0700] {logging_mixin.py:190} INFO - [2024-08-27T09:29:34.791+0700] {dagbag.py:587} INFO - Filling up the DagBag from /home/user/.local/lib/python3.10/site-packages/airflow/example_dags/example_branch_datetime_operator.py
[2024-08-27T09:29:34.804+0700] {processor.py:925} INFO - DAG(s) 'example_branch_datetime_operator_3', 'example_branch_datetime_operator', 'example_branch_datetime_operator_2' retrieved from /home/user/.local/lib/python3.10/site-packages/airflow/example_dags/example_branch_datetime_operator.py
[2024-08-27T09:29:34.830+0700] {logging_mixin.py:190} INFO - [2024-08-27T09:29:34.829+0700] {dag.py:3211} INFO - Sync 3 DAGs
[2024-08-27T09:29:34.853+0700] {logging_mixin.py:190} INFO - [2024-08-27T09:29:34.853+0700] {dag.py:4138} INFO - Setting next_dagrun for example_branch_datetime_operator to 2024-08-26 00:00:00+00:00, run_after=2024-08-27 00:00:00+00:00
[2024-08-27T09:29:34.857+0700] {logging_mixin.py:190} INFO - [2024-08-27T09:29:34.856+0700] {dag.py:4138} INFO - Setting next_dagrun for example_branch_datetime_operator_2 to 2024-08-26 00:00:00+00:00, run_after=2024-08-27 00:00:00+00:00
[2024-08-27T09:29:34.858+0700] {logging_mixin.py:190} INFO - [2024-08-27T09:29:34.858+0700] {dag.py:4138} INFO - Setting next_dagrun for example_branch_datetime_operator_3 to 2024-08-26 00:00:00+00:00, run_after=2024-08-27 00:00:00+00:00
[2024-08-27T09:29:34.880+0700] {processor.py:208} INFO - Processing /home/user/.local/lib/python3.10/site-packages/airflow/example_dags/example_branch_datetime_operator.py took 0.100 seconds
[2024-08-27T09:30:15.666+0700] {processor.py:186} INFO - Started process (PID=10377) to work on /home/user/.local/lib/python3.10/site-packages/airflow/example_dags/example_branch_datetime_operator.py
[2024-08-27T09:30:15.672+0700] {processor.py:914} INFO - Processing file /home/user/.local/lib/python3.10/site-packages/airflow/example_dags/example_branch_datetime_operator.py for tasks to queue
[2024-08-27T09:30:15.674+0700] {logging_mixin.py:190} INFO - [2024-08-27T09:30:15.674+0700] {dagbag.py:587} INFO - Filling up the DagBag from /home/user/.local/lib/python3.10/site-packages/airflow/example_dags/example_branch_datetime_operator.py
[2024-08-27T09:30:15.685+0700] {processor.py:925} INFO - DAG(s) 'example_branch_datetime_operator_2', 'example_branch_datetime_operator_3', 'example_branch_datetime_operator' retrieved from /home/user/.local/lib/python3.10/site-packages/airflow/example_dags/example_branch_datetime_operator.py
[2024-08-27T09:30:15.704+0700] {logging_mixin.py:190} INFO - [2024-08-27T09:30:15.704+0700] {dag.py:3211} INFO - Sync 3 DAGs
[2024-08-27T09:30:15.719+0700] {logging_mixin.py:190} INFO - [2024-08-27T09:30:15.719+0700] {dag.py:4138} INFO - Setting next_dagrun for example_branch_datetime_operator to 2024-08-26 00:00:00+00:00, run_after=2024-08-27 00:00:00+00:00
[2024-08-27T09:30:15.722+0700] {logging_mixin.py:190} INFO - [2024-08-27T09:30:15.722+0700] {dag.py:4138} INFO - Setting next_dagrun for example_branch_datetime_operator_2 to 2024-08-26 00:00:00+00:00, run_after=2024-08-27 00:00:00+00:00
[2024-08-27T09:30:15.724+0700] {logging_mixin.py:190} INFO - [2024-08-27T09:30:15.724+0700] {dag.py:4138} INFO - Setting next_dagrun for example_branch_datetime_operator_3 to 2024-08-26 00:00:00+00:00, run_after=2024-08-27 00:00:00+00:00
[2024-08-27T09:30:15.750+0700] {processor.py:208} INFO - Processing /home/user/.local/lib/python3.10/site-packages/airflow/example_dags/example_branch_datetime_operator.py took 0.091 seconds
[2024-08-27T09:31:20.404+0700] {processor.py:186} INFO - Started process (PID=10904) to work on /home/user/.local/lib/python3.10/site-packages/airflow/example_dags/example_branch_datetime_operator.py
[2024-08-27T09:31:20.406+0700] {processor.py:914} INFO - Processing file /home/user/.local/lib/python3.10/site-packages/airflow/example_dags/example_branch_datetime_operator.py for tasks to queue
[2024-08-27T09:31:20.408+0700] {logging_mixin.py:190} INFO - [2024-08-27T09:31:20.408+0700] {dagbag.py:587} INFO - Filling up the DagBag from /home/user/.local/lib/python3.10/site-packages/airflow/example_dags/example_branch_datetime_operator.py
[2024-08-27T09:31:20.421+0700] {processor.py:925} INFO - DAG(s) 'example_branch_datetime_operator', 'example_branch_datetime_operator_3', 'example_branch_datetime_operator_2' retrieved from /home/user/.local/lib/python3.10/site-packages/airflow/example_dags/example_branch_datetime_operator.py
[2024-08-27T09:31:20.441+0700] {logging_mixin.py:190} INFO - [2024-08-27T09:31:20.441+0700] {dag.py:3211} INFO - Sync 3 DAGs
[2024-08-27T09:31:20.457+0700] {logging_mixin.py:190} INFO - [2024-08-27T09:31:20.457+0700] {dag.py:4138} INFO - Setting next_dagrun for example_branch_datetime_operator to 2024-08-26 00:00:00+00:00, run_after=2024-08-27 00:00:00+00:00
[2024-08-27T09:31:20.461+0700] {logging_mixin.py:190} INFO - [2024-08-27T09:31:20.461+0700] {dag.py:4138} INFO - Setting next_dagrun for example_branch_datetime_operator_2 to 2024-08-26 00:00:00+00:00, run_after=2024-08-27 00:00:00+00:00
[2024-08-27T09:31:20.462+0700] {logging_mixin.py:190} INFO - [2024-08-27T09:31:20.462+0700] {dag.py:4138} INFO - Setting next_dagrun for example_branch_datetime_operator_3 to 2024-08-26 00:00:00+00:00, run_after=2024-08-27 00:00:00+00:00
[2024-08-27T09:31:20.480+0700] {processor.py:208} INFO - Processing /home/user/.local/lib/python3.10/site-packages/airflow/example_dags/example_branch_datetime_operator.py took 0.080 seconds
[2024-08-27T09:32:50.690+0700] {processor.py:186} INFO - Started process (PID=11698) to work on /home/user/.local/lib/python3.10/site-packages/airflow/example_dags/example_branch_datetime_operator.py
[2024-08-27T09:32:50.691+0700] {processor.py:914} INFO - Processing file /home/user/.local/lib/python3.10/site-packages/airflow/example_dags/example_branch_datetime_operator.py for tasks to queue
[2024-08-27T09:32:50.693+0700] {logging_mixin.py:190} INFO - [2024-08-27T09:32:50.693+0700] {dagbag.py:587} INFO - Filling up the DagBag from /home/user/.local/lib/python3.10/site-packages/airflow/example_dags/example_branch_datetime_operator.py
[2024-08-27T09:32:50.704+0700] {processor.py:925} INFO - DAG(s) 'example_branch_datetime_operator_2', 'example_branch_datetime_operator', 'example_branch_datetime_operator_3' retrieved from /home/user/.local/lib/python3.10/site-packages/airflow/example_dags/example_branch_datetime_operator.py
[2024-08-27T09:32:50.728+0700] {logging_mixin.py:190} INFO - [2024-08-27T09:32:50.728+0700] {dag.py:3211} INFO - Sync 3 DAGs
[2024-08-27T09:32:50.746+0700] {logging_mixin.py:190} INFO - [2024-08-27T09:32:50.745+0700] {dag.py:4138} INFO - Setting next_dagrun for example_branch_datetime_operator to 2024-08-26 00:00:00+00:00, run_after=2024-08-27 00:00:00+00:00
[2024-08-27T09:32:50.749+0700] {logging_mixin.py:190} INFO - [2024-08-27T09:32:50.749+0700] {dag.py:4138} INFO - Setting next_dagrun for example_branch_datetime_operator_2 to 2024-08-26 00:00:00+00:00, run_after=2024-08-27 00:00:00+00:00
[2024-08-27T09:32:50.752+0700] {logging_mixin.py:190} INFO - [2024-08-27T09:32:50.751+0700] {dag.py:4138} INFO - Setting next_dagrun for example_branch_datetime_operator_3 to 2024-08-26 00:00:00+00:00, run_after=2024-08-27 00:00:00+00:00
[2024-08-27T09:32:50.773+0700] {processor.py:208} INFO - Processing /home/user/.local/lib/python3.10/site-packages/airflow/example_dags/example_branch_datetime_operator.py took 0.089 seconds
[2024-08-27T09:33:52.842+0700] {processor.py:186} INFO - Started process (PID=12208) to work on /home/user/.local/lib/python3.10/site-packages/airflow/example_dags/example_branch_datetime_operator.py
[2024-08-27T09:33:52.843+0700] {processor.py:914} INFO - Processing file /home/user/.local/lib/python3.10/site-packages/airflow/example_dags/example_branch_datetime_operator.py for tasks to queue
[2024-08-27T09:33:52.845+0700] {logging_mixin.py:190} INFO - [2024-08-27T09:33:52.845+0700] {dagbag.py:587} INFO - Filling up the DagBag from /home/user/.local/lib/python3.10/site-packages/airflow/example_dags/example_branch_datetime_operator.py
[2024-08-27T09:33:52.856+0700] {processor.py:925} INFO - DAG(s) 'example_branch_datetime_operator', 'example_branch_datetime_operator_2', 'example_branch_datetime_operator_3' retrieved from /home/user/.local/lib/python3.10/site-packages/airflow/example_dags/example_branch_datetime_operator.py
[2024-08-27T09:33:52.906+0700] {logging_mixin.py:190} INFO - [2024-08-27T09:33:52.906+0700] {dag.py:3211} INFO - Sync 3 DAGs
[2024-08-27T09:33:52.954+0700] {logging_mixin.py:190} INFO - [2024-08-27T09:33:52.954+0700] {dag.py:4138} INFO - Setting next_dagrun for example_branch_datetime_operator to 2024-08-26 00:00:00+00:00, run_after=2024-08-27 00:00:00+00:00
[2024-08-27T09:33:52.961+0700] {logging_mixin.py:190} INFO - [2024-08-27T09:33:52.961+0700] {dag.py:4138} INFO - Setting next_dagrun for example_branch_datetime_operator_2 to 2024-08-26 00:00:00+00:00, run_after=2024-08-27 00:00:00+00:00
[2024-08-27T09:33:52.963+0700] {logging_mixin.py:190} INFO - [2024-08-27T09:33:52.963+0700] {dag.py:4138} INFO - Setting next_dagrun for example_branch_datetime_operator_3 to 2024-08-26 00:00:00+00:00, run_after=2024-08-27 00:00:00+00:00
[2024-08-27T09:33:52.981+0700] {processor.py:208} INFO - Processing /home/user/.local/lib/python3.10/site-packages/airflow/example_dags/example_branch_datetime_operator.py took 0.145 seconds
[2024-08-27T09:34:50.565+0700] {processor.py:186} INFO - Started process (PID=12682) to work on /home/user/.local/lib/python3.10/site-packages/airflow/example_dags/example_branch_datetime_operator.py
[2024-08-27T09:34:50.567+0700] {processor.py:914} INFO - Processing file /home/user/.local/lib/python3.10/site-packages/airflow/example_dags/example_branch_datetime_operator.py for tasks to queue
[2024-08-27T09:34:50.571+0700] {logging_mixin.py:190} INFO - [2024-08-27T09:34:50.570+0700] {dagbag.py:587} INFO - Filling up the DagBag from /home/user/.local/lib/python3.10/site-packages/airflow/example_dags/example_branch_datetime_operator.py
[2024-08-27T09:34:50.586+0700] {processor.py:925} INFO - DAG(s) 'example_branch_datetime_operator_2', 'example_branch_datetime_operator', 'example_branch_datetime_operator_3' retrieved from /home/user/.local/lib/python3.10/site-packages/airflow/example_dags/example_branch_datetime_operator.py
[2024-08-27T09:34:50.619+0700] {logging_mixin.py:190} INFO - [2024-08-27T09:34:50.619+0700] {dag.py:3211} INFO - Sync 3 DAGs
[2024-08-27T09:34:50.638+0700] {logging_mixin.py:190} INFO - [2024-08-27T09:34:50.638+0700] {dag.py:4138} INFO - Setting next_dagrun for example_branch_datetime_operator to 2024-08-26 00:00:00+00:00, run_after=2024-08-27 00:00:00+00:00
[2024-08-27T09:34:50.641+0700] {logging_mixin.py:190} INFO - [2024-08-27T09:34:50.641+0700] {dag.py:4138} INFO - Setting next_dagrun for example_branch_datetime_operator_2 to 2024-08-26 00:00:00+00:00, run_after=2024-08-27 00:00:00+00:00
[2024-08-27T09:34:50.643+0700] {logging_mixin.py:190} INFO - [2024-08-27T09:34:50.642+0700] {dag.py:4138} INFO - Setting next_dagrun for example_branch_datetime_operator_3 to 2024-08-26 00:00:00+00:00, run_after=2024-08-27 00:00:00+00:00
[2024-08-27T09:34:50.663+0700] {processor.py:208} INFO - Processing /home/user/.local/lib/python3.10/site-packages/airflow/example_dags/example_branch_datetime_operator.py took 0.107 seconds
[2024-08-27T09:35:57.778+0700] {processor.py:186} INFO - Started process (PID=13240) to work on /home/user/.local/lib/python3.10/site-packages/airflow/example_dags/example_branch_datetime_operator.py
[2024-08-27T09:35:57.782+0700] {processor.py:914} INFO - Processing file /home/user/.local/lib/python3.10/site-packages/airflow/example_dags/example_branch_datetime_operator.py for tasks to queue
[2024-08-27T09:35:57.785+0700] {logging_mixin.py:190} INFO - [2024-08-27T09:35:57.784+0700] {dagbag.py:587} INFO - Filling up the DagBag from /home/user/.local/lib/python3.10/site-packages/airflow/example_dags/example_branch_datetime_operator.py
[2024-08-27T09:35:57.800+0700] {processor.py:925} INFO - DAG(s) 'example_branch_datetime_operator', 'example_branch_datetime_operator_3', 'example_branch_datetime_operator_2' retrieved from /home/user/.local/lib/python3.10/site-packages/airflow/example_dags/example_branch_datetime_operator.py
[2024-08-27T09:35:57.842+0700] {logging_mixin.py:190} INFO - [2024-08-27T09:35:57.842+0700] {dag.py:3211} INFO - Sync 3 DAGs
[2024-08-27T09:35:57.877+0700] {logging_mixin.py:190} INFO - [2024-08-27T09:35:57.877+0700] {dag.py:4138} INFO - Setting next_dagrun for example_branch_datetime_operator to 2024-08-26 00:00:00+00:00, run_after=2024-08-27 00:00:00+00:00
[2024-08-27T09:35:57.882+0700] {logging_mixin.py:190} INFO - [2024-08-27T09:35:57.882+0700] {dag.py:4138} INFO - Setting next_dagrun for example_branch_datetime_operator_2 to 2024-08-26 00:00:00+00:00, run_after=2024-08-27 00:00:00+00:00
[2024-08-27T09:35:57.884+0700] {logging_mixin.py:190} INFO - [2024-08-27T09:35:57.884+0700] {dag.py:4138} INFO - Setting next_dagrun for example_branch_datetime_operator_3 to 2024-08-26 00:00:00+00:00, run_after=2024-08-27 00:00:00+00:00
[2024-08-27T09:35:57.905+0700] {processor.py:208} INFO - Processing /home/user/.local/lib/python3.10/site-packages/airflow/example_dags/example_branch_datetime_operator.py took 0.136 seconds
[2024-08-27T09:36:58.007+0700] {processor.py:186} INFO - Started process (PID=13766) to work on /home/user/.local/lib/python3.10/site-packages/airflow/example_dags/example_branch_datetime_operator.py
[2024-08-27T09:36:58.014+0700] {processor.py:914} INFO - Processing file /home/user/.local/lib/python3.10/site-packages/airflow/example_dags/example_branch_datetime_operator.py for tasks to queue
[2024-08-27T09:36:58.015+0700] {logging_mixin.py:190} INFO - [2024-08-27T09:36:58.015+0700] {dagbag.py:587} INFO - Filling up the DagBag from /home/user/.local/lib/python3.10/site-packages/airflow/example_dags/example_branch_datetime_operator.py
[2024-08-27T09:36:58.025+0700] {processor.py:925} INFO - DAG(s) 'example_branch_datetime_operator_2', 'example_branch_datetime_operator_3', 'example_branch_datetime_operator' retrieved from /home/user/.local/lib/python3.10/site-packages/airflow/example_dags/example_branch_datetime_operator.py
[2024-08-27T09:36:58.045+0700] {logging_mixin.py:190} INFO - [2024-08-27T09:36:58.045+0700] {dag.py:3211} INFO - Sync 3 DAGs
[2024-08-27T09:36:58.066+0700] {logging_mixin.py:190} INFO - [2024-08-27T09:36:58.066+0700] {dag.py:4138} INFO - Setting next_dagrun for example_branch_datetime_operator to 2024-08-26 00:00:00+00:00, run_after=2024-08-27 00:00:00+00:00
[2024-08-27T09:36:58.071+0700] {logging_mixin.py:190} INFO - [2024-08-27T09:36:58.071+0700] {dag.py:4138} INFO - Setting next_dagrun for example_branch_datetime_operator_2 to 2024-08-26 00:00:00+00:00, run_after=2024-08-27 00:00:00+00:00
[2024-08-27T09:36:58.073+0700] {logging_mixin.py:190} INFO - [2024-08-27T09:36:58.073+0700] {dag.py:4138} INFO - Setting next_dagrun for example_branch_datetime_operator_3 to 2024-08-26 00:00:00+00:00, run_after=2024-08-27 00:00:00+00:00
[2024-08-27T09:36:58.097+0700] {processor.py:208} INFO - Processing /home/user/.local/lib/python3.10/site-packages/airflow/example_dags/example_branch_datetime_operator.py took 0.095 seconds
[2024-08-27T09:37:59.826+0700] {processor.py:186} INFO - Started process (PID=14262) to work on /home/user/.local/lib/python3.10/site-packages/airflow/example_dags/example_branch_datetime_operator.py
[2024-08-27T09:37:59.828+0700] {processor.py:914} INFO - Processing file /home/user/.local/lib/python3.10/site-packages/airflow/example_dags/example_branch_datetime_operator.py for tasks to queue
[2024-08-27T09:37:59.830+0700] {logging_mixin.py:190} INFO - [2024-08-27T09:37:59.830+0700] {dagbag.py:587} INFO - Filling up the DagBag from /home/user/.local/lib/python3.10/site-packages/airflow/example_dags/example_branch_datetime_operator.py
[2024-08-27T09:37:59.839+0700] {processor.py:925} INFO - DAG(s) 'example_branch_datetime_operator_3', 'example_branch_datetime_operator_2', 'example_branch_datetime_operator' retrieved from /home/user/.local/lib/python3.10/site-packages/airflow/example_dags/example_branch_datetime_operator.py
[2024-08-27T09:37:59.856+0700] {logging_mixin.py:190} INFO - [2024-08-27T09:37:59.855+0700] {dag.py:3211} INFO - Sync 3 DAGs
[2024-08-27T09:37:59.870+0700] {logging_mixin.py:190} INFO - [2024-08-27T09:37:59.870+0700] {dag.py:4138} INFO - Setting next_dagrun for example_branch_datetime_operator to 2024-08-26 00:00:00+00:00, run_after=2024-08-27 00:00:00+00:00
[2024-08-27T09:37:59.874+0700] {logging_mixin.py:190} INFO - [2024-08-27T09:37:59.873+0700] {dag.py:4138} INFO - Setting next_dagrun for example_branch_datetime_operator_2 to 2024-08-26 00:00:00+00:00, run_after=2024-08-27 00:00:00+00:00
[2024-08-27T09:37:59.876+0700] {logging_mixin.py:190} INFO - [2024-08-27T09:37:59.876+0700] {dag.py:4138} INFO - Setting next_dagrun for example_branch_datetime_operator_3 to 2024-08-26 00:00:00+00:00, run_after=2024-08-27 00:00:00+00:00
[2024-08-27T09:37:59.892+0700] {processor.py:208} INFO - Processing /home/user/.local/lib/python3.10/site-packages/airflow/example_dags/example_branch_datetime_operator.py took 0.070 seconds
[2024-08-27T09:39:36.927+0700] {processor.py:186} INFO - Started process (PID=15083) to work on /home/user/.local/lib/python3.10/site-packages/airflow/example_dags/example_branch_datetime_operator.py
[2024-08-27T09:39:36.928+0700] {processor.py:914} INFO - Processing file /home/user/.local/lib/python3.10/site-packages/airflow/example_dags/example_branch_datetime_operator.py for tasks to queue
[2024-08-27T09:39:36.930+0700] {logging_mixin.py:190} INFO - [2024-08-27T09:39:36.930+0700] {dagbag.py:587} INFO - Filling up the DagBag from /home/user/.local/lib/python3.10/site-packages/airflow/example_dags/example_branch_datetime_operator.py
[2024-08-27T09:39:36.942+0700] {processor.py:925} INFO - DAG(s) 'example_branch_datetime_operator_3', 'example_branch_datetime_operator_2', 'example_branch_datetime_operator' retrieved from /home/user/.local/lib/python3.10/site-packages/airflow/example_dags/example_branch_datetime_operator.py
[2024-08-27T09:39:36.962+0700] {logging_mixin.py:190} INFO - [2024-08-27T09:39:36.961+0700] {dag.py:3211} INFO - Sync 3 DAGs
[2024-08-27T09:39:36.977+0700] {logging_mixin.py:190} INFO - [2024-08-27T09:39:36.977+0700] {dag.py:4138} INFO - Setting next_dagrun for example_branch_datetime_operator to 2024-08-26 00:00:00+00:00, run_after=2024-08-27 00:00:00+00:00
[2024-08-27T09:39:36.980+0700] {logging_mixin.py:190} INFO - [2024-08-27T09:39:36.980+0700] {dag.py:4138} INFO - Setting next_dagrun for example_branch_datetime_operator_2 to 2024-08-26 00:00:00+00:00, run_after=2024-08-27 00:00:00+00:00
[2024-08-27T09:39:36.981+0700] {logging_mixin.py:190} INFO - [2024-08-27T09:39:36.981+0700] {dag.py:4138} INFO - Setting next_dagrun for example_branch_datetime_operator_3 to 2024-08-26 00:00:00+00:00, run_after=2024-08-27 00:00:00+00:00
[2024-08-27T09:39:36.999+0700] {processor.py:208} INFO - Processing /home/user/.local/lib/python3.10/site-packages/airflow/example_dags/example_branch_datetime_operator.py took 0.077 seconds
[2024-08-27T09:40:37.163+0700] {processor.py:186} INFO - Started process (PID=15554) to work on /home/user/.local/lib/python3.10/site-packages/airflow/example_dags/example_branch_datetime_operator.py
[2024-08-27T09:40:37.169+0700] {processor.py:914} INFO - Processing file /home/user/.local/lib/python3.10/site-packages/airflow/example_dags/example_branch_datetime_operator.py for tasks to queue
[2024-08-27T09:40:37.171+0700] {logging_mixin.py:190} INFO - [2024-08-27T09:40:37.171+0700] {dagbag.py:587} INFO - Filling up the DagBag from /home/user/.local/lib/python3.10/site-packages/airflow/example_dags/example_branch_datetime_operator.py
[2024-08-27T09:40:37.182+0700] {processor.py:925} INFO - DAG(s) 'example_branch_datetime_operator_2', 'example_branch_datetime_operator_3', 'example_branch_datetime_operator' retrieved from /home/user/.local/lib/python3.10/site-packages/airflow/example_dags/example_branch_datetime_operator.py
[2024-08-27T09:40:37.205+0700] {logging_mixin.py:190} INFO - [2024-08-27T09:40:37.205+0700] {dag.py:3211} INFO - Sync 3 DAGs
[2024-08-27T09:40:37.222+0700] {logging_mixin.py:190} INFO - [2024-08-27T09:40:37.222+0700] {dag.py:4138} INFO - Setting next_dagrun for example_branch_datetime_operator to 2024-08-26 00:00:00+00:00, run_after=2024-08-27 00:00:00+00:00
[2024-08-27T09:40:37.225+0700] {logging_mixin.py:190} INFO - [2024-08-27T09:40:37.225+0700] {dag.py:4138} INFO - Setting next_dagrun for example_branch_datetime_operator_2 to 2024-08-26 00:00:00+00:00, run_after=2024-08-27 00:00:00+00:00
[2024-08-27T09:40:37.227+0700] {logging_mixin.py:190} INFO - [2024-08-27T09:40:37.227+0700] {dag.py:4138} INFO - Setting next_dagrun for example_branch_datetime_operator_3 to 2024-08-26 00:00:00+00:00, run_after=2024-08-27 00:00:00+00:00
[2024-08-27T09:40:37.252+0700] {processor.py:208} INFO - Processing /home/user/.local/lib/python3.10/site-packages/airflow/example_dags/example_branch_datetime_operator.py took 0.094 seconds
[2024-08-27T09:41:36.900+0700] {processor.py:186} INFO - Started process (PID=16026) to work on /home/user/.local/lib/python3.10/site-packages/airflow/example_dags/example_branch_datetime_operator.py
[2024-08-27T09:41:36.902+0700] {processor.py:914} INFO - Processing file /home/user/.local/lib/python3.10/site-packages/airflow/example_dags/example_branch_datetime_operator.py for tasks to queue
[2024-08-27T09:41:36.904+0700] {logging_mixin.py:190} INFO - [2024-08-27T09:41:36.903+0700] {dagbag.py:587} INFO - Filling up the DagBag from /home/user/.local/lib/python3.10/site-packages/airflow/example_dags/example_branch_datetime_operator.py
[2024-08-27T09:41:36.916+0700] {processor.py:925} INFO - DAG(s) 'example_branch_datetime_operator_3', 'example_branch_datetime_operator', 'example_branch_datetime_operator_2' retrieved from /home/user/.local/lib/python3.10/site-packages/airflow/example_dags/example_branch_datetime_operator.py
[2024-08-27T09:41:36.935+0700] {logging_mixin.py:190} INFO - [2024-08-27T09:41:36.934+0700] {dag.py:3211} INFO - Sync 3 DAGs
[2024-08-27T09:41:36.953+0700] {logging_mixin.py:190} INFO - [2024-08-27T09:41:36.953+0700] {dag.py:4138} INFO - Setting next_dagrun for example_branch_datetime_operator to 2024-08-26 00:00:00+00:00, run_after=2024-08-27 00:00:00+00:00
[2024-08-27T09:41:36.957+0700] {logging_mixin.py:190} INFO - [2024-08-27T09:41:36.956+0700] {dag.py:4138} INFO - Setting next_dagrun for example_branch_datetime_operator_2 to 2024-08-26 00:00:00+00:00, run_after=2024-08-27 00:00:00+00:00
[2024-08-27T09:41:36.958+0700] {logging_mixin.py:190} INFO - [2024-08-27T09:41:36.958+0700] {dag.py:4138} INFO - Setting next_dagrun for example_branch_datetime_operator_3 to 2024-08-26 00:00:00+00:00, run_after=2024-08-27 00:00:00+00:00
[2024-08-27T09:41:36.980+0700] {processor.py:208} INFO - Processing /home/user/.local/lib/python3.10/site-packages/airflow/example_dags/example_branch_datetime_operator.py took 0.085 seconds
[2024-08-27T09:42:43.189+0700] {processor.py:186} INFO - Started process (PID=16581) to work on /home/user/.local/lib/python3.10/site-packages/airflow/example_dags/example_branch_datetime_operator.py
[2024-08-27T09:42:43.192+0700] {processor.py:914} INFO - Processing file /home/user/.local/lib/python3.10/site-packages/airflow/example_dags/example_branch_datetime_operator.py for tasks to queue
[2024-08-27T09:42:43.193+0700] {logging_mixin.py:190} INFO - [2024-08-27T09:42:43.193+0700] {dagbag.py:587} INFO - Filling up the DagBag from /home/user/.local/lib/python3.10/site-packages/airflow/example_dags/example_branch_datetime_operator.py
[2024-08-27T09:42:43.203+0700] {processor.py:925} INFO - DAG(s) 'example_branch_datetime_operator_3', 'example_branch_datetime_operator_2', 'example_branch_datetime_operator' retrieved from /home/user/.local/lib/python3.10/site-packages/airflow/example_dags/example_branch_datetime_operator.py
[2024-08-27T09:42:43.221+0700] {logging_mixin.py:190} INFO - [2024-08-27T09:42:43.221+0700] {dag.py:3211} INFO - Sync 3 DAGs
[2024-08-27T09:42:43.239+0700] {logging_mixin.py:190} INFO - [2024-08-27T09:42:43.238+0700] {dag.py:4138} INFO - Setting next_dagrun for example_branch_datetime_operator to 2024-08-26 00:00:00+00:00, run_after=2024-08-27 00:00:00+00:00
[2024-08-27T09:42:43.242+0700] {logging_mixin.py:190} INFO - [2024-08-27T09:42:43.242+0700] {dag.py:4138} INFO - Setting next_dagrun for example_branch_datetime_operator_2 to 2024-08-26 00:00:00+00:00, run_after=2024-08-27 00:00:00+00:00
[2024-08-27T09:42:43.244+0700] {logging_mixin.py:190} INFO - [2024-08-27T09:42:43.244+0700] {dag.py:4138} INFO - Setting next_dagrun for example_branch_datetime_operator_3 to 2024-08-26 00:00:00+00:00, run_after=2024-08-27 00:00:00+00:00
[2024-08-27T09:42:43.261+0700] {processor.py:208} INFO - Processing /home/user/.local/lib/python3.10/site-packages/airflow/example_dags/example_branch_datetime_operator.py took 0.076 seconds
[2024-08-27T09:44:15.867+0700] {processor.py:186} INFO - Started process (PID=17287) to work on /home/user/.local/lib/python3.10/site-packages/airflow/example_dags/example_branch_datetime_operator.py
[2024-08-27T09:44:15.868+0700] {processor.py:914} INFO - Processing file /home/user/.local/lib/python3.10/site-packages/airflow/example_dags/example_branch_datetime_operator.py for tasks to queue
[2024-08-27T09:44:15.871+0700] {logging_mixin.py:190} INFO - [2024-08-27T09:44:15.870+0700] {dagbag.py:587} INFO - Filling up the DagBag from /home/user/.local/lib/python3.10/site-packages/airflow/example_dags/example_branch_datetime_operator.py
[2024-08-27T09:44:15.886+0700] {processor.py:925} INFO - DAG(s) 'example_branch_datetime_operator', 'example_branch_datetime_operator_3', 'example_branch_datetime_operator_2' retrieved from /home/user/.local/lib/python3.10/site-packages/airflow/example_dags/example_branch_datetime_operator.py
[2024-08-27T09:44:15.910+0700] {logging_mixin.py:190} INFO - [2024-08-27T09:44:15.910+0700] {dag.py:3211} INFO - Sync 3 DAGs
[2024-08-27T09:44:15.932+0700] {logging_mixin.py:190} INFO - [2024-08-27T09:44:15.932+0700] {dag.py:4138} INFO - Setting next_dagrun for example_branch_datetime_operator to 2024-08-26 00:00:00+00:00, run_after=2024-08-27 00:00:00+00:00
[2024-08-27T09:44:15.936+0700] {logging_mixin.py:190} INFO - [2024-08-27T09:44:15.935+0700] {dag.py:4138} INFO - Setting next_dagrun for example_branch_datetime_operator_2 to 2024-08-26 00:00:00+00:00, run_after=2024-08-27 00:00:00+00:00
[2024-08-27T09:44:15.937+0700] {logging_mixin.py:190} INFO - [2024-08-27T09:44:15.937+0700] {dag.py:4138} INFO - Setting next_dagrun for example_branch_datetime_operator_3 to 2024-08-26 00:00:00+00:00, run_after=2024-08-27 00:00:00+00:00
[2024-08-27T09:44:15.956+0700] {processor.py:208} INFO - Processing /home/user/.local/lib/python3.10/site-packages/airflow/example_dags/example_branch_datetime_operator.py took 0.097 seconds
