[2024-08-27T09:19:54.009+0700] {processor.py:186} INFO - Started process (PID=5329) to work on /home/user/.local/lib/python3.10/site-packages/airflow/example_dags/example_inlet_event_extra.py
[2024-08-27T09:19:54.010+0700] {processor.py:914} INFO - Processing file /home/user/.local/lib/python3.10/site-packages/airflow/example_dags/example_inlet_event_extra.py for tasks to queue
[2024-08-27T09:19:54.013+0700] {logging_mixin.py:190} INFO - [2024-08-27T09:19:54.012+0700] {dagbag.py:587} INFO - Filling up the DagBag from /home/user/.local/lib/python3.10/site-packages/airflow/example_dags/example_inlet_event_extra.py
[2024-08-27T09:19:54.032+0700] {processor.py:925} INFO - DAG(s) 'read_dataset_event_from_classic', 'read_dataset_event' retrieved from /home/user/.local/lib/python3.10/site-packages/airflow/example_dags/example_inlet_event_extra.py
[2024-08-27T09:19:54.058+0700] {logging_mixin.py:190} INFO - [2024-08-27T09:19:54.058+0700] {dag.py:3211} INFO - Sync 2 DAGs
[2024-08-27T09:19:54.083+0700] {logging_mixin.py:190} INFO - [2024-08-27T09:19:54.083+0700] {dag.py:4138} INFO - Setting next_dagrun for read_dataset_event to 2024-08-26 00:00:00+00:00, run_after=2024-08-27 00:00:00+00:00
[2024-08-27T09:19:54.087+0700] {logging_mixin.py:190} INFO - [2024-08-27T09:19:54.087+0700] {dag.py:4138} INFO - Setting next_dagrun for read_dataset_event_from_classic to 2024-08-26 00:00:00+00:00, run_after=2024-08-27 00:00:00+00:00
[2024-08-27T09:19:54.110+0700] {processor.py:208} INFO - Processing /home/user/.local/lib/python3.10/site-packages/airflow/example_dags/example_inlet_event_extra.py took 0.108 seconds
[2024-08-27T09:20:52.573+0700] {processor.py:186} INFO - Started process (PID=5880) to work on /home/user/.local/lib/python3.10/site-packages/airflow/example_dags/example_inlet_event_extra.py
[2024-08-27T09:20:52.574+0700] {processor.py:914} INFO - Processing file /home/user/.local/lib/python3.10/site-packages/airflow/example_dags/example_inlet_event_extra.py for tasks to queue
[2024-08-27T09:20:52.576+0700] {logging_mixin.py:190} INFO - [2024-08-27T09:20:52.576+0700] {dagbag.py:587} INFO - Filling up the DagBag from /home/user/.local/lib/python3.10/site-packages/airflow/example_dags/example_inlet_event_extra.py
[2024-08-27T09:20:52.592+0700] {processor.py:925} INFO - DAG(s) 'read_dataset_event_from_classic', 'read_dataset_event' retrieved from /home/user/.local/lib/python3.10/site-packages/airflow/example_dags/example_inlet_event_extra.py
[2024-08-27T09:20:52.608+0700] {logging_mixin.py:190} INFO - [2024-08-27T09:20:52.607+0700] {dag.py:3211} INFO - Sync 2 DAGs
[2024-08-27T09:20:52.622+0700] {logging_mixin.py:190} INFO - [2024-08-27T09:20:52.622+0700] {dag.py:4138} INFO - Setting next_dagrun for read_dataset_event to 2024-08-26 00:00:00+00:00, run_after=2024-08-27 00:00:00+00:00
[2024-08-27T09:20:52.625+0700] {logging_mixin.py:190} INFO - [2024-08-27T09:20:52.625+0700] {dag.py:4138} INFO - Setting next_dagrun for read_dataset_event_from_classic to 2024-08-26 00:00:00+00:00, run_after=2024-08-27 00:00:00+00:00
[2024-08-27T09:20:52.644+0700] {processor.py:208} INFO - Processing /home/user/.local/lib/python3.10/site-packages/airflow/example_dags/example_inlet_event_extra.py took 0.078 seconds
[2024-08-27T09:22:19.021+0700] {processor.py:186} INFO - Started process (PID=6573) to work on /home/user/.local/lib/python3.10/site-packages/airflow/example_dags/example_inlet_event_extra.py
[2024-08-27T09:22:19.023+0700] {processor.py:914} INFO - Processing file /home/user/.local/lib/python3.10/site-packages/airflow/example_dags/example_inlet_event_extra.py for tasks to queue
[2024-08-27T09:22:19.024+0700] {logging_mixin.py:190} INFO - [2024-08-27T09:22:19.024+0700] {dagbag.py:587} INFO - Filling up the DagBag from /home/user/.local/lib/python3.10/site-packages/airflow/example_dags/example_inlet_event_extra.py
[2024-08-27T09:22:19.034+0700] {processor.py:925} INFO - DAG(s) 'read_dataset_event', 'read_dataset_event_from_classic' retrieved from /home/user/.local/lib/python3.10/site-packages/airflow/example_dags/example_inlet_event_extra.py
[2024-08-27T09:22:19.051+0700] {logging_mixin.py:190} INFO - [2024-08-27T09:22:19.051+0700] {dag.py:3211} INFO - Sync 2 DAGs
[2024-08-27T09:22:19.069+0700] {logging_mixin.py:190} INFO - [2024-08-27T09:22:19.069+0700] {dag.py:4138} INFO - Setting next_dagrun for read_dataset_event to 2024-08-26 00:00:00+00:00, run_after=2024-08-27 00:00:00+00:00
[2024-08-27T09:22:19.074+0700] {logging_mixin.py:190} INFO - [2024-08-27T09:22:19.074+0700] {dag.py:4138} INFO - Setting next_dagrun for read_dataset_event_from_classic to 2024-08-26 00:00:00+00:00, run_after=2024-08-27 00:00:00+00:00
[2024-08-27T09:22:19.097+0700] {processor.py:208} INFO - Processing /home/user/.local/lib/python3.10/site-packages/airflow/example_dags/example_inlet_event_extra.py took 0.081 seconds
[2024-08-27T09:23:20.129+0700] {processor.py:186} INFO - Started process (PID=7066) to work on /home/user/.local/lib/python3.10/site-packages/airflow/example_dags/example_inlet_event_extra.py
[2024-08-27T09:23:20.131+0700] {processor.py:914} INFO - Processing file /home/user/.local/lib/python3.10/site-packages/airflow/example_dags/example_inlet_event_extra.py for tasks to queue
[2024-08-27T09:23:20.132+0700] {logging_mixin.py:190} INFO - [2024-08-27T09:23:20.132+0700] {dagbag.py:587} INFO - Filling up the DagBag from /home/user/.local/lib/python3.10/site-packages/airflow/example_dags/example_inlet_event_extra.py
[2024-08-27T09:23:20.142+0700] {processor.py:925} INFO - DAG(s) 'read_dataset_event_from_classic', 'read_dataset_event' retrieved from /home/user/.local/lib/python3.10/site-packages/airflow/example_dags/example_inlet_event_extra.py
[2024-08-27T09:23:20.156+0700] {logging_mixin.py:190} INFO - [2024-08-27T09:23:20.155+0700] {dag.py:3211} INFO - Sync 2 DAGs
[2024-08-27T09:23:20.169+0700] {logging_mixin.py:190} INFO - [2024-08-27T09:23:20.169+0700] {dag.py:4138} INFO - Setting next_dagrun for read_dataset_event to 2024-08-26 00:00:00+00:00, run_after=2024-08-27 00:00:00+00:00
[2024-08-27T09:23:20.172+0700] {logging_mixin.py:190} INFO - [2024-08-27T09:23:20.172+0700] {dag.py:4138} INFO - Setting next_dagrun for read_dataset_event_from_classic to 2024-08-26 00:00:00+00:00, run_after=2024-08-27 00:00:00+00:00
[2024-08-27T09:23:20.188+0700] {processor.py:208} INFO - Processing /home/user/.local/lib/python3.10/site-packages/airflow/example_dags/example_inlet_event_extra.py took 0.064 seconds
[2024-08-27T09:24:18.773+0700] {processor.py:186} INFO - Started process (PID=7525) to work on /home/user/.local/lib/python3.10/site-packages/airflow/example_dags/example_inlet_event_extra.py
[2024-08-27T09:24:18.774+0700] {processor.py:914} INFO - Processing file /home/user/.local/lib/python3.10/site-packages/airflow/example_dags/example_inlet_event_extra.py for tasks to queue
[2024-08-27T09:24:18.776+0700] {logging_mixin.py:190} INFO - [2024-08-27T09:24:18.776+0700] {dagbag.py:587} INFO - Filling up the DagBag from /home/user/.local/lib/python3.10/site-packages/airflow/example_dags/example_inlet_event_extra.py
[2024-08-27T09:24:18.788+0700] {processor.py:925} INFO - DAG(s) 'read_dataset_event_from_classic', 'read_dataset_event' retrieved from /home/user/.local/lib/python3.10/site-packages/airflow/example_dags/example_inlet_event_extra.py
[2024-08-27T09:24:18.801+0700] {logging_mixin.py:190} INFO - [2024-08-27T09:24:18.801+0700] {dag.py:3211} INFO - Sync 2 DAGs
[2024-08-27T09:24:18.816+0700] {logging_mixin.py:190} INFO - [2024-08-27T09:24:18.815+0700] {dag.py:4138} INFO - Setting next_dagrun for read_dataset_event to 2024-08-26 00:00:00+00:00, run_after=2024-08-27 00:00:00+00:00
[2024-08-27T09:24:18.819+0700] {logging_mixin.py:190} INFO - [2024-08-27T09:24:18.819+0700] {dag.py:4138} INFO - Setting next_dagrun for read_dataset_event_from_classic to 2024-08-26 00:00:00+00:00, run_after=2024-08-27 00:00:00+00:00
[2024-08-27T09:24:18.838+0700] {processor.py:208} INFO - Processing /home/user/.local/lib/python3.10/site-packages/airflow/example_dags/example_inlet_event_extra.py took 0.072 seconds
[2024-08-27T09:25:26.976+0700] {processor.py:186} INFO - Started process (PID=8057) to work on /home/user/.local/lib/python3.10/site-packages/airflow/example_dags/example_inlet_event_extra.py
[2024-08-27T09:25:26.983+0700] {processor.py:914} INFO - Processing file /home/user/.local/lib/python3.10/site-packages/airflow/example_dags/example_inlet_event_extra.py for tasks to queue
[2024-08-27T09:25:26.985+0700] {logging_mixin.py:190} INFO - [2024-08-27T09:25:26.984+0700] {dagbag.py:587} INFO - Filling up the DagBag from /home/user/.local/lib/python3.10/site-packages/airflow/example_dags/example_inlet_event_extra.py
[2024-08-27T09:25:26.995+0700] {processor.py:925} INFO - DAG(s) 'read_dataset_event', 'read_dataset_event_from_classic' retrieved from /home/user/.local/lib/python3.10/site-packages/airflow/example_dags/example_inlet_event_extra.py
[2024-08-27T09:25:27.007+0700] {logging_mixin.py:190} INFO - [2024-08-27T09:25:27.007+0700] {dag.py:3211} INFO - Sync 2 DAGs
[2024-08-27T09:25:27.021+0700] {logging_mixin.py:190} INFO - [2024-08-27T09:25:27.021+0700] {dag.py:4138} INFO - Setting next_dagrun for read_dataset_event to 2024-08-26 00:00:00+00:00, run_after=2024-08-27 00:00:00+00:00
[2024-08-27T09:25:27.024+0700] {logging_mixin.py:190} INFO - [2024-08-27T09:25:27.024+0700] {dag.py:4138} INFO - Setting next_dagrun for read_dataset_event_from_classic to 2024-08-26 00:00:00+00:00, run_after=2024-08-27 00:00:00+00:00
[2024-08-27T09:25:27.041+0700] {processor.py:208} INFO - Processing /home/user/.local/lib/python3.10/site-packages/airflow/example_dags/example_inlet_event_extra.py took 0.070 seconds
[2024-08-27T09:26:34.442+0700] {processor.py:186} INFO - Started process (PID=8584) to work on /home/user/.local/lib/python3.10/site-packages/airflow/example_dags/example_inlet_event_extra.py
[2024-08-27T09:26:34.444+0700] {processor.py:914} INFO - Processing file /home/user/.local/lib/python3.10/site-packages/airflow/example_dags/example_inlet_event_extra.py for tasks to queue
[2024-08-27T09:26:34.447+0700] {logging_mixin.py:190} INFO - [2024-08-27T09:26:34.446+0700] {dagbag.py:587} INFO - Filling up the DagBag from /home/user/.local/lib/python3.10/site-packages/airflow/example_dags/example_inlet_event_extra.py
[2024-08-27T09:26:34.461+0700] {processor.py:925} INFO - DAG(s) 'read_dataset_event_from_classic', 'read_dataset_event' retrieved from /home/user/.local/lib/python3.10/site-packages/airflow/example_dags/example_inlet_event_extra.py
[2024-08-27T09:26:34.482+0700] {logging_mixin.py:190} INFO - [2024-08-27T09:26:34.482+0700] {dag.py:3211} INFO - Sync 2 DAGs
[2024-08-27T09:26:34.501+0700] {logging_mixin.py:190} INFO - [2024-08-27T09:26:34.501+0700] {dag.py:4138} INFO - Setting next_dagrun for read_dataset_event to 2024-08-26 00:00:00+00:00, run_after=2024-08-27 00:00:00+00:00
[2024-08-27T09:26:34.504+0700] {logging_mixin.py:190} INFO - [2024-08-27T09:26:34.504+0700] {dag.py:4138} INFO - Setting next_dagrun for read_dataset_event_from_classic to 2024-08-26 00:00:00+00:00, run_after=2024-08-27 00:00:00+00:00
[2024-08-27T09:26:34.524+0700] {processor.py:208} INFO - Processing /home/user/.local/lib/python3.10/site-packages/airflow/example_dags/example_inlet_event_extra.py took 0.090 seconds
[2024-08-27T09:27:31.809+0700] {processor.py:186} INFO - Started process (PID=9052) to work on /home/user/.local/lib/python3.10/site-packages/airflow/example_dags/example_inlet_event_extra.py
[2024-08-27T09:27:31.811+0700] {processor.py:914} INFO - Processing file /home/user/.local/lib/python3.10/site-packages/airflow/example_dags/example_inlet_event_extra.py for tasks to queue
[2024-08-27T09:27:31.812+0700] {logging_mixin.py:190} INFO - [2024-08-27T09:27:31.812+0700] {dagbag.py:587} INFO - Filling up the DagBag from /home/user/.local/lib/python3.10/site-packages/airflow/example_dags/example_inlet_event_extra.py
[2024-08-27T09:27:31.823+0700] {processor.py:925} INFO - DAG(s) 'read_dataset_event', 'read_dataset_event_from_classic' retrieved from /home/user/.local/lib/python3.10/site-packages/airflow/example_dags/example_inlet_event_extra.py
[2024-08-27T09:27:31.839+0700] {logging_mixin.py:190} INFO - [2024-08-27T09:27:31.839+0700] {dag.py:3211} INFO - Sync 2 DAGs
[2024-08-27T09:27:31.856+0700] {logging_mixin.py:190} INFO - [2024-08-27T09:27:31.856+0700] {dag.py:4138} INFO - Setting next_dagrun for read_dataset_event to 2024-08-26 00:00:00+00:00, run_after=2024-08-27 00:00:00+00:00
[2024-08-27T09:27:31.860+0700] {logging_mixin.py:190} INFO - [2024-08-27T09:27:31.860+0700] {dag.py:4138} INFO - Setting next_dagrun for read_dataset_event_from_classic to 2024-08-26 00:00:00+00:00, run_after=2024-08-27 00:00:00+00:00
[2024-08-27T09:27:31.880+0700] {processor.py:208} INFO - Processing /home/user/.local/lib/python3.10/site-packages/airflow/example_dags/example_inlet_event_extra.py took 0.076 seconds
[2024-08-27T09:28:39.918+0700] {processor.py:186} INFO - Started process (PID=9616) to work on /home/user/.local/lib/python3.10/site-packages/airflow/example_dags/example_inlet_event_extra.py
[2024-08-27T09:28:39.919+0700] {processor.py:914} INFO - Processing file /home/user/.local/lib/python3.10/site-packages/airflow/example_dags/example_inlet_event_extra.py for tasks to queue
[2024-08-27T09:28:39.921+0700] {logging_mixin.py:190} INFO - [2024-08-27T09:28:39.921+0700] {dagbag.py:587} INFO - Filling up the DagBag from /home/user/.local/lib/python3.10/site-packages/airflow/example_dags/example_inlet_event_extra.py
[2024-08-27T09:28:39.933+0700] {processor.py:925} INFO - DAG(s) 'read_dataset_event_from_classic', 'read_dataset_event' retrieved from /home/user/.local/lib/python3.10/site-packages/airflow/example_dags/example_inlet_event_extra.py
[2024-08-27T09:28:39.950+0700] {logging_mixin.py:190} INFO - [2024-08-27T09:28:39.950+0700] {dag.py:3211} INFO - Sync 2 DAGs
[2024-08-27T09:28:39.969+0700] {logging_mixin.py:190} INFO - [2024-08-27T09:28:39.969+0700] {dag.py:4138} INFO - Setting next_dagrun for read_dataset_event to 2024-08-26 00:00:00+00:00, run_after=2024-08-27 00:00:00+00:00
[2024-08-27T09:28:39.972+0700] {logging_mixin.py:190} INFO - [2024-08-27T09:28:39.972+0700] {dag.py:4138} INFO - Setting next_dagrun for read_dataset_event_from_classic to 2024-08-26 00:00:00+00:00, run_after=2024-08-27 00:00:00+00:00
[2024-08-27T09:28:39.990+0700] {processor.py:208} INFO - Processing /home/user/.local/lib/python3.10/site-packages/airflow/example_dags/example_inlet_event_extra.py took 0.076 seconds
[2024-08-27T09:30:22.074+0700] {processor.py:186} INFO - Started process (PID=10426) to work on /home/user/.local/lib/python3.10/site-packages/airflow/example_dags/example_inlet_event_extra.py
[2024-08-27T09:30:22.075+0700] {processor.py:914} INFO - Processing file /home/user/.local/lib/python3.10/site-packages/airflow/example_dags/example_inlet_event_extra.py for tasks to queue
[2024-08-27T09:30:22.078+0700] {logging_mixin.py:190} INFO - [2024-08-27T09:30:22.077+0700] {dagbag.py:587} INFO - Filling up the DagBag from /home/user/.local/lib/python3.10/site-packages/airflow/example_dags/example_inlet_event_extra.py
[2024-08-27T09:30:22.093+0700] {processor.py:925} INFO - DAG(s) 'read_dataset_event_from_classic', 'read_dataset_event' retrieved from /home/user/.local/lib/python3.10/site-packages/airflow/example_dags/example_inlet_event_extra.py
[2024-08-27T09:30:22.115+0700] {logging_mixin.py:190} INFO - [2024-08-27T09:30:22.115+0700] {dag.py:3211} INFO - Sync 2 DAGs
[2024-08-27T09:30:22.137+0700] {logging_mixin.py:190} INFO - [2024-08-27T09:30:22.137+0700] {dag.py:4138} INFO - Setting next_dagrun for read_dataset_event to 2024-08-26 00:00:00+00:00, run_after=2024-08-27 00:00:00+00:00
[2024-08-27T09:30:22.141+0700] {logging_mixin.py:190} INFO - [2024-08-27T09:30:22.141+0700] {dag.py:4138} INFO - Setting next_dagrun for read_dataset_event_from_classic to 2024-08-26 00:00:00+00:00, run_after=2024-08-27 00:00:00+00:00
[2024-08-27T09:30:22.164+0700] {processor.py:208} INFO - Processing /home/user/.local/lib/python3.10/site-packages/airflow/example_dags/example_inlet_event_extra.py took 0.096 seconds
[2024-08-27T09:31:31.059+0700] {processor.py:186} INFO - Started process (PID=10987) to work on /home/user/.local/lib/python3.10/site-packages/airflow/example_dags/example_inlet_event_extra.py
[2024-08-27T09:31:31.066+0700] {processor.py:914} INFO - Processing file /home/user/.local/lib/python3.10/site-packages/airflow/example_dags/example_inlet_event_extra.py for tasks to queue
[2024-08-27T09:31:31.068+0700] {logging_mixin.py:190} INFO - [2024-08-27T09:31:31.068+0700] {dagbag.py:587} INFO - Filling up the DagBag from /home/user/.local/lib/python3.10/site-packages/airflow/example_dags/example_inlet_event_extra.py
[2024-08-27T09:31:31.077+0700] {processor.py:925} INFO - DAG(s) 'read_dataset_event', 'read_dataset_event_from_classic' retrieved from /home/user/.local/lib/python3.10/site-packages/airflow/example_dags/example_inlet_event_extra.py
[2024-08-27T09:31:31.090+0700] {logging_mixin.py:190} INFO - [2024-08-27T09:31:31.090+0700] {dag.py:3211} INFO - Sync 2 DAGs
[2024-08-27T09:31:31.105+0700] {logging_mixin.py:190} INFO - [2024-08-27T09:31:31.104+0700] {dag.py:4138} INFO - Setting next_dagrun for read_dataset_event to 2024-08-26 00:00:00+00:00, run_after=2024-08-27 00:00:00+00:00
[2024-08-27T09:31:31.107+0700] {logging_mixin.py:190} INFO - [2024-08-27T09:31:31.107+0700] {dag.py:4138} INFO - Setting next_dagrun for read_dataset_event_from_classic to 2024-08-26 00:00:00+00:00, run_after=2024-08-27 00:00:00+00:00
[2024-08-27T09:31:31.123+0700] {processor.py:208} INFO - Processing /home/user/.local/lib/python3.10/site-packages/airflow/example_dags/example_inlet_event_extra.py took 0.068 seconds
[2024-08-27T09:32:55.582+0700] {processor.py:186} INFO - Started process (PID=11735) to work on /home/user/.local/lib/python3.10/site-packages/airflow/example_dags/example_inlet_event_extra.py
[2024-08-27T09:32:55.584+0700] {processor.py:914} INFO - Processing file /home/user/.local/lib/python3.10/site-packages/airflow/example_dags/example_inlet_event_extra.py for tasks to queue
[2024-08-27T09:32:55.586+0700] {logging_mixin.py:190} INFO - [2024-08-27T09:32:55.585+0700] {dagbag.py:587} INFO - Filling up the DagBag from /home/user/.local/lib/python3.10/site-packages/airflow/example_dags/example_inlet_event_extra.py
[2024-08-27T09:32:55.598+0700] {processor.py:925} INFO - DAG(s) 'read_dataset_event', 'read_dataset_event_from_classic' retrieved from /home/user/.local/lib/python3.10/site-packages/airflow/example_dags/example_inlet_event_extra.py
[2024-08-27T09:32:55.615+0700] {logging_mixin.py:190} INFO - [2024-08-27T09:32:55.615+0700] {dag.py:3211} INFO - Sync 2 DAGs
[2024-08-27T09:32:55.634+0700] {logging_mixin.py:190} INFO - [2024-08-27T09:32:55.633+0700] {dag.py:4138} INFO - Setting next_dagrun for read_dataset_event to 2024-08-26 00:00:00+00:00, run_after=2024-08-27 00:00:00+00:00
[2024-08-27T09:32:55.638+0700] {logging_mixin.py:190} INFO - [2024-08-27T09:32:55.638+0700] {dag.py:4138} INFO - Setting next_dagrun for read_dataset_event_from_classic to 2024-08-26 00:00:00+00:00, run_after=2024-08-27 00:00:00+00:00
[2024-08-27T09:32:55.657+0700] {processor.py:208} INFO - Processing /home/user/.local/lib/python3.10/site-packages/airflow/example_dags/example_inlet_event_extra.py took 0.080 seconds
[2024-08-27T09:34:56.484+0700] {processor.py:186} INFO - Started process (PID=12729) to work on /home/user/.local/lib/python3.10/site-packages/airflow/example_dags/example_inlet_event_extra.py
[2024-08-27T09:34:56.486+0700] {processor.py:914} INFO - Processing file /home/user/.local/lib/python3.10/site-packages/airflow/example_dags/example_inlet_event_extra.py for tasks to queue
[2024-08-27T09:34:56.487+0700] {logging_mixin.py:190} INFO - [2024-08-27T09:34:56.487+0700] {dagbag.py:587} INFO - Filling up the DagBag from /home/user/.local/lib/python3.10/site-packages/airflow/example_dags/example_inlet_event_extra.py
[2024-08-27T09:34:56.497+0700] {processor.py:925} INFO - DAG(s) 'read_dataset_event', 'read_dataset_event_from_classic' retrieved from /home/user/.local/lib/python3.10/site-packages/airflow/example_dags/example_inlet_event_extra.py
[2024-08-27T09:34:56.511+0700] {logging_mixin.py:190} INFO - [2024-08-27T09:34:56.511+0700] {dag.py:3211} INFO - Sync 2 DAGs
[2024-08-27T09:34:56.526+0700] {logging_mixin.py:190} INFO - [2024-08-27T09:34:56.526+0700] {dag.py:4138} INFO - Setting next_dagrun for read_dataset_event to 2024-08-26 00:00:00+00:00, run_after=2024-08-27 00:00:00+00:00
[2024-08-27T09:34:56.529+0700] {logging_mixin.py:190} INFO - [2024-08-27T09:34:56.529+0700] {dag.py:4138} INFO - Setting next_dagrun for read_dataset_event_from_classic to 2024-08-26 00:00:00+00:00, run_after=2024-08-27 00:00:00+00:00
[2024-08-27T09:34:56.555+0700] {processor.py:208} INFO - Processing /home/user/.local/lib/python3.10/site-packages/airflow/example_dags/example_inlet_event_extra.py took 0.075 seconds
[2024-08-27T09:36:03.160+0700] {processor.py:186} INFO - Started process (PID=13279) to work on /home/user/.local/lib/python3.10/site-packages/airflow/example_dags/example_inlet_event_extra.py
[2024-08-27T09:36:03.162+0700] {processor.py:914} INFO - Processing file /home/user/.local/lib/python3.10/site-packages/airflow/example_dags/example_inlet_event_extra.py for tasks to queue
[2024-08-27T09:36:03.164+0700] {logging_mixin.py:190} INFO - [2024-08-27T09:36:03.163+0700] {dagbag.py:587} INFO - Filling up the DagBag from /home/user/.local/lib/python3.10/site-packages/airflow/example_dags/example_inlet_event_extra.py
[2024-08-27T09:36:03.173+0700] {processor.py:925} INFO - DAG(s) 'read_dataset_event_from_classic', 'read_dataset_event' retrieved from /home/user/.local/lib/python3.10/site-packages/airflow/example_dags/example_inlet_event_extra.py
[2024-08-27T09:36:03.189+0700] {logging_mixin.py:190} INFO - [2024-08-27T09:36:03.188+0700] {dag.py:3211} INFO - Sync 2 DAGs
[2024-08-27T09:36:03.206+0700] {logging_mixin.py:190} INFO - [2024-08-27T09:36:03.205+0700] {dag.py:4138} INFO - Setting next_dagrun for read_dataset_event to 2024-08-26 00:00:00+00:00, run_after=2024-08-27 00:00:00+00:00
[2024-08-27T09:36:03.208+0700] {logging_mixin.py:190} INFO - [2024-08-27T09:36:03.208+0700] {dag.py:4138} INFO - Setting next_dagrun for read_dataset_event_from_classic to 2024-08-26 00:00:00+00:00, run_after=2024-08-27 00:00:00+00:00
[2024-08-27T09:36:03.227+0700] {processor.py:208} INFO - Processing /home/user/.local/lib/python3.10/site-packages/airflow/example_dags/example_inlet_event_extra.py took 0.071 seconds
[2024-08-27T09:37:06.903+0700] {processor.py:186} INFO - Started process (PID=13833) to work on /home/user/.local/lib/python3.10/site-packages/airflow/example_dags/example_inlet_event_extra.py
[2024-08-27T09:37:06.905+0700] {processor.py:914} INFO - Processing file /home/user/.local/lib/python3.10/site-packages/airflow/example_dags/example_inlet_event_extra.py for tasks to queue
[2024-08-27T09:37:06.907+0700] {logging_mixin.py:190} INFO - [2024-08-27T09:37:06.906+0700] {dagbag.py:587} INFO - Filling up the DagBag from /home/user/.local/lib/python3.10/site-packages/airflow/example_dags/example_inlet_event_extra.py
[2024-08-27T09:37:06.919+0700] {processor.py:925} INFO - DAG(s) 'read_dataset_event', 'read_dataset_event_from_classic' retrieved from /home/user/.local/lib/python3.10/site-packages/airflow/example_dags/example_inlet_event_extra.py
[2024-08-27T09:37:06.933+0700] {logging_mixin.py:190} INFO - [2024-08-27T09:37:06.933+0700] {dag.py:3211} INFO - Sync 2 DAGs
[2024-08-27T09:37:06.951+0700] {logging_mixin.py:190} INFO - [2024-08-27T09:37:06.950+0700] {dag.py:4138} INFO - Setting next_dagrun for read_dataset_event to 2024-08-26 00:00:00+00:00, run_after=2024-08-27 00:00:00+00:00
[2024-08-27T09:37:06.955+0700] {logging_mixin.py:190} INFO - [2024-08-27T09:37:06.955+0700] {dag.py:4138} INFO - Setting next_dagrun for read_dataset_event_from_classic to 2024-08-26 00:00:00+00:00, run_after=2024-08-27 00:00:00+00:00
[2024-08-27T09:37:06.982+0700] {processor.py:208} INFO - Processing /home/user/.local/lib/python3.10/site-packages/airflow/example_dags/example_inlet_event_extra.py took 0.085 seconds
[2024-08-27T09:38:06.063+0700] {processor.py:186} INFO - Started process (PID=14311) to work on /home/user/.local/lib/python3.10/site-packages/airflow/example_dags/example_inlet_event_extra.py
[2024-08-27T09:38:06.065+0700] {processor.py:914} INFO - Processing file /home/user/.local/lib/python3.10/site-packages/airflow/example_dags/example_inlet_event_extra.py for tasks to queue
[2024-08-27T09:38:06.067+0700] {logging_mixin.py:190} INFO - [2024-08-27T09:38:06.066+0700] {dagbag.py:587} INFO - Filling up the DagBag from /home/user/.local/lib/python3.10/site-packages/airflow/example_dags/example_inlet_event_extra.py
[2024-08-27T09:38:06.076+0700] {processor.py:925} INFO - DAG(s) 'read_dataset_event_from_classic', 'read_dataset_event' retrieved from /home/user/.local/lib/python3.10/site-packages/airflow/example_dags/example_inlet_event_extra.py
[2024-08-27T09:38:06.090+0700] {logging_mixin.py:190} INFO - [2024-08-27T09:38:06.089+0700] {dag.py:3211} INFO - Sync 2 DAGs
[2024-08-27T09:38:06.104+0700] {logging_mixin.py:190} INFO - [2024-08-27T09:38:06.104+0700] {dag.py:4138} INFO - Setting next_dagrun for read_dataset_event to 2024-08-26 00:00:00+00:00, run_after=2024-08-27 00:00:00+00:00
[2024-08-27T09:38:06.107+0700] {logging_mixin.py:190} INFO - [2024-08-27T09:38:06.106+0700] {dag.py:4138} INFO - Setting next_dagrun for read_dataset_event_from_classic to 2024-08-26 00:00:00+00:00, run_after=2024-08-27 00:00:00+00:00
[2024-08-27T09:38:06.123+0700] {processor.py:208} INFO - Processing /home/user/.local/lib/python3.10/site-packages/airflow/example_dags/example_inlet_event_extra.py took 0.065 seconds
[2024-08-27T09:39:42.087+0700] {processor.py:186} INFO - Started process (PID=15121) to work on /home/user/.local/lib/python3.10/site-packages/airflow/example_dags/example_inlet_event_extra.py
[2024-08-27T09:39:42.089+0700] {processor.py:914} INFO - Processing file /home/user/.local/lib/python3.10/site-packages/airflow/example_dags/example_inlet_event_extra.py for tasks to queue
[2024-08-27T09:39:42.091+0700] {logging_mixin.py:190} INFO - [2024-08-27T09:39:42.091+0700] {dagbag.py:587} INFO - Filling up the DagBag from /home/user/.local/lib/python3.10/site-packages/airflow/example_dags/example_inlet_event_extra.py
[2024-08-27T09:39:42.102+0700] {processor.py:925} INFO - DAG(s) 'read_dataset_event_from_classic', 'read_dataset_event' retrieved from /home/user/.local/lib/python3.10/site-packages/airflow/example_dags/example_inlet_event_extra.py
[2024-08-27T09:39:42.119+0700] {logging_mixin.py:190} INFO - [2024-08-27T09:39:42.119+0700] {dag.py:3211} INFO - Sync 2 DAGs
[2024-08-27T09:39:42.136+0700] {logging_mixin.py:190} INFO - [2024-08-27T09:39:42.136+0700] {dag.py:4138} INFO - Setting next_dagrun for read_dataset_event to 2024-08-26 00:00:00+00:00, run_after=2024-08-27 00:00:00+00:00
[2024-08-27T09:39:42.139+0700] {logging_mixin.py:190} INFO - [2024-08-27T09:39:42.139+0700] {dag.py:4138} INFO - Setting next_dagrun for read_dataset_event_from_classic to 2024-08-26 00:00:00+00:00, run_after=2024-08-27 00:00:00+00:00
[2024-08-27T09:39:42.160+0700] {processor.py:208} INFO - Processing /home/user/.local/lib/python3.10/site-packages/airflow/example_dags/example_inlet_event_extra.py took 0.078 seconds
[2024-08-27T09:40:42.859+0700] {processor.py:186} INFO - Started process (PID=15601) to work on /home/user/.local/lib/python3.10/site-packages/airflow/example_dags/example_inlet_event_extra.py
[2024-08-27T09:40:42.861+0700] {processor.py:914} INFO - Processing file /home/user/.local/lib/python3.10/site-packages/airflow/example_dags/example_inlet_event_extra.py for tasks to queue
[2024-08-27T09:40:42.862+0700] {logging_mixin.py:190} INFO - [2024-08-27T09:40:42.862+0700] {dagbag.py:587} INFO - Filling up the DagBag from /home/user/.local/lib/python3.10/site-packages/airflow/example_dags/example_inlet_event_extra.py
[2024-08-27T09:40:42.872+0700] {processor.py:925} INFO - DAG(s) 'read_dataset_event', 'read_dataset_event_from_classic' retrieved from /home/user/.local/lib/python3.10/site-packages/airflow/example_dags/example_inlet_event_extra.py
[2024-08-27T09:40:42.886+0700] {logging_mixin.py:190} INFO - [2024-08-27T09:40:42.886+0700] {dag.py:3211} INFO - Sync 2 DAGs
[2024-08-27T09:40:42.901+0700] {logging_mixin.py:190} INFO - [2024-08-27T09:40:42.901+0700] {dag.py:4138} INFO - Setting next_dagrun for read_dataset_event to 2024-08-26 00:00:00+00:00, run_after=2024-08-27 00:00:00+00:00
[2024-08-27T09:40:42.905+0700] {logging_mixin.py:190} INFO - [2024-08-27T09:40:42.904+0700] {dag.py:4138} INFO - Setting next_dagrun for read_dataset_event_from_classic to 2024-08-26 00:00:00+00:00, run_after=2024-08-27 00:00:00+00:00
[2024-08-27T09:40:43.038+0700] {processor.py:208} INFO - Processing /home/user/.local/lib/python3.10/site-packages/airflow/example_dags/example_inlet_event_extra.py took 0.186 seconds
[2024-08-27T09:41:44.576+0700] {processor.py:186} INFO - Started process (PID=16089) to work on /home/user/.local/lib/python3.10/site-packages/airflow/example_dags/example_inlet_event_extra.py
[2024-08-27T09:41:44.577+0700] {processor.py:914} INFO - Processing file /home/user/.local/lib/python3.10/site-packages/airflow/example_dags/example_inlet_event_extra.py for tasks to queue
[2024-08-27T09:41:44.579+0700] {logging_mixin.py:190} INFO - [2024-08-27T09:41:44.578+0700] {dagbag.py:587} INFO - Filling up the DagBag from /home/user/.local/lib/python3.10/site-packages/airflow/example_dags/example_inlet_event_extra.py
[2024-08-27T09:41:44.589+0700] {processor.py:925} INFO - DAG(s) 'read_dataset_event_from_classic', 'read_dataset_event' retrieved from /home/user/.local/lib/python3.10/site-packages/airflow/example_dags/example_inlet_event_extra.py
[2024-08-27T09:41:44.604+0700] {logging_mixin.py:190} INFO - [2024-08-27T09:41:44.604+0700] {dag.py:3211} INFO - Sync 2 DAGs
[2024-08-27T09:41:44.627+0700] {logging_mixin.py:190} INFO - [2024-08-27T09:41:44.626+0700] {dag.py:4138} INFO - Setting next_dagrun for read_dataset_event to 2024-08-26 00:00:00+00:00, run_after=2024-08-27 00:00:00+00:00
[2024-08-27T09:41:44.632+0700] {logging_mixin.py:190} INFO - [2024-08-27T09:41:44.632+0700] {dag.py:4138} INFO - Setting next_dagrun for read_dataset_event_from_classic to 2024-08-26 00:00:00+00:00, run_after=2024-08-27 00:00:00+00:00
[2024-08-27T09:41:44.800+0700] {processor.py:208} INFO - Processing /home/user/.local/lib/python3.10/site-packages/airflow/example_dags/example_inlet_event_extra.py took 0.231 seconds
[2024-08-27T09:42:51.483+0700] {processor.py:186} INFO - Started process (PID=16643) to work on /home/user/.local/lib/python3.10/site-packages/airflow/example_dags/example_inlet_event_extra.py
[2024-08-27T09:42:51.485+0700] {processor.py:914} INFO - Processing file /home/user/.local/lib/python3.10/site-packages/airflow/example_dags/example_inlet_event_extra.py for tasks to queue
[2024-08-27T09:42:51.487+0700] {logging_mixin.py:190} INFO - [2024-08-27T09:42:51.486+0700] {dagbag.py:587} INFO - Filling up the DagBag from /home/user/.local/lib/python3.10/site-packages/airflow/example_dags/example_inlet_event_extra.py
[2024-08-27T09:42:51.497+0700] {processor.py:925} INFO - DAG(s) 'read_dataset_event', 'read_dataset_event_from_classic' retrieved from /home/user/.local/lib/python3.10/site-packages/airflow/example_dags/example_inlet_event_extra.py
[2024-08-27T09:42:51.510+0700] {logging_mixin.py:190} INFO - [2024-08-27T09:42:51.510+0700] {dag.py:3211} INFO - Sync 2 DAGs
[2024-08-27T09:42:51.524+0700] {logging_mixin.py:190} INFO - [2024-08-27T09:42:51.524+0700] {dag.py:4138} INFO - Setting next_dagrun for read_dataset_event to 2024-08-26 00:00:00+00:00, run_after=2024-08-27 00:00:00+00:00
[2024-08-27T09:42:51.527+0700] {logging_mixin.py:190} INFO - [2024-08-27T09:42:51.527+0700] {dag.py:4138} INFO - Setting next_dagrun for read_dataset_event_from_classic to 2024-08-26 00:00:00+00:00, run_after=2024-08-27 00:00:00+00:00
[2024-08-27T09:42:51.648+0700] {processor.py:208} INFO - Processing /home/user/.local/lib/python3.10/site-packages/airflow/example_dags/example_inlet_event_extra.py took 0.170 seconds
[2024-08-27T09:44:22.342+0700] {processor.py:186} INFO - Started process (PID=17336) to work on /home/user/.local/lib/python3.10/site-packages/airflow/example_dags/example_inlet_event_extra.py
[2024-08-27T09:44:22.349+0700] {processor.py:914} INFO - Processing file /home/user/.local/lib/python3.10/site-packages/airflow/example_dags/example_inlet_event_extra.py for tasks to queue
[2024-08-27T09:44:22.352+0700] {logging_mixin.py:190} INFO - [2024-08-27T09:44:22.351+0700] {dagbag.py:587} INFO - Filling up the DagBag from /home/user/.local/lib/python3.10/site-packages/airflow/example_dags/example_inlet_event_extra.py
[2024-08-27T09:44:22.368+0700] {processor.py:925} INFO - DAG(s) 'read_dataset_event_from_classic', 'read_dataset_event' retrieved from /home/user/.local/lib/python3.10/site-packages/airflow/example_dags/example_inlet_event_extra.py
[2024-08-27T09:44:22.388+0700] {logging_mixin.py:190} INFO - [2024-08-27T09:44:22.388+0700] {dag.py:3211} INFO - Sync 2 DAGs
[2024-08-27T09:44:22.412+0700] {logging_mixin.py:190} INFO - [2024-08-27T09:44:22.412+0700] {dag.py:4138} INFO - Setting next_dagrun for read_dataset_event to 2024-08-26 00:00:00+00:00, run_after=2024-08-27 00:00:00+00:00
[2024-08-27T09:44:22.416+0700] {logging_mixin.py:190} INFO - [2024-08-27T09:44:22.416+0700] {dag.py:4138} INFO - Setting next_dagrun for read_dataset_event_from_classic to 2024-08-26 00:00:00+00:00, run_after=2024-08-27 00:00:00+00:00
[2024-08-27T09:44:22.447+0700] {processor.py:208} INFO - Processing /home/user/.local/lib/python3.10/site-packages/airflow/example_dags/example_inlet_event_extra.py took 0.112 seconds
