[2024-08-27T09:20:03.484+0700] {processor.py:186} INFO - Started process (PID=5481) to work on /home/user/.local/lib/python3.10/site-packages/airflow/example_dags/example_dynamic_task_mapping.py
[2024-08-27T09:20:03.484+0700] {processor.py:914} INFO - Processing file /home/user/.local/lib/python3.10/site-packages/airflow/example_dags/example_dynamic_task_mapping.py for tasks to queue
[2024-08-27T09:20:03.486+0700] {logging_mixin.py:190} INFO - [2024-08-27T09:20:03.486+0700] {dagbag.py:587} INFO - Filling up the DagBag from /home/user/.local/lib/python3.10/site-packages/airflow/example_dags/example_dynamic_task_mapping.py
[2024-08-27T09:20:03.494+0700] {processor.py:925} INFO - DAG(s) 'example_dynamic_task_mapping' retrieved from /home/user/.local/lib/python3.10/site-packages/airflow/example_dags/example_dynamic_task_mapping.py
[2024-08-27T09:20:03.514+0700] {logging_mixin.py:190} INFO - [2024-08-27T09:20:03.513+0700] {dag.py:3211} INFO - Sync 1 DAGs
[2024-08-27T09:20:03.535+0700] {logging_mixin.py:190} INFO - [2024-08-27T09:20:03.535+0700] {dag.py:4138} INFO - Setting next_dagrun for example_dynamic_task_mapping to 2022-03-04 00:00:00+00:00, run_after=2022-03-05 00:00:00+00:00
[2024-08-27T09:20:03.560+0700] {processor.py:208} INFO - Processing /home/user/.local/lib/python3.10/site-packages/airflow/example_dags/example_dynamic_task_mapping.py took 0.080 seconds
[2024-08-27T09:21:01.713+0700] {processor.py:186} INFO - Started process (PID=5948) to work on /home/user/.local/lib/python3.10/site-packages/airflow/example_dags/example_dynamic_task_mapping.py
[2024-08-27T09:21:01.715+0700] {processor.py:914} INFO - Processing file /home/user/.local/lib/python3.10/site-packages/airflow/example_dags/example_dynamic_task_mapping.py for tasks to queue
[2024-08-27T09:21:01.717+0700] {logging_mixin.py:190} INFO - [2024-08-27T09:21:01.716+0700] {dagbag.py:587} INFO - Filling up the DagBag from /home/user/.local/lib/python3.10/site-packages/airflow/example_dags/example_dynamic_task_mapping.py
[2024-08-27T09:21:01.724+0700] {processor.py:925} INFO - DAG(s) 'example_dynamic_task_mapping' retrieved from /home/user/.local/lib/python3.10/site-packages/airflow/example_dags/example_dynamic_task_mapping.py
[2024-08-27T09:21:01.740+0700] {logging_mixin.py:190} INFO - [2024-08-27T09:21:01.739+0700] {dag.py:3211} INFO - Sync 1 DAGs
[2024-08-27T09:21:01.754+0700] {logging_mixin.py:190} INFO - [2024-08-27T09:21:01.754+0700] {dag.py:4138} INFO - Setting next_dagrun for example_dynamic_task_mapping to 2022-03-04 00:00:00+00:00, run_after=2022-03-05 00:00:00+00:00
[2024-08-27T09:21:01.773+0700] {processor.py:208} INFO - Processing /home/user/.local/lib/python3.10/site-packages/airflow/example_dags/example_dynamic_task_mapping.py took 0.064 seconds
[2024-08-27T09:22:28.456+0700] {processor.py:186} INFO - Started process (PID=6649) to work on /home/user/.local/lib/python3.10/site-packages/airflow/example_dags/example_dynamic_task_mapping.py
[2024-08-27T09:22:28.459+0700] {processor.py:914} INFO - Processing file /home/user/.local/lib/python3.10/site-packages/airflow/example_dags/example_dynamic_task_mapping.py for tasks to queue
[2024-08-27T09:22:28.460+0700] {logging_mixin.py:190} INFO - [2024-08-27T09:22:28.460+0700] {dagbag.py:587} INFO - Filling up the DagBag from /home/user/.local/lib/python3.10/site-packages/airflow/example_dags/example_dynamic_task_mapping.py
[2024-08-27T09:22:28.469+0700] {processor.py:925} INFO - DAG(s) 'example_dynamic_task_mapping' retrieved from /home/user/.local/lib/python3.10/site-packages/airflow/example_dags/example_dynamic_task_mapping.py
[2024-08-27T09:22:28.484+0700] {logging_mixin.py:190} INFO - [2024-08-27T09:22:28.484+0700] {dag.py:3211} INFO - Sync 1 DAGs
[2024-08-27T09:22:28.504+0700] {logging_mixin.py:190} INFO - [2024-08-27T09:22:28.504+0700] {dag.py:4138} INFO - Setting next_dagrun for example_dynamic_task_mapping to 2022-03-04 00:00:00+00:00, run_after=2022-03-05 00:00:00+00:00
[2024-08-27T09:22:28.524+0700] {processor.py:208} INFO - Processing /home/user/.local/lib/python3.10/site-packages/airflow/example_dags/example_dynamic_task_mapping.py took 0.074 seconds
[2024-08-27T09:23:29.344+0700] {processor.py:186} INFO - Started process (PID=7135) to work on /home/user/.local/lib/python3.10/site-packages/airflow/example_dags/example_dynamic_task_mapping.py
[2024-08-27T09:23:29.346+0700] {processor.py:914} INFO - Processing file /home/user/.local/lib/python3.10/site-packages/airflow/example_dags/example_dynamic_task_mapping.py for tasks to queue
[2024-08-27T09:23:29.348+0700] {logging_mixin.py:190} INFO - [2024-08-27T09:23:29.347+0700] {dagbag.py:587} INFO - Filling up the DagBag from /home/user/.local/lib/python3.10/site-packages/airflow/example_dags/example_dynamic_task_mapping.py
[2024-08-27T09:23:29.356+0700] {processor.py:925} INFO - DAG(s) 'example_dynamic_task_mapping' retrieved from /home/user/.local/lib/python3.10/site-packages/airflow/example_dags/example_dynamic_task_mapping.py
[2024-08-27T09:23:29.369+0700] {logging_mixin.py:190} INFO - [2024-08-27T09:23:29.369+0700] {dag.py:3211} INFO - Sync 1 DAGs
[2024-08-27T09:23:29.385+0700] {logging_mixin.py:190} INFO - [2024-08-27T09:23:29.385+0700] {dag.py:4138} INFO - Setting next_dagrun for example_dynamic_task_mapping to 2022-03-04 00:00:00+00:00, run_after=2022-03-05 00:00:00+00:00
[2024-08-27T09:23:29.589+0700] {processor.py:208} INFO - Processing /home/user/.local/lib/python3.10/site-packages/airflow/example_dags/example_dynamic_task_mapping.py took 0.251 seconds
[2024-08-27T09:24:29.153+0700] {processor.py:186} INFO - Started process (PID=7604) to work on /home/user/.local/lib/python3.10/site-packages/airflow/example_dags/example_dynamic_task_mapping.py
[2024-08-27T09:24:29.155+0700] {processor.py:914} INFO - Processing file /home/user/.local/lib/python3.10/site-packages/airflow/example_dags/example_dynamic_task_mapping.py for tasks to queue
[2024-08-27T09:24:29.157+0700] {logging_mixin.py:190} INFO - [2024-08-27T09:24:29.157+0700] {dagbag.py:587} INFO - Filling up the DagBag from /home/user/.local/lib/python3.10/site-packages/airflow/example_dags/example_dynamic_task_mapping.py
[2024-08-27T09:24:29.165+0700] {processor.py:925} INFO - DAG(s) 'example_dynamic_task_mapping' retrieved from /home/user/.local/lib/python3.10/site-packages/airflow/example_dags/example_dynamic_task_mapping.py
[2024-08-27T09:24:29.177+0700] {logging_mixin.py:190} INFO - [2024-08-27T09:24:29.177+0700] {dag.py:3211} INFO - Sync 1 DAGs
[2024-08-27T09:24:29.193+0700] {logging_mixin.py:190} INFO - [2024-08-27T09:24:29.193+0700] {dag.py:4138} INFO - Setting next_dagrun for example_dynamic_task_mapping to 2022-03-04 00:00:00+00:00, run_after=2022-03-05 00:00:00+00:00
[2024-08-27T09:24:29.325+0700] {processor.py:208} INFO - Processing /home/user/.local/lib/python3.10/site-packages/airflow/example_dags/example_dynamic_task_mapping.py took 0.177 seconds
[2024-08-27T09:25:37.381+0700] {processor.py:186} INFO - Started process (PID=8136) to work on /home/user/.local/lib/python3.10/site-packages/airflow/example_dags/example_dynamic_task_mapping.py
[2024-08-27T09:25:37.388+0700] {processor.py:914} INFO - Processing file /home/user/.local/lib/python3.10/site-packages/airflow/example_dags/example_dynamic_task_mapping.py for tasks to queue
[2024-08-27T09:25:37.390+0700] {logging_mixin.py:190} INFO - [2024-08-27T09:25:37.389+0700] {dagbag.py:587} INFO - Filling up the DagBag from /home/user/.local/lib/python3.10/site-packages/airflow/example_dags/example_dynamic_task_mapping.py
[2024-08-27T09:25:37.396+0700] {processor.py:925} INFO - DAG(s) 'example_dynamic_task_mapping' retrieved from /home/user/.local/lib/python3.10/site-packages/airflow/example_dags/example_dynamic_task_mapping.py
[2024-08-27T09:25:37.409+0700] {logging_mixin.py:190} INFO - [2024-08-27T09:25:37.409+0700] {dag.py:3211} INFO - Sync 1 DAGs
[2024-08-27T09:25:37.428+0700] {logging_mixin.py:190} INFO - [2024-08-27T09:25:37.428+0700] {dag.py:4138} INFO - Setting next_dagrun for example_dynamic_task_mapping to 2022-03-04 00:00:00+00:00, run_after=2022-03-05 00:00:00+00:00
[2024-08-27T09:25:37.554+0700] {processor.py:208} INFO - Processing /home/user/.local/lib/python3.10/site-packages/airflow/example_dags/example_dynamic_task_mapping.py took 0.178 seconds
[2024-08-27T09:26:43.597+0700] {processor.py:186} INFO - Started process (PID=8661) to work on /home/user/.local/lib/python3.10/site-packages/airflow/example_dags/example_dynamic_task_mapping.py
[2024-08-27T09:26:43.599+0700] {processor.py:914} INFO - Processing file /home/user/.local/lib/python3.10/site-packages/airflow/example_dags/example_dynamic_task_mapping.py for tasks to queue
[2024-08-27T09:26:43.601+0700] {logging_mixin.py:190} INFO - [2024-08-27T09:26:43.600+0700] {dagbag.py:587} INFO - Filling up the DagBag from /home/user/.local/lib/python3.10/site-packages/airflow/example_dags/example_dynamic_task_mapping.py
[2024-08-27T09:26:43.608+0700] {processor.py:925} INFO - DAG(s) 'example_dynamic_task_mapping' retrieved from /home/user/.local/lib/python3.10/site-packages/airflow/example_dags/example_dynamic_task_mapping.py
[2024-08-27T09:26:43.620+0700] {logging_mixin.py:190} INFO - [2024-08-27T09:26:43.620+0700] {dag.py:3211} INFO - Sync 1 DAGs
[2024-08-27T09:26:43.742+0700] {logging_mixin.py:190} INFO - [2024-08-27T09:26:43.742+0700] {dag.py:4138} INFO - Setting next_dagrun for example_dynamic_task_mapping to 2022-03-04 00:00:00+00:00, run_after=2022-03-05 00:00:00+00:00
[2024-08-27T09:26:43.761+0700] {processor.py:208} INFO - Processing /home/user/.local/lib/python3.10/site-packages/airflow/example_dags/example_dynamic_task_mapping.py took 0.168 seconds
[2024-08-27T09:27:41.852+0700] {processor.py:186} INFO - Started process (PID=9130) to work on /home/user/.local/lib/python3.10/site-packages/airflow/example_dags/example_dynamic_task_mapping.py
[2024-08-27T09:27:41.853+0700] {processor.py:914} INFO - Processing file /home/user/.local/lib/python3.10/site-packages/airflow/example_dags/example_dynamic_task_mapping.py for tasks to queue
[2024-08-27T09:27:41.855+0700] {logging_mixin.py:190} INFO - [2024-08-27T09:27:41.855+0700] {dagbag.py:587} INFO - Filling up the DagBag from /home/user/.local/lib/python3.10/site-packages/airflow/example_dags/example_dynamic_task_mapping.py
[2024-08-27T09:27:41.862+0700] {processor.py:925} INFO - DAG(s) 'example_dynamic_task_mapping' retrieved from /home/user/.local/lib/python3.10/site-packages/airflow/example_dags/example_dynamic_task_mapping.py
[2024-08-27T09:27:41.878+0700] {logging_mixin.py:190} INFO - [2024-08-27T09:27:41.878+0700] {dag.py:3211} INFO - Sync 1 DAGs
[2024-08-27T09:27:41.897+0700] {logging_mixin.py:190} INFO - [2024-08-27T09:27:41.897+0700] {dag.py:4138} INFO - Setting next_dagrun for example_dynamic_task_mapping to 2022-03-04 00:00:00+00:00, run_after=2022-03-05 00:00:00+00:00
[2024-08-27T09:27:41.917+0700] {processor.py:208} INFO - Processing /home/user/.local/lib/python3.10/site-packages/airflow/example_dags/example_dynamic_task_mapping.py took 0.070 seconds
[2024-08-27T09:28:49.317+0700] {processor.py:186} INFO - Started process (PID=9691) to work on /home/user/.local/lib/python3.10/site-packages/airflow/example_dags/example_dynamic_task_mapping.py
[2024-08-27T09:28:49.324+0700] {processor.py:914} INFO - Processing file /home/user/.local/lib/python3.10/site-packages/airflow/example_dags/example_dynamic_task_mapping.py for tasks to queue
[2024-08-27T09:28:49.326+0700] {logging_mixin.py:190} INFO - [2024-08-27T09:28:49.325+0700] {dagbag.py:587} INFO - Filling up the DagBag from /home/user/.local/lib/python3.10/site-packages/airflow/example_dags/example_dynamic_task_mapping.py
[2024-08-27T09:28:49.333+0700] {processor.py:925} INFO - DAG(s) 'example_dynamic_task_mapping' retrieved from /home/user/.local/lib/python3.10/site-packages/airflow/example_dags/example_dynamic_task_mapping.py
[2024-08-27T09:28:49.347+0700] {logging_mixin.py:190} INFO - [2024-08-27T09:28:49.347+0700] {dag.py:3211} INFO - Sync 1 DAGs
[2024-08-27T09:28:49.362+0700] {logging_mixin.py:190} INFO - [2024-08-27T09:28:49.362+0700] {dag.py:4138} INFO - Setting next_dagrun for example_dynamic_task_mapping to 2022-03-04 00:00:00+00:00, run_after=2022-03-05 00:00:00+00:00
[2024-08-27T09:28:49.381+0700] {processor.py:208} INFO - Processing /home/user/.local/lib/python3.10/site-packages/airflow/example_dags/example_dynamic_task_mapping.py took 0.067 seconds
[2024-08-27T09:30:31.235+0700] {processor.py:186} INFO - Started process (PID=10503) to work on /home/user/.local/lib/python3.10/site-packages/airflow/example_dags/example_dynamic_task_mapping.py
[2024-08-27T09:30:31.237+0700] {processor.py:914} INFO - Processing file /home/user/.local/lib/python3.10/site-packages/airflow/example_dags/example_dynamic_task_mapping.py for tasks to queue
[2024-08-27T09:30:31.241+0700] {logging_mixin.py:190} INFO - [2024-08-27T09:30:31.240+0700] {dagbag.py:587} INFO - Filling up the DagBag from /home/user/.local/lib/python3.10/site-packages/airflow/example_dags/example_dynamic_task_mapping.py
[2024-08-27T09:30:31.252+0700] {processor.py:925} INFO - DAG(s) 'example_dynamic_task_mapping' retrieved from /home/user/.local/lib/python3.10/site-packages/airflow/example_dags/example_dynamic_task_mapping.py
[2024-08-27T09:30:31.278+0700] {logging_mixin.py:190} INFO - [2024-08-27T09:30:31.278+0700] {dag.py:3211} INFO - Sync 1 DAGs
[2024-08-27T09:30:31.299+0700] {logging_mixin.py:190} INFO - [2024-08-27T09:30:31.299+0700] {dag.py:4138} INFO - Setting next_dagrun for example_dynamic_task_mapping to 2022-03-04 00:00:00+00:00, run_after=2022-03-05 00:00:00+00:00
[2024-08-27T09:30:31.328+0700] {processor.py:208} INFO - Processing /home/user/.local/lib/python3.10/site-packages/airflow/example_dags/example_dynamic_task_mapping.py took 0.100 seconds
[2024-08-27T09:31:40.410+0700] {processor.py:186} INFO - Started process (PID=11062) to work on /home/user/.local/lib/python3.10/site-packages/airflow/example_dags/example_dynamic_task_mapping.py
[2024-08-27T09:31:40.412+0700] {processor.py:914} INFO - Processing file /home/user/.local/lib/python3.10/site-packages/airflow/example_dags/example_dynamic_task_mapping.py for tasks to queue
[2024-08-27T09:31:40.414+0700] {logging_mixin.py:190} INFO - [2024-08-27T09:31:40.413+0700] {dagbag.py:587} INFO - Filling up the DagBag from /home/user/.local/lib/python3.10/site-packages/airflow/example_dags/example_dynamic_task_mapping.py
[2024-08-27T09:31:40.422+0700] {processor.py:925} INFO - DAG(s) 'example_dynamic_task_mapping' retrieved from /home/user/.local/lib/python3.10/site-packages/airflow/example_dags/example_dynamic_task_mapping.py
[2024-08-27T09:31:40.435+0700] {logging_mixin.py:190} INFO - [2024-08-27T09:31:40.435+0700] {dag.py:3211} INFO - Sync 1 DAGs
[2024-08-27T09:31:40.453+0700] {logging_mixin.py:190} INFO - [2024-08-27T09:31:40.452+0700] {dag.py:4138} INFO - Setting next_dagrun for example_dynamic_task_mapping to 2022-03-04 00:00:00+00:00, run_after=2022-03-05 00:00:00+00:00
[2024-08-27T09:31:40.594+0700] {processor.py:208} INFO - Processing /home/user/.local/lib/python3.10/site-packages/airflow/example_dags/example_dynamic_task_mapping.py took 0.188 seconds
[2024-08-27T09:33:04.918+0700] {processor.py:186} INFO - Started process (PID=11811) to work on /home/user/.local/lib/python3.10/site-packages/airflow/example_dags/example_dynamic_task_mapping.py
[2024-08-27T09:33:04.920+0700] {processor.py:914} INFO - Processing file /home/user/.local/lib/python3.10/site-packages/airflow/example_dags/example_dynamic_task_mapping.py for tasks to queue
[2024-08-27T09:33:04.922+0700] {logging_mixin.py:190} INFO - [2024-08-27T09:33:04.922+0700] {dagbag.py:587} INFO - Filling up the DagBag from /home/user/.local/lib/python3.10/site-packages/airflow/example_dags/example_dynamic_task_mapping.py
[2024-08-27T09:33:04.929+0700] {processor.py:925} INFO - DAG(s) 'example_dynamic_task_mapping' retrieved from /home/user/.local/lib/python3.10/site-packages/airflow/example_dags/example_dynamic_task_mapping.py
[2024-08-27T09:33:04.945+0700] {logging_mixin.py:190} INFO - [2024-08-27T09:33:04.945+0700] {dag.py:3211} INFO - Sync 1 DAGs
[2024-08-27T09:33:04.963+0700] {logging_mixin.py:190} INFO - [2024-08-27T09:33:04.963+0700] {dag.py:4138} INFO - Setting next_dagrun for example_dynamic_task_mapping to 2022-03-04 00:00:00+00:00, run_after=2022-03-05 00:00:00+00:00
[2024-08-27T09:33:04.982+0700] {processor.py:208} INFO - Processing /home/user/.local/lib/python3.10/site-packages/airflow/example_dags/example_dynamic_task_mapping.py took 0.069 seconds
[2024-08-27T09:35:05.868+0700] {processor.py:186} INFO - Started process (PID=12799) to work on /home/user/.local/lib/python3.10/site-packages/airflow/example_dags/example_dynamic_task_mapping.py
[2024-08-27T09:35:05.869+0700] {processor.py:914} INFO - Processing file /home/user/.local/lib/python3.10/site-packages/airflow/example_dags/example_dynamic_task_mapping.py for tasks to queue
[2024-08-27T09:35:05.872+0700] {logging_mixin.py:190} INFO - [2024-08-27T09:35:05.872+0700] {dagbag.py:587} INFO - Filling up the DagBag from /home/user/.local/lib/python3.10/site-packages/airflow/example_dags/example_dynamic_task_mapping.py
[2024-08-27T09:35:05.880+0700] {processor.py:925} INFO - DAG(s) 'example_dynamic_task_mapping' retrieved from /home/user/.local/lib/python3.10/site-packages/airflow/example_dags/example_dynamic_task_mapping.py
[2024-08-27T09:35:05.896+0700] {logging_mixin.py:190} INFO - [2024-08-27T09:35:05.896+0700] {dag.py:3211} INFO - Sync 1 DAGs
[2024-08-27T09:35:05.916+0700] {logging_mixin.py:190} INFO - [2024-08-27T09:35:05.915+0700] {dag.py:4138} INFO - Setting next_dagrun for example_dynamic_task_mapping to 2022-03-04 00:00:00+00:00, run_after=2022-03-05 00:00:00+00:00
[2024-08-27T09:35:05.936+0700] {processor.py:208} INFO - Processing /home/user/.local/lib/python3.10/site-packages/airflow/example_dags/example_dynamic_task_mapping.py took 0.073 seconds
[2024-08-27T09:36:12.638+0700] {processor.py:186} INFO - Started process (PID=13357) to work on /home/user/.local/lib/python3.10/site-packages/airflow/example_dags/example_dynamic_task_mapping.py
[2024-08-27T09:36:12.645+0700] {processor.py:914} INFO - Processing file /home/user/.local/lib/python3.10/site-packages/airflow/example_dags/example_dynamic_task_mapping.py for tasks to queue
[2024-08-27T09:36:12.647+0700] {logging_mixin.py:190} INFO - [2024-08-27T09:36:12.646+0700] {dagbag.py:587} INFO - Filling up the DagBag from /home/user/.local/lib/python3.10/site-packages/airflow/example_dags/example_dynamic_task_mapping.py
[2024-08-27T09:36:12.653+0700] {processor.py:925} INFO - DAG(s) 'example_dynamic_task_mapping' retrieved from /home/user/.local/lib/python3.10/site-packages/airflow/example_dags/example_dynamic_task_mapping.py
[2024-08-27T09:36:12.666+0700] {logging_mixin.py:190} INFO - [2024-08-27T09:36:12.666+0700] {dag.py:3211} INFO - Sync 1 DAGs
[2024-08-27T09:36:12.680+0700] {logging_mixin.py:190} INFO - [2024-08-27T09:36:12.680+0700] {dag.py:4138} INFO - Setting next_dagrun for example_dynamic_task_mapping to 2022-03-04 00:00:00+00:00, run_after=2022-03-05 00:00:00+00:00
[2024-08-27T09:36:12.697+0700] {processor.py:208} INFO - Processing /home/user/.local/lib/python3.10/site-packages/airflow/example_dags/example_dynamic_task_mapping.py took 0.063 seconds
[2024-08-27T09:37:16.169+0700] {processor.py:186} INFO - Started process (PID=13908) to work on /home/user/.local/lib/python3.10/site-packages/airflow/example_dags/example_dynamic_task_mapping.py
[2024-08-27T09:37:16.170+0700] {processor.py:914} INFO - Processing file /home/user/.local/lib/python3.10/site-packages/airflow/example_dags/example_dynamic_task_mapping.py for tasks to queue
[2024-08-27T09:37:16.172+0700] {logging_mixin.py:190} INFO - [2024-08-27T09:37:16.172+0700] {dagbag.py:587} INFO - Filling up the DagBag from /home/user/.local/lib/python3.10/site-packages/airflow/example_dags/example_dynamic_task_mapping.py
[2024-08-27T09:37:16.180+0700] {processor.py:925} INFO - DAG(s) 'example_dynamic_task_mapping' retrieved from /home/user/.local/lib/python3.10/site-packages/airflow/example_dags/example_dynamic_task_mapping.py
[2024-08-27T09:37:16.192+0700] {logging_mixin.py:190} INFO - [2024-08-27T09:37:16.192+0700] {dag.py:3211} INFO - Sync 1 DAGs
[2024-08-27T09:37:16.207+0700] {logging_mixin.py:190} INFO - [2024-08-27T09:37:16.207+0700] {dag.py:4138} INFO - Setting next_dagrun for example_dynamic_task_mapping to 2022-03-04 00:00:00+00:00, run_after=2022-03-05 00:00:00+00:00
[2024-08-27T09:37:16.359+0700] {processor.py:208} INFO - Processing /home/user/.local/lib/python3.10/site-packages/airflow/example_dags/example_dynamic_task_mapping.py took 0.196 seconds
[2024-08-27T09:38:16.131+0700] {processor.py:186} INFO - Started process (PID=14392) to work on /home/user/.local/lib/python3.10/site-packages/airflow/example_dags/example_dynamic_task_mapping.py
[2024-08-27T09:38:16.133+0700] {processor.py:914} INFO - Processing file /home/user/.local/lib/python3.10/site-packages/airflow/example_dags/example_dynamic_task_mapping.py for tasks to queue
[2024-08-27T09:38:16.135+0700] {logging_mixin.py:190} INFO - [2024-08-27T09:38:16.135+0700] {dagbag.py:587} INFO - Filling up the DagBag from /home/user/.local/lib/python3.10/site-packages/airflow/example_dags/example_dynamic_task_mapping.py
[2024-08-27T09:38:16.145+0700] {processor.py:925} INFO - DAG(s) 'example_dynamic_task_mapping' retrieved from /home/user/.local/lib/python3.10/site-packages/airflow/example_dags/example_dynamic_task_mapping.py
[2024-08-27T09:38:16.165+0700] {logging_mixin.py:190} INFO - [2024-08-27T09:38:16.164+0700] {dag.py:3211} INFO - Sync 1 DAGs
[2024-08-27T09:38:16.186+0700] {logging_mixin.py:190} INFO - [2024-08-27T09:38:16.186+0700] {dag.py:4138} INFO - Setting next_dagrun for example_dynamic_task_mapping to 2022-03-04 00:00:00+00:00, run_after=2022-03-05 00:00:00+00:00
[2024-08-27T09:38:16.329+0700] {processor.py:208} INFO - Processing /home/user/.local/lib/python3.10/site-packages/airflow/example_dags/example_dynamic_task_mapping.py took 0.204 seconds
[2024-08-27T09:39:52.301+0700] {processor.py:186} INFO - Started process (PID=15200) to work on /home/user/.local/lib/python3.10/site-packages/airflow/example_dags/example_dynamic_task_mapping.py
[2024-08-27T09:39:52.307+0700] {processor.py:914} INFO - Processing file /home/user/.local/lib/python3.10/site-packages/airflow/example_dags/example_dynamic_task_mapping.py for tasks to queue
[2024-08-27T09:39:52.310+0700] {logging_mixin.py:190} INFO - [2024-08-27T09:39:52.310+0700] {dagbag.py:587} INFO - Filling up the DagBag from /home/user/.local/lib/python3.10/site-packages/airflow/example_dags/example_dynamic_task_mapping.py
[2024-08-27T09:39:52.320+0700] {processor.py:925} INFO - DAG(s) 'example_dynamic_task_mapping' retrieved from /home/user/.local/lib/python3.10/site-packages/airflow/example_dags/example_dynamic_task_mapping.py
[2024-08-27T09:39:52.337+0700] {logging_mixin.py:190} INFO - [2024-08-27T09:39:52.337+0700] {dag.py:3211} INFO - Sync 1 DAGs
[2024-08-27T09:39:52.356+0700] {logging_mixin.py:190} INFO - [2024-08-27T09:39:52.356+0700] {dag.py:4138} INFO - Setting next_dagrun for example_dynamic_task_mapping to 2022-03-04 00:00:00+00:00, run_after=2022-03-05 00:00:00+00:00
[2024-08-27T09:39:52.377+0700] {processor.py:208} INFO - Processing /home/user/.local/lib/python3.10/site-packages/airflow/example_dags/example_dynamic_task_mapping.py took 0.081 seconds
[2024-08-27T09:40:52.824+0700] {processor.py:186} INFO - Started process (PID=15679) to work on /home/user/.local/lib/python3.10/site-packages/airflow/example_dags/example_dynamic_task_mapping.py
[2024-08-27T09:40:52.831+0700] {processor.py:914} INFO - Processing file /home/user/.local/lib/python3.10/site-packages/airflow/example_dags/example_dynamic_task_mapping.py for tasks to queue
[2024-08-27T09:40:52.833+0700] {logging_mixin.py:190} INFO - [2024-08-27T09:40:52.833+0700] {dagbag.py:587} INFO - Filling up the DagBag from /home/user/.local/lib/python3.10/site-packages/airflow/example_dags/example_dynamic_task_mapping.py
[2024-08-27T09:40:52.840+0700] {processor.py:925} INFO - DAG(s) 'example_dynamic_task_mapping' retrieved from /home/user/.local/lib/python3.10/site-packages/airflow/example_dags/example_dynamic_task_mapping.py
[2024-08-27T09:40:52.853+0700] {logging_mixin.py:190} INFO - [2024-08-27T09:40:52.853+0700] {dag.py:3211} INFO - Sync 1 DAGs
[2024-08-27T09:40:52.871+0700] {logging_mixin.py:190} INFO - [2024-08-27T09:40:52.871+0700] {dag.py:4138} INFO - Setting next_dagrun for example_dynamic_task_mapping to 2022-03-04 00:00:00+00:00, run_after=2022-03-05 00:00:00+00:00
[2024-08-27T09:40:52.893+0700] {processor.py:208} INFO - Processing /home/user/.local/lib/python3.10/site-packages/airflow/example_dags/example_dynamic_task_mapping.py took 0.075 seconds
[2024-08-27T09:41:57.805+0700] {processor.py:186} INFO - Started process (PID=16189) to work on /home/user/.local/lib/python3.10/site-packages/airflow/example_dags/example_dynamic_task_mapping.py
[2024-08-27T09:41:57.807+0700] {processor.py:914} INFO - Processing file /home/user/.local/lib/python3.10/site-packages/airflow/example_dags/example_dynamic_task_mapping.py for tasks to queue
[2024-08-27T09:41:57.810+0700] {logging_mixin.py:190} INFO - [2024-08-27T09:41:57.809+0700] {dagbag.py:587} INFO - Filling up the DagBag from /home/user/.local/lib/python3.10/site-packages/airflow/example_dags/example_dynamic_task_mapping.py
[2024-08-27T09:41:57.818+0700] {processor.py:925} INFO - DAG(s) 'example_dynamic_task_mapping' retrieved from /home/user/.local/lib/python3.10/site-packages/airflow/example_dags/example_dynamic_task_mapping.py
[2024-08-27T09:41:57.833+0700] {logging_mixin.py:190} INFO - [2024-08-27T09:41:57.832+0700] {dag.py:3211} INFO - Sync 1 DAGs
[2024-08-27T09:41:57.853+0700] {logging_mixin.py:190} INFO - [2024-08-27T09:41:57.853+0700] {dag.py:4138} INFO - Setting next_dagrun for example_dynamic_task_mapping to 2022-03-04 00:00:00+00:00, run_after=2022-03-05 00:00:00+00:00
[2024-08-27T09:41:57.876+0700] {processor.py:208} INFO - Processing /home/user/.local/lib/python3.10/site-packages/airflow/example_dags/example_dynamic_task_mapping.py took 0.076 seconds
[2024-08-27T09:43:14.714+0700] {processor.py:186} INFO - Started process (PID=16817) to work on /home/user/.local/lib/python3.10/site-packages/airflow/example_dags/example_dynamic_task_mapping.py
[2024-08-27T09:43:14.716+0700] {processor.py:914} INFO - Processing file /home/user/.local/lib/python3.10/site-packages/airflow/example_dags/example_dynamic_task_mapping.py for tasks to queue
[2024-08-27T09:43:14.718+0700] {logging_mixin.py:190} INFO - [2024-08-27T09:43:14.717+0700] {dagbag.py:587} INFO - Filling up the DagBag from /home/user/.local/lib/python3.10/site-packages/airflow/example_dags/example_dynamic_task_mapping.py
[2024-08-27T09:43:14.726+0700] {processor.py:925} INFO - DAG(s) 'example_dynamic_task_mapping' retrieved from /home/user/.local/lib/python3.10/site-packages/airflow/example_dags/example_dynamic_task_mapping.py
[2024-08-27T09:43:14.738+0700] {logging_mixin.py:190} INFO - [2024-08-27T09:43:14.738+0700] {dag.py:3211} INFO - Sync 1 DAGs
[2024-08-27T09:43:14.893+0700] {logging_mixin.py:190} INFO - [2024-08-27T09:43:14.892+0700] {dag.py:4138} INFO - Setting next_dagrun for example_dynamic_task_mapping to 2022-03-04 00:00:00+00:00, run_after=2022-03-05 00:00:00+00:00
[2024-08-27T09:43:14.941+0700] {processor.py:208} INFO - Processing /home/user/.local/lib/python3.10/site-packages/airflow/example_dags/example_dynamic_task_mapping.py took 0.232 seconds
[2024-08-27T09:44:37.998+0700] {processor.py:186} INFO - Started process (PID=17499) to work on /home/user/.local/lib/python3.10/site-packages/airflow/example_dags/example_dynamic_task_mapping.py
[2024-08-27T09:44:38.000+0700] {processor.py:914} INFO - Processing file /home/user/.local/lib/python3.10/site-packages/airflow/example_dags/example_dynamic_task_mapping.py for tasks to queue
[2024-08-27T09:44:38.003+0700] {logging_mixin.py:190} INFO - [2024-08-27T09:44:38.003+0700] {dagbag.py:587} INFO - Filling up the DagBag from /home/user/.local/lib/python3.10/site-packages/airflow/example_dags/example_dynamic_task_mapping.py
[2024-08-27T09:44:38.018+0700] {processor.py:925} INFO - DAG(s) 'example_dynamic_task_mapping' retrieved from /home/user/.local/lib/python3.10/site-packages/airflow/example_dags/example_dynamic_task_mapping.py
[2024-08-27T09:44:38.039+0700] {logging_mixin.py:190} INFO - [2024-08-27T09:44:38.039+0700] {dag.py:3211} INFO - Sync 1 DAGs
[2024-08-27T09:44:38.062+0700] {logging_mixin.py:190} INFO - [2024-08-27T09:44:38.061+0700] {dag.py:4138} INFO - Setting next_dagrun for example_dynamic_task_mapping to 2022-03-04 00:00:00+00:00, run_after=2022-03-05 00:00:00+00:00
[2024-08-27T09:44:38.089+0700] {processor.py:208} INFO - Processing /home/user/.local/lib/python3.10/site-packages/airflow/example_dags/example_dynamic_task_mapping.py took 0.098 seconds
