[2024-08-27T09:19:24.559+0700] {processor.py:186} INFO - Started process (PID=5099) to work on /home/user/.local/lib/python3.10/site-packages/airflow/example_dags/example_short_circuit_operator.py
[2024-08-27T09:19:24.562+0700] {processor.py:914} INFO - Processing file /home/user/.local/lib/python3.10/site-packages/airflow/example_dags/example_short_circuit_operator.py for tasks to queue
[2024-08-27T09:19:24.565+0700] {logging_mixin.py:190} INFO - [2024-08-27T09:19:24.564+0700] {dagbag.py:587} INFO - Filling up the DagBag from /home/user/.local/lib/python3.10/site-packages/airflow/example_dags/example_short_circuit_operator.py
[2024-08-27T09:19:24.595+0700] {processor.py:925} INFO - DAG(s) 'example_short_circuit_operator' retrieved from /home/user/.local/lib/python3.10/site-packages/airflow/example_dags/example_short_circuit_operator.py
[2024-08-27T09:19:24.625+0700] {logging_mixin.py:190} INFO - [2024-08-27T09:19:24.624+0700] {dag.py:3211} INFO - Sync 1 DAGs
[2024-08-27T09:19:24.647+0700] {logging_mixin.py:190} INFO - [2024-08-27T09:19:24.646+0700] {dag.py:4138} INFO - Setting next_dagrun for example_short_circuit_operator to 2024-08-26 00:00:00+00:00, run_after=2024-08-27 00:00:00+00:00
[2024-08-27T09:19:24.673+0700] {processor.py:208} INFO - Processing /home/user/.local/lib/python3.10/site-packages/airflow/example_dags/example_short_circuit_operator.py took 0.131 seconds
[2024-08-27T09:20:25.120+0700] {processor.py:186} INFO - Started process (PID=5648) to work on /home/user/.local/lib/python3.10/site-packages/airflow/example_dags/example_short_circuit_operator.py
[2024-08-27T09:20:25.122+0700] {processor.py:914} INFO - Processing file /home/user/.local/lib/python3.10/site-packages/airflow/example_dags/example_short_circuit_operator.py for tasks to queue
[2024-08-27T09:20:25.124+0700] {logging_mixin.py:190} INFO - [2024-08-27T09:20:25.124+0700] {dagbag.py:587} INFO - Filling up the DagBag from /home/user/.local/lib/python3.10/site-packages/airflow/example_dags/example_short_circuit_operator.py
[2024-08-27T09:20:25.131+0700] {processor.py:925} INFO - DAG(s) 'example_short_circuit_operator' retrieved from /home/user/.local/lib/python3.10/site-packages/airflow/example_dags/example_short_circuit_operator.py
[2024-08-27T09:20:25.149+0700] {logging_mixin.py:190} INFO - [2024-08-27T09:20:25.149+0700] {dag.py:3211} INFO - Sync 1 DAGs
[2024-08-27T09:20:25.166+0700] {logging_mixin.py:190} INFO - [2024-08-27T09:20:25.165+0700] {dag.py:4138} INFO - Setting next_dagrun for example_short_circuit_operator to 2024-08-26 00:00:00+00:00, run_after=2024-08-27 00:00:00+00:00
[2024-08-27T09:20:25.191+0700] {processor.py:208} INFO - Processing /home/user/.local/lib/python3.10/site-packages/airflow/example_dags/example_short_circuit_operator.py took 0.078 seconds
[2024-08-27T09:21:22.426+0700] {processor.py:186} INFO - Started process (PID=6114) to work on /home/user/.local/lib/python3.10/site-packages/airflow/example_dags/example_short_circuit_operator.py
[2024-08-27T09:21:22.430+0700] {processor.py:914} INFO - Processing file /home/user/.local/lib/python3.10/site-packages/airflow/example_dags/example_short_circuit_operator.py for tasks to queue
[2024-08-27T09:21:22.435+0700] {logging_mixin.py:190} INFO - [2024-08-27T09:21:22.434+0700] {dagbag.py:587} INFO - Filling up the DagBag from /home/user/.local/lib/python3.10/site-packages/airflow/example_dags/example_short_circuit_operator.py
[2024-08-27T09:21:22.445+0700] {processor.py:925} INFO - DAG(s) 'example_short_circuit_operator' retrieved from /home/user/.local/lib/python3.10/site-packages/airflow/example_dags/example_short_circuit_operator.py
[2024-08-27T09:21:22.471+0700] {logging_mixin.py:190} INFO - [2024-08-27T09:21:22.470+0700] {dag.py:3211} INFO - Sync 1 DAGs
[2024-08-27T09:21:22.501+0700] {logging_mixin.py:190} INFO - [2024-08-27T09:21:22.499+0700] {dag.py:4138} INFO - Setting next_dagrun for example_short_circuit_operator to 2024-08-26 00:00:00+00:00, run_after=2024-08-27 00:00:00+00:00
[2024-08-27T09:21:22.530+0700] {processor.py:208} INFO - Processing /home/user/.local/lib/python3.10/site-packages/airflow/example_dags/example_short_circuit_operator.py took 0.119 seconds
[2024-08-27T09:21:47.482+0700] {processor.py:186} INFO - Started process (PID=6314) to work on /home/user/.local/lib/python3.10/site-packages/airflow/example_dags/example_short_circuit_operator.py
[2024-08-27T09:21:47.484+0700] {processor.py:914} INFO - Processing file /home/user/.local/lib/python3.10/site-packages/airflow/example_dags/example_short_circuit_operator.py for tasks to queue
[2024-08-27T09:21:47.486+0700] {logging_mixin.py:190} INFO - [2024-08-27T09:21:47.486+0700] {dagbag.py:587} INFO - Filling up the DagBag from /home/user/.local/lib/python3.10/site-packages/airflow/example_dags/example_short_circuit_operator.py
[2024-08-27T09:21:47.496+0700] {processor.py:925} INFO - DAG(s) 'example_short_circuit_operator' retrieved from /home/user/.local/lib/python3.10/site-packages/airflow/example_dags/example_short_circuit_operator.py
[2024-08-27T09:21:47.513+0700] {logging_mixin.py:190} INFO - [2024-08-27T09:21:47.513+0700] {dag.py:3211} INFO - Sync 1 DAGs
[2024-08-27T09:21:47.529+0700] {logging_mixin.py:190} INFO - [2024-08-27T09:21:47.528+0700] {dag.py:4138} INFO - Setting next_dagrun for example_short_circuit_operator to 2024-08-26 00:00:00+00:00, run_after=2024-08-27 00:00:00+00:00
[2024-08-27T09:21:47.546+0700] {processor.py:208} INFO - Processing /home/user/.local/lib/python3.10/site-packages/airflow/example_dags/example_short_circuit_operator.py took 0.073 seconds
[2024-08-27T09:22:50.717+0700] {processor.py:186} INFO - Started process (PID=6818) to work on /home/user/.local/lib/python3.10/site-packages/airflow/example_dags/example_short_circuit_operator.py
[2024-08-27T09:22:50.718+0700] {processor.py:914} INFO - Processing file /home/user/.local/lib/python3.10/site-packages/airflow/example_dags/example_short_circuit_operator.py for tasks to queue
[2024-08-27T09:22:50.721+0700] {logging_mixin.py:190} INFO - [2024-08-27T09:22:50.721+0700] {dagbag.py:587} INFO - Filling up the DagBag from /home/user/.local/lib/python3.10/site-packages/airflow/example_dags/example_short_circuit_operator.py
[2024-08-27T09:22:50.729+0700] {processor.py:925} INFO - DAG(s) 'example_short_circuit_operator' retrieved from /home/user/.local/lib/python3.10/site-packages/airflow/example_dags/example_short_circuit_operator.py
[2024-08-27T09:22:50.745+0700] {logging_mixin.py:190} INFO - [2024-08-27T09:22:50.744+0700] {dag.py:3211} INFO - Sync 1 DAGs
[2024-08-27T09:22:50.762+0700] {logging_mixin.py:190} INFO - [2024-08-27T09:22:50.762+0700] {dag.py:4138} INFO - Setting next_dagrun for example_short_circuit_operator to 2024-08-26 00:00:00+00:00, run_after=2024-08-27 00:00:00+00:00
[2024-08-27T09:22:50.784+0700] {processor.py:208} INFO - Processing /home/user/.local/lib/python3.10/site-packages/airflow/example_dags/example_short_circuit_operator.py took 0.072 seconds
[2024-08-27T09:23:48.945+0700] {processor.py:186} INFO - Started process (PID=7292) to work on /home/user/.local/lib/python3.10/site-packages/airflow/example_dags/example_short_circuit_operator.py
[2024-08-27T09:23:48.946+0700] {processor.py:914} INFO - Processing file /home/user/.local/lib/python3.10/site-packages/airflow/example_dags/example_short_circuit_operator.py for tasks to queue
[2024-08-27T09:23:48.950+0700] {logging_mixin.py:190} INFO - [2024-08-27T09:23:48.949+0700] {dagbag.py:587} INFO - Filling up the DagBag from /home/user/.local/lib/python3.10/site-packages/airflow/example_dags/example_short_circuit_operator.py
[2024-08-27T09:23:48.960+0700] {processor.py:925} INFO - DAG(s) 'example_short_circuit_operator' retrieved from /home/user/.local/lib/python3.10/site-packages/airflow/example_dags/example_short_circuit_operator.py
[2024-08-27T09:23:48.977+0700] {logging_mixin.py:190} INFO - [2024-08-27T09:23:48.976+0700] {dag.py:3211} INFO - Sync 1 DAGs
[2024-08-27T09:23:48.997+0700] {logging_mixin.py:190} INFO - [2024-08-27T09:23:48.996+0700] {dag.py:4138} INFO - Setting next_dagrun for example_short_circuit_operator to 2024-08-26 00:00:00+00:00, run_after=2024-08-27 00:00:00+00:00
[2024-08-27T09:23:49.016+0700] {processor.py:208} INFO - Processing /home/user/.local/lib/python3.10/site-packages/airflow/example_dags/example_short_circuit_operator.py took 0.077 seconds
[2024-08-27T09:24:53.056+0700] {processor.py:186} INFO - Started process (PID=7794) to work on /home/user/.local/lib/python3.10/site-packages/airflow/example_dags/example_short_circuit_operator.py
[2024-08-27T09:24:53.057+0700] {processor.py:914} INFO - Processing file /home/user/.local/lib/python3.10/site-packages/airflow/example_dags/example_short_circuit_operator.py for tasks to queue
[2024-08-27T09:24:53.059+0700] {logging_mixin.py:190} INFO - [2024-08-27T09:24:53.059+0700] {dagbag.py:587} INFO - Filling up the DagBag from /home/user/.local/lib/python3.10/site-packages/airflow/example_dags/example_short_circuit_operator.py
[2024-08-27T09:24:53.067+0700] {processor.py:925} INFO - DAG(s) 'example_short_circuit_operator' retrieved from /home/user/.local/lib/python3.10/site-packages/airflow/example_dags/example_short_circuit_operator.py
[2024-08-27T09:24:53.102+0700] {logging_mixin.py:190} INFO - [2024-08-27T09:24:53.102+0700] {dag.py:3211} INFO - Sync 1 DAGs
[2024-08-27T09:24:53.120+0700] {logging_mixin.py:190} INFO - [2024-08-27T09:24:53.120+0700] {dag.py:4138} INFO - Setting next_dagrun for example_short_circuit_operator to 2024-08-26 00:00:00+00:00, run_after=2024-08-27 00:00:00+00:00
[2024-08-27T09:24:53.138+0700] {processor.py:208} INFO - Processing /home/user/.local/lib/python3.10/site-packages/airflow/example_dags/example_short_circuit_operator.py took 0.086 seconds
[2024-08-27T09:26:00.702+0700] {processor.py:186} INFO - Started process (PID=8321) to work on /home/user/.local/lib/python3.10/site-packages/airflow/example_dags/example_short_circuit_operator.py
[2024-08-27T09:26:00.703+0700] {processor.py:914} INFO - Processing file /home/user/.local/lib/python3.10/site-packages/airflow/example_dags/example_short_circuit_operator.py for tasks to queue
[2024-08-27T09:26:00.705+0700] {logging_mixin.py:190} INFO - [2024-08-27T09:26:00.705+0700] {dagbag.py:587} INFO - Filling up the DagBag from /home/user/.local/lib/python3.10/site-packages/airflow/example_dags/example_short_circuit_operator.py
[2024-08-27T09:26:00.712+0700] {processor.py:925} INFO - DAG(s) 'example_short_circuit_operator' retrieved from /home/user/.local/lib/python3.10/site-packages/airflow/example_dags/example_short_circuit_operator.py
[2024-08-27T09:26:00.728+0700] {logging_mixin.py:190} INFO - [2024-08-27T09:26:00.728+0700] {dag.py:3211} INFO - Sync 1 DAGs
[2024-08-27T09:26:00.744+0700] {logging_mixin.py:190} INFO - [2024-08-27T09:26:00.743+0700] {dag.py:4138} INFO - Setting next_dagrun for example_short_circuit_operator to 2024-08-26 00:00:00+00:00, run_after=2024-08-27 00:00:00+00:00
[2024-08-27T09:26:00.763+0700] {processor.py:208} INFO - Processing /home/user/.local/lib/python3.10/site-packages/airflow/example_dags/example_short_circuit_operator.py took 0.065 seconds
[2024-08-27T09:27:02.945+0700] {processor.py:186} INFO - Started process (PID=8817) to work on /home/user/.local/lib/python3.10/site-packages/airflow/example_dags/example_short_circuit_operator.py
[2024-08-27T09:27:02.952+0700] {processor.py:914} INFO - Processing file /home/user/.local/lib/python3.10/site-packages/airflow/example_dags/example_short_circuit_operator.py for tasks to queue
[2024-08-27T09:27:02.954+0700] {logging_mixin.py:190} INFO - [2024-08-27T09:27:02.954+0700] {dagbag.py:587} INFO - Filling up the DagBag from /home/user/.local/lib/python3.10/site-packages/airflow/example_dags/example_short_circuit_operator.py
[2024-08-27T09:27:02.964+0700] {processor.py:925} INFO - DAG(s) 'example_short_circuit_operator' retrieved from /home/user/.local/lib/python3.10/site-packages/airflow/example_dags/example_short_circuit_operator.py
[2024-08-27T09:27:02.980+0700] {logging_mixin.py:190} INFO - [2024-08-27T09:27:02.979+0700] {dag.py:3211} INFO - Sync 1 DAGs
[2024-08-27T09:27:03.015+0700] {logging_mixin.py:190} INFO - [2024-08-27T09:27:03.014+0700] {dag.py:4138} INFO - Setting next_dagrun for example_short_circuit_operator to 2024-08-26 00:00:00+00:00, run_after=2024-08-27 00:00:00+00:00
[2024-08-27T09:27:03.038+0700] {processor.py:208} INFO - Processing /home/user/.local/lib/python3.10/site-packages/airflow/example_dags/example_short_circuit_operator.py took 0.097 seconds
[2024-08-27T09:28:11.314+0700] {processor.py:186} INFO - Started process (PID=9374) to work on /home/user/.local/lib/python3.10/site-packages/airflow/example_dags/example_short_circuit_operator.py
[2024-08-27T09:28:11.320+0700] {processor.py:914} INFO - Processing file /home/user/.local/lib/python3.10/site-packages/airflow/example_dags/example_short_circuit_operator.py for tasks to queue
[2024-08-27T09:28:11.322+0700] {logging_mixin.py:190} INFO - [2024-08-27T09:28:11.321+0700] {dagbag.py:587} INFO - Filling up the DagBag from /home/user/.local/lib/python3.10/site-packages/airflow/example_dags/example_short_circuit_operator.py
[2024-08-27T09:28:11.329+0700] {processor.py:925} INFO - DAG(s) 'example_short_circuit_operator' retrieved from /home/user/.local/lib/python3.10/site-packages/airflow/example_dags/example_short_circuit_operator.py
[2024-08-27T09:28:11.344+0700] {logging_mixin.py:190} INFO - [2024-08-27T09:28:11.344+0700] {dag.py:3211} INFO - Sync 1 DAGs
[2024-08-27T09:28:11.359+0700] {logging_mixin.py:190} INFO - [2024-08-27T09:28:11.358+0700] {dag.py:4138} INFO - Setting next_dagrun for example_short_circuit_operator to 2024-08-26 00:00:00+00:00, run_after=2024-08-27 00:00:00+00:00
[2024-08-27T09:28:11.377+0700] {processor.py:208} INFO - Processing /home/user/.local/lib/python3.10/site-packages/airflow/example_dags/example_short_circuit_operator.py took 0.068 seconds
[2024-08-27T09:29:10.997+0700] {processor.py:186} INFO - Started process (PID=9858) to work on /home/user/.local/lib/python3.10/site-packages/airflow/example_dags/example_short_circuit_operator.py
[2024-08-27T09:29:10.999+0700] {processor.py:914} INFO - Processing file /home/user/.local/lib/python3.10/site-packages/airflow/example_dags/example_short_circuit_operator.py for tasks to queue
[2024-08-27T09:29:11.001+0700] {logging_mixin.py:190} INFO - [2024-08-27T09:29:11.001+0700] {dagbag.py:587} INFO - Filling up the DagBag from /home/user/.local/lib/python3.10/site-packages/airflow/example_dags/example_short_circuit_operator.py
[2024-08-27T09:29:11.011+0700] {processor.py:925} INFO - DAG(s) 'example_short_circuit_operator' retrieved from /home/user/.local/lib/python3.10/site-packages/airflow/example_dags/example_short_circuit_operator.py
[2024-08-27T09:29:11.047+0700] {logging_mixin.py:190} INFO - [2024-08-27T09:29:11.046+0700] {dag.py:3211} INFO - Sync 1 DAGs
[2024-08-27T09:29:11.067+0700] {logging_mixin.py:190} INFO - [2024-08-27T09:29:11.066+0700] {dag.py:4138} INFO - Setting next_dagrun for example_short_circuit_operator to 2024-08-26 00:00:00+00:00, run_after=2024-08-27 00:00:00+00:00
[2024-08-27T09:29:11.088+0700] {processor.py:208} INFO - Processing /home/user/.local/lib/python3.10/site-packages/airflow/example_dags/example_short_circuit_operator.py took 0.096 seconds
[2024-08-27T09:29:52.316+0700] {processor.py:186} INFO - Started process (PID=10194) to work on /home/user/.local/lib/python3.10/site-packages/airflow/example_dags/example_short_circuit_operator.py
[2024-08-27T09:29:52.322+0700] {processor.py:914} INFO - Processing file /home/user/.local/lib/python3.10/site-packages/airflow/example_dags/example_short_circuit_operator.py for tasks to queue
[2024-08-27T09:29:52.325+0700] {logging_mixin.py:190} INFO - [2024-08-27T09:29:52.324+0700] {dagbag.py:587} INFO - Filling up the DagBag from /home/user/.local/lib/python3.10/site-packages/airflow/example_dags/example_short_circuit_operator.py
[2024-08-27T09:29:52.336+0700] {processor.py:925} INFO - DAG(s) 'example_short_circuit_operator' retrieved from /home/user/.local/lib/python3.10/site-packages/airflow/example_dags/example_short_circuit_operator.py
[2024-08-27T09:29:52.354+0700] {logging_mixin.py:190} INFO - [2024-08-27T09:29:52.354+0700] {dag.py:3211} INFO - Sync 1 DAGs
[2024-08-27T09:29:52.371+0700] {logging_mixin.py:190} INFO - [2024-08-27T09:29:52.371+0700] {dag.py:4138} INFO - Setting next_dagrun for example_short_circuit_operator to 2024-08-26 00:00:00+00:00, run_after=2024-08-27 00:00:00+00:00
[2024-08-27T09:29:52.391+0700] {processor.py:208} INFO - Processing /home/user/.local/lib/python3.10/site-packages/airflow/example_dags/example_short_circuit_operator.py took 0.081 seconds
[2024-08-27T09:30:57.551+0700] {processor.py:186} INFO - Started process (PID=10724) to work on /home/user/.local/lib/python3.10/site-packages/airflow/example_dags/example_short_circuit_operator.py
[2024-08-27T09:30:57.557+0700] {processor.py:914} INFO - Processing file /home/user/.local/lib/python3.10/site-packages/airflow/example_dags/example_short_circuit_operator.py for tasks to queue
[2024-08-27T09:30:57.559+0700] {logging_mixin.py:190} INFO - [2024-08-27T09:30:57.559+0700] {dagbag.py:587} INFO - Filling up the DagBag from /home/user/.local/lib/python3.10/site-packages/airflow/example_dags/example_short_circuit_operator.py
[2024-08-27T09:30:57.566+0700] {processor.py:925} INFO - DAG(s) 'example_short_circuit_operator' retrieved from /home/user/.local/lib/python3.10/site-packages/airflow/example_dags/example_short_circuit_operator.py
[2024-08-27T09:30:57.581+0700] {logging_mixin.py:190} INFO - [2024-08-27T09:30:57.581+0700] {dag.py:3211} INFO - Sync 1 DAGs
[2024-08-27T09:30:57.597+0700] {logging_mixin.py:190} INFO - [2024-08-27T09:30:57.597+0700] {dag.py:4138} INFO - Setting next_dagrun for example_short_circuit_operator to 2024-08-26 00:00:00+00:00, run_after=2024-08-27 00:00:00+00:00
[2024-08-27T09:30:57.616+0700] {processor.py:208} INFO - Processing /home/user/.local/lib/python3.10/site-packages/airflow/example_dags/example_short_circuit_operator.py took 0.070 seconds
[2024-08-27T09:31:55.911+0700] {processor.py:186} INFO - Started process (PID=11248) to work on /home/user/.local/lib/python3.10/site-packages/airflow/example_dags/example_short_circuit_operator.py
[2024-08-27T09:31:55.915+0700] {processor.py:914} INFO - Processing file /home/user/.local/lib/python3.10/site-packages/airflow/example_dags/example_short_circuit_operator.py for tasks to queue
[2024-08-27T09:31:55.919+0700] {logging_mixin.py:190} INFO - [2024-08-27T09:31:55.918+0700] {dagbag.py:587} INFO - Filling up the DagBag from /home/user/.local/lib/python3.10/site-packages/airflow/example_dags/example_short_circuit_operator.py
[2024-08-27T09:31:55.939+0700] {processor.py:925} INFO - DAG(s) 'example_short_circuit_operator' retrieved from /home/user/.local/lib/python3.10/site-packages/airflow/example_dags/example_short_circuit_operator.py
[2024-08-27T09:31:55.970+0700] {logging_mixin.py:190} INFO - [2024-08-27T09:31:55.970+0700] {dag.py:3211} INFO - Sync 1 DAGs
[2024-08-27T09:31:55.990+0700] {logging_mixin.py:190} INFO - [2024-08-27T09:31:55.989+0700] {dag.py:4138} INFO - Setting next_dagrun for example_short_circuit_operator to 2024-08-26 00:00:00+00:00, run_after=2024-08-27 00:00:00+00:00
[2024-08-27T09:31:56.016+0700] {processor.py:208} INFO - Processing /home/user/.local/lib/python3.10/site-packages/airflow/example_dags/example_short_circuit_operator.py took 0.128 seconds
[2024-08-27T09:32:26.846+0700] {processor.py:186} INFO - Started process (PID=11507) to work on /home/user/.local/lib/python3.10/site-packages/airflow/example_dags/example_short_circuit_operator.py
[2024-08-27T09:32:26.846+0700] {processor.py:914} INFO - Processing file /home/user/.local/lib/python3.10/site-packages/airflow/example_dags/example_short_circuit_operator.py for tasks to queue
[2024-08-27T09:32:26.848+0700] {logging_mixin.py:190} INFO - [2024-08-27T09:32:26.847+0700] {dagbag.py:587} INFO - Filling up the DagBag from /home/user/.local/lib/python3.10/site-packages/airflow/example_dags/example_short_circuit_operator.py
[2024-08-27T09:32:26.856+0700] {processor.py:925} INFO - DAG(s) 'example_short_circuit_operator' retrieved from /home/user/.local/lib/python3.10/site-packages/airflow/example_dags/example_short_circuit_operator.py
[2024-08-27T09:32:26.873+0700] {logging_mixin.py:190} INFO - [2024-08-27T09:32:26.872+0700] {dag.py:3211} INFO - Sync 1 DAGs
[2024-08-27T09:32:26.887+0700] {logging_mixin.py:190} INFO - [2024-08-27T09:32:26.887+0700] {dag.py:4138} INFO - Setting next_dagrun for example_short_circuit_operator to 2024-08-26 00:00:00+00:00, run_after=2024-08-27 00:00:00+00:00
[2024-08-27T09:32:26.904+0700] {processor.py:208} INFO - Processing /home/user/.local/lib/python3.10/site-packages/airflow/example_dags/example_short_circuit_operator.py took 0.063 seconds
[2024-08-27T09:33:30.537+0700] {processor.py:186} INFO - Started process (PID=12024) to work on /home/user/.local/lib/python3.10/site-packages/airflow/example_dags/example_short_circuit_operator.py
[2024-08-27T09:33:30.543+0700] {processor.py:914} INFO - Processing file /home/user/.local/lib/python3.10/site-packages/airflow/example_dags/example_short_circuit_operator.py for tasks to queue
[2024-08-27T09:33:30.546+0700] {logging_mixin.py:190} INFO - [2024-08-27T09:33:30.546+0700] {dagbag.py:587} INFO - Filling up the DagBag from /home/user/.local/lib/python3.10/site-packages/airflow/example_dags/example_short_circuit_operator.py
[2024-08-27T09:33:30.554+0700] {processor.py:925} INFO - DAG(s) 'example_short_circuit_operator' retrieved from /home/user/.local/lib/python3.10/site-packages/airflow/example_dags/example_short_circuit_operator.py
[2024-08-27T09:33:30.569+0700] {logging_mixin.py:190} INFO - [2024-08-27T09:33:30.568+0700] {dag.py:3211} INFO - Sync 1 DAGs
[2024-08-27T09:33:30.582+0700] {logging_mixin.py:190} INFO - [2024-08-27T09:33:30.582+0700] {dag.py:4138} INFO - Setting next_dagrun for example_short_circuit_operator to 2024-08-26 00:00:00+00:00, run_after=2024-08-27 00:00:00+00:00
[2024-08-27T09:33:30.600+0700] {processor.py:208} INFO - Processing /home/user/.local/lib/python3.10/site-packages/airflow/example_dags/example_short_circuit_operator.py took 0.068 seconds
[2024-08-27T09:34:24.219+0700] {processor.py:186} INFO - Started process (PID=12453) to work on /home/user/.local/lib/python3.10/site-packages/airflow/example_dags/example_short_circuit_operator.py
[2024-08-27T09:34:24.221+0700] {processor.py:914} INFO - Processing file /home/user/.local/lib/python3.10/site-packages/airflow/example_dags/example_short_circuit_operator.py for tasks to queue
[2024-08-27T09:34:24.223+0700] {logging_mixin.py:190} INFO - [2024-08-27T09:34:24.222+0700] {dagbag.py:587} INFO - Filling up the DagBag from /home/user/.local/lib/python3.10/site-packages/airflow/example_dags/example_short_circuit_operator.py
[2024-08-27T09:34:24.230+0700] {processor.py:925} INFO - DAG(s) 'example_short_circuit_operator' retrieved from /home/user/.local/lib/python3.10/site-packages/airflow/example_dags/example_short_circuit_operator.py
[2024-08-27T09:34:24.246+0700] {logging_mixin.py:190} INFO - [2024-08-27T09:34:24.246+0700] {dag.py:3211} INFO - Sync 1 DAGs
[2024-08-27T09:34:24.260+0700] {logging_mixin.py:190} INFO - [2024-08-27T09:34:24.260+0700] {dag.py:4138} INFO - Setting next_dagrun for example_short_circuit_operator to 2024-08-26 00:00:00+00:00, run_after=2024-08-27 00:00:00+00:00
[2024-08-27T09:34:24.280+0700] {processor.py:208} INFO - Processing /home/user/.local/lib/python3.10/site-packages/airflow/example_dags/example_short_circuit_operator.py took 0.066 seconds
[2024-08-27T09:35:32.486+0700] {processor.py:186} INFO - Started process (PID=13021) to work on /home/user/.local/lib/python3.10/site-packages/airflow/example_dags/example_short_circuit_operator.py
[2024-08-27T09:35:32.487+0700] {processor.py:914} INFO - Processing file /home/user/.local/lib/python3.10/site-packages/airflow/example_dags/example_short_circuit_operator.py for tasks to queue
[2024-08-27T09:35:32.489+0700] {logging_mixin.py:190} INFO - [2024-08-27T09:35:32.489+0700] {dagbag.py:587} INFO - Filling up the DagBag from /home/user/.local/lib/python3.10/site-packages/airflow/example_dags/example_short_circuit_operator.py
[2024-08-27T09:35:32.503+0700] {processor.py:925} INFO - DAG(s) 'example_short_circuit_operator' retrieved from /home/user/.local/lib/python3.10/site-packages/airflow/example_dags/example_short_circuit_operator.py
[2024-08-27T09:35:32.521+0700] {logging_mixin.py:190} INFO - [2024-08-27T09:35:32.520+0700] {dag.py:3211} INFO - Sync 1 DAGs
[2024-08-27T09:35:32.537+0700] {logging_mixin.py:190} INFO - [2024-08-27T09:35:32.537+0700] {dag.py:4138} INFO - Setting next_dagrun for example_short_circuit_operator to 2024-08-26 00:00:00+00:00, run_after=2024-08-27 00:00:00+00:00
[2024-08-27T09:35:32.553+0700] {processor.py:208} INFO - Processing /home/user/.local/lib/python3.10/site-packages/airflow/example_dags/example_short_circuit_operator.py took 0.072 seconds
[2024-08-27T09:36:34.720+0700] {processor.py:186} INFO - Started process (PID=13531) to work on /home/user/.local/lib/python3.10/site-packages/airflow/example_dags/example_short_circuit_operator.py
[2024-08-27T09:36:34.721+0700] {processor.py:914} INFO - Processing file /home/user/.local/lib/python3.10/site-packages/airflow/example_dags/example_short_circuit_operator.py for tasks to queue
[2024-08-27T09:36:34.725+0700] {logging_mixin.py:190} INFO - [2024-08-27T09:36:34.724+0700] {dagbag.py:587} INFO - Filling up the DagBag from /home/user/.local/lib/python3.10/site-packages/airflow/example_dags/example_short_circuit_operator.py
[2024-08-27T09:36:34.735+0700] {processor.py:925} INFO - DAG(s) 'example_short_circuit_operator' retrieved from /home/user/.local/lib/python3.10/site-packages/airflow/example_dags/example_short_circuit_operator.py
[2024-08-27T09:36:34.754+0700] {logging_mixin.py:190} INFO - [2024-08-27T09:36:34.753+0700] {dag.py:3211} INFO - Sync 1 DAGs
[2024-08-27T09:36:34.771+0700] {logging_mixin.py:190} INFO - [2024-08-27T09:36:34.771+0700] {dag.py:4138} INFO - Setting next_dagrun for example_short_circuit_operator to 2024-08-26 00:00:00+00:00, run_after=2024-08-27 00:00:00+00:00
[2024-08-27T09:36:34.798+0700] {processor.py:208} INFO - Processing /home/user/.local/lib/python3.10/site-packages/airflow/example_dags/example_short_circuit_operator.py took 0.085 seconds
[2024-08-27T09:37:38.525+0700] {processor.py:186} INFO - Started process (PID=14096) to work on /home/user/.local/lib/python3.10/site-packages/airflow/example_dags/example_short_circuit_operator.py
[2024-08-27T09:37:38.532+0700] {processor.py:914} INFO - Processing file /home/user/.local/lib/python3.10/site-packages/airflow/example_dags/example_short_circuit_operator.py for tasks to queue
[2024-08-27T09:37:38.534+0700] {logging_mixin.py:190} INFO - [2024-08-27T09:37:38.534+0700] {dagbag.py:587} INFO - Filling up the DagBag from /home/user/.local/lib/python3.10/site-packages/airflow/example_dags/example_short_circuit_operator.py
[2024-08-27T09:37:38.541+0700] {processor.py:925} INFO - DAG(s) 'example_short_circuit_operator' retrieved from /home/user/.local/lib/python3.10/site-packages/airflow/example_dags/example_short_circuit_operator.py
[2024-08-27T09:37:38.554+0700] {logging_mixin.py:190} INFO - [2024-08-27T09:37:38.554+0700] {dag.py:3211} INFO - Sync 1 DAGs
[2024-08-27T09:37:38.567+0700] {logging_mixin.py:190} INFO - [2024-08-27T09:37:38.567+0700] {dag.py:4138} INFO - Setting next_dagrun for example_short_circuit_operator to 2024-08-26 00:00:00+00:00, run_after=2024-08-27 00:00:00+00:00
[2024-08-27T09:37:38.588+0700] {processor.py:208} INFO - Processing /home/user/.local/lib/python3.10/site-packages/airflow/example_dags/example_short_circuit_operator.py took 0.067 seconds
[2024-08-27T09:38:40.100+0700] {processor.py:186} INFO - Started process (PID=14580) to work on /home/user/.local/lib/python3.10/site-packages/airflow/example_dags/example_short_circuit_operator.py
[2024-08-27T09:38:40.102+0700] {processor.py:914} INFO - Processing file /home/user/.local/lib/python3.10/site-packages/airflow/example_dags/example_short_circuit_operator.py for tasks to queue
[2024-08-27T09:38:40.105+0700] {logging_mixin.py:190} INFO - [2024-08-27T09:38:40.104+0700] {dagbag.py:587} INFO - Filling up the DagBag from /home/user/.local/lib/python3.10/site-packages/airflow/example_dags/example_short_circuit_operator.py
[2024-08-27T09:38:40.117+0700] {processor.py:925} INFO - DAG(s) 'example_short_circuit_operator' retrieved from /home/user/.local/lib/python3.10/site-packages/airflow/example_dags/example_short_circuit_operator.py
[2024-08-27T09:38:40.135+0700] {logging_mixin.py:190} INFO - [2024-08-27T09:38:40.135+0700] {dag.py:3211} INFO - Sync 1 DAGs
[2024-08-27T09:38:40.156+0700] {logging_mixin.py:190} INFO - [2024-08-27T09:38:40.156+0700] {dag.py:4138} INFO - Setting next_dagrun for example_short_circuit_operator to 2024-08-26 00:00:00+00:00, run_after=2024-08-27 00:00:00+00:00
[2024-08-27T09:38:40.176+0700] {processor.py:208} INFO - Processing /home/user/.local/lib/python3.10/site-packages/airflow/example_dags/example_short_circuit_operator.py took 0.081 seconds
[2024-08-27T09:39:03.757+0700] {processor.py:186} INFO - Started process (PID=14772) to work on /home/user/.local/lib/python3.10/site-packages/airflow/example_dags/example_short_circuit_operator.py
[2024-08-27T09:39:03.758+0700] {processor.py:914} INFO - Processing file /home/user/.local/lib/python3.10/site-packages/airflow/example_dags/example_short_circuit_operator.py for tasks to queue
[2024-08-27T09:39:03.760+0700] {logging_mixin.py:190} INFO - [2024-08-27T09:39:03.759+0700] {dagbag.py:587} INFO - Filling up the DagBag from /home/user/.local/lib/python3.10/site-packages/airflow/example_dags/example_short_circuit_operator.py
[2024-08-27T09:39:03.780+0700] {processor.py:925} INFO - DAG(s) 'example_short_circuit_operator' retrieved from /home/user/.local/lib/python3.10/site-packages/airflow/example_dags/example_short_circuit_operator.py
[2024-08-27T09:39:03.802+0700] {logging_mixin.py:190} INFO - [2024-08-27T09:39:03.802+0700] {dag.py:3211} INFO - Sync 1 DAGs
[2024-08-27T09:39:03.819+0700] {logging_mixin.py:190} INFO - [2024-08-27T09:39:03.819+0700] {dag.py:4138} INFO - Setting next_dagrun for example_short_circuit_operator to 2024-08-26 00:00:00+00:00, run_after=2024-08-27 00:00:00+00:00
[2024-08-27T09:39:03.837+0700] {processor.py:208} INFO - Processing /home/user/.local/lib/python3.10/site-packages/airflow/example_dags/example_short_circuit_operator.py took 0.085 seconds
[2024-08-27T09:40:13.544+0700] {processor.py:186} INFO - Started process (PID=15371) to work on /home/user/.local/lib/python3.10/site-packages/airflow/example_dags/example_short_circuit_operator.py
[2024-08-27T09:40:13.546+0700] {processor.py:914} INFO - Processing file /home/user/.local/lib/python3.10/site-packages/airflow/example_dags/example_short_circuit_operator.py for tasks to queue
[2024-08-27T09:40:13.549+0700] {logging_mixin.py:190} INFO - [2024-08-27T09:40:13.548+0700] {dagbag.py:587} INFO - Filling up the DagBag from /home/user/.local/lib/python3.10/site-packages/airflow/example_dags/example_short_circuit_operator.py
[2024-08-27T09:40:13.559+0700] {processor.py:925} INFO - DAG(s) 'example_short_circuit_operator' retrieved from /home/user/.local/lib/python3.10/site-packages/airflow/example_dags/example_short_circuit_operator.py
[2024-08-27T09:40:13.581+0700] {logging_mixin.py:190} INFO - [2024-08-27T09:40:13.581+0700] {dag.py:3211} INFO - Sync 1 DAGs
[2024-08-27T09:40:13.597+0700] {logging_mixin.py:190} INFO - [2024-08-27T09:40:13.597+0700] {dag.py:4138} INFO - Setting next_dagrun for example_short_circuit_operator to 2024-08-26 00:00:00+00:00, run_after=2024-08-27 00:00:00+00:00
[2024-08-27T09:40:13.622+0700] {processor.py:208} INFO - Processing /home/user/.local/lib/python3.10/site-packages/airflow/example_dags/example_short_circuit_operator.py took 0.084 seconds
[2024-08-27T09:41:14.018+0700] {processor.py:186} INFO - Started process (PID=15843) to work on /home/user/.local/lib/python3.10/site-packages/airflow/example_dags/example_short_circuit_operator.py
[2024-08-27T09:41:14.019+0700] {processor.py:914} INFO - Processing file /home/user/.local/lib/python3.10/site-packages/airflow/example_dags/example_short_circuit_operator.py for tasks to queue
[2024-08-27T09:41:14.021+0700] {logging_mixin.py:190} INFO - [2024-08-27T09:41:14.021+0700] {dagbag.py:587} INFO - Filling up the DagBag from /home/user/.local/lib/python3.10/site-packages/airflow/example_dags/example_short_circuit_operator.py
[2024-08-27T09:41:14.028+0700] {processor.py:925} INFO - DAG(s) 'example_short_circuit_operator' retrieved from /home/user/.local/lib/python3.10/site-packages/airflow/example_dags/example_short_circuit_operator.py
[2024-08-27T09:41:14.042+0700] {logging_mixin.py:190} INFO - [2024-08-27T09:41:14.042+0700] {dag.py:3211} INFO - Sync 1 DAGs
[2024-08-27T09:41:14.055+0700] {logging_mixin.py:190} INFO - [2024-08-27T09:41:14.055+0700] {dag.py:4138} INFO - Setting next_dagrun for example_short_circuit_operator to 2024-08-26 00:00:00+00:00, run_after=2024-08-27 00:00:00+00:00
[2024-08-27T09:41:14.072+0700] {processor.py:208} INFO - Processing /home/user/.local/lib/python3.10/site-packages/airflow/example_dags/example_short_circuit_operator.py took 0.058 seconds
[2024-08-27T09:42:22.146+0700] {processor.py:186} INFO - Started process (PID=16409) to work on /home/user/.local/lib/python3.10/site-packages/airflow/example_dags/example_short_circuit_operator.py
[2024-08-27T09:42:22.148+0700] {processor.py:914} INFO - Processing file /home/user/.local/lib/python3.10/site-packages/airflow/example_dags/example_short_circuit_operator.py for tasks to queue
[2024-08-27T09:42:22.151+0700] {logging_mixin.py:190} INFO - [2024-08-27T09:42:22.150+0700] {dagbag.py:587} INFO - Filling up the DagBag from /home/user/.local/lib/python3.10/site-packages/airflow/example_dags/example_short_circuit_operator.py
[2024-08-27T09:42:22.158+0700] {processor.py:925} INFO - DAG(s) 'example_short_circuit_operator' retrieved from /home/user/.local/lib/python3.10/site-packages/airflow/example_dags/example_short_circuit_operator.py
[2024-08-27T09:42:22.175+0700] {logging_mixin.py:190} INFO - [2024-08-27T09:42:22.175+0700] {dag.py:3211} INFO - Sync 1 DAGs
[2024-08-27T09:42:22.191+0700] {logging_mixin.py:190} INFO - [2024-08-27T09:42:22.191+0700] {dag.py:4138} INFO - Setting next_dagrun for example_short_circuit_operator to 2024-08-26 00:00:00+00:00, run_after=2024-08-27 00:00:00+00:00
[2024-08-27T09:42:22.216+0700] {processor.py:208} INFO - Processing /home/user/.local/lib/python3.10/site-packages/airflow/example_dags/example_short_circuit_operator.py took 0.074 seconds
[2024-08-27T09:43:00.640+0700] {processor.py:186} INFO - Started process (PID=16709) to work on /home/user/.local/lib/python3.10/site-packages/airflow/example_dags/example_short_circuit_operator.py
[2024-08-27T09:43:00.642+0700] {processor.py:914} INFO - Processing file /home/user/.local/lib/python3.10/site-packages/airflow/example_dags/example_short_circuit_operator.py for tasks to queue
[2024-08-27T09:43:00.644+0700] {logging_mixin.py:190} INFO - [2024-08-27T09:43:00.644+0700] {dagbag.py:587} INFO - Filling up the DagBag from /home/user/.local/lib/python3.10/site-packages/airflow/example_dags/example_short_circuit_operator.py
[2024-08-27T09:43:00.653+0700] {processor.py:925} INFO - DAG(s) 'example_short_circuit_operator' retrieved from /home/user/.local/lib/python3.10/site-packages/airflow/example_dags/example_short_circuit_operator.py
[2024-08-27T09:43:00.671+0700] {logging_mixin.py:190} INFO - [2024-08-27T09:43:00.670+0700] {dag.py:3211} INFO - Sync 1 DAGs
[2024-08-27T09:43:00.695+0700] {logging_mixin.py:190} INFO - [2024-08-27T09:43:00.695+0700] {dag.py:4138} INFO - Setting next_dagrun for example_short_circuit_operator to 2024-08-26 00:00:00+00:00, run_after=2024-08-27 00:00:00+00:00
[2024-08-27T09:43:00.863+0700] {processor.py:208} INFO - Processing /home/user/.local/lib/python3.10/site-packages/airflow/example_dags/example_short_circuit_operator.py took 0.229 seconds
[2024-08-27T09:43:54.088+0700] {processor.py:186} INFO - Started process (PID=17113) to work on /home/user/.local/lib/python3.10/site-packages/airflow/example_dags/example_short_circuit_operator.py
[2024-08-27T09:43:54.090+0700] {processor.py:914} INFO - Processing file /home/user/.local/lib/python3.10/site-packages/airflow/example_dags/example_short_circuit_operator.py for tasks to queue
[2024-08-27T09:43:54.092+0700] {logging_mixin.py:190} INFO - [2024-08-27T09:43:54.092+0700] {dagbag.py:587} INFO - Filling up the DagBag from /home/user/.local/lib/python3.10/site-packages/airflow/example_dags/example_short_circuit_operator.py
[2024-08-27T09:43:54.100+0700] {processor.py:925} INFO - DAG(s) 'example_short_circuit_operator' retrieved from /home/user/.local/lib/python3.10/site-packages/airflow/example_dags/example_short_circuit_operator.py
[2024-08-27T09:43:54.115+0700] {logging_mixin.py:190} INFO - [2024-08-27T09:43:54.115+0700] {dag.py:3211} INFO - Sync 1 DAGs
[2024-08-27T09:43:54.131+0700] {logging_mixin.py:190} INFO - [2024-08-27T09:43:54.131+0700] {dag.py:4138} INFO - Setting next_dagrun for example_short_circuit_operator to 2024-08-26 00:00:00+00:00, run_after=2024-08-27 00:00:00+00:00
[2024-08-27T09:43:54.149+0700] {processor.py:208} INFO - Processing /home/user/.local/lib/python3.10/site-packages/airflow/example_dags/example_short_circuit_operator.py took 0.065 seconds
[2024-08-27T09:45:01.367+0700] {processor.py:186} INFO - Started process (PID=17695) to work on /home/user/.local/lib/python3.10/site-packages/airflow/example_dags/example_short_circuit_operator.py
[2024-08-27T09:45:01.368+0700] {processor.py:914} INFO - Processing file /home/user/.local/lib/python3.10/site-packages/airflow/example_dags/example_short_circuit_operator.py for tasks to queue
[2024-08-27T09:45:01.370+0700] {logging_mixin.py:190} INFO - [2024-08-27T09:45:01.370+0700] {dagbag.py:587} INFO - Filling up the DagBag from /home/user/.local/lib/python3.10/site-packages/airflow/example_dags/example_short_circuit_operator.py
[2024-08-27T09:45:01.377+0700] {processor.py:925} INFO - DAG(s) 'example_short_circuit_operator' retrieved from /home/user/.local/lib/python3.10/site-packages/airflow/example_dags/example_short_circuit_operator.py
[2024-08-27T09:45:01.392+0700] {logging_mixin.py:190} INFO - [2024-08-27T09:45:01.391+0700] {dag.py:3211} INFO - Sync 1 DAGs
[2024-08-27T09:45:01.406+0700] {logging_mixin.py:190} INFO - [2024-08-27T09:45:01.406+0700] {dag.py:4138} INFO - Setting next_dagrun for example_short_circuit_operator to 2024-08-26 00:00:00+00:00, run_after=2024-08-27 00:00:00+00:00
[2024-08-27T09:45:01.423+0700] {processor.py:208} INFO - Processing /home/user/.local/lib/python3.10/site-packages/airflow/example_dags/example_short_circuit_operator.py took 0.061 seconds
