[2024-08-27T09:19:27.044+0700] {processor.py:186} INFO - Started process (PID=5117) to work on /home/user/.local/lib/python3.10/site-packages/airflow/example_dags/example_sla_dag.py
[2024-08-27T09:19:27.045+0700] {processor.py:914} INFO - Processing file /home/user/.local/lib/python3.10/site-packages/airflow/example_dags/example_sla_dag.py for tasks to queue
[2024-08-27T09:19:27.047+0700] {logging_mixin.py:190} INFO - [2024-08-27T09:19:27.047+0700] {dagbag.py:587} INFO - Filling up the DagBag from /home/user/.local/lib/python3.10/site-packages/airflow/example_dags/example_sla_dag.py
[2024-08-27T09:19:27.057+0700] {processor.py:925} INFO - DAG(s) 'example_sla_dag' retrieved from /home/user/.local/lib/python3.10/site-packages/airflow/example_dags/example_sla_dag.py
[2024-08-27T09:19:27.072+0700] {logging_mixin.py:190} INFO - [2024-08-27T09:19:27.072+0700] {dag.py:3211} INFO - Sync 1 DAGs
[2024-08-27T09:19:27.092+0700] {logging_mixin.py:190} INFO - [2024-08-27T09:19:27.092+0700] {dag.py:4138} INFO - Setting next_dagrun for example_sla_dag to 2024-08-27 02:16:00+00:00, run_after=2024-08-27 02:18:00+00:00
[2024-08-27T09:19:27.116+0700] {processor.py:208} INFO - Processing /home/user/.local/lib/python3.10/site-packages/airflow/example_dags/example_sla_dag.py took 0.077 seconds
[2024-08-27T09:20:26.751+0700] {processor.py:186} INFO - Started process (PID=5662) to work on /home/user/.local/lib/python3.10/site-packages/airflow/example_dags/example_sla_dag.py
[2024-08-27T09:20:26.757+0700] {processor.py:914} INFO - Processing file /home/user/.local/lib/python3.10/site-packages/airflow/example_dags/example_sla_dag.py for tasks to queue
[2024-08-27T09:20:26.759+0700] {logging_mixin.py:190} INFO - [2024-08-27T09:20:26.759+0700] {dagbag.py:587} INFO - Filling up the DagBag from /home/user/.local/lib/python3.10/site-packages/airflow/example_dags/example_sla_dag.py
[2024-08-27T09:20:26.769+0700] {processor.py:925} INFO - DAG(s) 'example_sla_dag' retrieved from /home/user/.local/lib/python3.10/site-packages/airflow/example_dags/example_sla_dag.py
[2024-08-27T09:20:26.782+0700] {logging_mixin.py:190} INFO - [2024-08-27T09:20:26.782+0700] {dag.py:3211} INFO - Sync 1 DAGs
[2024-08-27T09:20:26.800+0700] {logging_mixin.py:190} INFO - [2024-08-27T09:20:26.800+0700] {dag.py:4138} INFO - Setting next_dagrun for example_sla_dag to 2024-08-27 02:18:00+00:00, run_after=2024-08-27 02:20:00+00:00
[2024-08-27T09:20:26.817+0700] {processor.py:208} INFO - Processing /home/user/.local/lib/python3.10/site-packages/airflow/example_dags/example_sla_dag.py took 0.071 seconds
[2024-08-27T09:21:49.779+0700] {processor.py:186} INFO - Started process (PID=6331) to work on /home/user/.local/lib/python3.10/site-packages/airflow/example_dags/example_sla_dag.py
[2024-08-27T09:21:49.786+0700] {processor.py:914} INFO - Processing file /home/user/.local/lib/python3.10/site-packages/airflow/example_dags/example_sla_dag.py for tasks to queue
[2024-08-27T09:21:49.790+0700] {logging_mixin.py:190} INFO - [2024-08-27T09:21:49.790+0700] {dagbag.py:587} INFO - Filling up the DagBag from /home/user/.local/lib/python3.10/site-packages/airflow/example_dags/example_sla_dag.py
[2024-08-27T09:21:49.803+0700] {processor.py:925} INFO - DAG(s) 'example_sla_dag' retrieved from /home/user/.local/lib/python3.10/site-packages/airflow/example_dags/example_sla_dag.py
[2024-08-27T09:21:49.820+0700] {logging_mixin.py:190} INFO - [2024-08-27T09:21:49.819+0700] {dag.py:3211} INFO - Sync 1 DAGs
[2024-08-27T09:21:49.839+0700] {logging_mixin.py:190} INFO - [2024-08-27T09:21:49.839+0700] {dag.py:4138} INFO - Setting next_dagrun for example_sla_dag to 2024-08-27 02:18:00+00:00, run_after=2024-08-27 02:20:00+00:00
[2024-08-27T09:21:49.868+0700] {processor.py:208} INFO - Processing /home/user/.local/lib/python3.10/site-packages/airflow/example_dags/example_sla_dag.py took 0.095 seconds
[2024-08-27T09:22:52.266+0700] {processor.py:186} INFO - Started process (PID=6832) to work on /home/user/.local/lib/python3.10/site-packages/airflow/example_dags/example_sla_dag.py
[2024-08-27T09:22:52.272+0700] {processor.py:914} INFO - Processing file /home/user/.local/lib/python3.10/site-packages/airflow/example_dags/example_sla_dag.py for tasks to queue
[2024-08-27T09:22:52.275+0700] {logging_mixin.py:190} INFO - [2024-08-27T09:22:52.275+0700] {dagbag.py:587} INFO - Filling up the DagBag from /home/user/.local/lib/python3.10/site-packages/airflow/example_dags/example_sla_dag.py
[2024-08-27T09:22:52.286+0700] {processor.py:925} INFO - DAG(s) 'example_sla_dag' retrieved from /home/user/.local/lib/python3.10/site-packages/airflow/example_dags/example_sla_dag.py
[2024-08-27T09:22:52.300+0700] {logging_mixin.py:190} INFO - [2024-08-27T09:22:52.300+0700] {dag.py:3211} INFO - Sync 1 DAGs
[2024-08-27T09:22:52.321+0700] {logging_mixin.py:190} INFO - [2024-08-27T09:22:52.321+0700] {dag.py:4138} INFO - Setting next_dagrun for example_sla_dag to 2024-08-27 02:20:00+00:00, run_after=2024-08-27 02:22:00+00:00
[2024-08-27T09:22:52.342+0700] {processor.py:208} INFO - Processing /home/user/.local/lib/python3.10/site-packages/airflow/example_dags/example_sla_dag.py took 0.082 seconds
[2024-08-27T09:23:51.270+0700] {processor.py:186} INFO - Started process (PID=7309) to work on /home/user/.local/lib/python3.10/site-packages/airflow/example_dags/example_sla_dag.py
[2024-08-27T09:23:51.271+0700] {processor.py:914} INFO - Processing file /home/user/.local/lib/python3.10/site-packages/airflow/example_dags/example_sla_dag.py for tasks to queue
[2024-08-27T09:23:51.275+0700] {logging_mixin.py:190} INFO - [2024-08-27T09:23:51.275+0700] {dagbag.py:587} INFO - Filling up the DagBag from /home/user/.local/lib/python3.10/site-packages/airflow/example_dags/example_sla_dag.py
[2024-08-27T09:23:51.296+0700] {processor.py:925} INFO - DAG(s) 'example_sla_dag' retrieved from /home/user/.local/lib/python3.10/site-packages/airflow/example_dags/example_sla_dag.py
[2024-08-27T09:23:51.318+0700] {logging_mixin.py:190} INFO - [2024-08-27T09:23:51.318+0700] {dag.py:3211} INFO - Sync 1 DAGs
[2024-08-27T09:23:51.344+0700] {logging_mixin.py:190} INFO - [2024-08-27T09:23:51.343+0700] {dag.py:4138} INFO - Setting next_dagrun for example_sla_dag to 2024-08-27 02:20:00+00:00, run_after=2024-08-27 02:22:00+00:00
[2024-08-27T09:23:51.369+0700] {processor.py:208} INFO - Processing /home/user/.local/lib/python3.10/site-packages/airflow/example_dags/example_sla_dag.py took 0.106 seconds
[2024-08-27T09:24:55.113+0700] {processor.py:186} INFO - Started process (PID=7810) to work on /home/user/.local/lib/python3.10/site-packages/airflow/example_dags/example_sla_dag.py
[2024-08-27T09:24:55.114+0700] {processor.py:914} INFO - Processing file /home/user/.local/lib/python3.10/site-packages/airflow/example_dags/example_sla_dag.py for tasks to queue
[2024-08-27T09:24:55.117+0700] {logging_mixin.py:190} INFO - [2024-08-27T09:24:55.116+0700] {dagbag.py:587} INFO - Filling up the DagBag from /home/user/.local/lib/python3.10/site-packages/airflow/example_dags/example_sla_dag.py
[2024-08-27T09:24:55.125+0700] {processor.py:925} INFO - DAG(s) 'example_sla_dag' retrieved from /home/user/.local/lib/python3.10/site-packages/airflow/example_dags/example_sla_dag.py
[2024-08-27T09:24:55.137+0700] {logging_mixin.py:190} INFO - [2024-08-27T09:24:55.137+0700] {dag.py:3211} INFO - Sync 1 DAGs
[2024-08-27T09:24:55.153+0700] {logging_mixin.py:190} INFO - [2024-08-27T09:24:55.153+0700] {dag.py:4138} INFO - Setting next_dagrun for example_sla_dag to 2024-08-27 02:22:00+00:00, run_after=2024-08-27 02:24:00+00:00
[2024-08-27T09:24:55.169+0700] {processor.py:208} INFO - Processing /home/user/.local/lib/python3.10/site-packages/airflow/example_dags/example_sla_dag.py took 0.070 seconds
[2024-08-27T09:26:02.797+0700] {processor.py:186} INFO - Started process (PID=8338) to work on /home/user/.local/lib/python3.10/site-packages/airflow/example_dags/example_sla_dag.py
[2024-08-27T09:26:02.799+0700] {processor.py:914} INFO - Processing file /home/user/.local/lib/python3.10/site-packages/airflow/example_dags/example_sla_dag.py for tasks to queue
[2024-08-27T09:26:02.801+0700] {logging_mixin.py:190} INFO - [2024-08-27T09:26:02.800+0700] {dagbag.py:587} INFO - Filling up the DagBag from /home/user/.local/lib/python3.10/site-packages/airflow/example_dags/example_sla_dag.py
[2024-08-27T09:26:02.808+0700] {processor.py:925} INFO - DAG(s) 'example_sla_dag' retrieved from /home/user/.local/lib/python3.10/site-packages/airflow/example_dags/example_sla_dag.py
[2024-08-27T09:26:02.819+0700] {logging_mixin.py:190} INFO - [2024-08-27T09:26:02.819+0700] {dag.py:3211} INFO - Sync 1 DAGs
[2024-08-27T09:26:02.835+0700] {logging_mixin.py:190} INFO - [2024-08-27T09:26:02.834+0700] {dag.py:4138} INFO - Setting next_dagrun for example_sla_dag to 2024-08-27 02:24:00+00:00, run_after=2024-08-27 02:26:00+00:00
[2024-08-27T09:26:02.851+0700] {processor.py:208} INFO - Processing /home/user/.local/lib/python3.10/site-packages/airflow/example_dags/example_sla_dag.py took 0.058 seconds
[2024-08-27T09:27:05.250+0700] {processor.py:186} INFO - Started process (PID=8834) to work on /home/user/.local/lib/python3.10/site-packages/airflow/example_dags/example_sla_dag.py
[2024-08-27T09:27:05.252+0700] {processor.py:914} INFO - Processing file /home/user/.local/lib/python3.10/site-packages/airflow/example_dags/example_sla_dag.py for tasks to queue
[2024-08-27T09:27:05.255+0700] {logging_mixin.py:190} INFO - [2024-08-27T09:27:05.254+0700] {dagbag.py:587} INFO - Filling up the DagBag from /home/user/.local/lib/python3.10/site-packages/airflow/example_dags/example_sla_dag.py
[2024-08-27T09:27:05.263+0700] {processor.py:925} INFO - DAG(s) 'example_sla_dag' retrieved from /home/user/.local/lib/python3.10/site-packages/airflow/example_dags/example_sla_dag.py
[2024-08-27T09:27:05.277+0700] {logging_mixin.py:190} INFO - [2024-08-27T09:27:05.277+0700] {dag.py:3211} INFO - Sync 1 DAGs
[2024-08-27T09:27:05.294+0700] {logging_mixin.py:190} INFO - [2024-08-27T09:27:05.294+0700] {dag.py:4138} INFO - Setting next_dagrun for example_sla_dag to 2024-08-27 02:24:00+00:00, run_after=2024-08-27 02:26:00+00:00
[2024-08-27T09:27:05.312+0700] {processor.py:208} INFO - Processing /home/user/.local/lib/python3.10/site-packages/airflow/example_dags/example_sla_dag.py took 0.067 seconds
[2024-08-27T09:28:13.599+0700] {processor.py:186} INFO - Started process (PID=9391) to work on /home/user/.local/lib/python3.10/site-packages/airflow/example_dags/example_sla_dag.py
[2024-08-27T09:28:13.602+0700] {processor.py:914} INFO - Processing file /home/user/.local/lib/python3.10/site-packages/airflow/example_dags/example_sla_dag.py for tasks to queue
[2024-08-27T09:28:13.604+0700] {logging_mixin.py:190} INFO - [2024-08-27T09:28:13.604+0700] {dagbag.py:587} INFO - Filling up the DagBag from /home/user/.local/lib/python3.10/site-packages/airflow/example_dags/example_sla_dag.py
[2024-08-27T09:28:13.611+0700] {processor.py:925} INFO - DAG(s) 'example_sla_dag' retrieved from /home/user/.local/lib/python3.10/site-packages/airflow/example_dags/example_sla_dag.py
[2024-08-27T09:28:13.623+0700] {logging_mixin.py:190} INFO - [2024-08-27T09:28:13.623+0700] {dag.py:3211} INFO - Sync 1 DAGs
[2024-08-27T09:28:13.639+0700] {logging_mixin.py:190} INFO - [2024-08-27T09:28:13.639+0700] {dag.py:4138} INFO - Setting next_dagrun for example_sla_dag to 2024-08-27 02:26:00+00:00, run_after=2024-08-27 02:28:00+00:00
[2024-08-27T09:28:13.655+0700] {processor.py:208} INFO - Processing /home/user/.local/lib/python3.10/site-packages/airflow/example_dags/example_sla_dag.py took 0.059 seconds
[2024-08-27T09:29:13.497+0700] {processor.py:186} INFO - Started process (PID=9876) to work on /home/user/.local/lib/python3.10/site-packages/airflow/example_dags/example_sla_dag.py
[2024-08-27T09:29:13.499+0700] {processor.py:914} INFO - Processing file /home/user/.local/lib/python3.10/site-packages/airflow/example_dags/example_sla_dag.py for tasks to queue
[2024-08-27T09:29:13.501+0700] {logging_mixin.py:190} INFO - [2024-08-27T09:29:13.501+0700] {dagbag.py:587} INFO - Filling up the DagBag from /home/user/.local/lib/python3.10/site-packages/airflow/example_dags/example_sla_dag.py
[2024-08-27T09:29:13.509+0700] {processor.py:925} INFO - DAG(s) 'example_sla_dag' retrieved from /home/user/.local/lib/python3.10/site-packages/airflow/example_dags/example_sla_dag.py
[2024-08-27T09:29:13.521+0700] {logging_mixin.py:190} INFO - [2024-08-27T09:29:13.521+0700] {dag.py:3211} INFO - Sync 1 DAGs
[2024-08-27T09:29:13.536+0700] {logging_mixin.py:190} INFO - [2024-08-27T09:29:13.536+0700] {dag.py:4138} INFO - Setting next_dagrun for example_sla_dag to 2024-08-27 02:26:00+00:00, run_after=2024-08-27 02:28:00+00:00
[2024-08-27T09:29:13.555+0700] {processor.py:208} INFO - Processing /home/user/.local/lib/python3.10/site-packages/airflow/example_dags/example_sla_dag.py took 0.063 seconds
[2024-08-27T09:29:54.747+0700] {processor.py:186} INFO - Started process (PID=10212) to work on /home/user/.local/lib/python3.10/site-packages/airflow/example_dags/example_sla_dag.py
[2024-08-27T09:29:54.749+0700] {processor.py:914} INFO - Processing file /home/user/.local/lib/python3.10/site-packages/airflow/example_dags/example_sla_dag.py for tasks to queue
[2024-08-27T09:29:54.753+0700] {logging_mixin.py:190} INFO - [2024-08-27T09:29:54.753+0700] {dagbag.py:587} INFO - Filling up the DagBag from /home/user/.local/lib/python3.10/site-packages/airflow/example_dags/example_sla_dag.py
[2024-08-27T09:29:54.765+0700] {processor.py:925} INFO - DAG(s) 'example_sla_dag' retrieved from /home/user/.local/lib/python3.10/site-packages/airflow/example_dags/example_sla_dag.py
[2024-08-27T09:29:54.787+0700] {logging_mixin.py:190} INFO - [2024-08-27T09:29:54.787+0700] {dag.py:3211} INFO - Sync 1 DAGs
[2024-08-27T09:29:54.812+0700] {logging_mixin.py:190} INFO - [2024-08-27T09:29:54.812+0700] {dag.py:4138} INFO - Setting next_dagrun for example_sla_dag to 2024-08-27 02:26:00+00:00, run_after=2024-08-27 02:28:00+00:00
[2024-08-27T09:29:54.838+0700] {processor.py:208} INFO - Processing /home/user/.local/lib/python3.10/site-packages/airflow/example_dags/example_sla_dag.py took 0.096 seconds
[2024-08-27T09:30:59.860+0700] {processor.py:186} INFO - Started process (PID=10741) to work on /home/user/.local/lib/python3.10/site-packages/airflow/example_dags/example_sla_dag.py
[2024-08-27T09:30:59.861+0700] {processor.py:914} INFO - Processing file /home/user/.local/lib/python3.10/site-packages/airflow/example_dags/example_sla_dag.py for tasks to queue
[2024-08-27T09:30:59.863+0700] {logging_mixin.py:190} INFO - [2024-08-27T09:30:59.863+0700] {dagbag.py:587} INFO - Filling up the DagBag from /home/user/.local/lib/python3.10/site-packages/airflow/example_dags/example_sla_dag.py
[2024-08-27T09:30:59.873+0700] {processor.py:925} INFO - DAG(s) 'example_sla_dag' retrieved from /home/user/.local/lib/python3.10/site-packages/airflow/example_dags/example_sla_dag.py
[2024-08-27T09:30:59.885+0700] {logging_mixin.py:190} INFO - [2024-08-27T09:30:59.885+0700] {dag.py:3211} INFO - Sync 1 DAGs
[2024-08-27T09:30:59.903+0700] {logging_mixin.py:190} INFO - [2024-08-27T09:30:59.902+0700] {dag.py:4138} INFO - Setting next_dagrun for example_sla_dag to 2024-08-27 02:28:00+00:00, run_after=2024-08-27 02:30:00+00:00
[2024-08-27T09:30:59.921+0700] {processor.py:208} INFO - Processing /home/user/.local/lib/python3.10/site-packages/airflow/example_dags/example_sla_dag.py took 0.066 seconds
[2024-08-27T09:31:57.461+0700] {processor.py:186} INFO - Started process (PID=11262) to work on /home/user/.local/lib/python3.10/site-packages/airflow/example_dags/example_sla_dag.py
[2024-08-27T09:31:57.463+0700] {processor.py:914} INFO - Processing file /home/user/.local/lib/python3.10/site-packages/airflow/example_dags/example_sla_dag.py for tasks to queue
[2024-08-27T09:31:57.465+0700] {logging_mixin.py:190} INFO - [2024-08-27T09:31:57.465+0700] {dagbag.py:587} INFO - Filling up the DagBag from /home/user/.local/lib/python3.10/site-packages/airflow/example_dags/example_sla_dag.py
[2024-08-27T09:31:57.473+0700] {processor.py:925} INFO - DAG(s) 'example_sla_dag' retrieved from /home/user/.local/lib/python3.10/site-packages/airflow/example_dags/example_sla_dag.py
[2024-08-27T09:31:57.489+0700] {logging_mixin.py:190} INFO - [2024-08-27T09:31:57.489+0700] {dag.py:3211} INFO - Sync 1 DAGs
[2024-08-27T09:31:57.509+0700] {logging_mixin.py:190} INFO - [2024-08-27T09:31:57.508+0700] {dag.py:4138} INFO - Setting next_dagrun for example_sla_dag to 2024-08-27 02:28:00+00:00, run_after=2024-08-27 02:30:00+00:00
[2024-08-27T09:31:57.527+0700] {processor.py:208} INFO - Processing /home/user/.local/lib/python3.10/site-packages/airflow/example_dags/example_sla_dag.py took 0.070 seconds
[2024-08-27T09:32:29.134+0700] {processor.py:186} INFO - Started process (PID=11524) to work on /home/user/.local/lib/python3.10/site-packages/airflow/example_dags/example_sla_dag.py
[2024-08-27T09:32:29.135+0700] {processor.py:914} INFO - Processing file /home/user/.local/lib/python3.10/site-packages/airflow/example_dags/example_sla_dag.py for tasks to queue
[2024-08-27T09:32:29.137+0700] {logging_mixin.py:190} INFO - [2024-08-27T09:32:29.137+0700] {dagbag.py:587} INFO - Filling up the DagBag from /home/user/.local/lib/python3.10/site-packages/airflow/example_dags/example_sla_dag.py
[2024-08-27T09:32:29.145+0700] {processor.py:925} INFO - DAG(s) 'example_sla_dag' retrieved from /home/user/.local/lib/python3.10/site-packages/airflow/example_dags/example_sla_dag.py
[2024-08-27T09:32:29.157+0700] {logging_mixin.py:190} INFO - [2024-08-27T09:32:29.157+0700] {dag.py:3211} INFO - Sync 1 DAGs
[2024-08-27T09:32:29.173+0700] {logging_mixin.py:190} INFO - [2024-08-27T09:32:29.173+0700] {dag.py:4138} INFO - Setting next_dagrun for example_sla_dag to 2024-08-27 02:30:00+00:00, run_after=2024-08-27 02:32:00+00:00
[2024-08-27T09:32:29.190+0700] {processor.py:208} INFO - Processing /home/user/.local/lib/python3.10/site-packages/airflow/example_dags/example_sla_dag.py took 0.060 seconds
[2024-08-27T09:33:32.839+0700] {processor.py:186} INFO - Started process (PID=12045) to work on /home/user/.local/lib/python3.10/site-packages/airflow/example_dags/example_sla_dag.py
[2024-08-27T09:33:32.845+0700] {processor.py:914} INFO - Processing file /home/user/.local/lib/python3.10/site-packages/airflow/example_dags/example_sla_dag.py for tasks to queue
[2024-08-27T09:33:32.848+0700] {logging_mixin.py:190} INFO - [2024-08-27T09:33:32.848+0700] {dagbag.py:587} INFO - Filling up the DagBag from /home/user/.local/lib/python3.10/site-packages/airflow/example_dags/example_sla_dag.py
[2024-08-27T09:33:32.860+0700] {processor.py:925} INFO - DAG(s) 'example_sla_dag' retrieved from /home/user/.local/lib/python3.10/site-packages/airflow/example_dags/example_sla_dag.py
[2024-08-27T09:33:32.877+0700] {logging_mixin.py:190} INFO - [2024-08-27T09:33:32.877+0700] {dag.py:3211} INFO - Sync 1 DAGs
[2024-08-27T09:33:32.894+0700] {logging_mixin.py:190} INFO - [2024-08-27T09:33:32.894+0700] {dag.py:4138} INFO - Setting next_dagrun for example_sla_dag to 2024-08-27 02:30:00+00:00, run_after=2024-08-27 02:32:00+00:00
[2024-08-27T09:33:32.913+0700] {processor.py:208} INFO - Processing /home/user/.local/lib/python3.10/site-packages/airflow/example_dags/example_sla_dag.py took 0.079 seconds
[2024-08-27T09:34:26.511+0700] {processor.py:186} INFO - Started process (PID=12470) to work on /home/user/.local/lib/python3.10/site-packages/airflow/example_dags/example_sla_dag.py
[2024-08-27T09:34:26.513+0700] {processor.py:914} INFO - Processing file /home/user/.local/lib/python3.10/site-packages/airflow/example_dags/example_sla_dag.py for tasks to queue
[2024-08-27T09:34:26.515+0700] {logging_mixin.py:190} INFO - [2024-08-27T09:34:26.515+0700] {dagbag.py:587} INFO - Filling up the DagBag from /home/user/.local/lib/python3.10/site-packages/airflow/example_dags/example_sla_dag.py
[2024-08-27T09:34:26.524+0700] {processor.py:925} INFO - DAG(s) 'example_sla_dag' retrieved from /home/user/.local/lib/python3.10/site-packages/airflow/example_dags/example_sla_dag.py
[2024-08-27T09:34:26.541+0700] {logging_mixin.py:190} INFO - [2024-08-27T09:34:26.540+0700] {dag.py:3211} INFO - Sync 1 DAGs
[2024-08-27T09:34:26.562+0700] {logging_mixin.py:190} INFO - [2024-08-27T09:34:26.562+0700] {dag.py:4138} INFO - Setting next_dagrun for example_sla_dag to 2024-08-27 02:32:00+00:00, run_after=2024-08-27 02:34:00+00:00
[2024-08-27T09:34:26.582+0700] {processor.py:208} INFO - Processing /home/user/.local/lib/python3.10/site-packages/airflow/example_dags/example_sla_dag.py took 0.077 seconds
[2024-08-27T09:35:34.779+0700] {processor.py:186} INFO - Started process (PID=13038) to work on /home/user/.local/lib/python3.10/site-packages/airflow/example_dags/example_sla_dag.py
[2024-08-27T09:35:34.785+0700] {processor.py:914} INFO - Processing file /home/user/.local/lib/python3.10/site-packages/airflow/example_dags/example_sla_dag.py for tasks to queue
[2024-08-27T09:35:34.788+0700] {logging_mixin.py:190} INFO - [2024-08-27T09:35:34.787+0700] {dagbag.py:587} INFO - Filling up the DagBag from /home/user/.local/lib/python3.10/site-packages/airflow/example_dags/example_sla_dag.py
[2024-08-27T09:35:34.797+0700] {processor.py:925} INFO - DAG(s) 'example_sla_dag' retrieved from /home/user/.local/lib/python3.10/site-packages/airflow/example_dags/example_sla_dag.py
[2024-08-27T09:35:34.812+0700] {logging_mixin.py:190} INFO - [2024-08-27T09:35:34.812+0700] {dag.py:3211} INFO - Sync 1 DAGs
[2024-08-27T09:35:34.834+0700] {logging_mixin.py:190} INFO - [2024-08-27T09:35:34.834+0700] {dag.py:4138} INFO - Setting next_dagrun for example_sla_dag to 2024-08-27 02:32:00+00:00, run_after=2024-08-27 02:34:00+00:00
[2024-08-27T09:35:34.852+0700] {processor.py:208} INFO - Processing /home/user/.local/lib/python3.10/site-packages/airflow/example_dags/example_sla_dag.py took 0.081 seconds
[2024-08-27T09:36:36.453+0700] {processor.py:186} INFO - Started process (PID=13540) to work on /home/user/.local/lib/python3.10/site-packages/airflow/example_dags/example_sla_dag.py
[2024-08-27T09:36:36.455+0700] {processor.py:914} INFO - Processing file /home/user/.local/lib/python3.10/site-packages/airflow/example_dags/example_sla_dag.py for tasks to queue
[2024-08-27T09:36:36.458+0700] {logging_mixin.py:190} INFO - [2024-08-27T09:36:36.457+0700] {dagbag.py:587} INFO - Filling up the DagBag from /home/user/.local/lib/python3.10/site-packages/airflow/example_dags/example_sla_dag.py
[2024-08-27T09:36:36.474+0700] {processor.py:925} INFO - DAG(s) 'example_sla_dag' retrieved from /home/user/.local/lib/python3.10/site-packages/airflow/example_dags/example_sla_dag.py
[2024-08-27T09:36:36.493+0700] {logging_mixin.py:190} INFO - [2024-08-27T09:36:36.493+0700] {dag.py:3211} INFO - Sync 1 DAGs
[2024-08-27T09:36:36.524+0700] {logging_mixin.py:190} INFO - [2024-08-27T09:36:36.524+0700] {dag.py:4138} INFO - Setting next_dagrun for example_sla_dag to 2024-08-27 02:34:00+00:00, run_after=2024-08-27 02:36:00+00:00
[2024-08-27T09:36:36.554+0700] {processor.py:208} INFO - Processing /home/user/.local/lib/python3.10/site-packages/airflow/example_dags/example_sla_dag.py took 0.107 seconds
[2024-08-27T09:37:40.819+0700] {processor.py:186} INFO - Started process (PID=14113) to work on /home/user/.local/lib/python3.10/site-packages/airflow/example_dags/example_sla_dag.py
[2024-08-27T09:37:40.820+0700] {processor.py:914} INFO - Processing file /home/user/.local/lib/python3.10/site-packages/airflow/example_dags/example_sla_dag.py for tasks to queue
[2024-08-27T09:37:40.823+0700] {logging_mixin.py:190} INFO - [2024-08-27T09:37:40.822+0700] {dagbag.py:587} INFO - Filling up the DagBag from /home/user/.local/lib/python3.10/site-packages/airflow/example_dags/example_sla_dag.py
[2024-08-27T09:37:40.831+0700] {processor.py:925} INFO - DAG(s) 'example_sla_dag' retrieved from /home/user/.local/lib/python3.10/site-packages/airflow/example_dags/example_sla_dag.py
[2024-08-27T09:37:40.843+0700] {logging_mixin.py:190} INFO - [2024-08-27T09:37:40.843+0700] {dag.py:3211} INFO - Sync 1 DAGs
[2024-08-27T09:37:40.858+0700] {logging_mixin.py:190} INFO - [2024-08-27T09:37:40.858+0700] {dag.py:4138} INFO - Setting next_dagrun for example_sla_dag to 2024-08-27 02:34:00+00:00, run_after=2024-08-27 02:36:00+00:00
[2024-08-27T09:37:40.879+0700] {processor.py:208} INFO - Processing /home/user/.local/lib/python3.10/site-packages/airflow/example_dags/example_sla_dag.py took 0.066 seconds
[2024-08-27T09:38:42.402+0700] {processor.py:186} INFO - Started process (PID=14597) to work on /home/user/.local/lib/python3.10/site-packages/airflow/example_dags/example_sla_dag.py
[2024-08-27T09:38:42.404+0700] {processor.py:914} INFO - Processing file /home/user/.local/lib/python3.10/site-packages/airflow/example_dags/example_sla_dag.py for tasks to queue
[2024-08-27T09:38:42.407+0700] {logging_mixin.py:190} INFO - [2024-08-27T09:38:42.407+0700] {dagbag.py:587} INFO - Filling up the DagBag from /home/user/.local/lib/python3.10/site-packages/airflow/example_dags/example_sla_dag.py
[2024-08-27T09:38:42.418+0700] {processor.py:925} INFO - DAG(s) 'example_sla_dag' retrieved from /home/user/.local/lib/python3.10/site-packages/airflow/example_dags/example_sla_dag.py
[2024-08-27T09:38:42.437+0700] {logging_mixin.py:190} INFO - [2024-08-27T09:38:42.437+0700] {dag.py:3211} INFO - Sync 1 DAGs
[2024-08-27T09:38:42.461+0700] {logging_mixin.py:190} INFO - [2024-08-27T09:38:42.461+0700] {dag.py:4138} INFO - Setting next_dagrun for example_sla_dag to 2024-08-27 02:36:00+00:00, run_after=2024-08-27 02:38:00+00:00
[2024-08-27T09:38:42.484+0700] {processor.py:208} INFO - Processing /home/user/.local/lib/python3.10/site-packages/airflow/example_dags/example_sla_dag.py took 0.087 seconds
[2024-08-27T09:39:06.170+0700] {processor.py:186} INFO - Started process (PID=14790) to work on /home/user/.local/lib/python3.10/site-packages/airflow/example_dags/example_sla_dag.py
[2024-08-27T09:39:06.171+0700] {processor.py:914} INFO - Processing file /home/user/.local/lib/python3.10/site-packages/airflow/example_dags/example_sla_dag.py for tasks to queue
[2024-08-27T09:39:06.174+0700] {logging_mixin.py:190} INFO - [2024-08-27T09:39:06.173+0700] {dagbag.py:587} INFO - Filling up the DagBag from /home/user/.local/lib/python3.10/site-packages/airflow/example_dags/example_sla_dag.py
[2024-08-27T09:39:06.185+0700] {processor.py:925} INFO - DAG(s) 'example_sla_dag' retrieved from /home/user/.local/lib/python3.10/site-packages/airflow/example_dags/example_sla_dag.py
[2024-08-27T09:39:06.200+0700] {logging_mixin.py:190} INFO - [2024-08-27T09:39:06.199+0700] {dag.py:3211} INFO - Sync 1 DAGs
[2024-08-27T09:39:06.232+0700] {logging_mixin.py:190} INFO - [2024-08-27T09:39:06.232+0700] {dag.py:4138} INFO - Setting next_dagrun for example_sla_dag to 2024-08-27 02:36:00+00:00, run_after=2024-08-27 02:38:00+00:00
[2024-08-27T09:39:06.272+0700] {processor.py:208} INFO - Processing /home/user/.local/lib/python3.10/site-packages/airflow/example_dags/example_sla_dag.py took 0.107 seconds
[2024-08-27T09:40:15.861+0700] {processor.py:186} INFO - Started process (PID=15388) to work on /home/user/.local/lib/python3.10/site-packages/airflow/example_dags/example_sla_dag.py
[2024-08-27T09:40:15.862+0700] {processor.py:914} INFO - Processing file /home/user/.local/lib/python3.10/site-packages/airflow/example_dags/example_sla_dag.py for tasks to queue
[2024-08-27T09:40:15.864+0700] {logging_mixin.py:190} INFO - [2024-08-27T09:40:15.864+0700] {dagbag.py:587} INFO - Filling up the DagBag from /home/user/.local/lib/python3.10/site-packages/airflow/example_dags/example_sla_dag.py
[2024-08-27T09:40:15.874+0700] {processor.py:925} INFO - DAG(s) 'example_sla_dag' retrieved from /home/user/.local/lib/python3.10/site-packages/airflow/example_dags/example_sla_dag.py
[2024-08-27T09:40:15.890+0700] {logging_mixin.py:190} INFO - [2024-08-27T09:40:15.890+0700] {dag.py:3211} INFO - Sync 1 DAGs
[2024-08-27T09:40:15.909+0700] {logging_mixin.py:190} INFO - [2024-08-27T09:40:15.908+0700] {dag.py:4138} INFO - Setting next_dagrun for example_sla_dag to 2024-08-27 02:38:00+00:00, run_after=2024-08-27 02:40:00+00:00
[2024-08-27T09:40:15.929+0700] {processor.py:208} INFO - Processing /home/user/.local/lib/python3.10/site-packages/airflow/example_dags/example_sla_dag.py took 0.074 seconds
[2024-08-27T09:41:15.414+0700] {processor.py:186} INFO - Started process (PID=15857) to work on /home/user/.local/lib/python3.10/site-packages/airflow/example_dags/example_sla_dag.py
[2024-08-27T09:41:15.416+0700] {processor.py:914} INFO - Processing file /home/user/.local/lib/python3.10/site-packages/airflow/example_dags/example_sla_dag.py for tasks to queue
[2024-08-27T09:41:15.418+0700] {logging_mixin.py:190} INFO - [2024-08-27T09:41:15.418+0700] {dagbag.py:587} INFO - Filling up the DagBag from /home/user/.local/lib/python3.10/site-packages/airflow/example_dags/example_sla_dag.py
[2024-08-27T09:41:15.426+0700] {processor.py:925} INFO - DAG(s) 'example_sla_dag' retrieved from /home/user/.local/lib/python3.10/site-packages/airflow/example_dags/example_sla_dag.py
[2024-08-27T09:41:15.437+0700] {logging_mixin.py:190} INFO - [2024-08-27T09:41:15.437+0700] {dag.py:3211} INFO - Sync 1 DAGs
[2024-08-27T09:41:15.452+0700] {logging_mixin.py:190} INFO - [2024-08-27T09:41:15.452+0700] {dag.py:4138} INFO - Setting next_dagrun for example_sla_dag to 2024-08-27 02:38:00+00:00, run_after=2024-08-27 02:40:00+00:00
[2024-08-27T09:41:15.469+0700] {processor.py:208} INFO - Processing /home/user/.local/lib/python3.10/site-packages/airflow/example_dags/example_sla_dag.py took 0.059 seconds
[2024-08-27T09:42:22.556+0700] {processor.py:186} INFO - Started process (PID=16413) to work on /home/user/.local/lib/python3.10/site-packages/airflow/example_dags/example_sla_dag.py
[2024-08-27T09:42:22.557+0700] {processor.py:914} INFO - Processing file /home/user/.local/lib/python3.10/site-packages/airflow/example_dags/example_sla_dag.py for tasks to queue
[2024-08-27T09:42:22.560+0700] {logging_mixin.py:190} INFO - [2024-08-27T09:42:22.559+0700] {dagbag.py:587} INFO - Filling up the DagBag from /home/user/.local/lib/python3.10/site-packages/airflow/example_dags/example_sla_dag.py
[2024-08-27T09:42:22.568+0700] {processor.py:925} INFO - DAG(s) 'example_sla_dag' retrieved from /home/user/.local/lib/python3.10/site-packages/airflow/example_dags/example_sla_dag.py
[2024-08-27T09:42:22.581+0700] {logging_mixin.py:190} INFO - [2024-08-27T09:42:22.581+0700] {dag.py:3211} INFO - Sync 1 DAGs
[2024-08-27T09:42:22.596+0700] {logging_mixin.py:190} INFO - [2024-08-27T09:42:22.596+0700] {dag.py:4138} INFO - Setting next_dagrun for example_sla_dag to 2024-08-27 02:40:00+00:00, run_after=2024-08-27 02:42:00+00:00
[2024-08-27T09:42:22.617+0700] {processor.py:208} INFO - Processing /home/user/.local/lib/python3.10/site-packages/airflow/example_dags/example_sla_dag.py took 0.065 seconds
[2024-08-27T09:43:03.201+0700] {processor.py:186} INFO - Started process (PID=16733) to work on /home/user/.local/lib/python3.10/site-packages/airflow/example_dags/example_sla_dag.py
[2024-08-27T09:43:03.202+0700] {processor.py:914} INFO - Processing file /home/user/.local/lib/python3.10/site-packages/airflow/example_dags/example_sla_dag.py for tasks to queue
[2024-08-27T09:43:03.205+0700] {logging_mixin.py:190} INFO - [2024-08-27T09:43:03.204+0700] {dagbag.py:587} INFO - Filling up the DagBag from /home/user/.local/lib/python3.10/site-packages/airflow/example_dags/example_sla_dag.py
[2024-08-27T09:43:03.217+0700] {processor.py:925} INFO - DAG(s) 'example_sla_dag' retrieved from /home/user/.local/lib/python3.10/site-packages/airflow/example_dags/example_sla_dag.py
[2024-08-27T09:43:03.238+0700] {logging_mixin.py:190} INFO - [2024-08-27T09:43:03.238+0700] {dag.py:3211} INFO - Sync 1 DAGs
[2024-08-27T09:43:03.257+0700] {logging_mixin.py:190} INFO - [2024-08-27T09:43:03.257+0700] {dag.py:4138} INFO - Setting next_dagrun for example_sla_dag to 2024-08-27 02:40:00+00:00, run_after=2024-08-27 02:42:00+00:00
[2024-08-27T09:43:03.420+0700] {processor.py:208} INFO - Processing /home/user/.local/lib/python3.10/site-packages/airflow/example_dags/example_sla_dag.py took 0.226 seconds
[2024-08-27T09:43:56.501+0700] {processor.py:186} INFO - Started process (PID=17136) to work on /home/user/.local/lib/python3.10/site-packages/airflow/example_dags/example_sla_dag.py
[2024-08-27T09:43:56.503+0700] {processor.py:914} INFO - Processing file /home/user/.local/lib/python3.10/site-packages/airflow/example_dags/example_sla_dag.py for tasks to queue
[2024-08-27T09:43:56.505+0700] {logging_mixin.py:190} INFO - [2024-08-27T09:43:56.505+0700] {dagbag.py:587} INFO - Filling up the DagBag from /home/user/.local/lib/python3.10/site-packages/airflow/example_dags/example_sla_dag.py
[2024-08-27T09:43:56.516+0700] {processor.py:925} INFO - DAG(s) 'example_sla_dag' retrieved from /home/user/.local/lib/python3.10/site-packages/airflow/example_dags/example_sla_dag.py
[2024-08-27T09:43:56.531+0700] {logging_mixin.py:190} INFO - [2024-08-27T09:43:56.531+0700] {dag.py:3211} INFO - Sync 1 DAGs
[2024-08-27T09:43:56.553+0700] {logging_mixin.py:190} INFO - [2024-08-27T09:43:56.553+0700] {dag.py:4138} INFO - Setting next_dagrun for example_sla_dag to 2024-08-27 02:40:00+00:00, run_after=2024-08-27 02:42:00+00:00
[2024-08-27T09:43:56.574+0700] {processor.py:208} INFO - Processing /home/user/.local/lib/python3.10/site-packages/airflow/example_dags/example_sla_dag.py took 0.078 seconds
[2024-08-27T09:45:03.570+0700] {processor.py:186} INFO - Started process (PID=17712) to work on /home/user/.local/lib/python3.10/site-packages/airflow/example_dags/example_sla_dag.py
[2024-08-27T09:45:03.572+0700] {processor.py:914} INFO - Processing file /home/user/.local/lib/python3.10/site-packages/airflow/example_dags/example_sla_dag.py for tasks to queue
[2024-08-27T09:45:03.574+0700] {logging_mixin.py:190} INFO - [2024-08-27T09:45:03.574+0700] {dagbag.py:587} INFO - Filling up the DagBag from /home/user/.local/lib/python3.10/site-packages/airflow/example_dags/example_sla_dag.py
[2024-08-27T09:45:03.583+0700] {processor.py:925} INFO - DAG(s) 'example_sla_dag' retrieved from /home/user/.local/lib/python3.10/site-packages/airflow/example_dags/example_sla_dag.py
[2024-08-27T09:45:03.597+0700] {logging_mixin.py:190} INFO - [2024-08-27T09:45:03.597+0700] {dag.py:3211} INFO - Sync 1 DAGs
[2024-08-27T09:45:03.614+0700] {logging_mixin.py:190} INFO - [2024-08-27T09:45:03.614+0700] {dag.py:4138} INFO - Setting next_dagrun for example_sla_dag to 2024-08-27 02:42:00+00:00, run_after=2024-08-27 02:44:00+00:00
[2024-08-27T09:45:03.633+0700] {processor.py:208} INFO - Processing /home/user/.local/lib/python3.10/site-packages/airflow/example_dags/example_sla_dag.py took 0.068 seconds
