[2024-08-27T09:20:05.965+0700] {processor.py:186} INFO - Started process (PID=5500) to work on /home/user/.local/lib/python3.10/site-packages/airflow/example_dags/example_params_trigger_ui.py
[2024-08-27T09:20:05.967+0700] {processor.py:914} INFO - Processing file /home/user/.local/lib/python3.10/site-packages/airflow/example_dags/example_params_trigger_ui.py for tasks to queue
[2024-08-27T09:20:05.969+0700] {logging_mixin.py:190} INFO - [2024-08-27T09:20:05.969+0700] {dagbag.py:587} INFO - Filling up the DagBag from /home/user/.local/lib/python3.10/site-packages/airflow/example_dags/example_params_trigger_ui.py
[2024-08-27T09:20:05.980+0700] {processor.py:925} INFO - DAG(s) 'example_params_trigger_ui' retrieved from /home/user/.local/lib/python3.10/site-packages/airflow/example_dags/example_params_trigger_ui.py
[2024-08-27T09:20:06.013+0700] {logging_mixin.py:190} INFO - [2024-08-27T09:20:06.012+0700] {dag.py:3211} INFO - Sync 1 DAGs
[2024-08-27T09:20:06.021+0700] {logging_mixin.py:190} INFO - [2024-08-27T09:20:06.021+0700] {dag.py:4138} INFO - Setting next_dagrun for example_params_trigger_ui to None, run_after=None
[2024-08-27T09:20:06.045+0700] {processor.py:208} INFO - Processing /home/user/.local/lib/python3.10/site-packages/airflow/example_dags/example_params_trigger_ui.py took 0.088 seconds
[2024-08-27T09:21:04.257+0700] {processor.py:186} INFO - Started process (PID=5967) to work on /home/user/.local/lib/python3.10/site-packages/airflow/example_dags/example_params_trigger_ui.py
[2024-08-27T09:21:04.259+0700] {processor.py:914} INFO - Processing file /home/user/.local/lib/python3.10/site-packages/airflow/example_dags/example_params_trigger_ui.py for tasks to queue
[2024-08-27T09:21:04.261+0700] {logging_mixin.py:190} INFO - [2024-08-27T09:21:04.261+0700] {dagbag.py:587} INFO - Filling up the DagBag from /home/user/.local/lib/python3.10/site-packages/airflow/example_dags/example_params_trigger_ui.py
[2024-08-27T09:21:04.270+0700] {processor.py:925} INFO - DAG(s) 'example_params_trigger_ui' retrieved from /home/user/.local/lib/python3.10/site-packages/airflow/example_dags/example_params_trigger_ui.py
[2024-08-27T09:21:04.305+0700] {logging_mixin.py:190} INFO - [2024-08-27T09:21:04.305+0700] {dag.py:3211} INFO - Sync 1 DAGs
[2024-08-27T09:21:04.316+0700] {logging_mixin.py:190} INFO - [2024-08-27T09:21:04.316+0700] {dag.py:4138} INFO - Setting next_dagrun for example_params_trigger_ui to None, run_after=None
[2024-08-27T09:21:04.611+0700] {processor.py:208} INFO - Processing /home/user/.local/lib/python3.10/site-packages/airflow/example_dags/example_params_trigger_ui.py took 0.359 seconds
[2024-08-27T09:22:30.799+0700] {processor.py:186} INFO - Started process (PID=6667) to work on /home/user/.local/lib/python3.10/site-packages/airflow/example_dags/example_params_trigger_ui.py
[2024-08-27T09:22:30.800+0700] {processor.py:914} INFO - Processing file /home/user/.local/lib/python3.10/site-packages/airflow/example_dags/example_params_trigger_ui.py for tasks to queue
[2024-08-27T09:22:30.802+0700] {logging_mixin.py:190} INFO - [2024-08-27T09:22:30.801+0700] {dagbag.py:587} INFO - Filling up the DagBag from /home/user/.local/lib/python3.10/site-packages/airflow/example_dags/example_params_trigger_ui.py
[2024-08-27T09:22:30.812+0700] {processor.py:925} INFO - DAG(s) 'example_params_trigger_ui' retrieved from /home/user/.local/lib/python3.10/site-packages/airflow/example_dags/example_params_trigger_ui.py
[2024-08-27T09:22:30.847+0700] {logging_mixin.py:190} INFO - [2024-08-27T09:22:30.846+0700] {dag.py:3211} INFO - Sync 1 DAGs
[2024-08-27T09:22:30.855+0700] {logging_mixin.py:190} INFO - [2024-08-27T09:22:30.855+0700] {dag.py:4138} INFO - Setting next_dagrun for example_params_trigger_ui to None, run_after=None
[2024-08-27T09:22:30.874+0700] {processor.py:208} INFO - Processing /home/user/.local/lib/python3.10/site-packages/airflow/example_dags/example_params_trigger_ui.py took 0.083 seconds
[2024-08-27T09:23:32.195+0700] {processor.py:186} INFO - Started process (PID=7161) to work on /home/user/.local/lib/python3.10/site-packages/airflow/example_dags/example_params_trigger_ui.py
[2024-08-27T09:23:32.196+0700] {processor.py:914} INFO - Processing file /home/user/.local/lib/python3.10/site-packages/airflow/example_dags/example_params_trigger_ui.py for tasks to queue
[2024-08-27T09:23:32.198+0700] {logging_mixin.py:190} INFO - [2024-08-27T09:23:32.198+0700] {dagbag.py:587} INFO - Filling up the DagBag from /home/user/.local/lib/python3.10/site-packages/airflow/example_dags/example_params_trigger_ui.py
[2024-08-27T09:23:32.206+0700] {processor.py:925} INFO - DAG(s) 'example_params_trigger_ui' retrieved from /home/user/.local/lib/python3.10/site-packages/airflow/example_dags/example_params_trigger_ui.py
[2024-08-27T09:23:32.238+0700] {logging_mixin.py:190} INFO - [2024-08-27T09:23:32.238+0700] {dag.py:3211} INFO - Sync 1 DAGs
[2024-08-27T09:23:32.251+0700] {logging_mixin.py:190} INFO - [2024-08-27T09:23:32.251+0700] {dag.py:4138} INFO - Setting next_dagrun for example_params_trigger_ui to None, run_after=None
[2024-08-27T09:23:32.272+0700] {processor.py:208} INFO - Processing /home/user/.local/lib/python3.10/site-packages/airflow/example_dags/example_params_trigger_ui.py took 0.082 seconds
[2024-08-27T09:24:32.662+0700] {processor.py:186} INFO - Started process (PID=7633) to work on /home/user/.local/lib/python3.10/site-packages/airflow/example_dags/example_params_trigger_ui.py
[2024-08-27T09:24:32.663+0700] {processor.py:914} INFO - Processing file /home/user/.local/lib/python3.10/site-packages/airflow/example_dags/example_params_trigger_ui.py for tasks to queue
[2024-08-27T09:24:32.665+0700] {logging_mixin.py:190} INFO - [2024-08-27T09:24:32.665+0700] {dagbag.py:587} INFO - Filling up the DagBag from /home/user/.local/lib/python3.10/site-packages/airflow/example_dags/example_params_trigger_ui.py
[2024-08-27T09:24:32.674+0700] {processor.py:925} INFO - DAG(s) 'example_params_trigger_ui' retrieved from /home/user/.local/lib/python3.10/site-packages/airflow/example_dags/example_params_trigger_ui.py
[2024-08-27T09:24:32.701+0700] {logging_mixin.py:190} INFO - [2024-08-27T09:24:32.701+0700] {dag.py:3211} INFO - Sync 1 DAGs
[2024-08-27T09:24:32.865+0700] {logging_mixin.py:190} INFO - [2024-08-27T09:24:32.865+0700] {dag.py:4138} INFO - Setting next_dagrun for example_params_trigger_ui to None, run_after=None
[2024-08-27T09:24:32.896+0700] {processor.py:208} INFO - Processing /home/user/.local/lib/python3.10/site-packages/airflow/example_dags/example_params_trigger_ui.py took 0.239 seconds
[2024-08-27T09:25:40.316+0700] {processor.py:186} INFO - Started process (PID=8163) to work on /home/user/.local/lib/python3.10/site-packages/airflow/example_dags/example_params_trigger_ui.py
[2024-08-27T09:25:40.318+0700] {processor.py:914} INFO - Processing file /home/user/.local/lib/python3.10/site-packages/airflow/example_dags/example_params_trigger_ui.py for tasks to queue
[2024-08-27T09:25:40.319+0700] {logging_mixin.py:190} INFO - [2024-08-27T09:25:40.319+0700] {dagbag.py:587} INFO - Filling up the DagBag from /home/user/.local/lib/python3.10/site-packages/airflow/example_dags/example_params_trigger_ui.py
[2024-08-27T09:25:40.328+0700] {processor.py:925} INFO - DAG(s) 'example_params_trigger_ui' retrieved from /home/user/.local/lib/python3.10/site-packages/airflow/example_dags/example_params_trigger_ui.py
[2024-08-27T09:25:40.356+0700] {logging_mixin.py:190} INFO - [2024-08-27T09:25:40.356+0700] {dag.py:3211} INFO - Sync 1 DAGs
[2024-08-27T09:25:40.478+0700] {logging_mixin.py:190} INFO - [2024-08-27T09:25:40.478+0700] {dag.py:4138} INFO - Setting next_dagrun for example_params_trigger_ui to None, run_after=None
[2024-08-27T09:25:40.494+0700] {processor.py:208} INFO - Processing /home/user/.local/lib/python3.10/site-packages/airflow/example_dags/example_params_trigger_ui.py took 0.183 seconds
[2024-08-27T09:26:47.221+0700] {processor.py:186} INFO - Started process (PID=8684) to work on /home/user/.local/lib/python3.10/site-packages/airflow/example_dags/example_params_trigger_ui.py
[2024-08-27T09:26:47.223+0700] {processor.py:914} INFO - Processing file /home/user/.local/lib/python3.10/site-packages/airflow/example_dags/example_params_trigger_ui.py for tasks to queue
[2024-08-27T09:26:47.225+0700] {logging_mixin.py:190} INFO - [2024-08-27T09:26:47.224+0700] {dagbag.py:587} INFO - Filling up the DagBag from /home/user/.local/lib/python3.10/site-packages/airflow/example_dags/example_params_trigger_ui.py
[2024-08-27T09:26:47.235+0700] {processor.py:925} INFO - DAG(s) 'example_params_trigger_ui' retrieved from /home/user/.local/lib/python3.10/site-packages/airflow/example_dags/example_params_trigger_ui.py
[2024-08-27T09:26:47.270+0700] {logging_mixin.py:190} INFO - [2024-08-27T09:26:47.270+0700] {dag.py:3211} INFO - Sync 1 DAGs
[2024-08-27T09:26:47.410+0700] {logging_mixin.py:190} INFO - [2024-08-27T09:26:47.409+0700] {dag.py:4138} INFO - Setting next_dagrun for example_params_trigger_ui to None, run_after=None
[2024-08-27T09:26:47.432+0700] {processor.py:208} INFO - Processing /home/user/.local/lib/python3.10/site-packages/airflow/example_dags/example_params_trigger_ui.py took 0.216 seconds
[2024-08-27T09:27:44.240+0700] {processor.py:186} INFO - Started process (PID=9149) to work on /home/user/.local/lib/python3.10/site-packages/airflow/example_dags/example_params_trigger_ui.py
[2024-08-27T09:27:44.241+0700] {processor.py:914} INFO - Processing file /home/user/.local/lib/python3.10/site-packages/airflow/example_dags/example_params_trigger_ui.py for tasks to queue
[2024-08-27T09:27:44.243+0700] {logging_mixin.py:190} INFO - [2024-08-27T09:27:44.243+0700] {dagbag.py:587} INFO - Filling up the DagBag from /home/user/.local/lib/python3.10/site-packages/airflow/example_dags/example_params_trigger_ui.py
[2024-08-27T09:27:44.252+0700] {processor.py:925} INFO - DAG(s) 'example_params_trigger_ui' retrieved from /home/user/.local/lib/python3.10/site-packages/airflow/example_dags/example_params_trigger_ui.py
[2024-08-27T09:27:44.285+0700] {logging_mixin.py:190} INFO - [2024-08-27T09:27:44.285+0700] {dag.py:3211} INFO - Sync 1 DAGs
[2024-08-27T09:27:44.294+0700] {logging_mixin.py:190} INFO - [2024-08-27T09:27:44.294+0700] {dag.py:4138} INFO - Setting next_dagrun for example_params_trigger_ui to None, run_after=None
[2024-08-27T09:27:44.312+0700] {processor.py:208} INFO - Processing /home/user/.local/lib/python3.10/site-packages/airflow/example_dags/example_params_trigger_ui.py took 0.078 seconds
[2024-08-27T09:28:52.652+0700] {processor.py:186} INFO - Started process (PID=9713) to work on /home/user/.local/lib/python3.10/site-packages/airflow/example_dags/example_params_trigger_ui.py
[2024-08-27T09:28:52.658+0700] {processor.py:914} INFO - Processing file /home/user/.local/lib/python3.10/site-packages/airflow/example_dags/example_params_trigger_ui.py for tasks to queue
[2024-08-27T09:28:52.659+0700] {logging_mixin.py:190} INFO - [2024-08-27T09:28:52.659+0700] {dagbag.py:587} INFO - Filling up the DagBag from /home/user/.local/lib/python3.10/site-packages/airflow/example_dags/example_params_trigger_ui.py
[2024-08-27T09:28:52.669+0700] {processor.py:925} INFO - DAG(s) 'example_params_trigger_ui' retrieved from /home/user/.local/lib/python3.10/site-packages/airflow/example_dags/example_params_trigger_ui.py
[2024-08-27T09:28:52.704+0700] {logging_mixin.py:190} INFO - [2024-08-27T09:28:52.703+0700] {dag.py:3211} INFO - Sync 1 DAGs
[2024-08-27T09:28:52.713+0700] {logging_mixin.py:190} INFO - [2024-08-27T09:28:52.712+0700] {dag.py:4138} INFO - Setting next_dagrun for example_params_trigger_ui to None, run_after=None
[2024-08-27T09:28:52.732+0700] {processor.py:208} INFO - Processing /home/user/.local/lib/python3.10/site-packages/airflow/example_dags/example_params_trigger_ui.py took 0.085 seconds
[2024-08-27T09:30:34.787+0700] {processor.py:186} INFO - Started process (PID=10534) to work on /home/user/.local/lib/python3.10/site-packages/airflow/example_dags/example_params_trigger_ui.py
[2024-08-27T09:30:34.825+0700] {processor.py:914} INFO - Processing file /home/user/.local/lib/python3.10/site-packages/airflow/example_dags/example_params_trigger_ui.py for tasks to queue
[2024-08-27T09:30:34.827+0700] {logging_mixin.py:190} INFO - [2024-08-27T09:30:34.826+0700] {dagbag.py:587} INFO - Filling up the DagBag from /home/user/.local/lib/python3.10/site-packages/airflow/example_dags/example_params_trigger_ui.py
[2024-08-27T09:30:34.836+0700] {processor.py:925} INFO - DAG(s) 'example_params_trigger_ui' retrieved from /home/user/.local/lib/python3.10/site-packages/airflow/example_dags/example_params_trigger_ui.py
[2024-08-27T09:30:34.869+0700] {logging_mixin.py:190} INFO - [2024-08-27T09:30:34.869+0700] {dag.py:3211} INFO - Sync 1 DAGs
[2024-08-27T09:30:34.880+0700] {logging_mixin.py:190} INFO - [2024-08-27T09:30:34.879+0700] {dag.py:4138} INFO - Setting next_dagrun for example_params_trigger_ui to None, run_after=None
[2024-08-27T09:30:34.899+0700] {processor.py:208} INFO - Processing /home/user/.local/lib/python3.10/site-packages/airflow/example_dags/example_params_trigger_ui.py took 0.117 seconds
[2024-08-27T09:31:43.130+0700] {processor.py:186} INFO - Started process (PID=11129) to work on /home/user/.local/lib/python3.10/site-packages/airflow/example_dags/example_params_trigger_ui.py
[2024-08-27T09:31:43.133+0700] {processor.py:914} INFO - Processing file /home/user/.local/lib/python3.10/site-packages/airflow/example_dags/example_params_trigger_ui.py for tasks to queue
[2024-08-27T09:31:43.136+0700] {logging_mixin.py:190} INFO - [2024-08-27T09:31:43.135+0700] {dagbag.py:587} INFO - Filling up the DagBag from /home/user/.local/lib/python3.10/site-packages/airflow/example_dags/example_params_trigger_ui.py
[2024-08-27T09:31:43.152+0700] {processor.py:925} INFO - DAG(s) 'example_params_trigger_ui' retrieved from /home/user/.local/lib/python3.10/site-packages/airflow/example_dags/example_params_trigger_ui.py
[2024-08-27T09:31:43.195+0700] {logging_mixin.py:190} INFO - [2024-08-27T09:31:43.195+0700] {dag.py:3211} INFO - Sync 1 DAGs
[2024-08-27T09:31:43.210+0700] {logging_mixin.py:190} INFO - [2024-08-27T09:31:43.210+0700] {dag.py:4138} INFO - Setting next_dagrun for example_params_trigger_ui to None, run_after=None
[2024-08-27T09:31:43.235+0700] {processor.py:208} INFO - Processing /home/user/.local/lib/python3.10/site-packages/airflow/example_dags/example_params_trigger_ui.py took 0.112 seconds
[2024-08-27T09:33:07.471+0700] {processor.py:186} INFO - Started process (PID=11830) to work on /home/user/.local/lib/python3.10/site-packages/airflow/example_dags/example_params_trigger_ui.py
[2024-08-27T09:33:07.478+0700] {processor.py:914} INFO - Processing file /home/user/.local/lib/python3.10/site-packages/airflow/example_dags/example_params_trigger_ui.py for tasks to queue
[2024-08-27T09:33:07.480+0700] {logging_mixin.py:190} INFO - [2024-08-27T09:33:07.479+0700] {dagbag.py:587} INFO - Filling up the DagBag from /home/user/.local/lib/python3.10/site-packages/airflow/example_dags/example_params_trigger_ui.py
[2024-08-27T09:33:07.488+0700] {processor.py:925} INFO - DAG(s) 'example_params_trigger_ui' retrieved from /home/user/.local/lib/python3.10/site-packages/airflow/example_dags/example_params_trigger_ui.py
[2024-08-27T09:33:07.515+0700] {logging_mixin.py:190} INFO - [2024-08-27T09:33:07.515+0700] {dag.py:3211} INFO - Sync 1 DAGs
[2024-08-27T09:33:07.524+0700] {logging_mixin.py:190} INFO - [2024-08-27T09:33:07.524+0700] {dag.py:4138} INFO - Setting next_dagrun for example_params_trigger_ui to None, run_after=None
[2024-08-27T09:33:07.544+0700] {processor.py:208} INFO - Processing /home/user/.local/lib/python3.10/site-packages/airflow/example_dags/example_params_trigger_ui.py took 0.079 seconds
[2024-08-27T09:35:08.713+0700] {processor.py:186} INFO - Started process (PID=12825) to work on /home/user/.local/lib/python3.10/site-packages/airflow/example_dags/example_params_trigger_ui.py
[2024-08-27T09:35:08.714+0700] {processor.py:914} INFO - Processing file /home/user/.local/lib/python3.10/site-packages/airflow/example_dags/example_params_trigger_ui.py for tasks to queue
[2024-08-27T09:35:08.716+0700] {logging_mixin.py:190} INFO - [2024-08-27T09:35:08.716+0700] {dagbag.py:587} INFO - Filling up the DagBag from /home/user/.local/lib/python3.10/site-packages/airflow/example_dags/example_params_trigger_ui.py
[2024-08-27T09:35:08.726+0700] {processor.py:925} INFO - DAG(s) 'example_params_trigger_ui' retrieved from /home/user/.local/lib/python3.10/site-packages/airflow/example_dags/example_params_trigger_ui.py
[2024-08-27T09:35:08.761+0700] {logging_mixin.py:190} INFO - [2024-08-27T09:35:08.761+0700] {dag.py:3211} INFO - Sync 1 DAGs
[2024-08-27T09:35:08.772+0700] {logging_mixin.py:190} INFO - [2024-08-27T09:35:08.772+0700] {dag.py:4138} INFO - Setting next_dagrun for example_params_trigger_ui to None, run_after=None
[2024-08-27T09:35:08.790+0700] {processor.py:208} INFO - Processing /home/user/.local/lib/python3.10/site-packages/airflow/example_dags/example_params_trigger_ui.py took 0.082 seconds
[2024-08-27T09:36:15.201+0700] {processor.py:186} INFO - Started process (PID=13376) to work on /home/user/.local/lib/python3.10/site-packages/airflow/example_dags/example_params_trigger_ui.py
[2024-08-27T09:36:15.203+0700] {processor.py:914} INFO - Processing file /home/user/.local/lib/python3.10/site-packages/airflow/example_dags/example_params_trigger_ui.py for tasks to queue
[2024-08-27T09:36:15.204+0700] {logging_mixin.py:190} INFO - [2024-08-27T09:36:15.204+0700] {dagbag.py:587} INFO - Filling up the DagBag from /home/user/.local/lib/python3.10/site-packages/airflow/example_dags/example_params_trigger_ui.py
[2024-08-27T09:36:15.214+0700] {processor.py:925} INFO - DAG(s) 'example_params_trigger_ui' retrieved from /home/user/.local/lib/python3.10/site-packages/airflow/example_dags/example_params_trigger_ui.py
[2024-08-27T09:36:15.254+0700] {logging_mixin.py:190} INFO - [2024-08-27T09:36:15.254+0700] {dag.py:3211} INFO - Sync 1 DAGs
[2024-08-27T09:36:15.265+0700] {logging_mixin.py:190} INFO - [2024-08-27T09:36:15.265+0700] {dag.py:4138} INFO - Setting next_dagrun for example_params_trigger_ui to None, run_after=None
[2024-08-27T09:36:15.286+0700] {processor.py:208} INFO - Processing /home/user/.local/lib/python3.10/site-packages/airflow/example_dags/example_params_trigger_ui.py took 0.090 seconds
[2024-08-27T09:37:19.576+0700] {processor.py:186} INFO - Started process (PID=13930) to work on /home/user/.local/lib/python3.10/site-packages/airflow/example_dags/example_params_trigger_ui.py
[2024-08-27T09:37:19.578+0700] {processor.py:914} INFO - Processing file /home/user/.local/lib/python3.10/site-packages/airflow/example_dags/example_params_trigger_ui.py for tasks to queue
[2024-08-27T09:37:19.579+0700] {logging_mixin.py:190} INFO - [2024-08-27T09:37:19.579+0700] {dagbag.py:587} INFO - Filling up the DagBag from /home/user/.local/lib/python3.10/site-packages/airflow/example_dags/example_params_trigger_ui.py
[2024-08-27T09:37:19.590+0700] {processor.py:925} INFO - DAG(s) 'example_params_trigger_ui' retrieved from /home/user/.local/lib/python3.10/site-packages/airflow/example_dags/example_params_trigger_ui.py
[2024-08-27T09:37:19.624+0700] {logging_mixin.py:190} INFO - [2024-08-27T09:37:19.624+0700] {dag.py:3211} INFO - Sync 1 DAGs
[2024-08-27T09:37:19.633+0700] {logging_mixin.py:190} INFO - [2024-08-27T09:37:19.633+0700] {dag.py:4138} INFO - Setting next_dagrun for example_params_trigger_ui to None, run_after=None
[2024-08-27T09:37:19.650+0700] {processor.py:208} INFO - Processing /home/user/.local/lib/python3.10/site-packages/airflow/example_dags/example_params_trigger_ui.py took 0.078 seconds
[2024-08-27T09:38:19.190+0700] {processor.py:186} INFO - Started process (PID=14416) to work on /home/user/.local/lib/python3.10/site-packages/airflow/example_dags/example_params_trigger_ui.py
[2024-08-27T09:38:19.196+0700] {processor.py:914} INFO - Processing file /home/user/.local/lib/python3.10/site-packages/airflow/example_dags/example_params_trigger_ui.py for tasks to queue
[2024-08-27T09:38:19.198+0700] {logging_mixin.py:190} INFO - [2024-08-27T09:38:19.198+0700] {dagbag.py:587} INFO - Filling up the DagBag from /home/user/.local/lib/python3.10/site-packages/airflow/example_dags/example_params_trigger_ui.py
[2024-08-27T09:38:19.207+0700] {processor.py:925} INFO - DAG(s) 'example_params_trigger_ui' retrieved from /home/user/.local/lib/python3.10/site-packages/airflow/example_dags/example_params_trigger_ui.py
[2024-08-27T09:38:19.235+0700] {logging_mixin.py:190} INFO - [2024-08-27T09:38:19.235+0700] {dag.py:3211} INFO - Sync 1 DAGs
[2024-08-27T09:38:19.356+0700] {logging_mixin.py:190} INFO - [2024-08-27T09:38:19.356+0700] {dag.py:4138} INFO - Setting next_dagrun for example_params_trigger_ui to None, run_after=None
[2024-08-27T09:38:19.377+0700] {processor.py:208} INFO - Processing /home/user/.local/lib/python3.10/site-packages/airflow/example_dags/example_params_trigger_ui.py took 0.193 seconds
[2024-08-27T09:39:55.743+0700] {processor.py:186} INFO - Started process (PID=15229) to work on /home/user/.local/lib/python3.10/site-packages/airflow/example_dags/example_params_trigger_ui.py
[2024-08-27T09:39:55.750+0700] {processor.py:914} INFO - Processing file /home/user/.local/lib/python3.10/site-packages/airflow/example_dags/example_params_trigger_ui.py for tasks to queue
[2024-08-27T09:39:55.752+0700] {logging_mixin.py:190} INFO - [2024-08-27T09:39:55.752+0700] {dagbag.py:587} INFO - Filling up the DagBag from /home/user/.local/lib/python3.10/site-packages/airflow/example_dags/example_params_trigger_ui.py
[2024-08-27T09:39:55.760+0700] {processor.py:925} INFO - DAG(s) 'example_params_trigger_ui' retrieved from /home/user/.local/lib/python3.10/site-packages/airflow/example_dags/example_params_trigger_ui.py
[2024-08-27T09:39:55.790+0700] {logging_mixin.py:190} INFO - [2024-08-27T09:39:55.790+0700] {dag.py:3211} INFO - Sync 1 DAGs
[2024-08-27T09:39:55.800+0700] {logging_mixin.py:190} INFO - [2024-08-27T09:39:55.800+0700] {dag.py:4138} INFO - Setting next_dagrun for example_params_trigger_ui to None, run_after=None
[2024-08-27T09:39:55.818+0700] {processor.py:208} INFO - Processing /home/user/.local/lib/python3.10/site-packages/airflow/example_dags/example_params_trigger_ui.py took 0.079 seconds
[2024-08-27T09:40:55.689+0700] {processor.py:186} INFO - Started process (PID=15699) to work on /home/user/.local/lib/python3.10/site-packages/airflow/example_dags/example_params_trigger_ui.py
[2024-08-27T09:40:55.690+0700] {processor.py:914} INFO - Processing file /home/user/.local/lib/python3.10/site-packages/airflow/example_dags/example_params_trigger_ui.py for tasks to queue
[2024-08-27T09:40:55.692+0700] {logging_mixin.py:190} INFO - [2024-08-27T09:40:55.691+0700] {dagbag.py:587} INFO - Filling up the DagBag from /home/user/.local/lib/python3.10/site-packages/airflow/example_dags/example_params_trigger_ui.py
[2024-08-27T09:40:55.704+0700] {processor.py:925} INFO - DAG(s) 'example_params_trigger_ui' retrieved from /home/user/.local/lib/python3.10/site-packages/airflow/example_dags/example_params_trigger_ui.py
[2024-08-27T09:40:55.739+0700] {logging_mixin.py:190} INFO - [2024-08-27T09:40:55.739+0700] {dag.py:3211} INFO - Sync 1 DAGs
[2024-08-27T09:40:55.748+0700] {logging_mixin.py:190} INFO - [2024-08-27T09:40:55.748+0700] {dag.py:4138} INFO - Setting next_dagrun for example_params_trigger_ui to None, run_after=None
[2024-08-27T09:40:55.767+0700] {processor.py:208} INFO - Processing /home/user/.local/lib/python3.10/site-packages/airflow/example_dags/example_params_trigger_ui.py took 0.083 seconds
[2024-08-27T09:42:01.109+0700] {processor.py:186} INFO - Started process (PID=16222) to work on /home/user/.local/lib/python3.10/site-packages/airflow/example_dags/example_params_trigger_ui.py
[2024-08-27T09:42:01.110+0700] {processor.py:914} INFO - Processing file /home/user/.local/lib/python3.10/site-packages/airflow/example_dags/example_params_trigger_ui.py for tasks to queue
[2024-08-27T09:42:01.112+0700] {logging_mixin.py:190} INFO - [2024-08-27T09:42:01.112+0700] {dagbag.py:587} INFO - Filling up the DagBag from /home/user/.local/lib/python3.10/site-packages/airflow/example_dags/example_params_trigger_ui.py
[2024-08-27T09:42:01.120+0700] {processor.py:925} INFO - DAG(s) 'example_params_trigger_ui' retrieved from /home/user/.local/lib/python3.10/site-packages/airflow/example_dags/example_params_trigger_ui.py
[2024-08-27T09:42:01.151+0700] {logging_mixin.py:190} INFO - [2024-08-27T09:42:01.150+0700] {dag.py:3211} INFO - Sync 1 DAGs
[2024-08-27T09:42:01.160+0700] {logging_mixin.py:190} INFO - [2024-08-27T09:42:01.160+0700] {dag.py:4138} INFO - Setting next_dagrun for example_params_trigger_ui to None, run_after=None
[2024-08-27T09:42:01.177+0700] {processor.py:208} INFO - Processing /home/user/.local/lib/python3.10/site-packages/airflow/example_dags/example_params_trigger_ui.py took 0.074 seconds
[2024-08-27T09:44:42.973+0700] {processor.py:186} INFO - Started process (PID=17550) to work on /home/user/.local/lib/python3.10/site-packages/airflow/example_dags/example_params_trigger_ui.py
[2024-08-27T09:44:42.974+0700] {processor.py:914} INFO - Processing file /home/user/.local/lib/python3.10/site-packages/airflow/example_dags/example_params_trigger_ui.py for tasks to queue
[2024-08-27T09:44:42.976+0700] {logging_mixin.py:190} INFO - [2024-08-27T09:44:42.976+0700] {dagbag.py:587} INFO - Filling up the DagBag from /home/user/.local/lib/python3.10/site-packages/airflow/example_dags/example_params_trigger_ui.py
[2024-08-27T09:44:42.987+0700] {processor.py:925} INFO - DAG(s) 'example_params_trigger_ui' retrieved from /home/user/.local/lib/python3.10/site-packages/airflow/example_dags/example_params_trigger_ui.py
[2024-08-27T09:44:43.024+0700] {logging_mixin.py:190} INFO - [2024-08-27T09:44:43.024+0700] {dag.py:3211} INFO - Sync 1 DAGs
[2024-08-27T09:44:43.035+0700] {logging_mixin.py:190} INFO - [2024-08-27T09:44:43.035+0700] {dag.py:4138} INFO - Setting next_dagrun for example_params_trigger_ui to None, run_after=None
[2024-08-27T09:44:43.063+0700] {processor.py:208} INFO - Processing /home/user/.local/lib/python3.10/site-packages/airflow/example_dags/example_params_trigger_ui.py took 0.095 seconds
