[2024-08-27T09:20:08.439+0700] {processor.py:186} INFO - Started process (PID=5518) to work on /home/user/.local/lib/python3.10/site-packages/airflow/example_dags/example_sensor_decorator.py
[2024-08-27T09:20:08.440+0700] {processor.py:914} INFO - Processing file /home/user/.local/lib/python3.10/site-packages/airflow/example_dags/example_sensor_decorator.py for tasks to queue
[2024-08-27T09:20:08.442+0700] {logging_mixin.py:190} INFO - [2024-08-27T09:20:08.442+0700] {dagbag.py:587} INFO - Filling up the DagBag from /home/user/.local/lib/python3.10/site-packages/airflow/example_dags/example_sensor_decorator.py
[2024-08-27T09:20:08.452+0700] {processor.py:925} INFO - DAG(s) 'example_sensor_decorator' retrieved from /home/user/.local/lib/python3.10/site-packages/airflow/example_dags/example_sensor_decorator.py
[2024-08-27T09:20:08.471+0700] {logging_mixin.py:190} INFO - [2024-08-27T09:20:08.471+0700] {dag.py:3211} INFO - Sync 1 DAGs
[2024-08-27T09:20:08.481+0700] {logging_mixin.py:190} INFO - [2024-08-27T09:20:08.481+0700] {dag.py:4138} INFO - Setting next_dagrun for example_sensor_decorator to None, run_after=None
[2024-08-27T09:20:08.502+0700] {processor.py:208} INFO - Processing /home/user/.local/lib/python3.10/site-packages/airflow/example_dags/example_sensor_decorator.py took 0.070 seconds
[2024-08-27T09:21:06.861+0700] {processor.py:186} INFO - Started process (PID=5992) to work on /home/user/.local/lib/python3.10/site-packages/airflow/example_dags/example_sensor_decorator.py
[2024-08-27T09:21:06.863+0700] {processor.py:914} INFO - Processing file /home/user/.local/lib/python3.10/site-packages/airflow/example_dags/example_sensor_decorator.py for tasks to queue
[2024-08-27T09:21:06.865+0700] {logging_mixin.py:190} INFO - [2024-08-27T09:21:06.865+0700] {dagbag.py:587} INFO - Filling up the DagBag from /home/user/.local/lib/python3.10/site-packages/airflow/example_dags/example_sensor_decorator.py
[2024-08-27T09:21:06.873+0700] {processor.py:925} INFO - DAG(s) 'example_sensor_decorator' retrieved from /home/user/.local/lib/python3.10/site-packages/airflow/example_dags/example_sensor_decorator.py
[2024-08-27T09:21:06.889+0700] {logging_mixin.py:190} INFO - [2024-08-27T09:21:06.889+0700] {dag.py:3211} INFO - Sync 1 DAGs
[2024-08-27T09:21:06.899+0700] {logging_mixin.py:190} INFO - [2024-08-27T09:21:06.898+0700] {dag.py:4138} INFO - Setting next_dagrun for example_sensor_decorator to None, run_after=None
[2024-08-27T09:21:06.917+0700] {processor.py:208} INFO - Processing /home/user/.local/lib/python3.10/site-packages/airflow/example_dags/example_sensor_decorator.py took 0.062 seconds
[2024-08-27T09:22:33.302+0700] {processor.py:186} INFO - Started process (PID=6685) to work on /home/user/.local/lib/python3.10/site-packages/airflow/example_dags/example_sensor_decorator.py
[2024-08-27T09:22:33.304+0700] {processor.py:914} INFO - Processing file /home/user/.local/lib/python3.10/site-packages/airflow/example_dags/example_sensor_decorator.py for tasks to queue
[2024-08-27T09:22:33.305+0700] {logging_mixin.py:190} INFO - [2024-08-27T09:22:33.305+0700] {dagbag.py:587} INFO - Filling up the DagBag from /home/user/.local/lib/python3.10/site-packages/airflow/example_dags/example_sensor_decorator.py
[2024-08-27T09:22:33.312+0700] {processor.py:925} INFO - DAG(s) 'example_sensor_decorator' retrieved from /home/user/.local/lib/python3.10/site-packages/airflow/example_dags/example_sensor_decorator.py
[2024-08-27T09:22:33.325+0700] {logging_mixin.py:190} INFO - [2024-08-27T09:22:33.325+0700] {dag.py:3211} INFO - Sync 1 DAGs
[2024-08-27T09:22:33.334+0700] {logging_mixin.py:190} INFO - [2024-08-27T09:22:33.334+0700] {dag.py:4138} INFO - Setting next_dagrun for example_sensor_decorator to None, run_after=None
[2024-08-27T09:22:33.352+0700] {processor.py:208} INFO - Processing /home/user/.local/lib/python3.10/site-packages/airflow/example_dags/example_sensor_decorator.py took 0.055 seconds
[2024-08-27T09:23:34.709+0700] {processor.py:186} INFO - Started process (PID=7179) to work on /home/user/.local/lib/python3.10/site-packages/airflow/example_dags/example_sensor_decorator.py
[2024-08-27T09:23:34.711+0700] {processor.py:914} INFO - Processing file /home/user/.local/lib/python3.10/site-packages/airflow/example_dags/example_sensor_decorator.py for tasks to queue
[2024-08-27T09:23:34.714+0700] {logging_mixin.py:190} INFO - [2024-08-27T09:23:34.714+0700] {dagbag.py:587} INFO - Filling up the DagBag from /home/user/.local/lib/python3.10/site-packages/airflow/example_dags/example_sensor_decorator.py
[2024-08-27T09:23:34.726+0700] {processor.py:925} INFO - DAG(s) 'example_sensor_decorator' retrieved from /home/user/.local/lib/python3.10/site-packages/airflow/example_dags/example_sensor_decorator.py
[2024-08-27T09:23:34.748+0700] {logging_mixin.py:190} INFO - [2024-08-27T09:23:34.748+0700] {dag.py:3211} INFO - Sync 1 DAGs
[2024-08-27T09:23:34.759+0700] {logging_mixin.py:190} INFO - [2024-08-27T09:23:34.759+0700] {dag.py:4138} INFO - Setting next_dagrun for example_sensor_decorator to None, run_after=None
[2024-08-27T09:23:34.788+0700] {processor.py:208} INFO - Processing /home/user/.local/lib/python3.10/site-packages/airflow/example_dags/example_sensor_decorator.py took 0.087 seconds
[2024-08-27T09:24:34.412+0700] {processor.py:186} INFO - Started process (PID=7648) to work on /home/user/.local/lib/python3.10/site-packages/airflow/example_dags/example_sensor_decorator.py
[2024-08-27T09:24:34.414+0700] {processor.py:914} INFO - Processing file /home/user/.local/lib/python3.10/site-packages/airflow/example_dags/example_sensor_decorator.py for tasks to queue
[2024-08-27T09:24:34.416+0700] {logging_mixin.py:190} INFO - [2024-08-27T09:24:34.415+0700] {dagbag.py:587} INFO - Filling up the DagBag from /home/user/.local/lib/python3.10/site-packages/airflow/example_dags/example_sensor_decorator.py
[2024-08-27T09:24:34.422+0700] {processor.py:925} INFO - DAG(s) 'example_sensor_decorator' retrieved from /home/user/.local/lib/python3.10/site-packages/airflow/example_dags/example_sensor_decorator.py
[2024-08-27T09:24:34.434+0700] {logging_mixin.py:190} INFO - [2024-08-27T09:24:34.434+0700] {dag.py:3211} INFO - Sync 1 DAGs
[2024-08-27T09:24:34.443+0700] {logging_mixin.py:190} INFO - [2024-08-27T09:24:34.443+0700] {dag.py:4138} INFO - Setting next_dagrun for example_sensor_decorator to None, run_after=None
[2024-08-27T09:24:34.591+0700] {processor.py:208} INFO - Processing /home/user/.local/lib/python3.10/site-packages/airflow/example_dags/example_sensor_decorator.py took 0.184 seconds
[2024-08-27T09:25:42.112+0700] {processor.py:186} INFO - Started process (PID=8178) to work on /home/user/.local/lib/python3.10/site-packages/airflow/example_dags/example_sensor_decorator.py
[2024-08-27T09:25:42.114+0700] {processor.py:914} INFO - Processing file /home/user/.local/lib/python3.10/site-packages/airflow/example_dags/example_sensor_decorator.py for tasks to queue
[2024-08-27T09:25:42.115+0700] {logging_mixin.py:190} INFO - [2024-08-27T09:25:42.115+0700] {dagbag.py:587} INFO - Filling up the DagBag from /home/user/.local/lib/python3.10/site-packages/airflow/example_dags/example_sensor_decorator.py
[2024-08-27T09:25:42.123+0700] {processor.py:925} INFO - DAG(s) 'example_sensor_decorator' retrieved from /home/user/.local/lib/python3.10/site-packages/airflow/example_dags/example_sensor_decorator.py
[2024-08-27T09:25:42.135+0700] {logging_mixin.py:190} INFO - [2024-08-27T09:25:42.135+0700] {dag.py:3211} INFO - Sync 1 DAGs
[2024-08-27T09:25:42.144+0700] {logging_mixin.py:190} INFO - [2024-08-27T09:25:42.144+0700] {dag.py:4138} INFO - Setting next_dagrun for example_sensor_decorator to None, run_after=None
[2024-08-27T09:25:42.282+0700] {processor.py:208} INFO - Processing /home/user/.local/lib/python3.10/site-packages/airflow/example_dags/example_sensor_decorator.py took 0.174 seconds
[2024-08-27T09:27:46.820+0700] {processor.py:186} INFO - Started process (PID=9167) to work on /home/user/.local/lib/python3.10/site-packages/airflow/example_dags/example_sensor_decorator.py
[2024-08-27T09:27:46.826+0700] {processor.py:914} INFO - Processing file /home/user/.local/lib/python3.10/site-packages/airflow/example_dags/example_sensor_decorator.py for tasks to queue
[2024-08-27T09:27:46.828+0700] {logging_mixin.py:190} INFO - [2024-08-27T09:27:46.828+0700] {dagbag.py:587} INFO - Filling up the DagBag from /home/user/.local/lib/python3.10/site-packages/airflow/example_dags/example_sensor_decorator.py
[2024-08-27T09:27:46.835+0700] {processor.py:925} INFO - DAG(s) 'example_sensor_decorator' retrieved from /home/user/.local/lib/python3.10/site-packages/airflow/example_dags/example_sensor_decorator.py
[2024-08-27T09:27:46.848+0700] {logging_mixin.py:190} INFO - [2024-08-27T09:27:46.847+0700] {dag.py:3211} INFO - Sync 1 DAGs
[2024-08-27T09:27:46.857+0700] {logging_mixin.py:190} INFO - [2024-08-27T09:27:46.857+0700] {dag.py:4138} INFO - Setting next_dagrun for example_sensor_decorator to None, run_after=None
[2024-08-27T09:27:46.874+0700] {processor.py:208} INFO - Processing /home/user/.local/lib/python3.10/site-packages/airflow/example_dags/example_sensor_decorator.py took 0.059 seconds
[2024-08-27T09:28:54.740+0700] {processor.py:186} INFO - Started process (PID=9730) to work on /home/user/.local/lib/python3.10/site-packages/airflow/example_dags/example_sensor_decorator.py
[2024-08-27T09:28:54.742+0700] {processor.py:914} INFO - Processing file /home/user/.local/lib/python3.10/site-packages/airflow/example_dags/example_sensor_decorator.py for tasks to queue
[2024-08-27T09:28:54.744+0700] {logging_mixin.py:190} INFO - [2024-08-27T09:28:54.744+0700] {dagbag.py:587} INFO - Filling up the DagBag from /home/user/.local/lib/python3.10/site-packages/airflow/example_dags/example_sensor_decorator.py
[2024-08-27T09:28:54.750+0700] {processor.py:925} INFO - DAG(s) 'example_sensor_decorator' retrieved from /home/user/.local/lib/python3.10/site-packages/airflow/example_dags/example_sensor_decorator.py
[2024-08-27T09:28:54.768+0700] {logging_mixin.py:190} INFO - [2024-08-27T09:28:54.768+0700] {dag.py:3211} INFO - Sync 1 DAGs
[2024-08-27T09:28:54.780+0700] {logging_mixin.py:190} INFO - [2024-08-27T09:28:54.780+0700] {dag.py:4138} INFO - Setting next_dagrun for example_sensor_decorator to None, run_after=None
[2024-08-27T09:28:54.799+0700] {processor.py:208} INFO - Processing /home/user/.local/lib/python3.10/site-packages/airflow/example_dags/example_sensor_decorator.py took 0.068 seconds
[2024-08-27T09:30:39.856+0700] {processor.py:186} INFO - Started process (PID=10583) to work on /home/user/.local/lib/python3.10/site-packages/airflow/example_dags/example_sensor_decorator.py
[2024-08-27T09:30:39.857+0700] {processor.py:914} INFO - Processing file /home/user/.local/lib/python3.10/site-packages/airflow/example_dags/example_sensor_decorator.py for tasks to queue
[2024-08-27T09:30:39.859+0700] {logging_mixin.py:190} INFO - [2024-08-27T09:30:39.859+0700] {dagbag.py:587} INFO - Filling up the DagBag from /home/user/.local/lib/python3.10/site-packages/airflow/example_dags/example_sensor_decorator.py
[2024-08-27T09:30:39.866+0700] {processor.py:925} INFO - DAG(s) 'example_sensor_decorator' retrieved from /home/user/.local/lib/python3.10/site-packages/airflow/example_dags/example_sensor_decorator.py
[2024-08-27T09:30:39.879+0700] {logging_mixin.py:190} INFO - [2024-08-27T09:30:39.879+0700] {dag.py:3211} INFO - Sync 1 DAGs
[2024-08-27T09:30:39.888+0700] {logging_mixin.py:190} INFO - [2024-08-27T09:30:39.888+0700] {dag.py:4138} INFO - Setting next_dagrun for example_sensor_decorator to None, run_after=None
[2024-08-27T09:30:39.905+0700] {processor.py:208} INFO - Processing /home/user/.local/lib/python3.10/site-packages/airflow/example_dags/example_sensor_decorator.py took 0.054 seconds
[2024-08-27T09:31:44.764+0700] {processor.py:186} INFO - Started process (PID=11162) to work on /home/user/.local/lib/python3.10/site-packages/airflow/example_dags/example_sensor_decorator.py
[2024-08-27T09:31:44.766+0700] {processor.py:914} INFO - Processing file /home/user/.local/lib/python3.10/site-packages/airflow/example_dags/example_sensor_decorator.py for tasks to queue
[2024-08-27T09:31:44.769+0700] {logging_mixin.py:190} INFO - [2024-08-27T09:31:44.768+0700] {dagbag.py:587} INFO - Filling up the DagBag from /home/user/.local/lib/python3.10/site-packages/airflow/example_dags/example_sensor_decorator.py
[2024-08-27T09:31:44.775+0700] {processor.py:925} INFO - DAG(s) 'example_sensor_decorator' retrieved from /home/user/.local/lib/python3.10/site-packages/airflow/example_dags/example_sensor_decorator.py
[2024-08-27T09:31:44.789+0700] {logging_mixin.py:190} INFO - [2024-08-27T09:31:44.789+0700] {dag.py:3211} INFO - Sync 1 DAGs
[2024-08-27T09:31:44.802+0700] {logging_mixin.py:190} INFO - [2024-08-27T09:31:44.801+0700] {dag.py:4138} INFO - Setting next_dagrun for example_sensor_decorator to None, run_after=None
[2024-08-27T09:31:44.822+0700] {processor.py:208} INFO - Processing /home/user/.local/lib/python3.10/site-packages/airflow/example_dags/example_sensor_decorator.py took 0.064 seconds
[2024-08-27T09:33:09.952+0700] {processor.py:186} INFO - Started process (PID=11847) to work on /home/user/.local/lib/python3.10/site-packages/airflow/example_dags/example_sensor_decorator.py
[2024-08-27T09:33:09.953+0700] {processor.py:914} INFO - Processing file /home/user/.local/lib/python3.10/site-packages/airflow/example_dags/example_sensor_decorator.py for tasks to queue
[2024-08-27T09:33:09.955+0700] {logging_mixin.py:190} INFO - [2024-08-27T09:33:09.955+0700] {dagbag.py:587} INFO - Filling up the DagBag from /home/user/.local/lib/python3.10/site-packages/airflow/example_dags/example_sensor_decorator.py
[2024-08-27T09:33:09.962+0700] {processor.py:925} INFO - DAG(s) 'example_sensor_decorator' retrieved from /home/user/.local/lib/python3.10/site-packages/airflow/example_dags/example_sensor_decorator.py
[2024-08-27T09:33:09.977+0700] {logging_mixin.py:190} INFO - [2024-08-27T09:33:09.977+0700] {dag.py:3211} INFO - Sync 1 DAGs
[2024-08-27T09:33:09.987+0700] {logging_mixin.py:190} INFO - [2024-08-27T09:33:09.986+0700] {dag.py:4138} INFO - Setting next_dagrun for example_sensor_decorator to None, run_after=None
[2024-08-27T09:33:10.011+0700] {processor.py:208} INFO - Processing /home/user/.local/lib/python3.10/site-packages/airflow/example_dags/example_sensor_decorator.py took 0.065 seconds
[2024-08-27T09:35:11.205+0700] {processor.py:186} INFO - Started process (PID=12843) to work on /home/user/.local/lib/python3.10/site-packages/airflow/example_dags/example_sensor_decorator.py
[2024-08-27T09:35:11.207+0700] {processor.py:914} INFO - Processing file /home/user/.local/lib/python3.10/site-packages/airflow/example_dags/example_sensor_decorator.py for tasks to queue
[2024-08-27T09:35:11.210+0700] {logging_mixin.py:190} INFO - [2024-08-27T09:35:11.210+0700] {dagbag.py:587} INFO - Filling up the DagBag from /home/user/.local/lib/python3.10/site-packages/airflow/example_dags/example_sensor_decorator.py
[2024-08-27T09:35:11.220+0700] {processor.py:925} INFO - DAG(s) 'example_sensor_decorator' retrieved from /home/user/.local/lib/python3.10/site-packages/airflow/example_dags/example_sensor_decorator.py
[2024-08-27T09:35:11.241+0700] {logging_mixin.py:190} INFO - [2024-08-27T09:35:11.241+0700] {dag.py:3211} INFO - Sync 1 DAGs
[2024-08-27T09:35:11.256+0700] {logging_mixin.py:190} INFO - [2024-08-27T09:35:11.255+0700] {dag.py:4138} INFO - Setting next_dagrun for example_sensor_decorator to None, run_after=None
[2024-08-27T09:35:11.283+0700] {processor.py:208} INFO - Processing /home/user/.local/lib/python3.10/site-packages/airflow/example_dags/example_sensor_decorator.py took 0.086 seconds
[2024-08-27T09:36:17.288+0700] {processor.py:186} INFO - Started process (PID=13392) to work on /home/user/.local/lib/python3.10/site-packages/airflow/example_dags/example_sensor_decorator.py
[2024-08-27T09:36:17.290+0700] {processor.py:914} INFO - Processing file /home/user/.local/lib/python3.10/site-packages/airflow/example_dags/example_sensor_decorator.py for tasks to queue
[2024-08-27T09:36:17.292+0700] {logging_mixin.py:190} INFO - [2024-08-27T09:36:17.291+0700] {dagbag.py:587} INFO - Filling up the DagBag from /home/user/.local/lib/python3.10/site-packages/airflow/example_dags/example_sensor_decorator.py
[2024-08-27T09:36:17.300+0700] {processor.py:925} INFO - DAG(s) 'example_sensor_decorator' retrieved from /home/user/.local/lib/python3.10/site-packages/airflow/example_dags/example_sensor_decorator.py
[2024-08-27T09:36:17.317+0700] {logging_mixin.py:190} INFO - [2024-08-27T09:36:17.316+0700] {dag.py:3211} INFO - Sync 1 DAGs
[2024-08-27T09:36:17.328+0700] {logging_mixin.py:190} INFO - [2024-08-27T09:36:17.328+0700] {dag.py:4138} INFO - Setting next_dagrun for example_sensor_decorator to None, run_after=None
[2024-08-27T09:36:17.352+0700] {processor.py:208} INFO - Processing /home/user/.local/lib/python3.10/site-packages/airflow/example_dags/example_sensor_decorator.py took 0.069 seconds
[2024-08-27T09:37:21.435+0700] {processor.py:186} INFO - Started process (PID=13953) to work on /home/user/.local/lib/python3.10/site-packages/airflow/example_dags/example_sensor_decorator.py
[2024-08-27T09:37:21.436+0700] {processor.py:914} INFO - Processing file /home/user/.local/lib/python3.10/site-packages/airflow/example_dags/example_sensor_decorator.py for tasks to queue
[2024-08-27T09:37:21.437+0700] {logging_mixin.py:190} INFO - [2024-08-27T09:37:21.437+0700] {dagbag.py:587} INFO - Filling up the DagBag from /home/user/.local/lib/python3.10/site-packages/airflow/example_dags/example_sensor_decorator.py
[2024-08-27T09:37:21.447+0700] {processor.py:925} INFO - DAG(s) 'example_sensor_decorator' retrieved from /home/user/.local/lib/python3.10/site-packages/airflow/example_dags/example_sensor_decorator.py
[2024-08-27T09:37:21.462+0700] {logging_mixin.py:190} INFO - [2024-08-27T09:37:21.461+0700] {dag.py:3211} INFO - Sync 1 DAGs
[2024-08-27T09:37:21.473+0700] {logging_mixin.py:190} INFO - [2024-08-27T09:37:21.473+0700] {dag.py:4138} INFO - Setting next_dagrun for example_sensor_decorator to None, run_after=None
[2024-08-27T09:37:21.492+0700] {processor.py:208} INFO - Processing /home/user/.local/lib/python3.10/site-packages/airflow/example_dags/example_sensor_decorator.py took 0.062 seconds
[2024-08-27T09:38:21.799+0700] {processor.py:186} INFO - Started process (PID=14437) to work on /home/user/.local/lib/python3.10/site-packages/airflow/example_dags/example_sensor_decorator.py
[2024-08-27T09:38:21.801+0700] {processor.py:914} INFO - Processing file /home/user/.local/lib/python3.10/site-packages/airflow/example_dags/example_sensor_decorator.py for tasks to queue
[2024-08-27T09:38:21.803+0700] {logging_mixin.py:190} INFO - [2024-08-27T09:38:21.803+0700] {dagbag.py:587} INFO - Filling up the DagBag from /home/user/.local/lib/python3.10/site-packages/airflow/example_dags/example_sensor_decorator.py
[2024-08-27T09:38:21.810+0700] {processor.py:925} INFO - DAG(s) 'example_sensor_decorator' retrieved from /home/user/.local/lib/python3.10/site-packages/airflow/example_dags/example_sensor_decorator.py
[2024-08-27T09:38:21.823+0700] {logging_mixin.py:190} INFO - [2024-08-27T09:38:21.823+0700] {dag.py:3211} INFO - Sync 1 DAGs
[2024-08-27T09:38:21.833+0700] {logging_mixin.py:190} INFO - [2024-08-27T09:38:21.833+0700] {dag.py:4138} INFO - Setting next_dagrun for example_sensor_decorator to None, run_after=None
[2024-08-27T09:38:21.955+0700] {processor.py:208} INFO - Processing /home/user/.local/lib/python3.10/site-packages/airflow/example_dags/example_sensor_decorator.py took 0.160 seconds
[2024-08-27T09:39:57.680+0700] {processor.py:186} INFO - Started process (PID=15244) to work on /home/user/.local/lib/python3.10/site-packages/airflow/example_dags/example_sensor_decorator.py
[2024-08-27T09:39:57.683+0700] {processor.py:914} INFO - Processing file /home/user/.local/lib/python3.10/site-packages/airflow/example_dags/example_sensor_decorator.py for tasks to queue
[2024-08-27T09:39:57.686+0700] {logging_mixin.py:190} INFO - [2024-08-27T09:39:57.686+0700] {dagbag.py:587} INFO - Filling up the DagBag from /home/user/.local/lib/python3.10/site-packages/airflow/example_dags/example_sensor_decorator.py
[2024-08-27T09:39:57.694+0700] {processor.py:925} INFO - DAG(s) 'example_sensor_decorator' retrieved from /home/user/.local/lib/python3.10/site-packages/airflow/example_dags/example_sensor_decorator.py
[2024-08-27T09:39:57.710+0700] {logging_mixin.py:190} INFO - [2024-08-27T09:39:57.710+0700] {dag.py:3211} INFO - Sync 1 DAGs
[2024-08-27T09:39:57.721+0700] {logging_mixin.py:190} INFO - [2024-08-27T09:39:57.721+0700] {dag.py:4138} INFO - Setting next_dagrun for example_sensor_decorator to None, run_after=None
[2024-08-27T09:39:57.740+0700] {processor.py:208} INFO - Processing /home/user/.local/lib/python3.10/site-packages/airflow/example_dags/example_sensor_decorator.py took 0.065 seconds
[2024-08-27T09:40:57.713+0700] {processor.py:186} INFO - Started process (PID=15715) to work on /home/user/.local/lib/python3.10/site-packages/airflow/example_dags/example_sensor_decorator.py
[2024-08-27T09:40:57.719+0700] {processor.py:914} INFO - Processing file /home/user/.local/lib/python3.10/site-packages/airflow/example_dags/example_sensor_decorator.py for tasks to queue
[2024-08-27T09:40:57.721+0700] {logging_mixin.py:190} INFO - [2024-08-27T09:40:57.721+0700] {dagbag.py:587} INFO - Filling up the DagBag from /home/user/.local/lib/python3.10/site-packages/airflow/example_dags/example_sensor_decorator.py
[2024-08-27T09:40:57.727+0700] {processor.py:925} INFO - DAG(s) 'example_sensor_decorator' retrieved from /home/user/.local/lib/python3.10/site-packages/airflow/example_dags/example_sensor_decorator.py
[2024-08-27T09:40:57.744+0700] {logging_mixin.py:190} INFO - [2024-08-27T09:40:57.743+0700] {dag.py:3211} INFO - Sync 1 DAGs
[2024-08-27T09:40:57.754+0700] {logging_mixin.py:190} INFO - [2024-08-27T09:40:57.753+0700] {dag.py:4138} INFO - Setting next_dagrun for example_sensor_decorator to None, run_after=None
[2024-08-27T09:40:57.774+0700] {processor.py:208} INFO - Processing /home/user/.local/lib/python3.10/site-packages/airflow/example_dags/example_sensor_decorator.py took 0.066 seconds
[2024-08-27T09:42:03.233+0700] {processor.py:186} INFO - Started process (PID=16238) to work on /home/user/.local/lib/python3.10/site-packages/airflow/example_dags/example_sensor_decorator.py
[2024-08-27T09:42:03.265+0700] {processor.py:914} INFO - Processing file /home/user/.local/lib/python3.10/site-packages/airflow/example_dags/example_sensor_decorator.py for tasks to queue
[2024-08-27T09:42:03.267+0700] {logging_mixin.py:190} INFO - [2024-08-27T09:42:03.267+0700] {dagbag.py:587} INFO - Filling up the DagBag from /home/user/.local/lib/python3.10/site-packages/airflow/example_dags/example_sensor_decorator.py
[2024-08-27T09:42:03.274+0700] {processor.py:925} INFO - DAG(s) 'example_sensor_decorator' retrieved from /home/user/.local/lib/python3.10/site-packages/airflow/example_dags/example_sensor_decorator.py
[2024-08-27T09:42:03.325+0700] {logging_mixin.py:190} INFO - [2024-08-27T09:42:03.325+0700] {dag.py:3211} INFO - Sync 1 DAGs
[2024-08-27T09:42:03.334+0700] {logging_mixin.py:190} INFO - [2024-08-27T09:42:03.334+0700] {dag.py:4138} INFO - Setting next_dagrun for example_sensor_decorator to None, run_after=None
[2024-08-27T09:42:03.515+0700] {processor.py:208} INFO - Processing /home/user/.local/lib/python3.10/site-packages/airflow/example_dags/example_sensor_decorator.py took 0.303 seconds
[2024-08-27T09:44:45.578+0700] {processor.py:186} INFO - Started process (PID=17569) to work on /home/user/.local/lib/python3.10/site-packages/airflow/example_dags/example_sensor_decorator.py
[2024-08-27T09:44:45.579+0700] {processor.py:914} INFO - Processing file /home/user/.local/lib/python3.10/site-packages/airflow/example_dags/example_sensor_decorator.py for tasks to queue
[2024-08-27T09:44:45.581+0700] {logging_mixin.py:190} INFO - [2024-08-27T09:44:45.581+0700] {dagbag.py:587} INFO - Filling up the DagBag from /home/user/.local/lib/python3.10/site-packages/airflow/example_dags/example_sensor_decorator.py
[2024-08-27T09:44:45.589+0700] {processor.py:925} INFO - DAG(s) 'example_sensor_decorator' retrieved from /home/user/.local/lib/python3.10/site-packages/airflow/example_dags/example_sensor_decorator.py
[2024-08-27T09:44:45.603+0700] {logging_mixin.py:190} INFO - [2024-08-27T09:44:45.602+0700] {dag.py:3211} INFO - Sync 1 DAGs
[2024-08-27T09:44:45.613+0700] {logging_mixin.py:190} INFO - [2024-08-27T09:44:45.613+0700] {dag.py:4138} INFO - Setting next_dagrun for example_sensor_decorator to None, run_after=None
[2024-08-27T09:44:45.634+0700] {processor.py:208} INFO - Processing /home/user/.local/lib/python3.10/site-packages/airflow/example_dags/example_sensor_decorator.py took 0.061 seconds
