[2024-08-27T09:20:15.210+0700] {processor.py:186} INFO - Started process (PID=5570) to work on /home/user/.local/lib/python3.10/site-packages/airflow/example_dags/example_outlet_event_extra.py
[2024-08-27T09:20:15.211+0700] {processor.py:914} INFO - Processing file /home/user/.local/lib/python3.10/site-packages/airflow/example_dags/example_outlet_event_extra.py for tasks to queue
[2024-08-27T09:20:15.213+0700] {logging_mixin.py:190} INFO - [2024-08-27T09:20:15.213+0700] {dagbag.py:587} INFO - Filling up the DagBag from /home/user/.local/lib/python3.10/site-packages/airflow/example_dags/example_outlet_event_extra.py
[2024-08-27T09:20:15.226+0700] {processor.py:925} INFO - DAG(s) 'dataset_with_extra_from_classic_operator', 'dataset_with_extra_by_yield', 'dataset_with_extra_by_context' retrieved from /home/user/.local/lib/python3.10/site-packages/airflow/example_dags/example_outlet_event_extra.py
[2024-08-27T09:20:15.249+0700] {logging_mixin.py:190} INFO - [2024-08-27T09:20:15.249+0700] {dag.py:3211} INFO - Sync 3 DAGs
[2024-08-27T09:20:15.267+0700] {logging_mixin.py:190} INFO - [2024-08-27T09:20:15.267+0700] {dag.py:4138} INFO - Setting next_dagrun for dataset_with_extra_by_context to 2024-08-26 00:00:00+00:00, run_after=2024-08-27 00:00:00+00:00
[2024-08-27T09:20:15.273+0700] {logging_mixin.py:190} INFO - [2024-08-27T09:20:15.272+0700] {dag.py:4138} INFO - Setting next_dagrun for dataset_with_extra_by_yield to 2024-08-26 00:00:00+00:00, run_after=2024-08-27 00:00:00+00:00
[2024-08-27T09:20:15.275+0700] {logging_mixin.py:190} INFO - [2024-08-27T09:20:15.275+0700] {dag.py:4138} INFO - Setting next_dagrun for dataset_with_extra_from_classic_operator to 2024-08-26 00:00:00+00:00, run_after=2024-08-27 00:00:00+00:00
[2024-08-27T09:20:15.303+0700] {processor.py:208} INFO - Processing /home/user/.local/lib/python3.10/site-packages/airflow/example_dags/example_outlet_event_extra.py took 0.099 seconds
[2024-08-27T09:21:14.299+0700] {processor.py:186} INFO - Started process (PID=6047) to work on /home/user/.local/lib/python3.10/site-packages/airflow/example_dags/example_outlet_event_extra.py
[2024-08-27T09:21:14.305+0700] {processor.py:914} INFO - Processing file /home/user/.local/lib/python3.10/site-packages/airflow/example_dags/example_outlet_event_extra.py for tasks to queue
[2024-08-27T09:21:14.307+0700] {logging_mixin.py:190} INFO - [2024-08-27T09:21:14.307+0700] {dagbag.py:587} INFO - Filling up the DagBag from /home/user/.local/lib/python3.10/site-packages/airflow/example_dags/example_outlet_event_extra.py
[2024-08-27T09:21:14.317+0700] {processor.py:925} INFO - DAG(s) 'dataset_with_extra_by_yield', 'dataset_with_extra_from_classic_operator', 'dataset_with_extra_by_context' retrieved from /home/user/.local/lib/python3.10/site-packages/airflow/example_dags/example_outlet_event_extra.py
[2024-08-27T09:21:14.332+0700] {logging_mixin.py:190} INFO - [2024-08-27T09:21:14.332+0700] {dag.py:3211} INFO - Sync 3 DAGs
[2024-08-27T09:21:14.347+0700] {logging_mixin.py:190} INFO - [2024-08-27T09:21:14.346+0700] {dag.py:4138} INFO - Setting next_dagrun for dataset_with_extra_by_context to 2024-08-26 00:00:00+00:00, run_after=2024-08-27 00:00:00+00:00
[2024-08-27T09:21:14.349+0700] {logging_mixin.py:190} INFO - [2024-08-27T09:21:14.349+0700] {dag.py:4138} INFO - Setting next_dagrun for dataset_with_extra_by_yield to 2024-08-26 00:00:00+00:00, run_after=2024-08-27 00:00:00+00:00
[2024-08-27T09:21:14.351+0700] {logging_mixin.py:190} INFO - [2024-08-27T09:21:14.351+0700] {dag.py:4138} INFO - Setting next_dagrun for dataset_with_extra_from_classic_operator to 2024-08-26 00:00:00+00:00, run_after=2024-08-27 00:00:00+00:00
[2024-08-27T09:21:14.369+0700] {processor.py:208} INFO - Processing /home/user/.local/lib/python3.10/site-packages/airflow/example_dags/example_outlet_event_extra.py took 0.076 seconds
[2024-08-27T09:22:40.170+0700] {processor.py:186} INFO - Started process (PID=6737) to work on /home/user/.local/lib/python3.10/site-packages/airflow/example_dags/example_outlet_event_extra.py
[2024-08-27T09:22:40.176+0700] {processor.py:914} INFO - Processing file /home/user/.local/lib/python3.10/site-packages/airflow/example_dags/example_outlet_event_extra.py for tasks to queue
[2024-08-27T09:22:40.179+0700] {logging_mixin.py:190} INFO - [2024-08-27T09:22:40.178+0700] {dagbag.py:587} INFO - Filling up the DagBag from /home/user/.local/lib/python3.10/site-packages/airflow/example_dags/example_outlet_event_extra.py
[2024-08-27T09:22:40.190+0700] {processor.py:925} INFO - DAG(s) 'dataset_with_extra_from_classic_operator', 'dataset_with_extra_by_yield', 'dataset_with_extra_by_context' retrieved from /home/user/.local/lib/python3.10/site-packages/airflow/example_dags/example_outlet_event_extra.py
[2024-08-27T09:22:40.209+0700] {logging_mixin.py:190} INFO - [2024-08-27T09:22:40.208+0700] {dag.py:3211} INFO - Sync 3 DAGs
[2024-08-27T09:22:40.225+0700] {logging_mixin.py:190} INFO - [2024-08-27T09:22:40.225+0700] {dag.py:4138} INFO - Setting next_dagrun for dataset_with_extra_by_context to 2024-08-26 00:00:00+00:00, run_after=2024-08-27 00:00:00+00:00
[2024-08-27T09:22:40.228+0700] {logging_mixin.py:190} INFO - [2024-08-27T09:22:40.228+0700] {dag.py:4138} INFO - Setting next_dagrun for dataset_with_extra_by_yield to 2024-08-26 00:00:00+00:00, run_after=2024-08-27 00:00:00+00:00
[2024-08-27T09:22:40.230+0700] {logging_mixin.py:190} INFO - [2024-08-27T09:22:40.230+0700] {dag.py:4138} INFO - Setting next_dagrun for dataset_with_extra_from_classic_operator to 2024-08-26 00:00:00+00:00, run_after=2024-08-27 00:00:00+00:00
[2024-08-27T09:22:40.256+0700] {processor.py:208} INFO - Processing /home/user/.local/lib/python3.10/site-packages/airflow/example_dags/example_outlet_event_extra.py took 0.091 seconds
[2024-08-27T09:23:40.340+0700] {processor.py:186} INFO - Started process (PID=7226) to work on /home/user/.local/lib/python3.10/site-packages/airflow/example_dags/example_outlet_event_extra.py
[2024-08-27T09:23:40.342+0700] {processor.py:914} INFO - Processing file /home/user/.local/lib/python3.10/site-packages/airflow/example_dags/example_outlet_event_extra.py for tasks to queue
[2024-08-27T09:23:40.344+0700] {logging_mixin.py:190} INFO - [2024-08-27T09:23:40.344+0700] {dagbag.py:587} INFO - Filling up the DagBag from /home/user/.local/lib/python3.10/site-packages/airflow/example_dags/example_outlet_event_extra.py
[2024-08-27T09:23:40.357+0700] {processor.py:925} INFO - DAG(s) 'dataset_with_extra_by_context', 'dataset_with_extra_by_yield', 'dataset_with_extra_from_classic_operator' retrieved from /home/user/.local/lib/python3.10/site-packages/airflow/example_dags/example_outlet_event_extra.py
[2024-08-27T09:23:40.372+0700] {logging_mixin.py:190} INFO - [2024-08-27T09:23:40.372+0700] {dag.py:3211} INFO - Sync 3 DAGs
[2024-08-27T09:23:40.388+0700] {logging_mixin.py:190} INFO - [2024-08-27T09:23:40.388+0700] {dag.py:4138} INFO - Setting next_dagrun for dataset_with_extra_by_context to 2024-08-26 00:00:00+00:00, run_after=2024-08-27 00:00:00+00:00
[2024-08-27T09:23:40.391+0700] {logging_mixin.py:190} INFO - [2024-08-27T09:23:40.391+0700] {dag.py:4138} INFO - Setting next_dagrun for dataset_with_extra_by_yield to 2024-08-26 00:00:00+00:00, run_after=2024-08-27 00:00:00+00:00
[2024-08-27T09:23:40.393+0700] {logging_mixin.py:190} INFO - [2024-08-27T09:23:40.392+0700] {dag.py:4138} INFO - Setting next_dagrun for dataset_with_extra_from_classic_operator to 2024-08-26 00:00:00+00:00, run_after=2024-08-27 00:00:00+00:00
[2024-08-27T09:23:40.412+0700] {processor.py:208} INFO - Processing /home/user/.local/lib/python3.10/site-packages/airflow/example_dags/example_outlet_event_extra.py took 0.076 seconds
[2024-08-27T09:24:42.886+0700] {processor.py:186} INFO - Started process (PID=7712) to work on /home/user/.local/lib/python3.10/site-packages/airflow/example_dags/example_outlet_event_extra.py
[2024-08-27T09:24:42.888+0700] {processor.py:914} INFO - Processing file /home/user/.local/lib/python3.10/site-packages/airflow/example_dags/example_outlet_event_extra.py for tasks to queue
[2024-08-27T09:24:42.890+0700] {logging_mixin.py:190} INFO - [2024-08-27T09:24:42.889+0700] {dagbag.py:587} INFO - Filling up the DagBag from /home/user/.local/lib/python3.10/site-packages/airflow/example_dags/example_outlet_event_extra.py
[2024-08-27T09:24:42.905+0700] {processor.py:925} INFO - DAG(s) 'dataset_with_extra_by_context', 'dataset_with_extra_from_classic_operator', 'dataset_with_extra_by_yield' retrieved from /home/user/.local/lib/python3.10/site-packages/airflow/example_dags/example_outlet_event_extra.py
[2024-08-27T09:24:42.928+0700] {logging_mixin.py:190} INFO - [2024-08-27T09:24:42.928+0700] {dag.py:3211} INFO - Sync 3 DAGs
[2024-08-27T09:24:42.947+0700] {logging_mixin.py:190} INFO - [2024-08-27T09:24:42.947+0700] {dag.py:4138} INFO - Setting next_dagrun for dataset_with_extra_by_context to 2024-08-26 00:00:00+00:00, run_after=2024-08-27 00:00:00+00:00
[2024-08-27T09:24:42.950+0700] {logging_mixin.py:190} INFO - [2024-08-27T09:24:42.950+0700] {dag.py:4138} INFO - Setting next_dagrun for dataset_with_extra_by_yield to 2024-08-26 00:00:00+00:00, run_after=2024-08-27 00:00:00+00:00
[2024-08-27T09:24:42.952+0700] {logging_mixin.py:190} INFO - [2024-08-27T09:24:42.952+0700] {dag.py:4138} INFO - Setting next_dagrun for dataset_with_extra_from_classic_operator to 2024-08-26 00:00:00+00:00, run_after=2024-08-27 00:00:00+00:00
[2024-08-27T09:24:42.970+0700] {processor.py:208} INFO - Processing /home/user/.local/lib/python3.10/site-packages/airflow/example_dags/example_outlet_event_extra.py took 0.089 seconds
[2024-08-27T09:25:49.179+0700] {processor.py:186} INFO - Started process (PID=8230) to work on /home/user/.local/lib/python3.10/site-packages/airflow/example_dags/example_outlet_event_extra.py
[2024-08-27T09:25:49.181+0700] {processor.py:914} INFO - Processing file /home/user/.local/lib/python3.10/site-packages/airflow/example_dags/example_outlet_event_extra.py for tasks to queue
[2024-08-27T09:25:49.183+0700] {logging_mixin.py:190} INFO - [2024-08-27T09:25:49.182+0700] {dagbag.py:587} INFO - Filling up the DagBag from /home/user/.local/lib/python3.10/site-packages/airflow/example_dags/example_outlet_event_extra.py
[2024-08-27T09:25:49.194+0700] {processor.py:925} INFO - DAG(s) 'dataset_with_extra_by_context', 'dataset_with_extra_by_yield', 'dataset_with_extra_from_classic_operator' retrieved from /home/user/.local/lib/python3.10/site-packages/airflow/example_dags/example_outlet_event_extra.py
[2024-08-27T09:25:49.212+0700] {logging_mixin.py:190} INFO - [2024-08-27T09:25:49.212+0700] {dag.py:3211} INFO - Sync 3 DAGs
[2024-08-27T09:25:49.349+0700] {logging_mixin.py:190} INFO - [2024-08-27T09:25:49.349+0700] {dag.py:4138} INFO - Setting next_dagrun for dataset_with_extra_by_context to 2024-08-26 00:00:00+00:00, run_after=2024-08-27 00:00:00+00:00
[2024-08-27T09:25:49.352+0700] {logging_mixin.py:190} INFO - [2024-08-27T09:25:49.351+0700] {dag.py:4138} INFO - Setting next_dagrun for dataset_with_extra_by_yield to 2024-08-26 00:00:00+00:00, run_after=2024-08-27 00:00:00+00:00
[2024-08-27T09:25:49.353+0700] {logging_mixin.py:190} INFO - [2024-08-27T09:25:49.353+0700] {dag.py:4138} INFO - Setting next_dagrun for dataset_with_extra_from_classic_operator to 2024-08-26 00:00:00+00:00, run_after=2024-08-27 00:00:00+00:00
[2024-08-27T09:25:49.372+0700] {processor.py:208} INFO - Processing /home/user/.local/lib/python3.10/site-packages/airflow/example_dags/example_outlet_event_extra.py took 0.198 seconds
[2024-08-27T09:27:53.391+0700] {processor.py:186} INFO - Started process (PID=9225) to work on /home/user/.local/lib/python3.10/site-packages/airflow/example_dags/example_outlet_event_extra.py
[2024-08-27T09:27:53.392+0700] {processor.py:914} INFO - Processing file /home/user/.local/lib/python3.10/site-packages/airflow/example_dags/example_outlet_event_extra.py for tasks to queue
[2024-08-27T09:27:53.395+0700] {logging_mixin.py:190} INFO - [2024-08-27T09:27:53.394+0700] {dagbag.py:587} INFO - Filling up the DagBag from /home/user/.local/lib/python3.10/site-packages/airflow/example_dags/example_outlet_event_extra.py
[2024-08-27T09:27:53.412+0700] {processor.py:925} INFO - DAG(s) 'dataset_with_extra_by_yield', 'dataset_with_extra_by_context', 'dataset_with_extra_from_classic_operator' retrieved from /home/user/.local/lib/python3.10/site-packages/airflow/example_dags/example_outlet_event_extra.py
[2024-08-27T09:27:53.435+0700] {logging_mixin.py:190} INFO - [2024-08-27T09:27:53.435+0700] {dag.py:3211} INFO - Sync 3 DAGs
[2024-08-27T09:27:53.457+0700] {logging_mixin.py:190} INFO - [2024-08-27T09:27:53.456+0700] {dag.py:4138} INFO - Setting next_dagrun for dataset_with_extra_by_context to 2024-08-26 00:00:00+00:00, run_after=2024-08-27 00:00:00+00:00
[2024-08-27T09:27:53.460+0700] {logging_mixin.py:190} INFO - [2024-08-27T09:27:53.459+0700] {dag.py:4138} INFO - Setting next_dagrun for dataset_with_extra_by_yield to 2024-08-26 00:00:00+00:00, run_after=2024-08-27 00:00:00+00:00
[2024-08-27T09:27:53.461+0700] {logging_mixin.py:190} INFO - [2024-08-27T09:27:53.461+0700] {dag.py:4138} INFO - Setting next_dagrun for dataset_with_extra_from_classic_operator to 2024-08-26 00:00:00+00:00, run_after=2024-08-27 00:00:00+00:00
[2024-08-27T09:27:53.485+0700] {processor.py:208} INFO - Processing /home/user/.local/lib/python3.10/site-packages/airflow/example_dags/example_outlet_event_extra.py took 0.100 seconds
[2024-08-27T09:29:01.822+0700] {processor.py:186} INFO - Started process (PID=9788) to work on /home/user/.local/lib/python3.10/site-packages/airflow/example_dags/example_outlet_event_extra.py
[2024-08-27T09:29:01.828+0700] {processor.py:914} INFO - Processing file /home/user/.local/lib/python3.10/site-packages/airflow/example_dags/example_outlet_event_extra.py for tasks to queue
[2024-08-27T09:29:01.830+0700] {logging_mixin.py:190} INFO - [2024-08-27T09:29:01.829+0700] {dagbag.py:587} INFO - Filling up the DagBag from /home/user/.local/lib/python3.10/site-packages/airflow/example_dags/example_outlet_event_extra.py
[2024-08-27T09:29:01.845+0700] {processor.py:925} INFO - DAG(s) 'dataset_with_extra_by_context', 'dataset_with_extra_by_yield', 'dataset_with_extra_from_classic_operator' retrieved from /home/user/.local/lib/python3.10/site-packages/airflow/example_dags/example_outlet_event_extra.py
[2024-08-27T09:29:01.863+0700] {logging_mixin.py:190} INFO - [2024-08-27T09:29:01.863+0700] {dag.py:3211} INFO - Sync 3 DAGs
[2024-08-27T09:29:01.881+0700] {logging_mixin.py:190} INFO - [2024-08-27T09:29:01.880+0700] {dag.py:4138} INFO - Setting next_dagrun for dataset_with_extra_by_context to 2024-08-26 00:00:00+00:00, run_after=2024-08-27 00:00:00+00:00
[2024-08-27T09:29:01.884+0700] {logging_mixin.py:190} INFO - [2024-08-27T09:29:01.884+0700] {dag.py:4138} INFO - Setting next_dagrun for dataset_with_extra_by_yield to 2024-08-26 00:00:00+00:00, run_after=2024-08-27 00:00:00+00:00
[2024-08-27T09:29:01.885+0700] {logging_mixin.py:190} INFO - [2024-08-27T09:29:01.885+0700] {dag.py:4138} INFO - Setting next_dagrun for dataset_with_extra_from_classic_operator to 2024-08-26 00:00:00+00:00, run_after=2024-08-27 00:00:00+00:00
[2024-08-27T09:29:01.904+0700] {processor.py:208} INFO - Processing /home/user/.local/lib/python3.10/site-packages/airflow/example_dags/example_outlet_event_extra.py took 0.087 seconds
[2024-08-27T09:30:46.790+0700] {processor.py:186} INFO - Started process (PID=10635) to work on /home/user/.local/lib/python3.10/site-packages/airflow/example_dags/example_outlet_event_extra.py
[2024-08-27T09:30:46.791+0700] {processor.py:914} INFO - Processing file /home/user/.local/lib/python3.10/site-packages/airflow/example_dags/example_outlet_event_extra.py for tasks to queue
[2024-08-27T09:30:46.793+0700] {logging_mixin.py:190} INFO - [2024-08-27T09:30:46.793+0700] {dagbag.py:587} INFO - Filling up the DagBag from /home/user/.local/lib/python3.10/site-packages/airflow/example_dags/example_outlet_event_extra.py
[2024-08-27T09:30:46.808+0700] {processor.py:925} INFO - DAG(s) 'dataset_with_extra_by_context', 'dataset_with_extra_from_classic_operator', 'dataset_with_extra_by_yield' retrieved from /home/user/.local/lib/python3.10/site-packages/airflow/example_dags/example_outlet_event_extra.py
[2024-08-27T09:30:46.827+0700] {logging_mixin.py:190} INFO - [2024-08-27T09:30:46.827+0700] {dag.py:3211} INFO - Sync 3 DAGs
[2024-08-27T09:30:46.849+0700] {logging_mixin.py:190} INFO - [2024-08-27T09:30:46.849+0700] {dag.py:4138} INFO - Setting next_dagrun for dataset_with_extra_by_context to 2024-08-26 00:00:00+00:00, run_after=2024-08-27 00:00:00+00:00
[2024-08-27T09:30:46.853+0700] {logging_mixin.py:190} INFO - [2024-08-27T09:30:46.853+0700] {dag.py:4138} INFO - Setting next_dagrun for dataset_with_extra_by_yield to 2024-08-26 00:00:00+00:00, run_after=2024-08-27 00:00:00+00:00
[2024-08-27T09:30:46.855+0700] {logging_mixin.py:190} INFO - [2024-08-27T09:30:46.855+0700] {dag.py:4138} INFO - Setting next_dagrun for dataset_with_extra_from_classic_operator to 2024-08-26 00:00:00+00:00, run_after=2024-08-27 00:00:00+00:00
[2024-08-27T09:30:46.880+0700] {processor.py:208} INFO - Processing /home/user/.local/lib/python3.10/site-packages/airflow/example_dags/example_outlet_event_extra.py took 0.095 seconds
[2024-08-27T09:31:50.857+0700] {processor.py:186} INFO - Started process (PID=11211) to work on /home/user/.local/lib/python3.10/site-packages/airflow/example_dags/example_outlet_event_extra.py
[2024-08-27T09:31:50.859+0700] {processor.py:914} INFO - Processing file /home/user/.local/lib/python3.10/site-packages/airflow/example_dags/example_outlet_event_extra.py for tasks to queue
[2024-08-27T09:31:50.861+0700] {logging_mixin.py:190} INFO - [2024-08-27T09:31:50.861+0700] {dagbag.py:587} INFO - Filling up the DagBag from /home/user/.local/lib/python3.10/site-packages/airflow/example_dags/example_outlet_event_extra.py
[2024-08-27T09:31:50.872+0700] {processor.py:925} INFO - DAG(s) 'dataset_with_extra_from_classic_operator', 'dataset_with_extra_by_context', 'dataset_with_extra_by_yield' retrieved from /home/user/.local/lib/python3.10/site-packages/airflow/example_dags/example_outlet_event_extra.py
[2024-08-27T09:31:50.888+0700] {logging_mixin.py:190} INFO - [2024-08-27T09:31:50.887+0700] {dag.py:3211} INFO - Sync 3 DAGs
[2024-08-27T09:31:50.904+0700] {logging_mixin.py:190} INFO - [2024-08-27T09:31:50.904+0700] {dag.py:4138} INFO - Setting next_dagrun for dataset_with_extra_by_context to 2024-08-26 00:00:00+00:00, run_after=2024-08-27 00:00:00+00:00
[2024-08-27T09:31:50.907+0700] {logging_mixin.py:190} INFO - [2024-08-27T09:31:50.907+0700] {dag.py:4138} INFO - Setting next_dagrun for dataset_with_extra_by_yield to 2024-08-26 00:00:00+00:00, run_after=2024-08-27 00:00:00+00:00
[2024-08-27T09:31:50.909+0700] {logging_mixin.py:190} INFO - [2024-08-27T09:31:50.908+0700] {dag.py:4138} INFO - Setting next_dagrun for dataset_with_extra_from_classic_operator to 2024-08-26 00:00:00+00:00, run_after=2024-08-27 00:00:00+00:00
[2024-08-27T09:31:50.932+0700] {processor.py:208} INFO - Processing /home/user/.local/lib/python3.10/site-packages/airflow/example_dags/example_outlet_event_extra.py took 0.080 seconds
[2024-08-27T09:33:20.707+0700] {processor.py:186} INFO - Started process (PID=11943) to work on /home/user/.local/lib/python3.10/site-packages/airflow/example_dags/example_outlet_event_extra.py
[2024-08-27T09:33:20.709+0700] {processor.py:914} INFO - Processing file /home/user/.local/lib/python3.10/site-packages/airflow/example_dags/example_outlet_event_extra.py for tasks to queue
[2024-08-27T09:33:20.711+0700] {logging_mixin.py:190} INFO - [2024-08-27T09:33:20.710+0700] {dagbag.py:587} INFO - Filling up the DagBag from /home/user/.local/lib/python3.10/site-packages/airflow/example_dags/example_outlet_event_extra.py
[2024-08-27T09:33:20.723+0700] {processor.py:925} INFO - DAG(s) 'dataset_with_extra_from_classic_operator', 'dataset_with_extra_by_context', 'dataset_with_extra_by_yield' retrieved from /home/user/.local/lib/python3.10/site-packages/airflow/example_dags/example_outlet_event_extra.py
[2024-08-27T09:33:20.740+0700] {logging_mixin.py:190} INFO - [2024-08-27T09:33:20.740+0700] {dag.py:3211} INFO - Sync 3 DAGs
[2024-08-27T09:33:20.760+0700] {logging_mixin.py:190} INFO - [2024-08-27T09:33:20.760+0700] {dag.py:4138} INFO - Setting next_dagrun for dataset_with_extra_by_context to 2024-08-26 00:00:00+00:00, run_after=2024-08-27 00:00:00+00:00
[2024-08-27T09:33:20.764+0700] {logging_mixin.py:190} INFO - [2024-08-27T09:33:20.764+0700] {dag.py:4138} INFO - Setting next_dagrun for dataset_with_extra_by_yield to 2024-08-26 00:00:00+00:00, run_after=2024-08-27 00:00:00+00:00
[2024-08-27T09:33:20.766+0700] {logging_mixin.py:190} INFO - [2024-08-27T09:33:20.766+0700] {dag.py:4138} INFO - Setting next_dagrun for dataset_with_extra_from_classic_operator to 2024-08-26 00:00:00+00:00, run_after=2024-08-27 00:00:00+00:00
[2024-08-27T09:33:20.790+0700] {processor.py:208} INFO - Processing /home/user/.local/lib/python3.10/site-packages/airflow/example_dags/example_outlet_event_extra.py took 0.087 seconds
[2024-08-27T09:35:18.078+0700] {processor.py:186} INFO - Started process (PID=12894) to work on /home/user/.local/lib/python3.10/site-packages/airflow/example_dags/example_outlet_event_extra.py
[2024-08-27T09:35:18.080+0700] {processor.py:914} INFO - Processing file /home/user/.local/lib/python3.10/site-packages/airflow/example_dags/example_outlet_event_extra.py for tasks to queue
[2024-08-27T09:35:18.082+0700] {logging_mixin.py:190} INFO - [2024-08-27T09:35:18.081+0700] {dagbag.py:587} INFO - Filling up the DagBag from /home/user/.local/lib/python3.10/site-packages/airflow/example_dags/example_outlet_event_extra.py
[2024-08-27T09:35:18.092+0700] {processor.py:925} INFO - DAG(s) 'dataset_with_extra_from_classic_operator', 'dataset_with_extra_by_yield', 'dataset_with_extra_by_context' retrieved from /home/user/.local/lib/python3.10/site-packages/airflow/example_dags/example_outlet_event_extra.py
[2024-08-27T09:35:18.109+0700] {logging_mixin.py:190} INFO - [2024-08-27T09:35:18.108+0700] {dag.py:3211} INFO - Sync 3 DAGs
[2024-08-27T09:35:18.123+0700] {logging_mixin.py:190} INFO - [2024-08-27T09:35:18.123+0700] {dag.py:4138} INFO - Setting next_dagrun for dataset_with_extra_by_context to 2024-08-26 00:00:00+00:00, run_after=2024-08-27 00:00:00+00:00
[2024-08-27T09:35:18.126+0700] {logging_mixin.py:190} INFO - [2024-08-27T09:35:18.126+0700] {dag.py:4138} INFO - Setting next_dagrun for dataset_with_extra_by_yield to 2024-08-26 00:00:00+00:00, run_after=2024-08-27 00:00:00+00:00
[2024-08-27T09:35:18.127+0700] {logging_mixin.py:190} INFO - [2024-08-27T09:35:18.127+0700] {dag.py:4138} INFO - Setting next_dagrun for dataset_with_extra_from_classic_operator to 2024-08-26 00:00:00+00:00, run_after=2024-08-27 00:00:00+00:00
[2024-08-27T09:35:18.146+0700] {processor.py:208} INFO - Processing /home/user/.local/lib/python3.10/site-packages/airflow/example_dags/example_outlet_event_extra.py took 0.073 seconds
[2024-08-27T09:36:24.369+0700] {processor.py:186} INFO - Started process (PID=13450) to work on /home/user/.local/lib/python3.10/site-packages/airflow/example_dags/example_outlet_event_extra.py
[2024-08-27T09:36:24.370+0700] {processor.py:914} INFO - Processing file /home/user/.local/lib/python3.10/site-packages/airflow/example_dags/example_outlet_event_extra.py for tasks to queue
[2024-08-27T09:36:24.372+0700] {logging_mixin.py:190} INFO - [2024-08-27T09:36:24.372+0700] {dagbag.py:587} INFO - Filling up the DagBag from /home/user/.local/lib/python3.10/site-packages/airflow/example_dags/example_outlet_event_extra.py
[2024-08-27T09:36:24.383+0700] {processor.py:925} INFO - DAG(s) 'dataset_with_extra_by_yield', 'dataset_with_extra_from_classic_operator', 'dataset_with_extra_by_context' retrieved from /home/user/.local/lib/python3.10/site-packages/airflow/example_dags/example_outlet_event_extra.py
[2024-08-27T09:36:24.405+0700] {logging_mixin.py:190} INFO - [2024-08-27T09:36:24.405+0700] {dag.py:3211} INFO - Sync 3 DAGs
[2024-08-27T09:36:24.428+0700] {logging_mixin.py:190} INFO - [2024-08-27T09:36:24.428+0700] {dag.py:4138} INFO - Setting next_dagrun for dataset_with_extra_by_context to 2024-08-26 00:00:00+00:00, run_after=2024-08-27 00:00:00+00:00
[2024-08-27T09:36:24.432+0700] {logging_mixin.py:190} INFO - [2024-08-27T09:36:24.431+0700] {dag.py:4138} INFO - Setting next_dagrun for dataset_with_extra_by_yield to 2024-08-26 00:00:00+00:00, run_after=2024-08-27 00:00:00+00:00
[2024-08-27T09:36:24.433+0700] {logging_mixin.py:190} INFO - [2024-08-27T09:36:24.433+0700] {dag.py:4138} INFO - Setting next_dagrun for dataset_with_extra_from_classic_operator to 2024-08-26 00:00:00+00:00, run_after=2024-08-27 00:00:00+00:00
[2024-08-27T09:36:24.457+0700] {processor.py:208} INFO - Processing /home/user/.local/lib/python3.10/site-packages/airflow/example_dags/example_outlet_event_extra.py took 0.093 seconds
[2024-08-27T09:37:28.380+0700] {processor.py:186} INFO - Started process (PID=14012) to work on /home/user/.local/lib/python3.10/site-packages/airflow/example_dags/example_outlet_event_extra.py
[2024-08-27T09:37:28.381+0700] {processor.py:914} INFO - Processing file /home/user/.local/lib/python3.10/site-packages/airflow/example_dags/example_outlet_event_extra.py for tasks to queue
[2024-08-27T09:37:28.383+0700] {logging_mixin.py:190} INFO - [2024-08-27T09:37:28.383+0700] {dagbag.py:587} INFO - Filling up the DagBag from /home/user/.local/lib/python3.10/site-packages/airflow/example_dags/example_outlet_event_extra.py
[2024-08-27T09:37:28.395+0700] {processor.py:925} INFO - DAG(s) 'dataset_with_extra_by_context', 'dataset_with_extra_by_yield', 'dataset_with_extra_from_classic_operator' retrieved from /home/user/.local/lib/python3.10/site-packages/airflow/example_dags/example_outlet_event_extra.py
[2024-08-27T09:37:28.413+0700] {logging_mixin.py:190} INFO - [2024-08-27T09:37:28.413+0700] {dag.py:3211} INFO - Sync 3 DAGs
[2024-08-27T09:37:28.431+0700] {logging_mixin.py:190} INFO - [2024-08-27T09:37:28.431+0700] {dag.py:4138} INFO - Setting next_dagrun for dataset_with_extra_by_context to 2024-08-26 00:00:00+00:00, run_after=2024-08-27 00:00:00+00:00
[2024-08-27T09:37:28.436+0700] {logging_mixin.py:190} INFO - [2024-08-27T09:37:28.436+0700] {dag.py:4138} INFO - Setting next_dagrun for dataset_with_extra_by_yield to 2024-08-26 00:00:00+00:00, run_after=2024-08-27 00:00:00+00:00
[2024-08-27T09:37:28.437+0700] {logging_mixin.py:190} INFO - [2024-08-27T09:37:28.437+0700] {dag.py:4138} INFO - Setting next_dagrun for dataset_with_extra_from_classic_operator to 2024-08-26 00:00:00+00:00, run_after=2024-08-27 00:00:00+00:00
[2024-08-27T09:37:28.457+0700] {processor.py:208} INFO - Processing /home/user/.local/lib/python3.10/site-packages/airflow/example_dags/example_outlet_event_extra.py took 0.083 seconds
[2024-08-27T09:38:29.469+0700] {processor.py:186} INFO - Started process (PID=14495) to work on /home/user/.local/lib/python3.10/site-packages/airflow/example_dags/example_outlet_event_extra.py
[2024-08-27T09:38:29.474+0700] {processor.py:914} INFO - Processing file /home/user/.local/lib/python3.10/site-packages/airflow/example_dags/example_outlet_event_extra.py for tasks to queue
[2024-08-27T09:38:29.476+0700] {logging_mixin.py:190} INFO - [2024-08-27T09:38:29.476+0700] {dagbag.py:587} INFO - Filling up the DagBag from /home/user/.local/lib/python3.10/site-packages/airflow/example_dags/example_outlet_event_extra.py
[2024-08-27T09:38:29.490+0700] {processor.py:925} INFO - DAG(s) 'dataset_with_extra_by_context', 'dataset_with_extra_by_yield', 'dataset_with_extra_from_classic_operator' retrieved from /home/user/.local/lib/python3.10/site-packages/airflow/example_dags/example_outlet_event_extra.py
[2024-08-27T09:38:29.507+0700] {logging_mixin.py:190} INFO - [2024-08-27T09:38:29.507+0700] {dag.py:3211} INFO - Sync 3 DAGs
[2024-08-27T09:38:29.525+0700] {logging_mixin.py:190} INFO - [2024-08-27T09:38:29.524+0700] {dag.py:4138} INFO - Setting next_dagrun for dataset_with_extra_by_context to 2024-08-26 00:00:00+00:00, run_after=2024-08-27 00:00:00+00:00
[2024-08-27T09:38:29.531+0700] {logging_mixin.py:190} INFO - [2024-08-27T09:38:29.530+0700] {dag.py:4138} INFO - Setting next_dagrun for dataset_with_extra_by_yield to 2024-08-26 00:00:00+00:00, run_after=2024-08-27 00:00:00+00:00
[2024-08-27T09:38:29.533+0700] {logging_mixin.py:190} INFO - [2024-08-27T09:38:29.532+0700] {dag.py:4138} INFO - Setting next_dagrun for dataset_with_extra_from_classic_operator to 2024-08-26 00:00:00+00:00, run_after=2024-08-27 00:00:00+00:00
[2024-08-27T09:38:29.554+0700] {processor.py:208} INFO - Processing /home/user/.local/lib/python3.10/site-packages/airflow/example_dags/example_outlet_event_extra.py took 0.091 seconds
[2024-08-27T09:40:03.976+0700] {processor.py:186} INFO - Started process (PID=15294) to work on /home/user/.local/lib/python3.10/site-packages/airflow/example_dags/example_outlet_event_extra.py
[2024-08-27T09:40:03.978+0700] {processor.py:914} INFO - Processing file /home/user/.local/lib/python3.10/site-packages/airflow/example_dags/example_outlet_event_extra.py for tasks to queue
[2024-08-27T09:40:03.981+0700] {logging_mixin.py:190} INFO - [2024-08-27T09:40:03.981+0700] {dagbag.py:587} INFO - Filling up the DagBag from /home/user/.local/lib/python3.10/site-packages/airflow/example_dags/example_outlet_event_extra.py
[2024-08-27T09:40:03.996+0700] {processor.py:925} INFO - DAG(s) 'dataset_with_extra_by_yield', 'dataset_with_extra_by_context', 'dataset_with_extra_from_classic_operator' retrieved from /home/user/.local/lib/python3.10/site-packages/airflow/example_dags/example_outlet_event_extra.py
[2024-08-27T09:40:04.016+0700] {logging_mixin.py:190} INFO - [2024-08-27T09:40:04.016+0700] {dag.py:3211} INFO - Sync 3 DAGs
[2024-08-27T09:40:04.032+0700] {logging_mixin.py:190} INFO - [2024-08-27T09:40:04.032+0700] {dag.py:4138} INFO - Setting next_dagrun for dataset_with_extra_by_context to 2024-08-26 00:00:00+00:00, run_after=2024-08-27 00:00:00+00:00
[2024-08-27T09:40:04.035+0700] {logging_mixin.py:190} INFO - [2024-08-27T09:40:04.035+0700] {dag.py:4138} INFO - Setting next_dagrun for dataset_with_extra_by_yield to 2024-08-26 00:00:00+00:00, run_after=2024-08-27 00:00:00+00:00
[2024-08-27T09:40:04.036+0700] {logging_mixin.py:190} INFO - [2024-08-27T09:40:04.036+0700] {dag.py:4138} INFO - Setting next_dagrun for dataset_with_extra_from_classic_operator to 2024-08-26 00:00:00+00:00, run_after=2024-08-27 00:00:00+00:00
[2024-08-27T09:40:04.056+0700] {processor.py:208} INFO - Processing /home/user/.local/lib/python3.10/site-packages/airflow/example_dags/example_outlet_event_extra.py took 0.087 seconds
[2024-08-27T09:41:03.707+0700] {processor.py:186} INFO - Started process (PID=15763) to work on /home/user/.local/lib/python3.10/site-packages/airflow/example_dags/example_outlet_event_extra.py
[2024-08-27T09:41:03.708+0700] {processor.py:914} INFO - Processing file /home/user/.local/lib/python3.10/site-packages/airflow/example_dags/example_outlet_event_extra.py for tasks to queue
[2024-08-27T09:41:03.710+0700] {logging_mixin.py:190} INFO - [2024-08-27T09:41:03.710+0700] {dagbag.py:587} INFO - Filling up the DagBag from /home/user/.local/lib/python3.10/site-packages/airflow/example_dags/example_outlet_event_extra.py
[2024-08-27T09:41:03.720+0700] {processor.py:925} INFO - DAG(s) 'dataset_with_extra_by_context', 'dataset_with_extra_from_classic_operator', 'dataset_with_extra_by_yield' retrieved from /home/user/.local/lib/python3.10/site-packages/airflow/example_dags/example_outlet_event_extra.py
[2024-08-27T09:41:03.735+0700] {logging_mixin.py:190} INFO - [2024-08-27T09:41:03.735+0700] {dag.py:3211} INFO - Sync 3 DAGs
[2024-08-27T09:41:03.753+0700] {logging_mixin.py:190} INFO - [2024-08-27T09:41:03.753+0700] {dag.py:4138} INFO - Setting next_dagrun for dataset_with_extra_by_context to 2024-08-26 00:00:00+00:00, run_after=2024-08-27 00:00:00+00:00
[2024-08-27T09:41:03.756+0700] {logging_mixin.py:190} INFO - [2024-08-27T09:41:03.755+0700] {dag.py:4138} INFO - Setting next_dagrun for dataset_with_extra_by_yield to 2024-08-26 00:00:00+00:00, run_after=2024-08-27 00:00:00+00:00
[2024-08-27T09:41:03.757+0700] {logging_mixin.py:190} INFO - [2024-08-27T09:41:03.757+0700] {dag.py:4138} INFO - Setting next_dagrun for dataset_with_extra_from_classic_operator to 2024-08-26 00:00:00+00:00, run_after=2024-08-27 00:00:00+00:00
[2024-08-27T09:41:03.775+0700] {processor.py:208} INFO - Processing /home/user/.local/lib/python3.10/site-packages/airflow/example_dags/example_outlet_event_extra.py took 0.073 seconds
[2024-08-27T09:42:11.835+0700] {processor.py:186} INFO - Started process (PID=16305) to work on /home/user/.local/lib/python3.10/site-packages/airflow/example_dags/example_outlet_event_extra.py
[2024-08-27T09:42:11.837+0700] {processor.py:914} INFO - Processing file /home/user/.local/lib/python3.10/site-packages/airflow/example_dags/example_outlet_event_extra.py for tasks to queue
[2024-08-27T09:42:11.839+0700] {logging_mixin.py:190} INFO - [2024-08-27T09:42:11.838+0700] {dagbag.py:587} INFO - Filling up the DagBag from /home/user/.local/lib/python3.10/site-packages/airflow/example_dags/example_outlet_event_extra.py
[2024-08-27T09:42:11.851+0700] {processor.py:925} INFO - DAG(s) 'dataset_with_extra_by_yield', 'dataset_with_extra_from_classic_operator', 'dataset_with_extra_by_context' retrieved from /home/user/.local/lib/python3.10/site-packages/airflow/example_dags/example_outlet_event_extra.py
[2024-08-27T09:42:11.868+0700] {logging_mixin.py:190} INFO - [2024-08-27T09:42:11.868+0700] {dag.py:3211} INFO - Sync 3 DAGs
[2024-08-27T09:42:11.887+0700] {logging_mixin.py:190} INFO - [2024-08-27T09:42:11.887+0700] {dag.py:4138} INFO - Setting next_dagrun for dataset_with_extra_by_context to 2024-08-26 00:00:00+00:00, run_after=2024-08-27 00:00:00+00:00
[2024-08-27T09:42:11.890+0700] {logging_mixin.py:190} INFO - [2024-08-27T09:42:11.890+0700] {dag.py:4138} INFO - Setting next_dagrun for dataset_with_extra_by_yield to 2024-08-26 00:00:00+00:00, run_after=2024-08-27 00:00:00+00:00
[2024-08-27T09:42:11.893+0700] {logging_mixin.py:190} INFO - [2024-08-27T09:42:11.892+0700] {dag.py:4138} INFO - Setting next_dagrun for dataset_with_extra_from_classic_operator to 2024-08-26 00:00:00+00:00, run_after=2024-08-27 00:00:00+00:00
[2024-08-27T09:42:11.920+0700] {processor.py:208} INFO - Processing /home/user/.local/lib/python3.10/site-packages/airflow/example_dags/example_outlet_event_extra.py took 0.089 seconds
[2024-08-27T09:44:52.377+0700] {processor.py:186} INFO - Started process (PID=17620) to work on /home/user/.local/lib/python3.10/site-packages/airflow/example_dags/example_outlet_event_extra.py
[2024-08-27T09:44:52.379+0700] {processor.py:914} INFO - Processing file /home/user/.local/lib/python3.10/site-packages/airflow/example_dags/example_outlet_event_extra.py for tasks to queue
[2024-08-27T09:44:52.382+0700] {logging_mixin.py:190} INFO - [2024-08-27T09:44:52.381+0700] {dagbag.py:587} INFO - Filling up the DagBag from /home/user/.local/lib/python3.10/site-packages/airflow/example_dags/example_outlet_event_extra.py
[2024-08-27T09:44:52.395+0700] {processor.py:925} INFO - DAG(s) 'dataset_with_extra_from_classic_operator', 'dataset_with_extra_by_yield', 'dataset_with_extra_by_context' retrieved from /home/user/.local/lib/python3.10/site-packages/airflow/example_dags/example_outlet_event_extra.py
[2024-08-27T09:44:52.423+0700] {logging_mixin.py:190} INFO - [2024-08-27T09:44:52.423+0700] {dag.py:3211} INFO - Sync 3 DAGs
[2024-08-27T09:44:52.446+0700] {logging_mixin.py:190} INFO - [2024-08-27T09:44:52.446+0700] {dag.py:4138} INFO - Setting next_dagrun for dataset_with_extra_by_context to 2024-08-26 00:00:00+00:00, run_after=2024-08-27 00:00:00+00:00
[2024-08-27T09:44:52.450+0700] {logging_mixin.py:190} INFO - [2024-08-27T09:44:52.450+0700] {dag.py:4138} INFO - Setting next_dagrun for dataset_with_extra_by_yield to 2024-08-26 00:00:00+00:00, run_after=2024-08-27 00:00:00+00:00
[2024-08-27T09:44:52.453+0700] {logging_mixin.py:190} INFO - [2024-08-27T09:44:52.453+0700] {dag.py:4138} INFO - Setting next_dagrun for dataset_with_extra_from_classic_operator to 2024-08-26 00:00:00+00:00, run_after=2024-08-27 00:00:00+00:00
[2024-08-27T09:44:52.478+0700] {processor.py:208} INFO - Processing /home/user/.local/lib/python3.10/site-packages/airflow/example_dags/example_outlet_event_extra.py took 0.107 seconds
