[2024-08-27T09:19:38.920+0700] {processor.py:186} INFO - Started process (PID=5212) to work on /home/user/.local/lib/python3.10/site-packages/airflow/example_dags/tutorial_taskflow_api_virtualenv.py
[2024-08-27T09:19:38.921+0700] {processor.py:914} INFO - Processing file /home/user/.local/lib/python3.10/site-packages/airflow/example_dags/tutorial_taskflow_api_virtualenv.py for tasks to queue
[2024-08-27T09:19:38.923+0700] {logging_mixin.py:190} INFO - [2024-08-27T09:19:38.922+0700] {dagbag.py:587} INFO - Filling up the DagBag from /home/user/.local/lib/python3.10/site-packages/airflow/example_dags/tutorial_taskflow_api_virtualenv.py
[2024-08-27T09:19:38.961+0700] {logging_mixin.py:190} INFO - [2024-08-27T09:19:38.960+0700] {tutorial_taskflow_api_virtualenv.py:29} WARNING - The tutorial_taskflow_api_virtualenv example DAG requires virtualenv, please install it.
[2024-08-27T09:19:38.961+0700] {processor.py:927} WARNING - No viable dags retrieved from /home/user/.local/lib/python3.10/site-packages/airflow/example_dags/tutorial_taskflow_api_virtualenv.py
[2024-08-27T09:19:38.975+0700] {processor.py:208} INFO - Processing /home/user/.local/lib/python3.10/site-packages/airflow/example_dags/tutorial_taskflow_api_virtualenv.py took 0.060 seconds
[2024-08-27T09:20:39.400+0700] {processor.py:186} INFO - Started process (PID=5759) to work on /home/user/.local/lib/python3.10/site-packages/airflow/example_dags/tutorial_taskflow_api_virtualenv.py
[2024-08-27T09:20:39.401+0700] {processor.py:914} INFO - Processing file /home/user/.local/lib/python3.10/site-packages/airflow/example_dags/tutorial_taskflow_api_virtualenv.py for tasks to queue
[2024-08-27T09:20:39.403+0700] {logging_mixin.py:190} INFO - [2024-08-27T09:20:39.403+0700] {dagbag.py:587} INFO - Filling up the DagBag from /home/user/.local/lib/python3.10/site-packages/airflow/example_dags/tutorial_taskflow_api_virtualenv.py
[2024-08-27T09:20:39.427+0700] {logging_mixin.py:190} INFO - [2024-08-27T09:20:39.427+0700] {tutorial_taskflow_api_virtualenv.py:29} WARNING - The tutorial_taskflow_api_virtualenv example DAG requires virtualenv, please install it.
[2024-08-27T09:20:39.427+0700] {processor.py:927} WARNING - No viable dags retrieved from /home/user/.local/lib/python3.10/site-packages/airflow/example_dags/tutorial_taskflow_api_virtualenv.py
[2024-08-27T09:20:39.436+0700] {processor.py:208} INFO - Processing /home/user/.local/lib/python3.10/site-packages/airflow/example_dags/tutorial_taskflow_api_virtualenv.py took 0.040 seconds
[2024-08-27T09:22:03.942+0700] {processor.py:186} INFO - Started process (PID=6456) to work on /home/user/.local/lib/python3.10/site-packages/airflow/example_dags/tutorial_taskflow_api_virtualenv.py
[2024-08-27T09:22:03.943+0700] {processor.py:914} INFO - Processing file /home/user/.local/lib/python3.10/site-packages/airflow/example_dags/tutorial_taskflow_api_virtualenv.py for tasks to queue
[2024-08-27T09:22:03.945+0700] {logging_mixin.py:190} INFO - [2024-08-27T09:22:03.945+0700] {dagbag.py:587} INFO - Filling up the DagBag from /home/user/.local/lib/python3.10/site-packages/airflow/example_dags/tutorial_taskflow_api_virtualenv.py
[2024-08-27T09:22:03.969+0700] {logging_mixin.py:190} INFO - [2024-08-27T09:22:03.968+0700] {tutorial_taskflow_api_virtualenv.py:29} WARNING - The tutorial_taskflow_api_virtualenv example DAG requires virtualenv, please install it.
[2024-08-27T09:22:03.969+0700] {processor.py:927} WARNING - No viable dags retrieved from /home/user/.local/lib/python3.10/site-packages/airflow/example_dags/tutorial_taskflow_api_virtualenv.py
[2024-08-27T09:22:03.977+0700] {processor.py:208} INFO - Processing /home/user/.local/lib/python3.10/site-packages/airflow/example_dags/tutorial_taskflow_api_virtualenv.py took 0.040 seconds
[2024-08-27T09:23:03.551+0700] {processor.py:186} INFO - Started process (PID=6926) to work on /home/user/.local/lib/python3.10/site-packages/airflow/example_dags/tutorial_taskflow_api_virtualenv.py
[2024-08-27T09:23:03.552+0700] {processor.py:914} INFO - Processing file /home/user/.local/lib/python3.10/site-packages/airflow/example_dags/tutorial_taskflow_api_virtualenv.py for tasks to queue
[2024-08-27T09:23:03.554+0700] {logging_mixin.py:190} INFO - [2024-08-27T09:23:03.553+0700] {dagbag.py:587} INFO - Filling up the DagBag from /home/user/.local/lib/python3.10/site-packages/airflow/example_dags/tutorial_taskflow_api_virtualenv.py
[2024-08-27T09:23:03.576+0700] {logging_mixin.py:190} INFO - [2024-08-27T09:23:03.576+0700] {tutorial_taskflow_api_virtualenv.py:29} WARNING - The tutorial_taskflow_api_virtualenv example DAG requires virtualenv, please install it.
[2024-08-27T09:23:03.577+0700] {processor.py:927} WARNING - No viable dags retrieved from /home/user/.local/lib/python3.10/site-packages/airflow/example_dags/tutorial_taskflow_api_virtualenv.py
[2024-08-27T09:23:03.584+0700] {processor.py:208} INFO - Processing /home/user/.local/lib/python3.10/site-packages/airflow/example_dags/tutorial_taskflow_api_virtualenv.py took 0.038 seconds
[2024-08-27T09:24:03.282+0700] {processor.py:186} INFO - Started process (PID=7406) to work on /home/user/.local/lib/python3.10/site-packages/airflow/example_dags/tutorial_taskflow_api_virtualenv.py
[2024-08-27T09:24:03.284+0700] {processor.py:914} INFO - Processing file /home/user/.local/lib/python3.10/site-packages/airflow/example_dags/tutorial_taskflow_api_virtualenv.py for tasks to queue
[2024-08-27T09:24:03.286+0700] {logging_mixin.py:190} INFO - [2024-08-27T09:24:03.285+0700] {dagbag.py:587} INFO - Filling up the DagBag from /home/user/.local/lib/python3.10/site-packages/airflow/example_dags/tutorial_taskflow_api_virtualenv.py
[2024-08-27T09:24:03.313+0700] {logging_mixin.py:190} INFO - [2024-08-27T09:24:03.313+0700] {tutorial_taskflow_api_virtualenv.py:29} WARNING - The tutorial_taskflow_api_virtualenv example DAG requires virtualenv, please install it.
[2024-08-27T09:24:03.314+0700] {processor.py:927} WARNING - No viable dags retrieved from /home/user/.local/lib/python3.10/site-packages/airflow/example_dags/tutorial_taskflow_api_virtualenv.py
[2024-08-27T09:24:03.325+0700] {processor.py:208} INFO - Processing /home/user/.local/lib/python3.10/site-packages/airflow/example_dags/tutorial_taskflow_api_virtualenv.py took 0.049 seconds
[2024-08-27T09:25:06.613+0700] {processor.py:186} INFO - Started process (PID=7899) to work on /home/user/.local/lib/python3.10/site-packages/airflow/example_dags/tutorial_taskflow_api_virtualenv.py
[2024-08-27T09:25:06.615+0700] {processor.py:914} INFO - Processing file /home/user/.local/lib/python3.10/site-packages/airflow/example_dags/tutorial_taskflow_api_virtualenv.py for tasks to queue
[2024-08-27T09:25:06.617+0700] {logging_mixin.py:190} INFO - [2024-08-27T09:25:06.616+0700] {dagbag.py:587} INFO - Filling up the DagBag from /home/user/.local/lib/python3.10/site-packages/airflow/example_dags/tutorial_taskflow_api_virtualenv.py
[2024-08-27T09:25:06.641+0700] {logging_mixin.py:190} INFO - [2024-08-27T09:25:06.641+0700] {tutorial_taskflow_api_virtualenv.py:29} WARNING - The tutorial_taskflow_api_virtualenv example DAG requires virtualenv, please install it.
[2024-08-27T09:25:06.641+0700] {processor.py:927} WARNING - No viable dags retrieved from /home/user/.local/lib/python3.10/site-packages/airflow/example_dags/tutorial_taskflow_api_virtualenv.py
[2024-08-27T09:25:06.657+0700] {processor.py:208} INFO - Processing /home/user/.local/lib/python3.10/site-packages/airflow/example_dags/tutorial_taskflow_api_virtualenv.py took 0.080 seconds
[2024-08-27T09:26:14.566+0700] {processor.py:186} INFO - Started process (PID=8432) to work on /home/user/.local/lib/python3.10/site-packages/airflow/example_dags/tutorial_taskflow_api_virtualenv.py
[2024-08-27T09:26:14.568+0700] {processor.py:914} INFO - Processing file /home/user/.local/lib/python3.10/site-packages/airflow/example_dags/tutorial_taskflow_api_virtualenv.py for tasks to queue
[2024-08-27T09:26:14.569+0700] {logging_mixin.py:190} INFO - [2024-08-27T09:26:14.569+0700] {dagbag.py:587} INFO - Filling up the DagBag from /home/user/.local/lib/python3.10/site-packages/airflow/example_dags/tutorial_taskflow_api_virtualenv.py
[2024-08-27T09:26:14.588+0700] {logging_mixin.py:190} INFO - [2024-08-27T09:26:14.587+0700] {tutorial_taskflow_api_virtualenv.py:29} WARNING - The tutorial_taskflow_api_virtualenv example DAG requires virtualenv, please install it.
[2024-08-27T09:26:14.588+0700] {processor.py:927} WARNING - No viable dags retrieved from /home/user/.local/lib/python3.10/site-packages/airflow/example_dags/tutorial_taskflow_api_virtualenv.py
[2024-08-27T09:26:14.595+0700] {processor.py:208} INFO - Processing /home/user/.local/lib/python3.10/site-packages/airflow/example_dags/tutorial_taskflow_api_virtualenv.py took 0.034 seconds
[2024-08-27T09:27:16.954+0700] {processor.py:186} INFO - Started process (PID=8935) to work on /home/user/.local/lib/python3.10/site-packages/airflow/example_dags/tutorial_taskflow_api_virtualenv.py
[2024-08-27T09:27:16.960+0700] {processor.py:914} INFO - Processing file /home/user/.local/lib/python3.10/site-packages/airflow/example_dags/tutorial_taskflow_api_virtualenv.py for tasks to queue
[2024-08-27T09:27:16.963+0700] {logging_mixin.py:190} INFO - [2024-08-27T09:27:16.962+0700] {dagbag.py:587} INFO - Filling up the DagBag from /home/user/.local/lib/python3.10/site-packages/airflow/example_dags/tutorial_taskflow_api_virtualenv.py
[2024-08-27T09:27:16.986+0700] {logging_mixin.py:190} INFO - [2024-08-27T09:27:16.986+0700] {tutorial_taskflow_api_virtualenv.py:29} WARNING - The tutorial_taskflow_api_virtualenv example DAG requires virtualenv, please install it.
[2024-08-27T09:27:16.986+0700] {processor.py:927} WARNING - No viable dags retrieved from /home/user/.local/lib/python3.10/site-packages/airflow/example_dags/tutorial_taskflow_api_virtualenv.py
[2024-08-27T09:27:16.994+0700] {processor.py:208} INFO - Processing /home/user/.local/lib/python3.10/site-packages/airflow/example_dags/tutorial_taskflow_api_virtualenv.py took 0.044 seconds
[2024-08-27T09:28:24.188+0700] {processor.py:186} INFO - Started process (PID=9474) to work on /home/user/.local/lib/python3.10/site-packages/airflow/example_dags/tutorial_taskflow_api_virtualenv.py
[2024-08-27T09:28:24.189+0700] {processor.py:914} INFO - Processing file /home/user/.local/lib/python3.10/site-packages/airflow/example_dags/tutorial_taskflow_api_virtualenv.py for tasks to queue
[2024-08-27T09:28:24.191+0700] {logging_mixin.py:190} INFO - [2024-08-27T09:28:24.191+0700] {dagbag.py:587} INFO - Filling up the DagBag from /home/user/.local/lib/python3.10/site-packages/airflow/example_dags/tutorial_taskflow_api_virtualenv.py
[2024-08-27T09:28:24.216+0700] {logging_mixin.py:190} INFO - [2024-08-27T09:28:24.215+0700] {tutorial_taskflow_api_virtualenv.py:29} WARNING - The tutorial_taskflow_api_virtualenv example DAG requires virtualenv, please install it.
[2024-08-27T09:28:24.216+0700] {processor.py:927} WARNING - No viable dags retrieved from /home/user/.local/lib/python3.10/site-packages/airflow/example_dags/tutorial_taskflow_api_virtualenv.py
[2024-08-27T09:28:24.224+0700] {processor.py:208} INFO - Processing /home/user/.local/lib/python3.10/site-packages/airflow/example_dags/tutorial_taskflow_api_virtualenv.py took 0.041 seconds
[2024-08-27T09:29:25.413+0700] {processor.py:186} INFO - Started process (PID=9972) to work on /home/user/.local/lib/python3.10/site-packages/airflow/example_dags/tutorial_taskflow_api_virtualenv.py
[2024-08-27T09:29:25.415+0700] {processor.py:914} INFO - Processing file /home/user/.local/lib/python3.10/site-packages/airflow/example_dags/tutorial_taskflow_api_virtualenv.py for tasks to queue
[2024-08-27T09:29:25.418+0700] {logging_mixin.py:190} INFO - [2024-08-27T09:29:25.417+0700] {dagbag.py:587} INFO - Filling up the DagBag from /home/user/.local/lib/python3.10/site-packages/airflow/example_dags/tutorial_taskflow_api_virtualenv.py
[2024-08-27T09:29:25.442+0700] {logging_mixin.py:190} INFO - [2024-08-27T09:29:25.442+0700] {tutorial_taskflow_api_virtualenv.py:29} WARNING - The tutorial_taskflow_api_virtualenv example DAG requires virtualenv, please install it.
[2024-08-27T09:29:25.443+0700] {processor.py:927} WARNING - No viable dags retrieved from /home/user/.local/lib/python3.10/site-packages/airflow/example_dags/tutorial_taskflow_api_virtualenv.py
[2024-08-27T09:29:25.450+0700] {processor.py:208} INFO - Processing /home/user/.local/lib/python3.10/site-packages/airflow/example_dags/tutorial_taskflow_api_virtualenv.py took 0.043 seconds
[2024-08-27T09:30:06.514+0700] {processor.py:186} INFO - Started process (PID=10307) to work on /home/user/.local/lib/python3.10/site-packages/airflow/example_dags/tutorial_taskflow_api_virtualenv.py
[2024-08-27T09:30:06.518+0700] {processor.py:914} INFO - Processing file /home/user/.local/lib/python3.10/site-packages/airflow/example_dags/tutorial_taskflow_api_virtualenv.py for tasks to queue
[2024-08-27T09:30:06.521+0700] {logging_mixin.py:190} INFO - [2024-08-27T09:30:06.520+0700] {dagbag.py:587} INFO - Filling up the DagBag from /home/user/.local/lib/python3.10/site-packages/airflow/example_dags/tutorial_taskflow_api_virtualenv.py
[2024-08-27T09:30:06.544+0700] {logging_mixin.py:190} INFO - [2024-08-27T09:30:06.544+0700] {tutorial_taskflow_api_virtualenv.py:29} WARNING - The tutorial_taskflow_api_virtualenv example DAG requires virtualenv, please install it.
[2024-08-27T09:30:06.544+0700] {processor.py:927} WARNING - No viable dags retrieved from /home/user/.local/lib/python3.10/site-packages/airflow/example_dags/tutorial_taskflow_api_virtualenv.py
[2024-08-27T09:30:06.552+0700] {processor.py:208} INFO - Processing /home/user/.local/lib/python3.10/site-packages/airflow/example_dags/tutorial_taskflow_api_virtualenv.py took 0.044 seconds
[2024-08-27T09:31:10.736+0700] {processor.py:186} INFO - Started process (PID=10827) to work on /home/user/.local/lib/python3.10/site-packages/airflow/example_dags/tutorial_taskflow_api_virtualenv.py
[2024-08-27T09:31:10.738+0700] {processor.py:914} INFO - Processing file /home/user/.local/lib/python3.10/site-packages/airflow/example_dags/tutorial_taskflow_api_virtualenv.py for tasks to queue
[2024-08-27T09:31:10.740+0700] {logging_mixin.py:190} INFO - [2024-08-27T09:31:10.740+0700] {dagbag.py:587} INFO - Filling up the DagBag from /home/user/.local/lib/python3.10/site-packages/airflow/example_dags/tutorial_taskflow_api_virtualenv.py
[2024-08-27T09:31:10.761+0700] {logging_mixin.py:190} INFO - [2024-08-27T09:31:10.761+0700] {tutorial_taskflow_api_virtualenv.py:29} WARNING - The tutorial_taskflow_api_virtualenv example DAG requires virtualenv, please install it.
[2024-08-27T09:31:10.762+0700] {processor.py:927} WARNING - No viable dags retrieved from /home/user/.local/lib/python3.10/site-packages/airflow/example_dags/tutorial_taskflow_api_virtualenv.py
[2024-08-27T09:31:10.770+0700] {processor.py:208} INFO - Processing /home/user/.local/lib/python3.10/site-packages/airflow/example_dags/tutorial_taskflow_api_virtualenv.py took 0.040 seconds
[2024-08-27T09:32:10.024+0700] {processor.py:186} INFO - Started process (PID=11360) to work on /home/user/.local/lib/python3.10/site-packages/airflow/example_dags/tutorial_taskflow_api_virtualenv.py
[2024-08-27T09:32:10.025+0700] {processor.py:914} INFO - Processing file /home/user/.local/lib/python3.10/site-packages/airflow/example_dags/tutorial_taskflow_api_virtualenv.py for tasks to queue
[2024-08-27T09:32:10.028+0700] {logging_mixin.py:190} INFO - [2024-08-27T09:32:10.027+0700] {dagbag.py:587} INFO - Filling up the DagBag from /home/user/.local/lib/python3.10/site-packages/airflow/example_dags/tutorial_taskflow_api_virtualenv.py
[2024-08-27T09:32:10.054+0700] {logging_mixin.py:190} INFO - [2024-08-27T09:32:10.054+0700] {tutorial_taskflow_api_virtualenv.py:29} WARNING - The tutorial_taskflow_api_virtualenv example DAG requires virtualenv, please install it.
[2024-08-27T09:32:10.055+0700] {processor.py:927} WARNING - No viable dags retrieved from /home/user/.local/lib/python3.10/site-packages/airflow/example_dags/tutorial_taskflow_api_virtualenv.py
[2024-08-27T09:32:10.064+0700] {processor.py:208} INFO - Processing /home/user/.local/lib/python3.10/site-packages/airflow/example_dags/tutorial_taskflow_api_virtualenv.py took 0.045 seconds
[2024-08-27T09:32:40.854+0700] {processor.py:186} INFO - Started process (PID=11618) to work on /home/user/.local/lib/python3.10/site-packages/airflow/example_dags/tutorial_taskflow_api_virtualenv.py
[2024-08-27T09:32:40.855+0700] {processor.py:914} INFO - Processing file /home/user/.local/lib/python3.10/site-packages/airflow/example_dags/tutorial_taskflow_api_virtualenv.py for tasks to queue
[2024-08-27T09:32:40.857+0700] {logging_mixin.py:190} INFO - [2024-08-27T09:32:40.856+0700] {dagbag.py:587} INFO - Filling up the DagBag from /home/user/.local/lib/python3.10/site-packages/airflow/example_dags/tutorial_taskflow_api_virtualenv.py
[2024-08-27T09:32:40.881+0700] {logging_mixin.py:190} INFO - [2024-08-27T09:32:40.880+0700] {tutorial_taskflow_api_virtualenv.py:29} WARNING - The tutorial_taskflow_api_virtualenv example DAG requires virtualenv, please install it.
[2024-08-27T09:32:40.881+0700] {processor.py:927} WARNING - No viable dags retrieved from /home/user/.local/lib/python3.10/site-packages/airflow/example_dags/tutorial_taskflow_api_virtualenv.py
[2024-08-27T09:32:40.888+0700] {processor.py:208} INFO - Processing /home/user/.local/lib/python3.10/site-packages/airflow/example_dags/tutorial_taskflow_api_virtualenv.py took 0.039 seconds
[2024-08-27T09:33:44.544+0700] {processor.py:186} INFO - Started process (PID=12142) to work on /home/user/.local/lib/python3.10/site-packages/airflow/example_dags/tutorial_taskflow_api_virtualenv.py
[2024-08-27T09:33:44.546+0700] {processor.py:914} INFO - Processing file /home/user/.local/lib/python3.10/site-packages/airflow/example_dags/tutorial_taskflow_api_virtualenv.py for tasks to queue
[2024-08-27T09:33:44.549+0700] {logging_mixin.py:190} INFO - [2024-08-27T09:33:44.548+0700] {dagbag.py:587} INFO - Filling up the DagBag from /home/user/.local/lib/python3.10/site-packages/airflow/example_dags/tutorial_taskflow_api_virtualenv.py
[2024-08-27T09:33:44.573+0700] {logging_mixin.py:190} INFO - [2024-08-27T09:33:44.573+0700] {tutorial_taskflow_api_virtualenv.py:29} WARNING - The tutorial_taskflow_api_virtualenv example DAG requires virtualenv, please install it.
[2024-08-27T09:33:44.574+0700] {processor.py:927} WARNING - No viable dags retrieved from /home/user/.local/lib/python3.10/site-packages/airflow/example_dags/tutorial_taskflow_api_virtualenv.py
[2024-08-27T09:33:44.594+0700] {processor.py:208} INFO - Processing /home/user/.local/lib/python3.10/site-packages/airflow/example_dags/tutorial_taskflow_api_virtualenv.py took 0.055 seconds
[2024-08-27T09:34:37.940+0700] {processor.py:186} INFO - Started process (PID=12570) to work on /home/user/.local/lib/python3.10/site-packages/airflow/example_dags/tutorial_taskflow_api_virtualenv.py
[2024-08-27T09:34:37.941+0700] {processor.py:914} INFO - Processing file /home/user/.local/lib/python3.10/site-packages/airflow/example_dags/tutorial_taskflow_api_virtualenv.py for tasks to queue
[2024-08-27T09:34:37.943+0700] {logging_mixin.py:190} INFO - [2024-08-27T09:34:37.943+0700] {dagbag.py:587} INFO - Filling up the DagBag from /home/user/.local/lib/python3.10/site-packages/airflow/example_dags/tutorial_taskflow_api_virtualenv.py
[2024-08-27T09:34:37.976+0700] {logging_mixin.py:190} INFO - [2024-08-27T09:34:37.976+0700] {tutorial_taskflow_api_virtualenv.py:29} WARNING - The tutorial_taskflow_api_virtualenv example DAG requires virtualenv, please install it.
[2024-08-27T09:34:37.976+0700] {processor.py:927} WARNING - No viable dags retrieved from /home/user/.local/lib/python3.10/site-packages/airflow/example_dags/tutorial_taskflow_api_virtualenv.py
[2024-08-27T09:34:37.987+0700] {processor.py:208} INFO - Processing /home/user/.local/lib/python3.10/site-packages/airflow/example_dags/tutorial_taskflow_api_virtualenv.py took 0.054 seconds
[2024-08-27T09:35:48.214+0700] {processor.py:186} INFO - Started process (PID=13161) to work on /home/user/.local/lib/python3.10/site-packages/airflow/example_dags/tutorial_taskflow_api_virtualenv.py
[2024-08-27T09:35:48.215+0700] {processor.py:914} INFO - Processing file /home/user/.local/lib/python3.10/site-packages/airflow/example_dags/tutorial_taskflow_api_virtualenv.py for tasks to queue
[2024-08-27T09:35:48.218+0700] {logging_mixin.py:190} INFO - [2024-08-27T09:35:48.217+0700] {dagbag.py:587} INFO - Filling up the DagBag from /home/user/.local/lib/python3.10/site-packages/airflow/example_dags/tutorial_taskflow_api_virtualenv.py
[2024-08-27T09:35:48.240+0700] {logging_mixin.py:190} INFO - [2024-08-27T09:35:48.240+0700] {tutorial_taskflow_api_virtualenv.py:29} WARNING - The tutorial_taskflow_api_virtualenv example DAG requires virtualenv, please install it.
[2024-08-27T09:35:48.240+0700] {processor.py:927} WARNING - No viable dags retrieved from /home/user/.local/lib/python3.10/site-packages/airflow/example_dags/tutorial_taskflow_api_virtualenv.py
[2024-08-27T09:35:48.249+0700] {processor.py:208} INFO - Processing /home/user/.local/lib/python3.10/site-packages/airflow/example_dags/tutorial_taskflow_api_virtualenv.py took 0.040 seconds
[2024-08-27T09:36:49.008+0700] {processor.py:186} INFO - Started process (PID=13671) to work on /home/user/.local/lib/python3.10/site-packages/airflow/example_dags/tutorial_taskflow_api_virtualenv.py
[2024-08-27T09:36:49.010+0700] {processor.py:914} INFO - Processing file /home/user/.local/lib/python3.10/site-packages/airflow/example_dags/tutorial_taskflow_api_virtualenv.py for tasks to queue
[2024-08-27T09:36:49.013+0700] {logging_mixin.py:190} INFO - [2024-08-27T09:36:49.012+0700] {dagbag.py:587} INFO - Filling up the DagBag from /home/user/.local/lib/python3.10/site-packages/airflow/example_dags/tutorial_taskflow_api_virtualenv.py
[2024-08-27T09:36:49.035+0700] {logging_mixin.py:190} INFO - [2024-08-27T09:36:49.035+0700] {tutorial_taskflow_api_virtualenv.py:29} WARNING - The tutorial_taskflow_api_virtualenv example DAG requires virtualenv, please install it.
[2024-08-27T09:36:49.035+0700] {processor.py:927} WARNING - No viable dags retrieved from /home/user/.local/lib/python3.10/site-packages/airflow/example_dags/tutorial_taskflow_api_virtualenv.py
[2024-08-27T09:36:49.043+0700] {processor.py:208} INFO - Processing /home/user/.local/lib/python3.10/site-packages/airflow/example_dags/tutorial_taskflow_api_virtualenv.py took 0.039 seconds
[2024-08-27T09:37:52.126+0700] {processor.py:186} INFO - Started process (PID=14199) to work on /home/user/.local/lib/python3.10/site-packages/airflow/example_dags/tutorial_taskflow_api_virtualenv.py
[2024-08-27T09:37:52.128+0700] {processor.py:914} INFO - Processing file /home/user/.local/lib/python3.10/site-packages/airflow/example_dags/tutorial_taskflow_api_virtualenv.py for tasks to queue
[2024-08-27T09:37:52.130+0700] {logging_mixin.py:190} INFO - [2024-08-27T09:37:52.129+0700] {dagbag.py:587} INFO - Filling up the DagBag from /home/user/.local/lib/python3.10/site-packages/airflow/example_dags/tutorial_taskflow_api_virtualenv.py
[2024-08-27T09:37:52.153+0700] {logging_mixin.py:190} INFO - [2024-08-27T09:37:52.152+0700] {tutorial_taskflow_api_virtualenv.py:29} WARNING - The tutorial_taskflow_api_virtualenv example DAG requires virtualenv, please install it.
[2024-08-27T09:37:52.153+0700] {processor.py:927} WARNING - No viable dags retrieved from /home/user/.local/lib/python3.10/site-packages/airflow/example_dags/tutorial_taskflow_api_virtualenv.py
[2024-08-27T09:37:52.161+0700] {processor.py:208} INFO - Processing /home/user/.local/lib/python3.10/site-packages/airflow/example_dags/tutorial_taskflow_api_virtualenv.py took 0.039 seconds
[2024-08-27T09:39:17.965+0700] {processor.py:186} INFO - Started process (PID=14886) to work on /home/user/.local/lib/python3.10/site-packages/airflow/example_dags/tutorial_taskflow_api_virtualenv.py
[2024-08-27T09:39:17.967+0700] {processor.py:914} INFO - Processing file /home/user/.local/lib/python3.10/site-packages/airflow/example_dags/tutorial_taskflow_api_virtualenv.py for tasks to queue
[2024-08-27T09:39:17.970+0700] {logging_mixin.py:190} INFO - [2024-08-27T09:39:17.969+0700] {dagbag.py:587} INFO - Filling up the DagBag from /home/user/.local/lib/python3.10/site-packages/airflow/example_dags/tutorial_taskflow_api_virtualenv.py
[2024-08-27T09:39:18.002+0700] {logging_mixin.py:190} INFO - [2024-08-27T09:39:18.002+0700] {tutorial_taskflow_api_virtualenv.py:29} WARNING - The tutorial_taskflow_api_virtualenv example DAG requires virtualenv, please install it.
[2024-08-27T09:39:18.003+0700] {processor.py:927} WARNING - No viable dags retrieved from /home/user/.local/lib/python3.10/site-packages/airflow/example_dags/tutorial_taskflow_api_virtualenv.py
[2024-08-27T09:39:18.013+0700] {processor.py:208} INFO - Processing /home/user/.local/lib/python3.10/site-packages/airflow/example_dags/tutorial_taskflow_api_virtualenv.py took 0.055 seconds
[2024-08-27T09:40:28.536+0700] {processor.py:186} INFO - Started process (PID=15488) to work on /home/user/.local/lib/python3.10/site-packages/airflow/example_dags/tutorial_taskflow_api_virtualenv.py
[2024-08-27T09:40:28.538+0700] {processor.py:914} INFO - Processing file /home/user/.local/lib/python3.10/site-packages/airflow/example_dags/tutorial_taskflow_api_virtualenv.py for tasks to queue
[2024-08-27T09:40:28.541+0700] {logging_mixin.py:190} INFO - [2024-08-27T09:40:28.540+0700] {dagbag.py:587} INFO - Filling up the DagBag from /home/user/.local/lib/python3.10/site-packages/airflow/example_dags/tutorial_taskflow_api_virtualenv.py
[2024-08-27T09:40:28.563+0700] {logging_mixin.py:190} INFO - [2024-08-27T09:40:28.563+0700] {tutorial_taskflow_api_virtualenv.py:29} WARNING - The tutorial_taskflow_api_virtualenv example DAG requires virtualenv, please install it.
[2024-08-27T09:40:28.564+0700] {processor.py:927} WARNING - No viable dags retrieved from /home/user/.local/lib/python3.10/site-packages/airflow/example_dags/tutorial_taskflow_api_virtualenv.py
[2024-08-27T09:40:28.572+0700] {processor.py:208} INFO - Processing /home/user/.local/lib/python3.10/site-packages/airflow/example_dags/tutorial_taskflow_api_virtualenv.py took 0.042 seconds
[2024-08-27T09:41:27.858+0700] {processor.py:186} INFO - Started process (PID=15956) to work on /home/user/.local/lib/python3.10/site-packages/airflow/example_dags/tutorial_taskflow_api_virtualenv.py
[2024-08-27T09:41:27.859+0700] {processor.py:914} INFO - Processing file /home/user/.local/lib/python3.10/site-packages/airflow/example_dags/tutorial_taskflow_api_virtualenv.py for tasks to queue
[2024-08-27T09:41:27.860+0700] {logging_mixin.py:190} INFO - [2024-08-27T09:41:27.860+0700] {dagbag.py:587} INFO - Filling up the DagBag from /home/user/.local/lib/python3.10/site-packages/airflow/example_dags/tutorial_taskflow_api_virtualenv.py
[2024-08-27T09:41:27.885+0700] {logging_mixin.py:190} INFO - [2024-08-27T09:41:27.885+0700] {tutorial_taskflow_api_virtualenv.py:29} WARNING - The tutorial_taskflow_api_virtualenv example DAG requires virtualenv, please install it.
[2024-08-27T09:41:27.885+0700] {processor.py:927} WARNING - No viable dags retrieved from /home/user/.local/lib/python3.10/site-packages/airflow/example_dags/tutorial_taskflow_api_virtualenv.py
[2024-08-27T09:41:27.894+0700] {processor.py:208} INFO - Processing /home/user/.local/lib/python3.10/site-packages/airflow/example_dags/tutorial_taskflow_api_virtualenv.py took 0.041 seconds
[2024-08-27T09:42:34.039+0700] {processor.py:186} INFO - Started process (PID=16510) to work on /home/user/.local/lib/python3.10/site-packages/airflow/example_dags/tutorial_taskflow_api_virtualenv.py
[2024-08-27T09:42:34.044+0700] {processor.py:914} INFO - Processing file /home/user/.local/lib/python3.10/site-packages/airflow/example_dags/tutorial_taskflow_api_virtualenv.py for tasks to queue
[2024-08-27T09:42:34.049+0700] {logging_mixin.py:190} INFO - [2024-08-27T09:42:34.049+0700] {dagbag.py:587} INFO - Filling up the DagBag from /home/user/.local/lib/python3.10/site-packages/airflow/example_dags/tutorial_taskflow_api_virtualenv.py
[2024-08-27T09:42:34.081+0700] {logging_mixin.py:190} INFO - [2024-08-27T09:42:34.081+0700] {tutorial_taskflow_api_virtualenv.py:29} WARNING - The tutorial_taskflow_api_virtualenv example DAG requires virtualenv, please install it.
[2024-08-27T09:42:34.081+0700] {processor.py:927} WARNING - No viable dags retrieved from /home/user/.local/lib/python3.10/site-packages/airflow/example_dags/tutorial_taskflow_api_virtualenv.py
[2024-08-27T09:42:34.092+0700] {processor.py:208} INFO - Processing /home/user/.local/lib/python3.10/site-packages/airflow/example_dags/tutorial_taskflow_api_virtualenv.py took 0.062 seconds
[2024-08-27T09:44:06.839+0700] {processor.py:186} INFO - Started process (PID=17219) to work on /home/user/.local/lib/python3.10/site-packages/airflow/example_dags/tutorial_taskflow_api_virtualenv.py
[2024-08-27T09:44:06.840+0700] {processor.py:914} INFO - Processing file /home/user/.local/lib/python3.10/site-packages/airflow/example_dags/tutorial_taskflow_api_virtualenv.py for tasks to queue
[2024-08-27T09:44:06.843+0700] {logging_mixin.py:190} INFO - [2024-08-27T09:44:06.842+0700] {dagbag.py:587} INFO - Filling up the DagBag from /home/user/.local/lib/python3.10/site-packages/airflow/example_dags/tutorial_taskflow_api_virtualenv.py
[2024-08-27T09:44:06.877+0700] {logging_mixin.py:190} INFO - [2024-08-27T09:44:06.877+0700] {tutorial_taskflow_api_virtualenv.py:29} WARNING - The tutorial_taskflow_api_virtualenv example DAG requires virtualenv, please install it.
[2024-08-27T09:44:06.878+0700] {processor.py:927} WARNING - No viable dags retrieved from /home/user/.local/lib/python3.10/site-packages/airflow/example_dags/tutorial_taskflow_api_virtualenv.py
[2024-08-27T09:44:06.889+0700] {processor.py:208} INFO - Processing /home/user/.local/lib/python3.10/site-packages/airflow/example_dags/tutorial_taskflow_api_virtualenv.py took 0.055 seconds
[2024-08-27T09:45:16.287+0700] {processor.py:186} INFO - Started process (PID=17897) to work on /home/user/.local/lib/python3.10/site-packages/airflow/example_dags/tutorial_taskflow_api_virtualenv.py
[2024-08-27T09:45:16.305+0700] {processor.py:914} INFO - Processing file /home/user/.local/lib/python3.10/site-packages/airflow/example_dags/tutorial_taskflow_api_virtualenv.py for tasks to queue
[2024-08-27T09:45:16.345+0700] {logging_mixin.py:190} INFO - [2024-08-27T09:45:16.344+0700] {dagbag.py:587} INFO - Filling up the DagBag from /home/user/.local/lib/python3.10/site-packages/airflow/example_dags/tutorial_taskflow_api_virtualenv.py
[2024-08-27T09:45:16.392+0700] {logging_mixin.py:190} INFO - [2024-08-27T09:45:16.391+0700] {tutorial_taskflow_api_virtualenv.py:29} WARNING - The tutorial_taskflow_api_virtualenv example DAG requires virtualenv, please install it.
[2024-08-27T09:45:16.393+0700] {processor.py:927} WARNING - No viable dags retrieved from /home/user/.local/lib/python3.10/site-packages/airflow/example_dags/tutorial_taskflow_api_virtualenv.py
[2024-08-27T09:45:16.441+0700] {processor.py:208} INFO - Processing /home/user/.local/lib/python3.10/site-packages/airflow/example_dags/tutorial_taskflow_api_virtualenv.py took 0.188 seconds
