[2024-08-26T08:19:05.836+0700] {local_task_job_runner.py:123} INFO - ::group::Pre task execution logs
[2024-08-26T08:19:05.847+0700] {taskinstance.py:2603} INFO - Dependencies all met for dep_context=non-requeueable deps ti=<TaskInstance: combine_columns_dag.combine_columns scheduled__2024-03-19T00:00:00+00:00 [queued]>
[2024-08-26T08:19:05.852+0700] {taskinstance.py:2603} INFO - Dependencies all met for dep_context=requeueable deps ti=<TaskInstance: combine_columns_dag.combine_columns scheduled__2024-03-19T00:00:00+00:00 [queued]>
[2024-08-26T08:19:05.853+0700] {taskinstance.py:2856} INFO - Starting attempt 1 of 2
[2024-08-26T08:19:05.869+0700] {taskinstance.py:2879} INFO - Executing <Task(PythonOperator): combine_columns> on 2024-03-19 00:00:00+00:00
[2024-08-26T08:19:05.875+0700] {standard_task_runner.py:72} INFO - Started process 15870 to run task
[2024-08-26T08:19:05.878+0700] {standard_task_runner.py:104} INFO - Running: ['airflow', 'tasks', 'run', 'combine_columns_dag', 'combine_columns', 'scheduled__2024-03-19T00:00:00+00:00', '--job-id', '145', '--raw', '--subdir', 'DAGS_FOLDER/test_pandas.py', '--cfg-path', '/tmp/tmpz1guw3xy']
[2024-08-26T08:19:05.879+0700] {standard_task_runner.py:105} INFO - Job 145: Subtask combine_columns
[2024-08-26T08:19:05.912+0700] {task_command.py:467} INFO - Running <TaskInstance: combine_columns_dag.combine_columns scheduled__2024-03-19T00:00:00+00:00 [running]> on host LAPTOP-G8FSBU09.
[2024-08-26T08:19:05.958+0700] {taskinstance.py:3122} INFO - Exporting env vars: AIRFLOW_CTX_DAG_OWNER='airflow' AIRFLOW_CTX_DAG_ID='combine_columns_dag' AIRFLOW_CTX_TASK_ID='combine_columns' AIRFLOW_CTX_EXECUTION_DATE='2024-03-19T00:00:00+00:00' AIRFLOW_CTX_TRY_NUMBER='1' AIRFLOW_CTX_DAG_RUN_ID='scheduled__2024-03-19T00:00:00+00:00'
[2024-08-26T08:19:05.959+0700] {logging_mixin.py:190} INFO - Task instance is in running state
[2024-08-26T08:19:05.960+0700] {logging_mixin.py:190} INFO -  Previous state of the Task instance: queued
[2024-08-26T08:19:05.960+0700] {logging_mixin.py:190} INFO - Current task name:combine_columns state:running start_date:2024-08-26 01:19:05.848108+00:00
[2024-08-26T08:19:05.960+0700] {logging_mixin.py:190} INFO - Dag name:combine_columns_dag and current dag run status:running
[2024-08-26T08:19:05.960+0700] {taskinstance.py:731} INFO - ::endgroup::
[2024-08-26T08:19:05.994+0700] {python.py:240} INFO - Done. Returned value was: None
[2024-08-26T08:19:05.999+0700] {taskinstance.py:340} INFO - ::group::Post task execution logs
[2024-08-26T08:19:06.000+0700] {taskinstance.py:352} INFO - Marking task as SUCCESS. dag_id=combine_columns_dag, task_id=combine_columns, run_id=scheduled__2024-03-19T00:00:00+00:00, execution_date=20240319T000000, start_date=20240826T011905, end_date=20240826T011906
[2024-08-26T08:19:06.010+0700] {logging_mixin.py:190} INFO - Task instance in success state
[2024-08-26T08:19:06.010+0700] {logging_mixin.py:190} INFO -  Previous state of the Task instance: running
[2024-08-26T08:19:06.010+0700] {logging_mixin.py:190} INFO - Dag name:combine_columns_dag queued_at:2024-08-26 01:19:03.992596+00:00
[2024-08-26T08:19:06.010+0700] {logging_mixin.py:190} INFO - Task hostname:LAPTOP-G8FSBU09. operator:PythonOperator
[2024-08-26T08:19:06.054+0700] {local_task_job_runner.py:261} INFO - Task exited with return code 0
[2024-08-26T08:19:06.064+0700] {taskinstance.py:3891} INFO - 0 downstream tasks scheduled from follow-on schedule check
[2024-08-26T08:19:06.064+0700] {local_task_job_runner.py:240} INFO - ::endgroup::
