[2024-08-22T10:48:50.575+0700] {local_task_job_runner.py:123} INFO - ::group::Pre task execution logs
[2024-08-22T10:48:50.586+0700] {taskinstance.py:2603} INFO - Dependencies all met for dep_context=non-requeueable deps ti=<TaskInstance: simple_dag.print_date scheduled__2024-08-21T03:15:00+00:00 [queued]>
[2024-08-22T10:48:50.595+0700] {taskinstance.py:2603} INFO - Dependencies all met for dep_context=requeueable deps ti=<TaskInstance: simple_dag.print_date scheduled__2024-08-21T03:15:00+00:00 [queued]>
[2024-08-22T10:48:50.595+0700] {taskinstance.py:2856} INFO - Starting attempt 1 of 1
[2024-08-22T10:48:50.613+0700] {taskinstance.py:2879} INFO - Executing <Task(BashOperator): print_date> on 2024-08-21 03:15:00+00:00
[2024-08-22T10:48:50.616+0700] {standard_task_runner.py:72} INFO - Started process 17751 to run task
[2024-08-22T10:48:50.631+0700] {standard_task_runner.py:104} INFO - Running: ['airflow', 'tasks', 'run', 'simple_dag', 'print_date', 'scheduled__2024-08-21T03:15:00+00:00', '--job-id', '179', '--raw', '--subdir', 'DAGS_FOLDER/test.py', '--cfg-path', '/tmp/tmp0jdu5fpv']
[2024-08-22T10:48:50.632+0700] {standard_task_runner.py:105} INFO - Job 179: Subtask print_date
[2024-08-22T10:48:50.728+0700] {task_command.py:467} INFO - Running <TaskInstance: simple_dag.print_date scheduled__2024-08-21T03:15:00+00:00 [running]> on host LAPTOP-G8FSBU09.
[2024-08-22T10:48:50.809+0700] {taskinstance.py:3122} INFO - Exporting env vars: AIRFLOW_CTX_DAG_OWNER='airflow' AIRFLOW_CTX_DAG_ID='simple_dag' AIRFLOW_CTX_TASK_ID='print_date' AIRFLOW_CTX_EXECUTION_DATE='2024-08-21T03:15:00+00:00' AIRFLOW_CTX_TRY_NUMBER='1' AIRFLOW_CTX_DAG_RUN_ID='scheduled__2024-08-21T03:15:00+00:00'
[2024-08-22T10:48:50.810+0700] {logging_mixin.py:190} INFO - Task instance is in running state
[2024-08-22T10:48:50.811+0700] {logging_mixin.py:190} INFO -  Previous state of the Task instance: queued
[2024-08-22T10:48:50.811+0700] {logging_mixin.py:190} INFO - Current task name:print_date state:running start_date:2024-08-22 03:48:50.587027+00:00
[2024-08-22T10:48:50.811+0700] {logging_mixin.py:190} INFO - Dag name:simple_dag and current dag run status:running
[2024-08-22T10:48:50.811+0700] {taskinstance.py:731} INFO - ::endgroup::
[2024-08-22T10:48:50.813+0700] {subprocess.py:63} INFO - Tmp dir root location: /tmp
[2024-08-22T10:48:50.814+0700] {subprocess.py:75} INFO - Running command: ['/usr/bin/bash', '-c', 'date']
[2024-08-22T10:48:50.820+0700] {subprocess.py:86} INFO - Output:
[2024-08-22T10:48:50.824+0700] {subprocess.py:93} INFO - Thu Aug 22 10:48:50 WIB 2024
[2024-08-22T10:48:50.825+0700] {subprocess.py:97} INFO - Command exited with return code 0
[2024-08-22T10:48:50.846+0700] {taskinstance.py:340} INFO - ::group::Post task execution logs
[2024-08-22T10:48:50.847+0700] {taskinstance.py:352} INFO - Marking task as SUCCESS. dag_id=simple_dag, task_id=print_date, run_id=scheduled__2024-08-21T03:15:00+00:00, execution_date=20240821T031500, start_date=20240822T034850, end_date=20240822T034850
[2024-08-22T10:48:50.857+0700] {logging_mixin.py:190} INFO - Task instance in success state
[2024-08-22T10:48:50.858+0700] {logging_mixin.py:190} INFO -  Previous state of the Task instance: running
[2024-08-22T10:48:50.858+0700] {logging_mixin.py:190} INFO - Dag name:simple_dag queued_at:2024-08-22 03:48:48.641221+00:00
[2024-08-22T10:48:50.858+0700] {logging_mixin.py:190} INFO - Task hostname:LAPTOP-G8FSBU09. operator:BashOperator
[2024-08-22T10:48:50.879+0700] {local_task_job_runner.py:261} INFO - Task exited with return code 0
[2024-08-22T10:48:50.897+0700] {taskinstance.py:3891} INFO - 1 downstream tasks scheduled from follow-on schedule check
[2024-08-22T10:48:50.902+0700] {local_task_job_runner.py:240} INFO - ::endgroup::
