[2024-08-22T10:44:28.914+0700] {local_task_job_runner.py:123} INFO - ::group::Pre task execution logs
[2024-08-22T10:44:28.934+0700] {taskinstance.py:2603} INFO - Dependencies all met for dep_context=non-requeueable deps ti=<TaskInstance: simple_dag.sleep scheduled__2024-08-21T01:30:00+00:00 [queued]>
[2024-08-22T10:44:28.941+0700] {taskinstance.py:2603} INFO - Dependencies all met for dep_context=requeueable deps ti=<TaskInstance: simple_dag.sleep scheduled__2024-08-21T01:30:00+00:00 [queued]>
[2024-08-22T10:44:28.941+0700] {taskinstance.py:2856} INFO - Starting attempt 1 of 1
[2024-08-22T10:44:28.955+0700] {taskinstance.py:2879} INFO - Executing <Task(BashOperator): sleep> on 2024-08-21 01:30:00+00:00
[2024-08-22T10:44:28.958+0700] {standard_task_runner.py:72} INFO - Started process 15754 to run task
[2024-08-22T10:44:28.961+0700] {standard_task_runner.py:104} INFO - Running: ['airflow', 'tasks', 'run', 'simple_dag', 'sleep', 'scheduled__2024-08-21T01:30:00+00:00', '--job-id', '116', '--raw', '--subdir', 'DAGS_FOLDER/test.py', '--cfg-path', '/tmp/tmpwx0mlw5f']
[2024-08-22T10:44:28.962+0700] {standard_task_runner.py:105} INFO - Job 116: Subtask sleep
[2024-08-22T10:44:28.996+0700] {task_command.py:467} INFO - Running <TaskInstance: simple_dag.sleep scheduled__2024-08-21T01:30:00+00:00 [running]> on host LAPTOP-G8FSBU09.
[2024-08-22T10:44:29.060+0700] {taskinstance.py:3122} INFO - Exporting env vars: AIRFLOW_CTX_DAG_OWNER='airflow' AIRFLOW_CTX_DAG_ID='simple_dag' AIRFLOW_CTX_TASK_ID='sleep' AIRFLOW_CTX_EXECUTION_DATE='2024-08-21T01:30:00+00:00' AIRFLOW_CTX_TRY_NUMBER='1' AIRFLOW_CTX_DAG_RUN_ID='scheduled__2024-08-21T01:30:00+00:00'
[2024-08-22T10:44:29.061+0700] {logging_mixin.py:190} INFO - Task instance is in running state
[2024-08-22T10:44:29.062+0700] {logging_mixin.py:190} INFO -  Previous state of the Task instance: queued
[2024-08-22T10:44:29.062+0700] {logging_mixin.py:190} INFO - Current task name:sleep state:running start_date:2024-08-22 03:44:28.934660+00:00
[2024-08-22T10:44:29.062+0700] {logging_mixin.py:190} INFO - Dag name:simple_dag and current dag run status:running
[2024-08-22T10:44:29.062+0700] {taskinstance.py:731} INFO - ::endgroup::
[2024-08-22T10:44:29.063+0700] {subprocess.py:63} INFO - Tmp dir root location: /tmp
[2024-08-22T10:44:29.064+0700] {subprocess.py:75} INFO - Running command: ['/usr/bin/bash', '-c', 'sleep 5']
[2024-08-22T10:44:29.072+0700] {subprocess.py:86} INFO - Output:
[2024-08-22T10:44:34.075+0700] {subprocess.py:97} INFO - Command exited with return code 0
[2024-08-22T10:44:34.092+0700] {taskinstance.py:340} INFO - ::group::Post task execution logs
[2024-08-22T10:44:34.092+0700] {taskinstance.py:352} INFO - Marking task as SUCCESS. dag_id=simple_dag, task_id=sleep, run_id=scheduled__2024-08-21T01:30:00+00:00, execution_date=20240821T013000, start_date=20240822T034428, end_date=20240822T034434
[2024-08-22T10:44:34.101+0700] {logging_mixin.py:190} INFO - Task instance in success state
[2024-08-22T10:44:34.101+0700] {logging_mixin.py:190} INFO -  Previous state of the Task instance: running
[2024-08-22T10:44:34.101+0700] {logging_mixin.py:190} INFO - Dag name:simple_dag queued_at:2024-08-22 03:44:13.447453+00:00
[2024-08-22T10:44:34.101+0700] {logging_mixin.py:190} INFO - Task hostname:LAPTOP-G8FSBU09. operator:BashOperator
[2024-08-22T10:44:34.110+0700] {local_task_job_runner.py:261} INFO - Task exited with return code 0
[2024-08-22T10:44:34.120+0700] {taskinstance.py:3891} INFO - 1 downstream tasks scheduled from follow-on schedule check
[2024-08-22T10:44:34.124+0700] {local_task_job_runner.py:240} INFO - ::endgroup::
