[2024-08-22T10:55:29.981+0700] {local_task_job_runner.py:123} INFO - ::group::Pre task execution logs
[2024-08-22T10:55:29.989+0700] {taskinstance.py:2603} INFO - Dependencies all met for dep_context=non-requeueable deps ti=<TaskInstance: simple_dag.sleep scheduled__2024-08-21T05:50:00+00:00 [queued]>
[2024-08-22T10:55:29.993+0700] {taskinstance.py:2603} INFO - Dependencies all met for dep_context=requeueable deps ti=<TaskInstance: simple_dag.sleep scheduled__2024-08-21T05:50:00+00:00 [queued]>
[2024-08-22T10:55:29.993+0700] {taskinstance.py:2856} INFO - Starting attempt 1 of 1
[2024-08-22T10:55:30.006+0700] {taskinstance.py:2879} INFO - Executing <Task(BashOperator): sleep> on 2024-08-21 05:50:00+00:00
[2024-08-22T10:55:30.008+0700] {standard_task_runner.py:72} INFO - Started process 21374 to run task
[2024-08-22T10:55:30.011+0700] {standard_task_runner.py:104} INFO - Running: ['airflow', 'tasks', 'run', 'simple_dag', 'sleep', 'scheduled__2024-08-21T05:50:00+00:00', '--job-id', '274', '--raw', '--subdir', 'DAGS_FOLDER/test.py', '--cfg-path', '/tmp/tmpen6cuvx2']
[2024-08-22T10:55:30.011+0700] {standard_task_runner.py:105} INFO - Job 274: Subtask sleep
[2024-08-22T10:55:30.045+0700] {task_command.py:467} INFO - Running <TaskInstance: simple_dag.sleep scheduled__2024-08-21T05:50:00+00:00 [running]> on host LAPTOP-G8FSBU09.
[2024-08-22T10:55:30.094+0700] {taskinstance.py:3122} INFO - Exporting env vars: AIRFLOW_CTX_DAG_OWNER='airflow' AIRFLOW_CTX_DAG_ID='simple_dag' AIRFLOW_CTX_TASK_ID='sleep' AIRFLOW_CTX_EXECUTION_DATE='2024-08-21T05:50:00+00:00' AIRFLOW_CTX_TRY_NUMBER='1' AIRFLOW_CTX_DAG_RUN_ID='scheduled__2024-08-21T05:50:00+00:00'
[2024-08-22T10:55:30.095+0700] {logging_mixin.py:190} INFO - Task instance is in running state
[2024-08-22T10:55:30.095+0700] {logging_mixin.py:190} INFO -  Previous state of the Task instance: queued
[2024-08-22T10:55:30.096+0700] {logging_mixin.py:190} INFO - Current task name:sleep state:running start_date:2024-08-22 03:55:29.989899+00:00
[2024-08-22T10:55:30.096+0700] {logging_mixin.py:190} INFO - Dag name:simple_dag and current dag run status:running
[2024-08-22T10:55:30.096+0700] {taskinstance.py:731} INFO - ::endgroup::
[2024-08-22T10:55:30.097+0700] {subprocess.py:63} INFO - Tmp dir root location: /tmp
[2024-08-22T10:55:30.097+0700] {subprocess.py:75} INFO - Running command: ['/usr/bin/bash', '-c', 'sleep 5']
[2024-08-22T10:55:30.102+0700] {subprocess.py:86} INFO - Output:
[2024-08-22T10:55:35.104+0700] {subprocess.py:97} INFO - Command exited with return code 0
[2024-08-22T10:55:35.138+0700] {taskinstance.py:340} INFO - ::group::Post task execution logs
[2024-08-22T10:55:35.139+0700] {taskinstance.py:352} INFO - Marking task as SUCCESS. dag_id=simple_dag, task_id=sleep, run_id=scheduled__2024-08-21T05:50:00+00:00, execution_date=20240821T055000, start_date=20240822T035529, end_date=20240822T035535
[2024-08-22T10:55:35.163+0700] {logging_mixin.py:190} INFO - Task instance in success state
[2024-08-22T10:55:35.163+0700] {logging_mixin.py:190} INFO -  Previous state of the Task instance: running
[2024-08-22T10:55:35.163+0700] {logging_mixin.py:190} INFO - Dag name:simple_dag queued_at:2024-08-22 03:55:23.965918+00:00
[2024-08-22T10:55:35.164+0700] {logging_mixin.py:190} INFO - Task hostname:LAPTOP-G8FSBU09. operator:BashOperator
[2024-08-22T10:55:35.201+0700] {local_task_job_runner.py:261} INFO - Task exited with return code 0
[2024-08-22T10:55:35.235+0700] {taskinstance.py:3891} INFO - 1 downstream tasks scheduled from follow-on schedule check
[2024-08-22T10:55:35.243+0700] {local_task_job_runner.py:240} INFO - ::endgroup::
