[2024-08-21T07:20:11.744+0700] {processor.py:186} INFO - Started process (PID=1525) to work on /home/user/airflow/dags/daily_report.py
[2024-08-21T07:20:11.746+0700] {processor.py:914} INFO - Processing file /home/user/airflow/dags/daily_report.py for tasks to queue
[2024-08-21T07:20:11.750+0700] {logging_mixin.py:190} INFO - [2024-08-21T07:20:11.749+0700] {dagbag.py:587} INFO - Filling up the DagBag from /home/user/airflow/dags/daily_report.py
[2024-08-21T07:20:11.771+0700] {processor.py:925} INFO - DAG(s) 'simple_dag' retrieved from /home/user/airflow/dags/daily_report.py
[2024-08-21T07:20:11.813+0700] {logging_mixin.py:190} INFO - [2024-08-21T07:20:11.813+0700] {dag.py:3211} INFO - Sync 1 DAGs
[2024-08-21T07:20:11.843+0700] {logging_mixin.py:190} INFO - [2024-08-21T07:20:11.842+0700] {dag.py:4138} INFO - Setting next_dagrun for simple_dag to 2023-01-01 00:00:00+00:00, run_after=2023-01-02 00:00:00+00:00
[2024-08-21T07:20:11.875+0700] {processor.py:208} INFO - Processing /home/user/airflow/dags/daily_report.py took 0.141 seconds
[2024-08-21T07:21:12.616+0700] {processor.py:186} INFO - Started process (PID=2005) to work on /home/user/airflow/dags/daily_report.py
[2024-08-21T07:21:12.617+0700] {processor.py:914} INFO - Processing file /home/user/airflow/dags/daily_report.py for tasks to queue
[2024-08-21T07:21:12.619+0700] {logging_mixin.py:190} INFO - [2024-08-21T07:21:12.618+0700] {dagbag.py:587} INFO - Filling up the DagBag from /home/user/airflow/dags/daily_report.py
[2024-08-21T07:21:12.624+0700] {processor.py:925} INFO - DAG(s) 'simple_dag' retrieved from /home/user/airflow/dags/daily_report.py
[2024-08-21T07:21:12.636+0700] {logging_mixin.py:190} INFO - [2024-08-21T07:21:12.636+0700] {dag.py:3211} INFO - Sync 1 DAGs
[2024-08-21T07:21:12.652+0700] {logging_mixin.py:190} INFO - [2024-08-21T07:21:12.652+0700] {dag.py:4138} INFO - Setting next_dagrun for simple_dag to 2023-01-01 00:00:00+00:00, run_after=2023-01-02 00:00:00+00:00
[2024-08-21T07:21:12.668+0700] {processor.py:208} INFO - Processing /home/user/airflow/dags/daily_report.py took 0.056 seconds
[2024-08-21T07:22:11.396+0700] {processor.py:186} INFO - Started process (PID=2472) to work on /home/user/airflow/dags/daily_report.py
[2024-08-21T07:22:11.403+0700] {processor.py:914} INFO - Processing file /home/user/airflow/dags/daily_report.py for tasks to queue
[2024-08-21T07:22:11.408+0700] {logging_mixin.py:190} INFO - [2024-08-21T07:22:11.407+0700] {dagbag.py:587} INFO - Filling up the DagBag from /home/user/airflow/dags/daily_report.py
[2024-08-21T07:22:11.413+0700] {logging_mixin.py:190} INFO - [2024-08-21T07:22:11.411+0700] {dagbag.py:386} ERROR - Failed to import: /home/user/airflow/dags/daily_report.py
Traceback (most recent call last):
  File "/home/user/airflow/airflow_venv/lib/python3.10/site-packages/airflow/models/dagbag.py", line 382, in parse
    loader.exec_module(new_module)
  File "<frozen importlib._bootstrap_external>", line 883, in exec_module
  File "<frozen importlib._bootstrap>", line 241, in _call_with_frames_removed
  File "/home/user/airflow/dags/daily_report.py", line 9, in <module>
    'start_date': datetime(2024, 24, 8),
ValueError: month must be in 1..12
[2024-08-21T07:22:11.413+0700] {processor.py:927} WARNING - No viable dags retrieved from /home/user/airflow/dags/daily_report.py
[2024-08-21T07:22:11.435+0700] {processor.py:208} INFO - Processing /home/user/airflow/dags/daily_report.py took 0.043 seconds
[2024-08-21T07:22:22.937+0700] {processor.py:186} INFO - Started process (PID=2560) to work on /home/user/airflow/dags/daily_report.py
[2024-08-21T07:22:22.939+0700] {processor.py:914} INFO - Processing file /home/user/airflow/dags/daily_report.py for tasks to queue
[2024-08-21T07:22:22.941+0700] {logging_mixin.py:190} INFO - [2024-08-21T07:22:22.940+0700] {dagbag.py:587} INFO - Filling up the DagBag from /home/user/airflow/dags/daily_report.py
[2024-08-21T07:22:22.944+0700] {logging_mixin.py:190} INFO - [2024-08-21T07:22:22.943+0700] {dagbag.py:386} ERROR - Failed to import: /home/user/airflow/dags/daily_report.py
Traceback (most recent call last):
  File "/home/user/airflow/airflow_venv/lib/python3.10/site-packages/airflow/models/dagbag.py", line 382, in parse
    loader.exec_module(new_module)
  File "<frozen importlib._bootstrap_external>", line 883, in exec_module
  File "<frozen importlib._bootstrap>", line 241, in _call_with_frames_removed
  File "/home/user/airflow/dags/daily_report.py", line 9, in <module>
    'start_date': datetime(2024, 24, 8),
ValueError: month must be in 1..12
[2024-08-21T07:22:22.945+0700] {processor.py:927} WARNING - No viable dags retrieved from /home/user/airflow/dags/daily_report.py
[2024-08-21T07:22:22.968+0700] {processor.py:208} INFO - Processing /home/user/airflow/dags/daily_report.py took 0.240 seconds
[2024-08-21T07:23:07.858+0700] {processor.py:186} INFO - Started process (PID=2921) to work on /home/user/airflow/dags/daily_report.py
[2024-08-21T07:23:07.860+0700] {processor.py:914} INFO - Processing file /home/user/airflow/dags/daily_report.py for tasks to queue
[2024-08-21T07:23:07.863+0700] {logging_mixin.py:190} INFO - [2024-08-21T07:23:07.863+0700] {dagbag.py:587} INFO - Filling up the DagBag from /home/user/airflow/dags/daily_report.py
[2024-08-21T07:23:07.878+0700] {processor.py:925} INFO - DAG(s) 'simple_dag' retrieved from /home/user/airflow/dags/daily_report.py
[2024-08-21T07:23:07.966+0700] {logging_mixin.py:190} INFO - [2024-08-21T07:23:07.966+0700] {dag.py:3211} INFO - Sync 1 DAGs
[2024-08-21T07:23:07.979+0700] {logging_mixin.py:190} INFO - [2024-08-21T07:23:07.978+0700] {dag.py:4138} INFO - Setting next_dagrun for simple_dag to 2024-08-21 00:00:00+00:00, run_after=2024-08-22 00:00:00+00:00
[2024-08-21T07:23:08.005+0700] {processor.py:208} INFO - Processing /home/user/airflow/dags/daily_report.py took 0.371 seconds
[2024-08-21T07:24:17.369+0700] {processor.py:186} INFO - Started process (PID=3482) to work on /home/user/airflow/dags/daily_report.py
[2024-08-21T07:24:17.371+0700] {processor.py:914} INFO - Processing file /home/user/airflow/dags/daily_report.py for tasks to queue
[2024-08-21T07:24:17.372+0700] {logging_mixin.py:190} INFO - [2024-08-21T07:24:17.372+0700] {dagbag.py:587} INFO - Filling up the DagBag from /home/user/airflow/dags/daily_report.py
[2024-08-21T07:24:17.378+0700] {processor.py:925} INFO - DAG(s) 'simple_dag' retrieved from /home/user/airflow/dags/daily_report.py
[2024-08-21T07:24:17.390+0700] {logging_mixin.py:190} INFO - [2024-08-21T07:24:17.390+0700] {dag.py:3211} INFO - Sync 1 DAGs
[2024-08-21T07:24:17.403+0700] {logging_mixin.py:190} INFO - [2024-08-21T07:24:17.403+0700] {dag.py:4138} INFO - Setting next_dagrun for simple_dag to 2024-08-21 00:00:00+00:00, run_after=2024-08-22 00:00:00+00:00
[2024-08-21T07:24:17.419+0700] {processor.py:208} INFO - Processing /home/user/airflow/dags/daily_report.py took 0.055 seconds
[2024-08-21T07:24:53.195+0700] {processor.py:186} INFO - Started process (PID=3770) to work on /home/user/airflow/dags/daily_report.py
[2024-08-21T07:24:53.197+0700] {processor.py:914} INFO - Processing file /home/user/airflow/dags/daily_report.py for tasks to queue
[2024-08-21T07:24:53.200+0700] {logging_mixin.py:190} INFO - [2024-08-21T07:24:53.199+0700] {dagbag.py:587} INFO - Filling up the DagBag from /home/user/airflow/dags/daily_report.py
[2024-08-21T07:24:53.208+0700] {processor.py:925} INFO - DAG(s) 'simple_dag' retrieved from /home/user/airflow/dags/daily_report.py
[2024-08-21T07:24:53.225+0700] {logging_mixin.py:190} INFO - [2024-08-21T07:24:53.225+0700] {dag.py:3211} INFO - Sync 1 DAGs
[2024-08-21T07:24:53.242+0700] {logging_mixin.py:190} INFO - [2024-08-21T07:24:53.242+0700] {dag.py:4138} INFO - Setting next_dagrun for simple_dag to 2024-08-21 00:00:00+00:00, run_after=2024-08-22 00:00:00+00:00
[2024-08-21T07:24:53.264+0700] {processor.py:208} INFO - Processing /home/user/airflow/dags/daily_report.py took 0.074 seconds
[2024-08-21T07:25:44.735+0700] {processor.py:186} INFO - Started process (PID=4192) to work on /home/user/airflow/dags/daily_report.py
[2024-08-21T07:25:44.737+0700] {processor.py:914} INFO - Processing file /home/user/airflow/dags/daily_report.py for tasks to queue
[2024-08-21T07:25:44.739+0700] {logging_mixin.py:190} INFO - [2024-08-21T07:25:44.739+0700] {dagbag.py:587} INFO - Filling up the DagBag from /home/user/airflow/dags/daily_report.py
[2024-08-21T07:25:44.756+0700] {processor.py:925} INFO - DAG(s) 'simple_dag' retrieved from /home/user/airflow/dags/daily_report.py
[2024-08-21T07:25:44.779+0700] {logging_mixin.py:190} INFO - [2024-08-21T07:25:44.779+0700] {dag.py:3211} INFO - Sync 1 DAGs
[2024-08-21T07:25:44.808+0700] {logging_mixin.py:190} INFO - [2024-08-21T07:25:44.808+0700] {dag.py:4138} INFO - Setting next_dagrun for simple_dag to 2024-08-21 00:00:00+00:00, run_after=2024-08-22 00:00:00+00:00
[2024-08-21T07:25:44.831+0700] {processor.py:208} INFO - Processing /home/user/airflow/dags/daily_report.py took 0.104 seconds
[2024-08-21T07:26:37.703+0700] {processor.py:186} INFO - Started process (PID=4606) to work on /home/user/airflow/dags/daily_report.py
[2024-08-21T07:26:37.710+0700] {processor.py:914} INFO - Processing file /home/user/airflow/dags/daily_report.py for tasks to queue
[2024-08-21T07:26:37.712+0700] {logging_mixin.py:190} INFO - [2024-08-21T07:26:37.712+0700] {dagbag.py:587} INFO - Filling up the DagBag from /home/user/airflow/dags/daily_report.py
[2024-08-21T07:26:37.719+0700] {processor.py:925} INFO - DAG(s) 'simple_dag' retrieved from /home/user/airflow/dags/daily_report.py
[2024-08-21T07:26:37.731+0700] {logging_mixin.py:190} INFO - [2024-08-21T07:26:37.731+0700] {dag.py:3211} INFO - Sync 1 DAGs
[2024-08-21T07:26:37.745+0700] {logging_mixin.py:190} INFO - [2024-08-21T07:26:37.745+0700] {dag.py:4138} INFO - Setting next_dagrun for simple_dag to 2024-08-21 00:00:00+00:00, run_after=2024-08-22 00:00:00+00:00
[2024-08-21T07:26:37.763+0700] {processor.py:208} INFO - Processing /home/user/airflow/dags/daily_report.py took 0.064 seconds
[2024-08-21T07:27:28.465+0700] {processor.py:186} INFO - Started process (PID=5007) to work on /home/user/airflow/dags/daily_report.py
[2024-08-21T07:27:28.471+0700] {processor.py:914} INFO - Processing file /home/user/airflow/dags/daily_report.py for tasks to queue
[2024-08-21T07:27:28.473+0700] {logging_mixin.py:190} INFO - [2024-08-21T07:27:28.473+0700] {dagbag.py:587} INFO - Filling up the DagBag from /home/user/airflow/dags/daily_report.py
[2024-08-21T07:27:28.479+0700] {processor.py:925} INFO - DAG(s) 'simple_dag' retrieved from /home/user/airflow/dags/daily_report.py
[2024-08-21T07:27:28.491+0700] {logging_mixin.py:190} INFO - [2024-08-21T07:27:28.491+0700] {dag.py:3211} INFO - Sync 1 DAGs
[2024-08-21T07:27:28.504+0700] {logging_mixin.py:190} INFO - [2024-08-21T07:27:28.504+0700] {dag.py:4138} INFO - Setting next_dagrun for simple_dag to 2024-08-21 00:00:00+00:00, run_after=2024-08-22 00:00:00+00:00
[2024-08-21T07:27:28.520+0700] {processor.py:208} INFO - Processing /home/user/airflow/dags/daily_report.py took 0.060 seconds
[2024-08-21T07:28:20.569+0700] {processor.py:186} INFO - Started process (PID=5456) to work on /home/user/airflow/dags/daily_report.py
[2024-08-21T07:28:20.570+0700] {processor.py:914} INFO - Processing file /home/user/airflow/dags/daily_report.py for tasks to queue
[2024-08-21T07:28:20.572+0700] {logging_mixin.py:190} INFO - [2024-08-21T07:28:20.572+0700] {dagbag.py:587} INFO - Filling up the DagBag from /home/user/airflow/dags/daily_report.py
[2024-08-21T07:28:20.578+0700] {processor.py:925} INFO - DAG(s) 'simple_dag' retrieved from /home/user/airflow/dags/daily_report.py
[2024-08-21T07:28:20.589+0700] {logging_mixin.py:190} INFO - [2024-08-21T07:28:20.588+0700] {dag.py:3211} INFO - Sync 1 DAGs
[2024-08-21T07:28:20.601+0700] {logging_mixin.py:190} INFO - [2024-08-21T07:28:20.601+0700] {dag.py:4138} INFO - Setting next_dagrun for simple_dag to 2024-08-21 00:00:00+00:00, run_after=2024-08-22 00:00:00+00:00
[2024-08-21T07:28:20.617+0700] {processor.py:208} INFO - Processing /home/user/airflow/dags/daily_report.py took 0.053 seconds
[2024-08-21T07:29:11.201+0700] {processor.py:186} INFO - Started process (PID=5928) to work on /home/user/airflow/dags/daily_report.py
[2024-08-21T07:29:11.203+0700] {processor.py:914} INFO - Processing file /home/user/airflow/dags/daily_report.py for tasks to queue
[2024-08-21T07:29:11.205+0700] {logging_mixin.py:190} INFO - [2024-08-21T07:29:11.205+0700] {dagbag.py:587} INFO - Filling up the DagBag from /home/user/airflow/dags/daily_report.py
[2024-08-21T07:29:11.211+0700] {processor.py:925} INFO - DAG(s) 'simple_dag' retrieved from /home/user/airflow/dags/daily_report.py
[2024-08-21T07:29:11.223+0700] {logging_mixin.py:190} INFO - [2024-08-21T07:29:11.223+0700] {dag.py:3211} INFO - Sync 1 DAGs
[2024-08-21T07:29:11.239+0700] {logging_mixin.py:190} INFO - [2024-08-21T07:29:11.238+0700] {dag.py:4138} INFO - Setting next_dagrun for simple_dag to 2024-08-21 00:00:00+00:00, run_after=2024-08-22 00:00:00+00:00
[2024-08-21T07:29:11.257+0700] {processor.py:208} INFO - Processing /home/user/airflow/dags/daily_report.py took 0.061 seconds
[2024-08-21T07:30:02.026+0700] {processor.py:186} INFO - Started process (PID=6397) to work on /home/user/airflow/dags/daily_report.py
[2024-08-21T07:30:02.029+0700] {processor.py:914} INFO - Processing file /home/user/airflow/dags/daily_report.py for tasks to queue
[2024-08-21T07:30:02.032+0700] {logging_mixin.py:190} INFO - [2024-08-21T07:30:02.032+0700] {dagbag.py:587} INFO - Filling up the DagBag from /home/user/airflow/dags/daily_report.py
[2024-08-21T07:30:02.041+0700] {processor.py:925} INFO - DAG(s) 'simple_dag' retrieved from /home/user/airflow/dags/daily_report.py
[2024-08-21T07:30:02.058+0700] {logging_mixin.py:190} INFO - [2024-08-21T07:30:02.058+0700] {dag.py:3211} INFO - Sync 1 DAGs
[2024-08-21T07:30:02.075+0700] {logging_mixin.py:190} INFO - [2024-08-21T07:30:02.075+0700] {dag.py:4138} INFO - Setting next_dagrun for simple_dag to 2024-08-21 00:00:00+00:00, run_after=2024-08-22 00:00:00+00:00
[2024-08-21T07:30:02.100+0700] {processor.py:208} INFO - Processing /home/user/airflow/dags/daily_report.py took 0.081 seconds
[2024-08-21T07:30:48.967+0700] {processor.py:186} INFO - Started process (PID=6781) to work on /home/user/airflow/dags/daily_report.py
[2024-08-21T07:30:48.969+0700] {processor.py:914} INFO - Processing file /home/user/airflow/dags/daily_report.py for tasks to queue
[2024-08-21T07:30:48.970+0700] {logging_mixin.py:190} INFO - [2024-08-21T07:30:48.970+0700] {dagbag.py:587} INFO - Filling up the DagBag from /home/user/airflow/dags/daily_report.py
[2024-08-21T07:30:48.976+0700] {processor.py:925} INFO - DAG(s) 'simple_dag' retrieved from /home/user/airflow/dags/daily_report.py
[2024-08-21T07:30:48.988+0700] {logging_mixin.py:190} INFO - [2024-08-21T07:30:48.988+0700] {dag.py:3211} INFO - Sync 1 DAGs
[2024-08-21T07:30:49.002+0700] {logging_mixin.py:190} INFO - [2024-08-21T07:30:49.002+0700] {dag.py:4138} INFO - Setting next_dagrun for simple_dag to 2024-08-21 00:00:00+00:00, run_after=2024-08-22 00:00:00+00:00
[2024-08-21T07:30:49.017+0700] {processor.py:208} INFO - Processing /home/user/airflow/dags/daily_report.py took 0.054 seconds
[2024-08-21T07:31:37.561+0700] {processor.py:186} INFO - Started process (PID=7308) to work on /home/user/airflow/dags/daily_report.py
[2024-08-21T07:31:37.562+0700] {processor.py:914} INFO - Processing file /home/user/airflow/dags/daily_report.py for tasks to queue
[2024-08-21T07:31:37.564+0700] {logging_mixin.py:190} INFO - [2024-08-21T07:31:37.564+0700] {dagbag.py:587} INFO - Filling up the DagBag from /home/user/airflow/dags/daily_report.py
[2024-08-21T07:31:37.573+0700] {processor.py:925} INFO - DAG(s) 'simple_dag' retrieved from /home/user/airflow/dags/daily_report.py
[2024-08-21T07:31:37.591+0700] {logging_mixin.py:190} INFO - [2024-08-21T07:31:37.590+0700] {dag.py:3211} INFO - Sync 1 DAGs
[2024-08-21T07:31:37.607+0700] {logging_mixin.py:190} INFO - [2024-08-21T07:31:37.607+0700] {dag.py:4138} INFO - Setting next_dagrun for simple_dag to 2024-08-21 00:00:00+00:00, run_after=2024-08-22 00:00:00+00:00
[2024-08-21T07:31:37.625+0700] {processor.py:208} INFO - Processing /home/user/airflow/dags/daily_report.py took 0.069 seconds
[2024-08-21T07:32:27.818+0700] {processor.py:186} INFO - Started process (PID=7778) to work on /home/user/airflow/dags/daily_report.py
[2024-08-21T07:32:27.819+0700] {processor.py:914} INFO - Processing file /home/user/airflow/dags/daily_report.py for tasks to queue
[2024-08-21T07:32:27.821+0700] {logging_mixin.py:190} INFO - [2024-08-21T07:32:27.821+0700] {dagbag.py:587} INFO - Filling up the DagBag from /home/user/airflow/dags/daily_report.py
[2024-08-21T07:32:27.827+0700] {processor.py:925} INFO - DAG(s) 'simple_dag' retrieved from /home/user/airflow/dags/daily_report.py
[2024-08-21T07:32:27.840+0700] {logging_mixin.py:190} INFO - [2024-08-21T07:32:27.840+0700] {dag.py:3211} INFO - Sync 1 DAGs
[2024-08-21T07:32:27.853+0700] {logging_mixin.py:190} INFO - [2024-08-21T07:32:27.853+0700] {dag.py:4138} INFO - Setting next_dagrun for simple_dag to 2024-08-21 00:00:00+00:00, run_after=2024-08-22 00:00:00+00:00
[2024-08-21T07:32:27.869+0700] {processor.py:208} INFO - Processing /home/user/airflow/dags/daily_report.py took 0.057 seconds
[2024-08-21T07:33:19.297+0700] {processor.py:186} INFO - Started process (PID=8323) to work on /home/user/airflow/dags/daily_report.py
[2024-08-21T07:33:19.299+0700] {processor.py:914} INFO - Processing file /home/user/airflow/dags/daily_report.py for tasks to queue
[2024-08-21T07:33:19.301+0700] {logging_mixin.py:190} INFO - [2024-08-21T07:33:19.301+0700] {dagbag.py:587} INFO - Filling up the DagBag from /home/user/airflow/dags/daily_report.py
[2024-08-21T07:33:19.309+0700] {processor.py:925} INFO - DAG(s) 'simple_dag' retrieved from /home/user/airflow/dags/daily_report.py
[2024-08-21T07:33:19.324+0700] {logging_mixin.py:190} INFO - [2024-08-21T07:33:19.324+0700] {dag.py:3211} INFO - Sync 1 DAGs
[2024-08-21T07:33:19.338+0700] {logging_mixin.py:190} INFO - [2024-08-21T07:33:19.338+0700] {dag.py:4138} INFO - Setting next_dagrun for simple_dag to 2024-08-21 00:00:00+00:00, run_after=2024-08-22 00:00:00+00:00
[2024-08-21T07:33:19.353+0700] {processor.py:208} INFO - Processing /home/user/airflow/dags/daily_report.py took 0.062 seconds
[2024-08-21T07:34:12.694+0700] {processor.py:186} INFO - Started process (PID=8794) to work on /home/user/airflow/dags/daily_report.py
[2024-08-21T07:34:12.700+0700] {processor.py:914} INFO - Processing file /home/user/airflow/dags/daily_report.py for tasks to queue
[2024-08-21T07:34:12.703+0700] {logging_mixin.py:190} INFO - [2024-08-21T07:34:12.702+0700] {dagbag.py:587} INFO - Filling up the DagBag from /home/user/airflow/dags/daily_report.py
[2024-08-21T07:34:12.713+0700] {processor.py:925} INFO - DAG(s) 'simple_dag' retrieved from /home/user/airflow/dags/daily_report.py
[2024-08-21T07:34:12.730+0700] {logging_mixin.py:190} INFO - [2024-08-21T07:34:12.730+0700] {dag.py:3211} INFO - Sync 1 DAGs
[2024-08-21T07:34:12.746+0700] {logging_mixin.py:190} INFO - [2024-08-21T07:34:12.746+0700] {dag.py:4138} INFO - Setting next_dagrun for simple_dag to 2024-08-21 00:00:00+00:00, run_after=2024-08-22 00:00:00+00:00
[2024-08-21T07:34:12.768+0700] {processor.py:208} INFO - Processing /home/user/airflow/dags/daily_report.py took 0.081 seconds
[2024-08-21T07:35:07.264+0700] {processor.py:186} INFO - Started process (PID=9921) to work on /home/user/airflow/dags/daily_report.py
[2024-08-21T07:35:07.271+0700] {processor.py:914} INFO - Processing file /home/user/airflow/dags/daily_report.py for tasks to queue
[2024-08-21T07:35:07.273+0700] {logging_mixin.py:190} INFO - [2024-08-21T07:35:07.273+0700] {dagbag.py:587} INFO - Filling up the DagBag from /home/user/airflow/dags/daily_report.py
[2024-08-21T07:35:07.281+0700] {processor.py:925} INFO - DAG(s) 'simple_dag' retrieved from /home/user/airflow/dags/daily_report.py
[2024-08-21T07:35:07.296+0700] {logging_mixin.py:190} INFO - [2024-08-21T07:35:07.296+0700] {dag.py:3211} INFO - Sync 1 DAGs
[2024-08-21T07:35:07.315+0700] {logging_mixin.py:190} INFO - [2024-08-21T07:35:07.315+0700] {dag.py:4138} INFO - Setting next_dagrun for simple_dag to 2024-08-21 00:00:00+00:00, run_after=2024-08-22 00:00:00+00:00
[2024-08-21T07:35:07.334+0700] {processor.py:208} INFO - Processing /home/user/airflow/dags/daily_report.py took 0.075 seconds
[2024-08-21T07:35:58.280+0700] {processor.py:186} INFO - Started process (PID=10455) to work on /home/user/airflow/dags/daily_report.py
[2024-08-21T07:35:58.282+0700] {processor.py:914} INFO - Processing file /home/user/airflow/dags/daily_report.py for tasks to queue
[2024-08-21T07:35:58.283+0700] {logging_mixin.py:190} INFO - [2024-08-21T07:35:58.283+0700] {dagbag.py:587} INFO - Filling up the DagBag from /home/user/airflow/dags/daily_report.py
[2024-08-21T07:35:58.289+0700] {processor.py:925} INFO - DAG(s) 'simple_dag' retrieved from /home/user/airflow/dags/daily_report.py
[2024-08-21T07:35:58.306+0700] {logging_mixin.py:190} INFO - [2024-08-21T07:35:58.305+0700] {dag.py:3211} INFO - Sync 1 DAGs
[2024-08-21T07:35:58.320+0700] {logging_mixin.py:190} INFO - [2024-08-21T07:35:58.320+0700] {dag.py:4138} INFO - Setting next_dagrun for simple_dag to 2024-08-21 00:00:00+00:00, run_after=2024-08-22 00:00:00+00:00
[2024-08-21T07:35:58.338+0700] {processor.py:208} INFO - Processing /home/user/airflow/dags/daily_report.py took 0.064 seconds
[2024-08-21T07:36:51.389+0700] {processor.py:186} INFO - Started process (PID=10873) to work on /home/user/airflow/dags/daily_report.py
[2024-08-21T07:36:51.396+0700] {processor.py:914} INFO - Processing file /home/user/airflow/dags/daily_report.py for tasks to queue
[2024-08-21T07:36:51.398+0700] {logging_mixin.py:190} INFO - [2024-08-21T07:36:51.398+0700] {dagbag.py:587} INFO - Filling up the DagBag from /home/user/airflow/dags/daily_report.py
[2024-08-21T07:36:51.405+0700] {processor.py:925} INFO - DAG(s) 'simple_dag' retrieved from /home/user/airflow/dags/daily_report.py
[2024-08-21T07:36:51.418+0700] {logging_mixin.py:190} INFO - [2024-08-21T07:36:51.418+0700] {dag.py:3211} INFO - Sync 1 DAGs
[2024-08-21T07:36:51.431+0700] {logging_mixin.py:190} INFO - [2024-08-21T07:36:51.431+0700] {dag.py:4138} INFO - Setting next_dagrun for simple_dag to 2024-08-21 00:00:00+00:00, run_after=2024-08-22 00:00:00+00:00
[2024-08-21T07:36:51.449+0700] {processor.py:208} INFO - Processing /home/user/airflow/dags/daily_report.py took 0.064 seconds
[2024-08-21T07:37:44.461+0700] {processor.py:186} INFO - Started process (PID=11406) to work on /home/user/airflow/dags/daily_report.py
[2024-08-21T07:37:44.463+0700] {processor.py:914} INFO - Processing file /home/user/airflow/dags/daily_report.py for tasks to queue
[2024-08-21T07:37:44.465+0700] {logging_mixin.py:190} INFO - [2024-08-21T07:37:44.465+0700] {dagbag.py:587} INFO - Filling up the DagBag from /home/user/airflow/dags/daily_report.py
[2024-08-21T07:37:44.471+0700] {processor.py:925} INFO - DAG(s) 'simple_dag' retrieved from /home/user/airflow/dags/daily_report.py
[2024-08-21T07:37:44.484+0700] {logging_mixin.py:190} INFO - [2024-08-21T07:37:44.483+0700] {dag.py:3211} INFO - Sync 1 DAGs
[2024-08-21T07:37:44.499+0700] {logging_mixin.py:190} INFO - [2024-08-21T07:37:44.499+0700] {dag.py:4138} INFO - Setting next_dagrun for simple_dag to 2024-08-21 00:00:00+00:00, run_after=2024-08-22 00:00:00+00:00
[2024-08-21T07:37:44.518+0700] {processor.py:208} INFO - Processing /home/user/airflow/dags/daily_report.py took 0.061 seconds
[2024-08-21T07:38:37.422+0700] {processor.py:186} INFO - Started process (PID=12067) to work on /home/user/airflow/dags/daily_report.py
[2024-08-21T07:38:37.424+0700] {processor.py:914} INFO - Processing file /home/user/airflow/dags/daily_report.py for tasks to queue
[2024-08-21T07:38:37.425+0700] {logging_mixin.py:190} INFO - [2024-08-21T07:38:37.425+0700] {dagbag.py:587} INFO - Filling up the DagBag from /home/user/airflow/dags/daily_report.py
[2024-08-21T07:38:37.433+0700] {processor.py:925} INFO - DAG(s) 'simple_dag' retrieved from /home/user/airflow/dags/daily_report.py
[2024-08-21T07:38:37.447+0700] {logging_mixin.py:190} INFO - [2024-08-21T07:38:37.446+0700] {dag.py:3211} INFO - Sync 1 DAGs
[2024-08-21T07:38:37.470+0700] {logging_mixin.py:190} INFO - [2024-08-21T07:38:37.469+0700] {dag.py:4138} INFO - Setting next_dagrun for simple_dag to 2024-08-21 00:00:00+00:00, run_after=2024-08-22 00:00:00+00:00
[2024-08-21T07:38:37.489+0700] {processor.py:208} INFO - Processing /home/user/airflow/dags/daily_report.py took 0.072 seconds
[2024-08-21T07:39:30.153+0700] {processor.py:186} INFO - Started process (PID=12640) to work on /home/user/airflow/dags/daily_report.py
[2024-08-21T07:39:30.154+0700] {processor.py:914} INFO - Processing file /home/user/airflow/dags/daily_report.py for tasks to queue
[2024-08-21T07:39:30.156+0700] {logging_mixin.py:190} INFO - [2024-08-21T07:39:30.156+0700] {dagbag.py:587} INFO - Filling up the DagBag from /home/user/airflow/dags/daily_report.py
[2024-08-21T07:39:30.167+0700] {processor.py:925} INFO - DAG(s) 'simple_dag' retrieved from /home/user/airflow/dags/daily_report.py
[2024-08-21T07:39:30.189+0700] {logging_mixin.py:190} INFO - [2024-08-21T07:39:30.189+0700] {dag.py:3211} INFO - Sync 1 DAGs
[2024-08-21T07:39:30.221+0700] {logging_mixin.py:190} INFO - [2024-08-21T07:39:30.220+0700] {dag.py:4138} INFO - Setting next_dagrun for simple_dag to 2024-08-21 00:00:00+00:00, run_after=2024-08-22 00:00:00+00:00
[2024-08-21T07:39:30.275+0700] {processor.py:208} INFO - Processing /home/user/airflow/dags/daily_report.py took 0.129 seconds
[2024-08-21T07:40:21.843+0700] {processor.py:186} INFO - Started process (PID=13197) to work on /home/user/airflow/dags/daily_report.py
[2024-08-21T07:40:21.845+0700] {processor.py:914} INFO - Processing file /home/user/airflow/dags/daily_report.py for tasks to queue
[2024-08-21T07:40:21.847+0700] {logging_mixin.py:190} INFO - [2024-08-21T07:40:21.846+0700] {dagbag.py:587} INFO - Filling up the DagBag from /home/user/airflow/dags/daily_report.py
[2024-08-21T07:40:21.853+0700] {processor.py:925} INFO - DAG(s) 'simple_dag' retrieved from /home/user/airflow/dags/daily_report.py
[2024-08-21T07:40:21.865+0700] {logging_mixin.py:190} INFO - [2024-08-21T07:40:21.865+0700] {dag.py:3211} INFO - Sync 1 DAGs
[2024-08-21T07:40:21.878+0700] {logging_mixin.py:190} INFO - [2024-08-21T07:40:21.878+0700] {dag.py:4138} INFO - Setting next_dagrun for simple_dag to 2024-08-21 00:00:00+00:00, run_after=2024-08-22 00:00:00+00:00
[2024-08-21T07:40:21.894+0700] {processor.py:208} INFO - Processing /home/user/airflow/dags/daily_report.py took 0.055 seconds
[2024-08-21T07:41:10.109+0700] {processor.py:186} INFO - Started process (PID=13719) to work on /home/user/airflow/dags/daily_report.py
[2024-08-21T07:41:10.115+0700] {processor.py:914} INFO - Processing file /home/user/airflow/dags/daily_report.py for tasks to queue
[2024-08-21T07:41:10.116+0700] {logging_mixin.py:190} INFO - [2024-08-21T07:41:10.116+0700] {dagbag.py:587} INFO - Filling up the DagBag from /home/user/airflow/dags/daily_report.py
[2024-08-21T07:41:10.122+0700] {processor.py:925} INFO - DAG(s) 'simple_dag' retrieved from /home/user/airflow/dags/daily_report.py
[2024-08-21T07:41:10.134+0700] {logging_mixin.py:190} INFO - [2024-08-21T07:41:10.134+0700] {dag.py:3211} INFO - Sync 1 DAGs
[2024-08-21T07:41:10.151+0700] {logging_mixin.py:190} INFO - [2024-08-21T07:41:10.151+0700] {dag.py:4138} INFO - Setting next_dagrun for simple_dag to 2024-08-21 00:00:00+00:00, run_after=2024-08-22 00:00:00+00:00
[2024-08-21T07:41:10.173+0700] {processor.py:208} INFO - Processing /home/user/airflow/dags/daily_report.py took 0.070 seconds
