[2024-08-21T09:46:25.147+0700] {local_task_job_runner.py:123} INFO - ::group::Pre task execution logs
[2024-08-21T09:46:25.155+0700] {taskinstance.py:2603} INFO - Dependencies all met for dep_context=non-requeueable deps ti=<TaskInstance: simple_dag.sleep scheduled__2024-08-21T00:26:00+00:00 [queued]>
[2024-08-21T09:46:25.159+0700] {taskinstance.py:2603} INFO - Dependencies all met for dep_context=requeueable deps ti=<TaskInstance: simple_dag.sleep scheduled__2024-08-21T00:26:00+00:00 [queued]>
[2024-08-21T09:46:25.159+0700] {taskinstance.py:2856} INFO - Starting attempt 1 of 2
[2024-08-21T09:46:25.172+0700] {taskinstance.py:2879} INFO - Executing <Task(BashOperator): sleep> on 2024-08-21 00:26:00+00:00
[2024-08-21T09:46:25.174+0700] {standard_task_runner.py:72} INFO - Started process 56349 to run task
[2024-08-21T09:46:25.177+0700] {standard_task_runner.py:104} INFO - Running: ['airflow', 'tasks', 'run', 'simple_dag', 'sleep', 'scheduled__2024-08-21T00:26:00+00:00', '--job-id', '52', '--raw', '--subdir', 'DAGS_FOLDER/daily_report.py', '--cfg-path', '/tmp/tmple5q5tha']
[2024-08-21T09:46:25.177+0700] {standard_task_runner.py:105} INFO - Job 52: Subtask sleep
[2024-08-21T09:46:25.203+0700] {task_command.py:467} INFO - Running <TaskInstance: simple_dag.sleep scheduled__2024-08-21T00:26:00+00:00 [running]> on host LAPTOP-G8FSBU09.
[2024-08-21T09:46:25.250+0700] {taskinstance.py:3122} INFO - Exporting env vars: AIRFLOW_CTX_DAG_OWNER='airflow' AIRFLOW_CTX_DAG_ID='simple_dag' AIRFLOW_CTX_TASK_ID='sleep' AIRFLOW_CTX_EXECUTION_DATE='2024-08-21T00:26:00+00:00' AIRFLOW_CTX_TRY_NUMBER='1' AIRFLOW_CTX_DAG_RUN_ID='scheduled__2024-08-21T00:26:00+00:00'
[2024-08-21T09:46:25.252+0700] {logging_mixin.py:190} INFO - Task instance is in running state
[2024-08-21T09:46:25.252+0700] {logging_mixin.py:190} INFO -  Previous state of the Task instance: queued
[2024-08-21T09:46:25.253+0700] {logging_mixin.py:190} INFO - Current task name:sleep state:running start_date:2024-08-21 02:46:25.155585+00:00
[2024-08-21T09:46:25.253+0700] {logging_mixin.py:190} INFO - Dag name:simple_dag and current dag run status:running
[2024-08-21T09:46:25.253+0700] {taskinstance.py:731} INFO - ::endgroup::
[2024-08-21T09:46:25.255+0700] {subprocess.py:63} INFO - Tmp dir root location: /tmp
[2024-08-21T09:46:25.255+0700] {subprocess.py:75} INFO - Running command: ['/usr/bin/bash', '-c', 'sleep 5']
[2024-08-21T09:46:25.260+0700] {subprocess.py:86} INFO - Output:
[2024-08-21T09:46:30.262+0700] {subprocess.py:97} INFO - Command exited with return code 0
[2024-08-21T09:46:30.279+0700] {taskinstance.py:340} INFO - ::group::Post task execution logs
[2024-08-21T09:46:30.279+0700] {taskinstance.py:352} INFO - Marking task as SUCCESS. dag_id=simple_dag, task_id=sleep, run_id=scheduled__2024-08-21T00:26:00+00:00, execution_date=20240821T002600, start_date=20240821T024625, end_date=20240821T024630
[2024-08-21T09:46:30.291+0700] {logging_mixin.py:190} INFO - Task instance in success state
[2024-08-21T09:46:30.292+0700] {logging_mixin.py:190} INFO -  Previous state of the Task instance: running
[2024-08-21T09:46:30.292+0700] {logging_mixin.py:190} INFO - Dag name:simple_dag queued_at:2024-08-21 02:46:12.595427+00:00
[2024-08-21T09:46:30.292+0700] {logging_mixin.py:190} INFO - Task hostname:LAPTOP-G8FSBU09. operator:BashOperator
[2024-08-21T09:46:30.328+0700] {local_task_job_runner.py:261} INFO - Task exited with return code 0
[2024-08-21T09:46:30.339+0700] {taskinstance.py:3891} INFO - 1 downstream tasks scheduled from follow-on schedule check
[2024-08-21T09:46:30.344+0700] {local_task_job_runner.py:240} INFO - ::endgroup::
