[2024-08-26T08:20:51.227+0700] {local_task_job_runner.py:123} INFO - ::group::Pre task execution logs
[2024-08-26T08:20:51.235+0700] {taskinstance.py:2603} INFO - Dependencies all met for dep_context=non-requeueable deps ti=<TaskInstance: combine_columns_dag.print_combined_data manual__2024-08-26T01:20:41.645980+00:00 [queued]>
[2024-08-26T08:20:51.238+0700] {taskinstance.py:2603} INFO - Dependencies all met for dep_context=requeueable deps ti=<TaskInstance: combine_columns_dag.print_combined_data manual__2024-08-26T01:20:41.645980+00:00 [queued]>
[2024-08-26T08:20:51.239+0700] {taskinstance.py:2856} INFO - Starting attempt 1 of 1
[2024-08-26T08:20:51.254+0700] {taskinstance.py:2879} INFO - Executing <Task(PythonOperator): print_combined_data> on 2024-08-26 01:20:41.645980+00:00
[2024-08-26T08:20:51.258+0700] {standard_task_runner.py:72} INFO - Started process 17172 to run task
[2024-08-26T08:20:51.280+0700] {standard_task_runner.py:104} INFO - Running: ['airflow', 'tasks', 'run', 'combine_columns_dag', 'print_combined_data', 'manual__2024-08-26T01:20:41.645980+00:00', '--job-id', '164', '--raw', '--subdir', 'DAGS_FOLDER/test_pandas.py', '--cfg-path', '/tmp/tmpr3usnb8p']
[2024-08-26T08:20:51.281+0700] {standard_task_runner.py:105} INFO - Job 164: Subtask print_combined_data
[2024-08-26T08:20:51.319+0700] {task_command.py:467} INFO - Running <TaskInstance: combine_columns_dag.print_combined_data manual__2024-08-26T01:20:41.645980+00:00 [running]> on host LAPTOP-G8FSBU09.
[2024-08-26T08:20:51.372+0700] {taskinstance.py:3122} INFO - Exporting env vars: AIRFLOW_CTX_DAG_OWNER='airflow' AIRFLOW_CTX_DAG_ID='combine_columns_dag' AIRFLOW_CTX_TASK_ID='print_combined_data' AIRFLOW_CTX_EXECUTION_DATE='2024-08-26T01:20:41.645980+00:00' AIRFLOW_CTX_TRY_NUMBER='1' AIRFLOW_CTX_DAG_RUN_ID='manual__2024-08-26T01:20:41.645980+00:00'
[2024-08-26T08:20:51.373+0700] {logging_mixin.py:190} INFO - Task instance is in running state
[2024-08-26T08:20:51.373+0700] {logging_mixin.py:190} INFO -  Previous state of the Task instance: queued
[2024-08-26T08:20:51.374+0700] {logging_mixin.py:190} INFO - Current task name:print_combined_data state:running start_date:2024-08-26 01:20:51.235303+00:00
[2024-08-26T08:20:51.374+0700] {logging_mixin.py:190} INFO - Dag name:combine_columns_dag and current dag run status:running
[2024-08-26T08:20:51.374+0700] {taskinstance.py:731} INFO - ::endgroup::
[2024-08-26T08:20:51.378+0700] {logging_mixin.py:190} INFO - Combined Data: [{'id': 1, 'name': 'abc', 'combined': '1abc'}, {'id': 2, 'name': 'bcd', 'combined': '2bcd'}, {'id': 3, 'name': 'cde', 'combined': '3cde'}]
[2024-08-26T08:20:51.378+0700] {python.py:240} INFO - Done. Returned value was: None
[2024-08-26T08:20:51.381+0700] {taskinstance.py:340} INFO - ::group::Post task execution logs
[2024-08-26T08:20:51.381+0700] {taskinstance.py:352} INFO - Marking task as SUCCESS. dag_id=combine_columns_dag, task_id=print_combined_data, run_id=manual__2024-08-26T01:20:41.645980+00:00, execution_date=20240826T012041, start_date=20240826T012051, end_date=20240826T012051
[2024-08-26T08:20:51.391+0700] {logging_mixin.py:190} INFO - Task instance in success state
[2024-08-26T08:20:51.391+0700] {logging_mixin.py:190} INFO -  Previous state of the Task instance: running
[2024-08-26T08:20:51.391+0700] {logging_mixin.py:190} INFO - Dag name:combine_columns_dag queued_at:2024-08-26 01:20:41.793867+00:00
[2024-08-26T08:20:51.391+0700] {logging_mixin.py:190} INFO - Task hostname:LAPTOP-G8FSBU09. operator:PythonOperator
[2024-08-26T08:20:51.400+0700] {local_task_job_runner.py:261} INFO - Task exited with return code 0
[2024-08-26T08:20:51.412+0700] {taskinstance.py:3891} INFO - 0 downstream tasks scheduled from follow-on schedule check
[2024-08-26T08:20:51.412+0700] {local_task_job_runner.py:240} INFO - ::endgroup::
