[2024-08-21T07:21:12.192+0700] {processor.py:186} INFO - Started process (PID=2003) to work on /home/user/airflow/airflow_venv/lib/python3.10/site-packages/airflow/example_dags/example_python_operator.py
[2024-08-21T07:21:12.193+0700] {processor.py:914} INFO - Processing file /home/user/airflow/airflow_venv/lib/python3.10/site-packages/airflow/example_dags/example_python_operator.py for tasks to queue
[2024-08-21T07:21:12.196+0700] {logging_mixin.py:190} INFO - [2024-08-21T07:21:12.195+0700] {dagbag.py:587} INFO - Filling up the DagBag from /home/user/airflow/airflow_venv/lib/python3.10/site-packages/airflow/example_dags/example_python_operator.py
[2024-08-21T07:21:12.228+0700] {logging_mixin.py:190} INFO - [2024-08-21T07:21:12.227+0700] {example_python_operator.py:93} WARNING - The virtalenv_python example task requires virtualenv, please install it.
[2024-08-21T07:21:12.231+0700] {processor.py:925} INFO - DAG(s) 'example_python_operator' retrieved from /home/user/airflow/airflow_venv/lib/python3.10/site-packages/airflow/example_dags/example_python_operator.py
[2024-08-21T07:21:12.307+0700] {logging_mixin.py:190} INFO - [2024-08-21T07:21:12.307+0700] {dag.py:3211} INFO - Sync 1 DAGs
[2024-08-21T07:21:12.316+0700] {logging_mixin.py:190} INFO - [2024-08-21T07:21:12.315+0700] {dag.py:4138} INFO - Setting next_dagrun for example_python_operator to None, run_after=None
[2024-08-21T07:21:12.336+0700] {processor.py:208} INFO - Processing /home/user/airflow/airflow_venv/lib/python3.10/site-packages/airflow/example_dags/example_python_operator.py took 0.149 seconds
[2024-08-21T07:22:10.820+0700] {processor.py:186} INFO - Started process (PID=2463) to work on /home/user/airflow/airflow_venv/lib/python3.10/site-packages/airflow/example_dags/example_python_operator.py
[2024-08-21T07:22:10.822+0700] {processor.py:914} INFO - Processing file /home/user/airflow/airflow_venv/lib/python3.10/site-packages/airflow/example_dags/example_python_operator.py for tasks to queue
[2024-08-21T07:22:10.824+0700] {logging_mixin.py:190} INFO - [2024-08-21T07:22:10.824+0700] {dagbag.py:587} INFO - Filling up the DagBag from /home/user/airflow/airflow_venv/lib/python3.10/site-packages/airflow/example_dags/example_python_operator.py
[2024-08-21T07:22:10.858+0700] {logging_mixin.py:190} INFO - [2024-08-21T07:22:10.858+0700] {example_python_operator.py:93} WARNING - The virtalenv_python example task requires virtualenv, please install it.
[2024-08-21T07:22:10.860+0700] {processor.py:925} INFO - DAG(s) 'example_python_operator' retrieved from /home/user/airflow/airflow_venv/lib/python3.10/site-packages/airflow/example_dags/example_python_operator.py
[2024-08-21T07:22:10.877+0700] {logging_mixin.py:190} INFO - [2024-08-21T07:22:10.876+0700] {dag.py:3211} INFO - Sync 1 DAGs
[2024-08-21T07:22:10.889+0700] {logging_mixin.py:190} INFO - [2024-08-21T07:22:10.888+0700] {dag.py:4138} INFO - Setting next_dagrun for example_python_operator to None, run_after=None
[2024-08-21T07:22:10.913+0700] {processor.py:208} INFO - Processing /home/user/airflow/airflow_venv/lib/python3.10/site-packages/airflow/example_dags/example_python_operator.py took 0.100 seconds
[2024-08-21T07:24:16.213+0700] {processor.py:186} INFO - Started process (PID=3470) to work on /home/user/airflow/airflow_venv/lib/python3.10/site-packages/airflow/example_dags/example_python_operator.py
[2024-08-21T07:24:16.215+0700] {processor.py:914} INFO - Processing file /home/user/airflow/airflow_venv/lib/python3.10/site-packages/airflow/example_dags/example_python_operator.py for tasks to queue
[2024-08-21T07:24:16.217+0700] {logging_mixin.py:190} INFO - [2024-08-21T07:24:16.216+0700] {dagbag.py:587} INFO - Filling up the DagBag from /home/user/airflow/airflow_venv/lib/python3.10/site-packages/airflow/example_dags/example_python_operator.py
[2024-08-21T07:24:16.249+0700] {logging_mixin.py:190} INFO - [2024-08-21T07:24:16.249+0700] {example_python_operator.py:93} WARNING - The virtalenv_python example task requires virtualenv, please install it.
[2024-08-21T07:24:16.251+0700] {processor.py:925} INFO - DAG(s) 'example_python_operator' retrieved from /home/user/airflow/airflow_venv/lib/python3.10/site-packages/airflow/example_dags/example_python_operator.py
[2024-08-21T07:24:16.268+0700] {logging_mixin.py:190} INFO - [2024-08-21T07:24:16.267+0700] {dag.py:3211} INFO - Sync 1 DAGs
[2024-08-21T07:24:16.280+0700] {logging_mixin.py:190} INFO - [2024-08-21T07:24:16.280+0700] {dag.py:4138} INFO - Setting next_dagrun for example_python_operator to None, run_after=None
[2024-08-21T07:24:16.300+0700] {processor.py:208} INFO - Processing /home/user/airflow/airflow_venv/lib/python3.10/site-packages/airflow/example_dags/example_python_operator.py took 0.091 seconds
[2024-08-21T07:25:17.719+0700] {processor.py:186} INFO - Started process (PID=3969) to work on /home/user/airflow/airflow_venv/lib/python3.10/site-packages/airflow/example_dags/example_python_operator.py
[2024-08-21T07:25:17.720+0700] {processor.py:914} INFO - Processing file /home/user/airflow/airflow_venv/lib/python3.10/site-packages/airflow/example_dags/example_python_operator.py for tasks to queue
[2024-08-21T07:25:17.722+0700] {logging_mixin.py:190} INFO - [2024-08-21T07:25:17.722+0700] {dagbag.py:587} INFO - Filling up the DagBag from /home/user/airflow/airflow_venv/lib/python3.10/site-packages/airflow/example_dags/example_python_operator.py
[2024-08-21T07:25:17.748+0700] {logging_mixin.py:190} INFO - [2024-08-21T07:25:17.748+0700] {example_python_operator.py:93} WARNING - The virtalenv_python example task requires virtualenv, please install it.
[2024-08-21T07:25:17.750+0700] {processor.py:925} INFO - DAG(s) 'example_python_operator' retrieved from /home/user/airflow/airflow_venv/lib/python3.10/site-packages/airflow/example_dags/example_python_operator.py
[2024-08-21T07:25:17.764+0700] {logging_mixin.py:190} INFO - [2024-08-21T07:25:17.764+0700] {dag.py:3211} INFO - Sync 1 DAGs
[2024-08-21T07:25:17.773+0700] {logging_mixin.py:190} INFO - [2024-08-21T07:25:17.773+0700] {dag.py:4138} INFO - Setting next_dagrun for example_python_operator to None, run_after=None
[2024-08-21T07:25:17.789+0700] {processor.py:208} INFO - Processing /home/user/airflow/airflow_venv/lib/python3.10/site-packages/airflow/example_dags/example_python_operator.py took 0.074 seconds
[2024-08-21T07:26:36.556+0700] {processor.py:186} INFO - Started process (PID=4601) to work on /home/user/airflow/airflow_venv/lib/python3.10/site-packages/airflow/example_dags/example_python_operator.py
[2024-08-21T07:26:36.562+0700] {processor.py:914} INFO - Processing file /home/user/airflow/airflow_venv/lib/python3.10/site-packages/airflow/example_dags/example_python_operator.py for tasks to queue
[2024-08-21T07:26:36.565+0700] {logging_mixin.py:190} INFO - [2024-08-21T07:26:36.564+0700] {dagbag.py:587} INFO - Filling up the DagBag from /home/user/airflow/airflow_venv/lib/python3.10/site-packages/airflow/example_dags/example_python_operator.py
[2024-08-21T07:26:36.594+0700] {logging_mixin.py:190} INFO - [2024-08-21T07:26:36.593+0700] {example_python_operator.py:93} WARNING - The virtalenv_python example task requires virtualenv, please install it.
[2024-08-21T07:26:36.596+0700] {processor.py:925} INFO - DAG(s) 'example_python_operator' retrieved from /home/user/airflow/airflow_venv/lib/python3.10/site-packages/airflow/example_dags/example_python_operator.py
[2024-08-21T07:26:36.613+0700] {logging_mixin.py:190} INFO - [2024-08-21T07:26:36.613+0700] {dag.py:3211} INFO - Sync 1 DAGs
[2024-08-21T07:26:36.625+0700] {logging_mixin.py:190} INFO - [2024-08-21T07:26:36.625+0700] {dag.py:4138} INFO - Setting next_dagrun for example_python_operator to None, run_after=None
[2024-08-21T07:26:36.648+0700] {processor.py:208} INFO - Processing /home/user/airflow/airflow_venv/lib/python3.10/site-packages/airflow/example_dags/example_python_operator.py took 0.097 seconds
[2024-08-21T07:27:53.202+0700] {processor.py:186} INFO - Started process (PID=5236) to work on /home/user/airflow/airflow_venv/lib/python3.10/site-packages/airflow/example_dags/example_python_operator.py
[2024-08-21T07:27:53.203+0700] {processor.py:914} INFO - Processing file /home/user/airflow/airflow_venv/lib/python3.10/site-packages/airflow/example_dags/example_python_operator.py for tasks to queue
[2024-08-21T07:27:53.206+0700] {logging_mixin.py:190} INFO - [2024-08-21T07:27:53.206+0700] {dagbag.py:587} INFO - Filling up the DagBag from /home/user/airflow/airflow_venv/lib/python3.10/site-packages/airflow/example_dags/example_python_operator.py
[2024-08-21T07:27:53.239+0700] {logging_mixin.py:190} INFO - [2024-08-21T07:27:53.238+0700] {example_python_operator.py:93} WARNING - The virtalenv_python example task requires virtualenv, please install it.
[2024-08-21T07:27:53.241+0700] {processor.py:925} INFO - DAG(s) 'example_python_operator' retrieved from /home/user/airflow/airflow_venv/lib/python3.10/site-packages/airflow/example_dags/example_python_operator.py
[2024-08-21T07:27:53.258+0700] {logging_mixin.py:190} INFO - [2024-08-21T07:27:53.258+0700] {dag.py:3211} INFO - Sync 1 DAGs
[2024-08-21T07:27:53.271+0700] {logging_mixin.py:190} INFO - [2024-08-21T07:27:53.270+0700] {dag.py:4138} INFO - Setting next_dagrun for example_python_operator to None, run_after=None
[2024-08-21T07:27:53.292+0700] {processor.py:208} INFO - Processing /home/user/airflow/airflow_venv/lib/python3.10/site-packages/airflow/example_dags/example_python_operator.py took 0.099 seconds
[2024-08-21T07:29:10.067+0700] {processor.py:186} INFO - Started process (PID=5922) to work on /home/user/airflow/airflow_venv/lib/python3.10/site-packages/airflow/example_dags/example_python_operator.py
[2024-08-21T07:29:10.069+0700] {processor.py:914} INFO - Processing file /home/user/airflow/airflow_venv/lib/python3.10/site-packages/airflow/example_dags/example_python_operator.py for tasks to queue
[2024-08-21T07:29:10.072+0700] {logging_mixin.py:190} INFO - [2024-08-21T07:29:10.071+0700] {dagbag.py:587} INFO - Filling up the DagBag from /home/user/airflow/airflow_venv/lib/python3.10/site-packages/airflow/example_dags/example_python_operator.py
[2024-08-21T07:29:10.100+0700] {logging_mixin.py:190} INFO - [2024-08-21T07:29:10.100+0700] {example_python_operator.py:93} WARNING - The virtalenv_python example task requires virtualenv, please install it.
[2024-08-21T07:29:10.103+0700] {processor.py:925} INFO - DAG(s) 'example_python_operator' retrieved from /home/user/airflow/airflow_venv/lib/python3.10/site-packages/airflow/example_dags/example_python_operator.py
[2024-08-21T07:29:10.121+0700] {logging_mixin.py:190} INFO - [2024-08-21T07:29:10.120+0700] {dag.py:3211} INFO - Sync 1 DAGs
[2024-08-21T07:29:10.131+0700] {logging_mixin.py:190} INFO - [2024-08-21T07:29:10.131+0700] {dag.py:4138} INFO - Setting next_dagrun for example_python_operator to None, run_after=None
[2024-08-21T07:29:10.151+0700] {processor.py:208} INFO - Processing /home/user/airflow/airflow_venv/lib/python3.10/site-packages/airflow/example_dags/example_python_operator.py took 0.093 seconds
[2024-08-21T07:30:24.037+0700] {processor.py:186} INFO - Started process (PID=6574) to work on /home/user/airflow/airflow_venv/lib/python3.10/site-packages/airflow/example_dags/example_python_operator.py
[2024-08-21T07:30:24.039+0700] {processor.py:914} INFO - Processing file /home/user/airflow/airflow_venv/lib/python3.10/site-packages/airflow/example_dags/example_python_operator.py for tasks to queue
[2024-08-21T07:30:24.041+0700] {logging_mixin.py:190} INFO - [2024-08-21T07:30:24.041+0700] {dagbag.py:587} INFO - Filling up the DagBag from /home/user/airflow/airflow_venv/lib/python3.10/site-packages/airflow/example_dags/example_python_operator.py
[2024-08-21T07:30:24.071+0700] {logging_mixin.py:190} INFO - [2024-08-21T07:30:24.071+0700] {example_python_operator.py:93} WARNING - The virtalenv_python example task requires virtualenv, please install it.
[2024-08-21T07:30:24.074+0700] {processor.py:925} INFO - DAG(s) 'example_python_operator' retrieved from /home/user/airflow/airflow_venv/lib/python3.10/site-packages/airflow/example_dags/example_python_operator.py
[2024-08-21T07:30:24.090+0700] {logging_mixin.py:190} INFO - [2024-08-21T07:30:24.090+0700] {dag.py:3211} INFO - Sync 1 DAGs
[2024-08-21T07:30:24.100+0700] {logging_mixin.py:190} INFO - [2024-08-21T07:30:24.100+0700] {dag.py:4138} INFO - Setting next_dagrun for example_python_operator to None, run_after=None
[2024-08-21T07:30:24.131+0700] {processor.py:208} INFO - Processing /home/user/airflow/airflow_venv/lib/python3.10/site-packages/airflow/example_dags/example_python_operator.py took 0.099 seconds
[2024-08-21T07:31:36.412+0700] {processor.py:186} INFO - Started process (PID=7303) to work on /home/user/airflow/airflow_venv/lib/python3.10/site-packages/airflow/example_dags/example_python_operator.py
[2024-08-21T07:31:36.414+0700] {processor.py:914} INFO - Processing file /home/user/airflow/airflow_venv/lib/python3.10/site-packages/airflow/example_dags/example_python_operator.py for tasks to queue
[2024-08-21T07:31:36.416+0700] {logging_mixin.py:190} INFO - [2024-08-21T07:31:36.416+0700] {dagbag.py:587} INFO - Filling up the DagBag from /home/user/airflow/airflow_venv/lib/python3.10/site-packages/airflow/example_dags/example_python_operator.py
[2024-08-21T07:31:36.444+0700] {logging_mixin.py:190} INFO - [2024-08-21T07:31:36.443+0700] {example_python_operator.py:93} WARNING - The virtalenv_python example task requires virtualenv, please install it.
[2024-08-21T07:31:36.446+0700] {processor.py:925} INFO - DAG(s) 'example_python_operator' retrieved from /home/user/airflow/airflow_venv/lib/python3.10/site-packages/airflow/example_dags/example_python_operator.py
[2024-08-21T07:31:36.464+0700] {logging_mixin.py:190} INFO - [2024-08-21T07:31:36.464+0700] {dag.py:3211} INFO - Sync 1 DAGs
[2024-08-21T07:31:36.475+0700] {logging_mixin.py:190} INFO - [2024-08-21T07:31:36.475+0700] {dag.py:4138} INFO - Setting next_dagrun for example_python_operator to None, run_after=None
[2024-08-21T07:31:36.495+0700] {processor.py:208} INFO - Processing /home/user/airflow/airflow_venv/lib/python3.10/site-packages/airflow/example_dags/example_python_operator.py took 0.088 seconds
[2024-08-21T07:32:51.674+0700] {processor.py:186} INFO - Started process (PID=8011) to work on /home/user/airflow/airflow_venv/lib/python3.10/site-packages/airflow/example_dags/example_python_operator.py
[2024-08-21T07:32:51.676+0700] {processor.py:914} INFO - Processing file /home/user/airflow/airflow_venv/lib/python3.10/site-packages/airflow/example_dags/example_python_operator.py for tasks to queue
[2024-08-21T07:32:51.678+0700] {logging_mixin.py:190} INFO - [2024-08-21T07:32:51.678+0700] {dagbag.py:587} INFO - Filling up the DagBag from /home/user/airflow/airflow_venv/lib/python3.10/site-packages/airflow/example_dags/example_python_operator.py
[2024-08-21T07:32:51.706+0700] {logging_mixin.py:190} INFO - [2024-08-21T07:32:51.706+0700] {example_python_operator.py:93} WARNING - The virtalenv_python example task requires virtualenv, please install it.
[2024-08-21T07:32:51.708+0700] {processor.py:925} INFO - DAG(s) 'example_python_operator' retrieved from /home/user/airflow/airflow_venv/lib/python3.10/site-packages/airflow/example_dags/example_python_operator.py
[2024-08-21T07:32:51.721+0700] {logging_mixin.py:190} INFO - [2024-08-21T07:32:51.721+0700] {dag.py:3211} INFO - Sync 1 DAGs
[2024-08-21T07:32:51.730+0700] {logging_mixin.py:190} INFO - [2024-08-21T07:32:51.730+0700] {dag.py:4138} INFO - Setting next_dagrun for example_python_operator to None, run_after=None
[2024-08-21T07:32:51.750+0700] {processor.py:208} INFO - Processing /home/user/airflow/airflow_venv/lib/python3.10/site-packages/airflow/example_dags/example_python_operator.py took 0.080 seconds
