[2024-08-21T07:20:54.651+0700] {processor.py:186} INFO - Started process (PID=1864) to work on /home/user/airflow/airflow_venv/lib/python3.10/site-packages/airflow/example_dags/example_branch_operator.py
[2024-08-21T07:20:54.652+0700] {processor.py:914} INFO - Processing file /home/user/airflow/airflow_venv/lib/python3.10/site-packages/airflow/example_dags/example_branch_operator.py for tasks to queue
[2024-08-21T07:20:54.654+0700] {logging_mixin.py:190} INFO - [2024-08-21T07:20:54.653+0700] {dagbag.py:587} INFO - Filling up the DagBag from /home/user/airflow/airflow_venv/lib/python3.10/site-packages/airflow/example_dags/example_branch_operator.py
[2024-08-21T07:20:54.683+0700] {processor.py:927} WARNING - No viable dags retrieved from /home/user/airflow/airflow_venv/lib/python3.10/site-packages/airflow/example_dags/example_branch_operator.py
[2024-08-21T07:20:54.692+0700] {processor.py:208} INFO - Processing /home/user/airflow/airflow_venv/lib/python3.10/site-packages/airflow/example_dags/example_branch_operator.py took 0.046 seconds
[2024-08-21T07:21:52.736+0700] {processor.py:186} INFO - Started process (PID=2325) to work on /home/user/airflow/airflow_venv/lib/python3.10/site-packages/airflow/example_dags/example_branch_operator.py
[2024-08-21T07:21:52.737+0700] {processor.py:914} INFO - Processing file /home/user/airflow/airflow_venv/lib/python3.10/site-packages/airflow/example_dags/example_branch_operator.py for tasks to queue
[2024-08-21T07:21:52.739+0700] {logging_mixin.py:190} INFO - [2024-08-21T07:21:52.739+0700] {dagbag.py:587} INFO - Filling up the DagBag from /home/user/airflow/airflow_venv/lib/python3.10/site-packages/airflow/example_dags/example_branch_operator.py
[2024-08-21T07:21:52.770+0700] {processor.py:927} WARNING - No viable dags retrieved from /home/user/airflow/airflow_venv/lib/python3.10/site-packages/airflow/example_dags/example_branch_operator.py
[2024-08-21T07:21:52.780+0700] {processor.py:208} INFO - Processing /home/user/airflow/airflow_venv/lib/python3.10/site-packages/airflow/example_dags/example_branch_operator.py took 0.050 seconds
[2024-08-21T07:23:02.471+0700] {processor.py:186} INFO - Started process (PID=2877) to work on /home/user/airflow/airflow_venv/lib/python3.10/site-packages/airflow/example_dags/example_branch_operator.py
[2024-08-21T07:23:02.472+0700] {processor.py:914} INFO - Processing file /home/user/airflow/airflow_venv/lib/python3.10/site-packages/airflow/example_dags/example_branch_operator.py for tasks to queue
[2024-08-21T07:23:02.474+0700] {logging_mixin.py:190} INFO - [2024-08-21T07:23:02.473+0700] {dagbag.py:587} INFO - Filling up the DagBag from /home/user/airflow/airflow_venv/lib/python3.10/site-packages/airflow/example_dags/example_branch_operator.py
[2024-08-21T07:23:02.498+0700] {processor.py:927} WARNING - No viable dags retrieved from /home/user/airflow/airflow_venv/lib/python3.10/site-packages/airflow/example_dags/example_branch_operator.py
[2024-08-21T07:23:02.510+0700] {processor.py:208} INFO - Processing /home/user/airflow/airflow_venv/lib/python3.10/site-packages/airflow/example_dags/example_branch_operator.py took 0.044 seconds
[2024-08-21T07:23:50.099+0700] {processor.py:186} INFO - Started process (PID=3263) to work on /home/user/airflow/airflow_venv/lib/python3.10/site-packages/airflow/example_dags/example_branch_operator.py
[2024-08-21T07:23:50.105+0700] {processor.py:914} INFO - Processing file /home/user/airflow/airflow_venv/lib/python3.10/site-packages/airflow/example_dags/example_branch_operator.py for tasks to queue
[2024-08-21T07:23:50.107+0700] {logging_mixin.py:190} INFO - [2024-08-21T07:23:50.107+0700] {dagbag.py:587} INFO - Filling up the DagBag from /home/user/airflow/airflow_venv/lib/python3.10/site-packages/airflow/example_dags/example_branch_operator.py
[2024-08-21T07:23:50.131+0700] {processor.py:927} WARNING - No viable dags retrieved from /home/user/airflow/airflow_venv/lib/python3.10/site-packages/airflow/example_dags/example_branch_operator.py
[2024-08-21T07:23:50.141+0700] {processor.py:208} INFO - Processing /home/user/airflow/airflow_venv/lib/python3.10/site-packages/airflow/example_dags/example_branch_operator.py took 0.047 seconds
[2024-08-21T07:25:01.113+0700] {processor.py:186} INFO - Started process (PID=3836) to work on /home/user/airflow/airflow_venv/lib/python3.10/site-packages/airflow/example_dags/example_branch_operator.py
[2024-08-21T07:25:01.115+0700] {processor.py:914} INFO - Processing file /home/user/airflow/airflow_venv/lib/python3.10/site-packages/airflow/example_dags/example_branch_operator.py for tasks to queue
[2024-08-21T07:25:01.117+0700] {logging_mixin.py:190} INFO - [2024-08-21T07:25:01.116+0700] {dagbag.py:587} INFO - Filling up the DagBag from /home/user/airflow/airflow_venv/lib/python3.10/site-packages/airflow/example_dags/example_branch_operator.py
[2024-08-21T07:25:01.138+0700] {processor.py:927} WARNING - No viable dags retrieved from /home/user/airflow/airflow_venv/lib/python3.10/site-packages/airflow/example_dags/example_branch_operator.py
[2024-08-21T07:25:01.149+0700] {processor.py:208} INFO - Processing /home/user/airflow/airflow_venv/lib/python3.10/site-packages/airflow/example_dags/example_branch_operator.py took 0.043 seconds
[2024-08-21T07:25:56.494+0700] {processor.py:186} INFO - Started process (PID=4283) to work on /home/user/airflow/airflow_venv/lib/python3.10/site-packages/airflow/example_dags/example_branch_operator.py
[2024-08-21T07:25:56.496+0700] {processor.py:914} INFO - Processing file /home/user/airflow/airflow_venv/lib/python3.10/site-packages/airflow/example_dags/example_branch_operator.py for tasks to queue
[2024-08-21T07:25:56.498+0700] {logging_mixin.py:190} INFO - [2024-08-21T07:25:56.498+0700] {dagbag.py:587} INFO - Filling up the DagBag from /home/user/airflow/airflow_venv/lib/python3.10/site-packages/airflow/example_dags/example_branch_operator.py
[2024-08-21T07:25:56.523+0700] {processor.py:927} WARNING - No viable dags retrieved from /home/user/airflow/airflow_venv/lib/python3.10/site-packages/airflow/example_dags/example_branch_operator.py
[2024-08-21T07:25:56.537+0700] {processor.py:208} INFO - Processing /home/user/airflow/airflow_venv/lib/python3.10/site-packages/airflow/example_dags/example_branch_operator.py took 0.051 seconds
[2024-08-21T07:26:52.663+0700] {processor.py:186} INFO - Started process (PID=4727) to work on /home/user/airflow/airflow_venv/lib/python3.10/site-packages/airflow/example_dags/example_branch_operator.py
[2024-08-21T07:26:52.669+0700] {processor.py:914} INFO - Processing file /home/user/airflow/airflow_venv/lib/python3.10/site-packages/airflow/example_dags/example_branch_operator.py for tasks to queue
[2024-08-21T07:26:52.671+0700] {logging_mixin.py:190} INFO - [2024-08-21T07:26:52.671+0700] {dagbag.py:587} INFO - Filling up the DagBag from /home/user/airflow/airflow_venv/lib/python3.10/site-packages/airflow/example_dags/example_branch_operator.py
[2024-08-21T07:26:52.691+0700] {processor.py:927} WARNING - No viable dags retrieved from /home/user/airflow/airflow_venv/lib/python3.10/site-packages/airflow/example_dags/example_branch_operator.py
[2024-08-21T07:26:52.700+0700] {processor.py:208} INFO - Processing /home/user/airflow/airflow_venv/lib/python3.10/site-packages/airflow/example_dags/example_branch_operator.py took 0.043 seconds
[2024-08-21T07:27:44.129+0700] {processor.py:186} INFO - Started process (PID=5133) to work on /home/user/airflow/airflow_venv/lib/python3.10/site-packages/airflow/example_dags/example_branch_operator.py
[2024-08-21T07:27:44.130+0700] {processor.py:914} INFO - Processing file /home/user/airflow/airflow_venv/lib/python3.10/site-packages/airflow/example_dags/example_branch_operator.py for tasks to queue
[2024-08-21T07:27:44.132+0700] {logging_mixin.py:190} INFO - [2024-08-21T07:27:44.132+0700] {dagbag.py:587} INFO - Filling up the DagBag from /home/user/airflow/airflow_venv/lib/python3.10/site-packages/airflow/example_dags/example_branch_operator.py
[2024-08-21T07:27:44.158+0700] {processor.py:927} WARNING - No viable dags retrieved from /home/user/airflow/airflow_venv/lib/python3.10/site-packages/airflow/example_dags/example_branch_operator.py
[2024-08-21T07:27:44.171+0700] {processor.py:208} INFO - Processing /home/user/airflow/airflow_venv/lib/python3.10/site-packages/airflow/example_dags/example_branch_operator.py took 0.048 seconds
[2024-08-21T07:28:35.700+0700] {processor.py:186} INFO - Started process (PID=5574) to work on /home/user/airflow/airflow_venv/lib/python3.10/site-packages/airflow/example_dags/example_branch_operator.py
[2024-08-21T07:28:35.701+0700] {processor.py:914} INFO - Processing file /home/user/airflow/airflow_venv/lib/python3.10/site-packages/airflow/example_dags/example_branch_operator.py for tasks to queue
[2024-08-21T07:28:35.703+0700] {logging_mixin.py:190} INFO - [2024-08-21T07:28:35.703+0700] {dagbag.py:587} INFO - Filling up the DagBag from /home/user/airflow/airflow_venv/lib/python3.10/site-packages/airflow/example_dags/example_branch_operator.py
[2024-08-21T07:28:35.727+0700] {processor.py:927} WARNING - No viable dags retrieved from /home/user/airflow/airflow_venv/lib/python3.10/site-packages/airflow/example_dags/example_branch_operator.py
[2024-08-21T07:28:35.735+0700] {processor.py:208} INFO - Processing /home/user/airflow/airflow_venv/lib/python3.10/site-packages/airflow/example_dags/example_branch_operator.py took 0.040 seconds
[2024-08-21T07:29:27.470+0700] {processor.py:186} INFO - Started process (PID=6055) to work on /home/user/airflow/airflow_venv/lib/python3.10/site-packages/airflow/example_dags/example_branch_operator.py
[2024-08-21T07:29:27.471+0700] {processor.py:914} INFO - Processing file /home/user/airflow/airflow_venv/lib/python3.10/site-packages/airflow/example_dags/example_branch_operator.py for tasks to queue
[2024-08-21T07:29:27.473+0700] {logging_mixin.py:190} INFO - [2024-08-21T07:29:27.473+0700] {dagbag.py:587} INFO - Filling up the DagBag from /home/user/airflow/airflow_venv/lib/python3.10/site-packages/airflow/example_dags/example_branch_operator.py
[2024-08-21T07:29:27.497+0700] {processor.py:927} WARNING - No viable dags retrieved from /home/user/airflow/airflow_venv/lib/python3.10/site-packages/airflow/example_dags/example_branch_operator.py
[2024-08-21T07:29:27.508+0700] {processor.py:208} INFO - Processing /home/user/airflow/airflow_venv/lib/python3.10/site-packages/airflow/example_dags/example_branch_operator.py took 0.044 seconds
[2024-08-21T07:30:17.169+0700] {processor.py:186} INFO - Started process (PID=6515) to work on /home/user/airflow/airflow_venv/lib/python3.10/site-packages/airflow/example_dags/example_branch_operator.py
[2024-08-21T07:30:17.170+0700] {processor.py:914} INFO - Processing file /home/user/airflow/airflow_venv/lib/python3.10/site-packages/airflow/example_dags/example_branch_operator.py for tasks to queue
[2024-08-21T07:30:17.172+0700] {logging_mixin.py:190} INFO - [2024-08-21T07:30:17.172+0700] {dagbag.py:587} INFO - Filling up the DagBag from /home/user/airflow/airflow_venv/lib/python3.10/site-packages/airflow/example_dags/example_branch_operator.py
[2024-08-21T07:30:17.202+0700] {processor.py:927} WARNING - No viable dags retrieved from /home/user/airflow/airflow_venv/lib/python3.10/site-packages/airflow/example_dags/example_branch_operator.py
[2024-08-21T07:30:17.211+0700] {processor.py:208} INFO - Processing /home/user/airflow/airflow_venv/lib/python3.10/site-packages/airflow/example_dags/example_branch_operator.py took 0.050 seconds
[2024-08-21T07:31:07.922+0700] {processor.py:186} INFO - Started process (PID=6997) to work on /home/user/airflow/airflow_venv/lib/python3.10/site-packages/airflow/example_dags/example_branch_operator.py
[2024-08-21T07:31:07.923+0700] {processor.py:914} INFO - Processing file /home/user/airflow/airflow_venv/lib/python3.10/site-packages/airflow/example_dags/example_branch_operator.py for tasks to queue
[2024-08-21T07:31:07.925+0700] {logging_mixin.py:190} INFO - [2024-08-21T07:31:07.925+0700] {dagbag.py:587} INFO - Filling up the DagBag from /home/user/airflow/airflow_venv/lib/python3.10/site-packages/airflow/example_dags/example_branch_operator.py
[2024-08-21T07:31:07.950+0700] {processor.py:927} WARNING - No viable dags retrieved from /home/user/airflow/airflow_venv/lib/python3.10/site-packages/airflow/example_dags/example_branch_operator.py
[2024-08-21T07:31:07.959+0700] {processor.py:208} INFO - Processing /home/user/airflow/airflow_venv/lib/python3.10/site-packages/airflow/example_dags/example_branch_operator.py took 0.042 seconds
[2024-08-21T07:32:20.237+0700] {processor.py:186} INFO - Started process (PID=7698) to work on /home/user/airflow/airflow_venv/lib/python3.10/site-packages/airflow/example_dags/example_branch_operator.py
[2024-08-21T07:32:20.238+0700] {processor.py:914} INFO - Processing file /home/user/airflow/airflow_venv/lib/python3.10/site-packages/airflow/example_dags/example_branch_operator.py for tasks to queue
[2024-08-21T07:32:20.239+0700] {logging_mixin.py:190} INFO - [2024-08-21T07:32:20.239+0700] {dagbag.py:587} INFO - Filling up the DagBag from /home/user/airflow/airflow_venv/lib/python3.10/site-packages/airflow/example_dags/example_branch_operator.py
[2024-08-21T07:32:20.265+0700] {processor.py:927} WARNING - No viable dags retrieved from /home/user/airflow/airflow_venv/lib/python3.10/site-packages/airflow/example_dags/example_branch_operator.py
[2024-08-21T07:32:20.275+0700] {processor.py:208} INFO - Processing /home/user/airflow/airflow_venv/lib/python3.10/site-packages/airflow/example_dags/example_branch_operator.py took 0.044 seconds
[2024-08-21T07:33:10.808+0700] {processor.py:186} INFO - Started process (PID=8236) to work on /home/user/airflow/airflow_venv/lib/python3.10/site-packages/airflow/example_dags/example_branch_operator.py
[2024-08-21T07:33:10.814+0700] {processor.py:914} INFO - Processing file /home/user/airflow/airflow_venv/lib/python3.10/site-packages/airflow/example_dags/example_branch_operator.py for tasks to queue
[2024-08-21T07:33:10.816+0700] {logging_mixin.py:190} INFO - [2024-08-21T07:33:10.816+0700] {dagbag.py:587} INFO - Filling up the DagBag from /home/user/airflow/airflow_venv/lib/python3.10/site-packages/airflow/example_dags/example_branch_operator.py
[2024-08-21T07:33:10.840+0700] {processor.py:927} WARNING - No viable dags retrieved from /home/user/airflow/airflow_venv/lib/python3.10/site-packages/airflow/example_dags/example_branch_operator.py
[2024-08-21T07:33:10.850+0700] {processor.py:208} INFO - Processing /home/user/airflow/airflow_venv/lib/python3.10/site-packages/airflow/example_dags/example_branch_operator.py took 0.048 seconds
[2024-08-21T07:34:04.665+0700] {processor.py:186} INFO - Started process (PID=8716) to work on /home/user/airflow/airflow_venv/lib/python3.10/site-packages/airflow/example_dags/example_branch_operator.py
[2024-08-21T07:34:04.672+0700] {processor.py:914} INFO - Processing file /home/user/airflow/airflow_venv/lib/python3.10/site-packages/airflow/example_dags/example_branch_operator.py for tasks to queue
[2024-08-21T07:34:04.674+0700] {logging_mixin.py:190} INFO - [2024-08-21T07:34:04.674+0700] {dagbag.py:587} INFO - Filling up the DagBag from /home/user/airflow/airflow_venv/lib/python3.10/site-packages/airflow/example_dags/example_branch_operator.py
[2024-08-21T07:34:04.698+0700] {processor.py:927} WARNING - No viable dags retrieved from /home/user/airflow/airflow_venv/lib/python3.10/site-packages/airflow/example_dags/example_branch_operator.py
[2024-08-21T07:34:04.709+0700] {processor.py:208} INFO - Processing /home/user/airflow/airflow_venv/lib/python3.10/site-packages/airflow/example_dags/example_branch_operator.py took 0.048 seconds
[2024-08-21T07:34:59.241+0700] {processor.py:186} INFO - Started process (PID=9844) to work on /home/user/airflow/airflow_venv/lib/python3.10/site-packages/airflow/example_dags/example_branch_operator.py
[2024-08-21T07:34:59.247+0700] {processor.py:914} INFO - Processing file /home/user/airflow/airflow_venv/lib/python3.10/site-packages/airflow/example_dags/example_branch_operator.py for tasks to queue
[2024-08-21T07:34:59.249+0700] {logging_mixin.py:190} INFO - [2024-08-21T07:34:59.249+0700] {dagbag.py:587} INFO - Filling up the DagBag from /home/user/airflow/airflow_venv/lib/python3.10/site-packages/airflow/example_dags/example_branch_operator.py
[2024-08-21T07:34:59.273+0700] {processor.py:927} WARNING - No viable dags retrieved from /home/user/airflow/airflow_venv/lib/python3.10/site-packages/airflow/example_dags/example_branch_operator.py
[2024-08-21T07:34:59.284+0700] {processor.py:208} INFO - Processing /home/user/airflow/airflow_venv/lib/python3.10/site-packages/airflow/example_dags/example_branch_operator.py took 0.048 seconds
[2024-08-21T07:35:49.723+0700] {processor.py:186} INFO - Started process (PID=10369) to work on /home/user/airflow/airflow_venv/lib/python3.10/site-packages/airflow/example_dags/example_branch_operator.py
[2024-08-21T07:35:49.724+0700] {processor.py:914} INFO - Processing file /home/user/airflow/airflow_venv/lib/python3.10/site-packages/airflow/example_dags/example_branch_operator.py for tasks to queue
[2024-08-21T07:35:49.726+0700] {logging_mixin.py:190} INFO - [2024-08-21T07:35:49.726+0700] {dagbag.py:587} INFO - Filling up the DagBag from /home/user/airflow/airflow_venv/lib/python3.10/site-packages/airflow/example_dags/example_branch_operator.py
[2024-08-21T07:35:49.754+0700] {processor.py:927} WARNING - No viable dags retrieved from /home/user/airflow/airflow_venv/lib/python3.10/site-packages/airflow/example_dags/example_branch_operator.py
[2024-08-21T07:35:49.763+0700] {processor.py:208} INFO - Processing /home/user/airflow/airflow_venv/lib/python3.10/site-packages/airflow/example_dags/example_branch_operator.py took 0.046 seconds
[2024-08-21T07:36:43.388+0700] {processor.py:186} INFO - Started process (PID=10809) to work on /home/user/airflow/airflow_venv/lib/python3.10/site-packages/airflow/example_dags/example_branch_operator.py
[2024-08-21T07:36:43.389+0700] {processor.py:914} INFO - Processing file /home/user/airflow/airflow_venv/lib/python3.10/site-packages/airflow/example_dags/example_branch_operator.py for tasks to queue
[2024-08-21T07:36:43.391+0700] {logging_mixin.py:190} INFO - [2024-08-21T07:36:43.391+0700] {dagbag.py:587} INFO - Filling up the DagBag from /home/user/airflow/airflow_venv/lib/python3.10/site-packages/airflow/example_dags/example_branch_operator.py
[2024-08-21T07:36:43.414+0700] {processor.py:927} WARNING - No viable dags retrieved from /home/user/airflow/airflow_venv/lib/python3.10/site-packages/airflow/example_dags/example_branch_operator.py
[2024-08-21T07:36:43.423+0700] {processor.py:208} INFO - Processing /home/user/airflow/airflow_venv/lib/python3.10/site-packages/airflow/example_dags/example_branch_operator.py took 0.040 seconds
[2024-08-21T07:37:36.465+0700] {processor.py:186} INFO - Started process (PID=11324) to work on /home/user/airflow/airflow_venv/lib/python3.10/site-packages/airflow/example_dags/example_branch_operator.py
[2024-08-21T07:37:36.466+0700] {processor.py:914} INFO - Processing file /home/user/airflow/airflow_venv/lib/python3.10/site-packages/airflow/example_dags/example_branch_operator.py for tasks to queue
[2024-08-21T07:37:36.468+0700] {logging_mixin.py:190} INFO - [2024-08-21T07:37:36.468+0700] {dagbag.py:587} INFO - Filling up the DagBag from /home/user/airflow/airflow_venv/lib/python3.10/site-packages/airflow/example_dags/example_branch_operator.py
[2024-08-21T07:37:36.491+0700] {processor.py:927} WARNING - No viable dags retrieved from /home/user/airflow/airflow_venv/lib/python3.10/site-packages/airflow/example_dags/example_branch_operator.py
[2024-08-21T07:37:36.499+0700] {processor.py:208} INFO - Processing /home/user/airflow/airflow_venv/lib/python3.10/site-packages/airflow/example_dags/example_branch_operator.py took 0.040 seconds
[2024-08-21T07:38:29.422+0700] {processor.py:186} INFO - Started process (PID=12000) to work on /home/user/airflow/airflow_venv/lib/python3.10/site-packages/airflow/example_dags/example_branch_operator.py
[2024-08-21T07:38:29.423+0700] {processor.py:914} INFO - Processing file /home/user/airflow/airflow_venv/lib/python3.10/site-packages/airflow/example_dags/example_branch_operator.py for tasks to queue
[2024-08-21T07:38:29.425+0700] {logging_mixin.py:190} INFO - [2024-08-21T07:38:29.425+0700] {dagbag.py:587} INFO - Filling up the DagBag from /home/user/airflow/airflow_venv/lib/python3.10/site-packages/airflow/example_dags/example_branch_operator.py
[2024-08-21T07:38:29.447+0700] {processor.py:927} WARNING - No viable dags retrieved from /home/user/airflow/airflow_venv/lib/python3.10/site-packages/airflow/example_dags/example_branch_operator.py
[2024-08-21T07:38:29.457+0700] {processor.py:208} INFO - Processing /home/user/airflow/airflow_venv/lib/python3.10/site-packages/airflow/example_dags/example_branch_operator.py took 0.040 seconds
