[2024-08-21T07:20:29.637+0700] {processor.py:186} INFO - Started process (PID=1670) to work on /home/user/airflow/airflow_venv/lib/python3.10/site-packages/airflow/example_dags/example_xcomargs.py
[2024-08-21T07:20:29.638+0700] {processor.py:914} INFO - Processing file /home/user/airflow/airflow_venv/lib/python3.10/site-packages/airflow/example_dags/example_xcomargs.py for tasks to queue
[2024-08-21T07:20:29.640+0700] {logging_mixin.py:190} INFO - [2024-08-21T07:20:29.640+0700] {dagbag.py:587} INFO - Filling up the DagBag from /home/user/airflow/airflow_venv/lib/python3.10/site-packages/airflow/example_dags/example_xcomargs.py
[2024-08-21T07:20:29.651+0700] {processor.py:925} INFO - DAG(s) 'example_xcom_args', 'example_xcom_args_with_operators' retrieved from /home/user/airflow/airflow_venv/lib/python3.10/site-packages/airflow/example_dags/example_xcomargs.py
[2024-08-21T07:20:29.749+0700] {logging_mixin.py:190} INFO - [2024-08-21T07:20:29.749+0700] {dag.py:3211} INFO - Sync 2 DAGs
[2024-08-21T07:20:29.761+0700] {logging_mixin.py:190} INFO - [2024-08-21T07:20:29.760+0700] {dag.py:4138} INFO - Setting next_dagrun for example_xcom_args to None, run_after=None
[2024-08-21T07:20:29.763+0700] {logging_mixin.py:190} INFO - [2024-08-21T07:20:29.763+0700] {dag.py:4138} INFO - Setting next_dagrun for example_xcom_args_with_operators to None, run_after=None
[2024-08-21T07:20:29.788+0700] {processor.py:208} INFO - Processing /home/user/airflow/airflow_venv/lib/python3.10/site-packages/airflow/example_dags/example_xcomargs.py took 0.155 seconds
[2024-08-21T07:21:28.567+0700] {processor.py:186} INFO - Started process (PID=2132) to work on /home/user/airflow/airflow_venv/lib/python3.10/site-packages/airflow/example_dags/example_xcomargs.py
[2024-08-21T07:21:28.569+0700] {processor.py:914} INFO - Processing file /home/user/airflow/airflow_venv/lib/python3.10/site-packages/airflow/example_dags/example_xcomargs.py for tasks to queue
[2024-08-21T07:21:28.571+0700] {logging_mixin.py:190} INFO - [2024-08-21T07:21:28.570+0700] {dagbag.py:587} INFO - Filling up the DagBag from /home/user/airflow/airflow_venv/lib/python3.10/site-packages/airflow/example_dags/example_xcomargs.py
[2024-08-21T07:21:28.580+0700] {processor.py:925} INFO - DAG(s) 'example_xcom_args', 'example_xcom_args_with_operators' retrieved from /home/user/airflow/airflow_venv/lib/python3.10/site-packages/airflow/example_dags/example_xcomargs.py
[2024-08-21T07:21:28.601+0700] {logging_mixin.py:190} INFO - [2024-08-21T07:21:28.601+0700] {dag.py:3211} INFO - Sync 2 DAGs
[2024-08-21T07:21:28.615+0700] {logging_mixin.py:190} INFO - [2024-08-21T07:21:28.614+0700] {dag.py:4138} INFO - Setting next_dagrun for example_xcom_args to None, run_after=None
[2024-08-21T07:21:28.618+0700] {logging_mixin.py:190} INFO - [2024-08-21T07:21:28.617+0700] {dag.py:4138} INFO - Setting next_dagrun for example_xcom_args_with_operators to None, run_after=None
[2024-08-21T07:21:28.635+0700] {processor.py:208} INFO - Processing /home/user/airflow/airflow_venv/lib/python3.10/site-packages/airflow/example_dags/example_xcomargs.py took 0.073 seconds
[2024-08-21T07:22:37.992+0700] {processor.py:186} INFO - Started process (PID=2686) to work on /home/user/airflow/airflow_venv/lib/python3.10/site-packages/airflow/example_dags/example_xcomargs.py
[2024-08-21T07:22:37.993+0700] {processor.py:914} INFO - Processing file /home/user/airflow/airflow_venv/lib/python3.10/site-packages/airflow/example_dags/example_xcomargs.py for tasks to queue
[2024-08-21T07:22:37.995+0700] {logging_mixin.py:190} INFO - [2024-08-21T07:22:37.995+0700] {dagbag.py:587} INFO - Filling up the DagBag from /home/user/airflow/airflow_venv/lib/python3.10/site-packages/airflow/example_dags/example_xcomargs.py
[2024-08-21T07:22:38.004+0700] {processor.py:925} INFO - DAG(s) 'example_xcom_args', 'example_xcom_args_with_operators' retrieved from /home/user/airflow/airflow_venv/lib/python3.10/site-packages/airflow/example_dags/example_xcomargs.py
[2024-08-21T07:22:38.021+0700] {logging_mixin.py:190} INFO - [2024-08-21T07:22:38.020+0700] {dag.py:3211} INFO - Sync 2 DAGs
[2024-08-21T07:22:38.030+0700] {logging_mixin.py:190} INFO - [2024-08-21T07:22:38.029+0700] {dag.py:4138} INFO - Setting next_dagrun for example_xcom_args to None, run_after=None
[2024-08-21T07:22:38.032+0700] {logging_mixin.py:190} INFO - [2024-08-21T07:22:38.032+0700] {dag.py:4138} INFO - Setting next_dagrun for example_xcom_args_with_operators to None, run_after=None
[2024-08-21T07:22:38.047+0700] {processor.py:208} INFO - Processing /home/user/airflow/airflow_venv/lib/python3.10/site-packages/airflow/example_dags/example_xcomargs.py took 0.059 seconds
[2024-08-21T07:23:25.396+0700] {processor.py:186} INFO - Started process (PID=3063) to work on /home/user/airflow/airflow_venv/lib/python3.10/site-packages/airflow/example_dags/example_xcomargs.py
[2024-08-21T07:23:25.398+0700] {processor.py:914} INFO - Processing file /home/user/airflow/airflow_venv/lib/python3.10/site-packages/airflow/example_dags/example_xcomargs.py for tasks to queue
[2024-08-21T07:23:25.399+0700] {logging_mixin.py:190} INFO - [2024-08-21T07:23:25.399+0700] {dagbag.py:587} INFO - Filling up the DagBag from /home/user/airflow/airflow_venv/lib/python3.10/site-packages/airflow/example_dags/example_xcomargs.py
[2024-08-21T07:23:25.407+0700] {processor.py:925} INFO - DAG(s) 'example_xcom_args', 'example_xcom_args_with_operators' retrieved from /home/user/airflow/airflow_venv/lib/python3.10/site-packages/airflow/example_dags/example_xcomargs.py
[2024-08-21T07:23:25.421+0700] {logging_mixin.py:190} INFO - [2024-08-21T07:23:25.421+0700] {dag.py:3211} INFO - Sync 2 DAGs
[2024-08-21T07:23:25.431+0700] {logging_mixin.py:190} INFO - [2024-08-21T07:23:25.431+0700] {dag.py:4138} INFO - Setting next_dagrun for example_xcom_args to None, run_after=None
[2024-08-21T07:23:25.433+0700] {logging_mixin.py:190} INFO - [2024-08-21T07:23:25.433+0700] {dag.py:4138} INFO - Setting next_dagrun for example_xcom_args_with_operators to None, run_after=None
[2024-08-21T07:23:25.449+0700] {processor.py:208} INFO - Processing /home/user/airflow/airflow_venv/lib/python3.10/site-packages/airflow/example_dags/example_xcomargs.py took 0.057 seconds
[2024-08-21T07:24:31.264+0700] {processor.py:186} INFO - Started process (PID=3598) to work on /home/user/airflow/airflow_venv/lib/python3.10/site-packages/airflow/example_dags/example_xcomargs.py
[2024-08-21T07:24:31.265+0700] {processor.py:914} INFO - Processing file /home/user/airflow/airflow_venv/lib/python3.10/site-packages/airflow/example_dags/example_xcomargs.py for tasks to queue
[2024-08-21T07:24:31.267+0700] {logging_mixin.py:190} INFO - [2024-08-21T07:24:31.267+0700] {dagbag.py:587} INFO - Filling up the DagBag from /home/user/airflow/airflow_venv/lib/python3.10/site-packages/airflow/example_dags/example_xcomargs.py
[2024-08-21T07:24:31.281+0700] {processor.py:925} INFO - DAG(s) 'example_xcom_args_with_operators', 'example_xcom_args' retrieved from /home/user/airflow/airflow_venv/lib/python3.10/site-packages/airflow/example_dags/example_xcomargs.py
[2024-08-21T07:24:31.304+0700] {logging_mixin.py:190} INFO - [2024-08-21T07:24:31.304+0700] {dag.py:3211} INFO - Sync 2 DAGs
[2024-08-21T07:24:31.316+0700] {logging_mixin.py:190} INFO - [2024-08-21T07:24:31.316+0700] {dag.py:4138} INFO - Setting next_dagrun for example_xcom_args to None, run_after=None
[2024-08-21T07:24:31.319+0700] {logging_mixin.py:190} INFO - [2024-08-21T07:24:31.319+0700] {dag.py:4138} INFO - Setting next_dagrun for example_xcom_args_with_operators to None, run_after=None
[2024-08-21T07:24:31.340+0700] {processor.py:208} INFO - Processing /home/user/airflow/airflow_venv/lib/python3.10/site-packages/airflow/example_dags/example_xcomargs.py took 0.081 seconds
[2024-08-21T07:25:29.030+0700] {processor.py:186} INFO - Started process (PID=4062) to work on /home/user/airflow/airflow_venv/lib/python3.10/site-packages/airflow/example_dags/example_xcomargs.py
[2024-08-21T07:25:29.031+0700] {processor.py:914} INFO - Processing file /home/user/airflow/airflow_venv/lib/python3.10/site-packages/airflow/example_dags/example_xcomargs.py for tasks to queue
[2024-08-21T07:25:29.033+0700] {logging_mixin.py:190} INFO - [2024-08-21T07:25:29.033+0700] {dagbag.py:587} INFO - Filling up the DagBag from /home/user/airflow/airflow_venv/lib/python3.10/site-packages/airflow/example_dags/example_xcomargs.py
[2024-08-21T07:25:29.044+0700] {processor.py:925} INFO - DAG(s) 'example_xcom_args', 'example_xcom_args_with_operators' retrieved from /home/user/airflow/airflow_venv/lib/python3.10/site-packages/airflow/example_dags/example_xcomargs.py
[2024-08-21T07:25:29.062+0700] {logging_mixin.py:190} INFO - [2024-08-21T07:25:29.062+0700] {dag.py:3211} INFO - Sync 2 DAGs
[2024-08-21T07:25:29.074+0700] {logging_mixin.py:190} INFO - [2024-08-21T07:25:29.074+0700] {dag.py:4138} INFO - Setting next_dagrun for example_xcom_args to None, run_after=None
[2024-08-21T07:25:29.078+0700] {logging_mixin.py:190} INFO - [2024-08-21T07:25:29.077+0700] {dag.py:4138} INFO - Setting next_dagrun for example_xcom_args_with_operators to None, run_after=None
[2024-08-21T07:25:29.097+0700] {processor.py:208} INFO - Processing /home/user/airflow/airflow_venv/lib/python3.10/site-packages/airflow/example_dags/example_xcomargs.py took 0.073 seconds
[2024-08-21T07:26:20.611+0700] {processor.py:186} INFO - Started process (PID=4473) to work on /home/user/airflow/airflow_venv/lib/python3.10/site-packages/airflow/example_dags/example_xcomargs.py
[2024-08-21T07:26:20.613+0700] {processor.py:914} INFO - Processing file /home/user/airflow/airflow_venv/lib/python3.10/site-packages/airflow/example_dags/example_xcomargs.py for tasks to queue
[2024-08-21T07:26:20.616+0700] {logging_mixin.py:190} INFO - [2024-08-21T07:26:20.615+0700] {dagbag.py:587} INFO - Filling up the DagBag from /home/user/airflow/airflow_venv/lib/python3.10/site-packages/airflow/example_dags/example_xcomargs.py
[2024-08-21T07:26:20.622+0700] {processor.py:925} INFO - DAG(s) 'example_xcom_args', 'example_xcom_args_with_operators' retrieved from /home/user/airflow/airflow_venv/lib/python3.10/site-packages/airflow/example_dags/example_xcomargs.py
[2024-08-21T07:26:20.637+0700] {logging_mixin.py:190} INFO - [2024-08-21T07:26:20.636+0700] {dag.py:3211} INFO - Sync 2 DAGs
[2024-08-21T07:26:20.644+0700] {logging_mixin.py:190} INFO - [2024-08-21T07:26:20.644+0700] {dag.py:4138} INFO - Setting next_dagrun for example_xcom_args to None, run_after=None
[2024-08-21T07:26:20.648+0700] {logging_mixin.py:190} INFO - [2024-08-21T07:26:20.648+0700] {dag.py:4138} INFO - Setting next_dagrun for example_xcom_args_with_operators to None, run_after=None
[2024-08-21T07:26:20.665+0700] {processor.py:208} INFO - Processing /home/user/airflow/airflow_venv/lib/python3.10/site-packages/airflow/example_dags/example_xcomargs.py took 0.058 seconds
[2024-08-21T07:27:13.027+0700] {processor.py:186} INFO - Started process (PID=4888) to work on /home/user/airflow/airflow_venv/lib/python3.10/site-packages/airflow/example_dags/example_xcomargs.py
[2024-08-21T07:27:13.028+0700] {processor.py:914} INFO - Processing file /home/user/airflow/airflow_venv/lib/python3.10/site-packages/airflow/example_dags/example_xcomargs.py for tasks to queue
[2024-08-21T07:27:13.030+0700] {logging_mixin.py:190} INFO - [2024-08-21T07:27:13.030+0700] {dagbag.py:587} INFO - Filling up the DagBag from /home/user/airflow/airflow_venv/lib/python3.10/site-packages/airflow/example_dags/example_xcomargs.py
[2024-08-21T07:27:13.041+0700] {processor.py:925} INFO - DAG(s) 'example_xcom_args', 'example_xcom_args_with_operators' retrieved from /home/user/airflow/airflow_venv/lib/python3.10/site-packages/airflow/example_dags/example_xcomargs.py
[2024-08-21T07:27:13.061+0700] {logging_mixin.py:190} INFO - [2024-08-21T07:27:13.061+0700] {dag.py:3211} INFO - Sync 2 DAGs
[2024-08-21T07:27:13.074+0700] {logging_mixin.py:190} INFO - [2024-08-21T07:27:13.074+0700] {dag.py:4138} INFO - Setting next_dagrun for example_xcom_args to None, run_after=None
[2024-08-21T07:27:13.077+0700] {logging_mixin.py:190} INFO - [2024-08-21T07:27:13.077+0700] {dag.py:4138} INFO - Setting next_dagrun for example_xcom_args_with_operators to None, run_after=None
[2024-08-21T07:27:13.094+0700] {processor.py:208} INFO - Processing /home/user/airflow/airflow_venv/lib/python3.10/site-packages/airflow/example_dags/example_xcomargs.py took 0.074 seconds
[2024-08-21T07:28:04.160+0700] {processor.py:186} INFO - Started process (PID=5326) to work on /home/user/airflow/airflow_venv/lib/python3.10/site-packages/airflow/example_dags/example_xcomargs.py
[2024-08-21T07:28:04.165+0700] {processor.py:914} INFO - Processing file /home/user/airflow/airflow_venv/lib/python3.10/site-packages/airflow/example_dags/example_xcomargs.py for tasks to queue
[2024-08-21T07:28:04.167+0700] {logging_mixin.py:190} INFO - [2024-08-21T07:28:04.167+0700] {dagbag.py:587} INFO - Filling up the DagBag from /home/user/airflow/airflow_venv/lib/python3.10/site-packages/airflow/example_dags/example_xcomargs.py
[2024-08-21T07:28:04.175+0700] {processor.py:925} INFO - DAG(s) 'example_xcom_args', 'example_xcom_args_with_operators' retrieved from /home/user/airflow/airflow_venv/lib/python3.10/site-packages/airflow/example_dags/example_xcomargs.py
[2024-08-21T07:28:04.194+0700] {logging_mixin.py:190} INFO - [2024-08-21T07:28:04.194+0700] {dag.py:3211} INFO - Sync 2 DAGs
[2024-08-21T07:28:04.203+0700] {logging_mixin.py:190} INFO - [2024-08-21T07:28:04.203+0700] {dag.py:4138} INFO - Setting next_dagrun for example_xcom_args to None, run_after=None
[2024-08-21T07:28:04.207+0700] {logging_mixin.py:190} INFO - [2024-08-21T07:28:04.207+0700] {dag.py:4138} INFO - Setting next_dagrun for example_xcom_args_with_operators to None, run_after=None
[2024-08-21T07:28:04.223+0700] {processor.py:208} INFO - Processing /home/user/airflow/airflow_venv/lib/python3.10/site-packages/airflow/example_dags/example_xcomargs.py took 0.069 seconds
[2024-08-21T07:28:55.914+0700] {processor.py:186} INFO - Started process (PID=5809) to work on /home/user/airflow/airflow_venv/lib/python3.10/site-packages/airflow/example_dags/example_xcomargs.py
[2024-08-21T07:28:55.915+0700] {processor.py:914} INFO - Processing file /home/user/airflow/airflow_venv/lib/python3.10/site-packages/airflow/example_dags/example_xcomargs.py for tasks to queue
[2024-08-21T07:28:55.917+0700] {logging_mixin.py:190} INFO - [2024-08-21T07:28:55.917+0700] {dagbag.py:587} INFO - Filling up the DagBag from /home/user/airflow/airflow_venv/lib/python3.10/site-packages/airflow/example_dags/example_xcomargs.py
[2024-08-21T07:28:55.929+0700] {processor.py:925} INFO - DAG(s) 'example_xcom_args_with_operators', 'example_xcom_args' retrieved from /home/user/airflow/airflow_venv/lib/python3.10/site-packages/airflow/example_dags/example_xcomargs.py
[2024-08-21T07:28:55.949+0700] {logging_mixin.py:190} INFO - [2024-08-21T07:28:55.949+0700] {dag.py:3211} INFO - Sync 2 DAGs
[2024-08-21T07:28:55.961+0700] {logging_mixin.py:190} INFO - [2024-08-21T07:28:55.961+0700] {dag.py:4138} INFO - Setting next_dagrun for example_xcom_args to None, run_after=None
[2024-08-21T07:28:55.964+0700] {logging_mixin.py:190} INFO - [2024-08-21T07:28:55.964+0700] {dag.py:4138} INFO - Setting next_dagrun for example_xcom_args_with_operators to None, run_after=None
[2024-08-21T07:28:55.983+0700] {processor.py:208} INFO - Processing /home/user/airflow/airflow_venv/lib/python3.10/site-packages/airflow/example_dags/example_xcomargs.py took 0.075 seconds
[2024-08-21T07:29:46.340+0700] {processor.py:186} INFO - Started process (PID=6232) to work on /home/user/airflow/airflow_venv/lib/python3.10/site-packages/airflow/example_dags/example_xcomargs.py
[2024-08-21T07:29:46.342+0700] {processor.py:914} INFO - Processing file /home/user/airflow/airflow_venv/lib/python3.10/site-packages/airflow/example_dags/example_xcomargs.py for tasks to queue
[2024-08-21T07:29:46.343+0700] {logging_mixin.py:190} INFO - [2024-08-21T07:29:46.343+0700] {dagbag.py:587} INFO - Filling up the DagBag from /home/user/airflow/airflow_venv/lib/python3.10/site-packages/airflow/example_dags/example_xcomargs.py
[2024-08-21T07:29:46.351+0700] {processor.py:925} INFO - DAG(s) 'example_xcom_args', 'example_xcom_args_with_operators' retrieved from /home/user/airflow/airflow_venv/lib/python3.10/site-packages/airflow/example_dags/example_xcomargs.py
[2024-08-21T07:29:46.371+0700] {logging_mixin.py:190} INFO - [2024-08-21T07:29:46.371+0700] {dag.py:3211} INFO - Sync 2 DAGs
[2024-08-21T07:29:46.380+0700] {logging_mixin.py:190} INFO - [2024-08-21T07:29:46.380+0700] {dag.py:4138} INFO - Setting next_dagrun for example_xcom_args to None, run_after=None
[2024-08-21T07:29:46.383+0700] {logging_mixin.py:190} INFO - [2024-08-21T07:29:46.383+0700] {dag.py:4138} INFO - Setting next_dagrun for example_xcom_args_with_operators to None, run_after=None
[2024-08-21T07:29:46.400+0700] {processor.py:208} INFO - Processing /home/user/airflow/airflow_venv/lib/python3.10/site-packages/airflow/example_dags/example_xcomargs.py took 0.065 seconds
[2024-08-21T07:30:35.577+0700] {processor.py:186} INFO - Started process (PID=6660) to work on /home/user/airflow/airflow_venv/lib/python3.10/site-packages/airflow/example_dags/example_xcomargs.py
[2024-08-21T07:30:35.579+0700] {processor.py:914} INFO - Processing file /home/user/airflow/airflow_venv/lib/python3.10/site-packages/airflow/example_dags/example_xcomargs.py for tasks to queue
[2024-08-21T07:30:35.582+0700] {logging_mixin.py:190} INFO - [2024-08-21T07:30:35.582+0700] {dagbag.py:587} INFO - Filling up the DagBag from /home/user/airflow/airflow_venv/lib/python3.10/site-packages/airflow/example_dags/example_xcomargs.py
[2024-08-21T07:30:35.591+0700] {processor.py:925} INFO - DAG(s) 'example_xcom_args_with_operators', 'example_xcom_args' retrieved from /home/user/airflow/airflow_venv/lib/python3.10/site-packages/airflow/example_dags/example_xcomargs.py
[2024-08-21T07:30:35.605+0700] {logging_mixin.py:190} INFO - [2024-08-21T07:30:35.605+0700] {dag.py:3211} INFO - Sync 2 DAGs
[2024-08-21T07:30:35.615+0700] {logging_mixin.py:190} INFO - [2024-08-21T07:30:35.615+0700] {dag.py:4138} INFO - Setting next_dagrun for example_xcom_args to None, run_after=None
[2024-08-21T07:30:35.618+0700] {logging_mixin.py:190} INFO - [2024-08-21T07:30:35.618+0700] {dag.py:4138} INFO - Setting next_dagrun for example_xcom_args_with_operators to None, run_after=None
[2024-08-21T07:30:35.635+0700] {processor.py:208} INFO - Processing /home/user/airflow/airflow_venv/lib/python3.10/site-packages/airflow/example_dags/example_xcomargs.py took 0.063 seconds
[2024-08-21T07:31:23.272+0700] {processor.py:186} INFO - Started process (PID=7178) to work on /home/user/airflow/airflow_venv/lib/python3.10/site-packages/airflow/example_dags/example_xcomargs.py
[2024-08-21T07:31:23.274+0700] {processor.py:914} INFO - Processing file /home/user/airflow/airflow_venv/lib/python3.10/site-packages/airflow/example_dags/example_xcomargs.py for tasks to queue
[2024-08-21T07:31:23.277+0700] {logging_mixin.py:190} INFO - [2024-08-21T07:31:23.277+0700] {dagbag.py:587} INFO - Filling up the DagBag from /home/user/airflow/airflow_venv/lib/python3.10/site-packages/airflow/example_dags/example_xcomargs.py
[2024-08-21T07:31:23.293+0700] {processor.py:925} INFO - DAG(s) 'example_xcom_args', 'example_xcom_args_with_operators' retrieved from /home/user/airflow/airflow_venv/lib/python3.10/site-packages/airflow/example_dags/example_xcomargs.py
[2024-08-21T07:31:23.320+0700] {logging_mixin.py:190} INFO - [2024-08-21T07:31:23.320+0700] {dag.py:3211} INFO - Sync 2 DAGs
[2024-08-21T07:31:23.340+0700] {logging_mixin.py:190} INFO - [2024-08-21T07:31:23.340+0700] {dag.py:4138} INFO - Setting next_dagrun for example_xcom_args to None, run_after=None
[2024-08-21T07:31:23.344+0700] {logging_mixin.py:190} INFO - [2024-08-21T07:31:23.343+0700] {dag.py:4138} INFO - Setting next_dagrun for example_xcom_args_with_operators to None, run_after=None
[2024-08-21T07:31:23.372+0700] {processor.py:208} INFO - Processing /home/user/airflow/airflow_venv/lib/python3.10/site-packages/airflow/example_dags/example_xcomargs.py took 0.109 seconds
[2024-08-21T07:32:11.237+0700] {processor.py:186} INFO - Started process (PID=7604) to work on /home/user/airflow/airflow_venv/lib/python3.10/site-packages/airflow/example_dags/example_xcomargs.py
[2024-08-21T07:32:11.238+0700] {processor.py:914} INFO - Processing file /home/user/airflow/airflow_venv/lib/python3.10/site-packages/airflow/example_dags/example_xcomargs.py for tasks to queue
[2024-08-21T07:32:11.240+0700] {logging_mixin.py:190} INFO - [2024-08-21T07:32:11.240+0700] {dagbag.py:587} INFO - Filling up the DagBag from /home/user/airflow/airflow_venv/lib/python3.10/site-packages/airflow/example_dags/example_xcomargs.py
[2024-08-21T07:32:11.250+0700] {processor.py:925} INFO - DAG(s) 'example_xcom_args', 'example_xcom_args_with_operators' retrieved from /home/user/airflow/airflow_venv/lib/python3.10/site-packages/airflow/example_dags/example_xcomargs.py
[2024-08-21T07:32:11.265+0700] {logging_mixin.py:190} INFO - [2024-08-21T07:32:11.265+0700] {dag.py:3211} INFO - Sync 2 DAGs
[2024-08-21T07:32:11.279+0700] {logging_mixin.py:190} INFO - [2024-08-21T07:32:11.278+0700] {dag.py:4138} INFO - Setting next_dagrun for example_xcom_args to None, run_after=None
[2024-08-21T07:32:11.281+0700] {logging_mixin.py:190} INFO - [2024-08-21T07:32:11.281+0700] {dag.py:4138} INFO - Setting next_dagrun for example_xcom_args_with_operators to None, run_after=None
[2024-08-21T07:32:11.298+0700] {processor.py:208} INFO - Processing /home/user/airflow/airflow_venv/lib/python3.10/site-packages/airflow/example_dags/example_xcomargs.py took 0.066 seconds
[2024-08-21T07:33:02.946+0700] {processor.py:186} INFO - Started process (PID=8134) to work on /home/user/airflow/airflow_venv/lib/python3.10/site-packages/airflow/example_dags/example_xcomargs.py
[2024-08-21T07:33:02.948+0700] {processor.py:914} INFO - Processing file /home/user/airflow/airflow_venv/lib/python3.10/site-packages/airflow/example_dags/example_xcomargs.py for tasks to queue
[2024-08-21T07:33:02.951+0700] {logging_mixin.py:190} INFO - [2024-08-21T07:33:02.950+0700] {dagbag.py:587} INFO - Filling up the DagBag from /home/user/airflow/airflow_venv/lib/python3.10/site-packages/airflow/example_dags/example_xcomargs.py
[2024-08-21T07:33:02.961+0700] {processor.py:925} INFO - DAG(s) 'example_xcom_args', 'example_xcom_args_with_operators' retrieved from /home/user/airflow/airflow_venv/lib/python3.10/site-packages/airflow/example_dags/example_xcomargs.py
[2024-08-21T07:33:02.978+0700] {logging_mixin.py:190} INFO - [2024-08-21T07:33:02.978+0700] {dag.py:3211} INFO - Sync 2 DAGs
[2024-08-21T07:33:02.991+0700] {logging_mixin.py:190} INFO - [2024-08-21T07:33:02.991+0700] {dag.py:4138} INFO - Setting next_dagrun for example_xcom_args to None, run_after=None
[2024-08-21T07:33:02.996+0700] {logging_mixin.py:190} INFO - [2024-08-21T07:33:02.996+0700] {dag.py:4138} INFO - Setting next_dagrun for example_xcom_args_with_operators to None, run_after=None
[2024-08-21T07:33:03.017+0700] {processor.py:208} INFO - Processing /home/user/airflow/airflow_venv/lib/python3.10/site-packages/airflow/example_dags/example_xcomargs.py took 0.077 seconds
[2024-08-21T07:33:55.261+0700] {processor.py:186} INFO - Started process (PID=8622) to work on /home/user/airflow/airflow_venv/lib/python3.10/site-packages/airflow/example_dags/example_xcomargs.py
[2024-08-21T07:33:55.262+0700] {processor.py:914} INFO - Processing file /home/user/airflow/airflow_venv/lib/python3.10/site-packages/airflow/example_dags/example_xcomargs.py for tasks to queue
[2024-08-21T07:33:55.264+0700] {logging_mixin.py:190} INFO - [2024-08-21T07:33:55.264+0700] {dagbag.py:587} INFO - Filling up the DagBag from /home/user/airflow/airflow_venv/lib/python3.10/site-packages/airflow/example_dags/example_xcomargs.py
[2024-08-21T07:33:55.272+0700] {processor.py:925} INFO - DAG(s) 'example_xcom_args', 'example_xcom_args_with_operators' retrieved from /home/user/airflow/airflow_venv/lib/python3.10/site-packages/airflow/example_dags/example_xcomargs.py
[2024-08-21T07:33:55.287+0700] {logging_mixin.py:190} INFO - [2024-08-21T07:33:55.287+0700] {dag.py:3211} INFO - Sync 2 DAGs
[2024-08-21T07:33:55.296+0700] {logging_mixin.py:190} INFO - [2024-08-21T07:33:55.296+0700] {dag.py:4138} INFO - Setting next_dagrun for example_xcom_args to None, run_after=None
[2024-08-21T07:33:55.299+0700] {logging_mixin.py:190} INFO - [2024-08-21T07:33:55.299+0700] {dag.py:4138} INFO - Setting next_dagrun for example_xcom_args_with_operators to None, run_after=None
[2024-08-21T07:33:55.314+0700] {processor.py:208} INFO - Processing /home/user/airflow/airflow_venv/lib/python3.10/site-packages/airflow/example_dags/example_xcomargs.py took 0.058 seconds
[2024-08-21T07:34:51.314+0700] {processor.py:186} INFO - Started process (PID=9698) to work on /home/user/airflow/airflow_venv/lib/python3.10/site-packages/airflow/example_dags/example_xcomargs.py
[2024-08-21T07:34:51.315+0700] {processor.py:914} INFO - Processing file /home/user/airflow/airflow_venv/lib/python3.10/site-packages/airflow/example_dags/example_xcomargs.py for tasks to queue
[2024-08-21T07:34:51.317+0700] {logging_mixin.py:190} INFO - [2024-08-21T07:34:51.317+0700] {dagbag.py:587} INFO - Filling up the DagBag from /home/user/airflow/airflow_venv/lib/python3.10/site-packages/airflow/example_dags/example_xcomargs.py
[2024-08-21T07:34:51.324+0700] {processor.py:925} INFO - DAG(s) 'example_xcom_args_with_operators', 'example_xcom_args' retrieved from /home/user/airflow/airflow_venv/lib/python3.10/site-packages/airflow/example_dags/example_xcomargs.py
[2024-08-21T07:34:51.337+0700] {logging_mixin.py:190} INFO - [2024-08-21T07:34:51.337+0700] {dag.py:3211} INFO - Sync 2 DAGs
[2024-08-21T07:34:51.346+0700] {logging_mixin.py:190} INFO - [2024-08-21T07:34:51.346+0700] {dag.py:4138} INFO - Setting next_dagrun for example_xcom_args to None, run_after=None
[2024-08-21T07:34:51.349+0700] {logging_mixin.py:190} INFO - [2024-08-21T07:34:51.349+0700] {dag.py:4138} INFO - Setting next_dagrun for example_xcom_args_with_operators to None, run_after=None
[2024-08-21T07:34:51.365+0700] {processor.py:208} INFO - Processing /home/user/airflow/airflow_venv/lib/python3.10/site-packages/airflow/example_dags/example_xcomargs.py took 0.054 seconds
[2024-08-21T07:35:40.561+0700] {processor.py:186} INFO - Started process (PID=10221) to work on /home/user/airflow/airflow_venv/lib/python3.10/site-packages/airflow/example_dags/example_xcomargs.py
[2024-08-21T07:35:40.562+0700] {processor.py:914} INFO - Processing file /home/user/airflow/airflow_venv/lib/python3.10/site-packages/airflow/example_dags/example_xcomargs.py for tasks to queue
[2024-08-21T07:35:40.564+0700] {logging_mixin.py:190} INFO - [2024-08-21T07:35:40.564+0700] {dagbag.py:587} INFO - Filling up the DagBag from /home/user/airflow/airflow_venv/lib/python3.10/site-packages/airflow/example_dags/example_xcomargs.py
[2024-08-21T07:35:40.571+0700] {processor.py:925} INFO - DAG(s) 'example_xcom_args_with_operators', 'example_xcom_args' retrieved from /home/user/airflow/airflow_venv/lib/python3.10/site-packages/airflow/example_dags/example_xcomargs.py
[2024-08-21T07:35:40.584+0700] {logging_mixin.py:190} INFO - [2024-08-21T07:35:40.584+0700] {dag.py:3211} INFO - Sync 2 DAGs
[2024-08-21T07:35:40.593+0700] {logging_mixin.py:190} INFO - [2024-08-21T07:35:40.593+0700] {dag.py:4138} INFO - Setting next_dagrun for example_xcom_args to None, run_after=None
[2024-08-21T07:35:40.595+0700] {logging_mixin.py:190} INFO - [2024-08-21T07:35:40.595+0700] {dag.py:4138} INFO - Setting next_dagrun for example_xcom_args_with_operators to None, run_after=None
[2024-08-21T07:35:40.610+0700] {processor.py:208} INFO - Processing /home/user/airflow/airflow_venv/lib/python3.10/site-packages/airflow/example_dags/example_xcomargs.py took 0.053 seconds
[2024-08-21T07:36:34.827+0700] {processor.py:186} INFO - Started process (PID=10740) to work on /home/user/airflow/airflow_venv/lib/python3.10/site-packages/airflow/example_dags/example_xcomargs.py
[2024-08-21T07:36:34.828+0700] {processor.py:914} INFO - Processing file /home/user/airflow/airflow_venv/lib/python3.10/site-packages/airflow/example_dags/example_xcomargs.py for tasks to queue
[2024-08-21T07:36:34.830+0700] {logging_mixin.py:190} INFO - [2024-08-21T07:36:34.829+0700] {dagbag.py:587} INFO - Filling up the DagBag from /home/user/airflow/airflow_venv/lib/python3.10/site-packages/airflow/example_dags/example_xcomargs.py
[2024-08-21T07:36:34.838+0700] {processor.py:925} INFO - DAG(s) 'example_xcom_args', 'example_xcom_args_with_operators' retrieved from /home/user/airflow/airflow_venv/lib/python3.10/site-packages/airflow/example_dags/example_xcomargs.py
[2024-08-21T07:36:34.854+0700] {logging_mixin.py:190} INFO - [2024-08-21T07:36:34.854+0700] {dag.py:3211} INFO - Sync 2 DAGs
[2024-08-21T07:36:34.865+0700] {logging_mixin.py:190} INFO - [2024-08-21T07:36:34.865+0700] {dag.py:4138} INFO - Setting next_dagrun for example_xcom_args to None, run_after=None
[2024-08-21T07:36:34.868+0700] {logging_mixin.py:190} INFO - [2024-08-21T07:36:34.868+0700] {dag.py:4138} INFO - Setting next_dagrun for example_xcom_args_with_operators to None, run_after=None
[2024-08-21T07:36:34.891+0700] {processor.py:208} INFO - Processing /home/user/airflow/airflow_venv/lib/python3.10/site-packages/airflow/example_dags/example_xcomargs.py took 0.069 seconds
[2024-08-21T07:37:27.315+0700] {processor.py:186} INFO - Started process (PID=11249) to work on /home/user/airflow/airflow_venv/lib/python3.10/site-packages/airflow/example_dags/example_xcomargs.py
[2024-08-21T07:37:27.316+0700] {processor.py:914} INFO - Processing file /home/user/airflow/airflow_venv/lib/python3.10/site-packages/airflow/example_dags/example_xcomargs.py for tasks to queue
[2024-08-21T07:37:27.319+0700] {logging_mixin.py:190} INFO - [2024-08-21T07:37:27.319+0700] {dagbag.py:587} INFO - Filling up the DagBag from /home/user/airflow/airflow_venv/lib/python3.10/site-packages/airflow/example_dags/example_xcomargs.py
[2024-08-21T07:37:27.329+0700] {processor.py:925} INFO - DAG(s) 'example_xcom_args', 'example_xcom_args_with_operators' retrieved from /home/user/airflow/airflow_venv/lib/python3.10/site-packages/airflow/example_dags/example_xcomargs.py
[2024-08-21T07:37:27.347+0700] {logging_mixin.py:190} INFO - [2024-08-21T07:37:27.347+0700] {dag.py:3211} INFO - Sync 2 DAGs
[2024-08-21T07:37:27.357+0700] {logging_mixin.py:190} INFO - [2024-08-21T07:37:27.357+0700] {dag.py:4138} INFO - Setting next_dagrun for example_xcom_args to None, run_after=None
[2024-08-21T07:37:27.360+0700] {logging_mixin.py:190} INFO - [2024-08-21T07:37:27.359+0700] {dag.py:4138} INFO - Setting next_dagrun for example_xcom_args_with_operators to None, run_after=None
[2024-08-21T07:37:27.375+0700] {processor.py:208} INFO - Processing /home/user/airflow/airflow_venv/lib/python3.10/site-packages/airflow/example_dags/example_xcomargs.py took 0.066 seconds
[2024-08-21T07:38:20.161+0700] {processor.py:186} INFO - Started process (PID=11885) to work on /home/user/airflow/airflow_venv/lib/python3.10/site-packages/airflow/example_dags/example_xcomargs.py
[2024-08-21T07:38:20.162+0700] {processor.py:914} INFO - Processing file /home/user/airflow/airflow_venv/lib/python3.10/site-packages/airflow/example_dags/example_xcomargs.py for tasks to queue
[2024-08-21T07:38:20.164+0700] {logging_mixin.py:190} INFO - [2024-08-21T07:38:20.164+0700] {dagbag.py:587} INFO - Filling up the DagBag from /home/user/airflow/airflow_venv/lib/python3.10/site-packages/airflow/example_dags/example_xcomargs.py
[2024-08-21T07:38:20.173+0700] {processor.py:925} INFO - DAG(s) 'example_xcom_args_with_operators', 'example_xcom_args' retrieved from /home/user/airflow/airflow_venv/lib/python3.10/site-packages/airflow/example_dags/example_xcomargs.py
[2024-08-21T07:38:20.190+0700] {logging_mixin.py:190} INFO - [2024-08-21T07:38:20.190+0700] {dag.py:3211} INFO - Sync 2 DAGs
[2024-08-21T07:38:20.200+0700] {logging_mixin.py:190} INFO - [2024-08-21T07:38:20.200+0700] {dag.py:4138} INFO - Setting next_dagrun for example_xcom_args to None, run_after=None
[2024-08-21T07:38:20.205+0700] {logging_mixin.py:190} INFO - [2024-08-21T07:38:20.204+0700] {dag.py:4138} INFO - Setting next_dagrun for example_xcom_args_with_operators to None, run_after=None
[2024-08-21T07:38:20.226+0700] {processor.py:208} INFO - Processing /home/user/airflow/airflow_venv/lib/python3.10/site-packages/airflow/example_dags/example_xcomargs.py took 0.070 seconds
[2024-08-21T07:39:12.889+0700] {processor.py:186} INFO - Started process (PID=12441) to work on /home/user/airflow/airflow_venv/lib/python3.10/site-packages/airflow/example_dags/example_xcomargs.py
[2024-08-21T07:39:12.891+0700] {processor.py:914} INFO - Processing file /home/user/airflow/airflow_venv/lib/python3.10/site-packages/airflow/example_dags/example_xcomargs.py for tasks to queue
[2024-08-21T07:39:12.893+0700] {logging_mixin.py:190} INFO - [2024-08-21T07:39:12.893+0700] {dagbag.py:587} INFO - Filling up the DagBag from /home/user/airflow/airflow_venv/lib/python3.10/site-packages/airflow/example_dags/example_xcomargs.py
[2024-08-21T07:39:12.901+0700] {processor.py:925} INFO - DAG(s) 'example_xcom_args', 'example_xcom_args_with_operators' retrieved from /home/user/airflow/airflow_venv/lib/python3.10/site-packages/airflow/example_dags/example_xcomargs.py
[2024-08-21T07:39:12.915+0700] {logging_mixin.py:190} INFO - [2024-08-21T07:39:12.914+0700] {dag.py:3211} INFO - Sync 2 DAGs
[2024-08-21T07:39:12.925+0700] {logging_mixin.py:190} INFO - [2024-08-21T07:39:12.925+0700] {dag.py:4138} INFO - Setting next_dagrun for example_xcom_args to None, run_after=None
[2024-08-21T07:39:12.927+0700] {logging_mixin.py:190} INFO - [2024-08-21T07:39:12.927+0700] {dag.py:4138} INFO - Setting next_dagrun for example_xcom_args_with_operators to None, run_after=None
[2024-08-21T07:39:12.944+0700] {processor.py:208} INFO - Processing /home/user/airflow/airflow_venv/lib/python3.10/site-packages/airflow/example_dags/example_xcomargs.py took 0.060 seconds
[2024-08-21T07:40:05.822+0700] {processor.py:186} INFO - Started process (PID=13011) to work on /home/user/airflow/airflow_venv/lib/python3.10/site-packages/airflow/example_dags/example_xcomargs.py
[2024-08-21T07:40:05.828+0700] {processor.py:914} INFO - Processing file /home/user/airflow/airflow_venv/lib/python3.10/site-packages/airflow/example_dags/example_xcomargs.py for tasks to queue
[2024-08-21T07:40:05.831+0700] {logging_mixin.py:190} INFO - [2024-08-21T07:40:05.831+0700] {dagbag.py:587} INFO - Filling up the DagBag from /home/user/airflow/airflow_venv/lib/python3.10/site-packages/airflow/example_dags/example_xcomargs.py
[2024-08-21T07:40:05.839+0700] {processor.py:925} INFO - DAG(s) 'example_xcom_args_with_operators', 'example_xcom_args' retrieved from /home/user/airflow/airflow_venv/lib/python3.10/site-packages/airflow/example_dags/example_xcomargs.py
[2024-08-21T07:40:05.856+0700] {logging_mixin.py:190} INFO - [2024-08-21T07:40:05.856+0700] {dag.py:3211} INFO - Sync 2 DAGs
[2024-08-21T07:40:05.867+0700] {logging_mixin.py:190} INFO - [2024-08-21T07:40:05.867+0700] {dag.py:4138} INFO - Setting next_dagrun for example_xcom_args to None, run_after=None
[2024-08-21T07:40:05.869+0700] {logging_mixin.py:190} INFO - [2024-08-21T07:40:05.869+0700] {dag.py:4138} INFO - Setting next_dagrun for example_xcom_args_with_operators to None, run_after=None
[2024-08-21T07:40:05.885+0700] {processor.py:208} INFO - Processing /home/user/airflow/airflow_venv/lib/python3.10/site-packages/airflow/example_dags/example_xcomargs.py took 0.068 seconds
[2024-08-21T07:40:56.101+0700] {processor.py:186} INFO - Started process (PID=13593) to work on /home/user/airflow/airflow_venv/lib/python3.10/site-packages/airflow/example_dags/example_xcomargs.py
[2024-08-21T07:40:56.107+0700] {processor.py:914} INFO - Processing file /home/user/airflow/airflow_venv/lib/python3.10/site-packages/airflow/example_dags/example_xcomargs.py for tasks to queue
[2024-08-21T07:40:56.109+0700] {logging_mixin.py:190} INFO - [2024-08-21T07:40:56.109+0700] {dagbag.py:587} INFO - Filling up the DagBag from /home/user/airflow/airflow_venv/lib/python3.10/site-packages/airflow/example_dags/example_xcomargs.py
[2024-08-21T07:40:56.117+0700] {processor.py:925} INFO - DAG(s) 'example_xcom_args', 'example_xcom_args_with_operators' retrieved from /home/user/airflow/airflow_venv/lib/python3.10/site-packages/airflow/example_dags/example_xcomargs.py
[2024-08-21T07:40:56.131+0700] {logging_mixin.py:190} INFO - [2024-08-21T07:40:56.131+0700] {dag.py:3211} INFO - Sync 2 DAGs
[2024-08-21T07:40:56.139+0700] {logging_mixin.py:190} INFO - [2024-08-21T07:40:56.139+0700] {dag.py:4138} INFO - Setting next_dagrun for example_xcom_args to None, run_after=None
[2024-08-21T07:40:56.142+0700] {logging_mixin.py:190} INFO - [2024-08-21T07:40:56.142+0700] {dag.py:4138} INFO - Setting next_dagrun for example_xcom_args_with_operators to None, run_after=None
[2024-08-21T07:40:56.158+0700] {processor.py:208} INFO - Processing /home/user/airflow/airflow_venv/lib/python3.10/site-packages/airflow/example_dags/example_xcomargs.py took 0.062 seconds
[2024-08-21T09:42:38.486+0700] {processor.py:186} INFO - Started process (PID=54491) to work on /home/user/airflow/airflow_venv/lib/python3.10/site-packages/airflow/example_dags/example_xcomargs.py
[2024-08-21T09:42:38.487+0700] {processor.py:914} INFO - Processing file /home/user/airflow/airflow_venv/lib/python3.10/site-packages/airflow/example_dags/example_xcomargs.py for tasks to queue
[2024-08-21T09:42:38.490+0700] {logging_mixin.py:190} INFO - [2024-08-21T09:42:38.489+0700] {dagbag.py:587} INFO - Filling up the DagBag from /home/user/airflow/airflow_venv/lib/python3.10/site-packages/airflow/example_dags/example_xcomargs.py
[2024-08-21T09:42:38.500+0700] {processor.py:925} INFO - DAG(s) 'example_xcom_args', 'example_xcom_args_with_operators' retrieved from /home/user/airflow/airflow_venv/lib/python3.10/site-packages/airflow/example_dags/example_xcomargs.py
[2024-08-21T09:42:38.519+0700] {logging_mixin.py:190} INFO - [2024-08-21T09:42:38.519+0700] {dag.py:3211} INFO - Sync 2 DAGs
[2024-08-21T09:42:38.531+0700] {logging_mixin.py:190} INFO - [2024-08-21T09:42:38.531+0700] {dag.py:4138} INFO - Setting next_dagrun for example_xcom_args to None, run_after=None
[2024-08-21T09:42:38.534+0700] {logging_mixin.py:190} INFO - [2024-08-21T09:42:38.534+0700] {dag.py:4138} INFO - Setting next_dagrun for example_xcom_args_with_operators to None, run_after=None
[2024-08-21T09:42:38.554+0700] {processor.py:208} INFO - Processing /home/user/airflow/airflow_venv/lib/python3.10/site-packages/airflow/example_dags/example_xcomargs.py took 0.074 seconds
[2024-08-21T09:43:35.215+0700] {processor.py:186} INFO - Started process (PID=54945) to work on /home/user/airflow/airflow_venv/lib/python3.10/site-packages/airflow/example_dags/example_xcomargs.py
[2024-08-21T09:43:35.217+0700] {processor.py:914} INFO - Processing file /home/user/airflow/airflow_venv/lib/python3.10/site-packages/airflow/example_dags/example_xcomargs.py for tasks to queue
[2024-08-21T09:43:35.219+0700] {logging_mixin.py:190} INFO - [2024-08-21T09:43:35.218+0700] {dagbag.py:587} INFO - Filling up the DagBag from /home/user/airflow/airflow_venv/lib/python3.10/site-packages/airflow/example_dags/example_xcomargs.py
[2024-08-21T09:43:35.227+0700] {processor.py:925} INFO - DAG(s) 'example_xcom_args', 'example_xcom_args_with_operators' retrieved from /home/user/airflow/airflow_venv/lib/python3.10/site-packages/airflow/example_dags/example_xcomargs.py
[2024-08-21T09:43:35.242+0700] {logging_mixin.py:190} INFO - [2024-08-21T09:43:35.241+0700] {dag.py:3211} INFO - Sync 2 DAGs
[2024-08-21T09:43:35.251+0700] {logging_mixin.py:190} INFO - [2024-08-21T09:43:35.251+0700] {dag.py:4138} INFO - Setting next_dagrun for example_xcom_args to None, run_after=None
[2024-08-21T09:43:35.253+0700] {logging_mixin.py:190} INFO - [2024-08-21T09:43:35.253+0700] {dag.py:4138} INFO - Setting next_dagrun for example_xcom_args_with_operators to None, run_after=None
[2024-08-21T09:43:35.271+0700] {processor.py:208} INFO - Processing /home/user/airflow/airflow_venv/lib/python3.10/site-packages/airflow/example_dags/example_xcomargs.py took 0.061 seconds
[2024-08-21T09:45:35.442+0700] {processor.py:186} INFO - Started process (PID=55936) to work on /home/user/airflow/airflow_venv/lib/python3.10/site-packages/airflow/example_dags/example_xcomargs.py
[2024-08-21T09:45:35.443+0700] {processor.py:914} INFO - Processing file /home/user/airflow/airflow_venv/lib/python3.10/site-packages/airflow/example_dags/example_xcomargs.py for tasks to queue
[2024-08-21T09:45:35.445+0700] {logging_mixin.py:190} INFO - [2024-08-21T09:45:35.445+0700] {dagbag.py:587} INFO - Filling up the DagBag from /home/user/airflow/airflow_venv/lib/python3.10/site-packages/airflow/example_dags/example_xcomargs.py
[2024-08-21T09:45:35.454+0700] {processor.py:925} INFO - DAG(s) 'example_xcom_args', 'example_xcom_args_with_operators' retrieved from /home/user/airflow/airflow_venv/lib/python3.10/site-packages/airflow/example_dags/example_xcomargs.py
[2024-08-21T09:45:35.470+0700] {logging_mixin.py:190} INFO - [2024-08-21T09:45:35.470+0700] {dag.py:3211} INFO - Sync 2 DAGs
[2024-08-21T09:45:35.479+0700] {logging_mixin.py:190} INFO - [2024-08-21T09:45:35.479+0700] {dag.py:4138} INFO - Setting next_dagrun for example_xcom_args to None, run_after=None
[2024-08-21T09:45:35.481+0700] {logging_mixin.py:190} INFO - [2024-08-21T09:45:35.481+0700] {dag.py:4138} INFO - Setting next_dagrun for example_xcom_args_with_operators to None, run_after=None
[2024-08-21T09:45:35.496+0700] {processor.py:208} INFO - Processing /home/user/airflow/airflow_venv/lib/python3.10/site-packages/airflow/example_dags/example_xcomargs.py took 0.058 seconds
[2024-08-21T09:53:24.887+0700] {processor.py:186} INFO - Started process (PID=59432) to work on /home/user/airflow/airflow_venv/lib/python3.10/site-packages/airflow/example_dags/example_xcomargs.py
[2024-08-21T09:53:24.889+0700] {processor.py:914} INFO - Processing file /home/user/airflow/airflow_venv/lib/python3.10/site-packages/airflow/example_dags/example_xcomargs.py for tasks to queue
[2024-08-21T09:53:24.892+0700] {logging_mixin.py:190} INFO - [2024-08-21T09:53:24.892+0700] {dagbag.py:587} INFO - Filling up the DagBag from /home/user/airflow/airflow_venv/lib/python3.10/site-packages/airflow/example_dags/example_xcomargs.py
[2024-08-21T09:53:24.902+0700] {processor.py:925} INFO - DAG(s) 'example_xcom_args_with_operators', 'example_xcom_args' retrieved from /home/user/airflow/airflow_venv/lib/python3.10/site-packages/airflow/example_dags/example_xcomargs.py
[2024-08-21T09:53:24.922+0700] {logging_mixin.py:190} INFO - [2024-08-21T09:53:24.922+0700] {dag.py:3211} INFO - Sync 2 DAGs
[2024-08-21T09:53:24.935+0700] {logging_mixin.py:190} INFO - [2024-08-21T09:53:24.935+0700] {dag.py:4138} INFO - Setting next_dagrun for example_xcom_args to None, run_after=None
[2024-08-21T09:53:24.938+0700] {logging_mixin.py:190} INFO - [2024-08-21T09:53:24.937+0700] {dag.py:4138} INFO - Setting next_dagrun for example_xcom_args_with_operators to None, run_after=None
[2024-08-21T09:53:24.957+0700] {processor.py:208} INFO - Processing /home/user/airflow/airflow_venv/lib/python3.10/site-packages/airflow/example_dags/example_xcomargs.py took 0.075 seconds
[2024-08-21T09:54:21.497+0700] {processor.py:186} INFO - Started process (PID=59879) to work on /home/user/airflow/airflow_venv/lib/python3.10/site-packages/airflow/example_dags/example_xcomargs.py
[2024-08-21T09:54:21.499+0700] {processor.py:914} INFO - Processing file /home/user/airflow/airflow_venv/lib/python3.10/site-packages/airflow/example_dags/example_xcomargs.py for tasks to queue
[2024-08-21T09:54:21.500+0700] {logging_mixin.py:190} INFO - [2024-08-21T09:54:21.500+0700] {dagbag.py:587} INFO - Filling up the DagBag from /home/user/airflow/airflow_venv/lib/python3.10/site-packages/airflow/example_dags/example_xcomargs.py
[2024-08-21T09:54:21.509+0700] {processor.py:925} INFO - DAG(s) 'example_xcom_args', 'example_xcom_args_with_operators' retrieved from /home/user/airflow/airflow_venv/lib/python3.10/site-packages/airflow/example_dags/example_xcomargs.py
[2024-08-21T09:54:21.531+0700] {logging_mixin.py:190} INFO - [2024-08-21T09:54:21.531+0700] {dag.py:3211} INFO - Sync 2 DAGs
[2024-08-21T09:54:21.544+0700] {logging_mixin.py:190} INFO - [2024-08-21T09:54:21.543+0700] {dag.py:4138} INFO - Setting next_dagrun for example_xcom_args to None, run_after=None
[2024-08-21T09:54:21.548+0700] {logging_mixin.py:190} INFO - [2024-08-21T09:54:21.548+0700] {dag.py:4138} INFO - Setting next_dagrun for example_xcom_args_with_operators to None, run_after=None
[2024-08-21T09:54:21.566+0700] {processor.py:208} INFO - Processing /home/user/airflow/airflow_venv/lib/python3.10/site-packages/airflow/example_dags/example_xcomargs.py took 0.075 seconds
[2024-08-21T09:55:10.577+0700] {processor.py:186} INFO - Started process (PID=60267) to work on /home/user/airflow/airflow_venv/lib/python3.10/site-packages/airflow/example_dags/example_xcomargs.py
[2024-08-21T09:55:10.578+0700] {processor.py:914} INFO - Processing file /home/user/airflow/airflow_venv/lib/python3.10/site-packages/airflow/example_dags/example_xcomargs.py for tasks to queue
[2024-08-21T09:55:10.580+0700] {logging_mixin.py:190} INFO - [2024-08-21T09:55:10.580+0700] {dagbag.py:587} INFO - Filling up the DagBag from /home/user/airflow/airflow_venv/lib/python3.10/site-packages/airflow/example_dags/example_xcomargs.py
[2024-08-21T09:55:10.596+0700] {processor.py:925} INFO - DAG(s) 'example_xcom_args_with_operators', 'example_xcom_args' retrieved from /home/user/airflow/airflow_venv/lib/python3.10/site-packages/airflow/example_dags/example_xcomargs.py
[2024-08-21T09:55:10.633+0700] {logging_mixin.py:190} INFO - [2024-08-21T09:55:10.633+0700] {dag.py:3211} INFO - Sync 2 DAGs
[2024-08-21T09:55:10.668+0700] {logging_mixin.py:190} INFO - [2024-08-21T09:55:10.668+0700] {dag.py:4138} INFO - Setting next_dagrun for example_xcom_args to None, run_after=None
[2024-08-21T09:55:10.675+0700] {logging_mixin.py:190} INFO - [2024-08-21T09:55:10.674+0700] {dag.py:4138} INFO - Setting next_dagrun for example_xcom_args_with_operators to None, run_after=None
[2024-08-21T09:55:10.709+0700] {processor.py:208} INFO - Processing /home/user/airflow/airflow_venv/lib/python3.10/site-packages/airflow/example_dags/example_xcomargs.py took 0.138 seconds
[2024-08-21T09:56:02.283+0700] {processor.py:186} INFO - Started process (PID=60670) to work on /home/user/airflow/airflow_venv/lib/python3.10/site-packages/airflow/example_dags/example_xcomargs.py
[2024-08-21T09:56:02.284+0700] {processor.py:914} INFO - Processing file /home/user/airflow/airflow_venv/lib/python3.10/site-packages/airflow/example_dags/example_xcomargs.py for tasks to queue
[2024-08-21T09:56:02.285+0700] {logging_mixin.py:190} INFO - [2024-08-21T09:56:02.285+0700] {dagbag.py:587} INFO - Filling up the DagBag from /home/user/airflow/airflow_venv/lib/python3.10/site-packages/airflow/example_dags/example_xcomargs.py
[2024-08-21T09:56:02.296+0700] {processor.py:925} INFO - DAG(s) 'example_xcom_args', 'example_xcom_args_with_operators' retrieved from /home/user/airflow/airflow_venv/lib/python3.10/site-packages/airflow/example_dags/example_xcomargs.py
[2024-08-21T09:56:02.318+0700] {logging_mixin.py:190} INFO - [2024-08-21T09:56:02.317+0700] {dag.py:3211} INFO - Sync 2 DAGs
[2024-08-21T09:56:02.334+0700] {logging_mixin.py:190} INFO - [2024-08-21T09:56:02.333+0700] {dag.py:4138} INFO - Setting next_dagrun for example_xcom_args to None, run_after=None
[2024-08-21T09:56:02.337+0700] {logging_mixin.py:190} INFO - [2024-08-21T09:56:02.337+0700] {dag.py:4138} INFO - Setting next_dagrun for example_xcom_args_with_operators to None, run_after=None
[2024-08-21T09:56:02.356+0700] {processor.py:208} INFO - Processing /home/user/airflow/airflow_venv/lib/python3.10/site-packages/airflow/example_dags/example_xcomargs.py took 0.079 seconds
[2024-08-21T09:56:55.252+0700] {processor.py:186} INFO - Started process (PID=61085) to work on /home/user/airflow/airflow_venv/lib/python3.10/site-packages/airflow/example_dags/example_xcomargs.py
[2024-08-21T09:56:55.257+0700] {processor.py:914} INFO - Processing file /home/user/airflow/airflow_venv/lib/python3.10/site-packages/airflow/example_dags/example_xcomargs.py for tasks to queue
[2024-08-21T09:56:55.259+0700] {logging_mixin.py:190} INFO - [2024-08-21T09:56:55.258+0700] {dagbag.py:587} INFO - Filling up the DagBag from /home/user/airflow/airflow_venv/lib/python3.10/site-packages/airflow/example_dags/example_xcomargs.py
[2024-08-21T09:56:55.267+0700] {processor.py:925} INFO - DAG(s) 'example_xcom_args', 'example_xcom_args_with_operators' retrieved from /home/user/airflow/airflow_venv/lib/python3.10/site-packages/airflow/example_dags/example_xcomargs.py
[2024-08-21T09:56:55.283+0700] {logging_mixin.py:190} INFO - [2024-08-21T09:56:55.283+0700] {dag.py:3211} INFO - Sync 2 DAGs
[2024-08-21T09:56:55.295+0700] {logging_mixin.py:190} INFO - [2024-08-21T09:56:55.294+0700] {dag.py:4138} INFO - Setting next_dagrun for example_xcom_args to None, run_after=None
[2024-08-21T09:56:55.297+0700] {logging_mixin.py:190} INFO - [2024-08-21T09:56:55.297+0700] {dag.py:4138} INFO - Setting next_dagrun for example_xcom_args_with_operators to None, run_after=None
[2024-08-21T09:56:55.317+0700] {processor.py:208} INFO - Processing /home/user/airflow/airflow_venv/lib/python3.10/site-packages/airflow/example_dags/example_xcomargs.py took 0.070 seconds
[2024-08-21T09:57:49.362+0700] {processor.py:186} INFO - Started process (PID=61508) to work on /home/user/airflow/airflow_venv/lib/python3.10/site-packages/airflow/example_dags/example_xcomargs.py
[2024-08-21T09:57:49.363+0700] {processor.py:914} INFO - Processing file /home/user/airflow/airflow_venv/lib/python3.10/site-packages/airflow/example_dags/example_xcomargs.py for tasks to queue
[2024-08-21T09:57:49.364+0700] {logging_mixin.py:190} INFO - [2024-08-21T09:57:49.364+0700] {dagbag.py:587} INFO - Filling up the DagBag from /home/user/airflow/airflow_venv/lib/python3.10/site-packages/airflow/example_dags/example_xcomargs.py
[2024-08-21T09:57:49.372+0700] {processor.py:925} INFO - DAG(s) 'example_xcom_args_with_operators', 'example_xcom_args' retrieved from /home/user/airflow/airflow_venv/lib/python3.10/site-packages/airflow/example_dags/example_xcomargs.py
[2024-08-21T09:57:49.386+0700] {logging_mixin.py:190} INFO - [2024-08-21T09:57:49.386+0700] {dag.py:3211} INFO - Sync 2 DAGs
[2024-08-21T09:57:49.395+0700] {logging_mixin.py:190} INFO - [2024-08-21T09:57:49.395+0700] {dag.py:4138} INFO - Setting next_dagrun for example_xcom_args to None, run_after=None
[2024-08-21T09:57:49.397+0700] {logging_mixin.py:190} INFO - [2024-08-21T09:57:49.397+0700] {dag.py:4138} INFO - Setting next_dagrun for example_xcom_args_with_operators to None, run_after=None
[2024-08-21T09:57:49.411+0700] {processor.py:208} INFO - Processing /home/user/airflow/airflow_venv/lib/python3.10/site-packages/airflow/example_dags/example_xcomargs.py took 0.055 seconds
[2024-08-21T09:58:41.229+0700] {processor.py:186} INFO - Started process (PID=61914) to work on /home/user/airflow/airflow_venv/lib/python3.10/site-packages/airflow/example_dags/example_xcomargs.py
[2024-08-21T09:58:41.231+0700] {processor.py:914} INFO - Processing file /home/user/airflow/airflow_venv/lib/python3.10/site-packages/airflow/example_dags/example_xcomargs.py for tasks to queue
[2024-08-21T09:58:41.233+0700] {logging_mixin.py:190} INFO - [2024-08-21T09:58:41.232+0700] {dagbag.py:587} INFO - Filling up the DagBag from /home/user/airflow/airflow_venv/lib/python3.10/site-packages/airflow/example_dags/example_xcomargs.py
[2024-08-21T09:58:41.240+0700] {processor.py:925} INFO - DAG(s) 'example_xcom_args_with_operators', 'example_xcom_args' retrieved from /home/user/airflow/airflow_venv/lib/python3.10/site-packages/airflow/example_dags/example_xcomargs.py
[2024-08-21T09:58:41.256+0700] {logging_mixin.py:190} INFO - [2024-08-21T09:58:41.256+0700] {dag.py:3211} INFO - Sync 2 DAGs
[2024-08-21T09:58:41.265+0700] {logging_mixin.py:190} INFO - [2024-08-21T09:58:41.265+0700] {dag.py:4138} INFO - Setting next_dagrun for example_xcom_args to None, run_after=None
[2024-08-21T09:58:41.268+0700] {logging_mixin.py:190} INFO - [2024-08-21T09:58:41.267+0700] {dag.py:4138} INFO - Setting next_dagrun for example_xcom_args_with_operators to None, run_after=None
[2024-08-21T09:58:41.286+0700] {processor.py:208} INFO - Processing /home/user/airflow/airflow_venv/lib/python3.10/site-packages/airflow/example_dags/example_xcomargs.py took 0.062 seconds
[2024-08-21T09:59:30.408+0700] {processor.py:186} INFO - Started process (PID=62302) to work on /home/user/airflow/airflow_venv/lib/python3.10/site-packages/airflow/example_dags/example_xcomargs.py
[2024-08-21T09:59:30.409+0700] {processor.py:914} INFO - Processing file /home/user/airflow/airflow_venv/lib/python3.10/site-packages/airflow/example_dags/example_xcomargs.py for tasks to queue
[2024-08-21T09:59:30.411+0700] {logging_mixin.py:190} INFO - [2024-08-21T09:59:30.410+0700] {dagbag.py:587} INFO - Filling up the DagBag from /home/user/airflow/airflow_venv/lib/python3.10/site-packages/airflow/example_dags/example_xcomargs.py
[2024-08-21T09:59:30.419+0700] {processor.py:925} INFO - DAG(s) 'example_xcom_args_with_operators', 'example_xcom_args' retrieved from /home/user/airflow/airflow_venv/lib/python3.10/site-packages/airflow/example_dags/example_xcomargs.py
[2024-08-21T09:59:30.435+0700] {logging_mixin.py:190} INFO - [2024-08-21T09:59:30.434+0700] {dag.py:3211} INFO - Sync 2 DAGs
[2024-08-21T09:59:30.443+0700] {logging_mixin.py:190} INFO - [2024-08-21T09:59:30.442+0700] {dag.py:4138} INFO - Setting next_dagrun for example_xcom_args to None, run_after=None
[2024-08-21T09:59:30.446+0700] {logging_mixin.py:190} INFO - [2024-08-21T09:59:30.445+0700] {dag.py:4138} INFO - Setting next_dagrun for example_xcom_args_with_operators to None, run_after=None
[2024-08-21T09:59:30.461+0700] {processor.py:208} INFO - Processing /home/user/airflow/airflow_venv/lib/python3.10/site-packages/airflow/example_dags/example_xcomargs.py took 0.058 seconds
