[2024-08-21T07:20:15.974+0700] {processor.py:186} INFO - Started process (PID=1559) to work on /home/user/airflow/airflow_venv/lib/python3.10/site-packages/airflow/example_dags/example_short_circuit_operator.py
[2024-08-21T07:20:15.976+0700] {processor.py:914} INFO - Processing file /home/user/airflow/airflow_venv/lib/python3.10/site-packages/airflow/example_dags/example_short_circuit_operator.py for tasks to queue
[2024-08-21T07:20:15.978+0700] {logging_mixin.py:190} INFO - [2024-08-21T07:20:15.978+0700] {dagbag.py:587} INFO - Filling up the DagBag from /home/user/airflow/airflow_venv/lib/python3.10/site-packages/airflow/example_dags/example_short_circuit_operator.py
[2024-08-21T07:20:15.989+0700] {processor.py:925} INFO - DAG(s) 'example_short_circuit_operator' retrieved from /home/user/airflow/airflow_venv/lib/python3.10/site-packages/airflow/example_dags/example_short_circuit_operator.py
[2024-08-21T07:20:16.115+0700] {logging_mixin.py:190} INFO - [2024-08-21T07:20:16.115+0700] {dag.py:3211} INFO - Sync 1 DAGs
[2024-08-21T07:20:16.146+0700] {logging_mixin.py:190} INFO - [2024-08-21T07:20:16.145+0700] {dag.py:4138} INFO - Setting next_dagrun for example_short_circuit_operator to 2024-08-20 00:00:00+00:00, run_after=2024-08-21 00:00:00+00:00
[2024-08-21T07:20:16.186+0700] {processor.py:208} INFO - Processing /home/user/airflow/airflow_venv/lib/python3.10/site-packages/airflow/example_dags/example_short_circuit_operator.py took 0.217 seconds
[2024-08-21T07:21:15.400+0700] {processor.py:186} INFO - Started process (PID=2025) to work on /home/user/airflow/airflow_venv/lib/python3.10/site-packages/airflow/example_dags/example_short_circuit_operator.py
[2024-08-21T07:21:15.401+0700] {processor.py:914} INFO - Processing file /home/user/airflow/airflow_venv/lib/python3.10/site-packages/airflow/example_dags/example_short_circuit_operator.py for tasks to queue
[2024-08-21T07:21:15.403+0700] {logging_mixin.py:190} INFO - [2024-08-21T07:21:15.403+0700] {dagbag.py:587} INFO - Filling up the DagBag from /home/user/airflow/airflow_venv/lib/python3.10/site-packages/airflow/example_dags/example_short_circuit_operator.py
[2024-08-21T07:21:15.410+0700] {processor.py:925} INFO - DAG(s) 'example_short_circuit_operator' retrieved from /home/user/airflow/airflow_venv/lib/python3.10/site-packages/airflow/example_dags/example_short_circuit_operator.py
[2024-08-21T07:21:15.426+0700] {logging_mixin.py:190} INFO - [2024-08-21T07:21:15.426+0700] {dag.py:3211} INFO - Sync 1 DAGs
[2024-08-21T07:21:15.441+0700] {logging_mixin.py:190} INFO - [2024-08-21T07:21:15.441+0700] {dag.py:4138} INFO - Setting next_dagrun for example_short_circuit_operator to 2024-08-20 00:00:00+00:00, run_after=2024-08-21 00:00:00+00:00
[2024-08-21T07:21:15.468+0700] {processor.py:208} INFO - Processing /home/user/airflow/airflow_venv/lib/python3.10/site-packages/airflow/example_dags/example_short_circuit_operator.py took 0.073 seconds
[2024-08-21T07:22:12.957+0700] {processor.py:186} INFO - Started process (PID=2482) to work on /home/user/airflow/airflow_venv/lib/python3.10/site-packages/airflow/example_dags/example_short_circuit_operator.py
[2024-08-21T07:22:12.959+0700] {processor.py:914} INFO - Processing file /home/user/airflow/airflow_venv/lib/python3.10/site-packages/airflow/example_dags/example_short_circuit_operator.py for tasks to queue
[2024-08-21T07:22:12.960+0700] {logging_mixin.py:190} INFO - [2024-08-21T07:22:12.960+0700] {dagbag.py:587} INFO - Filling up the DagBag from /home/user/airflow/airflow_venv/lib/python3.10/site-packages/airflow/example_dags/example_short_circuit_operator.py
[2024-08-21T07:22:12.970+0700] {processor.py:925} INFO - DAG(s) 'example_short_circuit_operator' retrieved from /home/user/airflow/airflow_venv/lib/python3.10/site-packages/airflow/example_dags/example_short_circuit_operator.py
[2024-08-21T07:22:12.989+0700] {logging_mixin.py:190} INFO - [2024-08-21T07:22:12.989+0700] {dag.py:3211} INFO - Sync 1 DAGs
[2024-08-21T07:22:13.005+0700] {logging_mixin.py:190} INFO - [2024-08-21T07:22:13.005+0700] {dag.py:4138} INFO - Setting next_dagrun for example_short_circuit_operator to 2024-08-20 00:00:00+00:00, run_after=2024-08-21 00:00:00+00:00
[2024-08-21T07:22:13.028+0700] {processor.py:208} INFO - Processing /home/user/airflow/airflow_venv/lib/python3.10/site-packages/airflow/example_dags/example_short_circuit_operator.py took 0.076 seconds
[2024-08-21T07:22:26.853+0700] {processor.py:186} INFO - Started process (PID=2594) to work on /home/user/airflow/airflow_venv/lib/python3.10/site-packages/airflow/example_dags/example_short_circuit_operator.py
[2024-08-21T07:22:26.854+0700] {processor.py:914} INFO - Processing file /home/user/airflow/airflow_venv/lib/python3.10/site-packages/airflow/example_dags/example_short_circuit_operator.py for tasks to queue
[2024-08-21T07:22:26.858+0700] {logging_mixin.py:190} INFO - [2024-08-21T07:22:26.858+0700] {dagbag.py:587} INFO - Filling up the DagBag from /home/user/airflow/airflow_venv/lib/python3.10/site-packages/airflow/example_dags/example_short_circuit_operator.py
[2024-08-21T07:22:26.868+0700] {processor.py:925} INFO - DAG(s) 'example_short_circuit_operator' retrieved from /home/user/airflow/airflow_venv/lib/python3.10/site-packages/airflow/example_dags/example_short_circuit_operator.py
[2024-08-21T07:22:26.897+0700] {logging_mixin.py:190} INFO - [2024-08-21T07:22:26.897+0700] {dag.py:3211} INFO - Sync 1 DAGs
[2024-08-21T07:22:26.918+0700] {logging_mixin.py:190} INFO - [2024-08-21T07:22:26.917+0700] {dag.py:4138} INFO - Setting next_dagrun for example_short_circuit_operator to 2024-08-20 00:00:00+00:00, run_after=2024-08-21 00:00:00+00:00
[2024-08-21T07:22:26.940+0700] {processor.py:208} INFO - Processing /home/user/airflow/airflow_venv/lib/python3.10/site-packages/airflow/example_dags/example_short_circuit_operator.py took 0.094 seconds
[2024-08-21T07:23:11.695+0700] {processor.py:186} INFO - Started process (PID=2954) to work on /home/user/airflow/airflow_venv/lib/python3.10/site-packages/airflow/example_dags/example_short_circuit_operator.py
[2024-08-21T07:23:11.734+0700] {processor.py:914} INFO - Processing file /home/user/airflow/airflow_venv/lib/python3.10/site-packages/airflow/example_dags/example_short_circuit_operator.py for tasks to queue
[2024-08-21T07:23:11.738+0700] {logging_mixin.py:190} INFO - [2024-08-21T07:23:11.737+0700] {dagbag.py:587} INFO - Filling up the DagBag from /home/user/airflow/airflow_venv/lib/python3.10/site-packages/airflow/example_dags/example_short_circuit_operator.py
[2024-08-21T07:23:11.747+0700] {processor.py:925} INFO - DAG(s) 'example_short_circuit_operator' retrieved from /home/user/airflow/airflow_venv/lib/python3.10/site-packages/airflow/example_dags/example_short_circuit_operator.py
[2024-08-21T07:23:11.767+0700] {logging_mixin.py:190} INFO - [2024-08-21T07:23:11.766+0700] {dag.py:3211} INFO - Sync 1 DAGs
[2024-08-21T07:23:11.788+0700] {logging_mixin.py:190} INFO - [2024-08-21T07:23:11.787+0700] {dag.py:4138} INFO - Setting next_dagrun for example_short_circuit_operator to 2024-08-20 00:00:00+00:00, run_after=2024-08-21 00:00:00+00:00
[2024-08-21T07:23:11.826+0700] {processor.py:208} INFO - Processing /home/user/airflow/airflow_venv/lib/python3.10/site-packages/airflow/example_dags/example_short_circuit_operator.py took 0.136 seconds
[2024-08-21T07:24:19.833+0700] {processor.py:186} INFO - Started process (PID=3500) to work on /home/user/airflow/airflow_venv/lib/python3.10/site-packages/airflow/example_dags/example_short_circuit_operator.py
[2024-08-21T07:24:19.835+0700] {processor.py:914} INFO - Processing file /home/user/airflow/airflow_venv/lib/python3.10/site-packages/airflow/example_dags/example_short_circuit_operator.py for tasks to queue
[2024-08-21T07:24:19.838+0700] {logging_mixin.py:190} INFO - [2024-08-21T07:24:19.838+0700] {dagbag.py:587} INFO - Filling up the DagBag from /home/user/airflow/airflow_venv/lib/python3.10/site-packages/airflow/example_dags/example_short_circuit_operator.py
[2024-08-21T07:24:19.850+0700] {processor.py:925} INFO - DAG(s) 'example_short_circuit_operator' retrieved from /home/user/airflow/airflow_venv/lib/python3.10/site-packages/airflow/example_dags/example_short_circuit_operator.py
[2024-08-21T07:24:19.872+0700] {logging_mixin.py:190} INFO - [2024-08-21T07:24:19.871+0700] {dag.py:3211} INFO - Sync 1 DAGs
[2024-08-21T07:24:19.902+0700] {logging_mixin.py:190} INFO - [2024-08-21T07:24:19.902+0700] {dag.py:4138} INFO - Setting next_dagrun for example_short_circuit_operator to 2024-08-20 00:00:00+00:00, run_after=2024-08-21 00:00:00+00:00
[2024-08-21T07:24:19.932+0700] {processor.py:208} INFO - Processing /home/user/airflow/airflow_venv/lib/python3.10/site-packages/airflow/example_dags/example_short_circuit_operator.py took 0.105 seconds
[2024-08-21T07:24:55.958+0700] {processor.py:186} INFO - Started process (PID=3795) to work on /home/user/airflow/airflow_venv/lib/python3.10/site-packages/airflow/example_dags/example_short_circuit_operator.py
[2024-08-21T07:24:55.960+0700] {processor.py:914} INFO - Processing file /home/user/airflow/airflow_venv/lib/python3.10/site-packages/airflow/example_dags/example_short_circuit_operator.py for tasks to queue
[2024-08-21T07:24:55.962+0700] {logging_mixin.py:190} INFO - [2024-08-21T07:24:55.961+0700] {dagbag.py:587} INFO - Filling up the DagBag from /home/user/airflow/airflow_venv/lib/python3.10/site-packages/airflow/example_dags/example_short_circuit_operator.py
[2024-08-21T07:24:55.968+0700] {processor.py:925} INFO - DAG(s) 'example_short_circuit_operator' retrieved from /home/user/airflow/airflow_venv/lib/python3.10/site-packages/airflow/example_dags/example_short_circuit_operator.py
[2024-08-21T07:24:55.983+0700] {logging_mixin.py:190} INFO - [2024-08-21T07:24:55.983+0700] {dag.py:3211} INFO - Sync 1 DAGs
[2024-08-21T07:24:55.999+0700] {logging_mixin.py:190} INFO - [2024-08-21T07:24:55.999+0700] {dag.py:4138} INFO - Setting next_dagrun for example_short_circuit_operator to 2024-08-20 00:00:00+00:00, run_after=2024-08-21 00:00:00+00:00
[2024-08-21T07:24:56.016+0700] {processor.py:208} INFO - Processing /home/user/airflow/airflow_venv/lib/python3.10/site-packages/airflow/example_dags/example_short_circuit_operator.py took 0.063 seconds
[2024-08-21T07:25:47.342+0700] {processor.py:186} INFO - Started process (PID=4214) to work on /home/user/airflow/airflow_venv/lib/python3.10/site-packages/airflow/example_dags/example_short_circuit_operator.py
[2024-08-21T07:25:47.343+0700] {processor.py:914} INFO - Processing file /home/user/airflow/airflow_venv/lib/python3.10/site-packages/airflow/example_dags/example_short_circuit_operator.py for tasks to queue
[2024-08-21T07:25:47.348+0700] {logging_mixin.py:190} INFO - [2024-08-21T07:25:47.348+0700] {dagbag.py:587} INFO - Filling up the DagBag from /home/user/airflow/airflow_venv/lib/python3.10/site-packages/airflow/example_dags/example_short_circuit_operator.py
[2024-08-21T07:25:47.358+0700] {processor.py:925} INFO - DAG(s) 'example_short_circuit_operator' retrieved from /home/user/airflow/airflow_venv/lib/python3.10/site-packages/airflow/example_dags/example_short_circuit_operator.py
[2024-08-21T07:25:47.388+0700] {logging_mixin.py:190} INFO - [2024-08-21T07:25:47.387+0700] {dag.py:3211} INFO - Sync 1 DAGs
[2024-08-21T07:25:47.408+0700] {logging_mixin.py:190} INFO - [2024-08-21T07:25:47.407+0700] {dag.py:4138} INFO - Setting next_dagrun for example_short_circuit_operator to 2024-08-20 00:00:00+00:00, run_after=2024-08-21 00:00:00+00:00
[2024-08-21T07:25:47.432+0700] {processor.py:208} INFO - Processing /home/user/airflow/airflow_venv/lib/python3.10/site-packages/airflow/example_dags/example_short_circuit_operator.py took 0.095 seconds
[2024-08-21T07:26:41.123+0700] {processor.py:186} INFO - Started process (PID=4634) to work on /home/user/airflow/airflow_venv/lib/python3.10/site-packages/airflow/example_dags/example_short_circuit_operator.py
[2024-08-21T07:26:41.125+0700] {processor.py:914} INFO - Processing file /home/user/airflow/airflow_venv/lib/python3.10/site-packages/airflow/example_dags/example_short_circuit_operator.py for tasks to queue
[2024-08-21T07:26:41.127+0700] {logging_mixin.py:190} INFO - [2024-08-21T07:26:41.126+0700] {dagbag.py:587} INFO - Filling up the DagBag from /home/user/airflow/airflow_venv/lib/python3.10/site-packages/airflow/example_dags/example_short_circuit_operator.py
[2024-08-21T07:26:41.135+0700] {processor.py:925} INFO - DAG(s) 'example_short_circuit_operator' retrieved from /home/user/airflow/airflow_venv/lib/python3.10/site-packages/airflow/example_dags/example_short_circuit_operator.py
[2024-08-21T07:26:41.150+0700] {logging_mixin.py:190} INFO - [2024-08-21T07:26:41.150+0700] {dag.py:3211} INFO - Sync 1 DAGs
[2024-08-21T07:26:41.163+0700] {logging_mixin.py:190} INFO - [2024-08-21T07:26:41.163+0700] {dag.py:4138} INFO - Setting next_dagrun for example_short_circuit_operator to 2024-08-20 00:00:00+00:00, run_after=2024-08-21 00:00:00+00:00
[2024-08-21T07:26:41.182+0700] {processor.py:208} INFO - Processing /home/user/airflow/airflow_venv/lib/python3.10/site-packages/airflow/example_dags/example_short_circuit_operator.py took 0.062 seconds
[2024-08-21T07:27:30.460+0700] {processor.py:186} INFO - Started process (PID=5024) to work on /home/user/airflow/airflow_venv/lib/python3.10/site-packages/airflow/example_dags/example_short_circuit_operator.py
[2024-08-21T07:27:30.466+0700] {processor.py:914} INFO - Processing file /home/user/airflow/airflow_venv/lib/python3.10/site-packages/airflow/example_dags/example_short_circuit_operator.py for tasks to queue
[2024-08-21T07:27:30.469+0700] {logging_mixin.py:190} INFO - [2024-08-21T07:27:30.468+0700] {dagbag.py:587} INFO - Filling up the DagBag from /home/user/airflow/airflow_venv/lib/python3.10/site-packages/airflow/example_dags/example_short_circuit_operator.py
[2024-08-21T07:27:30.476+0700] {processor.py:925} INFO - DAG(s) 'example_short_circuit_operator' retrieved from /home/user/airflow/airflow_venv/lib/python3.10/site-packages/airflow/example_dags/example_short_circuit_operator.py
[2024-08-21T07:27:30.493+0700] {logging_mixin.py:190} INFO - [2024-08-21T07:27:30.493+0700] {dag.py:3211} INFO - Sync 1 DAGs
[2024-08-21T07:27:30.511+0700] {logging_mixin.py:190} INFO - [2024-08-21T07:27:30.510+0700] {dag.py:4138} INFO - Setting next_dagrun for example_short_circuit_operator to 2024-08-20 00:00:00+00:00, run_after=2024-08-21 00:00:00+00:00
[2024-08-21T07:27:30.532+0700] {processor.py:208} INFO - Processing /home/user/airflow/airflow_venv/lib/python3.10/site-packages/airflow/example_dags/example_short_circuit_operator.py took 0.077 seconds
[2024-08-21T07:28:23.995+0700] {processor.py:186} INFO - Started process (PID=5478) to work on /home/user/airflow/airflow_venv/lib/python3.10/site-packages/airflow/example_dags/example_short_circuit_operator.py
[2024-08-21T07:28:23.997+0700] {processor.py:914} INFO - Processing file /home/user/airflow/airflow_venv/lib/python3.10/site-packages/airflow/example_dags/example_short_circuit_operator.py for tasks to queue
[2024-08-21T07:28:23.999+0700] {logging_mixin.py:190} INFO - [2024-08-21T07:28:23.999+0700] {dagbag.py:587} INFO - Filling up the DagBag from /home/user/airflow/airflow_venv/lib/python3.10/site-packages/airflow/example_dags/example_short_circuit_operator.py
[2024-08-21T07:28:24.006+0700] {processor.py:925} INFO - DAG(s) 'example_short_circuit_operator' retrieved from /home/user/airflow/airflow_venv/lib/python3.10/site-packages/airflow/example_dags/example_short_circuit_operator.py
[2024-08-21T07:28:24.021+0700] {logging_mixin.py:190} INFO - [2024-08-21T07:28:24.021+0700] {dag.py:3211} INFO - Sync 1 DAGs
[2024-08-21T07:28:24.036+0700] {logging_mixin.py:190} INFO - [2024-08-21T07:28:24.035+0700] {dag.py:4138} INFO - Setting next_dagrun for example_short_circuit_operator to 2024-08-20 00:00:00+00:00, run_after=2024-08-21 00:00:00+00:00
[2024-08-21T07:28:24.053+0700] {processor.py:208} INFO - Processing /home/user/airflow/airflow_venv/lib/python3.10/site-packages/airflow/example_dags/example_short_circuit_operator.py took 0.063 seconds
[2024-08-21T07:29:14.231+0700] {processor.py:186} INFO - Started process (PID=5954) to work on /home/user/airflow/airflow_venv/lib/python3.10/site-packages/airflow/example_dags/example_short_circuit_operator.py
[2024-08-21T07:29:14.238+0700] {processor.py:914} INFO - Processing file /home/user/airflow/airflow_venv/lib/python3.10/site-packages/airflow/example_dags/example_short_circuit_operator.py for tasks to queue
[2024-08-21T07:29:14.240+0700] {logging_mixin.py:190} INFO - [2024-08-21T07:29:14.240+0700] {dagbag.py:587} INFO - Filling up the DagBag from /home/user/airflow/airflow_venv/lib/python3.10/site-packages/airflow/example_dags/example_short_circuit_operator.py
[2024-08-21T07:29:14.247+0700] {processor.py:925} INFO - DAG(s) 'example_short_circuit_operator' retrieved from /home/user/airflow/airflow_venv/lib/python3.10/site-packages/airflow/example_dags/example_short_circuit_operator.py
[2024-08-21T07:29:14.262+0700] {logging_mixin.py:190} INFO - [2024-08-21T07:29:14.262+0700] {dag.py:3211} INFO - Sync 1 DAGs
[2024-08-21T07:29:14.277+0700] {logging_mixin.py:190} INFO - [2024-08-21T07:29:14.277+0700] {dag.py:4138} INFO - Setting next_dagrun for example_short_circuit_operator to 2024-08-20 00:00:00+00:00, run_after=2024-08-21 00:00:00+00:00
[2024-08-21T07:29:14.294+0700] {processor.py:208} INFO - Processing /home/user/airflow/airflow_venv/lib/python3.10/site-packages/airflow/example_dags/example_short_circuit_operator.py took 0.068 seconds
[2024-08-21T07:30:04.600+0700] {processor.py:186} INFO - Started process (PID=6416) to work on /home/user/airflow/airflow_venv/lib/python3.10/site-packages/airflow/example_dags/example_short_circuit_operator.py
[2024-08-21T07:30:04.601+0700] {processor.py:914} INFO - Processing file /home/user/airflow/airflow_venv/lib/python3.10/site-packages/airflow/example_dags/example_short_circuit_operator.py for tasks to queue
[2024-08-21T07:30:04.604+0700] {logging_mixin.py:190} INFO - [2024-08-21T07:30:04.603+0700] {dagbag.py:587} INFO - Filling up the DagBag from /home/user/airflow/airflow_venv/lib/python3.10/site-packages/airflow/example_dags/example_short_circuit_operator.py
[2024-08-21T07:30:04.617+0700] {processor.py:925} INFO - DAG(s) 'example_short_circuit_operator' retrieved from /home/user/airflow/airflow_venv/lib/python3.10/site-packages/airflow/example_dags/example_short_circuit_operator.py
[2024-08-21T07:30:04.636+0700] {logging_mixin.py:190} INFO - [2024-08-21T07:30:04.636+0700] {dag.py:3211} INFO - Sync 1 DAGs
[2024-08-21T07:30:04.656+0700] {logging_mixin.py:190} INFO - [2024-08-21T07:30:04.656+0700] {dag.py:4138} INFO - Setting next_dagrun for example_short_circuit_operator to 2024-08-20 00:00:00+00:00, run_after=2024-08-21 00:00:00+00:00
[2024-08-21T07:30:04.687+0700] {processor.py:208} INFO - Processing /home/user/airflow/airflow_venv/lib/python3.10/site-packages/airflow/example_dags/example_short_circuit_operator.py took 0.093 seconds
[2024-08-21T07:30:52.151+0700] {processor.py:186} INFO - Started process (PID=6814) to work on /home/user/airflow/airflow_venv/lib/python3.10/site-packages/airflow/example_dags/example_short_circuit_operator.py
[2024-08-21T07:30:52.158+0700] {processor.py:914} INFO - Processing file /home/user/airflow/airflow_venv/lib/python3.10/site-packages/airflow/example_dags/example_short_circuit_operator.py for tasks to queue
[2024-08-21T07:30:52.160+0700] {logging_mixin.py:190} INFO - [2024-08-21T07:30:52.160+0700] {dagbag.py:587} INFO - Filling up the DagBag from /home/user/airflow/airflow_venv/lib/python3.10/site-packages/airflow/example_dags/example_short_circuit_operator.py
[2024-08-21T07:30:52.167+0700] {processor.py:925} INFO - DAG(s) 'example_short_circuit_operator' retrieved from /home/user/airflow/airflow_venv/lib/python3.10/site-packages/airflow/example_dags/example_short_circuit_operator.py
[2024-08-21T07:30:52.182+0700] {logging_mixin.py:190} INFO - [2024-08-21T07:30:52.182+0700] {dag.py:3211} INFO - Sync 1 DAGs
[2024-08-21T07:30:52.196+0700] {logging_mixin.py:190} INFO - [2024-08-21T07:30:52.196+0700] {dag.py:4138} INFO - Setting next_dagrun for example_short_circuit_operator to 2024-08-20 00:00:00+00:00, run_after=2024-08-21 00:00:00+00:00
[2024-08-21T07:30:52.212+0700] {processor.py:208} INFO - Processing /home/user/airflow/airflow_venv/lib/python3.10/site-packages/airflow/example_dags/example_short_circuit_operator.py took 0.065 seconds
[2024-08-21T07:31:40.824+0700] {processor.py:186} INFO - Started process (PID=7336) to work on /home/user/airflow/airflow_venv/lib/python3.10/site-packages/airflow/example_dags/example_short_circuit_operator.py
[2024-08-21T07:31:40.826+0700] {processor.py:914} INFO - Processing file /home/user/airflow/airflow_venv/lib/python3.10/site-packages/airflow/example_dags/example_short_circuit_operator.py for tasks to queue
[2024-08-21T07:31:40.828+0700] {logging_mixin.py:190} INFO - [2024-08-21T07:31:40.828+0700] {dagbag.py:587} INFO - Filling up the DagBag from /home/user/airflow/airflow_venv/lib/python3.10/site-packages/airflow/example_dags/example_short_circuit_operator.py
[2024-08-21T07:31:40.841+0700] {processor.py:925} INFO - DAG(s) 'example_short_circuit_operator' retrieved from /home/user/airflow/airflow_venv/lib/python3.10/site-packages/airflow/example_dags/example_short_circuit_operator.py
[2024-08-21T07:31:40.862+0700] {logging_mixin.py:190} INFO - [2024-08-21T07:31:40.862+0700] {dag.py:3211} INFO - Sync 1 DAGs
[2024-08-21T07:31:40.883+0700] {logging_mixin.py:190} INFO - [2024-08-21T07:31:40.882+0700] {dag.py:4138} INFO - Setting next_dagrun for example_short_circuit_operator to 2024-08-20 00:00:00+00:00, run_after=2024-08-21 00:00:00+00:00
[2024-08-21T07:31:40.912+0700] {processor.py:208} INFO - Processing /home/user/airflow/airflow_venv/lib/python3.10/site-packages/airflow/example_dags/example_short_circuit_operator.py took 0.094 seconds
[2024-08-21T07:32:30.376+0700] {processor.py:186} INFO - Started process (PID=7809) to work on /home/user/airflow/airflow_venv/lib/python3.10/site-packages/airflow/example_dags/example_short_circuit_operator.py
[2024-08-21T07:32:30.378+0700] {processor.py:914} INFO - Processing file /home/user/airflow/airflow_venv/lib/python3.10/site-packages/airflow/example_dags/example_short_circuit_operator.py for tasks to queue
[2024-08-21T07:32:30.380+0700] {logging_mixin.py:190} INFO - [2024-08-21T07:32:30.380+0700] {dagbag.py:587} INFO - Filling up the DagBag from /home/user/airflow/airflow_venv/lib/python3.10/site-packages/airflow/example_dags/example_short_circuit_operator.py
[2024-08-21T07:32:30.389+0700] {processor.py:925} INFO - DAG(s) 'example_short_circuit_operator' retrieved from /home/user/airflow/airflow_venv/lib/python3.10/site-packages/airflow/example_dags/example_short_circuit_operator.py
[2024-08-21T07:32:30.408+0700] {logging_mixin.py:190} INFO - [2024-08-21T07:32:30.408+0700] {dag.py:3211} INFO - Sync 1 DAGs
[2024-08-21T07:32:30.426+0700] {logging_mixin.py:190} INFO - [2024-08-21T07:32:30.426+0700] {dag.py:4138} INFO - Setting next_dagrun for example_short_circuit_operator to 2024-08-20 00:00:00+00:00, run_after=2024-08-21 00:00:00+00:00
[2024-08-21T07:32:30.446+0700] {processor.py:208} INFO - Processing /home/user/airflow/airflow_venv/lib/python3.10/site-packages/airflow/example_dags/example_short_circuit_operator.py took 0.076 seconds
