[2024-08-21T07:20:14.687+0700] {processor.py:186} INFO - Started process (PID=1550) to work on /home/user/airflow/airflow_venv/lib/python3.10/site-packages/airflow/example_dags/example_workday_timetable.py
[2024-08-21T07:20:14.688+0700] {processor.py:914} INFO - Processing file /home/user/airflow/airflow_venv/lib/python3.10/site-packages/airflow/example_dags/example_workday_timetable.py for tasks to queue
[2024-08-21T07:20:14.689+0700] {logging_mixin.py:190} INFO - [2024-08-21T07:20:14.689+0700] {dagbag.py:587} INFO - Filling up the DagBag from /home/user/airflow/airflow_venv/lib/python3.10/site-packages/airflow/example_dags/example_workday_timetable.py
[2024-08-21T07:20:14.696+0700] {processor.py:925} INFO - DAG(s) 'example_workday_timetable' retrieved from /home/user/airflow/airflow_venv/lib/python3.10/site-packages/airflow/example_dags/example_workday_timetable.py
[2024-08-21T07:20:14.787+0700] {logging_mixin.py:190} INFO - [2024-08-21T07:20:14.787+0700] {dag.py:3211} INFO - Sync 1 DAGs
[2024-08-21T07:20:14.810+0700] {logging_mixin.py:190} INFO - [2024-08-21T07:20:14.810+0700] {dag.py:4138} INFO - Setting next_dagrun for example_workday_timetable to 2021-01-01 00:00:00+00:00, run_after=2021-01-02 00:00:00+00:00
[2024-08-21T07:20:14.861+0700] {processor.py:208} INFO - Processing /home/user/airflow/airflow_venv/lib/python3.10/site-packages/airflow/example_dags/example_workday_timetable.py took 0.179 seconds
[2024-08-21T07:21:14.245+0700] {processor.py:186} INFO - Started process (PID=2020) to work on /home/user/airflow/airflow_venv/lib/python3.10/site-packages/airflow/example_dags/example_workday_timetable.py
[2024-08-21T07:21:14.247+0700] {processor.py:914} INFO - Processing file /home/user/airflow/airflow_venv/lib/python3.10/site-packages/airflow/example_dags/example_workday_timetable.py for tasks to queue
[2024-08-21T07:21:14.249+0700] {logging_mixin.py:190} INFO - [2024-08-21T07:21:14.249+0700] {dagbag.py:587} INFO - Filling up the DagBag from /home/user/airflow/airflow_venv/lib/python3.10/site-packages/airflow/example_dags/example_workday_timetable.py
[2024-08-21T07:21:14.254+0700] {processor.py:925} INFO - DAG(s) 'example_workday_timetable' retrieved from /home/user/airflow/airflow_venv/lib/python3.10/site-packages/airflow/example_dags/example_workday_timetable.py
[2024-08-21T07:21:14.270+0700] {logging_mixin.py:190} INFO - [2024-08-21T07:21:14.270+0700] {dag.py:3211} INFO - Sync 1 DAGs
[2024-08-21T07:21:14.291+0700] {logging_mixin.py:190} INFO - [2024-08-21T07:21:14.291+0700] {dag.py:4138} INFO - Setting next_dagrun for example_workday_timetable to 2021-01-01 00:00:00+00:00, run_after=2021-01-02 00:00:00+00:00
[2024-08-21T07:21:14.312+0700] {processor.py:208} INFO - Processing /home/user/airflow/airflow_venv/lib/python3.10/site-packages/airflow/example_dags/example_workday_timetable.py took 0.077 seconds
[2024-08-21T07:22:12.796+0700] {processor.py:186} INFO - Started process (PID=2480) to work on /home/user/airflow/airflow_venv/lib/python3.10/site-packages/airflow/example_dags/example_workday_timetable.py
[2024-08-21T07:22:12.797+0700] {processor.py:914} INFO - Processing file /home/user/airflow/airflow_venv/lib/python3.10/site-packages/airflow/example_dags/example_workday_timetable.py for tasks to queue
[2024-08-21T07:22:12.798+0700] {logging_mixin.py:190} INFO - [2024-08-21T07:22:12.798+0700] {dagbag.py:587} INFO - Filling up the DagBag from /home/user/airflow/airflow_venv/lib/python3.10/site-packages/airflow/example_dags/example_workday_timetable.py
[2024-08-21T07:22:12.805+0700] {processor.py:925} INFO - DAG(s) 'example_workday_timetable' retrieved from /home/user/airflow/airflow_venv/lib/python3.10/site-packages/airflow/example_dags/example_workday_timetable.py
[2024-08-21T07:22:12.818+0700] {logging_mixin.py:190} INFO - [2024-08-21T07:22:12.818+0700] {dag.py:3211} INFO - Sync 1 DAGs
[2024-08-21T07:22:12.834+0700] {logging_mixin.py:190} INFO - [2024-08-21T07:22:12.834+0700] {dag.py:4138} INFO - Setting next_dagrun for example_workday_timetable to 2021-01-01 00:00:00+00:00, run_after=2021-01-02 00:00:00+00:00
[2024-08-21T07:22:12.854+0700] {processor.py:208} INFO - Processing /home/user/airflow/airflow_venv/lib/python3.10/site-packages/airflow/example_dags/example_workday_timetable.py took 0.071 seconds
[2024-08-21T07:22:25.627+0700] {processor.py:186} INFO - Started process (PID=2584) to work on /home/user/airflow/airflow_venv/lib/python3.10/site-packages/airflow/example_dags/example_workday_timetable.py
[2024-08-21T07:22:25.628+0700] {processor.py:914} INFO - Processing file /home/user/airflow/airflow_venv/lib/python3.10/site-packages/airflow/example_dags/example_workday_timetable.py for tasks to queue
[2024-08-21T07:22:25.644+0700] {logging_mixin.py:190} INFO - [2024-08-21T07:22:25.644+0700] {dagbag.py:587} INFO - Filling up the DagBag from /home/user/airflow/airflow_venv/lib/python3.10/site-packages/airflow/example_dags/example_workday_timetable.py
[2024-08-21T07:22:25.680+0700] {processor.py:925} INFO - DAG(s) 'example_workday_timetable' retrieved from /home/user/airflow/airflow_venv/lib/python3.10/site-packages/airflow/example_dags/example_workday_timetable.py
[2024-08-21T07:22:25.705+0700] {logging_mixin.py:190} INFO - [2024-08-21T07:22:25.705+0700] {dag.py:3211} INFO - Sync 1 DAGs
[2024-08-21T07:22:25.728+0700] {logging_mixin.py:190} INFO - [2024-08-21T07:22:25.728+0700] {dag.py:4138} INFO - Setting next_dagrun for example_workday_timetable to 2021-01-01 00:00:00+00:00, run_after=2021-01-02 00:00:00+00:00
[2024-08-21T07:22:25.752+0700] {processor.py:208} INFO - Processing /home/user/airflow/airflow_venv/lib/python3.10/site-packages/airflow/example_dags/example_workday_timetable.py took 0.151 seconds
[2024-08-21T07:23:10.556+0700] {processor.py:186} INFO - Started process (PID=2940) to work on /home/user/airflow/airflow_venv/lib/python3.10/site-packages/airflow/example_dags/example_workday_timetable.py
[2024-08-21T07:23:10.558+0700] {processor.py:914} INFO - Processing file /home/user/airflow/airflow_venv/lib/python3.10/site-packages/airflow/example_dags/example_workday_timetable.py for tasks to queue
[2024-08-21T07:23:10.561+0700] {logging_mixin.py:190} INFO - [2024-08-21T07:23:10.561+0700] {dagbag.py:587} INFO - Filling up the DagBag from /home/user/airflow/airflow_venv/lib/python3.10/site-packages/airflow/example_dags/example_workday_timetable.py
[2024-08-21T07:23:10.569+0700] {processor.py:925} INFO - DAG(s) 'example_workday_timetable' retrieved from /home/user/airflow/airflow_venv/lib/python3.10/site-packages/airflow/example_dags/example_workday_timetable.py
[2024-08-21T07:23:10.583+0700] {logging_mixin.py:190} INFO - [2024-08-21T07:23:10.583+0700] {dag.py:3211} INFO - Sync 1 DAGs
[2024-08-21T07:23:10.600+0700] {logging_mixin.py:190} INFO - [2024-08-21T07:23:10.600+0700] {dag.py:4138} INFO - Setting next_dagrun for example_workday_timetable to 2021-01-01 00:00:00+00:00, run_after=2021-01-02 00:00:00+00:00
[2024-08-21T07:23:10.625+0700] {processor.py:208} INFO - Processing /home/user/airflow/airflow_venv/lib/python3.10/site-packages/airflow/example_dags/example_workday_timetable.py took 0.075 seconds
[2024-08-21T07:24:18.675+0700] {processor.py:186} INFO - Started process (PID=3495) to work on /home/user/airflow/airflow_venv/lib/python3.10/site-packages/airflow/example_dags/example_workday_timetable.py
[2024-08-21T07:24:18.677+0700] {processor.py:914} INFO - Processing file /home/user/airflow/airflow_venv/lib/python3.10/site-packages/airflow/example_dags/example_workday_timetable.py for tasks to queue
[2024-08-21T07:24:18.679+0700] {logging_mixin.py:190} INFO - [2024-08-21T07:24:18.678+0700] {dagbag.py:587} INFO - Filling up the DagBag from /home/user/airflow/airflow_venv/lib/python3.10/site-packages/airflow/example_dags/example_workday_timetable.py
[2024-08-21T07:24:18.684+0700] {processor.py:925} INFO - DAG(s) 'example_workday_timetable' retrieved from /home/user/airflow/airflow_venv/lib/python3.10/site-packages/airflow/example_dags/example_workday_timetable.py
[2024-08-21T07:24:18.699+0700] {logging_mixin.py:190} INFO - [2024-08-21T07:24:18.699+0700] {dag.py:3211} INFO - Sync 1 DAGs
[2024-08-21T07:24:18.724+0700] {logging_mixin.py:190} INFO - [2024-08-21T07:24:18.723+0700] {dag.py:4138} INFO - Setting next_dagrun for example_workday_timetable to 2021-01-01 00:00:00+00:00, run_after=2021-01-02 00:00:00+00:00
[2024-08-21T07:24:18.751+0700] {processor.py:208} INFO - Processing /home/user/airflow/airflow_venv/lib/python3.10/site-packages/airflow/example_dags/example_workday_timetable.py took 0.082 seconds
[2024-08-21T07:24:54.818+0700] {processor.py:186} INFO - Started process (PID=3784) to work on /home/user/airflow/airflow_venv/lib/python3.10/site-packages/airflow/example_dags/example_workday_timetable.py
[2024-08-21T07:24:54.819+0700] {processor.py:914} INFO - Processing file /home/user/airflow/airflow_venv/lib/python3.10/site-packages/airflow/example_dags/example_workday_timetable.py for tasks to queue
[2024-08-21T07:24:54.821+0700] {logging_mixin.py:190} INFO - [2024-08-21T07:24:54.821+0700] {dagbag.py:587} INFO - Filling up the DagBag from /home/user/airflow/airflow_venv/lib/python3.10/site-packages/airflow/example_dags/example_workday_timetable.py
[2024-08-21T07:24:54.828+0700] {processor.py:925} INFO - DAG(s) 'example_workday_timetable' retrieved from /home/user/airflow/airflow_venv/lib/python3.10/site-packages/airflow/example_dags/example_workday_timetable.py
[2024-08-21T07:24:54.842+0700] {logging_mixin.py:190} INFO - [2024-08-21T07:24:54.841+0700] {dag.py:3211} INFO - Sync 1 DAGs
[2024-08-21T07:24:54.857+0700] {logging_mixin.py:190} INFO - [2024-08-21T07:24:54.857+0700] {dag.py:4138} INFO - Setting next_dagrun for example_workday_timetable to 2021-01-01 00:00:00+00:00, run_after=2021-01-02 00:00:00+00:00
[2024-08-21T07:24:54.880+0700] {processor.py:208} INFO - Processing /home/user/airflow/airflow_venv/lib/python3.10/site-packages/airflow/example_dags/example_workday_timetable.py took 0.068 seconds
[2024-08-21T07:25:46.197+0700] {processor.py:186} INFO - Started process (PID=4203) to work on /home/user/airflow/airflow_venv/lib/python3.10/site-packages/airflow/example_dags/example_workday_timetable.py
[2024-08-21T07:25:46.199+0700] {processor.py:914} INFO - Processing file /home/user/airflow/airflow_venv/lib/python3.10/site-packages/airflow/example_dags/example_workday_timetable.py for tasks to queue
[2024-08-21T07:25:46.201+0700] {logging_mixin.py:190} INFO - [2024-08-21T07:25:46.201+0700] {dagbag.py:587} INFO - Filling up the DagBag from /home/user/airflow/airflow_venv/lib/python3.10/site-packages/airflow/example_dags/example_workday_timetable.py
[2024-08-21T07:25:46.207+0700] {processor.py:925} INFO - DAG(s) 'example_workday_timetable' retrieved from /home/user/airflow/airflow_venv/lib/python3.10/site-packages/airflow/example_dags/example_workday_timetable.py
[2024-08-21T07:25:46.231+0700] {logging_mixin.py:190} INFO - [2024-08-21T07:25:46.230+0700] {dag.py:3211} INFO - Sync 1 DAGs
[2024-08-21T07:25:46.250+0700] {logging_mixin.py:190} INFO - [2024-08-21T07:25:46.250+0700] {dag.py:4138} INFO - Setting next_dagrun for example_workday_timetable to 2021-01-01 00:00:00+00:00, run_after=2021-01-02 00:00:00+00:00
[2024-08-21T07:25:46.275+0700] {processor.py:208} INFO - Processing /home/user/airflow/airflow_venv/lib/python3.10/site-packages/airflow/example_dags/example_workday_timetable.py took 0.084 seconds
[2024-08-21T07:26:39.988+0700] {processor.py:186} INFO - Started process (PID=4623) to work on /home/user/airflow/airflow_venv/lib/python3.10/site-packages/airflow/example_dags/example_workday_timetable.py
[2024-08-21T07:26:39.994+0700] {processor.py:914} INFO - Processing file /home/user/airflow/airflow_venv/lib/python3.10/site-packages/airflow/example_dags/example_workday_timetable.py for tasks to queue
[2024-08-21T07:26:39.996+0700] {logging_mixin.py:190} INFO - [2024-08-21T07:26:39.996+0700] {dagbag.py:587} INFO - Filling up the DagBag from /home/user/airflow/airflow_venv/lib/python3.10/site-packages/airflow/example_dags/example_workday_timetable.py
[2024-08-21T07:26:40.002+0700] {processor.py:925} INFO - DAG(s) 'example_workday_timetable' retrieved from /home/user/airflow/airflow_venv/lib/python3.10/site-packages/airflow/example_dags/example_workday_timetable.py
[2024-08-21T07:26:40.019+0700] {logging_mixin.py:190} INFO - [2024-08-21T07:26:40.019+0700] {dag.py:3211} INFO - Sync 1 DAGs
[2024-08-21T07:26:40.036+0700] {logging_mixin.py:190} INFO - [2024-08-21T07:26:40.036+0700] {dag.py:4138} INFO - Setting next_dagrun for example_workday_timetable to 2021-01-01 00:00:00+00:00, run_after=2021-01-02 00:00:00+00:00
[2024-08-21T07:26:40.053+0700] {processor.py:208} INFO - Processing /home/user/airflow/airflow_venv/lib/python3.10/site-packages/airflow/example_dags/example_workday_timetable.py took 0.069 seconds
[2024-08-21T07:27:30.201+0700] {processor.py:186} INFO - Started process (PID=5022) to work on /home/user/airflow/airflow_venv/lib/python3.10/site-packages/airflow/example_dags/example_workday_timetable.py
[2024-08-21T07:27:30.203+0700] {processor.py:914} INFO - Processing file /home/user/airflow/airflow_venv/lib/python3.10/site-packages/airflow/example_dags/example_workday_timetable.py for tasks to queue
[2024-08-21T07:27:30.206+0700] {logging_mixin.py:190} INFO - [2024-08-21T07:27:30.205+0700] {dagbag.py:587} INFO - Filling up the DagBag from /home/user/airflow/airflow_venv/lib/python3.10/site-packages/airflow/example_dags/example_workday_timetable.py
[2024-08-21T07:27:30.213+0700] {processor.py:925} INFO - DAG(s) 'example_workday_timetable' retrieved from /home/user/airflow/airflow_venv/lib/python3.10/site-packages/airflow/example_dags/example_workday_timetable.py
[2024-08-21T07:27:30.229+0700] {logging_mixin.py:190} INFO - [2024-08-21T07:27:30.229+0700] {dag.py:3211} INFO - Sync 1 DAGs
[2024-08-21T07:27:30.245+0700] {logging_mixin.py:190} INFO - [2024-08-21T07:27:30.245+0700] {dag.py:4138} INFO - Setting next_dagrun for example_workday_timetable to 2021-01-01 00:00:00+00:00, run_after=2021-01-02 00:00:00+00:00
[2024-08-21T07:27:30.262+0700] {processor.py:208} INFO - Processing /home/user/airflow/airflow_venv/lib/python3.10/site-packages/airflow/example_dags/example_workday_timetable.py took 0.066 seconds
[2024-08-21T07:28:22.860+0700] {processor.py:186} INFO - Started process (PID=5473) to work on /home/user/airflow/airflow_venv/lib/python3.10/site-packages/airflow/example_dags/example_workday_timetable.py
[2024-08-21T07:28:22.861+0700] {processor.py:914} INFO - Processing file /home/user/airflow/airflow_venv/lib/python3.10/site-packages/airflow/example_dags/example_workday_timetable.py for tasks to queue
[2024-08-21T07:28:22.863+0700] {logging_mixin.py:190} INFO - [2024-08-21T07:28:22.863+0700] {dagbag.py:587} INFO - Filling up the DagBag from /home/user/airflow/airflow_venv/lib/python3.10/site-packages/airflow/example_dags/example_workday_timetable.py
[2024-08-21T07:28:22.869+0700] {processor.py:925} INFO - DAG(s) 'example_workday_timetable' retrieved from /home/user/airflow/airflow_venv/lib/python3.10/site-packages/airflow/example_dags/example_workday_timetable.py
[2024-08-21T07:28:22.884+0700] {logging_mixin.py:190} INFO - [2024-08-21T07:28:22.883+0700] {dag.py:3211} INFO - Sync 1 DAGs
[2024-08-21T07:28:22.901+0700] {logging_mixin.py:190} INFO - [2024-08-21T07:28:22.900+0700] {dag.py:4138} INFO - Setting next_dagrun for example_workday_timetable to 2021-01-01 00:00:00+00:00, run_after=2021-01-02 00:00:00+00:00
[2024-08-21T07:28:22.922+0700] {processor.py:208} INFO - Processing /home/user/airflow/airflow_venv/lib/python3.10/site-packages/airflow/example_dags/example_workday_timetable.py took 0.068 seconds
[2024-08-21T07:29:13.089+0700] {processor.py:186} INFO - Started process (PID=5943) to work on /home/user/airflow/airflow_venv/lib/python3.10/site-packages/airflow/example_dags/example_workday_timetable.py
[2024-08-21T07:29:13.091+0700] {processor.py:914} INFO - Processing file /home/user/airflow/airflow_venv/lib/python3.10/site-packages/airflow/example_dags/example_workday_timetable.py for tasks to queue
[2024-08-21T07:29:13.093+0700] {logging_mixin.py:190} INFO - [2024-08-21T07:29:13.092+0700] {dagbag.py:587} INFO - Filling up the DagBag from /home/user/airflow/airflow_venv/lib/python3.10/site-packages/airflow/example_dags/example_workday_timetable.py
[2024-08-21T07:29:13.099+0700] {processor.py:925} INFO - DAG(s) 'example_workday_timetable' retrieved from /home/user/airflow/airflow_venv/lib/python3.10/site-packages/airflow/example_dags/example_workday_timetable.py
[2024-08-21T07:29:13.112+0700] {logging_mixin.py:190} INFO - [2024-08-21T07:29:13.111+0700] {dag.py:3211} INFO - Sync 1 DAGs
[2024-08-21T07:29:13.128+0700] {logging_mixin.py:190} INFO - [2024-08-21T07:29:13.127+0700] {dag.py:4138} INFO - Setting next_dagrun for example_workday_timetable to 2021-01-01 00:00:00+00:00, run_after=2021-01-02 00:00:00+00:00
[2024-08-21T07:29:13.148+0700] {processor.py:208} INFO - Processing /home/user/airflow/airflow_venv/lib/python3.10/site-packages/airflow/example_dags/example_workday_timetable.py took 0.065 seconds
[2024-08-21T07:30:03.454+0700] {processor.py:186} INFO - Started process (PID=6411) to work on /home/user/airflow/airflow_venv/lib/python3.10/site-packages/airflow/example_dags/example_workday_timetable.py
[2024-08-21T07:30:03.456+0700] {processor.py:914} INFO - Processing file /home/user/airflow/airflow_venv/lib/python3.10/site-packages/airflow/example_dags/example_workday_timetable.py for tasks to queue
[2024-08-21T07:30:03.459+0700] {logging_mixin.py:190} INFO - [2024-08-21T07:30:03.458+0700] {dagbag.py:587} INFO - Filling up the DagBag from /home/user/airflow/airflow_venv/lib/python3.10/site-packages/airflow/example_dags/example_workday_timetable.py
[2024-08-21T07:30:03.467+0700] {processor.py:925} INFO - DAG(s) 'example_workday_timetable' retrieved from /home/user/airflow/airflow_venv/lib/python3.10/site-packages/airflow/example_dags/example_workday_timetable.py
[2024-08-21T07:30:03.485+0700] {logging_mixin.py:190} INFO - [2024-08-21T07:30:03.484+0700] {dag.py:3211} INFO - Sync 1 DAGs
[2024-08-21T07:30:03.501+0700] {logging_mixin.py:190} INFO - [2024-08-21T07:30:03.501+0700] {dag.py:4138} INFO - Setting next_dagrun for example_workday_timetable to 2021-01-01 00:00:00+00:00, run_after=2021-01-02 00:00:00+00:00
[2024-08-21T07:30:03.517+0700] {processor.py:208} INFO - Processing /home/user/airflow/airflow_venv/lib/python3.10/site-packages/airflow/example_dags/example_workday_timetable.py took 0.069 seconds
[2024-08-21T07:30:51.016+0700] {processor.py:186} INFO - Started process (PID=6809) to work on /home/user/airflow/airflow_venv/lib/python3.10/site-packages/airflow/example_dags/example_workday_timetable.py
[2024-08-21T07:30:51.017+0700] {processor.py:914} INFO - Processing file /home/user/airflow/airflow_venv/lib/python3.10/site-packages/airflow/example_dags/example_workday_timetable.py for tasks to queue
[2024-08-21T07:30:51.019+0700] {logging_mixin.py:190} INFO - [2024-08-21T07:30:51.019+0700] {dagbag.py:587} INFO - Filling up the DagBag from /home/user/airflow/airflow_venv/lib/python3.10/site-packages/airflow/example_dags/example_workday_timetable.py
[2024-08-21T07:30:51.024+0700] {processor.py:925} INFO - DAG(s) 'example_workday_timetable' retrieved from /home/user/airflow/airflow_venv/lib/python3.10/site-packages/airflow/example_dags/example_workday_timetable.py
[2024-08-21T07:30:51.040+0700] {logging_mixin.py:190} INFO - [2024-08-21T07:30:51.039+0700] {dag.py:3211} INFO - Sync 1 DAGs
[2024-08-21T07:30:51.055+0700] {logging_mixin.py:190} INFO - [2024-08-21T07:30:51.054+0700] {dag.py:4138} INFO - Setting next_dagrun for example_workday_timetable to 2021-01-01 00:00:00+00:00, run_after=2021-01-02 00:00:00+00:00
[2024-08-21T07:30:51.072+0700] {processor.py:208} INFO - Processing /home/user/airflow/airflow_venv/lib/python3.10/site-packages/airflow/example_dags/example_workday_timetable.py took 0.061 seconds
[2024-08-21T07:31:39.682+0700] {processor.py:186} INFO - Started process (PID=7331) to work on /home/user/airflow/airflow_venv/lib/python3.10/site-packages/airflow/example_dags/example_workday_timetable.py
[2024-08-21T07:31:39.684+0700] {processor.py:914} INFO - Processing file /home/user/airflow/airflow_venv/lib/python3.10/site-packages/airflow/example_dags/example_workday_timetable.py for tasks to queue
[2024-08-21T07:31:39.686+0700] {logging_mixin.py:190} INFO - [2024-08-21T07:31:39.686+0700] {dagbag.py:587} INFO - Filling up the DagBag from /home/user/airflow/airflow_venv/lib/python3.10/site-packages/airflow/example_dags/example_workday_timetable.py
[2024-08-21T07:31:39.693+0700] {processor.py:925} INFO - DAG(s) 'example_workday_timetable' retrieved from /home/user/airflow/airflow_venv/lib/python3.10/site-packages/airflow/example_dags/example_workday_timetable.py
[2024-08-21T07:31:39.709+0700] {logging_mixin.py:190} INFO - [2024-08-21T07:31:39.709+0700] {dag.py:3211} INFO - Sync 1 DAGs
[2024-08-21T07:31:39.726+0700] {logging_mixin.py:190} INFO - [2024-08-21T07:31:39.725+0700] {dag.py:4138} INFO - Setting next_dagrun for example_workday_timetable to 2021-01-01 00:00:00+00:00, run_after=2021-01-02 00:00:00+00:00
[2024-08-21T07:31:39.744+0700] {processor.py:208} INFO - Processing /home/user/airflow/airflow_venv/lib/python3.10/site-packages/airflow/example_dags/example_workday_timetable.py took 0.068 seconds
[2024-08-21T07:32:30.099+0700] {processor.py:186} INFO - Started process (PID=7807) to work on /home/user/airflow/airflow_venv/lib/python3.10/site-packages/airflow/example_dags/example_workday_timetable.py
[2024-08-21T07:32:30.100+0700] {processor.py:914} INFO - Processing file /home/user/airflow/airflow_venv/lib/python3.10/site-packages/airflow/example_dags/example_workday_timetable.py for tasks to queue
[2024-08-21T07:32:30.103+0700] {logging_mixin.py:190} INFO - [2024-08-21T07:32:30.102+0700] {dagbag.py:587} INFO - Filling up the DagBag from /home/user/airflow/airflow_venv/lib/python3.10/site-packages/airflow/example_dags/example_workday_timetable.py
[2024-08-21T07:32:30.109+0700] {processor.py:925} INFO - DAG(s) 'example_workday_timetable' retrieved from /home/user/airflow/airflow_venv/lib/python3.10/site-packages/airflow/example_dags/example_workday_timetable.py
[2024-08-21T07:32:30.124+0700] {logging_mixin.py:190} INFO - [2024-08-21T07:32:30.124+0700] {dag.py:3211} INFO - Sync 1 DAGs
[2024-08-21T07:32:30.145+0700] {logging_mixin.py:190} INFO - [2024-08-21T07:32:30.144+0700] {dag.py:4138} INFO - Setting next_dagrun for example_workday_timetable to 2021-01-01 00:00:00+00:00, run_after=2021-01-02 00:00:00+00:00
[2024-08-21T07:32:30.172+0700] {processor.py:208} INFO - Processing /home/user/airflow/airflow_venv/lib/python3.10/site-packages/airflow/example_dags/example_workday_timetable.py took 0.079 seconds
[2024-08-21T07:33:20.947+0700] {processor.py:186} INFO - Started process (PID=8349) to work on /home/user/airflow/airflow_venv/lib/python3.10/site-packages/airflow/example_dags/example_workday_timetable.py
[2024-08-21T07:33:20.948+0700] {processor.py:914} INFO - Processing file /home/user/airflow/airflow_venv/lib/python3.10/site-packages/airflow/example_dags/example_workday_timetable.py for tasks to queue
[2024-08-21T07:33:20.950+0700] {logging_mixin.py:190} INFO - [2024-08-21T07:33:20.950+0700] {dagbag.py:587} INFO - Filling up the DagBag from /home/user/airflow/airflow_venv/lib/python3.10/site-packages/airflow/example_dags/example_workday_timetable.py
[2024-08-21T07:33:20.957+0700] {processor.py:925} INFO - DAG(s) 'example_workday_timetable' retrieved from /home/user/airflow/airflow_venv/lib/python3.10/site-packages/airflow/example_dags/example_workday_timetable.py
[2024-08-21T07:33:20.969+0700] {logging_mixin.py:190} INFO - [2024-08-21T07:33:20.969+0700] {dag.py:3211} INFO - Sync 1 DAGs
[2024-08-21T07:33:20.985+0700] {logging_mixin.py:190} INFO - [2024-08-21T07:33:20.984+0700] {dag.py:4138} INFO - Setting next_dagrun for example_workday_timetable to 2021-01-01 00:00:00+00:00, run_after=2021-01-02 00:00:00+00:00
[2024-08-21T07:33:21.002+0700] {processor.py:208} INFO - Processing /home/user/airflow/airflow_venv/lib/python3.10/site-packages/airflow/example_dags/example_workday_timetable.py took 0.062 seconds
[2024-08-21T07:34:14.938+0700] {processor.py:186} INFO - Started process (PID=8863) to work on /home/user/airflow/airflow_venv/lib/python3.10/site-packages/airflow/example_dags/example_workday_timetable.py
[2024-08-21T07:34:14.939+0700] {processor.py:914} INFO - Processing file /home/user/airflow/airflow_venv/lib/python3.10/site-packages/airflow/example_dags/example_workday_timetable.py for tasks to queue
[2024-08-21T07:34:14.941+0700] {logging_mixin.py:190} INFO - [2024-08-21T07:34:14.940+0700] {dagbag.py:587} INFO - Filling up the DagBag from /home/user/airflow/airflow_venv/lib/python3.10/site-packages/airflow/example_dags/example_workday_timetable.py
[2024-08-21T07:34:14.946+0700] {processor.py:925} INFO - DAG(s) 'example_workday_timetable' retrieved from /home/user/airflow/airflow_venv/lib/python3.10/site-packages/airflow/example_dags/example_workday_timetable.py
[2024-08-21T07:34:14.965+0700] {logging_mixin.py:190} INFO - [2024-08-21T07:34:14.965+0700] {dag.py:3211} INFO - Sync 1 DAGs
[2024-08-21T07:34:14.984+0700] {logging_mixin.py:190} INFO - [2024-08-21T07:34:14.984+0700] {dag.py:4138} INFO - Setting next_dagrun for example_workday_timetable to 2021-01-01 00:00:00+00:00, run_after=2021-01-02 00:00:00+00:00
[2024-08-21T07:34:15.007+0700] {processor.py:208} INFO - Processing /home/user/airflow/airflow_venv/lib/python3.10/site-packages/airflow/example_dags/example_workday_timetable.py took 0.073 seconds
[2024-08-21T07:35:09.333+0700] {processor.py:186} INFO - Started process (PID=9937) to work on /home/user/airflow/airflow_venv/lib/python3.10/site-packages/airflow/example_dags/example_workday_timetable.py
[2024-08-21T07:35:09.335+0700] {processor.py:914} INFO - Processing file /home/user/airflow/airflow_venv/lib/python3.10/site-packages/airflow/example_dags/example_workday_timetable.py for tasks to queue
[2024-08-21T07:35:09.337+0700] {logging_mixin.py:190} INFO - [2024-08-21T07:35:09.336+0700] {dagbag.py:587} INFO - Filling up the DagBag from /home/user/airflow/airflow_venv/lib/python3.10/site-packages/airflow/example_dags/example_workday_timetable.py
[2024-08-21T07:35:09.343+0700] {processor.py:925} INFO - DAG(s) 'example_workday_timetable' retrieved from /home/user/airflow/airflow_venv/lib/python3.10/site-packages/airflow/example_dags/example_workday_timetable.py
[2024-08-21T07:35:09.355+0700] {logging_mixin.py:190} INFO - [2024-08-21T07:35:09.355+0700] {dag.py:3211} INFO - Sync 1 DAGs
[2024-08-21T07:35:09.377+0700] {logging_mixin.py:190} INFO - [2024-08-21T07:35:09.377+0700] {dag.py:4138} INFO - Setting next_dagrun for example_workday_timetable to 2021-01-01 00:00:00+00:00, run_after=2021-01-02 00:00:00+00:00
[2024-08-21T07:35:09.398+0700] {processor.py:208} INFO - Processing /home/user/airflow/airflow_venv/lib/python3.10/site-packages/airflow/example_dags/example_workday_timetable.py took 0.071 seconds
[2024-08-21T07:36:00.016+0700] {processor.py:186} INFO - Started process (PID=10470) to work on /home/user/airflow/airflow_venv/lib/python3.10/site-packages/airflow/example_dags/example_workday_timetable.py
[2024-08-21T07:36:00.018+0700] {processor.py:914} INFO - Processing file /home/user/airflow/airflow_venv/lib/python3.10/site-packages/airflow/example_dags/example_workday_timetable.py for tasks to queue
[2024-08-21T07:36:00.021+0700] {logging_mixin.py:190} INFO - [2024-08-21T07:36:00.021+0700] {dagbag.py:587} INFO - Filling up the DagBag from /home/user/airflow/airflow_venv/lib/python3.10/site-packages/airflow/example_dags/example_workday_timetable.py
[2024-08-21T07:36:00.027+0700] {processor.py:925} INFO - DAG(s) 'example_workday_timetable' retrieved from /home/user/airflow/airflow_venv/lib/python3.10/site-packages/airflow/example_dags/example_workday_timetable.py
[2024-08-21T07:36:00.045+0700] {logging_mixin.py:190} INFO - [2024-08-21T07:36:00.045+0700] {dag.py:3211} INFO - Sync 1 DAGs
[2024-08-21T07:36:00.067+0700] {logging_mixin.py:190} INFO - [2024-08-21T07:36:00.066+0700] {dag.py:4138} INFO - Setting next_dagrun for example_workday_timetable to 2021-01-01 00:00:00+00:00, run_after=2021-01-02 00:00:00+00:00
[2024-08-21T07:36:00.092+0700] {processor.py:208} INFO - Processing /home/user/airflow/airflow_venv/lib/python3.10/site-packages/airflow/example_dags/example_workday_timetable.py took 0.082 seconds
[2024-08-21T07:36:53.663+0700] {processor.py:186} INFO - Started process (PID=10890) to work on /home/user/airflow/airflow_venv/lib/python3.10/site-packages/airflow/example_dags/example_workday_timetable.py
[2024-08-21T07:36:53.669+0700] {processor.py:914} INFO - Processing file /home/user/airflow/airflow_venv/lib/python3.10/site-packages/airflow/example_dags/example_workday_timetable.py for tasks to queue
[2024-08-21T07:36:53.671+0700] {logging_mixin.py:190} INFO - [2024-08-21T07:36:53.671+0700] {dagbag.py:587} INFO - Filling up the DagBag from /home/user/airflow/airflow_venv/lib/python3.10/site-packages/airflow/example_dags/example_workday_timetable.py
[2024-08-21T07:36:53.676+0700] {processor.py:925} INFO - DAG(s) 'example_workday_timetable' retrieved from /home/user/airflow/airflow_venv/lib/python3.10/site-packages/airflow/example_dags/example_workday_timetable.py
[2024-08-21T07:36:53.687+0700] {logging_mixin.py:190} INFO - [2024-08-21T07:36:53.687+0700] {dag.py:3211} INFO - Sync 1 DAGs
[2024-08-21T07:36:53.701+0700] {logging_mixin.py:190} INFO - [2024-08-21T07:36:53.700+0700] {dag.py:4138} INFO - Setting next_dagrun for example_workday_timetable to 2021-01-01 00:00:00+00:00, run_after=2021-01-02 00:00:00+00:00
[2024-08-21T07:36:53.720+0700] {processor.py:208} INFO - Processing /home/user/airflow/airflow_venv/lib/python3.10/site-packages/airflow/example_dags/example_workday_timetable.py took 0.061 seconds
[2024-08-21T07:37:46.756+0700] {processor.py:186} INFO - Started process (PID=11484) to work on /home/user/airflow/airflow_venv/lib/python3.10/site-packages/airflow/example_dags/example_workday_timetable.py
[2024-08-21T07:37:46.757+0700] {processor.py:914} INFO - Processing file /home/user/airflow/airflow_venv/lib/python3.10/site-packages/airflow/example_dags/example_workday_timetable.py for tasks to queue
[2024-08-21T07:37:46.760+0700] {logging_mixin.py:190} INFO - [2024-08-21T07:37:46.760+0700] {dagbag.py:587} INFO - Filling up the DagBag from /home/user/airflow/airflow_venv/lib/python3.10/site-packages/airflow/example_dags/example_workday_timetable.py
[2024-08-21T07:37:46.767+0700] {processor.py:925} INFO - DAG(s) 'example_workday_timetable' retrieved from /home/user/airflow/airflow_venv/lib/python3.10/site-packages/airflow/example_dags/example_workday_timetable.py
[2024-08-21T07:37:46.787+0700] {logging_mixin.py:190} INFO - [2024-08-21T07:37:46.787+0700] {dag.py:3211} INFO - Sync 1 DAGs
[2024-08-21T07:37:46.824+0700] {logging_mixin.py:190} INFO - [2024-08-21T07:37:46.823+0700] {dag.py:4138} INFO - Setting next_dagrun for example_workday_timetable to 2021-01-01 00:00:00+00:00, run_after=2021-01-02 00:00:00+00:00
[2024-08-21T07:37:46.859+0700] {processor.py:208} INFO - Processing /home/user/airflow/airflow_venv/lib/python3.10/site-packages/airflow/example_dags/example_workday_timetable.py took 0.111 seconds
[2024-08-21T07:38:39.707+0700] {processor.py:186} INFO - Started process (PID=12084) to work on /home/user/airflow/airflow_venv/lib/python3.10/site-packages/airflow/example_dags/example_workday_timetable.py
[2024-08-21T07:38:39.709+0700] {processor.py:914} INFO - Processing file /home/user/airflow/airflow_venv/lib/python3.10/site-packages/airflow/example_dags/example_workday_timetable.py for tasks to queue
[2024-08-21T07:38:39.710+0700] {logging_mixin.py:190} INFO - [2024-08-21T07:38:39.710+0700] {dagbag.py:587} INFO - Filling up the DagBag from /home/user/airflow/airflow_venv/lib/python3.10/site-packages/airflow/example_dags/example_workday_timetable.py
[2024-08-21T07:38:39.716+0700] {processor.py:925} INFO - DAG(s) 'example_workday_timetable' retrieved from /home/user/airflow/airflow_venv/lib/python3.10/site-packages/airflow/example_dags/example_workday_timetable.py
[2024-08-21T07:38:39.727+0700] {logging_mixin.py:190} INFO - [2024-08-21T07:38:39.727+0700] {dag.py:3211} INFO - Sync 1 DAGs
[2024-08-21T07:38:39.741+0700] {logging_mixin.py:190} INFO - [2024-08-21T07:38:39.741+0700] {dag.py:4138} INFO - Setting next_dagrun for example_workday_timetable to 2021-01-01 00:00:00+00:00, run_after=2021-01-02 00:00:00+00:00
[2024-08-21T07:38:39.758+0700] {processor.py:208} INFO - Processing /home/user/airflow/airflow_venv/lib/python3.10/site-packages/airflow/example_dags/example_workday_timetable.py took 0.056 seconds
[2024-08-21T07:39:32.578+0700] {processor.py:186} INFO - Started process (PID=12657) to work on /home/user/airflow/airflow_venv/lib/python3.10/site-packages/airflow/example_dags/example_workday_timetable.py
[2024-08-21T07:39:32.579+0700] {processor.py:914} INFO - Processing file /home/user/airflow/airflow_venv/lib/python3.10/site-packages/airflow/example_dags/example_workday_timetable.py for tasks to queue
[2024-08-21T07:39:32.581+0700] {logging_mixin.py:190} INFO - [2024-08-21T07:39:32.581+0700] {dagbag.py:587} INFO - Filling up the DagBag from /home/user/airflow/airflow_venv/lib/python3.10/site-packages/airflow/example_dags/example_workday_timetable.py
[2024-08-21T07:39:32.586+0700] {processor.py:925} INFO - DAG(s) 'example_workday_timetable' retrieved from /home/user/airflow/airflow_venv/lib/python3.10/site-packages/airflow/example_dags/example_workday_timetable.py
[2024-08-21T07:39:32.599+0700] {logging_mixin.py:190} INFO - [2024-08-21T07:39:32.599+0700] {dag.py:3211} INFO - Sync 1 DAGs
[2024-08-21T07:39:32.614+0700] {logging_mixin.py:190} INFO - [2024-08-21T07:39:32.614+0700] {dag.py:4138} INFO - Setting next_dagrun for example_workday_timetable to 2021-01-01 00:00:00+00:00, run_after=2021-01-02 00:00:00+00:00
[2024-08-21T07:39:32.630+0700] {processor.py:208} INFO - Processing /home/user/airflow/airflow_venv/lib/python3.10/site-packages/airflow/example_dags/example_workday_timetable.py took 0.057 seconds
[2024-08-21T07:40:23.534+0700] {processor.py:186} INFO - Started process (PID=13211) to work on /home/user/airflow/airflow_venv/lib/python3.10/site-packages/airflow/example_dags/example_workday_timetable.py
[2024-08-21T07:40:23.537+0700] {processor.py:914} INFO - Processing file /home/user/airflow/airflow_venv/lib/python3.10/site-packages/airflow/example_dags/example_workday_timetable.py for tasks to queue
[2024-08-21T07:40:23.543+0700] {logging_mixin.py:190} INFO - [2024-08-21T07:40:23.542+0700] {dagbag.py:587} INFO - Filling up the DagBag from /home/user/airflow/airflow_venv/lib/python3.10/site-packages/airflow/example_dags/example_workday_timetable.py
[2024-08-21T07:40:23.549+0700] {processor.py:925} INFO - DAG(s) 'example_workday_timetable' retrieved from /home/user/airflow/airflow_venv/lib/python3.10/site-packages/airflow/example_dags/example_workday_timetable.py
[2024-08-21T07:40:23.562+0700] {logging_mixin.py:190} INFO - [2024-08-21T07:40:23.561+0700] {dag.py:3211} INFO - Sync 1 DAGs
[2024-08-21T07:40:23.577+0700] {logging_mixin.py:190} INFO - [2024-08-21T07:40:23.577+0700] {dag.py:4138} INFO - Setting next_dagrun for example_workday_timetable to 2021-01-01 00:00:00+00:00, run_after=2021-01-02 00:00:00+00:00
[2024-08-21T07:40:23.596+0700] {processor.py:208} INFO - Processing /home/user/airflow/airflow_venv/lib/python3.10/site-packages/airflow/example_dags/example_workday_timetable.py took 0.070 seconds
[2024-08-21T07:41:12.381+0700] {processor.py:186} INFO - Started process (PID=13748) to work on /home/user/airflow/airflow_venv/lib/python3.10/site-packages/airflow/example_dags/example_workday_timetable.py
[2024-08-21T07:41:12.388+0700] {processor.py:914} INFO - Processing file /home/user/airflow/airflow_venv/lib/python3.10/site-packages/airflow/example_dags/example_workday_timetable.py for tasks to queue
[2024-08-21T07:41:12.390+0700] {logging_mixin.py:190} INFO - [2024-08-21T07:41:12.389+0700] {dagbag.py:587} INFO - Filling up the DagBag from /home/user/airflow/airflow_venv/lib/python3.10/site-packages/airflow/example_dags/example_workday_timetable.py
[2024-08-21T07:41:12.394+0700] {processor.py:925} INFO - DAG(s) 'example_workday_timetable' retrieved from /home/user/airflow/airflow_venv/lib/python3.10/site-packages/airflow/example_dags/example_workday_timetable.py
[2024-08-21T07:41:12.405+0700] {logging_mixin.py:190} INFO - [2024-08-21T07:41:12.405+0700] {dag.py:3211} INFO - Sync 1 DAGs
[2024-08-21T07:41:12.418+0700] {logging_mixin.py:190} INFO - [2024-08-21T07:41:12.418+0700] {dag.py:4138} INFO - Setting next_dagrun for example_workday_timetable to 2021-01-01 00:00:00+00:00, run_after=2021-01-02 00:00:00+00:00
[2024-08-21T07:41:12.434+0700] {processor.py:208} INFO - Processing /home/user/airflow/airflow_venv/lib/python3.10/site-packages/airflow/example_dags/example_workday_timetable.py took 0.058 seconds
