[2024-08-21T07:20:55.779+0700] {processor.py:186} INFO - Started process (PID=1876) to work on /home/user/airflow/airflow_venv/lib/python3.10/site-packages/airflow/example_dags/example_dynamic_task_mapping.py
[2024-08-21T07:20:55.780+0700] {processor.py:914} INFO - Processing file /home/user/airflow/airflow_venv/lib/python3.10/site-packages/airflow/example_dags/example_dynamic_task_mapping.py for tasks to queue
[2024-08-21T07:20:55.782+0700] {logging_mixin.py:190} INFO - [2024-08-21T07:20:55.782+0700] {dagbag.py:587} INFO - Filling up the DagBag from /home/user/airflow/airflow_venv/lib/python3.10/site-packages/airflow/example_dags/example_dynamic_task_mapping.py
[2024-08-21T07:20:55.790+0700] {processor.py:925} INFO - DAG(s) 'example_dynamic_task_mapping' retrieved from /home/user/airflow/airflow_venv/lib/python3.10/site-packages/airflow/example_dags/example_dynamic_task_mapping.py
[2024-08-21T07:20:55.867+0700] {logging_mixin.py:190} INFO - [2024-08-21T07:20:55.866+0700] {dag.py:3211} INFO - Sync 1 DAGs
[2024-08-21T07:20:55.882+0700] {logging_mixin.py:190} INFO - [2024-08-21T07:20:55.882+0700] {dag.py:4138} INFO - Setting next_dagrun for example_dynamic_task_mapping to 2022-03-04 00:00:00+00:00, run_after=2022-03-05 00:00:00+00:00
[2024-08-21T07:20:55.903+0700] {processor.py:208} INFO - Processing /home/user/airflow/airflow_venv/lib/python3.10/site-packages/airflow/example_dags/example_dynamic_task_mapping.py took 0.130 seconds
[2024-08-21T07:21:53.182+0700] {processor.py:186} INFO - Started process (PID=2328) to work on /home/user/airflow/airflow_venv/lib/python3.10/site-packages/airflow/example_dags/example_dynamic_task_mapping.py
[2024-08-21T07:21:53.184+0700] {processor.py:914} INFO - Processing file /home/user/airflow/airflow_venv/lib/python3.10/site-packages/airflow/example_dags/example_dynamic_task_mapping.py for tasks to queue
[2024-08-21T07:21:53.185+0700] {logging_mixin.py:190} INFO - [2024-08-21T07:21:53.185+0700] {dagbag.py:587} INFO - Filling up the DagBag from /home/user/airflow/airflow_venv/lib/python3.10/site-packages/airflow/example_dags/example_dynamic_task_mapping.py
[2024-08-21T07:21:53.192+0700] {processor.py:925} INFO - DAG(s) 'example_dynamic_task_mapping' retrieved from /home/user/airflow/airflow_venv/lib/python3.10/site-packages/airflow/example_dags/example_dynamic_task_mapping.py
[2024-08-21T07:21:53.206+0700] {logging_mixin.py:190} INFO - [2024-08-21T07:21:53.205+0700] {dag.py:3211} INFO - Sync 1 DAGs
[2024-08-21T07:21:53.242+0700] {logging_mixin.py:190} INFO - [2024-08-21T07:21:53.241+0700] {dag.py:4138} INFO - Setting next_dagrun for example_dynamic_task_mapping to 2022-03-04 00:00:00+00:00, run_after=2022-03-05 00:00:00+00:00
[2024-08-21T07:21:53.269+0700] {processor.py:208} INFO - Processing /home/user/airflow/airflow_venv/lib/python3.10/site-packages/airflow/example_dags/example_dynamic_task_mapping.py took 0.094 seconds
[2024-08-21T07:23:51.237+0700] {processor.py:186} INFO - Started process (PID=3268) to work on /home/user/airflow/airflow_venv/lib/python3.10/site-packages/airflow/example_dags/example_dynamic_task_mapping.py
[2024-08-21T07:23:51.239+0700] {processor.py:914} INFO - Processing file /home/user/airflow/airflow_venv/lib/python3.10/site-packages/airflow/example_dags/example_dynamic_task_mapping.py for tasks to queue
[2024-08-21T07:23:51.241+0700] {logging_mixin.py:190} INFO - [2024-08-21T07:23:51.240+0700] {dagbag.py:587} INFO - Filling up the DagBag from /home/user/airflow/airflow_venv/lib/python3.10/site-packages/airflow/example_dags/example_dynamic_task_mapping.py
[2024-08-21T07:23:51.247+0700] {processor.py:925} INFO - DAG(s) 'example_dynamic_task_mapping' retrieved from /home/user/airflow/airflow_venv/lib/python3.10/site-packages/airflow/example_dags/example_dynamic_task_mapping.py
[2024-08-21T07:23:51.261+0700] {logging_mixin.py:190} INFO - [2024-08-21T07:23:51.261+0700] {dag.py:3211} INFO - Sync 1 DAGs
[2024-08-21T07:23:51.273+0700] {logging_mixin.py:190} INFO - [2024-08-21T07:23:51.273+0700] {dag.py:4138} INFO - Setting next_dagrun for example_dynamic_task_mapping to 2022-03-04 00:00:00+00:00, run_after=2022-03-05 00:00:00+00:00
[2024-08-21T07:23:51.292+0700] {processor.py:208} INFO - Processing /home/user/airflow/airflow_venv/lib/python3.10/site-packages/airflow/example_dags/example_dynamic_task_mapping.py took 0.060 seconds
[2024-08-21T07:25:02.246+0700] {processor.py:186} INFO - Started process (PID=3847) to work on /home/user/airflow/airflow_venv/lib/python3.10/site-packages/airflow/example_dags/example_dynamic_task_mapping.py
[2024-08-21T07:25:02.248+0700] {processor.py:914} INFO - Processing file /home/user/airflow/airflow_venv/lib/python3.10/site-packages/airflow/example_dags/example_dynamic_task_mapping.py for tasks to queue
[2024-08-21T07:25:02.250+0700] {logging_mixin.py:190} INFO - [2024-08-21T07:25:02.250+0700] {dagbag.py:587} INFO - Filling up the DagBag from /home/user/airflow/airflow_venv/lib/python3.10/site-packages/airflow/example_dags/example_dynamic_task_mapping.py
[2024-08-21T07:25:02.257+0700] {processor.py:925} INFO - DAG(s) 'example_dynamic_task_mapping' retrieved from /home/user/airflow/airflow_venv/lib/python3.10/site-packages/airflow/example_dags/example_dynamic_task_mapping.py
[2024-08-21T07:25:02.270+0700] {logging_mixin.py:190} INFO - [2024-08-21T07:25:02.270+0700] {dag.py:3211} INFO - Sync 1 DAGs
[2024-08-21T07:25:02.286+0700] {logging_mixin.py:190} INFO - [2024-08-21T07:25:02.285+0700] {dag.py:4138} INFO - Setting next_dagrun for example_dynamic_task_mapping to 2022-03-04 00:00:00+00:00, run_after=2022-03-05 00:00:00+00:00
[2024-08-21T07:25:02.304+0700] {processor.py:208} INFO - Processing /home/user/airflow/airflow_venv/lib/python3.10/site-packages/airflow/example_dags/example_dynamic_task_mapping.py took 0.063 seconds
[2024-08-21T07:25:57.644+0700] {processor.py:186} INFO - Started process (PID=4295) to work on /home/user/airflow/airflow_venv/lib/python3.10/site-packages/airflow/example_dags/example_dynamic_task_mapping.py
[2024-08-21T07:25:57.651+0700] {processor.py:914} INFO - Processing file /home/user/airflow/airflow_venv/lib/python3.10/site-packages/airflow/example_dags/example_dynamic_task_mapping.py for tasks to queue
[2024-08-21T07:25:57.654+0700] {logging_mixin.py:190} INFO - [2024-08-21T07:25:57.654+0700] {dagbag.py:587} INFO - Filling up the DagBag from /home/user/airflow/airflow_venv/lib/python3.10/site-packages/airflow/example_dags/example_dynamic_task_mapping.py
[2024-08-21T07:25:57.661+0700] {processor.py:925} INFO - DAG(s) 'example_dynamic_task_mapping' retrieved from /home/user/airflow/airflow_venv/lib/python3.10/site-packages/airflow/example_dags/example_dynamic_task_mapping.py
[2024-08-21T07:25:57.675+0700] {logging_mixin.py:190} INFO - [2024-08-21T07:25:57.675+0700] {dag.py:3211} INFO - Sync 1 DAGs
[2024-08-21T07:25:57.692+0700] {logging_mixin.py:190} INFO - [2024-08-21T07:25:57.692+0700] {dag.py:4138} INFO - Setting next_dagrun for example_dynamic_task_mapping to 2022-03-04 00:00:00+00:00, run_after=2022-03-05 00:00:00+00:00
[2024-08-21T07:25:57.713+0700] {processor.py:208} INFO - Processing /home/user/airflow/airflow_venv/lib/python3.10/site-packages/airflow/example_dags/example_dynamic_task_mapping.py took 0.075 seconds
[2024-08-21T07:26:53.148+0700] {processor.py:186} INFO - Started process (PID=4730) to work on /home/user/airflow/airflow_venv/lib/python3.10/site-packages/airflow/example_dags/example_dynamic_task_mapping.py
[2024-08-21T07:26:53.149+0700] {processor.py:914} INFO - Processing file /home/user/airflow/airflow_venv/lib/python3.10/site-packages/airflow/example_dags/example_dynamic_task_mapping.py for tasks to queue
[2024-08-21T07:26:53.151+0700] {logging_mixin.py:190} INFO - [2024-08-21T07:26:53.151+0700] {dagbag.py:587} INFO - Filling up the DagBag from /home/user/airflow/airflow_venv/lib/python3.10/site-packages/airflow/example_dags/example_dynamic_task_mapping.py
[2024-08-21T07:26:53.157+0700] {processor.py:925} INFO - DAG(s) 'example_dynamic_task_mapping' retrieved from /home/user/airflow/airflow_venv/lib/python3.10/site-packages/airflow/example_dags/example_dynamic_task_mapping.py
[2024-08-21T07:26:53.175+0700] {logging_mixin.py:190} INFO - [2024-08-21T07:26:53.174+0700] {dag.py:3211} INFO - Sync 1 DAGs
[2024-08-21T07:26:53.192+0700] {logging_mixin.py:190} INFO - [2024-08-21T07:26:53.192+0700] {dag.py:4138} INFO - Setting next_dagrun for example_dynamic_task_mapping to 2022-03-04 00:00:00+00:00, run_after=2022-03-05 00:00:00+00:00
[2024-08-21T07:26:53.212+0700] {processor.py:208} INFO - Processing /home/user/airflow/airflow_venv/lib/python3.10/site-packages/airflow/example_dags/example_dynamic_task_mapping.py took 0.069 seconds
[2024-08-21T07:27:44.613+0700] {processor.py:186} INFO - Started process (PID=5139) to work on /home/user/airflow/airflow_venv/lib/python3.10/site-packages/airflow/example_dags/example_dynamic_task_mapping.py
[2024-08-21T07:27:44.615+0700] {processor.py:914} INFO - Processing file /home/user/airflow/airflow_venv/lib/python3.10/site-packages/airflow/example_dags/example_dynamic_task_mapping.py for tasks to queue
[2024-08-21T07:27:44.617+0700] {logging_mixin.py:190} INFO - [2024-08-21T07:27:44.617+0700] {dagbag.py:587} INFO - Filling up the DagBag from /home/user/airflow/airflow_venv/lib/python3.10/site-packages/airflow/example_dags/example_dynamic_task_mapping.py
[2024-08-21T07:27:44.624+0700] {processor.py:925} INFO - DAG(s) 'example_dynamic_task_mapping' retrieved from /home/user/airflow/airflow_venv/lib/python3.10/site-packages/airflow/example_dags/example_dynamic_task_mapping.py
[2024-08-21T07:27:44.638+0700] {logging_mixin.py:190} INFO - [2024-08-21T07:27:44.638+0700] {dag.py:3211} INFO - Sync 1 DAGs
[2024-08-21T07:27:44.651+0700] {logging_mixin.py:190} INFO - [2024-08-21T07:27:44.651+0700] {dag.py:4138} INFO - Setting next_dagrun for example_dynamic_task_mapping to 2022-03-04 00:00:00+00:00, run_after=2022-03-05 00:00:00+00:00
[2024-08-21T07:27:44.670+0700] {processor.py:208} INFO - Processing /home/user/airflow/airflow_venv/lib/python3.10/site-packages/airflow/example_dags/example_dynamic_task_mapping.py took 0.062 seconds
[2024-08-21T07:28:36.030+0700] {processor.py:186} INFO - Started process (PID=5576) to work on /home/user/airflow/airflow_venv/lib/python3.10/site-packages/airflow/example_dags/example_dynamic_task_mapping.py
[2024-08-21T07:28:36.032+0700] {processor.py:914} INFO - Processing file /home/user/airflow/airflow_venv/lib/python3.10/site-packages/airflow/example_dags/example_dynamic_task_mapping.py for tasks to queue
[2024-08-21T07:28:36.033+0700] {logging_mixin.py:190} INFO - [2024-08-21T07:28:36.033+0700] {dagbag.py:587} INFO - Filling up the DagBag from /home/user/airflow/airflow_venv/lib/python3.10/site-packages/airflow/example_dags/example_dynamic_task_mapping.py
[2024-08-21T07:28:36.041+0700] {processor.py:925} INFO - DAG(s) 'example_dynamic_task_mapping' retrieved from /home/user/airflow/airflow_venv/lib/python3.10/site-packages/airflow/example_dags/example_dynamic_task_mapping.py
[2024-08-21T07:28:36.060+0700] {logging_mixin.py:190} INFO - [2024-08-21T07:28:36.060+0700] {dag.py:3211} INFO - Sync 1 DAGs
[2024-08-21T07:28:36.081+0700] {logging_mixin.py:190} INFO - [2024-08-21T07:28:36.081+0700] {dag.py:4138} INFO - Setting next_dagrun for example_dynamic_task_mapping to 2022-03-04 00:00:00+00:00, run_after=2022-03-05 00:00:00+00:00
[2024-08-21T07:28:36.106+0700] {processor.py:208} INFO - Processing /home/user/airflow/airflow_venv/lib/python3.10/site-packages/airflow/example_dags/example_dynamic_task_mapping.py took 0.082 seconds
[2024-08-21T07:29:27.886+0700] {processor.py:186} INFO - Started process (PID=6058) to work on /home/user/airflow/airflow_venv/lib/python3.10/site-packages/airflow/example_dags/example_dynamic_task_mapping.py
[2024-08-21T07:29:27.888+0700] {processor.py:914} INFO - Processing file /home/user/airflow/airflow_venv/lib/python3.10/site-packages/airflow/example_dags/example_dynamic_task_mapping.py for tasks to queue
[2024-08-21T07:29:27.889+0700] {logging_mixin.py:190} INFO - [2024-08-21T07:29:27.889+0700] {dagbag.py:587} INFO - Filling up the DagBag from /home/user/airflow/airflow_venv/lib/python3.10/site-packages/airflow/example_dags/example_dynamic_task_mapping.py
[2024-08-21T07:29:27.899+0700] {processor.py:925} INFO - DAG(s) 'example_dynamic_task_mapping' retrieved from /home/user/airflow/airflow_venv/lib/python3.10/site-packages/airflow/example_dags/example_dynamic_task_mapping.py
[2024-08-21T07:29:27.914+0700] {logging_mixin.py:190} INFO - [2024-08-21T07:29:27.914+0700] {dag.py:3211} INFO - Sync 1 DAGs
[2024-08-21T07:29:27.929+0700] {logging_mixin.py:190} INFO - [2024-08-21T07:29:27.928+0700] {dag.py:4138} INFO - Setting next_dagrun for example_dynamic_task_mapping to 2022-03-04 00:00:00+00:00, run_after=2022-03-05 00:00:00+00:00
[2024-08-21T07:29:27.950+0700] {processor.py:208} INFO - Processing /home/user/airflow/airflow_venv/lib/python3.10/site-packages/airflow/example_dags/example_dynamic_task_mapping.py took 0.068 seconds
[2024-08-21T07:30:18.315+0700] {processor.py:186} INFO - Started process (PID=6527) to work on /home/user/airflow/airflow_venv/lib/python3.10/site-packages/airflow/example_dags/example_dynamic_task_mapping.py
[2024-08-21T07:30:18.317+0700] {processor.py:914} INFO - Processing file /home/user/airflow/airflow_venv/lib/python3.10/site-packages/airflow/example_dags/example_dynamic_task_mapping.py for tasks to queue
[2024-08-21T07:30:18.318+0700] {logging_mixin.py:190} INFO - [2024-08-21T07:30:18.318+0700] {dagbag.py:587} INFO - Filling up the DagBag from /home/user/airflow/airflow_venv/lib/python3.10/site-packages/airflow/example_dags/example_dynamic_task_mapping.py
[2024-08-21T07:30:18.328+0700] {processor.py:925} INFO - DAG(s) 'example_dynamic_task_mapping' retrieved from /home/user/airflow/airflow_venv/lib/python3.10/site-packages/airflow/example_dags/example_dynamic_task_mapping.py
[2024-08-21T07:30:18.339+0700] {logging_mixin.py:190} INFO - [2024-08-21T07:30:18.339+0700] {dag.py:3211} INFO - Sync 1 DAGs
[2024-08-21T07:30:18.354+0700] {logging_mixin.py:190} INFO - [2024-08-21T07:30:18.354+0700] {dag.py:4138} INFO - Setting next_dagrun for example_dynamic_task_mapping to 2022-03-04 00:00:00+00:00, run_after=2022-03-05 00:00:00+00:00
[2024-08-21T07:30:18.369+0700] {processor.py:208} INFO - Processing /home/user/airflow/airflow_venv/lib/python3.10/site-packages/airflow/example_dags/example_dynamic_task_mapping.py took 0.058 seconds
[2024-08-21T07:31:09.058+0700] {processor.py:186} INFO - Started process (PID=7008) to work on /home/user/airflow/airflow_venv/lib/python3.10/site-packages/airflow/example_dags/example_dynamic_task_mapping.py
[2024-08-21T07:31:09.064+0700] {processor.py:914} INFO - Processing file /home/user/airflow/airflow_venv/lib/python3.10/site-packages/airflow/example_dags/example_dynamic_task_mapping.py for tasks to queue
[2024-08-21T07:31:09.066+0700] {logging_mixin.py:190} INFO - [2024-08-21T07:31:09.065+0700] {dagbag.py:587} INFO - Filling up the DagBag from /home/user/airflow/airflow_venv/lib/python3.10/site-packages/airflow/example_dags/example_dynamic_task_mapping.py
[2024-08-21T07:31:09.072+0700] {processor.py:925} INFO - DAG(s) 'example_dynamic_task_mapping' retrieved from /home/user/airflow/airflow_venv/lib/python3.10/site-packages/airflow/example_dags/example_dynamic_task_mapping.py
[2024-08-21T07:31:09.084+0700] {logging_mixin.py:190} INFO - [2024-08-21T07:31:09.084+0700] {dag.py:3211} INFO - Sync 1 DAGs
[2024-08-21T07:31:09.098+0700] {logging_mixin.py:190} INFO - [2024-08-21T07:31:09.097+0700] {dag.py:4138} INFO - Setting next_dagrun for example_dynamic_task_mapping to 2022-03-04 00:00:00+00:00, run_after=2022-03-05 00:00:00+00:00
[2024-08-21T07:31:09.113+0700] {processor.py:208} INFO - Processing /home/user/airflow/airflow_venv/lib/python3.10/site-packages/airflow/example_dags/example_dynamic_task_mapping.py took 0.060 seconds
[2024-08-21T07:32:21.372+0700] {processor.py:186} INFO - Started process (PID=7712) to work on /home/user/airflow/airflow_venv/lib/python3.10/site-packages/airflow/example_dags/example_dynamic_task_mapping.py
[2024-08-21T07:32:21.378+0700] {processor.py:914} INFO - Processing file /home/user/airflow/airflow_venv/lib/python3.10/site-packages/airflow/example_dags/example_dynamic_task_mapping.py for tasks to queue
[2024-08-21T07:32:21.380+0700] {logging_mixin.py:190} INFO - [2024-08-21T07:32:21.380+0700] {dagbag.py:587} INFO - Filling up the DagBag from /home/user/airflow/airflow_venv/lib/python3.10/site-packages/airflow/example_dags/example_dynamic_task_mapping.py
[2024-08-21T07:32:21.387+0700] {processor.py:925} INFO - DAG(s) 'example_dynamic_task_mapping' retrieved from /home/user/airflow/airflow_venv/lib/python3.10/site-packages/airflow/example_dags/example_dynamic_task_mapping.py
[2024-08-21T07:32:21.399+0700] {logging_mixin.py:190} INFO - [2024-08-21T07:32:21.399+0700] {dag.py:3211} INFO - Sync 1 DAGs
[2024-08-21T07:32:21.417+0700] {logging_mixin.py:190} INFO - [2024-08-21T07:32:21.417+0700] {dag.py:4138} INFO - Setting next_dagrun for example_dynamic_task_mapping to 2022-03-04 00:00:00+00:00, run_after=2022-03-05 00:00:00+00:00
[2024-08-21T07:32:21.435+0700] {processor.py:208} INFO - Processing /home/user/airflow/airflow_venv/lib/python3.10/site-packages/airflow/example_dags/example_dynamic_task_mapping.py took 0.067 seconds
