[2024-08-21T07:20:19.266+0700] {processor.py:186} INFO - Started process (PID=1587) to work on /home/user/airflow/airflow_venv/lib/python3.10/site-packages/airflow/example_dags/example_time_delta_sensor_async.py
[2024-08-21T07:20:19.269+0700] {processor.py:914} INFO - Processing file /home/user/airflow/airflow_venv/lib/python3.10/site-packages/airflow/example_dags/example_time_delta_sensor_async.py for tasks to queue
[2024-08-21T07:20:19.274+0700] {logging_mixin.py:190} INFO - [2024-08-21T07:20:19.272+0700] {dagbag.py:587} INFO - Filling up the DagBag from /home/user/airflow/airflow_venv/lib/python3.10/site-packages/airflow/example_dags/example_time_delta_sensor_async.py
[2024-08-21T07:20:19.291+0700] {processor.py:925} INFO - DAG(s) 'example_time_delta_sensor_async' retrieved from /home/user/airflow/airflow_venv/lib/python3.10/site-packages/airflow/example_dags/example_time_delta_sensor_async.py
[2024-08-21T07:20:19.403+0700] {logging_mixin.py:190} INFO - [2024-08-21T07:20:19.403+0700] {dag.py:3211} INFO - Sync 1 DAGs
[2024-08-21T07:20:19.413+0700] {logging_mixin.py:190} INFO - [2024-08-21T07:20:19.413+0700] {dag.py:4138} INFO - Setting next_dagrun for example_time_delta_sensor_async to None, run_after=None
[2024-08-21T07:20:19.438+0700] {processor.py:208} INFO - Processing /home/user/airflow/airflow_venv/lib/python3.10/site-packages/airflow/example_dags/example_time_delta_sensor_async.py took 0.181 seconds
[2024-08-21T07:21:18.825+0700] {processor.py:186} INFO - Started process (PID=2054) to work on /home/user/airflow/airflow_venv/lib/python3.10/site-packages/airflow/example_dags/example_time_delta_sensor_async.py
[2024-08-21T07:21:18.832+0700] {processor.py:914} INFO - Processing file /home/user/airflow/airflow_venv/lib/python3.10/site-packages/airflow/example_dags/example_time_delta_sensor_async.py for tasks to queue
[2024-08-21T07:21:18.835+0700] {logging_mixin.py:190} INFO - [2024-08-21T07:21:18.834+0700] {dagbag.py:587} INFO - Filling up the DagBag from /home/user/airflow/airflow_venv/lib/python3.10/site-packages/airflow/example_dags/example_time_delta_sensor_async.py
[2024-08-21T07:21:18.841+0700] {processor.py:925} INFO - DAG(s) 'example_time_delta_sensor_async' retrieved from /home/user/airflow/airflow_venv/lib/python3.10/site-packages/airflow/example_dags/example_time_delta_sensor_async.py
[2024-08-21T07:21:18.876+0700] {logging_mixin.py:190} INFO - [2024-08-21T07:21:18.876+0700] {dag.py:3211} INFO - Sync 1 DAGs
[2024-08-21T07:21:18.897+0700] {logging_mixin.py:190} INFO - [2024-08-21T07:21:18.896+0700] {dag.py:4138} INFO - Setting next_dagrun for example_time_delta_sensor_async to None, run_after=None
[2024-08-21T07:21:19.141+0700] {processor.py:208} INFO - Processing /home/user/airflow/airflow_venv/lib/python3.10/site-packages/airflow/example_dags/example_time_delta_sensor_async.py took 0.321 seconds
[2024-08-21T07:22:15.779+0700] {processor.py:186} INFO - Started process (PID=2508) to work on /home/user/airflow/airflow_venv/lib/python3.10/site-packages/airflow/example_dags/example_time_delta_sensor_async.py
[2024-08-21T07:22:15.780+0700] {processor.py:914} INFO - Processing file /home/user/airflow/airflow_venv/lib/python3.10/site-packages/airflow/example_dags/example_time_delta_sensor_async.py for tasks to queue
[2024-08-21T07:22:15.782+0700] {logging_mixin.py:190} INFO - [2024-08-21T07:22:15.781+0700] {dagbag.py:587} INFO - Filling up the DagBag from /home/user/airflow/airflow_venv/lib/python3.10/site-packages/airflow/example_dags/example_time_delta_sensor_async.py
[2024-08-21T07:22:15.790+0700] {processor.py:925} INFO - DAG(s) 'example_time_delta_sensor_async' retrieved from /home/user/airflow/airflow_venv/lib/python3.10/site-packages/airflow/example_dags/example_time_delta_sensor_async.py
[2024-08-21T07:22:15.806+0700] {logging_mixin.py:190} INFO - [2024-08-21T07:22:15.805+0700] {dag.py:3211} INFO - Sync 1 DAGs
[2024-08-21T07:22:15.816+0700] {logging_mixin.py:190} INFO - [2024-08-21T07:22:15.816+0700] {dag.py:4138} INFO - Setting next_dagrun for example_time_delta_sensor_async to None, run_after=None
[2024-08-21T07:22:15.838+0700] {processor.py:208} INFO - Processing /home/user/airflow/airflow_venv/lib/python3.10/site-packages/airflow/example_dags/example_time_delta_sensor_async.py took 0.063 seconds
[2024-08-21T07:22:29.987+0700] {processor.py:186} INFO - Started process (PID=2621) to work on /home/user/airflow/airflow_venv/lib/python3.10/site-packages/airflow/example_dags/example_time_delta_sensor_async.py
[2024-08-21T07:22:29.990+0700] {processor.py:914} INFO - Processing file /home/user/airflow/airflow_venv/lib/python3.10/site-packages/airflow/example_dags/example_time_delta_sensor_async.py for tasks to queue
[2024-08-21T07:22:29.993+0700] {logging_mixin.py:190} INFO - [2024-08-21T07:22:29.992+0700] {dagbag.py:587} INFO - Filling up the DagBag from /home/user/airflow/airflow_venv/lib/python3.10/site-packages/airflow/example_dags/example_time_delta_sensor_async.py
[2024-08-21T07:22:29.999+0700] {processor.py:925} INFO - DAG(s) 'example_time_delta_sensor_async' retrieved from /home/user/airflow/airflow_venv/lib/python3.10/site-packages/airflow/example_dags/example_time_delta_sensor_async.py
[2024-08-21T07:22:30.020+0700] {logging_mixin.py:190} INFO - [2024-08-21T07:22:30.020+0700] {dag.py:3211} INFO - Sync 1 DAGs
[2024-08-21T07:22:30.032+0700] {logging_mixin.py:190} INFO - [2024-08-21T07:22:30.031+0700] {dag.py:4138} INFO - Setting next_dagrun for example_time_delta_sensor_async to None, run_after=None
[2024-08-21T07:22:30.051+0700] {processor.py:208} INFO - Processing /home/user/airflow/airflow_venv/lib/python3.10/site-packages/airflow/example_dags/example_time_delta_sensor_async.py took 0.071 seconds
[2024-08-21T07:23:15.110+0700] {processor.py:186} INFO - Started process (PID=2982) to work on /home/user/airflow/airflow_venv/lib/python3.10/site-packages/airflow/example_dags/example_time_delta_sensor_async.py
[2024-08-21T07:23:15.112+0700] {processor.py:914} INFO - Processing file /home/user/airflow/airflow_venv/lib/python3.10/site-packages/airflow/example_dags/example_time_delta_sensor_async.py for tasks to queue
[2024-08-21T07:23:15.115+0700] {logging_mixin.py:190} INFO - [2024-08-21T07:23:15.115+0700] {dagbag.py:587} INFO - Filling up the DagBag from /home/user/airflow/airflow_venv/lib/python3.10/site-packages/airflow/example_dags/example_time_delta_sensor_async.py
[2024-08-21T07:23:15.124+0700] {processor.py:925} INFO - DAG(s) 'example_time_delta_sensor_async' retrieved from /home/user/airflow/airflow_venv/lib/python3.10/site-packages/airflow/example_dags/example_time_delta_sensor_async.py
[2024-08-21T07:23:15.140+0700] {logging_mixin.py:190} INFO - [2024-08-21T07:23:15.140+0700] {dag.py:3211} INFO - Sync 1 DAGs
[2024-08-21T07:23:15.150+0700] {logging_mixin.py:190} INFO - [2024-08-21T07:23:15.150+0700] {dag.py:4138} INFO - Setting next_dagrun for example_time_delta_sensor_async to None, run_after=None
[2024-08-21T07:23:15.168+0700] {processor.py:208} INFO - Processing /home/user/airflow/airflow_venv/lib/python3.10/site-packages/airflow/example_dags/example_time_delta_sensor_async.py took 0.064 seconds
[2024-08-21T07:24:23.351+0700] {processor.py:186} INFO - Started process (PID=3531) to work on /home/user/airflow/airflow_venv/lib/python3.10/site-packages/airflow/example_dags/example_time_delta_sensor_async.py
[2024-08-21T07:24:23.352+0700] {processor.py:914} INFO - Processing file /home/user/airflow/airflow_venv/lib/python3.10/site-packages/airflow/example_dags/example_time_delta_sensor_async.py for tasks to queue
[2024-08-21T07:24:23.354+0700] {logging_mixin.py:190} INFO - [2024-08-21T07:24:23.354+0700] {dagbag.py:587} INFO - Filling up the DagBag from /home/user/airflow/airflow_venv/lib/python3.10/site-packages/airflow/example_dags/example_time_delta_sensor_async.py
[2024-08-21T07:24:23.359+0700] {processor.py:925} INFO - DAG(s) 'example_time_delta_sensor_async' retrieved from /home/user/airflow/airflow_venv/lib/python3.10/site-packages/airflow/example_dags/example_time_delta_sensor_async.py
[2024-08-21T07:24:23.371+0700] {logging_mixin.py:190} INFO - [2024-08-21T07:24:23.371+0700] {dag.py:3211} INFO - Sync 1 DAGs
[2024-08-21T07:24:23.380+0700] {logging_mixin.py:190} INFO - [2024-08-21T07:24:23.380+0700] {dag.py:4138} INFO - Setting next_dagrun for example_time_delta_sensor_async to None, run_after=None
[2024-08-21T07:24:23.398+0700] {processor.py:208} INFO - Processing /home/user/airflow/airflow_venv/lib/python3.10/site-packages/airflow/example_dags/example_time_delta_sensor_async.py took 0.052 seconds
[2024-08-21T07:25:18.853+0700] {processor.py:186} INFO - Started process (PID=3980) to work on /home/user/airflow/airflow_venv/lib/python3.10/site-packages/airflow/example_dags/example_time_delta_sensor_async.py
[2024-08-21T07:25:18.855+0700] {processor.py:914} INFO - Processing file /home/user/airflow/airflow_venv/lib/python3.10/site-packages/airflow/example_dags/example_time_delta_sensor_async.py for tasks to queue
[2024-08-21T07:25:18.856+0700] {logging_mixin.py:190} INFO - [2024-08-21T07:25:18.856+0700] {dagbag.py:587} INFO - Filling up the DagBag from /home/user/airflow/airflow_venv/lib/python3.10/site-packages/airflow/example_dags/example_time_delta_sensor_async.py
[2024-08-21T07:25:18.862+0700] {processor.py:925} INFO - DAG(s) 'example_time_delta_sensor_async' retrieved from /home/user/airflow/airflow_venv/lib/python3.10/site-packages/airflow/example_dags/example_time_delta_sensor_async.py
[2024-08-21T07:25:18.877+0700] {logging_mixin.py:190} INFO - [2024-08-21T07:25:18.876+0700] {dag.py:3211} INFO - Sync 1 DAGs
[2024-08-21T07:25:18.887+0700] {logging_mixin.py:190} INFO - [2024-08-21T07:25:18.886+0700] {dag.py:4138} INFO - Setting next_dagrun for example_time_delta_sensor_async to None, run_after=None
[2024-08-21T07:25:18.906+0700] {processor.py:208} INFO - Processing /home/user/airflow/airflow_venv/lib/python3.10/site-packages/airflow/example_dags/example_time_delta_sensor_async.py took 0.057 seconds
[2024-08-21T07:26:11.557+0700] {processor.py:186} INFO - Started process (PID=4404) to work on /home/user/airflow/airflow_venv/lib/python3.10/site-packages/airflow/example_dags/example_time_delta_sensor_async.py
[2024-08-21T07:26:11.558+0700] {processor.py:914} INFO - Processing file /home/user/airflow/airflow_venv/lib/python3.10/site-packages/airflow/example_dags/example_time_delta_sensor_async.py for tasks to queue
[2024-08-21T07:26:11.560+0700] {logging_mixin.py:190} INFO - [2024-08-21T07:26:11.560+0700] {dagbag.py:587} INFO - Filling up the DagBag from /home/user/airflow/airflow_venv/lib/python3.10/site-packages/airflow/example_dags/example_time_delta_sensor_async.py
[2024-08-21T07:26:11.567+0700] {processor.py:925} INFO - DAG(s) 'example_time_delta_sensor_async' retrieved from /home/user/airflow/airflow_venv/lib/python3.10/site-packages/airflow/example_dags/example_time_delta_sensor_async.py
[2024-08-21T07:26:11.581+0700] {logging_mixin.py:190} INFO - [2024-08-21T07:26:11.580+0700] {dag.py:3211} INFO - Sync 1 DAGs
[2024-08-21T07:26:11.591+0700] {logging_mixin.py:190} INFO - [2024-08-21T07:26:11.590+0700] {dag.py:4138} INFO - Setting next_dagrun for example_time_delta_sensor_async to None, run_after=None
[2024-08-21T07:26:11.610+0700] {processor.py:208} INFO - Processing /home/user/airflow/airflow_venv/lib/python3.10/site-packages/airflow/example_dags/example_time_delta_sensor_async.py took 0.058 seconds
[2024-08-21T07:27:03.322+0700] {processor.py:186} INFO - Started process (PID=4810) to work on /home/user/airflow/airflow_venv/lib/python3.10/site-packages/airflow/example_dags/example_time_delta_sensor_async.py
[2024-08-21T07:27:03.324+0700] {processor.py:914} INFO - Processing file /home/user/airflow/airflow_venv/lib/python3.10/site-packages/airflow/example_dags/example_time_delta_sensor_async.py for tasks to queue
[2024-08-21T07:27:03.326+0700] {logging_mixin.py:190} INFO - [2024-08-21T07:27:03.326+0700] {dagbag.py:587} INFO - Filling up the DagBag from /home/user/airflow/airflow_venv/lib/python3.10/site-packages/airflow/example_dags/example_time_delta_sensor_async.py
[2024-08-21T07:27:03.331+0700] {processor.py:925} INFO - DAG(s) 'example_time_delta_sensor_async' retrieved from /home/user/airflow/airflow_venv/lib/python3.10/site-packages/airflow/example_dags/example_time_delta_sensor_async.py
[2024-08-21T07:27:03.342+0700] {logging_mixin.py:190} INFO - [2024-08-21T07:27:03.342+0700] {dag.py:3211} INFO - Sync 1 DAGs
[2024-08-21T07:27:03.351+0700] {logging_mixin.py:190} INFO - [2024-08-21T07:27:03.351+0700] {dag.py:4138} INFO - Setting next_dagrun for example_time_delta_sensor_async to None, run_after=None
[2024-08-21T07:27:03.367+0700] {processor.py:208} INFO - Processing /home/user/airflow/airflow_venv/lib/python3.10/site-packages/airflow/example_dags/example_time_delta_sensor_async.py took 0.049 seconds
[2024-08-21T07:27:54.433+0700] {processor.py:186} INFO - Started process (PID=5248) to work on /home/user/airflow/airflow_venv/lib/python3.10/site-packages/airflow/example_dags/example_time_delta_sensor_async.py
[2024-08-21T07:27:54.435+0700] {processor.py:914} INFO - Processing file /home/user/airflow/airflow_venv/lib/python3.10/site-packages/airflow/example_dags/example_time_delta_sensor_async.py for tasks to queue
[2024-08-21T07:27:54.437+0700] {logging_mixin.py:190} INFO - [2024-08-21T07:27:54.436+0700] {dagbag.py:587} INFO - Filling up the DagBag from /home/user/airflow/airflow_venv/lib/python3.10/site-packages/airflow/example_dags/example_time_delta_sensor_async.py
[2024-08-21T07:27:54.443+0700] {processor.py:925} INFO - DAG(s) 'example_time_delta_sensor_async' retrieved from /home/user/airflow/airflow_venv/lib/python3.10/site-packages/airflow/example_dags/example_time_delta_sensor_async.py
[2024-08-21T07:27:54.456+0700] {logging_mixin.py:190} INFO - [2024-08-21T07:27:54.455+0700] {dag.py:3211} INFO - Sync 1 DAGs
[2024-08-21T07:27:54.467+0700] {logging_mixin.py:190} INFO - [2024-08-21T07:27:54.466+0700] {dag.py:4138} INFO - Setting next_dagrun for example_time_delta_sensor_async to None, run_after=None
[2024-08-21T07:27:54.486+0700] {processor.py:208} INFO - Processing /home/user/airflow/airflow_venv/lib/python3.10/site-packages/airflow/example_dags/example_time_delta_sensor_async.py took 0.057 seconds
[2024-08-21T07:28:45.731+0700] {processor.py:186} INFO - Started process (PID=5729) to work on /home/user/airflow/airflow_venv/lib/python3.10/site-packages/airflow/example_dags/example_time_delta_sensor_async.py
[2024-08-21T07:28:45.732+0700] {processor.py:914} INFO - Processing file /home/user/airflow/airflow_venv/lib/python3.10/site-packages/airflow/example_dags/example_time_delta_sensor_async.py for tasks to queue
[2024-08-21T07:28:45.734+0700] {logging_mixin.py:190} INFO - [2024-08-21T07:28:45.734+0700] {dagbag.py:587} INFO - Filling up the DagBag from /home/user/airflow/airflow_venv/lib/python3.10/site-packages/airflow/example_dags/example_time_delta_sensor_async.py
[2024-08-21T07:28:45.740+0700] {processor.py:925} INFO - DAG(s) 'example_time_delta_sensor_async' retrieved from /home/user/airflow/airflow_venv/lib/python3.10/site-packages/airflow/example_dags/example_time_delta_sensor_async.py
[2024-08-21T07:28:45.753+0700] {logging_mixin.py:190} INFO - [2024-08-21T07:28:45.752+0700] {dag.py:3211} INFO - Sync 1 DAGs
[2024-08-21T07:28:45.765+0700] {logging_mixin.py:190} INFO - [2024-08-21T07:28:45.765+0700] {dag.py:4138} INFO - Setting next_dagrun for example_time_delta_sensor_async to None, run_after=None
[2024-08-21T07:28:45.785+0700] {processor.py:208} INFO - Processing /home/user/airflow/airflow_venv/lib/python3.10/site-packages/airflow/example_dags/example_time_delta_sensor_async.py took 0.058 seconds
[2024-08-21T07:29:37.280+0700] {processor.py:186} INFO - Started process (PID=6134) to work on /home/user/airflow/airflow_venv/lib/python3.10/site-packages/airflow/example_dags/example_time_delta_sensor_async.py
[2024-08-21T07:29:37.282+0700] {processor.py:914} INFO - Processing file /home/user/airflow/airflow_venv/lib/python3.10/site-packages/airflow/example_dags/example_time_delta_sensor_async.py for tasks to queue
[2024-08-21T07:29:37.284+0700] {logging_mixin.py:190} INFO - [2024-08-21T07:29:37.283+0700] {dagbag.py:587} INFO - Filling up the DagBag from /home/user/airflow/airflow_venv/lib/python3.10/site-packages/airflow/example_dags/example_time_delta_sensor_async.py
[2024-08-21T07:29:37.289+0700] {processor.py:925} INFO - DAG(s) 'example_time_delta_sensor_async' retrieved from /home/user/airflow/airflow_venv/lib/python3.10/site-packages/airflow/example_dags/example_time_delta_sensor_async.py
[2024-08-21T07:29:37.303+0700] {logging_mixin.py:190} INFO - [2024-08-21T07:29:37.303+0700] {dag.py:3211} INFO - Sync 1 DAGs
[2024-08-21T07:29:37.312+0700] {logging_mixin.py:190} INFO - [2024-08-21T07:29:37.312+0700] {dag.py:4138} INFO - Setting next_dagrun for example_time_delta_sensor_async to None, run_after=None
[2024-08-21T07:29:37.334+0700] {processor.py:208} INFO - Processing /home/user/airflow/airflow_venv/lib/python3.10/site-packages/airflow/example_dags/example_time_delta_sensor_async.py took 0.060 seconds
[2024-08-21T07:30:25.281+0700] {processor.py:186} INFO - Started process (PID=6580) to work on /home/user/airflow/airflow_venv/lib/python3.10/site-packages/airflow/example_dags/example_time_delta_sensor_async.py
[2024-08-21T07:30:25.282+0700] {processor.py:914} INFO - Processing file /home/user/airflow/airflow_venv/lib/python3.10/site-packages/airflow/example_dags/example_time_delta_sensor_async.py for tasks to queue
[2024-08-21T07:30:25.284+0700] {logging_mixin.py:190} INFO - [2024-08-21T07:30:25.284+0700] {dagbag.py:587} INFO - Filling up the DagBag from /home/user/airflow/airflow_venv/lib/python3.10/site-packages/airflow/example_dags/example_time_delta_sensor_async.py
[2024-08-21T07:30:25.291+0700] {processor.py:925} INFO - DAG(s) 'example_time_delta_sensor_async' retrieved from /home/user/airflow/airflow_venv/lib/python3.10/site-packages/airflow/example_dags/example_time_delta_sensor_async.py
[2024-08-21T07:30:25.309+0700] {logging_mixin.py:190} INFO - [2024-08-21T07:30:25.309+0700] {dag.py:3211} INFO - Sync 1 DAGs
[2024-08-21T07:30:25.321+0700] {logging_mixin.py:190} INFO - [2024-08-21T07:30:25.320+0700] {dag.py:4138} INFO - Setting next_dagrun for example_time_delta_sensor_async to None, run_after=None
[2024-08-21T07:30:25.341+0700] {processor.py:208} INFO - Processing /home/user/airflow/airflow_venv/lib/python3.10/site-packages/airflow/example_dags/example_time_delta_sensor_async.py took 0.065 seconds
[2024-08-21T07:31:13.976+0700] {processor.py:186} INFO - Started process (PID=7072) to work on /home/user/airflow/airflow_venv/lib/python3.10/site-packages/airflow/example_dags/example_time_delta_sensor_async.py
[2024-08-21T07:31:13.982+0700] {processor.py:914} INFO - Processing file /home/user/airflow/airflow_venv/lib/python3.10/site-packages/airflow/example_dags/example_time_delta_sensor_async.py for tasks to queue
[2024-08-21T07:31:13.984+0700] {logging_mixin.py:190} INFO - [2024-08-21T07:31:13.984+0700] {dagbag.py:587} INFO - Filling up the DagBag from /home/user/airflow/airflow_venv/lib/python3.10/site-packages/airflow/example_dags/example_time_delta_sensor_async.py
[2024-08-21T07:31:13.990+0700] {processor.py:925} INFO - DAG(s) 'example_time_delta_sensor_async' retrieved from /home/user/airflow/airflow_venv/lib/python3.10/site-packages/airflow/example_dags/example_time_delta_sensor_async.py
[2024-08-21T07:31:14.002+0700] {logging_mixin.py:190} INFO - [2024-08-21T07:31:14.002+0700] {dag.py:3211} INFO - Sync 1 DAGs
[2024-08-21T07:31:14.011+0700] {logging_mixin.py:190} INFO - [2024-08-21T07:31:14.010+0700] {dag.py:4138} INFO - Setting next_dagrun for example_time_delta_sensor_async to None, run_after=None
[2024-08-21T07:31:14.027+0700] {processor.py:208} INFO - Processing /home/user/airflow/airflow_venv/lib/python3.10/site-packages/airflow/example_dags/example_time_delta_sensor_async.py took 0.056 seconds
[2024-08-21T07:32:02.169+0700] {processor.py:186} INFO - Started process (PID=7528) to work on /home/user/airflow/airflow_venv/lib/python3.10/site-packages/airflow/example_dags/example_time_delta_sensor_async.py
[2024-08-21T07:32:02.175+0700] {processor.py:914} INFO - Processing file /home/user/airflow/airflow_venv/lib/python3.10/site-packages/airflow/example_dags/example_time_delta_sensor_async.py for tasks to queue
[2024-08-21T07:32:02.177+0700] {logging_mixin.py:190} INFO - [2024-08-21T07:32:02.176+0700] {dagbag.py:587} INFO - Filling up the DagBag from /home/user/airflow/airflow_venv/lib/python3.10/site-packages/airflow/example_dags/example_time_delta_sensor_async.py
[2024-08-21T07:32:02.184+0700] {processor.py:925} INFO - DAG(s) 'example_time_delta_sensor_async' retrieved from /home/user/airflow/airflow_venv/lib/python3.10/site-packages/airflow/example_dags/example_time_delta_sensor_async.py
[2024-08-21T07:32:02.201+0700] {logging_mixin.py:190} INFO - [2024-08-21T07:32:02.201+0700] {dag.py:3211} INFO - Sync 1 DAGs
[2024-08-21T07:32:02.212+0700] {logging_mixin.py:190} INFO - [2024-08-21T07:32:02.212+0700] {dag.py:4138} INFO - Setting next_dagrun for example_time_delta_sensor_async to None, run_after=None
[2024-08-21T07:32:02.234+0700] {processor.py:208} INFO - Processing /home/user/airflow/airflow_venv/lib/python3.10/site-packages/airflow/example_dags/example_time_delta_sensor_async.py took 0.070 seconds
[2024-08-21T07:32:52.810+0700] {processor.py:186} INFO - Started process (PID=8016) to work on /home/user/airflow/airflow_venv/lib/python3.10/site-packages/airflow/example_dags/example_time_delta_sensor_async.py
[2024-08-21T07:32:52.817+0700] {processor.py:914} INFO - Processing file /home/user/airflow/airflow_venv/lib/python3.10/site-packages/airflow/example_dags/example_time_delta_sensor_async.py for tasks to queue
[2024-08-21T07:32:52.819+0700] {logging_mixin.py:190} INFO - [2024-08-21T07:32:52.819+0700] {dagbag.py:587} INFO - Filling up the DagBag from /home/user/airflow/airflow_venv/lib/python3.10/site-packages/airflow/example_dags/example_time_delta_sensor_async.py
[2024-08-21T07:32:52.825+0700] {processor.py:925} INFO - DAG(s) 'example_time_delta_sensor_async' retrieved from /home/user/airflow/airflow_venv/lib/python3.10/site-packages/airflow/example_dags/example_time_delta_sensor_async.py
[2024-08-21T07:32:52.839+0700] {logging_mixin.py:190} INFO - [2024-08-21T07:32:52.839+0700] {dag.py:3211} INFO - Sync 1 DAGs
[2024-08-21T07:32:52.850+0700] {logging_mixin.py:190} INFO - [2024-08-21T07:32:52.850+0700] {dag.py:4138} INFO - Setting next_dagrun for example_time_delta_sensor_async to None, run_after=None
[2024-08-21T07:32:52.870+0700] {processor.py:208} INFO - Processing /home/user/airflow/airflow_venv/lib/python3.10/site-packages/airflow/example_dags/example_time_delta_sensor_async.py took 0.065 seconds
[2024-08-21T07:33:44.965+0700] {processor.py:186} INFO - Started process (PID=8542) to work on /home/user/airflow/airflow_venv/lib/python3.10/site-packages/airflow/example_dags/example_time_delta_sensor_async.py
[2024-08-21T07:33:44.966+0700] {processor.py:914} INFO - Processing file /home/user/airflow/airflow_venv/lib/python3.10/site-packages/airflow/example_dags/example_time_delta_sensor_async.py for tasks to queue
[2024-08-21T07:33:44.968+0700] {logging_mixin.py:190} INFO - [2024-08-21T07:33:44.968+0700] {dagbag.py:587} INFO - Filling up the DagBag from /home/user/airflow/airflow_venv/lib/python3.10/site-packages/airflow/example_dags/example_time_delta_sensor_async.py
[2024-08-21T07:33:44.973+0700] {processor.py:925} INFO - DAG(s) 'example_time_delta_sensor_async' retrieved from /home/user/airflow/airflow_venv/lib/python3.10/site-packages/airflow/example_dags/example_time_delta_sensor_async.py
[2024-08-21T07:33:44.985+0700] {logging_mixin.py:190} INFO - [2024-08-21T07:33:44.985+0700] {dag.py:3211} INFO - Sync 1 DAGs
[2024-08-21T07:33:44.993+0700] {logging_mixin.py:190} INFO - [2024-08-21T07:33:44.993+0700] {dag.py:4138} INFO - Setting next_dagrun for example_time_delta_sensor_async to None, run_after=None
[2024-08-21T07:33:45.009+0700] {processor.py:208} INFO - Processing /home/user/airflow/airflow_venv/lib/python3.10/site-packages/airflow/example_dags/example_time_delta_sensor_async.py took 0.049 seconds
[2024-08-21T07:34:40.961+0700] {processor.py:186} INFO - Started process (PID=9235) to work on /home/user/airflow/airflow_venv/lib/python3.10/site-packages/airflow/example_dags/example_time_delta_sensor_async.py
[2024-08-21T07:34:40.963+0700] {processor.py:914} INFO - Processing file /home/user/airflow/airflow_venv/lib/python3.10/site-packages/airflow/example_dags/example_time_delta_sensor_async.py for tasks to queue
[2024-08-21T07:34:40.966+0700] {logging_mixin.py:190} INFO - [2024-08-21T07:34:40.966+0700] {dagbag.py:587} INFO - Filling up the DagBag from /home/user/airflow/airflow_venv/lib/python3.10/site-packages/airflow/example_dags/example_time_delta_sensor_async.py
[2024-08-21T07:34:40.973+0700] {processor.py:925} INFO - DAG(s) 'example_time_delta_sensor_async' retrieved from /home/user/airflow/airflow_venv/lib/python3.10/site-packages/airflow/example_dags/example_time_delta_sensor_async.py
[2024-08-21T07:34:40.986+0700] {logging_mixin.py:190} INFO - [2024-08-21T07:34:40.986+0700] {dag.py:3211} INFO - Sync 1 DAGs
[2024-08-21T07:34:40.995+0700] {logging_mixin.py:190} INFO - [2024-08-21T07:34:40.995+0700] {dag.py:4138} INFO - Setting next_dagrun for example_time_delta_sensor_async to None, run_after=None
[2024-08-21T07:34:41.013+0700] {processor.py:208} INFO - Processing /home/user/airflow/airflow_venv/lib/python3.10/site-packages/airflow/example_dags/example_time_delta_sensor_async.py took 0.057 seconds
[2024-08-21T07:35:32.538+0700] {processor.py:186} INFO - Started process (PID=10155) to work on /home/user/airflow/airflow_venv/lib/python3.10/site-packages/airflow/example_dags/example_time_delta_sensor_async.py
[2024-08-21T07:35:32.540+0700] {processor.py:914} INFO - Processing file /home/user/airflow/airflow_venv/lib/python3.10/site-packages/airflow/example_dags/example_time_delta_sensor_async.py for tasks to queue
[2024-08-21T07:35:32.541+0700] {logging_mixin.py:190} INFO - [2024-08-21T07:35:32.541+0700] {dagbag.py:587} INFO - Filling up the DagBag from /home/user/airflow/airflow_venv/lib/python3.10/site-packages/airflow/example_dags/example_time_delta_sensor_async.py
[2024-08-21T07:35:32.547+0700] {processor.py:925} INFO - DAG(s) 'example_time_delta_sensor_async' retrieved from /home/user/airflow/airflow_venv/lib/python3.10/site-packages/airflow/example_dags/example_time_delta_sensor_async.py
[2024-08-21T07:35:32.560+0700] {logging_mixin.py:190} INFO - [2024-08-21T07:35:32.560+0700] {dag.py:3211} INFO - Sync 1 DAGs
[2024-08-21T07:35:32.571+0700] {logging_mixin.py:190} INFO - [2024-08-21T07:35:32.570+0700] {dag.py:4138} INFO - Setting next_dagrun for example_time_delta_sensor_async to None, run_after=None
[2024-08-21T07:35:32.588+0700] {processor.py:208} INFO - Processing /home/user/airflow/airflow_venv/lib/python3.10/site-packages/airflow/example_dags/example_time_delta_sensor_async.py took 0.055 seconds
[2024-08-21T07:36:25.680+0700] {processor.py:186} INFO - Started process (PID=10667) to work on /home/user/airflow/airflow_venv/lib/python3.10/site-packages/airflow/example_dags/example_time_delta_sensor_async.py
[2024-08-21T07:36:25.682+0700] {processor.py:914} INFO - Processing file /home/user/airflow/airflow_venv/lib/python3.10/site-packages/airflow/example_dags/example_time_delta_sensor_async.py for tasks to queue
[2024-08-21T07:36:25.683+0700] {logging_mixin.py:190} INFO - [2024-08-21T07:36:25.683+0700] {dagbag.py:587} INFO - Filling up the DagBag from /home/user/airflow/airflow_venv/lib/python3.10/site-packages/airflow/example_dags/example_time_delta_sensor_async.py
[2024-08-21T07:36:25.691+0700] {processor.py:925} INFO - DAG(s) 'example_time_delta_sensor_async' retrieved from /home/user/airflow/airflow_venv/lib/python3.10/site-packages/airflow/example_dags/example_time_delta_sensor_async.py
[2024-08-21T07:36:25.708+0700] {logging_mixin.py:190} INFO - [2024-08-21T07:36:25.707+0700] {dag.py:3211} INFO - Sync 1 DAGs
[2024-08-21T07:36:25.721+0700] {logging_mixin.py:190} INFO - [2024-08-21T07:36:25.720+0700] {dag.py:4138} INFO - Setting next_dagrun for example_time_delta_sensor_async to None, run_after=None
[2024-08-21T07:36:25.748+0700] {processor.py:208} INFO - Processing /home/user/airflow/airflow_venv/lib/python3.10/site-packages/airflow/example_dags/example_time_delta_sensor_async.py took 0.073 seconds
[2024-08-21T07:37:18.167+0700] {processor.py:186} INFO - Started process (PID=11179) to work on /home/user/airflow/airflow_venv/lib/python3.10/site-packages/airflow/example_dags/example_time_delta_sensor_async.py
[2024-08-21T07:37:18.169+0700] {processor.py:914} INFO - Processing file /home/user/airflow/airflow_venv/lib/python3.10/site-packages/airflow/example_dags/example_time_delta_sensor_async.py for tasks to queue
[2024-08-21T07:37:18.172+0700] {logging_mixin.py:190} INFO - [2024-08-21T07:37:18.172+0700] {dagbag.py:587} INFO - Filling up the DagBag from /home/user/airflow/airflow_venv/lib/python3.10/site-packages/airflow/example_dags/example_time_delta_sensor_async.py
[2024-08-21T07:37:18.181+0700] {processor.py:925} INFO - DAG(s) 'example_time_delta_sensor_async' retrieved from /home/user/airflow/airflow_venv/lib/python3.10/site-packages/airflow/example_dags/example_time_delta_sensor_async.py
[2024-08-21T07:37:18.203+0700] {logging_mixin.py:190} INFO - [2024-08-21T07:37:18.203+0700] {dag.py:3211} INFO - Sync 1 DAGs
[2024-08-21T07:37:18.215+0700] {logging_mixin.py:190} INFO - [2024-08-21T07:37:18.215+0700] {dag.py:4138} INFO - Setting next_dagrun for example_time_delta_sensor_async to None, run_after=None
[2024-08-21T07:37:18.240+0700] {processor.py:208} INFO - Processing /home/user/airflow/airflow_venv/lib/python3.10/site-packages/airflow/example_dags/example_time_delta_sensor_async.py took 0.079 seconds
[2024-08-21T07:38:11.269+0700] {processor.py:186} INFO - Started process (PID=11799) to work on /home/user/airflow/airflow_venv/lib/python3.10/site-packages/airflow/example_dags/example_time_delta_sensor_async.py
[2024-08-21T07:38:11.271+0700] {processor.py:914} INFO - Processing file /home/user/airflow/airflow_venv/lib/python3.10/site-packages/airflow/example_dags/example_time_delta_sensor_async.py for tasks to queue
[2024-08-21T07:38:11.273+0700] {logging_mixin.py:190} INFO - [2024-08-21T07:38:11.273+0700] {dagbag.py:587} INFO - Filling up the DagBag from /home/user/airflow/airflow_venv/lib/python3.10/site-packages/airflow/example_dags/example_time_delta_sensor_async.py
[2024-08-21T07:38:11.284+0700] {processor.py:925} INFO - DAG(s) 'example_time_delta_sensor_async' retrieved from /home/user/airflow/airflow_venv/lib/python3.10/site-packages/airflow/example_dags/example_time_delta_sensor_async.py
[2024-08-21T07:38:11.306+0700] {logging_mixin.py:190} INFO - [2024-08-21T07:38:11.305+0700] {dag.py:3211} INFO - Sync 1 DAGs
[2024-08-21T07:38:11.318+0700] {logging_mixin.py:190} INFO - [2024-08-21T07:38:11.318+0700] {dag.py:4138} INFO - Setting next_dagrun for example_time_delta_sensor_async to None, run_after=None
[2024-08-21T07:38:11.345+0700] {processor.py:208} INFO - Processing /home/user/airflow/airflow_venv/lib/python3.10/site-packages/airflow/example_dags/example_time_delta_sensor_async.py took 0.080 seconds
[2024-08-21T07:39:03.623+0700] {processor.py:186} INFO - Started process (PID=12289) to work on /home/user/airflow/airflow_venv/lib/python3.10/site-packages/airflow/example_dags/example_time_delta_sensor_async.py
[2024-08-21T07:39:03.626+0700] {processor.py:914} INFO - Processing file /home/user/airflow/airflow_venv/lib/python3.10/site-packages/airflow/example_dags/example_time_delta_sensor_async.py for tasks to queue
[2024-08-21T07:39:03.628+0700] {logging_mixin.py:190} INFO - [2024-08-21T07:39:03.627+0700] {dagbag.py:587} INFO - Filling up the DagBag from /home/user/airflow/airflow_venv/lib/python3.10/site-packages/airflow/example_dags/example_time_delta_sensor_async.py
[2024-08-21T07:39:03.635+0700] {processor.py:925} INFO - DAG(s) 'example_time_delta_sensor_async' retrieved from /home/user/airflow/airflow_venv/lib/python3.10/site-packages/airflow/example_dags/example_time_delta_sensor_async.py
[2024-08-21T07:39:03.720+0700] {logging_mixin.py:190} INFO - [2024-08-21T07:39:03.719+0700] {dag.py:3211} INFO - Sync 1 DAGs
[2024-08-21T07:39:03.784+0700] {logging_mixin.py:190} INFO - [2024-08-21T07:39:03.784+0700] {dag.py:4138} INFO - Setting next_dagrun for example_time_delta_sensor_async to None, run_after=None
[2024-08-21T07:39:03.817+0700] {processor.py:208} INFO - Processing /home/user/airflow/airflow_venv/lib/python3.10/site-packages/airflow/example_dags/example_time_delta_sensor_async.py took 0.203 seconds
[2024-08-21T07:39:56.120+0700] {processor.py:186} INFO - Started process (PID=12927) to work on /home/user/airflow/airflow_venv/lib/python3.10/site-packages/airflow/example_dags/example_time_delta_sensor_async.py
[2024-08-21T07:39:56.122+0700] {processor.py:914} INFO - Processing file /home/user/airflow/airflow_venv/lib/python3.10/site-packages/airflow/example_dags/example_time_delta_sensor_async.py for tasks to queue
[2024-08-21T07:39:56.124+0700] {logging_mixin.py:190} INFO - [2024-08-21T07:39:56.123+0700] {dagbag.py:587} INFO - Filling up the DagBag from /home/user/airflow/airflow_venv/lib/python3.10/site-packages/airflow/example_dags/example_time_delta_sensor_async.py
[2024-08-21T07:39:56.130+0700] {processor.py:925} INFO - DAG(s) 'example_time_delta_sensor_async' retrieved from /home/user/airflow/airflow_venv/lib/python3.10/site-packages/airflow/example_dags/example_time_delta_sensor_async.py
[2024-08-21T07:39:56.143+0700] {logging_mixin.py:190} INFO - [2024-08-21T07:39:56.142+0700] {dag.py:3211} INFO - Sync 1 DAGs
[2024-08-21T07:39:56.153+0700] {logging_mixin.py:190} INFO - [2024-08-21T07:39:56.153+0700] {dag.py:4138} INFO - Setting next_dagrun for example_time_delta_sensor_async to None, run_after=None
[2024-08-21T07:39:56.173+0700] {processor.py:208} INFO - Processing /home/user/airflow/airflow_venv/lib/python3.10/site-packages/airflow/example_dags/example_time_delta_sensor_async.py took 0.057 seconds
[2024-08-21T07:40:47.255+0700] {processor.py:186} INFO - Started process (PID=13491) to work on /home/user/airflow/airflow_venv/lib/python3.10/site-packages/airflow/example_dags/example_time_delta_sensor_async.py
[2024-08-21T07:40:47.257+0700] {processor.py:914} INFO - Processing file /home/user/airflow/airflow_venv/lib/python3.10/site-packages/airflow/example_dags/example_time_delta_sensor_async.py for tasks to queue
[2024-08-21T07:40:47.259+0700] {logging_mixin.py:190} INFO - [2024-08-21T07:40:47.259+0700] {dagbag.py:587} INFO - Filling up the DagBag from /home/user/airflow/airflow_venv/lib/python3.10/site-packages/airflow/example_dags/example_time_delta_sensor_async.py
[2024-08-21T07:40:47.266+0700] {processor.py:925} INFO - DAG(s) 'example_time_delta_sensor_async' retrieved from /home/user/airflow/airflow_venv/lib/python3.10/site-packages/airflow/example_dags/example_time_delta_sensor_async.py
[2024-08-21T07:40:47.277+0700] {logging_mixin.py:190} INFO - [2024-08-21T07:40:47.277+0700] {dag.py:3211} INFO - Sync 1 DAGs
[2024-08-21T07:40:47.286+0700] {logging_mixin.py:190} INFO - [2024-08-21T07:40:47.286+0700] {dag.py:4138} INFO - Setting next_dagrun for example_time_delta_sensor_async to None, run_after=None
[2024-08-21T07:40:47.304+0700] {processor.py:208} INFO - Processing /home/user/airflow/airflow_venv/lib/python3.10/site-packages/airflow/example_dags/example_time_delta_sensor_async.py took 0.053 seconds
[2024-08-21T07:41:31.984+0700] {processor.py:186} INFO - Started process (PID=14020) to work on /home/user/airflow/airflow_venv/lib/python3.10/site-packages/airflow/example_dags/example_time_delta_sensor_async.py
[2024-08-21T07:41:31.985+0700] {processor.py:914} INFO - Processing file /home/user/airflow/airflow_venv/lib/python3.10/site-packages/airflow/example_dags/example_time_delta_sensor_async.py for tasks to queue
[2024-08-21T07:41:31.987+0700] {logging_mixin.py:190} INFO - [2024-08-21T07:41:31.987+0700] {dagbag.py:587} INFO - Filling up the DagBag from /home/user/airflow/airflow_venv/lib/python3.10/site-packages/airflow/example_dags/example_time_delta_sensor_async.py
[2024-08-21T07:41:31.992+0700] {processor.py:925} INFO - DAG(s) 'example_time_delta_sensor_async' retrieved from /home/user/airflow/airflow_venv/lib/python3.10/site-packages/airflow/example_dags/example_time_delta_sensor_async.py
[2024-08-21T07:41:32.004+0700] {logging_mixin.py:190} INFO - [2024-08-21T07:41:32.004+0700] {dag.py:3211} INFO - Sync 1 DAGs
[2024-08-21T07:41:32.013+0700] {logging_mixin.py:190} INFO - [2024-08-21T07:41:32.013+0700] {dag.py:4138} INFO - Setting next_dagrun for example_time_delta_sensor_async to None, run_after=None
[2024-08-21T07:41:32.029+0700] {processor.py:208} INFO - Processing /home/user/airflow/airflow_venv/lib/python3.10/site-packages/airflow/example_dags/example_time_delta_sensor_async.py took 0.050 seconds
[2024-08-21T09:42:29.093+0700] {processor.py:186} INFO - Started process (PID=54414) to work on /home/user/airflow/airflow_venv/lib/python3.10/site-packages/airflow/example_dags/example_time_delta_sensor_async.py
[2024-08-21T09:42:29.094+0700] {processor.py:914} INFO - Processing file /home/user/airflow/airflow_venv/lib/python3.10/site-packages/airflow/example_dags/example_time_delta_sensor_async.py for tasks to queue
[2024-08-21T09:42:29.097+0700] {logging_mixin.py:190} INFO - [2024-08-21T09:42:29.096+0700] {dagbag.py:587} INFO - Filling up the DagBag from /home/user/airflow/airflow_venv/lib/python3.10/site-packages/airflow/example_dags/example_time_delta_sensor_async.py
[2024-08-21T09:42:29.108+0700] {processor.py:925} INFO - DAG(s) 'example_time_delta_sensor_async' retrieved from /home/user/airflow/airflow_venv/lib/python3.10/site-packages/airflow/example_dags/example_time_delta_sensor_async.py
[2024-08-21T09:42:29.130+0700] {logging_mixin.py:190} INFO - [2024-08-21T09:42:29.129+0700] {dag.py:3211} INFO - Sync 1 DAGs
[2024-08-21T09:42:29.147+0700] {logging_mixin.py:190} INFO - [2024-08-21T09:42:29.147+0700] {dag.py:4138} INFO - Setting next_dagrun for example_time_delta_sensor_async to None, run_after=None
[2024-08-21T09:42:29.171+0700] {processor.py:208} INFO - Processing /home/user/airflow/airflow_venv/lib/python3.10/site-packages/airflow/example_dags/example_time_delta_sensor_async.py took 0.083 seconds
[2024-08-21T09:43:24.968+0700] {processor.py:186} INFO - Started process (PID=54863) to work on /home/user/airflow/airflow_venv/lib/python3.10/site-packages/airflow/example_dags/example_time_delta_sensor_async.py
[2024-08-21T09:43:24.970+0700] {processor.py:914} INFO - Processing file /home/user/airflow/airflow_venv/lib/python3.10/site-packages/airflow/example_dags/example_time_delta_sensor_async.py for tasks to queue
[2024-08-21T09:43:24.972+0700] {logging_mixin.py:190} INFO - [2024-08-21T09:43:24.972+0700] {dagbag.py:587} INFO - Filling up the DagBag from /home/user/airflow/airflow_venv/lib/python3.10/site-packages/airflow/example_dags/example_time_delta_sensor_async.py
[2024-08-21T09:43:24.979+0700] {processor.py:925} INFO - DAG(s) 'example_time_delta_sensor_async' retrieved from /home/user/airflow/airflow_venv/lib/python3.10/site-packages/airflow/example_dags/example_time_delta_sensor_async.py
[2024-08-21T09:43:24.992+0700] {logging_mixin.py:190} INFO - [2024-08-21T09:43:24.992+0700] {dag.py:3211} INFO - Sync 1 DAGs
[2024-08-21T09:43:25.002+0700] {logging_mixin.py:190} INFO - [2024-08-21T09:43:25.002+0700] {dag.py:4138} INFO - Setting next_dagrun for example_time_delta_sensor_async to None, run_after=None
[2024-08-21T09:43:25.023+0700] {processor.py:208} INFO - Processing /home/user/airflow/airflow_venv/lib/python3.10/site-packages/airflow/example_dags/example_time_delta_sensor_async.py took 0.061 seconds
[2024-08-21T09:44:35.555+0700] {processor.py:186} INFO - Started process (PID=55443) to work on /home/user/airflow/airflow_venv/lib/python3.10/site-packages/airflow/example_dags/example_time_delta_sensor_async.py
[2024-08-21T09:44:35.556+0700] {processor.py:914} INFO - Processing file /home/user/airflow/airflow_venv/lib/python3.10/site-packages/airflow/example_dags/example_time_delta_sensor_async.py for tasks to queue
[2024-08-21T09:44:35.558+0700] {logging_mixin.py:190} INFO - [2024-08-21T09:44:35.558+0700] {dagbag.py:587} INFO - Filling up the DagBag from /home/user/airflow/airflow_venv/lib/python3.10/site-packages/airflow/example_dags/example_time_delta_sensor_async.py
[2024-08-21T09:44:35.565+0700] {processor.py:925} INFO - DAG(s) 'example_time_delta_sensor_async' retrieved from /home/user/airflow/airflow_venv/lib/python3.10/site-packages/airflow/example_dags/example_time_delta_sensor_async.py
[2024-08-21T09:44:35.583+0700] {logging_mixin.py:190} INFO - [2024-08-21T09:44:35.583+0700] {dag.py:3211} INFO - Sync 1 DAGs
[2024-08-21T09:44:35.594+0700] {logging_mixin.py:190} INFO - [2024-08-21T09:44:35.593+0700] {dag.py:4138} INFO - Setting next_dagrun for example_time_delta_sensor_async to None, run_after=None
[2024-08-21T09:44:35.615+0700] {processor.py:208} INFO - Processing /home/user/airflow/airflow_venv/lib/python3.10/site-packages/airflow/example_dags/example_time_delta_sensor_async.py took 0.070 seconds
[2024-08-21T09:52:22.465+0700] {processor.py:186} INFO - Started process (PID=58935) to work on /home/user/airflow/airflow_venv/lib/python3.10/site-packages/airflow/example_dags/example_time_delta_sensor_async.py
[2024-08-21T09:52:22.467+0700] {processor.py:914} INFO - Processing file /home/user/airflow/airflow_venv/lib/python3.10/site-packages/airflow/example_dags/example_time_delta_sensor_async.py for tasks to queue
[2024-08-21T09:52:22.469+0700] {logging_mixin.py:190} INFO - [2024-08-21T09:52:22.468+0700] {dagbag.py:587} INFO - Filling up the DagBag from /home/user/airflow/airflow_venv/lib/python3.10/site-packages/airflow/example_dags/example_time_delta_sensor_async.py
[2024-08-21T09:52:22.474+0700] {processor.py:925} INFO - DAG(s) 'example_time_delta_sensor_async' retrieved from /home/user/airflow/airflow_venv/lib/python3.10/site-packages/airflow/example_dags/example_time_delta_sensor_async.py
[2024-08-21T09:52:22.490+0700] {logging_mixin.py:190} INFO - [2024-08-21T09:52:22.490+0700] {dag.py:3211} INFO - Sync 1 DAGs
[2024-08-21T09:52:22.505+0700] {logging_mixin.py:190} INFO - [2024-08-21T09:52:22.505+0700] {dag.py:4138} INFO - Setting next_dagrun for example_time_delta_sensor_async to None, run_after=None
[2024-08-21T09:52:22.528+0700] {processor.py:208} INFO - Processing /home/user/airflow/airflow_venv/lib/python3.10/site-packages/airflow/example_dags/example_time_delta_sensor_async.py took 0.067 seconds
[2024-08-21T09:54:11.168+0700] {processor.py:186} INFO - Started process (PID=59799) to work on /home/user/airflow/airflow_venv/lib/python3.10/site-packages/airflow/example_dags/example_time_delta_sensor_async.py
[2024-08-21T09:54:11.170+0700] {processor.py:914} INFO - Processing file /home/user/airflow/airflow_venv/lib/python3.10/site-packages/airflow/example_dags/example_time_delta_sensor_async.py for tasks to queue
[2024-08-21T09:54:11.172+0700] {logging_mixin.py:190} INFO - [2024-08-21T09:54:11.171+0700] {dagbag.py:587} INFO - Filling up the DagBag from /home/user/airflow/airflow_venv/lib/python3.10/site-packages/airflow/example_dags/example_time_delta_sensor_async.py
[2024-08-21T09:54:11.178+0700] {processor.py:925} INFO - DAG(s) 'example_time_delta_sensor_async' retrieved from /home/user/airflow/airflow_venv/lib/python3.10/site-packages/airflow/example_dags/example_time_delta_sensor_async.py
[2024-08-21T09:54:11.192+0700] {logging_mixin.py:190} INFO - [2024-08-21T09:54:11.191+0700] {dag.py:3211} INFO - Sync 1 DAGs
[2024-08-21T09:54:11.201+0700] {logging_mixin.py:190} INFO - [2024-08-21T09:54:11.201+0700] {dag.py:4138} INFO - Setting next_dagrun for example_time_delta_sensor_async to None, run_after=None
[2024-08-21T09:54:11.223+0700] {processor.py:208} INFO - Processing /home/user/airflow/airflow_venv/lib/python3.10/site-packages/airflow/example_dags/example_time_delta_sensor_async.py took 0.061 seconds
[2024-08-21T09:55:00.392+0700] {processor.py:186} INFO - Started process (PID=60187) to work on /home/user/airflow/airflow_venv/lib/python3.10/site-packages/airflow/example_dags/example_time_delta_sensor_async.py
[2024-08-21T09:55:00.394+0700] {processor.py:914} INFO - Processing file /home/user/airflow/airflow_venv/lib/python3.10/site-packages/airflow/example_dags/example_time_delta_sensor_async.py for tasks to queue
[2024-08-21T09:55:00.395+0700] {logging_mixin.py:190} INFO - [2024-08-21T09:55:00.394+0700] {dagbag.py:587} INFO - Filling up the DagBag from /home/user/airflow/airflow_venv/lib/python3.10/site-packages/airflow/example_dags/example_time_delta_sensor_async.py
[2024-08-21T09:55:00.401+0700] {processor.py:925} INFO - DAG(s) 'example_time_delta_sensor_async' retrieved from /home/user/airflow/airflow_venv/lib/python3.10/site-packages/airflow/example_dags/example_time_delta_sensor_async.py
[2024-08-21T09:55:00.414+0700] {logging_mixin.py:190} INFO - [2024-08-21T09:55:00.414+0700] {dag.py:3211} INFO - Sync 1 DAGs
[2024-08-21T09:55:00.423+0700] {logging_mixin.py:190} INFO - [2024-08-21T09:55:00.423+0700] {dag.py:4138} INFO - Setting next_dagrun for example_time_delta_sensor_async to None, run_after=None
[2024-08-21T09:55:00.440+0700] {processor.py:208} INFO - Processing /home/user/airflow/airflow_venv/lib/python3.10/site-packages/airflow/example_dags/example_time_delta_sensor_async.py took 0.052 seconds
[2024-08-21T09:55:53.129+0700] {processor.py:186} INFO - Started process (PID=60595) to work on /home/user/airflow/airflow_venv/lib/python3.10/site-packages/airflow/example_dags/example_time_delta_sensor_async.py
[2024-08-21T09:55:53.131+0700] {processor.py:914} INFO - Processing file /home/user/airflow/airflow_venv/lib/python3.10/site-packages/airflow/example_dags/example_time_delta_sensor_async.py for tasks to queue
[2024-08-21T09:55:53.133+0700] {logging_mixin.py:190} INFO - [2024-08-21T09:55:53.133+0700] {dagbag.py:587} INFO - Filling up the DagBag from /home/user/airflow/airflow_venv/lib/python3.10/site-packages/airflow/example_dags/example_time_delta_sensor_async.py
[2024-08-21T09:55:53.140+0700] {processor.py:925} INFO - DAG(s) 'example_time_delta_sensor_async' retrieved from /home/user/airflow/airflow_venv/lib/python3.10/site-packages/airflow/example_dags/example_time_delta_sensor_async.py
[2024-08-21T09:55:53.156+0700] {logging_mixin.py:190} INFO - [2024-08-21T09:55:53.156+0700] {dag.py:3211} INFO - Sync 1 DAGs
[2024-08-21T09:55:53.166+0700] {logging_mixin.py:190} INFO - [2024-08-21T09:55:53.166+0700] {dag.py:4138} INFO - Setting next_dagrun for example_time_delta_sensor_async to None, run_after=None
[2024-08-21T09:55:53.186+0700] {processor.py:208} INFO - Processing /home/user/airflow/airflow_venv/lib/python3.10/site-packages/airflow/example_dags/example_time_delta_sensor_async.py took 0.062 seconds
[2024-08-21T09:56:45.132+0700] {processor.py:186} INFO - Started process (PID=61006) to work on /home/user/airflow/airflow_venv/lib/python3.10/site-packages/airflow/example_dags/example_time_delta_sensor_async.py
[2024-08-21T09:56:45.133+0700] {processor.py:914} INFO - Processing file /home/user/airflow/airflow_venv/lib/python3.10/site-packages/airflow/example_dags/example_time_delta_sensor_async.py for tasks to queue
[2024-08-21T09:56:45.135+0700] {logging_mixin.py:190} INFO - [2024-08-21T09:56:45.135+0700] {dagbag.py:587} INFO - Filling up the DagBag from /home/user/airflow/airflow_venv/lib/python3.10/site-packages/airflow/example_dags/example_time_delta_sensor_async.py
[2024-08-21T09:56:45.145+0700] {processor.py:925} INFO - DAG(s) 'example_time_delta_sensor_async' retrieved from /home/user/airflow/airflow_venv/lib/python3.10/site-packages/airflow/example_dags/example_time_delta_sensor_async.py
[2024-08-21T09:56:45.161+0700] {logging_mixin.py:190} INFO - [2024-08-21T09:56:45.161+0700] {dag.py:3211} INFO - Sync 1 DAGs
[2024-08-21T09:56:45.175+0700] {logging_mixin.py:190} INFO - [2024-08-21T09:56:45.175+0700] {dag.py:4138} INFO - Setting next_dagrun for example_time_delta_sensor_async to None, run_after=None
[2024-08-21T09:56:45.197+0700] {processor.py:208} INFO - Processing /home/user/airflow/airflow_venv/lib/python3.10/site-packages/airflow/example_dags/example_time_delta_sensor_async.py took 0.069 seconds
[2024-08-21T09:57:40.331+0700] {processor.py:186} INFO - Started process (PID=61439) to work on /home/user/airflow/airflow_venv/lib/python3.10/site-packages/airflow/example_dags/example_time_delta_sensor_async.py
[2024-08-21T09:57:40.334+0700] {processor.py:914} INFO - Processing file /home/user/airflow/airflow_venv/lib/python3.10/site-packages/airflow/example_dags/example_time_delta_sensor_async.py for tasks to queue
[2024-08-21T09:57:40.335+0700] {logging_mixin.py:190} INFO - [2024-08-21T09:57:40.335+0700] {dagbag.py:587} INFO - Filling up the DagBag from /home/user/airflow/airflow_venv/lib/python3.10/site-packages/airflow/example_dags/example_time_delta_sensor_async.py
[2024-08-21T09:57:40.343+0700] {processor.py:925} INFO - DAG(s) 'example_time_delta_sensor_async' retrieved from /home/user/airflow/airflow_venv/lib/python3.10/site-packages/airflow/example_dags/example_time_delta_sensor_async.py
[2024-08-21T09:57:40.357+0700] {logging_mixin.py:190} INFO - [2024-08-21T09:57:40.357+0700] {dag.py:3211} INFO - Sync 1 DAGs
[2024-08-21T09:57:40.366+0700] {logging_mixin.py:190} INFO - [2024-08-21T09:57:40.366+0700] {dag.py:4138} INFO - Setting next_dagrun for example_time_delta_sensor_async to None, run_after=None
[2024-08-21T09:57:40.385+0700] {processor.py:208} INFO - Processing /home/user/airflow/airflow_venv/lib/python3.10/site-packages/airflow/example_dags/example_time_delta_sensor_async.py took 0.058 seconds
[2024-08-21T09:58:31.399+0700] {processor.py:186} INFO - Started process (PID=61842) to work on /home/user/airflow/airflow_venv/lib/python3.10/site-packages/airflow/example_dags/example_time_delta_sensor_async.py
[2024-08-21T09:58:31.401+0700] {processor.py:914} INFO - Processing file /home/user/airflow/airflow_venv/lib/python3.10/site-packages/airflow/example_dags/example_time_delta_sensor_async.py for tasks to queue
[2024-08-21T09:58:31.402+0700] {logging_mixin.py:190} INFO - [2024-08-21T09:58:31.402+0700] {dagbag.py:587} INFO - Filling up the DagBag from /home/user/airflow/airflow_venv/lib/python3.10/site-packages/airflow/example_dags/example_time_delta_sensor_async.py
[2024-08-21T09:58:31.409+0700] {processor.py:925} INFO - DAG(s) 'example_time_delta_sensor_async' retrieved from /home/user/airflow/airflow_venv/lib/python3.10/site-packages/airflow/example_dags/example_time_delta_sensor_async.py
[2024-08-21T09:58:31.422+0700] {logging_mixin.py:190} INFO - [2024-08-21T09:58:31.421+0700] {dag.py:3211} INFO - Sync 1 DAGs
[2024-08-21T09:58:31.430+0700] {logging_mixin.py:190} INFO - [2024-08-21T09:58:31.430+0700] {dag.py:4138} INFO - Setting next_dagrun for example_time_delta_sensor_async to None, run_after=None
[2024-08-21T09:58:31.450+0700] {processor.py:208} INFO - Processing /home/user/airflow/airflow_venv/lib/python3.10/site-packages/airflow/example_dags/example_time_delta_sensor_async.py took 0.055 seconds
[2024-08-21T09:59:21.254+0700] {processor.py:186} INFO - Started process (PID=62233) to work on /home/user/airflow/airflow_venv/lib/python3.10/site-packages/airflow/example_dags/example_time_delta_sensor_async.py
[2024-08-21T09:59:21.256+0700] {processor.py:914} INFO - Processing file /home/user/airflow/airflow_venv/lib/python3.10/site-packages/airflow/example_dags/example_time_delta_sensor_async.py for tasks to queue
[2024-08-21T09:59:21.257+0700] {logging_mixin.py:190} INFO - [2024-08-21T09:59:21.256+0700] {dagbag.py:587} INFO - Filling up the DagBag from /home/user/airflow/airflow_venv/lib/python3.10/site-packages/airflow/example_dags/example_time_delta_sensor_async.py
[2024-08-21T09:59:21.263+0700] {processor.py:925} INFO - DAG(s) 'example_time_delta_sensor_async' retrieved from /home/user/airflow/airflow_venv/lib/python3.10/site-packages/airflow/example_dags/example_time_delta_sensor_async.py
[2024-08-21T09:59:21.277+0700] {logging_mixin.py:190} INFO - [2024-08-21T09:59:21.276+0700] {dag.py:3211} INFO - Sync 1 DAGs
[2024-08-21T09:59:21.286+0700] {logging_mixin.py:190} INFO - [2024-08-21T09:59:21.285+0700] {dag.py:4138} INFO - Setting next_dagrun for example_time_delta_sensor_async to None, run_after=None
[2024-08-21T09:59:21.312+0700] {processor.py:208} INFO - Processing /home/user/airflow/airflow_venv/lib/python3.10/site-packages/airflow/example_dags/example_time_delta_sensor_async.py took 0.063 seconds
