[2024-08-21T07:20:41.271+0700] {processor.py:186} INFO - Started process (PID=1763) to work on /home/user/airflow/airflow_venv/lib/python3.10/site-packages/airflow/example_dags/example_kubernetes_executor.py
[2024-08-21T07:20:41.272+0700] {processor.py:914} INFO - Processing file /home/user/airflow/airflow_venv/lib/python3.10/site-packages/airflow/example_dags/example_kubernetes_executor.py for tasks to queue
[2024-08-21T07:20:41.273+0700] {logging_mixin.py:190} INFO - [2024-08-21T07:20:41.273+0700] {dagbag.py:587} INFO - Filling up the DagBag from /home/user/airflow/airflow_venv/lib/python3.10/site-packages/airflow/example_dags/example_kubernetes_executor.py
[2024-08-21T07:20:41.276+0700] {logging_mixin.py:190} INFO - [2024-08-21T07:20:41.275+0700] {example_kubernetes_executor.py:39} WARNING - The example_kubernetes_executor example DAG requires the kubernetes provider. Please install it with: pip install apache-airflow[cncf.kubernetes]
[2024-08-21T07:20:41.276+0700] {processor.py:927} WARNING - No viable dags retrieved from /home/user/airflow/airflow_venv/lib/python3.10/site-packages/airflow/example_dags/example_kubernetes_executor.py
[2024-08-21T07:20:41.285+0700] {processor.py:208} INFO - Processing /home/user/airflow/airflow_venv/lib/python3.10/site-packages/airflow/example_dags/example_kubernetes_executor.py took 0.018 seconds
[2024-08-21T07:21:40.002+0700] {processor.py:186} INFO - Started process (PID=2217) to work on /home/user/airflow/airflow_venv/lib/python3.10/site-packages/airflow/example_dags/example_kubernetes_executor.py
[2024-08-21T07:21:40.003+0700] {processor.py:914} INFO - Processing file /home/user/airflow/airflow_venv/lib/python3.10/site-packages/airflow/example_dags/example_kubernetes_executor.py for tasks to queue
[2024-08-21T07:21:40.005+0700] {logging_mixin.py:190} INFO - [2024-08-21T07:21:40.005+0700] {dagbag.py:587} INFO - Filling up the DagBag from /home/user/airflow/airflow_venv/lib/python3.10/site-packages/airflow/example_dags/example_kubernetes_executor.py
[2024-08-21T07:21:40.008+0700] {logging_mixin.py:190} INFO - [2024-08-21T07:21:40.008+0700] {example_kubernetes_executor.py:39} WARNING - The example_kubernetes_executor example DAG requires the kubernetes provider. Please install it with: pip install apache-airflow[cncf.kubernetes]
[2024-08-21T07:21:40.009+0700] {processor.py:927} WARNING - No viable dags retrieved from /home/user/airflow/airflow_venv/lib/python3.10/site-packages/airflow/example_dags/example_kubernetes_executor.py
[2024-08-21T07:21:40.021+0700] {processor.py:208} INFO - Processing /home/user/airflow/airflow_venv/lib/python3.10/site-packages/airflow/example_dags/example_kubernetes_executor.py took 0.025 seconds
[2024-08-21T07:22:48.377+0700] {processor.py:186} INFO - Started process (PID=2771) to work on /home/user/airflow/airflow_venv/lib/python3.10/site-packages/airflow/example_dags/example_kubernetes_executor.py
[2024-08-21T07:22:48.380+0700] {processor.py:914} INFO - Processing file /home/user/airflow/airflow_venv/lib/python3.10/site-packages/airflow/example_dags/example_kubernetes_executor.py for tasks to queue
[2024-08-21T07:22:48.385+0700] {logging_mixin.py:190} INFO - [2024-08-21T07:22:48.384+0700] {dagbag.py:587} INFO - Filling up the DagBag from /home/user/airflow/airflow_venv/lib/python3.10/site-packages/airflow/example_dags/example_kubernetes_executor.py
[2024-08-21T07:22:48.391+0700] {logging_mixin.py:190} INFO - [2024-08-21T07:22:48.390+0700] {example_kubernetes_executor.py:39} WARNING - The example_kubernetes_executor example DAG requires the kubernetes provider. Please install it with: pip install apache-airflow[cncf.kubernetes]
[2024-08-21T07:22:48.391+0700] {processor.py:927} WARNING - No viable dags retrieved from /home/user/airflow/airflow_venv/lib/python3.10/site-packages/airflow/example_dags/example_kubernetes_executor.py
[2024-08-21T07:22:48.412+0700] {processor.py:208} INFO - Processing /home/user/airflow/airflow_venv/lib/python3.10/site-packages/airflow/example_dags/example_kubernetes_executor.py took 0.047 seconds
[2024-08-21T07:23:37.035+0700] {processor.py:186} INFO - Started process (PID=3155) to work on /home/user/airflow/airflow_venv/lib/python3.10/site-packages/airflow/example_dags/example_kubernetes_executor.py
[2024-08-21T07:23:37.037+0700] {processor.py:914} INFO - Processing file /home/user/airflow/airflow_venv/lib/python3.10/site-packages/airflow/example_dags/example_kubernetes_executor.py for tasks to queue
[2024-08-21T07:23:37.039+0700] {logging_mixin.py:190} INFO - [2024-08-21T07:23:37.039+0700] {dagbag.py:587} INFO - Filling up the DagBag from /home/user/airflow/airflow_venv/lib/python3.10/site-packages/airflow/example_dags/example_kubernetes_executor.py
[2024-08-21T07:23:37.042+0700] {logging_mixin.py:190} INFO - [2024-08-21T07:23:37.041+0700] {example_kubernetes_executor.py:39} WARNING - The example_kubernetes_executor example DAG requires the kubernetes provider. Please install it with: pip install apache-airflow[cncf.kubernetes]
[2024-08-21T07:23:37.042+0700] {processor.py:927} WARNING - No viable dags retrieved from /home/user/airflow/airflow_venv/lib/python3.10/site-packages/airflow/example_dags/example_kubernetes_executor.py
[2024-08-21T07:23:37.050+0700] {processor.py:208} INFO - Processing /home/user/airflow/airflow_venv/lib/python3.10/site-packages/airflow/example_dags/example_kubernetes_executor.py took 0.020 seconds
[2024-08-21T07:24:41.668+0700] {processor.py:186} INFO - Started process (PID=3682) to work on /home/user/airflow/airflow_venv/lib/python3.10/site-packages/airflow/example_dags/example_kubernetes_executor.py
[2024-08-21T07:24:41.669+0700] {processor.py:914} INFO - Processing file /home/user/airflow/airflow_venv/lib/python3.10/site-packages/airflow/example_dags/example_kubernetes_executor.py for tasks to queue
[2024-08-21T07:24:41.671+0700] {logging_mixin.py:190} INFO - [2024-08-21T07:24:41.671+0700] {dagbag.py:587} INFO - Filling up the DagBag from /home/user/airflow/airflow_venv/lib/python3.10/site-packages/airflow/example_dags/example_kubernetes_executor.py
[2024-08-21T07:24:41.674+0700] {logging_mixin.py:190} INFO - [2024-08-21T07:24:41.674+0700] {example_kubernetes_executor.py:39} WARNING - The example_kubernetes_executor example DAG requires the kubernetes provider. Please install it with: pip install apache-airflow[cncf.kubernetes]
[2024-08-21T07:24:41.674+0700] {processor.py:927} WARNING - No viable dags retrieved from /home/user/airflow/airflow_venv/lib/python3.10/site-packages/airflow/example_dags/example_kubernetes_executor.py
[2024-08-21T07:24:41.683+0700] {processor.py:208} INFO - Processing /home/user/airflow/airflow_venv/lib/python3.10/site-packages/airflow/example_dags/example_kubernetes_executor.py took 0.021 seconds
[2024-08-21T07:25:38.196+0700] {processor.py:186} INFO - Started process (PID=4137) to work on /home/user/airflow/airflow_venv/lib/python3.10/site-packages/airflow/example_dags/example_kubernetes_executor.py
[2024-08-21T07:25:38.198+0700] {processor.py:914} INFO - Processing file /home/user/airflow/airflow_venv/lib/python3.10/site-packages/airflow/example_dags/example_kubernetes_executor.py for tasks to queue
[2024-08-21T07:25:38.201+0700] {logging_mixin.py:190} INFO - [2024-08-21T07:25:38.200+0700] {dagbag.py:587} INFO - Filling up the DagBag from /home/user/airflow/airflow_venv/lib/python3.10/site-packages/airflow/example_dags/example_kubernetes_executor.py
[2024-08-21T07:25:38.203+0700] {logging_mixin.py:190} INFO - [2024-08-21T07:25:38.203+0700] {example_kubernetes_executor.py:39} WARNING - The example_kubernetes_executor example DAG requires the kubernetes provider. Please install it with: pip install apache-airflow[cncf.kubernetes]
[2024-08-21T07:25:38.204+0700] {processor.py:927} WARNING - No viable dags retrieved from /home/user/airflow/airflow_venv/lib/python3.10/site-packages/airflow/example_dags/example_kubernetes_executor.py
[2024-08-21T07:25:38.214+0700] {processor.py:208} INFO - Processing /home/user/airflow/airflow_venv/lib/python3.10/site-packages/airflow/example_dags/example_kubernetes_executor.py took 0.025 seconds
[2024-08-21T07:26:31.045+0700] {processor.py:186} INFO - Started process (PID=4555) to work on /home/user/airflow/airflow_venv/lib/python3.10/site-packages/airflow/example_dags/example_kubernetes_executor.py
[2024-08-21T07:26:31.047+0700] {processor.py:914} INFO - Processing file /home/user/airflow/airflow_venv/lib/python3.10/site-packages/airflow/example_dags/example_kubernetes_executor.py for tasks to queue
[2024-08-21T07:26:31.049+0700] {logging_mixin.py:190} INFO - [2024-08-21T07:26:31.048+0700] {dagbag.py:587} INFO - Filling up the DagBag from /home/user/airflow/airflow_venv/lib/python3.10/site-packages/airflow/example_dags/example_kubernetes_executor.py
[2024-08-21T07:26:31.051+0700] {logging_mixin.py:190} INFO - [2024-08-21T07:26:31.051+0700] {example_kubernetes_executor.py:39} WARNING - The example_kubernetes_executor example DAG requires the kubernetes provider. Please install it with: pip install apache-airflow[cncf.kubernetes]
[2024-08-21T07:26:31.051+0700] {processor.py:927} WARNING - No viable dags retrieved from /home/user/airflow/airflow_venv/lib/python3.10/site-packages/airflow/example_dags/example_kubernetes_executor.py
[2024-08-21T07:26:31.058+0700] {processor.py:208} INFO - Processing /home/user/airflow/airflow_venv/lib/python3.10/site-packages/airflow/example_dags/example_kubernetes_executor.py took 0.018 seconds
[2024-08-21T07:27:22.188+0700] {processor.py:186} INFO - Started process (PID=4959) to work on /home/user/airflow/airflow_venv/lib/python3.10/site-packages/airflow/example_dags/example_kubernetes_executor.py
[2024-08-21T07:27:22.190+0700] {processor.py:914} INFO - Processing file /home/user/airflow/airflow_venv/lib/python3.10/site-packages/airflow/example_dags/example_kubernetes_executor.py for tasks to queue
[2024-08-21T07:27:22.191+0700] {logging_mixin.py:190} INFO - [2024-08-21T07:27:22.191+0700] {dagbag.py:587} INFO - Filling up the DagBag from /home/user/airflow/airflow_venv/lib/python3.10/site-packages/airflow/example_dags/example_kubernetes_executor.py
[2024-08-21T07:27:22.194+0700] {logging_mixin.py:190} INFO - [2024-08-21T07:27:22.194+0700] {example_kubernetes_executor.py:39} WARNING - The example_kubernetes_executor example DAG requires the kubernetes provider. Please install it with: pip install apache-airflow[cncf.kubernetes]
[2024-08-21T07:27:22.194+0700] {processor.py:927} WARNING - No viable dags retrieved from /home/user/airflow/airflow_venv/lib/python3.10/site-packages/airflow/example_dags/example_kubernetes_executor.py
[2024-08-21T07:27:22.204+0700] {processor.py:208} INFO - Processing /home/user/airflow/airflow_venv/lib/python3.10/site-packages/airflow/example_dags/example_kubernetes_executor.py took 0.024 seconds
[2024-08-21T07:28:14.093+0700] {processor.py:186} INFO - Started process (PID=5400) to work on /home/user/airflow/airflow_venv/lib/python3.10/site-packages/airflow/example_dags/example_kubernetes_executor.py
[2024-08-21T07:28:14.095+0700] {processor.py:914} INFO - Processing file /home/user/airflow/airflow_venv/lib/python3.10/site-packages/airflow/example_dags/example_kubernetes_executor.py for tasks to queue
[2024-08-21T07:28:14.098+0700] {logging_mixin.py:190} INFO - [2024-08-21T07:28:14.097+0700] {dagbag.py:587} INFO - Filling up the DagBag from /home/user/airflow/airflow_venv/lib/python3.10/site-packages/airflow/example_dags/example_kubernetes_executor.py
[2024-08-21T07:28:14.101+0700] {logging_mixin.py:190} INFO - [2024-08-21T07:28:14.101+0700] {example_kubernetes_executor.py:39} WARNING - The example_kubernetes_executor example DAG requires the kubernetes provider. Please install it with: pip install apache-airflow[cncf.kubernetes]
[2024-08-21T07:28:14.101+0700] {processor.py:927} WARNING - No viable dags retrieved from /home/user/airflow/airflow_venv/lib/python3.10/site-packages/airflow/example_dags/example_kubernetes_executor.py
[2024-08-21T07:28:14.113+0700] {processor.py:208} INFO - Processing /home/user/airflow/airflow_venv/lib/python3.10/site-packages/airflow/example_dags/example_kubernetes_executor.py took 0.029 seconds
[2024-08-21T07:29:06.225+0700] {processor.py:186} INFO - Started process (PID=5890) to work on /home/user/airflow/airflow_venv/lib/python3.10/site-packages/airflow/example_dags/example_kubernetes_executor.py
[2024-08-21T07:29:06.228+0700] {processor.py:914} INFO - Processing file /home/user/airflow/airflow_venv/lib/python3.10/site-packages/airflow/example_dags/example_kubernetes_executor.py for tasks to queue
[2024-08-21T07:29:06.231+0700] {logging_mixin.py:190} INFO - [2024-08-21T07:29:06.230+0700] {dagbag.py:587} INFO - Filling up the DagBag from /home/user/airflow/airflow_venv/lib/python3.10/site-packages/airflow/example_dags/example_kubernetes_executor.py
[2024-08-21T07:29:06.235+0700] {logging_mixin.py:190} INFO - [2024-08-21T07:29:06.235+0700] {example_kubernetes_executor.py:39} WARNING - The example_kubernetes_executor example DAG requires the kubernetes provider. Please install it with: pip install apache-airflow[cncf.kubernetes]
[2024-08-21T07:29:06.235+0700] {processor.py:927} WARNING - No viable dags retrieved from /home/user/airflow/airflow_venv/lib/python3.10/site-packages/airflow/example_dags/example_kubernetes_executor.py
[2024-08-21T07:29:06.245+0700] {processor.py:208} INFO - Processing /home/user/airflow/airflow_venv/lib/python3.10/site-packages/airflow/example_dags/example_kubernetes_executor.py took 0.025 seconds
[2024-08-21T07:29:56.591+0700] {processor.py:186} INFO - Started process (PID=6325) to work on /home/user/airflow/airflow_venv/lib/python3.10/site-packages/airflow/example_dags/example_kubernetes_executor.py
[2024-08-21T07:29:56.592+0700] {processor.py:914} INFO - Processing file /home/user/airflow/airflow_venv/lib/python3.10/site-packages/airflow/example_dags/example_kubernetes_executor.py for tasks to queue
[2024-08-21T07:29:56.594+0700] {logging_mixin.py:190} INFO - [2024-08-21T07:29:56.594+0700] {dagbag.py:587} INFO - Filling up the DagBag from /home/user/airflow/airflow_venv/lib/python3.10/site-packages/airflow/example_dags/example_kubernetes_executor.py
[2024-08-21T07:29:56.597+0700] {logging_mixin.py:190} INFO - [2024-08-21T07:29:56.597+0700] {example_kubernetes_executor.py:39} WARNING - The example_kubernetes_executor example DAG requires the kubernetes provider. Please install it with: pip install apache-airflow[cncf.kubernetes]
[2024-08-21T07:29:56.598+0700] {processor.py:927} WARNING - No viable dags retrieved from /home/user/airflow/airflow_venv/lib/python3.10/site-packages/airflow/example_dags/example_kubernetes_executor.py
[2024-08-21T07:29:56.610+0700] {processor.py:208} INFO - Processing /home/user/airflow/airflow_venv/lib/python3.10/site-packages/airflow/example_dags/example_kubernetes_executor.py took 0.024 seconds
[2024-08-21T07:30:56.161+0700] {processor.py:186} INFO - Started process (PID=6882) to work on /home/user/airflow/airflow_venv/lib/python3.10/site-packages/airflow/example_dags/example_kubernetes_executor.py
[2024-08-21T07:30:56.162+0700] {processor.py:914} INFO - Processing file /home/user/airflow/airflow_venv/lib/python3.10/site-packages/airflow/example_dags/example_kubernetes_executor.py for tasks to queue
[2024-08-21T07:30:56.164+0700] {logging_mixin.py:190} INFO - [2024-08-21T07:30:56.164+0700] {dagbag.py:587} INFO - Filling up the DagBag from /home/user/airflow/airflow_venv/lib/python3.10/site-packages/airflow/example_dags/example_kubernetes_executor.py
[2024-08-21T07:30:56.166+0700] {logging_mixin.py:190} INFO - [2024-08-21T07:30:56.166+0700] {example_kubernetes_executor.py:39} WARNING - The example_kubernetes_executor example DAG requires the kubernetes provider. Please install it with: pip install apache-airflow[cncf.kubernetes]
[2024-08-21T07:30:56.166+0700] {processor.py:927} WARNING - No viable dags retrieved from /home/user/airflow/airflow_venv/lib/python3.10/site-packages/airflow/example_dags/example_kubernetes_executor.py
[2024-08-21T07:30:56.174+0700] {processor.py:208} INFO - Processing /home/user/airflow/airflow_venv/lib/python3.10/site-packages/airflow/example_dags/example_kubernetes_executor.py took 0.018 seconds
[2024-08-21T07:31:46.721+0700] {processor.py:186} INFO - Started process (PID=7386) to work on /home/user/airflow/airflow_venv/lib/python3.10/site-packages/airflow/example_dags/example_kubernetes_executor.py
[2024-08-21T07:31:46.722+0700] {processor.py:914} INFO - Processing file /home/user/airflow/airflow_venv/lib/python3.10/site-packages/airflow/example_dags/example_kubernetes_executor.py for tasks to queue
[2024-08-21T07:31:46.724+0700] {logging_mixin.py:190} INFO - [2024-08-21T07:31:46.723+0700] {dagbag.py:587} INFO - Filling up the DagBag from /home/user/airflow/airflow_venv/lib/python3.10/site-packages/airflow/example_dags/example_kubernetes_executor.py
[2024-08-21T07:31:46.726+0700] {logging_mixin.py:190} INFO - [2024-08-21T07:31:46.726+0700] {example_kubernetes_executor.py:39} WARNING - The example_kubernetes_executor example DAG requires the kubernetes provider. Please install it with: pip install apache-airflow[cncf.kubernetes]
[2024-08-21T07:31:46.726+0700] {processor.py:927} WARNING - No viable dags retrieved from /home/user/airflow/airflow_venv/lib/python3.10/site-packages/airflow/example_dags/example_kubernetes_executor.py
[2024-08-21T07:31:46.735+0700] {processor.py:208} INFO - Processing /home/user/airflow/airflow_venv/lib/python3.10/site-packages/airflow/example_dags/example_kubernetes_executor.py took 0.018 seconds
[2024-08-21T07:32:36.092+0700] {processor.py:186} INFO - Started process (PID=7858) to work on /home/user/airflow/airflow_venv/lib/python3.10/site-packages/airflow/example_dags/example_kubernetes_executor.py
[2024-08-21T07:32:36.099+0700] {processor.py:914} INFO - Processing file /home/user/airflow/airflow_venv/lib/python3.10/site-packages/airflow/example_dags/example_kubernetes_executor.py for tasks to queue
[2024-08-21T07:32:36.101+0700] {logging_mixin.py:190} INFO - [2024-08-21T07:32:36.101+0700] {dagbag.py:587} INFO - Filling up the DagBag from /home/user/airflow/airflow_venv/lib/python3.10/site-packages/airflow/example_dags/example_kubernetes_executor.py
[2024-08-21T07:32:36.103+0700] {logging_mixin.py:190} INFO - [2024-08-21T07:32:36.103+0700] {example_kubernetes_executor.py:39} WARNING - The example_kubernetes_executor example DAG requires the kubernetes provider. Please install it with: pip install apache-airflow[cncf.kubernetes]
[2024-08-21T07:32:36.103+0700] {processor.py:927} WARNING - No viable dags retrieved from /home/user/airflow/airflow_venv/lib/python3.10/site-packages/airflow/example_dags/example_kubernetes_executor.py
[2024-08-21T07:32:36.111+0700] {processor.py:208} INFO - Processing /home/user/airflow/airflow_venv/lib/python3.10/site-packages/airflow/example_dags/example_kubernetes_executor.py took 0.023 seconds
[2024-08-21T07:33:28.951+0700] {processor.py:186} INFO - Started process (PID=8412) to work on /home/user/airflow/airflow_venv/lib/python3.10/site-packages/airflow/example_dags/example_kubernetes_executor.py
[2024-08-21T07:33:28.953+0700] {processor.py:914} INFO - Processing file /home/user/airflow/airflow_venv/lib/python3.10/site-packages/airflow/example_dags/example_kubernetes_executor.py for tasks to queue
[2024-08-21T07:33:28.955+0700] {logging_mixin.py:190} INFO - [2024-08-21T07:33:28.954+0700] {dagbag.py:587} INFO - Filling up the DagBag from /home/user/airflow/airflow_venv/lib/python3.10/site-packages/airflow/example_dags/example_kubernetes_executor.py
[2024-08-21T07:33:28.957+0700] {logging_mixin.py:190} INFO - [2024-08-21T07:33:28.957+0700] {example_kubernetes_executor.py:39} WARNING - The example_kubernetes_executor example DAG requires the kubernetes provider. Please install it with: pip install apache-airflow[cncf.kubernetes]
[2024-08-21T07:33:28.957+0700] {processor.py:927} WARNING - No viable dags retrieved from /home/user/airflow/airflow_venv/lib/python3.10/site-packages/airflow/example_dags/example_kubernetes_executor.py
[2024-08-21T07:33:28.964+0700] {processor.py:208} INFO - Processing /home/user/airflow/airflow_venv/lib/python3.10/site-packages/airflow/example_dags/example_kubernetes_executor.py took 0.019 seconds
[2024-08-21T07:34:21.687+0700] {processor.py:186} INFO - Started process (PID=8939) to work on /home/user/airflow/airflow_venv/lib/python3.10/site-packages/airflow/example_dags/example_kubernetes_executor.py
[2024-08-21T07:34:21.689+0700] {processor.py:914} INFO - Processing file /home/user/airflow/airflow_venv/lib/python3.10/site-packages/airflow/example_dags/example_kubernetes_executor.py for tasks to queue
[2024-08-21T07:34:21.691+0700] {logging_mixin.py:190} INFO - [2024-08-21T07:34:21.691+0700] {dagbag.py:587} INFO - Filling up the DagBag from /home/user/airflow/airflow_venv/lib/python3.10/site-packages/airflow/example_dags/example_kubernetes_executor.py
[2024-08-21T07:34:21.694+0700] {logging_mixin.py:190} INFO - [2024-08-21T07:34:21.694+0700] {example_kubernetes_executor.py:39} WARNING - The example_kubernetes_executor example DAG requires the kubernetes provider. Please install it with: pip install apache-airflow[cncf.kubernetes]
[2024-08-21T07:34:21.694+0700] {processor.py:927} WARNING - No viable dags retrieved from /home/user/airflow/airflow_venv/lib/python3.10/site-packages/airflow/example_dags/example_kubernetes_executor.py
[2024-08-21T07:34:21.703+0700] {processor.py:208} INFO - Processing /home/user/airflow/airflow_venv/lib/python3.10/site-packages/airflow/example_dags/example_kubernetes_executor.py took 0.021 seconds
[2024-08-21T07:35:16.214+0700] {processor.py:186} INFO - Started process (PID=10001) to work on /home/user/airflow/airflow_venv/lib/python3.10/site-packages/airflow/example_dags/example_kubernetes_executor.py
[2024-08-21T07:35:16.215+0700] {processor.py:914} INFO - Processing file /home/user/airflow/airflow_venv/lib/python3.10/site-packages/airflow/example_dags/example_kubernetes_executor.py for tasks to queue
[2024-08-21T07:35:16.217+0700] {logging_mixin.py:190} INFO - [2024-08-21T07:35:16.217+0700] {dagbag.py:587} INFO - Filling up the DagBag from /home/user/airflow/airflow_venv/lib/python3.10/site-packages/airflow/example_dags/example_kubernetes_executor.py
[2024-08-21T07:35:16.220+0700] {logging_mixin.py:190} INFO - [2024-08-21T07:35:16.219+0700] {example_kubernetes_executor.py:39} WARNING - The example_kubernetes_executor example DAG requires the kubernetes provider. Please install it with: pip install apache-airflow[cncf.kubernetes]
[2024-08-21T07:35:16.220+0700] {processor.py:927} WARNING - No viable dags retrieved from /home/user/airflow/airflow_venv/lib/python3.10/site-packages/airflow/example_dags/example_kubernetes_executor.py
[2024-08-21T07:35:16.228+0700] {processor.py:208} INFO - Processing /home/user/airflow/airflow_venv/lib/python3.10/site-packages/airflow/example_dags/example_kubernetes_executor.py took 0.018 seconds
[2024-08-21T07:36:07.129+0700] {processor.py:186} INFO - Started process (PID=10523) to work on /home/user/airflow/airflow_venv/lib/python3.10/site-packages/airflow/example_dags/example_kubernetes_executor.py
[2024-08-21T07:36:07.131+0700] {processor.py:914} INFO - Processing file /home/user/airflow/airflow_venv/lib/python3.10/site-packages/airflow/example_dags/example_kubernetes_executor.py for tasks to queue
[2024-08-21T07:36:07.135+0700] {logging_mixin.py:190} INFO - [2024-08-21T07:36:07.134+0700] {dagbag.py:587} INFO - Filling up the DagBag from /home/user/airflow/airflow_venv/lib/python3.10/site-packages/airflow/example_dags/example_kubernetes_executor.py
[2024-08-21T07:36:07.138+0700] {logging_mixin.py:190} INFO - [2024-08-21T07:36:07.138+0700] {example_kubernetes_executor.py:39} WARNING - The example_kubernetes_executor example DAG requires the kubernetes provider. Please install it with: pip install apache-airflow[cncf.kubernetes]
[2024-08-21T07:36:07.139+0700] {processor.py:927} WARNING - No viable dags retrieved from /home/user/airflow/airflow_venv/lib/python3.10/site-packages/airflow/example_dags/example_kubernetes_executor.py
[2024-08-21T07:36:07.151+0700] {processor.py:208} INFO - Processing /home/user/airflow/airflow_venv/lib/python3.10/site-packages/airflow/example_dags/example_kubernetes_executor.py took 0.029 seconds
[2024-08-21T07:37:00.553+0700] {processor.py:186} INFO - Started process (PID=10942) to work on /home/user/airflow/airflow_venv/lib/python3.10/site-packages/airflow/example_dags/example_kubernetes_executor.py
[2024-08-21T07:37:00.554+0700] {processor.py:914} INFO - Processing file /home/user/airflow/airflow_venv/lib/python3.10/site-packages/airflow/example_dags/example_kubernetes_executor.py for tasks to queue
[2024-08-21T07:37:00.556+0700] {logging_mixin.py:190} INFO - [2024-08-21T07:37:00.556+0700] {dagbag.py:587} INFO - Filling up the DagBag from /home/user/airflow/airflow_venv/lib/python3.10/site-packages/airflow/example_dags/example_kubernetes_executor.py
[2024-08-21T07:37:00.559+0700] {logging_mixin.py:190} INFO - [2024-08-21T07:37:00.559+0700] {example_kubernetes_executor.py:39} WARNING - The example_kubernetes_executor example DAG requires the kubernetes provider. Please install it with: pip install apache-airflow[cncf.kubernetes]
[2024-08-21T07:37:00.560+0700] {processor.py:927} WARNING - No viable dags retrieved from /home/user/airflow/airflow_venv/lib/python3.10/site-packages/airflow/example_dags/example_kubernetes_executor.py
[2024-08-21T07:37:00.569+0700] {processor.py:208} INFO - Processing /home/user/airflow/airflow_venv/lib/python3.10/site-packages/airflow/example_dags/example_kubernetes_executor.py took 0.022 seconds
[2024-08-21T07:37:54.350+0700] {processor.py:186} INFO - Started process (PID=11566) to work on /home/user/airflow/airflow_venv/lib/python3.10/site-packages/airflow/example_dags/example_kubernetes_executor.py
[2024-08-21T07:37:54.353+0700] {processor.py:914} INFO - Processing file /home/user/airflow/airflow_venv/lib/python3.10/site-packages/airflow/example_dags/example_kubernetes_executor.py for tasks to queue
[2024-08-21T07:37:54.354+0700] {logging_mixin.py:190} INFO - [2024-08-21T07:37:54.354+0700] {dagbag.py:587} INFO - Filling up the DagBag from /home/user/airflow/airflow_venv/lib/python3.10/site-packages/airflow/example_dags/example_kubernetes_executor.py
[2024-08-21T07:37:54.357+0700] {logging_mixin.py:190} INFO - [2024-08-21T07:37:54.357+0700] {example_kubernetes_executor.py:39} WARNING - The example_kubernetes_executor example DAG requires the kubernetes provider. Please install it with: pip install apache-airflow[cncf.kubernetes]
[2024-08-21T07:37:54.357+0700] {processor.py:927} WARNING - No viable dags retrieved from /home/user/airflow/airflow_venv/lib/python3.10/site-packages/airflow/example_dags/example_kubernetes_executor.py
[2024-08-21T07:37:54.365+0700] {processor.py:208} INFO - Processing /home/user/airflow/airflow_venv/lib/python3.10/site-packages/airflow/example_dags/example_kubernetes_executor.py took 0.019 seconds
[2024-08-21T07:38:46.529+0700] {processor.py:186} INFO - Started process (PID=12141) to work on /home/user/airflow/airflow_venv/lib/python3.10/site-packages/airflow/example_dags/example_kubernetes_executor.py
[2024-08-21T07:38:46.530+0700] {processor.py:914} INFO - Processing file /home/user/airflow/airflow_venv/lib/python3.10/site-packages/airflow/example_dags/example_kubernetes_executor.py for tasks to queue
[2024-08-21T07:38:46.533+0700] {logging_mixin.py:190} INFO - [2024-08-21T07:38:46.533+0700] {dagbag.py:587} INFO - Filling up the DagBag from /home/user/airflow/airflow_venv/lib/python3.10/site-packages/airflow/example_dags/example_kubernetes_executor.py
[2024-08-21T07:38:46.537+0700] {logging_mixin.py:190} INFO - [2024-08-21T07:38:46.537+0700] {example_kubernetes_executor.py:39} WARNING - The example_kubernetes_executor example DAG requires the kubernetes provider. Please install it with: pip install apache-airflow[cncf.kubernetes]
[2024-08-21T07:38:46.538+0700] {processor.py:927} WARNING - No viable dags retrieved from /home/user/airflow/airflow_venv/lib/python3.10/site-packages/airflow/example_dags/example_kubernetes_executor.py
[2024-08-21T07:38:46.553+0700] {processor.py:208} INFO - Processing /home/user/airflow/airflow_venv/lib/python3.10/site-packages/airflow/example_dags/example_kubernetes_executor.py took 0.030 seconds
[2024-08-21T07:39:39.249+0700] {processor.py:186} INFO - Started process (PID=12709) to work on /home/user/airflow/airflow_venv/lib/python3.10/site-packages/airflow/example_dags/example_kubernetes_executor.py
[2024-08-21T07:39:39.250+0700] {processor.py:914} INFO - Processing file /home/user/airflow/airflow_venv/lib/python3.10/site-packages/airflow/example_dags/example_kubernetes_executor.py for tasks to queue
[2024-08-21T07:39:39.253+0700] {logging_mixin.py:190} INFO - [2024-08-21T07:39:39.252+0700] {dagbag.py:587} INFO - Filling up the DagBag from /home/user/airflow/airflow_venv/lib/python3.10/site-packages/airflow/example_dags/example_kubernetes_executor.py
[2024-08-21T07:39:39.258+0700] {logging_mixin.py:190} INFO - [2024-08-21T07:39:39.256+0700] {example_kubernetes_executor.py:39} WARNING - The example_kubernetes_executor example DAG requires the kubernetes provider. Please install it with: pip install apache-airflow[cncf.kubernetes]
[2024-08-21T07:39:39.258+0700] {processor.py:927} WARNING - No viable dags retrieved from /home/user/airflow/airflow_venv/lib/python3.10/site-packages/airflow/example_dags/example_kubernetes_executor.py
[2024-08-21T07:39:39.268+0700] {processor.py:208} INFO - Processing /home/user/airflow/airflow_venv/lib/python3.10/site-packages/airflow/example_dags/example_kubernetes_executor.py took 0.025 seconds
[2024-08-21T07:40:31.517+0700] {processor.py:186} INFO - Started process (PID=13297) to work on /home/user/airflow/airflow_venv/lib/python3.10/site-packages/airflow/example_dags/example_kubernetes_executor.py
[2024-08-21T07:40:31.518+0700] {processor.py:914} INFO - Processing file /home/user/airflow/airflow_venv/lib/python3.10/site-packages/airflow/example_dags/example_kubernetes_executor.py for tasks to queue
[2024-08-21T07:40:31.520+0700] {logging_mixin.py:190} INFO - [2024-08-21T07:40:31.519+0700] {dagbag.py:587} INFO - Filling up the DagBag from /home/user/airflow/airflow_venv/lib/python3.10/site-packages/airflow/example_dags/example_kubernetes_executor.py
[2024-08-21T07:40:31.522+0700] {logging_mixin.py:190} INFO - [2024-08-21T07:40:31.522+0700] {example_kubernetes_executor.py:39} WARNING - The example_kubernetes_executor example DAG requires the kubernetes provider. Please install it with: pip install apache-airflow[cncf.kubernetes]
[2024-08-21T07:40:31.523+0700] {processor.py:927} WARNING - No viable dags retrieved from /home/user/airflow/airflow_venv/lib/python3.10/site-packages/airflow/example_dags/example_kubernetes_executor.py
[2024-08-21T07:40:31.532+0700] {processor.py:208} INFO - Processing /home/user/airflow/airflow_venv/lib/python3.10/site-packages/airflow/example_dags/example_kubernetes_executor.py took 0.021 seconds
[2024-08-21T07:41:18.275+0700] {processor.py:186} INFO - Started process (PID=13799) to work on /home/user/airflow/airflow_venv/lib/python3.10/site-packages/airflow/example_dags/example_kubernetes_executor.py
[2024-08-21T07:41:18.277+0700] {processor.py:914} INFO - Processing file /home/user/airflow/airflow_venv/lib/python3.10/site-packages/airflow/example_dags/example_kubernetes_executor.py for tasks to queue
[2024-08-21T07:41:18.279+0700] {logging_mixin.py:190} INFO - [2024-08-21T07:41:18.279+0700] {dagbag.py:587} INFO - Filling up the DagBag from /home/user/airflow/airflow_venv/lib/python3.10/site-packages/airflow/example_dags/example_kubernetes_executor.py
[2024-08-21T07:41:18.281+0700] {logging_mixin.py:190} INFO - [2024-08-21T07:41:18.281+0700] {example_kubernetes_executor.py:39} WARNING - The example_kubernetes_executor example DAG requires the kubernetes provider. Please install it with: pip install apache-airflow[cncf.kubernetes]
[2024-08-21T07:41:18.281+0700] {processor.py:927} WARNING - No viable dags retrieved from /home/user/airflow/airflow_venv/lib/python3.10/site-packages/airflow/example_dags/example_kubernetes_executor.py
[2024-08-21T07:41:18.291+0700] {processor.py:208} INFO - Processing /home/user/airflow/airflow_venv/lib/python3.10/site-packages/airflow/example_dags/example_kubernetes_executor.py took 0.021 seconds
[2024-08-21T09:42:50.134+0700] {processor.py:186} INFO - Started process (PID=54582) to work on /home/user/airflow/airflow_venv/lib/python3.10/site-packages/airflow/example_dags/example_kubernetes_executor.py
[2024-08-21T09:42:50.139+0700] {processor.py:914} INFO - Processing file /home/user/airflow/airflow_venv/lib/python3.10/site-packages/airflow/example_dags/example_kubernetes_executor.py for tasks to queue
[2024-08-21T09:42:50.143+0700] {logging_mixin.py:190} INFO - [2024-08-21T09:42:50.142+0700] {dagbag.py:587} INFO - Filling up the DagBag from /home/user/airflow/airflow_venv/lib/python3.10/site-packages/airflow/example_dags/example_kubernetes_executor.py
[2024-08-21T09:42:50.151+0700] {logging_mixin.py:190} INFO - [2024-08-21T09:42:50.151+0700] {example_kubernetes_executor.py:39} WARNING - The example_kubernetes_executor example DAG requires the kubernetes provider. Please install it with: pip install apache-airflow[cncf.kubernetes]
[2024-08-21T09:42:50.151+0700] {processor.py:927} WARNING - No viable dags retrieved from /home/user/airflow/airflow_venv/lib/python3.10/site-packages/airflow/example_dags/example_kubernetes_executor.py
[2024-08-21T09:42:50.172+0700] {processor.py:208} INFO - Processing /home/user/airflow/airflow_venv/lib/python3.10/site-packages/airflow/example_dags/example_kubernetes_executor.py took 0.052 seconds
[2024-08-21T09:46:56.114+0700] {processor.py:186} INFO - Started process (PID=56603) to work on /home/user/airflow/airflow_venv/lib/python3.10/site-packages/airflow/example_dags/example_kubernetes_executor.py
[2024-08-21T09:46:56.116+0700] {processor.py:914} INFO - Processing file /home/user/airflow/airflow_venv/lib/python3.10/site-packages/airflow/example_dags/example_kubernetes_executor.py for tasks to queue
[2024-08-21T09:46:56.119+0700] {logging_mixin.py:190} INFO - [2024-08-21T09:46:56.118+0700] {dagbag.py:587} INFO - Filling up the DagBag from /home/user/airflow/airflow_venv/lib/python3.10/site-packages/airflow/example_dags/example_kubernetes_executor.py
[2024-08-21T09:46:56.123+0700] {logging_mixin.py:190} INFO - [2024-08-21T09:46:56.123+0700] {example_kubernetes_executor.py:39} WARNING - The example_kubernetes_executor example DAG requires the kubernetes provider. Please install it with: pip install apache-airflow[cncf.kubernetes]
[2024-08-21T09:46:56.123+0700] {processor.py:927} WARNING - No viable dags retrieved from /home/user/airflow/airflow_venv/lib/python3.10/site-packages/airflow/example_dags/example_kubernetes_executor.py
[2024-08-21T09:46:56.131+0700] {processor.py:208} INFO - Processing /home/user/airflow/airflow_venv/lib/python3.10/site-packages/airflow/example_dags/example_kubernetes_executor.py took 0.022 seconds
[2024-08-21T09:53:35.117+0700] {processor.py:186} INFO - Started process (PID=59513) to work on /home/user/airflow/airflow_venv/lib/python3.10/site-packages/airflow/example_dags/example_kubernetes_executor.py
[2024-08-21T09:53:35.120+0700] {processor.py:914} INFO - Processing file /home/user/airflow/airflow_venv/lib/python3.10/site-packages/airflow/example_dags/example_kubernetes_executor.py for tasks to queue
[2024-08-21T09:53:35.124+0700] {logging_mixin.py:190} INFO - [2024-08-21T09:53:35.124+0700] {dagbag.py:587} INFO - Filling up the DagBag from /home/user/airflow/airflow_venv/lib/python3.10/site-packages/airflow/example_dags/example_kubernetes_executor.py
[2024-08-21T09:53:35.131+0700] {logging_mixin.py:190} INFO - [2024-08-21T09:53:35.131+0700] {example_kubernetes_executor.py:39} WARNING - The example_kubernetes_executor example DAG requires the kubernetes provider. Please install it with: pip install apache-airflow[cncf.kubernetes]
[2024-08-21T09:53:35.131+0700] {processor.py:927} WARNING - No viable dags retrieved from /home/user/airflow/airflow_venv/lib/python3.10/site-packages/airflow/example_dags/example_kubernetes_executor.py
[2024-08-21T09:53:35.144+0700] {processor.py:208} INFO - Processing /home/user/airflow/airflow_venv/lib/python3.10/site-packages/airflow/example_dags/example_kubernetes_executor.py took 0.035 seconds
[2024-08-21T09:54:30.640+0700] {processor.py:186} INFO - Started process (PID=59950) to work on /home/user/airflow/airflow_venv/lib/python3.10/site-packages/airflow/example_dags/example_kubernetes_executor.py
[2024-08-21T09:54:30.642+0700] {processor.py:914} INFO - Processing file /home/user/airflow/airflow_venv/lib/python3.10/site-packages/airflow/example_dags/example_kubernetes_executor.py for tasks to queue
[2024-08-21T09:54:30.643+0700] {logging_mixin.py:190} INFO - [2024-08-21T09:54:30.643+0700] {dagbag.py:587} INFO - Filling up the DagBag from /home/user/airflow/airflow_venv/lib/python3.10/site-packages/airflow/example_dags/example_kubernetes_executor.py
[2024-08-21T09:54:30.646+0700] {logging_mixin.py:190} INFO - [2024-08-21T09:54:30.646+0700] {example_kubernetes_executor.py:39} WARNING - The example_kubernetes_executor example DAG requires the kubernetes provider. Please install it with: pip install apache-airflow[cncf.kubernetes]
[2024-08-21T09:54:30.647+0700] {processor.py:927} WARNING - No viable dags retrieved from /home/user/airflow/airflow_venv/lib/python3.10/site-packages/airflow/example_dags/example_kubernetes_executor.py
[2024-08-21T09:54:30.655+0700] {processor.py:208} INFO - Processing /home/user/airflow/airflow_venv/lib/python3.10/site-packages/airflow/example_dags/example_kubernetes_executor.py took 0.021 seconds
[2024-08-21T09:55:27.398+0700] {processor.py:186} INFO - Started process (PID=60395) to work on /home/user/airflow/airflow_venv/lib/python3.10/site-packages/airflow/example_dags/example_kubernetes_executor.py
[2024-08-21T09:55:27.400+0700] {processor.py:914} INFO - Processing file /home/user/airflow/airflow_venv/lib/python3.10/site-packages/airflow/example_dags/example_kubernetes_executor.py for tasks to queue
[2024-08-21T09:55:27.401+0700] {logging_mixin.py:190} INFO - [2024-08-21T09:55:27.401+0700] {dagbag.py:587} INFO - Filling up the DagBag from /home/user/airflow/airflow_venv/lib/python3.10/site-packages/airflow/example_dags/example_kubernetes_executor.py
[2024-08-21T09:55:27.404+0700] {logging_mixin.py:190} INFO - [2024-08-21T09:55:27.404+0700] {example_kubernetes_executor.py:39} WARNING - The example_kubernetes_executor example DAG requires the kubernetes provider. Please install it with: pip install apache-airflow[cncf.kubernetes]
[2024-08-21T09:55:27.404+0700] {processor.py:927} WARNING - No viable dags retrieved from /home/user/airflow/airflow_venv/lib/python3.10/site-packages/airflow/example_dags/example_kubernetes_executor.py
[2024-08-21T09:55:27.413+0700] {processor.py:208} INFO - Processing /home/user/airflow/airflow_venv/lib/python3.10/site-packages/airflow/example_dags/example_kubernetes_executor.py took 0.020 seconds
[2024-08-21T09:56:18.884+0700] {processor.py:186} INFO - Started process (PID=60799) to work on /home/user/airflow/airflow_venv/lib/python3.10/site-packages/airflow/example_dags/example_kubernetes_executor.py
[2024-08-21T09:56:18.886+0700] {processor.py:914} INFO - Processing file /home/user/airflow/airflow_venv/lib/python3.10/site-packages/airflow/example_dags/example_kubernetes_executor.py for tasks to queue
[2024-08-21T09:56:18.888+0700] {logging_mixin.py:190} INFO - [2024-08-21T09:56:18.887+0700] {dagbag.py:587} INFO - Filling up the DagBag from /home/user/airflow/airflow_venv/lib/python3.10/site-packages/airflow/example_dags/example_kubernetes_executor.py
[2024-08-21T09:56:18.891+0700] {logging_mixin.py:190} INFO - [2024-08-21T09:56:18.890+0700] {example_kubernetes_executor.py:39} WARNING - The example_kubernetes_executor example DAG requires the kubernetes provider. Please install it with: pip install apache-airflow[cncf.kubernetes]
[2024-08-21T09:56:18.891+0700] {processor.py:927} WARNING - No viable dags retrieved from /home/user/airflow/airflow_venv/lib/python3.10/site-packages/airflow/example_dags/example_kubernetes_executor.py
[2024-08-21T09:56:18.900+0700] {processor.py:208} INFO - Processing /home/user/airflow/airflow_venv/lib/python3.10/site-packages/airflow/example_dags/example_kubernetes_executor.py took 0.021 seconds
[2024-08-21T09:57:11.744+0700] {processor.py:186} INFO - Started process (PID=61214) to work on /home/user/airflow/airflow_venv/lib/python3.10/site-packages/airflow/example_dags/example_kubernetes_executor.py
[2024-08-21T09:57:11.746+0700] {processor.py:914} INFO - Processing file /home/user/airflow/airflow_venv/lib/python3.10/site-packages/airflow/example_dags/example_kubernetes_executor.py for tasks to queue
[2024-08-21T09:57:11.747+0700] {logging_mixin.py:190} INFO - [2024-08-21T09:57:11.747+0700] {dagbag.py:587} INFO - Filling up the DagBag from /home/user/airflow/airflow_venv/lib/python3.10/site-packages/airflow/example_dags/example_kubernetes_executor.py
[2024-08-21T09:57:11.750+0700] {logging_mixin.py:190} INFO - [2024-08-21T09:57:11.749+0700] {example_kubernetes_executor.py:39} WARNING - The example_kubernetes_executor example DAG requires the kubernetes provider. Please install it with: pip install apache-airflow[cncf.kubernetes]
[2024-08-21T09:57:11.750+0700] {processor.py:927} WARNING - No viable dags retrieved from /home/user/airflow/airflow_venv/lib/python3.10/site-packages/airflow/example_dags/example_kubernetes_executor.py
[2024-08-21T09:57:11.757+0700] {processor.py:208} INFO - Processing /home/user/airflow/airflow_venv/lib/python3.10/site-packages/airflow/example_dags/example_kubernetes_executor.py took 0.020 seconds
[2024-08-21T09:58:05.936+0700] {processor.py:186} INFO - Started process (PID=61637) to work on /home/user/airflow/airflow_venv/lib/python3.10/site-packages/airflow/example_dags/example_kubernetes_executor.py
[2024-08-21T09:58:05.937+0700] {processor.py:914} INFO - Processing file /home/user/airflow/airflow_venv/lib/python3.10/site-packages/airflow/example_dags/example_kubernetes_executor.py for tasks to queue
[2024-08-21T09:58:05.939+0700] {logging_mixin.py:190} INFO - [2024-08-21T09:58:05.938+0700] {dagbag.py:587} INFO - Filling up the DagBag from /home/user/airflow/airflow_venv/lib/python3.10/site-packages/airflow/example_dags/example_kubernetes_executor.py
[2024-08-21T09:58:05.942+0700] {logging_mixin.py:190} INFO - [2024-08-21T09:58:05.942+0700] {example_kubernetes_executor.py:39} WARNING - The example_kubernetes_executor example DAG requires the kubernetes provider. Please install it with: pip install apache-airflow[cncf.kubernetes]
[2024-08-21T09:58:05.942+0700] {processor.py:927} WARNING - No viable dags retrieved from /home/user/airflow/airflow_venv/lib/python3.10/site-packages/airflow/example_dags/example_kubernetes_executor.py
[2024-08-21T09:58:05.949+0700] {processor.py:208} INFO - Processing /home/user/airflow/airflow_venv/lib/python3.10/site-packages/airflow/example_dags/example_kubernetes_executor.py took 0.017 seconds
[2024-08-21T09:58:56.365+0700] {processor.py:186} INFO - Started process (PID=62037) to work on /home/user/airflow/airflow_venv/lib/python3.10/site-packages/airflow/example_dags/example_kubernetes_executor.py
[2024-08-21T09:58:56.371+0700] {processor.py:914} INFO - Processing file /home/user/airflow/airflow_venv/lib/python3.10/site-packages/airflow/example_dags/example_kubernetes_executor.py for tasks to queue
[2024-08-21T09:58:56.372+0700] {logging_mixin.py:190} INFO - [2024-08-21T09:58:56.372+0700] {dagbag.py:587} INFO - Filling up the DagBag from /home/user/airflow/airflow_venv/lib/python3.10/site-packages/airflow/example_dags/example_kubernetes_executor.py
[2024-08-21T09:58:56.375+0700] {logging_mixin.py:190} INFO - [2024-08-21T09:58:56.374+0700] {example_kubernetes_executor.py:39} WARNING - The example_kubernetes_executor example DAG requires the kubernetes provider. Please install it with: pip install apache-airflow[cncf.kubernetes]
[2024-08-21T09:58:56.375+0700] {processor.py:927} WARNING - No viable dags retrieved from /home/user/airflow/airflow_venv/lib/python3.10/site-packages/airflow/example_dags/example_kubernetes_executor.py
[2024-08-21T09:58:56.383+0700] {processor.py:208} INFO - Processing /home/user/airflow/airflow_venv/lib/python3.10/site-packages/airflow/example_dags/example_kubernetes_executor.py took 0.022 seconds
