[2024-08-21T07:21:03.622+0700] {processor.py:186} INFO - Started process (PID=1937) to work on /home/user/airflow/airflow_venv/lib/python3.10/site-packages/airflow/example_dags/example_dataset_alias_with_no_taskflow.py
[2024-08-21T07:21:03.623+0700] {processor.py:914} INFO - Processing file /home/user/airflow/airflow_venv/lib/python3.10/site-packages/airflow/example_dags/example_dataset_alias_with_no_taskflow.py for tasks to queue
[2024-08-21T07:21:03.626+0700] {logging_mixin.py:190} INFO - [2024-08-21T07:21:03.625+0700] {dagbag.py:587} INFO - Filling up the DagBag from /home/user/airflow/airflow_venv/lib/python3.10/site-packages/airflow/example_dags/example_dataset_alias_with_no_taskflow.py
[2024-08-21T07:21:03.647+0700] {processor.py:925} INFO - DAG(s) 'dataset_s3_bucket_consumer_with_no_taskflow', 'dataset_alias_example_alias_consumer_with_no_taskflow', 'dataset_s3_bucket_producer_with_no_taskflow', 'dataset_alias_example_alias_producer_with_no_taskflow' retrieved from /home/user/airflow/airflow_venv/lib/python3.10/site-packages/airflow/example_dags/example_dataset_alias_with_no_taskflow.py
[2024-08-21T07:21:03.771+0700] {logging_mixin.py:190} INFO - [2024-08-21T07:21:03.771+0700] {dag.py:3211} INFO - Sync 4 DAGs
[2024-08-21T07:21:03.795+0700] {logging_mixin.py:190} INFO - [2024-08-21T07:21:03.794+0700] {dag.py:4138} INFO - Setting next_dagrun for dataset_alias_example_alias_consumer_with_no_taskflow to None, run_after=None
[2024-08-21T07:21:03.798+0700] {logging_mixin.py:190} INFO - [2024-08-21T07:21:03.798+0700] {dag.py:4138} INFO - Setting next_dagrun for dataset_alias_example_alias_producer_with_no_taskflow to None, run_after=None
[2024-08-21T07:21:03.799+0700] {logging_mixin.py:190} INFO - [2024-08-21T07:21:03.799+0700] {dag.py:4138} INFO - Setting next_dagrun for dataset_s3_bucket_consumer_with_no_taskflow to None, run_after=None
[2024-08-21T07:21:03.800+0700] {logging_mixin.py:190} INFO - [2024-08-21T07:21:03.800+0700] {dag.py:4138} INFO - Setting next_dagrun for dataset_s3_bucket_producer_with_no_taskflow to None, run_after=None
[2024-08-21T07:21:03.830+0700] {processor.py:208} INFO - Processing /home/user/airflow/airflow_venv/lib/python3.10/site-packages/airflow/example_dags/example_dataset_alias_with_no_taskflow.py took 0.216 seconds
[2024-08-21T07:22:01.017+0700] {processor.py:186} INFO - Started process (PID=2391) to work on /home/user/airflow/airflow_venv/lib/python3.10/site-packages/airflow/example_dags/example_dataset_alias_with_no_taskflow.py
[2024-08-21T07:22:01.019+0700] {processor.py:914} INFO - Processing file /home/user/airflow/airflow_venv/lib/python3.10/site-packages/airflow/example_dags/example_dataset_alias_with_no_taskflow.py for tasks to queue
[2024-08-21T07:22:01.022+0700] {logging_mixin.py:190} INFO - [2024-08-21T07:22:01.021+0700] {dagbag.py:587} INFO - Filling up the DagBag from /home/user/airflow/airflow_venv/lib/python3.10/site-packages/airflow/example_dags/example_dataset_alias_with_no_taskflow.py
[2024-08-21T07:22:01.055+0700] {processor.py:925} INFO - DAG(s) 'dataset_alias_example_alias_consumer_with_no_taskflow', 'dataset_alias_example_alias_producer_with_no_taskflow', 'dataset_s3_bucket_consumer_with_no_taskflow', 'dataset_s3_bucket_producer_with_no_taskflow' retrieved from /home/user/airflow/airflow_venv/lib/python3.10/site-packages/airflow/example_dags/example_dataset_alias_with_no_taskflow.py
[2024-08-21T07:22:01.071+0700] {logging_mixin.py:190} INFO - [2024-08-21T07:22:01.071+0700] {dag.py:3211} INFO - Sync 4 DAGs
[2024-08-21T07:22:01.089+0700] {logging_mixin.py:190} INFO - [2024-08-21T07:22:01.089+0700] {dag.py:4138} INFO - Setting next_dagrun for dataset_alias_example_alias_consumer_with_no_taskflow to None, run_after=None
[2024-08-21T07:22:01.090+0700] {logging_mixin.py:190} INFO - [2024-08-21T07:22:01.090+0700] {dag.py:4138} INFO - Setting next_dagrun for dataset_alias_example_alias_producer_with_no_taskflow to None, run_after=None
[2024-08-21T07:22:01.091+0700] {logging_mixin.py:190} INFO - [2024-08-21T07:22:01.091+0700] {dag.py:4138} INFO - Setting next_dagrun for dataset_s3_bucket_consumer_with_no_taskflow to None, run_after=None
[2024-08-21T07:22:01.092+0700] {logging_mixin.py:190} INFO - [2024-08-21T07:22:01.092+0700] {dag.py:4138} INFO - Setting next_dagrun for dataset_s3_bucket_producer_with_no_taskflow to None, run_after=None
[2024-08-21T07:22:01.115+0700] {processor.py:208} INFO - Processing /home/user/airflow/airflow_venv/lib/python3.10/site-packages/airflow/example_dags/example_dataset_alias_with_no_taskflow.py took 0.106 seconds
[2024-08-21T07:23:57.963+0700] {processor.py:186} INFO - Started process (PID=3319) to work on /home/user/airflow/airflow_venv/lib/python3.10/site-packages/airflow/example_dags/example_dataset_alias_with_no_taskflow.py
[2024-08-21T07:23:57.965+0700] {processor.py:914} INFO - Processing file /home/user/airflow/airflow_venv/lib/python3.10/site-packages/airflow/example_dags/example_dataset_alias_with_no_taskflow.py for tasks to queue
[2024-08-21T07:23:57.968+0700] {logging_mixin.py:190} INFO - [2024-08-21T07:23:57.968+0700] {dagbag.py:587} INFO - Filling up the DagBag from /home/user/airflow/airflow_venv/lib/python3.10/site-packages/airflow/example_dags/example_dataset_alias_with_no_taskflow.py
[2024-08-21T07:23:57.996+0700] {processor.py:925} INFO - DAG(s) 'dataset_alias_example_alias_consumer_with_no_taskflow', 'dataset_s3_bucket_producer_with_no_taskflow', 'dataset_s3_bucket_consumer_with_no_taskflow', 'dataset_alias_example_alias_producer_with_no_taskflow' retrieved from /home/user/airflow/airflow_venv/lib/python3.10/site-packages/airflow/example_dags/example_dataset_alias_with_no_taskflow.py
[2024-08-21T07:23:58.024+0700] {logging_mixin.py:190} INFO - [2024-08-21T07:23:58.024+0700] {dag.py:3211} INFO - Sync 4 DAGs
[2024-08-21T07:23:58.044+0700] {logging_mixin.py:190} INFO - [2024-08-21T07:23:58.044+0700] {dag.py:4138} INFO - Setting next_dagrun for dataset_alias_example_alias_consumer_with_no_taskflow to None, run_after=None
[2024-08-21T07:23:58.048+0700] {logging_mixin.py:190} INFO - [2024-08-21T07:23:58.048+0700] {dag.py:4138} INFO - Setting next_dagrun for dataset_alias_example_alias_producer_with_no_taskflow to None, run_after=None
[2024-08-21T07:23:58.049+0700] {logging_mixin.py:190} INFO - [2024-08-21T07:23:58.049+0700] {dag.py:4138} INFO - Setting next_dagrun for dataset_s3_bucket_consumer_with_no_taskflow to None, run_after=None
[2024-08-21T07:23:58.050+0700] {logging_mixin.py:190} INFO - [2024-08-21T07:23:58.050+0700] {dag.py:4138} INFO - Setting next_dagrun for dataset_s3_bucket_producer_with_no_taskflow to None, run_after=None
[2024-08-21T07:23:58.079+0700] {processor.py:208} INFO - Processing /home/user/airflow/airflow_venv/lib/python3.10/site-packages/airflow/example_dags/example_dataset_alias_with_no_taskflow.py took 0.123 seconds
[2024-08-21T07:25:09.781+0700] {processor.py:186} INFO - Started process (PID=3905) to work on /home/user/airflow/airflow_venv/lib/python3.10/site-packages/airflow/example_dags/example_dataset_alias_with_no_taskflow.py
[2024-08-21T07:25:09.787+0700] {processor.py:914} INFO - Processing file /home/user/airflow/airflow_venv/lib/python3.10/site-packages/airflow/example_dags/example_dataset_alias_with_no_taskflow.py for tasks to queue
[2024-08-21T07:25:09.789+0700] {logging_mixin.py:190} INFO - [2024-08-21T07:25:09.789+0700] {dagbag.py:587} INFO - Filling up the DagBag from /home/user/airflow/airflow_venv/lib/python3.10/site-packages/airflow/example_dags/example_dataset_alias_with_no_taskflow.py
[2024-08-21T07:25:09.817+0700] {processor.py:925} INFO - DAG(s) 'dataset_s3_bucket_consumer_with_no_taskflow', 'dataset_alias_example_alias_consumer_with_no_taskflow', 'dataset_alias_example_alias_producer_with_no_taskflow', 'dataset_s3_bucket_producer_with_no_taskflow' retrieved from /home/user/airflow/airflow_venv/lib/python3.10/site-packages/airflow/example_dags/example_dataset_alias_with_no_taskflow.py
[2024-08-21T07:25:09.843+0700] {logging_mixin.py:190} INFO - [2024-08-21T07:25:09.843+0700] {dag.py:3211} INFO - Sync 4 DAGs
[2024-08-21T07:25:09.863+0700] {logging_mixin.py:190} INFO - [2024-08-21T07:25:09.862+0700] {dag.py:4138} INFO - Setting next_dagrun for dataset_alias_example_alias_consumer_with_no_taskflow to None, run_after=None
[2024-08-21T07:25:09.864+0700] {logging_mixin.py:190} INFO - [2024-08-21T07:25:09.864+0700] {dag.py:4138} INFO - Setting next_dagrun for dataset_alias_example_alias_producer_with_no_taskflow to None, run_after=None
[2024-08-21T07:25:09.866+0700] {logging_mixin.py:190} INFO - [2024-08-21T07:25:09.865+0700] {dag.py:4138} INFO - Setting next_dagrun for dataset_s3_bucket_consumer_with_no_taskflow to None, run_after=None
[2024-08-21T07:25:09.867+0700] {logging_mixin.py:190} INFO - [2024-08-21T07:25:09.867+0700] {dag.py:4138} INFO - Setting next_dagrun for dataset_s3_bucket_producer_with_no_taskflow to None, run_after=None
[2024-08-21T07:25:09.894+0700] {processor.py:208} INFO - Processing /home/user/airflow/airflow_venv/lib/python3.10/site-packages/airflow/example_dags/example_dataset_alias_with_no_taskflow.py took 0.118 seconds
[2024-08-21T07:26:04.999+0700] {processor.py:186} INFO - Started process (PID=4348) to work on /home/user/airflow/airflow_venv/lib/python3.10/site-packages/airflow/example_dags/example_dataset_alias_with_no_taskflow.py
[2024-08-21T07:26:05.001+0700] {processor.py:914} INFO - Processing file /home/user/airflow/airflow_venv/lib/python3.10/site-packages/airflow/example_dags/example_dataset_alias_with_no_taskflow.py for tasks to queue
[2024-08-21T07:26:05.003+0700] {logging_mixin.py:190} INFO - [2024-08-21T07:26:05.003+0700] {dagbag.py:587} INFO - Filling up the DagBag from /home/user/airflow/airflow_venv/lib/python3.10/site-packages/airflow/example_dags/example_dataset_alias_with_no_taskflow.py
[2024-08-21T07:26:05.020+0700] {processor.py:925} INFO - DAG(s) 'dataset_alias_example_alias_consumer_with_no_taskflow', 'dataset_s3_bucket_consumer_with_no_taskflow', 'dataset_s3_bucket_producer_with_no_taskflow', 'dataset_alias_example_alias_producer_with_no_taskflow' retrieved from /home/user/airflow/airflow_venv/lib/python3.10/site-packages/airflow/example_dags/example_dataset_alias_with_no_taskflow.py
[2024-08-21T07:26:05.037+0700] {logging_mixin.py:190} INFO - [2024-08-21T07:26:05.036+0700] {dag.py:3211} INFO - Sync 4 DAGs
[2024-08-21T07:26:05.051+0700] {logging_mixin.py:190} INFO - [2024-08-21T07:26:05.051+0700] {dag.py:4138} INFO - Setting next_dagrun for dataset_alias_example_alias_consumer_with_no_taskflow to None, run_after=None
[2024-08-21T07:26:05.054+0700] {logging_mixin.py:190} INFO - [2024-08-21T07:26:05.054+0700] {dag.py:4138} INFO - Setting next_dagrun for dataset_alias_example_alias_producer_with_no_taskflow to None, run_after=None
[2024-08-21T07:26:05.055+0700] {logging_mixin.py:190} INFO - [2024-08-21T07:26:05.055+0700] {dag.py:4138} INFO - Setting next_dagrun for dataset_s3_bucket_consumer_with_no_taskflow to None, run_after=None
[2024-08-21T07:26:05.056+0700] {logging_mixin.py:190} INFO - [2024-08-21T07:26:05.056+0700] {dag.py:4138} INFO - Setting next_dagrun for dataset_s3_bucket_producer_with_no_taskflow to None, run_after=None
[2024-08-21T07:26:05.079+0700] {processor.py:208} INFO - Processing /home/user/airflow/airflow_venv/lib/python3.10/site-packages/airflow/example_dags/example_dataset_alias_with_no_taskflow.py took 0.084 seconds
[2024-08-21T07:27:00.185+0700] {processor.py:186} INFO - Started process (PID=4783) to work on /home/user/airflow/airflow_venv/lib/python3.10/site-packages/airflow/example_dags/example_dataset_alias_with_no_taskflow.py
[2024-08-21T07:27:00.186+0700] {processor.py:914} INFO - Processing file /home/user/airflow/airflow_venv/lib/python3.10/site-packages/airflow/example_dags/example_dataset_alias_with_no_taskflow.py for tasks to queue
[2024-08-21T07:27:00.188+0700] {logging_mixin.py:190} INFO - [2024-08-21T07:27:00.188+0700] {dagbag.py:587} INFO - Filling up the DagBag from /home/user/airflow/airflow_venv/lib/python3.10/site-packages/airflow/example_dags/example_dataset_alias_with_no_taskflow.py
[2024-08-21T07:27:00.204+0700] {processor.py:925} INFO - DAG(s) 'dataset_s3_bucket_consumer_with_no_taskflow', 'dataset_alias_example_alias_consumer_with_no_taskflow', 'dataset_alias_example_alias_producer_with_no_taskflow', 'dataset_s3_bucket_producer_with_no_taskflow' retrieved from /home/user/airflow/airflow_venv/lib/python3.10/site-packages/airflow/example_dags/example_dataset_alias_with_no_taskflow.py
[2024-08-21T07:27:00.222+0700] {logging_mixin.py:190} INFO - [2024-08-21T07:27:00.221+0700] {dag.py:3211} INFO - Sync 4 DAGs
[2024-08-21T07:27:00.235+0700] {logging_mixin.py:190} INFO - [2024-08-21T07:27:00.235+0700] {dag.py:4138} INFO - Setting next_dagrun for dataset_alias_example_alias_consumer_with_no_taskflow to None, run_after=None
[2024-08-21T07:27:00.237+0700] {logging_mixin.py:190} INFO - [2024-08-21T07:27:00.237+0700] {dag.py:4138} INFO - Setting next_dagrun for dataset_alias_example_alias_producer_with_no_taskflow to None, run_after=None
[2024-08-21T07:27:00.238+0700] {logging_mixin.py:190} INFO - [2024-08-21T07:27:00.238+0700] {dag.py:4138} INFO - Setting next_dagrun for dataset_s3_bucket_consumer_with_no_taskflow to None, run_after=None
[2024-08-21T07:27:00.239+0700] {logging_mixin.py:190} INFO - [2024-08-21T07:27:00.239+0700] {dag.py:4138} INFO - Setting next_dagrun for dataset_s3_bucket_producer_with_no_taskflow to None, run_after=None
[2024-08-21T07:27:00.256+0700] {processor.py:208} INFO - Processing /home/user/airflow/airflow_venv/lib/python3.10/site-packages/airflow/example_dags/example_dataset_alias_with_no_taskflow.py took 0.076 seconds
[2024-08-21T07:28:16.935+0700] {processor.py:186} INFO - Started process (PID=5427) to work on /home/user/airflow/airflow_venv/lib/python3.10/site-packages/airflow/example_dags/example_dataset_alias_with_no_taskflow.py
[2024-08-21T07:28:16.936+0700] {processor.py:914} INFO - Processing file /home/user/airflow/airflow_venv/lib/python3.10/site-packages/airflow/example_dags/example_dataset_alias_with_no_taskflow.py for tasks to queue
[2024-08-21T07:28:16.939+0700] {logging_mixin.py:190} INFO - [2024-08-21T07:28:16.938+0700] {dagbag.py:587} INFO - Filling up the DagBag from /home/user/airflow/airflow_venv/lib/python3.10/site-packages/airflow/example_dags/example_dataset_alias_with_no_taskflow.py
[2024-08-21T07:28:16.963+0700] {processor.py:925} INFO - DAG(s) 'dataset_s3_bucket_producer_with_no_taskflow', 'dataset_alias_example_alias_producer_with_no_taskflow', 'dataset_s3_bucket_consumer_with_no_taskflow', 'dataset_alias_example_alias_consumer_with_no_taskflow' retrieved from /home/user/airflow/airflow_venv/lib/python3.10/site-packages/airflow/example_dags/example_dataset_alias_with_no_taskflow.py
[2024-08-21T07:28:16.991+0700] {logging_mixin.py:190} INFO - [2024-08-21T07:28:16.991+0700] {dag.py:3211} INFO - Sync 4 DAGs
[2024-08-21T07:28:17.010+0700] {logging_mixin.py:190} INFO - [2024-08-21T07:28:17.010+0700] {dag.py:4138} INFO - Setting next_dagrun for dataset_alias_example_alias_consumer_with_no_taskflow to None, run_after=None
[2024-08-21T07:28:17.012+0700] {logging_mixin.py:190} INFO - [2024-08-21T07:28:17.012+0700] {dag.py:4138} INFO - Setting next_dagrun for dataset_alias_example_alias_producer_with_no_taskflow to None, run_after=None
[2024-08-21T07:28:17.013+0700] {logging_mixin.py:190} INFO - [2024-08-21T07:28:17.013+0700] {dag.py:4138} INFO - Setting next_dagrun for dataset_s3_bucket_consumer_with_no_taskflow to None, run_after=None
[2024-08-21T07:28:17.015+0700] {logging_mixin.py:190} INFO - [2024-08-21T07:28:17.014+0700] {dag.py:4138} INFO - Setting next_dagrun for dataset_s3_bucket_producer_with_no_taskflow to None, run_after=None
[2024-08-21T07:28:17.040+0700] {processor.py:208} INFO - Processing /home/user/airflow/airflow_venv/lib/python3.10/site-packages/airflow/example_dags/example_dataset_alias_with_no_taskflow.py took 0.113 seconds
[2024-08-21T07:29:33.761+0700] {processor.py:186} INFO - Started process (PID=6105) to work on /home/user/airflow/airflow_venv/lib/python3.10/site-packages/airflow/example_dags/example_dataset_alias_with_no_taskflow.py
[2024-08-21T07:29:33.763+0700] {processor.py:914} INFO - Processing file /home/user/airflow/airflow_venv/lib/python3.10/site-packages/airflow/example_dags/example_dataset_alias_with_no_taskflow.py for tasks to queue
[2024-08-21T07:29:33.764+0700] {logging_mixin.py:190} INFO - [2024-08-21T07:29:33.764+0700] {dagbag.py:587} INFO - Filling up the DagBag from /home/user/airflow/airflow_venv/lib/python3.10/site-packages/airflow/example_dags/example_dataset_alias_with_no_taskflow.py
[2024-08-21T07:29:33.782+0700] {processor.py:925} INFO - DAG(s) 'dataset_alias_example_alias_consumer_with_no_taskflow', 'dataset_alias_example_alias_producer_with_no_taskflow', 'dataset_s3_bucket_consumer_with_no_taskflow', 'dataset_s3_bucket_producer_with_no_taskflow' retrieved from /home/user/airflow/airflow_venv/lib/python3.10/site-packages/airflow/example_dags/example_dataset_alias_with_no_taskflow.py
[2024-08-21T07:29:33.798+0700] {logging_mixin.py:190} INFO - [2024-08-21T07:29:33.798+0700] {dag.py:3211} INFO - Sync 4 DAGs
[2024-08-21T07:29:33.812+0700] {logging_mixin.py:190} INFO - [2024-08-21T07:29:33.811+0700] {dag.py:4138} INFO - Setting next_dagrun for dataset_alias_example_alias_consumer_with_no_taskflow to None, run_after=None
[2024-08-21T07:29:33.813+0700] {logging_mixin.py:190} INFO - [2024-08-21T07:29:33.813+0700] {dag.py:4138} INFO - Setting next_dagrun for dataset_alias_example_alias_producer_with_no_taskflow to None, run_after=None
[2024-08-21T07:29:33.814+0700] {logging_mixin.py:190} INFO - [2024-08-21T07:29:33.814+0700] {dag.py:4138} INFO - Setting next_dagrun for dataset_s3_bucket_consumer_with_no_taskflow to None, run_after=None
[2024-08-21T07:29:33.814+0700] {logging_mixin.py:190} INFO - [2024-08-21T07:29:33.814+0700] {dag.py:4138} INFO - Setting next_dagrun for dataset_s3_bucket_producer_with_no_taskflow to None, run_after=None
[2024-08-21T07:29:33.833+0700] {processor.py:208} INFO - Processing /home/user/airflow/airflow_venv/lib/python3.10/site-packages/airflow/example_dags/example_dataset_alias_with_no_taskflow.py took 0.076 seconds
[2024-08-21T07:30:47.010+0700] {processor.py:186} INFO - Started process (PID=6761) to work on /home/user/airflow/airflow_venv/lib/python3.10/site-packages/airflow/example_dags/example_dataset_alias_with_no_taskflow.py
[2024-08-21T07:30:47.012+0700] {processor.py:914} INFO - Processing file /home/user/airflow/airflow_venv/lib/python3.10/site-packages/airflow/example_dags/example_dataset_alias_with_no_taskflow.py for tasks to queue
[2024-08-21T07:30:47.014+0700] {logging_mixin.py:190} INFO - [2024-08-21T07:30:47.013+0700] {dagbag.py:587} INFO - Filling up the DagBag from /home/user/airflow/airflow_venv/lib/python3.10/site-packages/airflow/example_dags/example_dataset_alias_with_no_taskflow.py
[2024-08-21T07:30:47.032+0700] {processor.py:925} INFO - DAG(s) 'dataset_alias_example_alias_consumer_with_no_taskflow', 'dataset_alias_example_alias_producer_with_no_taskflow', 'dataset_s3_bucket_consumer_with_no_taskflow', 'dataset_s3_bucket_producer_with_no_taskflow' retrieved from /home/user/airflow/airflow_venv/lib/python3.10/site-packages/airflow/example_dags/example_dataset_alias_with_no_taskflow.py
[2024-08-21T07:30:47.049+0700] {logging_mixin.py:190} INFO - [2024-08-21T07:30:47.048+0700] {dag.py:3211} INFO - Sync 4 DAGs
[2024-08-21T07:30:47.062+0700] {logging_mixin.py:190} INFO - [2024-08-21T07:30:47.062+0700] {dag.py:4138} INFO - Setting next_dagrun for dataset_alias_example_alias_consumer_with_no_taskflow to None, run_after=None
[2024-08-21T07:30:47.064+0700] {logging_mixin.py:190} INFO - [2024-08-21T07:30:47.064+0700] {dag.py:4138} INFO - Setting next_dagrun for dataset_alias_example_alias_producer_with_no_taskflow to None, run_after=None
[2024-08-21T07:30:47.065+0700] {logging_mixin.py:190} INFO - [2024-08-21T07:30:47.065+0700] {dag.py:4138} INFO - Setting next_dagrun for dataset_s3_bucket_consumer_with_no_taskflow to None, run_after=None
[2024-08-21T07:30:47.066+0700] {logging_mixin.py:190} INFO - [2024-08-21T07:30:47.065+0700] {dag.py:4138} INFO - Setting next_dagrun for dataset_s3_bucket_producer_with_no_taskflow to None, run_after=None
[2024-08-21T07:30:47.087+0700] {processor.py:208} INFO - Processing /home/user/airflow/airflow_venv/lib/python3.10/site-packages/airflow/example_dags/example_dataset_alias_with_no_taskflow.py took 0.081 seconds
[2024-08-21T07:31:59.307+0700] {processor.py:186} INFO - Started process (PID=7508) to work on /home/user/airflow/airflow_venv/lib/python3.10/site-packages/airflow/example_dags/example_dataset_alias_with_no_taskflow.py
[2024-08-21T07:31:59.308+0700] {processor.py:914} INFO - Processing file /home/user/airflow/airflow_venv/lib/python3.10/site-packages/airflow/example_dags/example_dataset_alias_with_no_taskflow.py for tasks to queue
[2024-08-21T07:31:59.310+0700] {logging_mixin.py:190} INFO - [2024-08-21T07:31:59.310+0700] {dagbag.py:587} INFO - Filling up the DagBag from /home/user/airflow/airflow_venv/lib/python3.10/site-packages/airflow/example_dags/example_dataset_alias_with_no_taskflow.py
[2024-08-21T07:31:59.327+0700] {processor.py:925} INFO - DAG(s) 'dataset_alias_example_alias_consumer_with_no_taskflow', 'dataset_s3_bucket_consumer_with_no_taskflow', 'dataset_alias_example_alias_producer_with_no_taskflow', 'dataset_s3_bucket_producer_with_no_taskflow' retrieved from /home/user/airflow/airflow_venv/lib/python3.10/site-packages/airflow/example_dags/example_dataset_alias_with_no_taskflow.py
[2024-08-21T07:31:59.342+0700] {logging_mixin.py:190} INFO - [2024-08-21T07:31:59.342+0700] {dag.py:3211} INFO - Sync 4 DAGs
[2024-08-21T07:31:59.355+0700] {logging_mixin.py:190} INFO - [2024-08-21T07:31:59.355+0700] {dag.py:4138} INFO - Setting next_dagrun for dataset_alias_example_alias_consumer_with_no_taskflow to None, run_after=None
[2024-08-21T07:31:59.357+0700] {logging_mixin.py:190} INFO - [2024-08-21T07:31:59.357+0700] {dag.py:4138} INFO - Setting next_dagrun for dataset_alias_example_alias_producer_with_no_taskflow to None, run_after=None
[2024-08-21T07:31:59.358+0700] {logging_mixin.py:190} INFO - [2024-08-21T07:31:59.357+0700] {dag.py:4138} INFO - Setting next_dagrun for dataset_s3_bucket_consumer_with_no_taskflow to None, run_after=None
[2024-08-21T07:31:59.358+0700] {logging_mixin.py:190} INFO - [2024-08-21T07:31:59.358+0700] {dag.py:4138} INFO - Setting next_dagrun for dataset_s3_bucket_producer_with_no_taskflow to None, run_after=None
[2024-08-21T07:31:59.378+0700] {processor.py:208} INFO - Processing /home/user/airflow/airflow_venv/lib/python3.10/site-packages/airflow/example_dags/example_dataset_alias_with_no_taskflow.py took 0.075 seconds
[2024-08-21T07:33:15.944+0700] {processor.py:186} INFO - Started process (PID=8286) to work on /home/user/airflow/airflow_venv/lib/python3.10/site-packages/airflow/example_dags/example_dataset_alias_with_no_taskflow.py
[2024-08-21T07:33:15.946+0700] {processor.py:914} INFO - Processing file /home/user/airflow/airflow_venv/lib/python3.10/site-packages/airflow/example_dags/example_dataset_alias_with_no_taskflow.py for tasks to queue
[2024-08-21T07:33:15.948+0700] {logging_mixin.py:190} INFO - [2024-08-21T07:33:15.947+0700] {dagbag.py:587} INFO - Filling up the DagBag from /home/user/airflow/airflow_venv/lib/python3.10/site-packages/airflow/example_dags/example_dataset_alias_with_no_taskflow.py
[2024-08-21T07:33:15.973+0700] {processor.py:925} INFO - DAG(s) 'dataset_alias_example_alias_consumer_with_no_taskflow', 'dataset_s3_bucket_consumer_with_no_taskflow', 'dataset_s3_bucket_producer_with_no_taskflow', 'dataset_alias_example_alias_producer_with_no_taskflow' retrieved from /home/user/airflow/airflow_venv/lib/python3.10/site-packages/airflow/example_dags/example_dataset_alias_with_no_taskflow.py
[2024-08-21T07:33:15.989+0700] {logging_mixin.py:190} INFO - [2024-08-21T07:33:15.988+0700] {dag.py:3211} INFO - Sync 4 DAGs
[2024-08-21T07:33:16.003+0700] {logging_mixin.py:190} INFO - [2024-08-21T07:33:16.003+0700] {dag.py:4138} INFO - Setting next_dagrun for dataset_alias_example_alias_consumer_with_no_taskflow to None, run_after=None
[2024-08-21T07:33:16.005+0700] {logging_mixin.py:190} INFO - [2024-08-21T07:33:16.005+0700] {dag.py:4138} INFO - Setting next_dagrun for dataset_alias_example_alias_producer_with_no_taskflow to None, run_after=None
[2024-08-21T07:33:16.006+0700] {logging_mixin.py:190} INFO - [2024-08-21T07:33:16.006+0700] {dag.py:4138} INFO - Setting next_dagrun for dataset_s3_bucket_consumer_with_no_taskflow to None, run_after=None
[2024-08-21T07:33:16.007+0700] {logging_mixin.py:190} INFO - [2024-08-21T07:33:16.007+0700] {dag.py:4138} INFO - Setting next_dagrun for dataset_s3_bucket_producer_with_no_taskflow to None, run_after=None
[2024-08-21T07:33:16.027+0700] {processor.py:208} INFO - Processing /home/user/airflow/airflow_venv/lib/python3.10/site-packages/airflow/example_dags/example_dataset_alias_with_no_taskflow.py took 0.089 seconds
[2024-08-21T07:34:36.398+0700] {processor.py:186} INFO - Started process (PID=9103) to work on /home/user/airflow/airflow_venv/lib/python3.10/site-packages/airflow/example_dags/example_dataset_alias_with_no_taskflow.py
[2024-08-21T07:34:36.399+0700] {processor.py:914} INFO - Processing file /home/user/airflow/airflow_venv/lib/python3.10/site-packages/airflow/example_dags/example_dataset_alias_with_no_taskflow.py for tasks to queue
[2024-08-21T07:34:36.401+0700] {logging_mixin.py:190} INFO - [2024-08-21T07:34:36.401+0700] {dagbag.py:587} INFO - Filling up the DagBag from /home/user/airflow/airflow_venv/lib/python3.10/site-packages/airflow/example_dags/example_dataset_alias_with_no_taskflow.py
[2024-08-21T07:34:36.420+0700] {processor.py:925} INFO - DAG(s) 'dataset_s3_bucket_consumer_with_no_taskflow', 'dataset_s3_bucket_producer_with_no_taskflow', 'dataset_alias_example_alias_consumer_with_no_taskflow', 'dataset_alias_example_alias_producer_with_no_taskflow' retrieved from /home/user/airflow/airflow_venv/lib/python3.10/site-packages/airflow/example_dags/example_dataset_alias_with_no_taskflow.py
[2024-08-21T07:34:36.437+0700] {logging_mixin.py:190} INFO - [2024-08-21T07:34:36.437+0700] {dag.py:3211} INFO - Sync 4 DAGs
[2024-08-21T07:34:36.450+0700] {logging_mixin.py:190} INFO - [2024-08-21T07:34:36.450+0700] {dag.py:4138} INFO - Setting next_dagrun for dataset_alias_example_alias_consumer_with_no_taskflow to None, run_after=None
[2024-08-21T07:34:36.452+0700] {logging_mixin.py:190} INFO - [2024-08-21T07:34:36.452+0700] {dag.py:4138} INFO - Setting next_dagrun for dataset_alias_example_alias_producer_with_no_taskflow to None, run_after=None
[2024-08-21T07:34:36.452+0700] {logging_mixin.py:190} INFO - [2024-08-21T07:34:36.452+0700] {dag.py:4138} INFO - Setting next_dagrun for dataset_s3_bucket_consumer_with_no_taskflow to None, run_after=None
[2024-08-21T07:34:36.453+0700] {logging_mixin.py:190} INFO - [2024-08-21T07:34:36.453+0700] {dag.py:4138} INFO - Setting next_dagrun for dataset_s3_bucket_producer_with_no_taskflow to None, run_after=None
[2024-08-21T07:34:36.472+0700] {processor.py:208} INFO - Processing /home/user/airflow/airflow_venv/lib/python3.10/site-packages/airflow/example_dags/example_dataset_alias_with_no_taskflow.py took 0.080 seconds
[2024-08-21T07:35:30.271+0700] {processor.py:186} INFO - Started process (PID=10139) to work on /home/user/airflow/airflow_venv/lib/python3.10/site-packages/airflow/example_dags/example_dataset_alias_with_no_taskflow.py
[2024-08-21T07:35:30.272+0700] {processor.py:914} INFO - Processing file /home/user/airflow/airflow_venv/lib/python3.10/site-packages/airflow/example_dags/example_dataset_alias_with_no_taskflow.py for tasks to queue
[2024-08-21T07:35:30.273+0700] {logging_mixin.py:190} INFO - [2024-08-21T07:35:30.273+0700] {dagbag.py:587} INFO - Filling up the DagBag from /home/user/airflow/airflow_venv/lib/python3.10/site-packages/airflow/example_dags/example_dataset_alias_with_no_taskflow.py
[2024-08-21T07:35:30.292+0700] {processor.py:925} INFO - DAG(s) 'dataset_s3_bucket_producer_with_no_taskflow', 'dataset_alias_example_alias_producer_with_no_taskflow', 'dataset_alias_example_alias_consumer_with_no_taskflow', 'dataset_s3_bucket_consumer_with_no_taskflow' retrieved from /home/user/airflow/airflow_venv/lib/python3.10/site-packages/airflow/example_dags/example_dataset_alias_with_no_taskflow.py
[2024-08-21T07:35:30.311+0700] {logging_mixin.py:190} INFO - [2024-08-21T07:35:30.311+0700] {dag.py:3211} INFO - Sync 4 DAGs
[2024-08-21T07:35:30.327+0700] {logging_mixin.py:190} INFO - [2024-08-21T07:35:30.327+0700] {dag.py:4138} INFO - Setting next_dagrun for dataset_alias_example_alias_consumer_with_no_taskflow to None, run_after=None
[2024-08-21T07:35:30.329+0700] {logging_mixin.py:190} INFO - [2024-08-21T07:35:30.329+0700] {dag.py:4138} INFO - Setting next_dagrun for dataset_alias_example_alias_producer_with_no_taskflow to None, run_after=None
[2024-08-21T07:35:30.330+0700] {logging_mixin.py:190} INFO - [2024-08-21T07:35:30.330+0700] {dag.py:4138} INFO - Setting next_dagrun for dataset_s3_bucket_consumer_with_no_taskflow to None, run_after=None
[2024-08-21T07:35:30.330+0700] {logging_mixin.py:190} INFO - [2024-08-21T07:35:30.330+0700] {dag.py:4138} INFO - Setting next_dagrun for dataset_s3_bucket_producer_with_no_taskflow to None, run_after=None
[2024-08-21T07:35:30.349+0700] {processor.py:208} INFO - Processing /home/user/airflow/airflow_venv/lib/python3.10/site-packages/airflow/example_dags/example_dataset_alias_with_no_taskflow.py took 0.084 seconds
[2024-08-21T07:36:48.533+0700] {processor.py:186} INFO - Started process (PID=10847) to work on /home/user/airflow/airflow_venv/lib/python3.10/site-packages/airflow/example_dags/example_dataset_alias_with_no_taskflow.py
[2024-08-21T07:36:48.539+0700] {processor.py:914} INFO - Processing file /home/user/airflow/airflow_venv/lib/python3.10/site-packages/airflow/example_dags/example_dataset_alias_with_no_taskflow.py for tasks to queue
[2024-08-21T07:36:48.541+0700] {logging_mixin.py:190} INFO - [2024-08-21T07:36:48.541+0700] {dagbag.py:587} INFO - Filling up the DagBag from /home/user/airflow/airflow_venv/lib/python3.10/site-packages/airflow/example_dags/example_dataset_alias_with_no_taskflow.py
[2024-08-21T07:36:48.558+0700] {processor.py:925} INFO - DAG(s) 'dataset_alias_example_alias_consumer_with_no_taskflow', 'dataset_s3_bucket_producer_with_no_taskflow', 'dataset_alias_example_alias_producer_with_no_taskflow', 'dataset_s3_bucket_consumer_with_no_taskflow' retrieved from /home/user/airflow/airflow_venv/lib/python3.10/site-packages/airflow/example_dags/example_dataset_alias_with_no_taskflow.py
[2024-08-21T07:36:48.573+0700] {logging_mixin.py:190} INFO - [2024-08-21T07:36:48.573+0700] {dag.py:3211} INFO - Sync 4 DAGs
[2024-08-21T07:36:48.587+0700] {logging_mixin.py:190} INFO - [2024-08-21T07:36:48.587+0700] {dag.py:4138} INFO - Setting next_dagrun for dataset_alias_example_alias_consumer_with_no_taskflow to None, run_after=None
[2024-08-21T07:36:48.589+0700] {logging_mixin.py:190} INFO - [2024-08-21T07:36:48.588+0700] {dag.py:4138} INFO - Setting next_dagrun for dataset_alias_example_alias_producer_with_no_taskflow to None, run_after=None
[2024-08-21T07:36:48.589+0700] {logging_mixin.py:190} INFO - [2024-08-21T07:36:48.589+0700] {dag.py:4138} INFO - Setting next_dagrun for dataset_s3_bucket_consumer_with_no_taskflow to None, run_after=None
[2024-08-21T07:36:48.590+0700] {logging_mixin.py:190} INFO - [2024-08-21T07:36:48.590+0700] {dag.py:4138} INFO - Setting next_dagrun for dataset_s3_bucket_producer_with_no_taskflow to None, run_after=None
[2024-08-21T07:36:48.610+0700] {processor.py:208} INFO - Processing /home/user/airflow/airflow_venv/lib/python3.10/site-packages/airflow/example_dags/example_dataset_alias_with_no_taskflow.py took 0.082 seconds
[2024-08-21T07:38:07.844+0700] {processor.py:186} INFO - Started process (PID=11764) to work on /home/user/airflow/airflow_venv/lib/python3.10/site-packages/airflow/example_dags/example_dataset_alias_with_no_taskflow.py
[2024-08-21T07:38:07.845+0700] {processor.py:914} INFO - Processing file /home/user/airflow/airflow_venv/lib/python3.10/site-packages/airflow/example_dags/example_dataset_alias_with_no_taskflow.py for tasks to queue
[2024-08-21T07:38:07.847+0700] {logging_mixin.py:190} INFO - [2024-08-21T07:38:07.846+0700] {dagbag.py:587} INFO - Filling up the DagBag from /home/user/airflow/airflow_venv/lib/python3.10/site-packages/airflow/example_dags/example_dataset_alias_with_no_taskflow.py
[2024-08-21T07:38:07.866+0700] {processor.py:925} INFO - DAG(s) 'dataset_alias_example_alias_consumer_with_no_taskflow', 'dataset_s3_bucket_consumer_with_no_taskflow', 'dataset_s3_bucket_producer_with_no_taskflow', 'dataset_alias_example_alias_producer_with_no_taskflow' retrieved from /home/user/airflow/airflow_venv/lib/python3.10/site-packages/airflow/example_dags/example_dataset_alias_with_no_taskflow.py
[2024-08-21T07:38:07.881+0700] {logging_mixin.py:190} INFO - [2024-08-21T07:38:07.881+0700] {dag.py:3211} INFO - Sync 4 DAGs
[2024-08-21T07:38:07.895+0700] {logging_mixin.py:190} INFO - [2024-08-21T07:38:07.895+0700] {dag.py:4138} INFO - Setting next_dagrun for dataset_alias_example_alias_consumer_with_no_taskflow to None, run_after=None
[2024-08-21T07:38:07.897+0700] {logging_mixin.py:190} INFO - [2024-08-21T07:38:07.896+0700] {dag.py:4138} INFO - Setting next_dagrun for dataset_alias_example_alias_producer_with_no_taskflow to None, run_after=None
[2024-08-21T07:38:07.897+0700] {logging_mixin.py:190} INFO - [2024-08-21T07:38:07.897+0700] {dag.py:4138} INFO - Setting next_dagrun for dataset_s3_bucket_consumer_with_no_taskflow to None, run_after=None
[2024-08-21T07:38:07.898+0700] {logging_mixin.py:190} INFO - [2024-08-21T07:38:07.898+0700] {dag.py:4138} INFO - Setting next_dagrun for dataset_s3_bucket_producer_with_no_taskflow to None, run_after=None
[2024-08-21T07:38:07.915+0700] {processor.py:208} INFO - Processing /home/user/airflow/airflow_venv/lib/python3.10/site-packages/airflow/example_dags/example_dataset_alias_with_no_taskflow.py took 0.076 seconds
[2024-08-21T07:39:27.197+0700] {processor.py:186} INFO - Started process (PID=12613) to work on /home/user/airflow/airflow_venv/lib/python3.10/site-packages/airflow/example_dags/example_dataset_alias_with_no_taskflow.py
[2024-08-21T07:39:27.204+0700] {processor.py:914} INFO - Processing file /home/user/airflow/airflow_venv/lib/python3.10/site-packages/airflow/example_dags/example_dataset_alias_with_no_taskflow.py for tasks to queue
[2024-08-21T07:39:27.207+0700] {logging_mixin.py:190} INFO - [2024-08-21T07:39:27.207+0700] {dagbag.py:587} INFO - Filling up the DagBag from /home/user/airflow/airflow_venv/lib/python3.10/site-packages/airflow/example_dags/example_dataset_alias_with_no_taskflow.py
[2024-08-21T07:39:27.236+0700] {processor.py:925} INFO - DAG(s) 'dataset_alias_example_alias_producer_with_no_taskflow', 'dataset_s3_bucket_producer_with_no_taskflow', 'dataset_s3_bucket_consumer_with_no_taskflow', 'dataset_alias_example_alias_consumer_with_no_taskflow' retrieved from /home/user/airflow/airflow_venv/lib/python3.10/site-packages/airflow/example_dags/example_dataset_alias_with_no_taskflow.py
[2024-08-21T07:39:27.259+0700] {logging_mixin.py:190} INFO - [2024-08-21T07:39:27.258+0700] {dag.py:3211} INFO - Sync 4 DAGs
[2024-08-21T07:39:27.278+0700] {logging_mixin.py:190} INFO - [2024-08-21T07:39:27.278+0700] {dag.py:4138} INFO - Setting next_dagrun for dataset_alias_example_alias_consumer_with_no_taskflow to None, run_after=None
[2024-08-21T07:39:27.280+0700] {logging_mixin.py:190} INFO - [2024-08-21T07:39:27.280+0700] {dag.py:4138} INFO - Setting next_dagrun for dataset_alias_example_alias_producer_with_no_taskflow to None, run_after=None
[2024-08-21T07:39:27.281+0700] {logging_mixin.py:190} INFO - [2024-08-21T07:39:27.281+0700] {dag.py:4138} INFO - Setting next_dagrun for dataset_s3_bucket_consumer_with_no_taskflow to None, run_after=None
[2024-08-21T07:39:27.282+0700] {logging_mixin.py:190} INFO - [2024-08-21T07:39:27.282+0700] {dag.py:4138} INFO - Setting next_dagrun for dataset_s3_bucket_producer_with_no_taskflow to None, run_after=None
[2024-08-21T07:39:27.306+0700] {processor.py:208} INFO - Processing /home/user/airflow/airflow_venv/lib/python3.10/site-packages/airflow/example_dags/example_dataset_alias_with_no_taskflow.py took 0.118 seconds
[2024-08-21T07:40:44.534+0700] {processor.py:186} INFO - Started process (PID=13449) to work on /home/user/airflow/airflow_venv/lib/python3.10/site-packages/airflow/example_dags/example_dataset_alias_with_no_taskflow.py
[2024-08-21T07:40:44.536+0700] {processor.py:914} INFO - Processing file /home/user/airflow/airflow_venv/lib/python3.10/site-packages/airflow/example_dags/example_dataset_alias_with_no_taskflow.py for tasks to queue
[2024-08-21T07:40:44.538+0700] {logging_mixin.py:190} INFO - [2024-08-21T07:40:44.537+0700] {dagbag.py:587} INFO - Filling up the DagBag from /home/user/airflow/airflow_venv/lib/python3.10/site-packages/airflow/example_dags/example_dataset_alias_with_no_taskflow.py
[2024-08-21T07:40:44.554+0700] {processor.py:925} INFO - DAG(s) 'dataset_s3_bucket_consumer_with_no_taskflow', 'dataset_s3_bucket_producer_with_no_taskflow', 'dataset_alias_example_alias_producer_with_no_taskflow', 'dataset_alias_example_alias_consumer_with_no_taskflow' retrieved from /home/user/airflow/airflow_venv/lib/python3.10/site-packages/airflow/example_dags/example_dataset_alias_with_no_taskflow.py
[2024-08-21T07:40:44.570+0700] {logging_mixin.py:190} INFO - [2024-08-21T07:40:44.570+0700] {dag.py:3211} INFO - Sync 4 DAGs
[2024-08-21T07:40:44.585+0700] {logging_mixin.py:190} INFO - [2024-08-21T07:40:44.584+0700] {dag.py:4138} INFO - Setting next_dagrun for dataset_alias_example_alias_consumer_with_no_taskflow to None, run_after=None
[2024-08-21T07:40:44.586+0700] {logging_mixin.py:190} INFO - [2024-08-21T07:40:44.586+0700] {dag.py:4138} INFO - Setting next_dagrun for dataset_alias_example_alias_producer_with_no_taskflow to None, run_after=None
[2024-08-21T07:40:44.587+0700] {logging_mixin.py:190} INFO - [2024-08-21T07:40:44.587+0700] {dag.py:4138} INFO - Setting next_dagrun for dataset_s3_bucket_consumer_with_no_taskflow to None, run_after=None
[2024-08-21T07:40:44.588+0700] {logging_mixin.py:190} INFO - [2024-08-21T07:40:44.587+0700] {dag.py:4138} INFO - Setting next_dagrun for dataset_s3_bucket_producer_with_no_taskflow to None, run_after=None
[2024-08-21T07:40:44.608+0700] {processor.py:208} INFO - Processing /home/user/airflow/airflow_venv/lib/python3.10/site-packages/airflow/example_dags/example_dataset_alias_with_no_taskflow.py took 0.078 seconds
[2024-08-21T09:43:10.565+0700] {processor.py:186} INFO - Started process (PID=54749) to work on /home/user/airflow/airflow_venv/lib/python3.10/site-packages/airflow/example_dags/example_dataset_alias_with_no_taskflow.py
[2024-08-21T09:43:10.567+0700] {processor.py:914} INFO - Processing file /home/user/airflow/airflow_venv/lib/python3.10/site-packages/airflow/example_dags/example_dataset_alias_with_no_taskflow.py for tasks to queue
[2024-08-21T09:43:10.569+0700] {logging_mixin.py:190} INFO - [2024-08-21T09:43:10.569+0700] {dagbag.py:587} INFO - Filling up the DagBag from /home/user/airflow/airflow_venv/lib/python3.10/site-packages/airflow/example_dags/example_dataset_alias_with_no_taskflow.py
[2024-08-21T09:43:10.592+0700] {processor.py:925} INFO - DAG(s) 'dataset_s3_bucket_producer_with_no_taskflow', 'dataset_alias_example_alias_consumer_with_no_taskflow', 'dataset_s3_bucket_consumer_with_no_taskflow', 'dataset_alias_example_alias_producer_with_no_taskflow' retrieved from /home/user/airflow/airflow_venv/lib/python3.10/site-packages/airflow/example_dags/example_dataset_alias_with_no_taskflow.py
[2024-08-21T09:43:10.615+0700] {logging_mixin.py:190} INFO - [2024-08-21T09:43:10.615+0700] {dag.py:3211} INFO - Sync 4 DAGs
[2024-08-21T09:43:10.634+0700] {logging_mixin.py:190} INFO - [2024-08-21T09:43:10.634+0700] {dag.py:4138} INFO - Setting next_dagrun for dataset_alias_example_alias_consumer_with_no_taskflow to None, run_after=None
[2024-08-21T09:43:10.636+0700] {logging_mixin.py:190} INFO - [2024-08-21T09:43:10.636+0700] {dag.py:4138} INFO - Setting next_dagrun for dataset_alias_example_alias_producer_with_no_taskflow to None, run_after=None
[2024-08-21T09:43:10.637+0700] {logging_mixin.py:190} INFO - [2024-08-21T09:43:10.636+0700] {dag.py:4138} INFO - Setting next_dagrun for dataset_s3_bucket_consumer_with_no_taskflow to None, run_after=None
[2024-08-21T09:43:10.637+0700] {logging_mixin.py:190} INFO - [2024-08-21T09:43:10.637+0700] {dag.py:4138} INFO - Setting next_dagrun for dataset_s3_bucket_producer_with_no_taskflow to None, run_after=None
[2024-08-21T09:43:10.659+0700] {processor.py:208} INFO - Processing /home/user/airflow/airflow_venv/lib/python3.10/site-packages/airflow/example_dags/example_dataset_alias_with_no_taskflow.py took 0.098 seconds
[2024-08-21T09:53:57.003+0700] {processor.py:186} INFO - Started process (PID=59688) to work on /home/user/airflow/airflow_venv/lib/python3.10/site-packages/airflow/example_dags/example_dataset_alias_with_no_taskflow.py
[2024-08-21T09:53:57.005+0700] {processor.py:914} INFO - Processing file /home/user/airflow/airflow_venv/lib/python3.10/site-packages/airflow/example_dags/example_dataset_alias_with_no_taskflow.py for tasks to queue
[2024-08-21T09:53:57.008+0700] {logging_mixin.py:190} INFO - [2024-08-21T09:53:57.008+0700] {dagbag.py:587} INFO - Filling up the DagBag from /home/user/airflow/airflow_venv/lib/python3.10/site-packages/airflow/example_dags/example_dataset_alias_with_no_taskflow.py
[2024-08-21T09:53:57.037+0700] {processor.py:925} INFO - DAG(s) 'dataset_s3_bucket_producer_with_no_taskflow', 'dataset_alias_example_alias_consumer_with_no_taskflow', 'dataset_s3_bucket_consumer_with_no_taskflow', 'dataset_alias_example_alias_producer_with_no_taskflow' retrieved from /home/user/airflow/airflow_venv/lib/python3.10/site-packages/airflow/example_dags/example_dataset_alias_with_no_taskflow.py
[2024-08-21T09:53:57.057+0700] {logging_mixin.py:190} INFO - [2024-08-21T09:53:57.057+0700] {dag.py:3211} INFO - Sync 4 DAGs
[2024-08-21T09:53:57.080+0700] {logging_mixin.py:190} INFO - [2024-08-21T09:53:57.080+0700] {dag.py:4138} INFO - Setting next_dagrun for dataset_alias_example_alias_consumer_with_no_taskflow to None, run_after=None
[2024-08-21T09:53:57.083+0700] {logging_mixin.py:190} INFO - [2024-08-21T09:53:57.082+0700] {dag.py:4138} INFO - Setting next_dagrun for dataset_alias_example_alias_producer_with_no_taskflow to None, run_after=None
[2024-08-21T09:53:57.083+0700] {logging_mixin.py:190} INFO - [2024-08-21T09:53:57.083+0700] {dag.py:4138} INFO - Setting next_dagrun for dataset_s3_bucket_consumer_with_no_taskflow to None, run_after=None
[2024-08-21T09:53:57.085+0700] {logging_mixin.py:190} INFO - [2024-08-21T09:53:57.084+0700] {dag.py:4138} INFO - Setting next_dagrun for dataset_s3_bucket_producer_with_no_taskflow to None, run_after=None
[2024-08-21T09:53:57.120+0700] {processor.py:208} INFO - Processing /home/user/airflow/airflow_venv/lib/python3.10/site-packages/airflow/example_dags/example_dataset_alias_with_no_taskflow.py took 0.123 seconds
[2024-08-21T09:54:51.240+0700] {processor.py:186} INFO - Started process (PID=60112) to work on /home/user/airflow/airflow_venv/lib/python3.10/site-packages/airflow/example_dags/example_dataset_alias_with_no_taskflow.py
[2024-08-21T09:54:51.242+0700] {processor.py:914} INFO - Processing file /home/user/airflow/airflow_venv/lib/python3.10/site-packages/airflow/example_dags/example_dataset_alias_with_no_taskflow.py for tasks to queue
[2024-08-21T09:54:51.243+0700] {logging_mixin.py:190} INFO - [2024-08-21T09:54:51.242+0700] {dagbag.py:587} INFO - Filling up the DagBag from /home/user/airflow/airflow_venv/lib/python3.10/site-packages/airflow/example_dags/example_dataset_alias_with_no_taskflow.py
[2024-08-21T09:54:51.268+0700] {processor.py:925} INFO - DAG(s) 'dataset_alias_example_alias_consumer_with_no_taskflow', 'dataset_s3_bucket_consumer_with_no_taskflow', 'dataset_alias_example_alias_producer_with_no_taskflow', 'dataset_s3_bucket_producer_with_no_taskflow' retrieved from /home/user/airflow/airflow_venv/lib/python3.10/site-packages/airflow/example_dags/example_dataset_alias_with_no_taskflow.py
[2024-08-21T09:54:51.285+0700] {logging_mixin.py:190} INFO - [2024-08-21T09:54:51.285+0700] {dag.py:3211} INFO - Sync 4 DAGs
[2024-08-21T09:54:51.301+0700] {logging_mixin.py:190} INFO - [2024-08-21T09:54:51.301+0700] {dag.py:4138} INFO - Setting next_dagrun for dataset_alias_example_alias_consumer_with_no_taskflow to None, run_after=None
[2024-08-21T09:54:51.304+0700] {logging_mixin.py:190} INFO - [2024-08-21T09:54:51.303+0700] {dag.py:4138} INFO - Setting next_dagrun for dataset_alias_example_alias_producer_with_no_taskflow to None, run_after=None
[2024-08-21T09:54:51.304+0700] {logging_mixin.py:190} INFO - [2024-08-21T09:54:51.304+0700] {dag.py:4138} INFO - Setting next_dagrun for dataset_s3_bucket_consumer_with_no_taskflow to None, run_after=None
[2024-08-21T09:54:51.305+0700] {logging_mixin.py:190} INFO - [2024-08-21T09:54:51.305+0700] {dag.py:4138} INFO - Setting next_dagrun for dataset_s3_bucket_producer_with_no_taskflow to None, run_after=None
[2024-08-21T09:54:51.332+0700] {processor.py:208} INFO - Processing /home/user/airflow/airflow_venv/lib/python3.10/site-packages/airflow/example_dags/example_dataset_alias_with_no_taskflow.py took 0.097 seconds
[2024-08-21T09:55:46.737+0700] {processor.py:186} INFO - Started process (PID=60546) to work on /home/user/airflow/airflow_venv/lib/python3.10/site-packages/airflow/example_dags/example_dataset_alias_with_no_taskflow.py
[2024-08-21T09:55:46.739+0700] {processor.py:914} INFO - Processing file /home/user/airflow/airflow_venv/lib/python3.10/site-packages/airflow/example_dags/example_dataset_alias_with_no_taskflow.py for tasks to queue
[2024-08-21T09:55:46.741+0700] {logging_mixin.py:190} INFO - [2024-08-21T09:55:46.741+0700] {dagbag.py:587} INFO - Filling up the DagBag from /home/user/airflow/airflow_venv/lib/python3.10/site-packages/airflow/example_dags/example_dataset_alias_with_no_taskflow.py
[2024-08-21T09:55:46.768+0700] {processor.py:925} INFO - DAG(s) 'dataset_s3_bucket_consumer_with_no_taskflow', 'dataset_s3_bucket_producer_with_no_taskflow', 'dataset_alias_example_alias_consumer_with_no_taskflow', 'dataset_alias_example_alias_producer_with_no_taskflow' retrieved from /home/user/airflow/airflow_venv/lib/python3.10/site-packages/airflow/example_dags/example_dataset_alias_with_no_taskflow.py
[2024-08-21T09:55:46.790+0700] {logging_mixin.py:190} INFO - [2024-08-21T09:55:46.789+0700] {dag.py:3211} INFO - Sync 4 DAGs
[2024-08-21T09:55:46.805+0700] {logging_mixin.py:190} INFO - [2024-08-21T09:55:46.805+0700] {dag.py:4138} INFO - Setting next_dagrun for dataset_alias_example_alias_consumer_with_no_taskflow to None, run_after=None
[2024-08-21T09:55:46.807+0700] {logging_mixin.py:190} INFO - [2024-08-21T09:55:46.807+0700] {dag.py:4138} INFO - Setting next_dagrun for dataset_alias_example_alias_producer_with_no_taskflow to None, run_after=None
[2024-08-21T09:55:46.808+0700] {logging_mixin.py:190} INFO - [2024-08-21T09:55:46.807+0700] {dag.py:4138} INFO - Setting next_dagrun for dataset_s3_bucket_consumer_with_no_taskflow to None, run_after=None
[2024-08-21T09:55:46.808+0700] {logging_mixin.py:190} INFO - [2024-08-21T09:55:46.808+0700] {dag.py:4138} INFO - Setting next_dagrun for dataset_s3_bucket_producer_with_no_taskflow to None, run_after=None
[2024-08-21T09:55:46.829+0700] {processor.py:208} INFO - Processing /home/user/airflow/airflow_venv/lib/python3.10/site-packages/airflow/example_dags/example_dataset_alias_with_no_taskflow.py took 0.100 seconds
[2024-08-21T09:57:05.393+0700] {processor.py:186} INFO - Started process (PID=61165) to work on /home/user/airflow/airflow_venv/lib/python3.10/site-packages/airflow/example_dags/example_dataset_alias_with_no_taskflow.py
[2024-08-21T09:57:05.394+0700] {processor.py:914} INFO - Processing file /home/user/airflow/airflow_venv/lib/python3.10/site-packages/airflow/example_dags/example_dataset_alias_with_no_taskflow.py for tasks to queue
[2024-08-21T09:57:05.396+0700] {logging_mixin.py:190} INFO - [2024-08-21T09:57:05.395+0700] {dagbag.py:587} INFO - Filling up the DagBag from /home/user/airflow/airflow_venv/lib/python3.10/site-packages/airflow/example_dags/example_dataset_alias_with_no_taskflow.py
[2024-08-21T09:57:05.413+0700] {processor.py:925} INFO - DAG(s) 'dataset_alias_example_alias_consumer_with_no_taskflow', 'dataset_alias_example_alias_producer_with_no_taskflow', 'dataset_s3_bucket_consumer_with_no_taskflow', 'dataset_s3_bucket_producer_with_no_taskflow' retrieved from /home/user/airflow/airflow_venv/lib/python3.10/site-packages/airflow/example_dags/example_dataset_alias_with_no_taskflow.py
[2024-08-21T09:57:05.430+0700] {logging_mixin.py:190} INFO - [2024-08-21T09:57:05.430+0700] {dag.py:3211} INFO - Sync 4 DAGs
[2024-08-21T09:57:05.445+0700] {logging_mixin.py:190} INFO - [2024-08-21T09:57:05.445+0700] {dag.py:4138} INFO - Setting next_dagrun for dataset_alias_example_alias_consumer_with_no_taskflow to None, run_after=None
[2024-08-21T09:57:05.447+0700] {logging_mixin.py:190} INFO - [2024-08-21T09:57:05.447+0700] {dag.py:4138} INFO - Setting next_dagrun for dataset_alias_example_alias_producer_with_no_taskflow to None, run_after=None
[2024-08-21T09:57:05.448+0700] {logging_mixin.py:190} INFO - [2024-08-21T09:57:05.448+0700] {dag.py:4138} INFO - Setting next_dagrun for dataset_s3_bucket_consumer_with_no_taskflow to None, run_after=None
[2024-08-21T09:57:05.448+0700] {logging_mixin.py:190} INFO - [2024-08-21T09:57:05.448+0700] {dag.py:4138} INFO - Setting next_dagrun for dataset_s3_bucket_producer_with_no_taskflow to None, run_after=None
[2024-08-21T09:57:05.469+0700] {processor.py:208} INFO - Processing /home/user/airflow/airflow_venv/lib/python3.10/site-packages/airflow/example_dags/example_dataset_alias_with_no_taskflow.py took 0.081 seconds
[2024-08-21T09:58:23.391+0700] {processor.py:186} INFO - Started process (PID=61776) to work on /home/user/airflow/airflow_venv/lib/python3.10/site-packages/airflow/example_dags/example_dataset_alias_with_no_taskflow.py
[2024-08-21T09:58:23.398+0700] {processor.py:914} INFO - Processing file /home/user/airflow/airflow_venv/lib/python3.10/site-packages/airflow/example_dags/example_dataset_alias_with_no_taskflow.py for tasks to queue
[2024-08-21T09:58:23.399+0700] {logging_mixin.py:190} INFO - [2024-08-21T09:58:23.399+0700] {dagbag.py:587} INFO - Filling up the DagBag from /home/user/airflow/airflow_venv/lib/python3.10/site-packages/airflow/example_dags/example_dataset_alias_with_no_taskflow.py
[2024-08-21T09:58:23.417+0700] {processor.py:925} INFO - DAG(s) 'dataset_alias_example_alias_producer_with_no_taskflow', 'dataset_s3_bucket_producer_with_no_taskflow', 'dataset_s3_bucket_consumer_with_no_taskflow', 'dataset_alias_example_alias_consumer_with_no_taskflow' retrieved from /home/user/airflow/airflow_venv/lib/python3.10/site-packages/airflow/example_dags/example_dataset_alias_with_no_taskflow.py
[2024-08-21T09:58:23.433+0700] {logging_mixin.py:190} INFO - [2024-08-21T09:58:23.432+0700] {dag.py:3211} INFO - Sync 4 DAGs
[2024-08-21T09:58:23.446+0700] {logging_mixin.py:190} INFO - [2024-08-21T09:58:23.446+0700] {dag.py:4138} INFO - Setting next_dagrun for dataset_alias_example_alias_consumer_with_no_taskflow to None, run_after=None
[2024-08-21T09:58:23.448+0700] {logging_mixin.py:190} INFO - [2024-08-21T09:58:23.448+0700] {dag.py:4138} INFO - Setting next_dagrun for dataset_alias_example_alias_producer_with_no_taskflow to None, run_after=None
[2024-08-21T09:58:23.449+0700] {logging_mixin.py:190} INFO - [2024-08-21T09:58:23.449+0700] {dag.py:4138} INFO - Setting next_dagrun for dataset_s3_bucket_consumer_with_no_taskflow to None, run_after=None
[2024-08-21T09:58:23.449+0700] {logging_mixin.py:190} INFO - [2024-08-21T09:58:23.449+0700] {dag.py:4138} INFO - Setting next_dagrun for dataset_s3_bucket_producer_with_no_taskflow to None, run_after=None
[2024-08-21T09:58:23.470+0700] {processor.py:208} INFO - Processing /home/user/airflow/airflow_venv/lib/python3.10/site-packages/airflow/example_dags/example_dataset_alias_with_no_taskflow.py took 0.084 seconds
[2024-08-21T09:59:36.665+0700] {processor.py:186} INFO - Started process (PID=62349) to work on /home/user/airflow/airflow_venv/lib/python3.10/site-packages/airflow/example_dags/example_dataset_alias_with_no_taskflow.py
[2024-08-21T09:59:36.668+0700] {processor.py:914} INFO - Processing file /home/user/airflow/airflow_venv/lib/python3.10/site-packages/airflow/example_dags/example_dataset_alias_with_no_taskflow.py for tasks to queue
[2024-08-21T09:59:36.670+0700] {logging_mixin.py:190} INFO - [2024-08-21T09:59:36.669+0700] {dagbag.py:587} INFO - Filling up the DagBag from /home/user/airflow/airflow_venv/lib/python3.10/site-packages/airflow/example_dags/example_dataset_alias_with_no_taskflow.py
[2024-08-21T09:59:36.721+0700] {processor.py:925} INFO - DAG(s) 'dataset_alias_example_alias_producer_with_no_taskflow', 'dataset_s3_bucket_consumer_with_no_taskflow', 'dataset_alias_example_alias_consumer_with_no_taskflow', 'dataset_s3_bucket_producer_with_no_taskflow' retrieved from /home/user/airflow/airflow_venv/lib/python3.10/site-packages/airflow/example_dags/example_dataset_alias_with_no_taskflow.py
[2024-08-21T09:59:36.757+0700] {logging_mixin.py:190} INFO - [2024-08-21T09:59:36.756+0700] {dag.py:3211} INFO - Sync 4 DAGs
[2024-08-21T09:59:36.785+0700] {logging_mixin.py:190} INFO - [2024-08-21T09:59:36.785+0700] {dag.py:4138} INFO - Setting next_dagrun for dataset_alias_example_alias_consumer_with_no_taskflow to None, run_after=None
[2024-08-21T09:59:36.788+0700] {logging_mixin.py:190} INFO - [2024-08-21T09:59:36.788+0700] {dag.py:4138} INFO - Setting next_dagrun for dataset_alias_example_alias_producer_with_no_taskflow to None, run_after=None
[2024-08-21T09:59:36.790+0700] {logging_mixin.py:190} INFO - [2024-08-21T09:59:36.789+0700] {dag.py:4138} INFO - Setting next_dagrun for dataset_s3_bucket_consumer_with_no_taskflow to None, run_after=None
[2024-08-21T09:59:36.791+0700] {logging_mixin.py:190} INFO - [2024-08-21T09:59:36.790+0700] {dag.py:4138} INFO - Setting next_dagrun for dataset_s3_bucket_producer_with_no_taskflow to None, run_after=None
[2024-08-21T09:59:36.837+0700] {processor.py:208} INFO - Processing /home/user/airflow/airflow_venv/lib/python3.10/site-packages/airflow/example_dags/example_dataset_alias_with_no_taskflow.py took 0.196 seconds
