[2024-08-21T07:20:13.433+0700] {processor.py:186} INFO - Started process (PID=1537) to work on /home/user/airflow/airflow_venv/lib/python3.10/site-packages/airflow/example_dags/example_trigger_controller_dag.py
[2024-08-21T07:20:13.434+0700] {processor.py:914} INFO - Processing file /home/user/airflow/airflow_venv/lib/python3.10/site-packages/airflow/example_dags/example_trigger_controller_dag.py for tasks to queue
[2024-08-21T07:20:13.437+0700] {logging_mixin.py:190} INFO - [2024-08-21T07:20:13.437+0700] {dagbag.py:587} INFO - Filling up the DagBag from /home/user/airflow/airflow_venv/lib/python3.10/site-packages/airflow/example_dags/example_trigger_controller_dag.py
[2024-08-21T07:20:13.450+0700] {processor.py:925} INFO - DAG(s) 'example_trigger_controller_dag' retrieved from /home/user/airflow/airflow_venv/lib/python3.10/site-packages/airflow/example_dags/example_trigger_controller_dag.py
[2024-08-21T07:20:13.551+0700] {logging_mixin.py:190} INFO - [2024-08-21T07:20:13.550+0700] {dag.py:3211} INFO - Sync 1 DAGs
[2024-08-21T07:20:13.566+0700] {logging_mixin.py:190} INFO - [2024-08-21T07:20:13.566+0700] {dag.py:4138} INFO - Setting next_dagrun for example_trigger_controller_dag to 2021-01-01 00:00:00+00:00, run_after=2021-01-01 00:00:00+00:00
[2024-08-21T07:20:13.585+0700] {processor.py:208} INFO - Processing /home/user/airflow/airflow_venv/lib/python3.10/site-packages/airflow/example_dags/example_trigger_controller_dag.py took 0.169 seconds
[2024-08-21T07:21:13.752+0700] {processor.py:186} INFO - Started process (PID=2017) to work on /home/user/airflow/airflow_venv/lib/python3.10/site-packages/airflow/example_dags/example_trigger_controller_dag.py
[2024-08-21T07:21:13.753+0700] {processor.py:914} INFO - Processing file /home/user/airflow/airflow_venv/lib/python3.10/site-packages/airflow/example_dags/example_trigger_controller_dag.py for tasks to queue
[2024-08-21T07:21:13.755+0700] {logging_mixin.py:190} INFO - [2024-08-21T07:21:13.755+0700] {dagbag.py:587} INFO - Filling up the DagBag from /home/user/airflow/airflow_venv/lib/python3.10/site-packages/airflow/example_dags/example_trigger_controller_dag.py
[2024-08-21T07:21:13.761+0700] {processor.py:925} INFO - DAG(s) 'example_trigger_controller_dag' retrieved from /home/user/airflow/airflow_venv/lib/python3.10/site-packages/airflow/example_dags/example_trigger_controller_dag.py
[2024-08-21T07:21:13.773+0700] {logging_mixin.py:190} INFO - [2024-08-21T07:21:13.773+0700] {dag.py:3211} INFO - Sync 1 DAGs
[2024-08-21T07:21:13.789+0700] {logging_mixin.py:190} INFO - [2024-08-21T07:21:13.788+0700] {dag.py:4138} INFO - Setting next_dagrun for example_trigger_controller_dag to 2021-01-01 00:00:00+00:00, run_after=2021-01-01 00:00:00+00:00
[2024-08-21T07:21:14.075+0700] {processor.py:208} INFO - Processing /home/user/airflow/airflow_venv/lib/python3.10/site-packages/airflow/example_dags/example_trigger_controller_dag.py took 0.327 seconds
[2024-08-21T07:22:11.628+0700] {processor.py:186} INFO - Started process (PID=2474) to work on /home/user/airflow/airflow_venv/lib/python3.10/site-packages/airflow/example_dags/example_trigger_controller_dag.py
[2024-08-21T07:22:11.630+0700] {processor.py:914} INFO - Processing file /home/user/airflow/airflow_venv/lib/python3.10/site-packages/airflow/example_dags/example_trigger_controller_dag.py for tasks to queue
[2024-08-21T07:22:11.632+0700] {logging_mixin.py:190} INFO - [2024-08-21T07:22:11.632+0700] {dagbag.py:587} INFO - Filling up the DagBag from /home/user/airflow/airflow_venv/lib/python3.10/site-packages/airflow/example_dags/example_trigger_controller_dag.py
[2024-08-21T07:22:11.638+0700] {processor.py:925} INFO - DAG(s) 'example_trigger_controller_dag' retrieved from /home/user/airflow/airflow_venv/lib/python3.10/site-packages/airflow/example_dags/example_trigger_controller_dag.py
[2024-08-21T07:22:11.650+0700] {logging_mixin.py:190} INFO - [2024-08-21T07:22:11.650+0700] {dag.py:3211} INFO - Sync 1 DAGs
[2024-08-21T07:22:11.666+0700] {logging_mixin.py:190} INFO - [2024-08-21T07:22:11.666+0700] {dag.py:4138} INFO - Setting next_dagrun for example_trigger_controller_dag to 2021-01-01 00:00:00+00:00, run_after=2021-01-01 00:00:00+00:00
[2024-08-21T07:22:11.689+0700] {processor.py:208} INFO - Processing /home/user/airflow/airflow_venv/lib/python3.10/site-packages/airflow/example_dags/example_trigger_controller_dag.py took 0.066 seconds
[2024-08-21T07:22:24.362+0700] {processor.py:186} INFO - Started process (PID=2575) to work on /home/user/airflow/airflow_venv/lib/python3.10/site-packages/airflow/example_dags/example_trigger_controller_dag.py
[2024-08-21T07:22:24.367+0700] {processor.py:914} INFO - Processing file /home/user/airflow/airflow_venv/lib/python3.10/site-packages/airflow/example_dags/example_trigger_controller_dag.py for tasks to queue
[2024-08-21T07:22:24.374+0700] {logging_mixin.py:190} INFO - [2024-08-21T07:22:24.374+0700] {dagbag.py:587} INFO - Filling up the DagBag from /home/user/airflow/airflow_venv/lib/python3.10/site-packages/airflow/example_dags/example_trigger_controller_dag.py
[2024-08-21T07:22:24.396+0700] {processor.py:925} INFO - DAG(s) 'example_trigger_controller_dag' retrieved from /home/user/airflow/airflow_venv/lib/python3.10/site-packages/airflow/example_dags/example_trigger_controller_dag.py
[2024-08-21T07:22:24.435+0700] {logging_mixin.py:190} INFO - [2024-08-21T07:22:24.435+0700] {dag.py:3211} INFO - Sync 1 DAGs
[2024-08-21T07:22:24.468+0700] {logging_mixin.py:190} INFO - [2024-08-21T07:22:24.467+0700] {dag.py:4138} INFO - Setting next_dagrun for example_trigger_controller_dag to 2021-01-01 00:00:00+00:00, run_after=2021-01-01 00:00:00+00:00
[2024-08-21T07:22:24.498+0700] {processor.py:208} INFO - Processing /home/user/airflow/airflow_venv/lib/python3.10/site-packages/airflow/example_dags/example_trigger_controller_dag.py took 0.154 seconds
[2024-08-21T07:23:09.319+0700] {processor.py:186} INFO - Started process (PID=2934) to work on /home/user/airflow/airflow_venv/lib/python3.10/site-packages/airflow/example_dags/example_trigger_controller_dag.py
[2024-08-21T07:23:09.320+0700] {processor.py:914} INFO - Processing file /home/user/airflow/airflow_venv/lib/python3.10/site-packages/airflow/example_dags/example_trigger_controller_dag.py for tasks to queue
[2024-08-21T07:23:09.324+0700] {logging_mixin.py:190} INFO - [2024-08-21T07:23:09.323+0700] {dagbag.py:587} INFO - Filling up the DagBag from /home/user/airflow/airflow_venv/lib/python3.10/site-packages/airflow/example_dags/example_trigger_controller_dag.py
[2024-08-21T07:23:09.336+0700] {processor.py:925} INFO - DAG(s) 'example_trigger_controller_dag' retrieved from /home/user/airflow/airflow_venv/lib/python3.10/site-packages/airflow/example_dags/example_trigger_controller_dag.py
[2024-08-21T07:23:09.360+0700] {logging_mixin.py:190} INFO - [2024-08-21T07:23:09.360+0700] {dag.py:3211} INFO - Sync 1 DAGs
[2024-08-21T07:23:09.382+0700] {logging_mixin.py:190} INFO - [2024-08-21T07:23:09.381+0700] {dag.py:4138} INFO - Setting next_dagrun for example_trigger_controller_dag to 2021-01-01 00:00:00+00:00, run_after=2021-01-01 00:00:00+00:00
[2024-08-21T07:23:09.425+0700] {processor.py:208} INFO - Processing /home/user/airflow/airflow_venv/lib/python3.10/site-packages/airflow/example_dags/example_trigger_controller_dag.py took 0.112 seconds
[2024-08-21T07:24:18.512+0700] {processor.py:186} INFO - Started process (PID=3487) to work on /home/user/airflow/airflow_venv/lib/python3.10/site-packages/airflow/example_dags/example_trigger_controller_dag.py
[2024-08-21T07:24:18.513+0700] {processor.py:914} INFO - Processing file /home/user/airflow/airflow_venv/lib/python3.10/site-packages/airflow/example_dags/example_trigger_controller_dag.py for tasks to queue
[2024-08-21T07:24:18.515+0700] {logging_mixin.py:190} INFO - [2024-08-21T07:24:18.515+0700] {dagbag.py:587} INFO - Filling up the DagBag from /home/user/airflow/airflow_venv/lib/python3.10/site-packages/airflow/example_dags/example_trigger_controller_dag.py
[2024-08-21T07:24:18.521+0700] {processor.py:925} INFO - DAG(s) 'example_trigger_controller_dag' retrieved from /home/user/airflow/airflow_venv/lib/python3.10/site-packages/airflow/example_dags/example_trigger_controller_dag.py
[2024-08-21T07:24:18.541+0700] {logging_mixin.py:190} INFO - [2024-08-21T07:24:18.540+0700] {dag.py:3211} INFO - Sync 1 DAGs
[2024-08-21T07:24:18.560+0700] {logging_mixin.py:190} INFO - [2024-08-21T07:24:18.560+0700] {dag.py:4138} INFO - Setting next_dagrun for example_trigger_controller_dag to 2021-01-01 00:00:00+00:00, run_after=2021-01-01 00:00:00+00:00
[2024-08-21T07:24:18.581+0700] {processor.py:208} INFO - Processing /home/user/airflow/airflow_venv/lib/python3.10/site-packages/airflow/example_dags/example_trigger_controller_dag.py took 0.073 seconds
[2024-08-21T07:24:54.061+0700] {processor.py:186} INFO - Started process (PID=3780) to work on /home/user/airflow/airflow_venv/lib/python3.10/site-packages/airflow/example_dags/example_trigger_controller_dag.py
[2024-08-21T07:24:54.063+0700] {processor.py:914} INFO - Processing file /home/user/airflow/airflow_venv/lib/python3.10/site-packages/airflow/example_dags/example_trigger_controller_dag.py for tasks to queue
[2024-08-21T07:24:54.065+0700] {logging_mixin.py:190} INFO - [2024-08-21T07:24:54.064+0700] {dagbag.py:587} INFO - Filling up the DagBag from /home/user/airflow/airflow_venv/lib/python3.10/site-packages/airflow/example_dags/example_trigger_controller_dag.py
[2024-08-21T07:24:54.073+0700] {processor.py:925} INFO - DAG(s) 'example_trigger_controller_dag' retrieved from /home/user/airflow/airflow_venv/lib/python3.10/site-packages/airflow/example_dags/example_trigger_controller_dag.py
[2024-08-21T07:24:54.089+0700] {logging_mixin.py:190} INFO - [2024-08-21T07:24:54.089+0700] {dag.py:3211} INFO - Sync 1 DAGs
[2024-08-21T07:24:54.110+0700] {logging_mixin.py:190} INFO - [2024-08-21T07:24:54.109+0700] {dag.py:4138} INFO - Setting next_dagrun for example_trigger_controller_dag to 2021-01-01 00:00:00+00:00, run_after=2021-01-01 00:00:00+00:00
[2024-08-21T07:24:54.136+0700] {processor.py:208} INFO - Processing /home/user/airflow/airflow_venv/lib/python3.10/site-packages/airflow/example_dags/example_trigger_controller_dag.py took 0.082 seconds
[2024-08-21T07:25:45.976+0700] {processor.py:186} INFO - Started process (PID=4201) to work on /home/user/airflow/airflow_venv/lib/python3.10/site-packages/airflow/example_dags/example_trigger_controller_dag.py
[2024-08-21T07:25:45.977+0700] {processor.py:914} INFO - Processing file /home/user/airflow/airflow_venv/lib/python3.10/site-packages/airflow/example_dags/example_trigger_controller_dag.py for tasks to queue
[2024-08-21T07:25:45.979+0700] {logging_mixin.py:190} INFO - [2024-08-21T07:25:45.979+0700] {dagbag.py:587} INFO - Filling up the DagBag from /home/user/airflow/airflow_venv/lib/python3.10/site-packages/airflow/example_dags/example_trigger_controller_dag.py
[2024-08-21T07:25:45.987+0700] {processor.py:925} INFO - DAG(s) 'example_trigger_controller_dag' retrieved from /home/user/airflow/airflow_venv/lib/python3.10/site-packages/airflow/example_dags/example_trigger_controller_dag.py
[2024-08-21T07:25:46.000+0700] {logging_mixin.py:190} INFO - [2024-08-21T07:25:46.000+0700] {dag.py:3211} INFO - Sync 1 DAGs
[2024-08-21T07:25:46.016+0700] {logging_mixin.py:190} INFO - [2024-08-21T07:25:46.015+0700] {dag.py:4138} INFO - Setting next_dagrun for example_trigger_controller_dag to 2021-01-01 00:00:00+00:00, run_after=2021-01-01 00:00:00+00:00
[2024-08-21T07:25:46.035+0700] {processor.py:208} INFO - Processing /home/user/airflow/airflow_venv/lib/python3.10/site-packages/airflow/example_dags/example_trigger_controller_dag.py took 0.065 seconds
[2024-08-21T07:26:38.854+0700] {processor.py:186} INFO - Started process (PID=4618) to work on /home/user/airflow/airflow_venv/lib/python3.10/site-packages/airflow/example_dags/example_trigger_controller_dag.py
[2024-08-21T07:26:38.855+0700] {processor.py:914} INFO - Processing file /home/user/airflow/airflow_venv/lib/python3.10/site-packages/airflow/example_dags/example_trigger_controller_dag.py for tasks to queue
[2024-08-21T07:26:38.857+0700] {logging_mixin.py:190} INFO - [2024-08-21T07:26:38.857+0700] {dagbag.py:587} INFO - Filling up the DagBag from /home/user/airflow/airflow_venv/lib/python3.10/site-packages/airflow/example_dags/example_trigger_controller_dag.py
[2024-08-21T07:26:38.863+0700] {processor.py:925} INFO - DAG(s) 'example_trigger_controller_dag' retrieved from /home/user/airflow/airflow_venv/lib/python3.10/site-packages/airflow/example_dags/example_trigger_controller_dag.py
[2024-08-21T07:26:38.875+0700] {logging_mixin.py:190} INFO - [2024-08-21T07:26:38.875+0700] {dag.py:3211} INFO - Sync 1 DAGs
[2024-08-21T07:26:38.889+0700] {logging_mixin.py:190} INFO - [2024-08-21T07:26:38.889+0700] {dag.py:4138} INFO - Setting next_dagrun for example_trigger_controller_dag to 2021-01-01 00:00:00+00:00, run_after=2021-01-01 00:00:00+00:00
[2024-08-21T07:26:38.908+0700] {processor.py:208} INFO - Processing /home/user/airflow/airflow_venv/lib/python3.10/site-packages/airflow/example_dags/example_trigger_controller_dag.py took 0.059 seconds
[2024-08-21T07:27:29.047+0700] {processor.py:186} INFO - Started process (PID=5011) to work on /home/user/airflow/airflow_venv/lib/python3.10/site-packages/airflow/example_dags/example_trigger_controller_dag.py
[2024-08-21T07:27:29.053+0700] {processor.py:914} INFO - Processing file /home/user/airflow/airflow_venv/lib/python3.10/site-packages/airflow/example_dags/example_trigger_controller_dag.py for tasks to queue
[2024-08-21T07:27:29.055+0700] {logging_mixin.py:190} INFO - [2024-08-21T07:27:29.055+0700] {dagbag.py:587} INFO - Filling up the DagBag from /home/user/airflow/airflow_venv/lib/python3.10/site-packages/airflow/example_dags/example_trigger_controller_dag.py
[2024-08-21T07:27:29.060+0700] {processor.py:925} INFO - DAG(s) 'example_trigger_controller_dag' retrieved from /home/user/airflow/airflow_venv/lib/python3.10/site-packages/airflow/example_dags/example_trigger_controller_dag.py
[2024-08-21T07:27:29.074+0700] {logging_mixin.py:190} INFO - [2024-08-21T07:27:29.073+0700] {dag.py:3211} INFO - Sync 1 DAGs
[2024-08-21T07:27:29.093+0700] {logging_mixin.py:190} INFO - [2024-08-21T07:27:29.092+0700] {dag.py:4138} INFO - Setting next_dagrun for example_trigger_controller_dag to 2021-01-01 00:00:00+00:00, run_after=2021-01-01 00:00:00+00:00
[2024-08-21T07:27:29.112+0700] {processor.py:208} INFO - Processing /home/user/airflow/airflow_venv/lib/python3.10/site-packages/airflow/example_dags/example_trigger_controller_dag.py took 0.069 seconds
[2024-08-21T07:28:21.723+0700] {processor.py:186} INFO - Started process (PID=5462) to work on /home/user/airflow/airflow_venv/lib/python3.10/site-packages/airflow/example_dags/example_trigger_controller_dag.py
[2024-08-21T07:28:21.725+0700] {processor.py:914} INFO - Processing file /home/user/airflow/airflow_venv/lib/python3.10/site-packages/airflow/example_dags/example_trigger_controller_dag.py for tasks to queue
[2024-08-21T07:28:21.727+0700] {logging_mixin.py:190} INFO - [2024-08-21T07:28:21.727+0700] {dagbag.py:587} INFO - Filling up the DagBag from /home/user/airflow/airflow_venv/lib/python3.10/site-packages/airflow/example_dags/example_trigger_controller_dag.py
[2024-08-21T07:28:21.734+0700] {processor.py:925} INFO - DAG(s) 'example_trigger_controller_dag' retrieved from /home/user/airflow/airflow_venv/lib/python3.10/site-packages/airflow/example_dags/example_trigger_controller_dag.py
[2024-08-21T07:28:21.751+0700] {logging_mixin.py:190} INFO - [2024-08-21T07:28:21.750+0700] {dag.py:3211} INFO - Sync 1 DAGs
[2024-08-21T07:28:21.767+0700] {logging_mixin.py:190} INFO - [2024-08-21T07:28:21.767+0700] {dag.py:4138} INFO - Setting next_dagrun for example_trigger_controller_dag to 2021-01-01 00:00:00+00:00, run_after=2021-01-01 00:00:00+00:00
[2024-08-21T07:28:21.786+0700] {processor.py:208} INFO - Processing /home/user/airflow/airflow_venv/lib/python3.10/site-packages/airflow/example_dags/example_trigger_controller_dag.py took 0.067 seconds
[2024-08-21T07:29:11.944+0700] {processor.py:186} INFO - Started process (PID=5938) to work on /home/user/airflow/airflow_venv/lib/python3.10/site-packages/airflow/example_dags/example_trigger_controller_dag.py
[2024-08-21T07:29:11.946+0700] {processor.py:914} INFO - Processing file /home/user/airflow/airflow_venv/lib/python3.10/site-packages/airflow/example_dags/example_trigger_controller_dag.py for tasks to queue
[2024-08-21T07:29:11.948+0700] {logging_mixin.py:190} INFO - [2024-08-21T07:29:11.947+0700] {dagbag.py:587} INFO - Filling up the DagBag from /home/user/airflow/airflow_venv/lib/python3.10/site-packages/airflow/example_dags/example_trigger_controller_dag.py
[2024-08-21T07:29:11.954+0700] {processor.py:925} INFO - DAG(s) 'example_trigger_controller_dag' retrieved from /home/user/airflow/airflow_venv/lib/python3.10/site-packages/airflow/example_dags/example_trigger_controller_dag.py
[2024-08-21T07:29:11.968+0700] {logging_mixin.py:190} INFO - [2024-08-21T07:29:11.968+0700] {dag.py:3211} INFO - Sync 1 DAGs
[2024-08-21T07:29:11.984+0700] {logging_mixin.py:190} INFO - [2024-08-21T07:29:11.984+0700] {dag.py:4138} INFO - Setting next_dagrun for example_trigger_controller_dag to 2021-01-01 00:00:00+00:00, run_after=2021-01-01 00:00:00+00:00
[2024-08-21T07:29:12.001+0700] {processor.py:208} INFO - Processing /home/user/airflow/airflow_venv/lib/python3.10/site-packages/airflow/example_dags/example_trigger_controller_dag.py took 0.063 seconds
[2024-08-21T07:30:03.159+0700] {processor.py:186} INFO - Started process (PID=6409) to work on /home/user/airflow/airflow_venv/lib/python3.10/site-packages/airflow/example_dags/example_trigger_controller_dag.py
[2024-08-21T07:30:03.161+0700] {processor.py:914} INFO - Processing file /home/user/airflow/airflow_venv/lib/python3.10/site-packages/airflow/example_dags/example_trigger_controller_dag.py for tasks to queue
[2024-08-21T07:30:03.163+0700] {logging_mixin.py:190} INFO - [2024-08-21T07:30:03.162+0700] {dagbag.py:587} INFO - Filling up the DagBag from /home/user/airflow/airflow_venv/lib/python3.10/site-packages/airflow/example_dags/example_trigger_controller_dag.py
[2024-08-21T07:30:03.169+0700] {processor.py:925} INFO - DAG(s) 'example_trigger_controller_dag' retrieved from /home/user/airflow/airflow_venv/lib/python3.10/site-packages/airflow/example_dags/example_trigger_controller_dag.py
[2024-08-21T07:30:03.182+0700] {logging_mixin.py:190} INFO - [2024-08-21T07:30:03.182+0700] {dag.py:3211} INFO - Sync 1 DAGs
[2024-08-21T07:30:03.199+0700] {logging_mixin.py:190} INFO - [2024-08-21T07:30:03.199+0700] {dag.py:4138} INFO - Setting next_dagrun for example_trigger_controller_dag to 2021-01-01 00:00:00+00:00, run_after=2021-01-01 00:00:00+00:00
[2024-08-21T07:30:03.219+0700] {processor.py:208} INFO - Processing /home/user/airflow/airflow_venv/lib/python3.10/site-packages/airflow/example_dags/example_trigger_controller_dag.py took 0.065 seconds
[2024-08-21T07:30:49.869+0700] {processor.py:186} INFO - Started process (PID=6794) to work on /home/user/airflow/airflow_venv/lib/python3.10/site-packages/airflow/example_dags/example_trigger_controller_dag.py
[2024-08-21T07:30:49.871+0700] {processor.py:914} INFO - Processing file /home/user/airflow/airflow_venv/lib/python3.10/site-packages/airflow/example_dags/example_trigger_controller_dag.py for tasks to queue
[2024-08-21T07:30:49.873+0700] {logging_mixin.py:190} INFO - [2024-08-21T07:30:49.872+0700] {dagbag.py:587} INFO - Filling up the DagBag from /home/user/airflow/airflow_venv/lib/python3.10/site-packages/airflow/example_dags/example_trigger_controller_dag.py
[2024-08-21T07:30:49.880+0700] {processor.py:925} INFO - DAG(s) 'example_trigger_controller_dag' retrieved from /home/user/airflow/airflow_venv/lib/python3.10/site-packages/airflow/example_dags/example_trigger_controller_dag.py
[2024-08-21T07:30:49.896+0700] {logging_mixin.py:190} INFO - [2024-08-21T07:30:49.896+0700] {dag.py:3211} INFO - Sync 1 DAGs
[2024-08-21T07:30:49.913+0700] {logging_mixin.py:190} INFO - [2024-08-21T07:30:49.913+0700] {dag.py:4138} INFO - Setting next_dagrun for example_trigger_controller_dag to 2021-01-01 00:00:00+00:00, run_after=2021-01-01 00:00:00+00:00
[2024-08-21T07:30:49.931+0700] {processor.py:208} INFO - Processing /home/user/airflow/airflow_venv/lib/python3.10/site-packages/airflow/example_dags/example_trigger_controller_dag.py took 0.068 seconds
[2024-08-21T07:31:38.698+0700] {processor.py:186} INFO - Started process (PID=7320) to work on /home/user/airflow/airflow_venv/lib/python3.10/site-packages/airflow/example_dags/example_trigger_controller_dag.py
[2024-08-21T07:31:38.700+0700] {processor.py:914} INFO - Processing file /home/user/airflow/airflow_venv/lib/python3.10/site-packages/airflow/example_dags/example_trigger_controller_dag.py for tasks to queue
[2024-08-21T07:31:38.702+0700] {logging_mixin.py:190} INFO - [2024-08-21T07:31:38.702+0700] {dagbag.py:587} INFO - Filling up the DagBag from /home/user/airflow/airflow_venv/lib/python3.10/site-packages/airflow/example_dags/example_trigger_controller_dag.py
[2024-08-21T07:31:38.710+0700] {processor.py:925} INFO - DAG(s) 'example_trigger_controller_dag' retrieved from /home/user/airflow/airflow_venv/lib/python3.10/site-packages/airflow/example_dags/example_trigger_controller_dag.py
[2024-08-21T07:31:38.725+0700] {logging_mixin.py:190} INFO - [2024-08-21T07:31:38.725+0700] {dag.py:3211} INFO - Sync 1 DAGs
[2024-08-21T07:31:38.741+0700] {logging_mixin.py:190} INFO - [2024-08-21T07:31:38.740+0700] {dag.py:4138} INFO - Setting next_dagrun for example_trigger_controller_dag to 2021-01-01 00:00:00+00:00, run_after=2021-01-01 00:00:00+00:00
[2024-08-21T07:31:38.759+0700] {processor.py:208} INFO - Processing /home/user/airflow/airflow_venv/lib/python3.10/site-packages/airflow/example_dags/example_trigger_controller_dag.py took 0.067 seconds
[2024-08-21T07:32:28.968+0700] {processor.py:186} INFO - Started process (PID=7792) to work on /home/user/airflow/airflow_venv/lib/python3.10/site-packages/airflow/example_dags/example_trigger_controller_dag.py
[2024-08-21T07:32:28.970+0700] {processor.py:914} INFO - Processing file /home/user/airflow/airflow_venv/lib/python3.10/site-packages/airflow/example_dags/example_trigger_controller_dag.py for tasks to queue
[2024-08-21T07:32:28.972+0700] {logging_mixin.py:190} INFO - [2024-08-21T07:32:28.971+0700] {dagbag.py:587} INFO - Filling up the DagBag from /home/user/airflow/airflow_venv/lib/python3.10/site-packages/airflow/example_dags/example_trigger_controller_dag.py
[2024-08-21T07:32:28.978+0700] {processor.py:925} INFO - DAG(s) 'example_trigger_controller_dag' retrieved from /home/user/airflow/airflow_venv/lib/python3.10/site-packages/airflow/example_dags/example_trigger_controller_dag.py
[2024-08-21T07:32:28.991+0700] {logging_mixin.py:190} INFO - [2024-08-21T07:32:28.991+0700] {dag.py:3211} INFO - Sync 1 DAGs
[2024-08-21T07:32:29.008+0700] {logging_mixin.py:190} INFO - [2024-08-21T07:32:29.008+0700] {dag.py:4138} INFO - Setting next_dagrun for example_trigger_controller_dag to 2021-01-01 00:00:00+00:00, run_after=2021-01-01 00:00:00+00:00
[2024-08-21T07:32:29.026+0700] {processor.py:208} INFO - Processing /home/user/airflow/airflow_venv/lib/python3.10/site-packages/airflow/example_dags/example_trigger_controller_dag.py took 0.063 seconds
[2024-08-21T07:33:20.450+0700] {processor.py:186} INFO - Started process (PID=8343) to work on /home/user/airflow/airflow_venv/lib/python3.10/site-packages/airflow/example_dags/example_trigger_controller_dag.py
[2024-08-21T07:33:20.451+0700] {processor.py:914} INFO - Processing file /home/user/airflow/airflow_venv/lib/python3.10/site-packages/airflow/example_dags/example_trigger_controller_dag.py for tasks to queue
[2024-08-21T07:33:20.454+0700] {logging_mixin.py:190} INFO - [2024-08-21T07:33:20.453+0700] {dagbag.py:587} INFO - Filling up the DagBag from /home/user/airflow/airflow_venv/lib/python3.10/site-packages/airflow/example_dags/example_trigger_controller_dag.py
[2024-08-21T07:33:20.461+0700] {processor.py:925} INFO - DAG(s) 'example_trigger_controller_dag' retrieved from /home/user/airflow/airflow_venv/lib/python3.10/site-packages/airflow/example_dags/example_trigger_controller_dag.py
[2024-08-21T07:33:20.477+0700] {logging_mixin.py:190} INFO - [2024-08-21T07:33:20.476+0700] {dag.py:3211} INFO - Sync 1 DAGs
[2024-08-21T07:33:20.494+0700] {logging_mixin.py:190} INFO - [2024-08-21T07:33:20.494+0700] {dag.py:4138} INFO - Setting next_dagrun for example_trigger_controller_dag to 2021-01-01 00:00:00+00:00, run_after=2021-01-01 00:00:00+00:00
[2024-08-21T07:33:20.512+0700] {processor.py:208} INFO - Processing /home/user/airflow/airflow_venv/lib/python3.10/site-packages/airflow/example_dags/example_trigger_controller_dag.py took 0.070 seconds
[2024-08-21T07:34:13.830+0700] {processor.py:186} INFO - Started process (PID=8806) to work on /home/user/airflow/airflow_venv/lib/python3.10/site-packages/airflow/example_dags/example_trigger_controller_dag.py
[2024-08-21T07:34:13.857+0700] {processor.py:914} INFO - Processing file /home/user/airflow/airflow_venv/lib/python3.10/site-packages/airflow/example_dags/example_trigger_controller_dag.py for tasks to queue
[2024-08-21T07:34:13.858+0700] {logging_mixin.py:190} INFO - [2024-08-21T07:34:13.858+0700] {dagbag.py:587} INFO - Filling up the DagBag from /home/user/airflow/airflow_venv/lib/python3.10/site-packages/airflow/example_dags/example_trigger_controller_dag.py
[2024-08-21T07:34:13.863+0700] {processor.py:925} INFO - DAG(s) 'example_trigger_controller_dag' retrieved from /home/user/airflow/airflow_venv/lib/python3.10/site-packages/airflow/example_dags/example_trigger_controller_dag.py
[2024-08-21T07:34:13.874+0700] {logging_mixin.py:190} INFO - [2024-08-21T07:34:13.874+0700] {dag.py:3211} INFO - Sync 1 DAGs
[2024-08-21T07:34:13.887+0700] {logging_mixin.py:190} INFO - [2024-08-21T07:34:13.887+0700] {dag.py:4138} INFO - Setting next_dagrun for example_trigger_controller_dag to 2021-01-01 00:00:00+00:00, run_after=2021-01-01 00:00:00+00:00
[2024-08-21T07:34:13.904+0700] {processor.py:208} INFO - Processing /home/user/airflow/airflow_venv/lib/python3.10/site-packages/airflow/example_dags/example_trigger_controller_dag.py took 0.078 seconds
[2024-08-21T07:35:08.197+0700] {processor.py:186} INFO - Started process (PID=9925) to work on /home/user/airflow/airflow_venv/lib/python3.10/site-packages/airflow/example_dags/example_trigger_controller_dag.py
[2024-08-21T07:35:08.203+0700] {processor.py:914} INFO - Processing file /home/user/airflow/airflow_venv/lib/python3.10/site-packages/airflow/example_dags/example_trigger_controller_dag.py for tasks to queue
[2024-08-21T07:35:08.206+0700] {logging_mixin.py:190} INFO - [2024-08-21T07:35:08.205+0700] {dagbag.py:587} INFO - Filling up the DagBag from /home/user/airflow/airflow_venv/lib/python3.10/site-packages/airflow/example_dags/example_trigger_controller_dag.py
[2024-08-21T07:35:08.213+0700] {processor.py:925} INFO - DAG(s) 'example_trigger_controller_dag' retrieved from /home/user/airflow/airflow_venv/lib/python3.10/site-packages/airflow/example_dags/example_trigger_controller_dag.py
[2024-08-21T07:35:08.226+0700] {logging_mixin.py:190} INFO - [2024-08-21T07:35:08.226+0700] {dag.py:3211} INFO - Sync 1 DAGs
[2024-08-21T07:35:08.243+0700] {logging_mixin.py:190} INFO - [2024-08-21T07:35:08.242+0700] {dag.py:4138} INFO - Setting next_dagrun for example_trigger_controller_dag to 2021-01-01 00:00:00+00:00, run_after=2021-01-01 00:00:00+00:00
[2024-08-21T07:35:08.261+0700] {processor.py:208} INFO - Processing /home/user/airflow/airflow_venv/lib/python3.10/site-packages/airflow/example_dags/example_trigger_controller_dag.py took 0.070 seconds
[2024-08-21T07:35:58.868+0700] {processor.py:186} INFO - Started process (PID=10458) to work on /home/user/airflow/airflow_venv/lib/python3.10/site-packages/airflow/example_dags/example_trigger_controller_dag.py
[2024-08-21T07:35:58.870+0700] {processor.py:914} INFO - Processing file /home/user/airflow/airflow_venv/lib/python3.10/site-packages/airflow/example_dags/example_trigger_controller_dag.py for tasks to queue
[2024-08-21T07:35:58.871+0700] {logging_mixin.py:190} INFO - [2024-08-21T07:35:58.871+0700] {dagbag.py:587} INFO - Filling up the DagBag from /home/user/airflow/airflow_venv/lib/python3.10/site-packages/airflow/example_dags/example_trigger_controller_dag.py
[2024-08-21T07:35:58.876+0700] {processor.py:925} INFO - DAG(s) 'example_trigger_controller_dag' retrieved from /home/user/airflow/airflow_venv/lib/python3.10/site-packages/airflow/example_dags/example_trigger_controller_dag.py
[2024-08-21T07:35:58.888+0700] {logging_mixin.py:190} INFO - [2024-08-21T07:35:58.888+0700] {dag.py:3211} INFO - Sync 1 DAGs
[2024-08-21T07:35:58.902+0700] {logging_mixin.py:190} INFO - [2024-08-21T07:35:58.902+0700] {dag.py:4138} INFO - Setting next_dagrun for example_trigger_controller_dag to 2021-01-01 00:00:00+00:00, run_after=2021-01-01 00:00:00+00:00
[2024-08-21T07:35:58.921+0700] {processor.py:208} INFO - Processing /home/user/airflow/airflow_venv/lib/python3.10/site-packages/airflow/example_dags/example_trigger_controller_dag.py took 0.058 seconds
[2024-08-21T07:36:52.530+0700] {processor.py:186} INFO - Started process (PID=10879) to work on /home/user/airflow/airflow_venv/lib/python3.10/site-packages/airflow/example_dags/example_trigger_controller_dag.py
[2024-08-21T07:36:52.536+0700] {processor.py:914} INFO - Processing file /home/user/airflow/airflow_venv/lib/python3.10/site-packages/airflow/example_dags/example_trigger_controller_dag.py for tasks to queue
[2024-08-21T07:36:52.538+0700] {logging_mixin.py:190} INFO - [2024-08-21T07:36:52.538+0700] {dagbag.py:587} INFO - Filling up the DagBag from /home/user/airflow/airflow_venv/lib/python3.10/site-packages/airflow/example_dags/example_trigger_controller_dag.py
[2024-08-21T07:36:52.543+0700] {processor.py:925} INFO - DAG(s) 'example_trigger_controller_dag' retrieved from /home/user/airflow/airflow_venv/lib/python3.10/site-packages/airflow/example_dags/example_trigger_controller_dag.py
[2024-08-21T07:36:52.554+0700] {logging_mixin.py:190} INFO - [2024-08-21T07:36:52.554+0700] {dag.py:3211} INFO - Sync 1 DAGs
[2024-08-21T07:36:52.566+0700] {logging_mixin.py:190} INFO - [2024-08-21T07:36:52.566+0700] {dag.py:4138} INFO - Setting next_dagrun for example_trigger_controller_dag to 2021-01-01 00:00:00+00:00, run_after=2021-01-01 00:00:00+00:00
[2024-08-21T07:36:52.586+0700] {processor.py:208} INFO - Processing /home/user/airflow/airflow_venv/lib/python3.10/site-packages/airflow/example_dags/example_trigger_controller_dag.py took 0.061 seconds
[2024-08-21T07:37:45.608+0700] {processor.py:186} INFO - Started process (PID=11460) to work on /home/user/airflow/airflow_venv/lib/python3.10/site-packages/airflow/example_dags/example_trigger_controller_dag.py
[2024-08-21T07:37:45.609+0700] {processor.py:914} INFO - Processing file /home/user/airflow/airflow_venv/lib/python3.10/site-packages/airflow/example_dags/example_trigger_controller_dag.py for tasks to queue
[2024-08-21T07:37:45.612+0700] {logging_mixin.py:190} INFO - [2024-08-21T07:37:45.612+0700] {dagbag.py:587} INFO - Filling up the DagBag from /home/user/airflow/airflow_venv/lib/python3.10/site-packages/airflow/example_dags/example_trigger_controller_dag.py
[2024-08-21T07:37:45.619+0700] {processor.py:925} INFO - DAG(s) 'example_trigger_controller_dag' retrieved from /home/user/airflow/airflow_venv/lib/python3.10/site-packages/airflow/example_dags/example_trigger_controller_dag.py
[2024-08-21T07:37:45.636+0700] {logging_mixin.py:190} INFO - [2024-08-21T07:37:45.636+0700] {dag.py:3211} INFO - Sync 1 DAGs
[2024-08-21T07:37:45.656+0700] {logging_mixin.py:190} INFO - [2024-08-21T07:37:45.656+0700] {dag.py:4138} INFO - Setting next_dagrun for example_trigger_controller_dag to 2021-01-01 00:00:00+00:00, run_after=2021-01-01 00:00:00+00:00
[2024-08-21T07:37:45.687+0700] {processor.py:208} INFO - Processing /home/user/airflow/airflow_venv/lib/python3.10/site-packages/airflow/example_dags/example_trigger_controller_dag.py took 0.086 seconds
[2024-08-21T07:38:38.563+0700] {processor.py:186} INFO - Started process (PID=12078) to work on /home/user/airflow/airflow_venv/lib/python3.10/site-packages/airflow/example_dags/example_trigger_controller_dag.py
[2024-08-21T07:38:38.565+0700] {processor.py:914} INFO - Processing file /home/user/airflow/airflow_venv/lib/python3.10/site-packages/airflow/example_dags/example_trigger_controller_dag.py for tasks to queue
[2024-08-21T07:38:38.567+0700] {logging_mixin.py:190} INFO - [2024-08-21T07:38:38.566+0700] {dagbag.py:587} INFO - Filling up the DagBag from /home/user/airflow/airflow_venv/lib/python3.10/site-packages/airflow/example_dags/example_trigger_controller_dag.py
[2024-08-21T07:38:38.573+0700] {processor.py:925} INFO - DAG(s) 'example_trigger_controller_dag' retrieved from /home/user/airflow/airflow_venv/lib/python3.10/site-packages/airflow/example_dags/example_trigger_controller_dag.py
[2024-08-21T07:38:38.587+0700] {logging_mixin.py:190} INFO - [2024-08-21T07:38:38.586+0700] {dag.py:3211} INFO - Sync 1 DAGs
[2024-08-21T07:38:38.601+0700] {logging_mixin.py:190} INFO - [2024-08-21T07:38:38.600+0700] {dag.py:4138} INFO - Setting next_dagrun for example_trigger_controller_dag to 2021-01-01 00:00:00+00:00, run_after=2021-01-01 00:00:00+00:00
[2024-08-21T07:38:38.621+0700] {processor.py:208} INFO - Processing /home/user/airflow/airflow_venv/lib/python3.10/site-packages/airflow/example_dags/example_trigger_controller_dag.py took 0.062 seconds
