[2024-08-21T07:21:10.242+0700] {processor.py:186} INFO - Started process (PID=1987) to work on /home/user/airflow/airflow_venv/lib/python3.10/site-packages/airflow/example_dags/example_external_task_marker_dag.py
[2024-08-21T07:21:10.243+0700] {processor.py:914} INFO - Processing file /home/user/airflow/airflow_venv/lib/python3.10/site-packages/airflow/example_dags/example_external_task_marker_dag.py for tasks to queue
[2024-08-21T07:21:10.245+0700] {logging_mixin.py:190} INFO - [2024-08-21T07:21:10.244+0700] {dagbag.py:587} INFO - Filling up the DagBag from /home/user/airflow/airflow_venv/lib/python3.10/site-packages/airflow/example_dags/example_external_task_marker_dag.py
[2024-08-21T07:21:10.253+0700] {processor.py:925} INFO - DAG(s) 'example_external_task_marker_child', 'example_external_task_marker_parent' retrieved from /home/user/airflow/airflow_venv/lib/python3.10/site-packages/airflow/example_dags/example_external_task_marker_dag.py
[2024-08-21T07:21:10.329+0700] {logging_mixin.py:190} INFO - [2024-08-21T07:21:10.328+0700] {dag.py:3211} INFO - Sync 2 DAGs
[2024-08-21T07:21:10.336+0700] {logging_mixin.py:190} INFO - [2024-08-21T07:21:10.336+0700] {dag.py:4138} INFO - Setting next_dagrun for example_external_task_marker_child to None, run_after=None
[2024-08-21T07:21:10.338+0700] {logging_mixin.py:190} INFO - [2024-08-21T07:21:10.338+0700] {dag.py:4138} INFO - Setting next_dagrun for example_external_task_marker_parent to None, run_after=None
[2024-08-21T07:21:10.357+0700] {processor.py:208} INFO - Processing /home/user/airflow/airflow_venv/lib/python3.10/site-packages/airflow/example_dags/example_external_task_marker_dag.py took 0.119 seconds
[2024-08-21T07:22:08.551+0700] {processor.py:186} INFO - Started process (PID=2446) to work on /home/user/airflow/airflow_venv/lib/python3.10/site-packages/airflow/example_dags/example_external_task_marker_dag.py
[2024-08-21T07:22:08.552+0700] {processor.py:914} INFO - Processing file /home/user/airflow/airflow_venv/lib/python3.10/site-packages/airflow/example_dags/example_external_task_marker_dag.py for tasks to queue
[2024-08-21T07:22:08.554+0700] {logging_mixin.py:190} INFO - [2024-08-21T07:22:08.554+0700] {dagbag.py:587} INFO - Filling up the DagBag from /home/user/airflow/airflow_venv/lib/python3.10/site-packages/airflow/example_dags/example_external_task_marker_dag.py
[2024-08-21T07:22:08.561+0700] {processor.py:925} INFO - DAG(s) 'example_external_task_marker_parent', 'example_external_task_marker_child' retrieved from /home/user/airflow/airflow_venv/lib/python3.10/site-packages/airflow/example_dags/example_external_task_marker_dag.py
[2024-08-21T07:22:08.576+0700] {logging_mixin.py:190} INFO - [2024-08-21T07:22:08.576+0700] {dag.py:3211} INFO - Sync 2 DAGs
[2024-08-21T07:22:08.588+0700] {logging_mixin.py:190} INFO - [2024-08-21T07:22:08.588+0700] {dag.py:4138} INFO - Setting next_dagrun for example_external_task_marker_child to None, run_after=None
[2024-08-21T07:22:08.591+0700] {logging_mixin.py:190} INFO - [2024-08-21T07:22:08.591+0700] {dag.py:4138} INFO - Setting next_dagrun for example_external_task_marker_parent to None, run_after=None
[2024-08-21T07:22:08.608+0700] {processor.py:208} INFO - Processing /home/user/airflow/airflow_venv/lib/python3.10/site-packages/airflow/example_dags/example_external_task_marker_dag.py took 0.066 seconds
[2024-08-21T07:24:06.506+0700] {processor.py:186} INFO - Started process (PID=3396) to work on /home/user/airflow/airflow_venv/lib/python3.10/site-packages/airflow/example_dags/example_external_task_marker_dag.py
[2024-08-21T07:24:06.507+0700] {processor.py:914} INFO - Processing file /home/user/airflow/airflow_venv/lib/python3.10/site-packages/airflow/example_dags/example_external_task_marker_dag.py for tasks to queue
[2024-08-21T07:24:06.509+0700] {logging_mixin.py:190} INFO - [2024-08-21T07:24:06.509+0700] {dagbag.py:587} INFO - Filling up the DagBag from /home/user/airflow/airflow_venv/lib/python3.10/site-packages/airflow/example_dags/example_external_task_marker_dag.py
[2024-08-21T07:24:06.516+0700] {processor.py:925} INFO - DAG(s) 'example_external_task_marker_child', 'example_external_task_marker_parent' retrieved from /home/user/airflow/airflow_venv/lib/python3.10/site-packages/airflow/example_dags/example_external_task_marker_dag.py
[2024-08-21T07:24:06.533+0700] {logging_mixin.py:190} INFO - [2024-08-21T07:24:06.532+0700] {dag.py:3211} INFO - Sync 2 DAGs
[2024-08-21T07:24:06.544+0700] {logging_mixin.py:190} INFO - [2024-08-21T07:24:06.543+0700] {dag.py:4138} INFO - Setting next_dagrun for example_external_task_marker_child to None, run_after=None
[2024-08-21T07:24:06.547+0700] {logging_mixin.py:190} INFO - [2024-08-21T07:24:06.546+0700] {dag.py:4138} INFO - Setting next_dagrun for example_external_task_marker_parent to None, run_after=None
[2024-08-21T07:24:06.566+0700] {processor.py:208} INFO - Processing /home/user/airflow/airflow_venv/lib/python3.10/site-packages/airflow/example_dags/example_external_task_marker_dag.py took 0.065 seconds
[2024-08-21T07:25:15.440+0700] {processor.py:186} INFO - Started process (PID=3952) to work on /home/user/airflow/airflow_venv/lib/python3.10/site-packages/airflow/example_dags/example_external_task_marker_dag.py
[2024-08-21T07:25:15.443+0700] {processor.py:914} INFO - Processing file /home/user/airflow/airflow_venv/lib/python3.10/site-packages/airflow/example_dags/example_external_task_marker_dag.py for tasks to queue
[2024-08-21T07:25:15.444+0700] {logging_mixin.py:190} INFO - [2024-08-21T07:25:15.444+0700] {dagbag.py:587} INFO - Filling up the DagBag from /home/user/airflow/airflow_venv/lib/python3.10/site-packages/airflow/example_dags/example_external_task_marker_dag.py
[2024-08-21T07:25:15.452+0700] {processor.py:925} INFO - DAG(s) 'example_external_task_marker_parent', 'example_external_task_marker_child' retrieved from /home/user/airflow/airflow_venv/lib/python3.10/site-packages/airflow/example_dags/example_external_task_marker_dag.py
[2024-08-21T07:25:15.467+0700] {logging_mixin.py:190} INFO - [2024-08-21T07:25:15.467+0700] {dag.py:3211} INFO - Sync 2 DAGs
[2024-08-21T07:25:15.477+0700] {logging_mixin.py:190} INFO - [2024-08-21T07:25:15.477+0700] {dag.py:4138} INFO - Setting next_dagrun for example_external_task_marker_child to None, run_after=None
[2024-08-21T07:25:15.479+0700] {logging_mixin.py:190} INFO - [2024-08-21T07:25:15.479+0700] {dag.py:4138} INFO - Setting next_dagrun for example_external_task_marker_parent to None, run_after=None
[2024-08-21T07:25:15.496+0700] {processor.py:208} INFO - Processing /home/user/airflow/airflow_venv/lib/python3.10/site-packages/airflow/example_dags/example_external_task_marker_dag.py took 0.060 seconds
[2024-08-21T07:26:34.904+0700] {processor.py:186} INFO - Started process (PID=4586) to work on /home/user/airflow/airflow_venv/lib/python3.10/site-packages/airflow/example_dags/example_external_task_marker_dag.py
[2024-08-21T07:26:34.906+0700] {processor.py:914} INFO - Processing file /home/user/airflow/airflow_venv/lib/python3.10/site-packages/airflow/example_dags/example_external_task_marker_dag.py for tasks to queue
[2024-08-21T07:26:34.907+0700] {logging_mixin.py:190} INFO - [2024-08-21T07:26:34.907+0700] {dagbag.py:587} INFO - Filling up the DagBag from /home/user/airflow/airflow_venv/lib/python3.10/site-packages/airflow/example_dags/example_external_task_marker_dag.py
[2024-08-21T07:26:34.914+0700] {processor.py:925} INFO - DAG(s) 'example_external_task_marker_parent', 'example_external_task_marker_child' retrieved from /home/user/airflow/airflow_venv/lib/python3.10/site-packages/airflow/example_dags/example_external_task_marker_dag.py
[2024-08-21T07:26:34.927+0700] {logging_mixin.py:190} INFO - [2024-08-21T07:26:34.927+0700] {dag.py:3211} INFO - Sync 2 DAGs
[2024-08-21T07:26:34.936+0700] {logging_mixin.py:190} INFO - [2024-08-21T07:26:34.936+0700] {dag.py:4138} INFO - Setting next_dagrun for example_external_task_marker_child to None, run_after=None
[2024-08-21T07:26:34.938+0700] {logging_mixin.py:190} INFO - [2024-08-21T07:26:34.938+0700] {dag.py:4138} INFO - Setting next_dagrun for example_external_task_marker_parent to None, run_after=None
[2024-08-21T07:26:34.954+0700] {processor.py:208} INFO - Processing /home/user/airflow/airflow_venv/lib/python3.10/site-packages/airflow/example_dags/example_external_task_marker_dag.py took 0.054 seconds
[2024-08-21T07:27:50.922+0700] {processor.py:186} INFO - Started process (PID=5219) to work on /home/user/airflow/airflow_venv/lib/python3.10/site-packages/airflow/example_dags/example_external_task_marker_dag.py
[2024-08-21T07:27:50.923+0700] {processor.py:914} INFO - Processing file /home/user/airflow/airflow_venv/lib/python3.10/site-packages/airflow/example_dags/example_external_task_marker_dag.py for tasks to queue
[2024-08-21T07:27:50.925+0700] {logging_mixin.py:190} INFO - [2024-08-21T07:27:50.925+0700] {dagbag.py:587} INFO - Filling up the DagBag from /home/user/airflow/airflow_venv/lib/python3.10/site-packages/airflow/example_dags/example_external_task_marker_dag.py
[2024-08-21T07:27:50.931+0700] {processor.py:925} INFO - DAG(s) 'example_external_task_marker_child', 'example_external_task_marker_parent' retrieved from /home/user/airflow/airflow_venv/lib/python3.10/site-packages/airflow/example_dags/example_external_task_marker_dag.py
[2024-08-21T07:27:50.946+0700] {logging_mixin.py:190} INFO - [2024-08-21T07:27:50.946+0700] {dag.py:3211} INFO - Sync 2 DAGs
[2024-08-21T07:27:50.957+0700] {logging_mixin.py:190} INFO - [2024-08-21T07:27:50.957+0700] {dag.py:4138} INFO - Setting next_dagrun for example_external_task_marker_child to None, run_after=None
[2024-08-21T07:27:50.959+0700] {logging_mixin.py:190} INFO - [2024-08-21T07:27:50.959+0700] {dag.py:4138} INFO - Setting next_dagrun for example_external_task_marker_parent to None, run_after=None
[2024-08-21T07:27:50.975+0700] {processor.py:208} INFO - Processing /home/user/airflow/airflow_venv/lib/python3.10/site-packages/airflow/example_dags/example_external_task_marker_dag.py took 0.060 seconds
[2024-08-21T07:29:07.784+0700] {processor.py:186} INFO - Started process (PID=5905) to work on /home/user/airflow/airflow_venv/lib/python3.10/site-packages/airflow/example_dags/example_external_task_marker_dag.py
[2024-08-21T07:29:07.785+0700] {processor.py:914} INFO - Processing file /home/user/airflow/airflow_venv/lib/python3.10/site-packages/airflow/example_dags/example_external_task_marker_dag.py for tasks to queue
[2024-08-21T07:29:07.787+0700] {logging_mixin.py:190} INFO - [2024-08-21T07:29:07.786+0700] {dagbag.py:587} INFO - Filling up the DagBag from /home/user/airflow/airflow_venv/lib/python3.10/site-packages/airflow/example_dags/example_external_task_marker_dag.py
[2024-08-21T07:29:07.794+0700] {processor.py:925} INFO - DAG(s) 'example_external_task_marker_child', 'example_external_task_marker_parent' retrieved from /home/user/airflow/airflow_venv/lib/python3.10/site-packages/airflow/example_dags/example_external_task_marker_dag.py
[2024-08-21T07:29:07.811+0700] {logging_mixin.py:190} INFO - [2024-08-21T07:29:07.810+0700] {dag.py:3211} INFO - Sync 2 DAGs
[2024-08-21T07:29:07.820+0700] {logging_mixin.py:190} INFO - [2024-08-21T07:29:07.820+0700] {dag.py:4138} INFO - Setting next_dagrun for example_external_task_marker_child to None, run_after=None
[2024-08-21T07:29:07.823+0700] {logging_mixin.py:190} INFO - [2024-08-21T07:29:07.823+0700] {dag.py:4138} INFO - Setting next_dagrun for example_external_task_marker_parent to None, run_after=None
[2024-08-21T07:29:07.843+0700] {processor.py:208} INFO - Processing /home/user/airflow/airflow_venv/lib/python3.10/site-packages/airflow/example_dags/example_external_task_marker_dag.py took 0.064 seconds
[2024-08-21T07:30:22.408+0700] {processor.py:186} INFO - Started process (PID=6560) to work on /home/user/airflow/airflow_venv/lib/python3.10/site-packages/airflow/example_dags/example_external_task_marker_dag.py
[2024-08-21T07:30:22.415+0700] {processor.py:914} INFO - Processing file /home/user/airflow/airflow_venv/lib/python3.10/site-packages/airflow/example_dags/example_external_task_marker_dag.py for tasks to queue
[2024-08-21T07:30:22.417+0700] {logging_mixin.py:190} INFO - [2024-08-21T07:30:22.417+0700] {dagbag.py:587} INFO - Filling up the DagBag from /home/user/airflow/airflow_venv/lib/python3.10/site-packages/airflow/example_dags/example_external_task_marker_dag.py
[2024-08-21T07:30:22.424+0700] {processor.py:925} INFO - DAG(s) 'example_external_task_marker_child', 'example_external_task_marker_parent' retrieved from /home/user/airflow/airflow_venv/lib/python3.10/site-packages/airflow/example_dags/example_external_task_marker_dag.py
[2024-08-21T07:30:22.440+0700] {logging_mixin.py:190} INFO - [2024-08-21T07:30:22.440+0700] {dag.py:3211} INFO - Sync 2 DAGs
[2024-08-21T07:30:22.452+0700] {logging_mixin.py:190} INFO - [2024-08-21T07:30:22.452+0700] {dag.py:4138} INFO - Setting next_dagrun for example_external_task_marker_child to None, run_after=None
[2024-08-21T07:30:22.454+0700] {logging_mixin.py:190} INFO - [2024-08-21T07:30:22.454+0700] {dag.py:4138} INFO - Setting next_dagrun for example_external_task_marker_parent to None, run_after=None
[2024-08-21T07:30:22.471+0700] {processor.py:208} INFO - Processing /home/user/airflow/airflow_venv/lib/python3.10/site-packages/airflow/example_dags/example_external_task_marker_dag.py took 0.067 seconds
[2024-08-21T07:31:34.418+0700] {processor.py:186} INFO - Started process (PID=7287) to work on /home/user/airflow/airflow_venv/lib/python3.10/site-packages/airflow/example_dags/example_external_task_marker_dag.py
[2024-08-21T07:31:34.420+0700] {processor.py:914} INFO - Processing file /home/user/airflow/airflow_venv/lib/python3.10/site-packages/airflow/example_dags/example_external_task_marker_dag.py for tasks to queue
[2024-08-21T07:31:34.422+0700] {logging_mixin.py:190} INFO - [2024-08-21T07:31:34.422+0700] {dagbag.py:587} INFO - Filling up the DagBag from /home/user/airflow/airflow_venv/lib/python3.10/site-packages/airflow/example_dags/example_external_task_marker_dag.py
[2024-08-21T07:31:34.432+0700] {processor.py:925} INFO - DAG(s) 'example_external_task_marker_parent', 'example_external_task_marker_child' retrieved from /home/user/airflow/airflow_venv/lib/python3.10/site-packages/airflow/example_dags/example_external_task_marker_dag.py
[2024-08-21T07:31:34.456+0700] {logging_mixin.py:190} INFO - [2024-08-21T07:31:34.456+0700] {dag.py:3211} INFO - Sync 2 DAGs
[2024-08-21T07:31:34.470+0700] {logging_mixin.py:190} INFO - [2024-08-21T07:31:34.470+0700] {dag.py:4138} INFO - Setting next_dagrun for example_external_task_marker_child to None, run_after=None
[2024-08-21T07:31:34.474+0700] {logging_mixin.py:190} INFO - [2024-08-21T07:31:34.474+0700] {dag.py:4138} INFO - Setting next_dagrun for example_external_task_marker_parent to None, run_after=None
[2024-08-21T07:31:34.507+0700] {processor.py:208} INFO - Processing /home/user/airflow/airflow_venv/lib/python3.10/site-packages/airflow/example_dags/example_external_task_marker_dag.py took 0.095 seconds
[2024-08-21T07:32:50.200+0700] {processor.py:186} INFO - Started process (PID=7997) to work on /home/user/airflow/airflow_venv/lib/python3.10/site-packages/airflow/example_dags/example_external_task_marker_dag.py
[2024-08-21T07:32:50.202+0700] {processor.py:914} INFO - Processing file /home/user/airflow/airflow_venv/lib/python3.10/site-packages/airflow/example_dags/example_external_task_marker_dag.py for tasks to queue
[2024-08-21T07:32:50.205+0700] {logging_mixin.py:190} INFO - [2024-08-21T07:32:50.204+0700] {dagbag.py:587} INFO - Filling up the DagBag from /home/user/airflow/airflow_venv/lib/python3.10/site-packages/airflow/example_dags/example_external_task_marker_dag.py
[2024-08-21T07:32:50.214+0700] {processor.py:925} INFO - DAG(s) 'example_external_task_marker_parent', 'example_external_task_marker_child' retrieved from /home/user/airflow/airflow_venv/lib/python3.10/site-packages/airflow/example_dags/example_external_task_marker_dag.py
[2024-08-21T07:32:50.236+0700] {logging_mixin.py:190} INFO - [2024-08-21T07:32:50.235+0700] {dag.py:3211} INFO - Sync 2 DAGs
[2024-08-21T07:32:50.245+0700] {logging_mixin.py:190} INFO - [2024-08-21T07:32:50.245+0700] {dag.py:4138} INFO - Setting next_dagrun for example_external_task_marker_child to None, run_after=None
[2024-08-21T07:32:50.247+0700] {logging_mixin.py:190} INFO - [2024-08-21T07:32:50.247+0700] {dag.py:4138} INFO - Setting next_dagrun for example_external_task_marker_parent to None, run_after=None
[2024-08-21T07:32:50.265+0700] {processor.py:208} INFO - Processing /home/user/airflow/airflow_venv/lib/python3.10/site-packages/airflow/example_dags/example_external_task_marker_dag.py took 0.070 seconds
[2024-08-21T07:34:10.109+0700] {processor.py:186} INFO - Started process (PID=8775) to work on /home/user/airflow/airflow_venv/lib/python3.10/site-packages/airflow/example_dags/example_external_task_marker_dag.py
[2024-08-21T07:34:10.111+0700] {processor.py:914} INFO - Processing file /home/user/airflow/airflow_venv/lib/python3.10/site-packages/airflow/example_dags/example_external_task_marker_dag.py for tasks to queue
[2024-08-21T07:34:10.113+0700] {logging_mixin.py:190} INFO - [2024-08-21T07:34:10.113+0700] {dagbag.py:587} INFO - Filling up the DagBag from /home/user/airflow/airflow_venv/lib/python3.10/site-packages/airflow/example_dags/example_external_task_marker_dag.py
[2024-08-21T07:34:10.121+0700] {processor.py:925} INFO - DAG(s) 'example_external_task_marker_child', 'example_external_task_marker_parent' retrieved from /home/user/airflow/airflow_venv/lib/python3.10/site-packages/airflow/example_dags/example_external_task_marker_dag.py
[2024-08-21T07:34:10.139+0700] {logging_mixin.py:190} INFO - [2024-08-21T07:34:10.138+0700] {dag.py:3211} INFO - Sync 2 DAGs
[2024-08-21T07:34:10.149+0700] {logging_mixin.py:190} INFO - [2024-08-21T07:34:10.149+0700] {dag.py:4138} INFO - Setting next_dagrun for example_external_task_marker_child to None, run_after=None
[2024-08-21T07:34:10.152+0700] {logging_mixin.py:190} INFO - [2024-08-21T07:34:10.152+0700] {dag.py:4138} INFO - Setting next_dagrun for example_external_task_marker_parent to None, run_after=None
[2024-08-21T07:34:10.170+0700] {processor.py:208} INFO - Processing /home/user/airflow/airflow_venv/lib/python3.10/site-packages/airflow/example_dags/example_external_task_marker_dag.py took 0.067 seconds
[2024-08-21T07:35:05.317+0700] {processor.py:186} INFO - Started process (PID=9905) to work on /home/user/airflow/airflow_venv/lib/python3.10/site-packages/airflow/example_dags/example_external_task_marker_dag.py
[2024-08-21T07:35:05.319+0700] {processor.py:914} INFO - Processing file /home/user/airflow/airflow_venv/lib/python3.10/site-packages/airflow/example_dags/example_external_task_marker_dag.py for tasks to queue
[2024-08-21T07:35:05.321+0700] {logging_mixin.py:190} INFO - [2024-08-21T07:35:05.320+0700] {dagbag.py:587} INFO - Filling up the DagBag from /home/user/airflow/airflow_venv/lib/python3.10/site-packages/airflow/example_dags/example_external_task_marker_dag.py
[2024-08-21T07:35:05.328+0700] {processor.py:925} INFO - DAG(s) 'example_external_task_marker_parent', 'example_external_task_marker_child' retrieved from /home/user/airflow/airflow_venv/lib/python3.10/site-packages/airflow/example_dags/example_external_task_marker_dag.py
[2024-08-21T07:35:05.342+0700] {logging_mixin.py:190} INFO - [2024-08-21T07:35:05.342+0700] {dag.py:3211} INFO - Sync 2 DAGs
[2024-08-21T07:35:05.351+0700] {logging_mixin.py:190} INFO - [2024-08-21T07:35:05.351+0700] {dag.py:4138} INFO - Setting next_dagrun for example_external_task_marker_child to None, run_after=None
[2024-08-21T07:35:05.354+0700] {logging_mixin.py:190} INFO - [2024-08-21T07:35:05.354+0700] {dag.py:4138} INFO - Setting next_dagrun for example_external_task_marker_parent to None, run_after=None
[2024-08-21T07:35:05.369+0700] {processor.py:208} INFO - Processing /home/user/airflow/airflow_venv/lib/python3.10/site-packages/airflow/example_dags/example_external_task_marker_dag.py took 0.057 seconds
[2024-08-21T07:36:23.388+0700] {processor.py:186} INFO - Started process (PID=10650) to work on /home/user/airflow/airflow_venv/lib/python3.10/site-packages/airflow/example_dags/example_external_task_marker_dag.py
[2024-08-21T07:36:23.390+0700] {processor.py:914} INFO - Processing file /home/user/airflow/airflow_venv/lib/python3.10/site-packages/airflow/example_dags/example_external_task_marker_dag.py for tasks to queue
[2024-08-21T07:36:23.392+0700] {logging_mixin.py:190} INFO - [2024-08-21T07:36:23.392+0700] {dagbag.py:587} INFO - Filling up the DagBag from /home/user/airflow/airflow_venv/lib/python3.10/site-packages/airflow/example_dags/example_external_task_marker_dag.py
[2024-08-21T07:36:23.402+0700] {processor.py:925} INFO - DAG(s) 'example_external_task_marker_child', 'example_external_task_marker_parent' retrieved from /home/user/airflow/airflow_venv/lib/python3.10/site-packages/airflow/example_dags/example_external_task_marker_dag.py
[2024-08-21T07:36:23.419+0700] {logging_mixin.py:190} INFO - [2024-08-21T07:36:23.419+0700] {dag.py:3211} INFO - Sync 2 DAGs
[2024-08-21T07:36:23.428+0700] {logging_mixin.py:190} INFO - [2024-08-21T07:36:23.428+0700] {dag.py:4138} INFO - Setting next_dagrun for example_external_task_marker_child to None, run_after=None
[2024-08-21T07:36:23.430+0700] {logging_mixin.py:190} INFO - [2024-08-21T07:36:23.430+0700] {dag.py:4138} INFO - Setting next_dagrun for example_external_task_marker_parent to None, run_after=None
[2024-08-21T07:36:23.446+0700] {processor.py:208} INFO - Processing /home/user/airflow/airflow_venv/lib/python3.10/site-packages/airflow/example_dags/example_external_task_marker_dag.py took 0.063 seconds
[2024-08-21T07:37:42.751+0700] {processor.py:186} INFO - Started process (PID=11388) to work on /home/user/airflow/airflow_venv/lib/python3.10/site-packages/airflow/example_dags/example_external_task_marker_dag.py
[2024-08-21T07:37:42.753+0700] {processor.py:914} INFO - Processing file /home/user/airflow/airflow_venv/lib/python3.10/site-packages/airflow/example_dags/example_external_task_marker_dag.py for tasks to queue
[2024-08-21T07:37:42.754+0700] {logging_mixin.py:190} INFO - [2024-08-21T07:37:42.754+0700] {dagbag.py:587} INFO - Filling up the DagBag from /home/user/airflow/airflow_venv/lib/python3.10/site-packages/airflow/example_dags/example_external_task_marker_dag.py
[2024-08-21T07:37:42.762+0700] {processor.py:925} INFO - DAG(s) 'example_external_task_marker_child', 'example_external_task_marker_parent' retrieved from /home/user/airflow/airflow_venv/lib/python3.10/site-packages/airflow/example_dags/example_external_task_marker_dag.py
[2024-08-21T07:37:42.777+0700] {logging_mixin.py:190} INFO - [2024-08-21T07:37:42.777+0700] {dag.py:3211} INFO - Sync 2 DAGs
[2024-08-21T07:37:42.786+0700] {logging_mixin.py:190} INFO - [2024-08-21T07:37:42.786+0700] {dag.py:4138} INFO - Setting next_dagrun for example_external_task_marker_child to None, run_after=None
[2024-08-21T07:37:42.789+0700] {logging_mixin.py:190} INFO - [2024-08-21T07:37:42.789+0700] {dag.py:4138} INFO - Setting next_dagrun for example_external_task_marker_parent to None, run_after=None
[2024-08-21T07:37:42.804+0700] {processor.py:208} INFO - Processing /home/user/airflow/airflow_venv/lib/python3.10/site-packages/airflow/example_dags/example_external_task_marker_dag.py took 0.059 seconds
[2024-08-21T07:39:01.335+0700] {processor.py:186} INFO - Started process (PID=12272) to work on /home/user/airflow/airflow_venv/lib/python3.10/site-packages/airflow/example_dags/example_external_task_marker_dag.py
[2024-08-21T07:39:01.343+0700] {processor.py:914} INFO - Processing file /home/user/airflow/airflow_venv/lib/python3.10/site-packages/airflow/example_dags/example_external_task_marker_dag.py for tasks to queue
[2024-08-21T07:39:01.345+0700] {logging_mixin.py:190} INFO - [2024-08-21T07:39:01.345+0700] {dagbag.py:587} INFO - Filling up the DagBag from /home/user/airflow/airflow_venv/lib/python3.10/site-packages/airflow/example_dags/example_external_task_marker_dag.py
[2024-08-21T07:39:01.354+0700] {processor.py:925} INFO - DAG(s) 'example_external_task_marker_child', 'example_external_task_marker_parent' retrieved from /home/user/airflow/airflow_venv/lib/python3.10/site-packages/airflow/example_dags/example_external_task_marker_dag.py
[2024-08-21T07:39:01.379+0700] {logging_mixin.py:190} INFO - [2024-08-21T07:39:01.379+0700] {dag.py:3211} INFO - Sync 2 DAGs
[2024-08-21T07:39:01.389+0700] {logging_mixin.py:190} INFO - [2024-08-21T07:39:01.388+0700] {dag.py:4138} INFO - Setting next_dagrun for example_external_task_marker_child to None, run_after=None
[2024-08-21T07:39:01.392+0700] {logging_mixin.py:190} INFO - [2024-08-21T07:39:01.392+0700] {dag.py:4138} INFO - Setting next_dagrun for example_external_task_marker_parent to None, run_after=None
[2024-08-21T07:39:01.416+0700] {processor.py:208} INFO - Processing /home/user/airflow/airflow_venv/lib/python3.10/site-packages/airflow/example_dags/example_external_task_marker_dag.py took 0.087 seconds
[2024-08-21T07:40:20.218+0700] {processor.py:186} INFO - Started process (PID=13163) to work on /home/user/airflow/airflow_venv/lib/python3.10/site-packages/airflow/example_dags/example_external_task_marker_dag.py
[2024-08-21T07:40:20.221+0700] {processor.py:914} INFO - Processing file /home/user/airflow/airflow_venv/lib/python3.10/site-packages/airflow/example_dags/example_external_task_marker_dag.py for tasks to queue
[2024-08-21T07:40:20.222+0700] {logging_mixin.py:190} INFO - [2024-08-21T07:40:20.222+0700] {dagbag.py:587} INFO - Filling up the DagBag from /home/user/airflow/airflow_venv/lib/python3.10/site-packages/airflow/example_dags/example_external_task_marker_dag.py
[2024-08-21T07:40:20.230+0700] {processor.py:925} INFO - DAG(s) 'example_external_task_marker_parent', 'example_external_task_marker_child' retrieved from /home/user/airflow/airflow_venv/lib/python3.10/site-packages/airflow/example_dags/example_external_task_marker_dag.py
[2024-08-21T07:40:20.244+0700] {logging_mixin.py:190} INFO - [2024-08-21T07:40:20.244+0700] {dag.py:3211} INFO - Sync 2 DAGs
[2024-08-21T07:40:20.258+0700] {logging_mixin.py:190} INFO - [2024-08-21T07:40:20.258+0700] {dag.py:4138} INFO - Setting next_dagrun for example_external_task_marker_child to None, run_after=None
[2024-08-21T07:40:20.264+0700] {logging_mixin.py:190} INFO - [2024-08-21T07:40:20.263+0700] {dag.py:4138} INFO - Setting next_dagrun for example_external_task_marker_parent to None, run_after=None
[2024-08-21T07:40:20.288+0700] {processor.py:208} INFO - Processing /home/user/airflow/airflow_venv/lib/python3.10/site-packages/airflow/example_dags/example_external_task_marker_dag.py took 0.074 seconds
[2024-08-21T07:41:29.712+0700] {processor.py:186} INFO - Started process (PID=13991) to work on /home/user/airflow/airflow_venv/lib/python3.10/site-packages/airflow/example_dags/example_external_task_marker_dag.py
[2024-08-21T07:41:29.713+0700] {processor.py:914} INFO - Processing file /home/user/airflow/airflow_venv/lib/python3.10/site-packages/airflow/example_dags/example_external_task_marker_dag.py for tasks to queue
[2024-08-21T07:41:29.715+0700] {logging_mixin.py:190} INFO - [2024-08-21T07:41:29.715+0700] {dagbag.py:587} INFO - Filling up the DagBag from /home/user/airflow/airflow_venv/lib/python3.10/site-packages/airflow/example_dags/example_external_task_marker_dag.py
[2024-08-21T07:41:29.722+0700] {processor.py:925} INFO - DAG(s) 'example_external_task_marker_child', 'example_external_task_marker_parent' retrieved from /home/user/airflow/airflow_venv/lib/python3.10/site-packages/airflow/example_dags/example_external_task_marker_dag.py
[2024-08-21T07:41:29.736+0700] {logging_mixin.py:190} INFO - [2024-08-21T07:41:29.736+0700] {dag.py:3211} INFO - Sync 2 DAGs
[2024-08-21T07:41:29.745+0700] {logging_mixin.py:190} INFO - [2024-08-21T07:41:29.744+0700] {dag.py:4138} INFO - Setting next_dagrun for example_external_task_marker_child to None, run_after=None
[2024-08-21T07:41:29.747+0700] {logging_mixin.py:190} INFO - [2024-08-21T07:41:29.747+0700] {dag.py:4138} INFO - Setting next_dagrun for example_external_task_marker_parent to None, run_after=None
[2024-08-21T07:41:29.761+0700] {processor.py:208} INFO - Processing /home/user/airflow/airflow_venv/lib/python3.10/site-packages/airflow/example_dags/example_external_task_marker_dag.py took 0.054 seconds
