[2024-08-21T07:20:58.636+0700] {processor.py:186} INFO - Started process (PID=1896) to work on /home/user/airflow/airflow_venv/lib/python3.10/site-packages/airflow/example_dags/example_params_trigger_ui.py
[2024-08-21T07:20:58.637+0700] {processor.py:914} INFO - Processing file /home/user/airflow/airflow_venv/lib/python3.10/site-packages/airflow/example_dags/example_params_trigger_ui.py for tasks to queue
[2024-08-21T07:20:58.639+0700] {logging_mixin.py:190} INFO - [2024-08-21T07:20:58.639+0700] {dagbag.py:587} INFO - Filling up the DagBag from /home/user/airflow/airflow_venv/lib/python3.10/site-packages/airflow/example_dags/example_params_trigger_ui.py
[2024-08-21T07:20:58.649+0700] {processor.py:925} INFO - DAG(s) 'example_params_trigger_ui' retrieved from /home/user/airflow/airflow_venv/lib/python3.10/site-packages/airflow/example_dags/example_params_trigger_ui.py
[2024-08-21T07:20:58.737+0700] {logging_mixin.py:190} INFO - [2024-08-21T07:20:58.737+0700] {dag.py:3211} INFO - Sync 1 DAGs
[2024-08-21T07:20:58.745+0700] {logging_mixin.py:190} INFO - [2024-08-21T07:20:58.745+0700] {dag.py:4138} INFO - Setting next_dagrun for example_params_trigger_ui to None, run_after=None
[2024-08-21T07:20:58.765+0700] {processor.py:208} INFO - Processing /home/user/airflow/airflow_venv/lib/python3.10/site-packages/airflow/example_dags/example_params_trigger_ui.py took 0.135 seconds
[2024-08-21T07:21:57.010+0700] {processor.py:186} INFO - Started process (PID=2357) to work on /home/user/airflow/airflow_venv/lib/python3.10/site-packages/airflow/example_dags/example_params_trigger_ui.py
[2024-08-21T07:21:57.012+0700] {processor.py:914} INFO - Processing file /home/user/airflow/airflow_venv/lib/python3.10/site-packages/airflow/example_dags/example_params_trigger_ui.py for tasks to queue
[2024-08-21T07:21:57.013+0700] {logging_mixin.py:190} INFO - [2024-08-21T07:21:57.013+0700] {dagbag.py:587} INFO - Filling up the DagBag from /home/user/airflow/airflow_venv/lib/python3.10/site-packages/airflow/example_dags/example_params_trigger_ui.py
[2024-08-21T07:21:57.026+0700] {processor.py:925} INFO - DAG(s) 'example_params_trigger_ui' retrieved from /home/user/airflow/airflow_venv/lib/python3.10/site-packages/airflow/example_dags/example_params_trigger_ui.py
[2024-08-21T07:21:57.058+0700] {logging_mixin.py:190} INFO - [2024-08-21T07:21:57.057+0700] {dag.py:3211} INFO - Sync 1 DAGs
[2024-08-21T07:21:57.067+0700] {logging_mixin.py:190} INFO - [2024-08-21T07:21:57.067+0700] {dag.py:4138} INFO - Setting next_dagrun for example_params_trigger_ui to None, run_after=None
[2024-08-21T07:21:57.094+0700] {processor.py:208} INFO - Processing /home/user/airflow/airflow_venv/lib/python3.10/site-packages/airflow/example_dags/example_params_trigger_ui.py took 0.088 seconds
[2024-08-21T07:23:53.947+0700] {processor.py:186} INFO - Started process (PID=3294) to work on /home/user/airflow/airflow_venv/lib/python3.10/site-packages/airflow/example_dags/example_params_trigger_ui.py
[2024-08-21T07:23:53.949+0700] {processor.py:914} INFO - Processing file /home/user/airflow/airflow_venv/lib/python3.10/site-packages/airflow/example_dags/example_params_trigger_ui.py for tasks to queue
[2024-08-21T07:23:53.951+0700] {logging_mixin.py:190} INFO - [2024-08-21T07:23:53.950+0700] {dagbag.py:587} INFO - Filling up the DagBag from /home/user/airflow/airflow_venv/lib/python3.10/site-packages/airflow/example_dags/example_params_trigger_ui.py
[2024-08-21T07:23:53.963+0700] {processor.py:925} INFO - DAG(s) 'example_params_trigger_ui' retrieved from /home/user/airflow/airflow_venv/lib/python3.10/site-packages/airflow/example_dags/example_params_trigger_ui.py
[2024-08-21T07:23:54.003+0700] {logging_mixin.py:190} INFO - [2024-08-21T07:23:54.003+0700] {dag.py:3211} INFO - Sync 1 DAGs
[2024-08-21T07:23:54.016+0700] {logging_mixin.py:190} INFO - [2024-08-21T07:23:54.016+0700] {dag.py:4138} INFO - Setting next_dagrun for example_params_trigger_ui to None, run_after=None
[2024-08-21T07:23:54.038+0700] {processor.py:208} INFO - Processing /home/user/airflow/airflow_venv/lib/python3.10/site-packages/airflow/example_dags/example_params_trigger_ui.py took 0.098 seconds
[2024-08-21T07:25:05.108+0700] {processor.py:186} INFO - Started process (PID=3867) to work on /home/user/airflow/airflow_venv/lib/python3.10/site-packages/airflow/example_dags/example_params_trigger_ui.py
[2024-08-21T07:25:05.114+0700] {processor.py:914} INFO - Processing file /home/user/airflow/airflow_venv/lib/python3.10/site-packages/airflow/example_dags/example_params_trigger_ui.py for tasks to queue
[2024-08-21T07:25:05.116+0700] {logging_mixin.py:190} INFO - [2024-08-21T07:25:05.116+0700] {dagbag.py:587} INFO - Filling up the DagBag from /home/user/airflow/airflow_venv/lib/python3.10/site-packages/airflow/example_dags/example_params_trigger_ui.py
[2024-08-21T07:25:05.124+0700] {processor.py:925} INFO - DAG(s) 'example_params_trigger_ui' retrieved from /home/user/airflow/airflow_venv/lib/python3.10/site-packages/airflow/example_dags/example_params_trigger_ui.py
[2024-08-21T07:25:05.153+0700] {logging_mixin.py:190} INFO - [2024-08-21T07:25:05.153+0700] {dag.py:3211} INFO - Sync 1 DAGs
[2024-08-21T07:25:05.163+0700] {logging_mixin.py:190} INFO - [2024-08-21T07:25:05.163+0700] {dag.py:4138} INFO - Setting next_dagrun for example_params_trigger_ui to None, run_after=None
[2024-08-21T07:25:05.184+0700] {processor.py:208} INFO - Processing /home/user/airflow/airflow_venv/lib/python3.10/site-packages/airflow/example_dags/example_params_trigger_ui.py took 0.081 seconds
[2024-08-21T07:26:00.769+0700] {processor.py:186} INFO - Started process (PID=4316) to work on /home/user/airflow/airflow_venv/lib/python3.10/site-packages/airflow/example_dags/example_params_trigger_ui.py
[2024-08-21T07:26:00.771+0700] {processor.py:914} INFO - Processing file /home/user/airflow/airflow_venv/lib/python3.10/site-packages/airflow/example_dags/example_params_trigger_ui.py for tasks to queue
[2024-08-21T07:26:00.773+0700] {logging_mixin.py:190} INFO - [2024-08-21T07:26:00.773+0700] {dagbag.py:587} INFO - Filling up the DagBag from /home/user/airflow/airflow_venv/lib/python3.10/site-packages/airflow/example_dags/example_params_trigger_ui.py
[2024-08-21T07:26:00.783+0700] {processor.py:925} INFO - DAG(s) 'example_params_trigger_ui' retrieved from /home/user/airflow/airflow_venv/lib/python3.10/site-packages/airflow/example_dags/example_params_trigger_ui.py
[2024-08-21T07:26:00.821+0700] {logging_mixin.py:190} INFO - [2024-08-21T07:26:00.821+0700] {dag.py:3211} INFO - Sync 1 DAGs
[2024-08-21T07:26:00.830+0700] {logging_mixin.py:190} INFO - [2024-08-21T07:26:00.830+0700] {dag.py:4138} INFO - Setting next_dagrun for example_params_trigger_ui to None, run_after=None
[2024-08-21T07:26:00.852+0700] {processor.py:208} INFO - Processing /home/user/airflow/airflow_venv/lib/python3.10/site-packages/airflow/example_dags/example_params_trigger_ui.py took 0.087 seconds
[2024-08-21T07:26:55.692+0700] {processor.py:186} INFO - Started process (PID=4749) to work on /home/user/airflow/airflow_venv/lib/python3.10/site-packages/airflow/example_dags/example_params_trigger_ui.py
[2024-08-21T07:26:55.693+0700] {processor.py:914} INFO - Processing file /home/user/airflow/airflow_venv/lib/python3.10/site-packages/airflow/example_dags/example_params_trigger_ui.py for tasks to queue
[2024-08-21T07:26:55.696+0700] {logging_mixin.py:190} INFO - [2024-08-21T07:26:55.695+0700] {dagbag.py:587} INFO - Filling up the DagBag from /home/user/airflow/airflow_venv/lib/python3.10/site-packages/airflow/example_dags/example_params_trigger_ui.py
[2024-08-21T07:26:55.707+0700] {processor.py:925} INFO - DAG(s) 'example_params_trigger_ui' retrieved from /home/user/airflow/airflow_venv/lib/python3.10/site-packages/airflow/example_dags/example_params_trigger_ui.py
[2024-08-21T07:26:55.747+0700] {logging_mixin.py:190} INFO - [2024-08-21T07:26:55.747+0700] {dag.py:3211} INFO - Sync 1 DAGs
[2024-08-21T07:26:55.760+0700] {logging_mixin.py:190} INFO - [2024-08-21T07:26:55.760+0700] {dag.py:4138} INFO - Setting next_dagrun for example_params_trigger_ui to None, run_after=None
[2024-08-21T07:26:55.783+0700] {processor.py:208} INFO - Processing /home/user/airflow/airflow_venv/lib/python3.10/site-packages/airflow/example_dags/example_params_trigger_ui.py took 0.098 seconds
[2024-08-21T07:27:47.645+0700] {processor.py:186} INFO - Started process (PID=5194) to work on /home/user/airflow/airflow_venv/lib/python3.10/site-packages/airflow/example_dags/example_params_trigger_ui.py
[2024-08-21T07:27:47.646+0700] {processor.py:914} INFO - Processing file /home/user/airflow/airflow_venv/lib/python3.10/site-packages/airflow/example_dags/example_params_trigger_ui.py for tasks to queue
[2024-08-21T07:27:47.648+0700] {logging_mixin.py:190} INFO - [2024-08-21T07:27:47.648+0700] {dagbag.py:587} INFO - Filling up the DagBag from /home/user/airflow/airflow_venv/lib/python3.10/site-packages/airflow/example_dags/example_params_trigger_ui.py
[2024-08-21T07:27:47.656+0700] {processor.py:925} INFO - DAG(s) 'example_params_trigger_ui' retrieved from /home/user/airflow/airflow_venv/lib/python3.10/site-packages/airflow/example_dags/example_params_trigger_ui.py
[2024-08-21T07:27:47.689+0700] {logging_mixin.py:190} INFO - [2024-08-21T07:27:47.689+0700] {dag.py:3211} INFO - Sync 1 DAGs
[2024-08-21T07:27:47.704+0700] {logging_mixin.py:190} INFO - [2024-08-21T07:27:47.704+0700] {dag.py:4138} INFO - Setting next_dagrun for example_params_trigger_ui to None, run_after=None
[2024-08-21T07:27:47.732+0700] {processor.py:208} INFO - Processing /home/user/airflow/airflow_venv/lib/python3.10/site-packages/airflow/example_dags/example_params_trigger_ui.py took 0.092 seconds
[2024-08-21T07:28:39.559+0700] {processor.py:186} INFO - Started process (PID=5605) to work on /home/user/airflow/airflow_venv/lib/python3.10/site-packages/airflow/example_dags/example_params_trigger_ui.py
[2024-08-21T07:28:39.561+0700] {processor.py:914} INFO - Processing file /home/user/airflow/airflow_venv/lib/python3.10/site-packages/airflow/example_dags/example_params_trigger_ui.py for tasks to queue
[2024-08-21T07:28:39.563+0700] {logging_mixin.py:190} INFO - [2024-08-21T07:28:39.562+0700] {dagbag.py:587} INFO - Filling up the DagBag from /home/user/airflow/airflow_venv/lib/python3.10/site-packages/airflow/example_dags/example_params_trigger_ui.py
[2024-08-21T07:28:39.572+0700] {processor.py:925} INFO - DAG(s) 'example_params_trigger_ui' retrieved from /home/user/airflow/airflow_venv/lib/python3.10/site-packages/airflow/example_dags/example_params_trigger_ui.py
[2024-08-21T07:28:39.604+0700] {logging_mixin.py:190} INFO - [2024-08-21T07:28:39.603+0700] {dag.py:3211} INFO - Sync 1 DAGs
[2024-08-21T07:28:39.613+0700] {logging_mixin.py:190} INFO - [2024-08-21T07:28:39.613+0700] {dag.py:4138} INFO - Setting next_dagrun for example_params_trigger_ui to None, run_after=None
[2024-08-21T07:28:39.633+0700] {processor.py:208} INFO - Processing /home/user/airflow/airflow_venv/lib/python3.10/site-packages/airflow/example_dags/example_params_trigger_ui.py took 0.080 seconds
[2024-08-21T07:29:31.309+0700] {processor.py:186} INFO - Started process (PID=6086) to work on /home/user/airflow/airflow_venv/lib/python3.10/site-packages/airflow/example_dags/example_params_trigger_ui.py
[2024-08-21T07:29:31.310+0700] {processor.py:914} INFO - Processing file /home/user/airflow/airflow_venv/lib/python3.10/site-packages/airflow/example_dags/example_params_trigger_ui.py for tasks to queue
[2024-08-21T07:29:31.312+0700] {logging_mixin.py:190} INFO - [2024-08-21T07:29:31.312+0700] {dagbag.py:587} INFO - Filling up the DagBag from /home/user/airflow/airflow_venv/lib/python3.10/site-packages/airflow/example_dags/example_params_trigger_ui.py
[2024-08-21T07:29:31.320+0700] {processor.py:925} INFO - DAG(s) 'example_params_trigger_ui' retrieved from /home/user/airflow/airflow_venv/lib/python3.10/site-packages/airflow/example_dags/example_params_trigger_ui.py
[2024-08-21T07:29:31.348+0700] {logging_mixin.py:190} INFO - [2024-08-21T07:29:31.348+0700] {dag.py:3211} INFO - Sync 1 DAGs
[2024-08-21T07:29:31.357+0700] {logging_mixin.py:190} INFO - [2024-08-21T07:29:31.357+0700] {dag.py:4138} INFO - Setting next_dagrun for example_params_trigger_ui to None, run_after=None
[2024-08-21T07:29:31.375+0700] {processor.py:208} INFO - Processing /home/user/airflow/airflow_venv/lib/python3.10/site-packages/airflow/example_dags/example_params_trigger_ui.py took 0.071 seconds
[2024-08-21T07:30:20.035+0700] {processor.py:186} INFO - Started process (PID=6543) to work on /home/user/airflow/airflow_venv/lib/python3.10/site-packages/airflow/example_dags/example_params_trigger_ui.py
[2024-08-21T07:30:20.042+0700] {processor.py:914} INFO - Processing file /home/user/airflow/airflow_venv/lib/python3.10/site-packages/airflow/example_dags/example_params_trigger_ui.py for tasks to queue
[2024-08-21T07:30:20.044+0700] {logging_mixin.py:190} INFO - [2024-08-21T07:30:20.043+0700] {dagbag.py:587} INFO - Filling up the DagBag from /home/user/airflow/airflow_venv/lib/python3.10/site-packages/airflow/example_dags/example_params_trigger_ui.py
[2024-08-21T07:30:20.053+0700] {processor.py:925} INFO - DAG(s) 'example_params_trigger_ui' retrieved from /home/user/airflow/airflow_venv/lib/python3.10/site-packages/airflow/example_dags/example_params_trigger_ui.py
[2024-08-21T07:30:20.083+0700] {logging_mixin.py:190} INFO - [2024-08-21T07:30:20.083+0700] {dag.py:3211} INFO - Sync 1 DAGs
[2024-08-21T07:30:20.093+0700] {logging_mixin.py:190} INFO - [2024-08-21T07:30:20.093+0700] {dag.py:4138} INFO - Setting next_dagrun for example_params_trigger_ui to None, run_after=None
[2024-08-21T07:30:20.111+0700] {processor.py:208} INFO - Processing /home/user/airflow/airflow_venv/lib/python3.10/site-packages/airflow/example_dags/example_params_trigger_ui.py took 0.080 seconds
[2024-08-21T07:31:32.417+0700] {processor.py:186} INFO - Started process (PID=7268) to work on /home/user/airflow/airflow_venv/lib/python3.10/site-packages/airflow/example_dags/example_params_trigger_ui.py
[2024-08-21T07:31:32.418+0700] {processor.py:914} INFO - Processing file /home/user/airflow/airflow_venv/lib/python3.10/site-packages/airflow/example_dags/example_params_trigger_ui.py for tasks to queue
[2024-08-21T07:31:32.421+0700] {logging_mixin.py:190} INFO - [2024-08-21T07:31:32.420+0700] {dagbag.py:587} INFO - Filling up the DagBag from /home/user/airflow/airflow_venv/lib/python3.10/site-packages/airflow/example_dags/example_params_trigger_ui.py
[2024-08-21T07:31:32.430+0700] {processor.py:925} INFO - DAG(s) 'example_params_trigger_ui' retrieved from /home/user/airflow/airflow_venv/lib/python3.10/site-packages/airflow/example_dags/example_params_trigger_ui.py
[2024-08-21T07:31:32.464+0700] {logging_mixin.py:190} INFO - [2024-08-21T07:31:32.464+0700] {dag.py:3211} INFO - Sync 1 DAGs
[2024-08-21T07:31:32.475+0700] {logging_mixin.py:190} INFO - [2024-08-21T07:31:32.475+0700] {dag.py:4138} INFO - Setting next_dagrun for example_params_trigger_ui to None, run_after=None
[2024-08-21T07:31:32.496+0700] {processor.py:208} INFO - Processing /home/user/airflow/airflow_venv/lib/python3.10/site-packages/airflow/example_dags/example_params_trigger_ui.py took 0.086 seconds
[2024-08-21T07:32:48.404+0700] {processor.py:186} INFO - Started process (PID=7981) to work on /home/user/airflow/airflow_venv/lib/python3.10/site-packages/airflow/example_dags/example_params_trigger_ui.py
[2024-08-21T07:32:48.410+0700] {processor.py:914} INFO - Processing file /home/user/airflow/airflow_venv/lib/python3.10/site-packages/airflow/example_dags/example_params_trigger_ui.py for tasks to queue
[2024-08-21T07:32:48.412+0700] {logging_mixin.py:190} INFO - [2024-08-21T07:32:48.412+0700] {dagbag.py:587} INFO - Filling up the DagBag from /home/user/airflow/airflow_venv/lib/python3.10/site-packages/airflow/example_dags/example_params_trigger_ui.py
[2024-08-21T07:32:48.421+0700] {processor.py:925} INFO - DAG(s) 'example_params_trigger_ui' retrieved from /home/user/airflow/airflow_venv/lib/python3.10/site-packages/airflow/example_dags/example_params_trigger_ui.py
[2024-08-21T07:32:48.449+0700] {logging_mixin.py:190} INFO - [2024-08-21T07:32:48.449+0700] {dag.py:3211} INFO - Sync 1 DAGs
[2024-08-21T07:32:48.461+0700] {logging_mixin.py:190} INFO - [2024-08-21T07:32:48.461+0700] {dag.py:4138} INFO - Setting next_dagrun for example_params_trigger_ui to None, run_after=None
[2024-08-21T07:32:48.486+0700] {processor.py:208} INFO - Processing /home/user/airflow/airflow_venv/lib/python3.10/site-packages/airflow/example_dags/example_params_trigger_ui.py took 0.088 seconds
