[2024-08-21T07:20:32.400+0700] {processor.py:186} INFO - Started process (PID=1690) to work on /home/user/airflow/airflow_venv/lib/python3.10/site-packages/airflow/example_dags/example_task_group.py
[2024-08-21T07:20:32.401+0700] {processor.py:914} INFO - Processing file /home/user/airflow/airflow_venv/lib/python3.10/site-packages/airflow/example_dags/example_task_group.py for tasks to queue
[2024-08-21T07:20:32.403+0700] {logging_mixin.py:190} INFO - [2024-08-21T07:20:32.403+0700] {dagbag.py:587} INFO - Filling up the DagBag from /home/user/airflow/airflow_venv/lib/python3.10/site-packages/airflow/example_dags/example_task_group.py
[2024-08-21T07:20:32.413+0700] {processor.py:925} INFO - DAG(s) 'example_task_group' retrieved from /home/user/airflow/airflow_venv/lib/python3.10/site-packages/airflow/example_dags/example_task_group.py
[2024-08-21T07:20:32.483+0700] {logging_mixin.py:190} INFO - [2024-08-21T07:20:32.483+0700] {dag.py:3211} INFO - Sync 1 DAGs
[2024-08-21T07:20:32.494+0700] {logging_mixin.py:190} INFO - [2024-08-21T07:20:32.494+0700] {dag.py:4138} INFO - Setting next_dagrun for example_task_group to 2024-08-20 00:00:00+00:00, run_after=2024-08-21 00:00:00+00:00
[2024-08-21T07:20:32.515+0700] {processor.py:208} INFO - Processing /home/user/airflow/airflow_venv/lib/python3.10/site-packages/airflow/example_dags/example_task_group.py took 0.118 seconds
[2024-08-21T07:21:31.985+0700] {processor.py:186} INFO - Started process (PID=2160) to work on /home/user/airflow/airflow_venv/lib/python3.10/site-packages/airflow/example_dags/example_task_group.py
[2024-08-21T07:21:31.987+0700] {processor.py:914} INFO - Processing file /home/user/airflow/airflow_venv/lib/python3.10/site-packages/airflow/example_dags/example_task_group.py for tasks to queue
[2024-08-21T07:21:31.989+0700] {logging_mixin.py:190} INFO - [2024-08-21T07:21:31.988+0700] {dagbag.py:587} INFO - Filling up the DagBag from /home/user/airflow/airflow_venv/lib/python3.10/site-packages/airflow/example_dags/example_task_group.py
[2024-08-21T07:21:31.996+0700] {processor.py:925} INFO - DAG(s) 'example_task_group' retrieved from /home/user/airflow/airflow_venv/lib/python3.10/site-packages/airflow/example_dags/example_task_group.py
[2024-08-21T07:21:32.010+0700] {logging_mixin.py:190} INFO - [2024-08-21T07:21:32.010+0700] {dag.py:3211} INFO - Sync 1 DAGs
[2024-08-21T07:21:32.029+0700] {logging_mixin.py:190} INFO - [2024-08-21T07:21:32.029+0700] {dag.py:4138} INFO - Setting next_dagrun for example_task_group to 2024-08-20 00:00:00+00:00, run_after=2024-08-21 00:00:00+00:00
[2024-08-21T07:21:32.050+0700] {processor.py:208} INFO - Processing /home/user/airflow/airflow_venv/lib/python3.10/site-packages/airflow/example_dags/example_task_group.py took 0.069 seconds
[2024-08-21T07:22:41.414+0700] {processor.py:186} INFO - Started process (PID=2712) to work on /home/user/airflow/airflow_venv/lib/python3.10/site-packages/airflow/example_dags/example_task_group.py
[2024-08-21T07:22:41.416+0700] {processor.py:914} INFO - Processing file /home/user/airflow/airflow_venv/lib/python3.10/site-packages/airflow/example_dags/example_task_group.py for tasks to queue
[2024-08-21T07:22:41.419+0700] {logging_mixin.py:190} INFO - [2024-08-21T07:22:41.419+0700] {dagbag.py:587} INFO - Filling up the DagBag from /home/user/airflow/airflow_venv/lib/python3.10/site-packages/airflow/example_dags/example_task_group.py
[2024-08-21T07:22:41.429+0700] {processor.py:925} INFO - DAG(s) 'example_task_group' retrieved from /home/user/airflow/airflow_venv/lib/python3.10/site-packages/airflow/example_dags/example_task_group.py
[2024-08-21T07:22:41.447+0700] {logging_mixin.py:190} INFO - [2024-08-21T07:22:41.446+0700] {dag.py:3211} INFO - Sync 1 DAGs
[2024-08-21T07:22:41.465+0700] {logging_mixin.py:190} INFO - [2024-08-21T07:22:41.465+0700] {dag.py:4138} INFO - Setting next_dagrun for example_task_group to 2024-08-20 00:00:00+00:00, run_after=2024-08-21 00:00:00+00:00
[2024-08-21T07:22:41.487+0700] {processor.py:208} INFO - Processing /home/user/airflow/airflow_venv/lib/python3.10/site-packages/airflow/example_dags/example_task_group.py took 0.079 seconds
[2024-08-21T07:23:28.259+0700] {processor.py:186} INFO - Started process (PID=3083) to work on /home/user/airflow/airflow_venv/lib/python3.10/site-packages/airflow/example_dags/example_task_group.py
[2024-08-21T07:23:28.260+0700] {processor.py:914} INFO - Processing file /home/user/airflow/airflow_venv/lib/python3.10/site-packages/airflow/example_dags/example_task_group.py for tasks to queue
[2024-08-21T07:23:28.263+0700] {logging_mixin.py:190} INFO - [2024-08-21T07:23:28.262+0700] {dagbag.py:587} INFO - Filling up the DagBag from /home/user/airflow/airflow_venv/lib/python3.10/site-packages/airflow/example_dags/example_task_group.py
[2024-08-21T07:23:28.269+0700] {processor.py:925} INFO - DAG(s) 'example_task_group' retrieved from /home/user/airflow/airflow_venv/lib/python3.10/site-packages/airflow/example_dags/example_task_group.py
[2024-08-21T07:23:28.285+0700] {logging_mixin.py:190} INFO - [2024-08-21T07:23:28.284+0700] {dag.py:3211} INFO - Sync 1 DAGs
[2024-08-21T07:23:28.299+0700] {logging_mixin.py:190} INFO - [2024-08-21T07:23:28.299+0700] {dag.py:4138} INFO - Setting next_dagrun for example_task_group to 2024-08-20 00:00:00+00:00, run_after=2024-08-21 00:00:00+00:00
[2024-08-21T07:23:28.317+0700] {processor.py:208} INFO - Processing /home/user/airflow/airflow_venv/lib/python3.10/site-packages/airflow/example_dags/example_task_group.py took 0.064 seconds
[2024-08-21T07:24:33.818+0700] {processor.py:186} INFO - Started process (PID=3617) to work on /home/user/airflow/airflow_venv/lib/python3.10/site-packages/airflow/example_dags/example_task_group.py
[2024-08-21T07:24:33.819+0700] {processor.py:914} INFO - Processing file /home/user/airflow/airflow_venv/lib/python3.10/site-packages/airflow/example_dags/example_task_group.py for tasks to queue
[2024-08-21T07:24:33.822+0700] {logging_mixin.py:190} INFO - [2024-08-21T07:24:33.821+0700] {dagbag.py:587} INFO - Filling up the DagBag from /home/user/airflow/airflow_venv/lib/python3.10/site-packages/airflow/example_dags/example_task_group.py
[2024-08-21T07:24:33.830+0700] {processor.py:925} INFO - DAG(s) 'example_task_group' retrieved from /home/user/airflow/airflow_venv/lib/python3.10/site-packages/airflow/example_dags/example_task_group.py
[2024-08-21T07:24:33.844+0700] {logging_mixin.py:190} INFO - [2024-08-21T07:24:33.844+0700] {dag.py:3211} INFO - Sync 1 DAGs
[2024-08-21T07:24:33.860+0700] {logging_mixin.py:190} INFO - [2024-08-21T07:24:33.859+0700] {dag.py:4138} INFO - Setting next_dagrun for example_task_group to 2024-08-20 00:00:00+00:00, run_after=2024-08-21 00:00:00+00:00
[2024-08-21T07:24:33.888+0700] {processor.py:208} INFO - Processing /home/user/airflow/airflow_venv/lib/python3.10/site-packages/airflow/example_dags/example_task_group.py took 0.077 seconds
[2024-08-21T07:25:30.734+0700] {processor.py:186} INFO - Started process (PID=4077) to work on /home/user/airflow/airflow_venv/lib/python3.10/site-packages/airflow/example_dags/example_task_group.py
[2024-08-21T07:25:30.736+0700] {processor.py:914} INFO - Processing file /home/user/airflow/airflow_venv/lib/python3.10/site-packages/airflow/example_dags/example_task_group.py for tasks to queue
[2024-08-21T07:25:30.737+0700] {logging_mixin.py:190} INFO - [2024-08-21T07:25:30.737+0700] {dagbag.py:587} INFO - Filling up the DagBag from /home/user/airflow/airflow_venv/lib/python3.10/site-packages/airflow/example_dags/example_task_group.py
[2024-08-21T07:25:30.746+0700] {processor.py:925} INFO - DAG(s) 'example_task_group' retrieved from /home/user/airflow/airflow_venv/lib/python3.10/site-packages/airflow/example_dags/example_task_group.py
[2024-08-21T07:25:30.761+0700] {logging_mixin.py:190} INFO - [2024-08-21T07:25:30.761+0700] {dag.py:3211} INFO - Sync 1 DAGs
[2024-08-21T07:25:30.780+0700] {logging_mixin.py:190} INFO - [2024-08-21T07:25:30.780+0700] {dag.py:4138} INFO - Setting next_dagrun for example_task_group to 2024-08-20 00:00:00+00:00, run_after=2024-08-21 00:00:00+00:00
[2024-08-21T07:25:30.802+0700] {processor.py:208} INFO - Processing /home/user/airflow/airflow_venv/lib/python3.10/site-packages/airflow/example_dags/example_task_group.py took 0.074 seconds
[2024-08-21T07:26:23.479+0700] {processor.py:186} INFO - Started process (PID=4493) to work on /home/user/airflow/airflow_venv/lib/python3.10/site-packages/airflow/example_dags/example_task_group.py
[2024-08-21T07:26:23.480+0700] {processor.py:914} INFO - Processing file /home/user/airflow/airflow_venv/lib/python3.10/site-packages/airflow/example_dags/example_task_group.py for tasks to queue
[2024-08-21T07:26:23.482+0700] {logging_mixin.py:190} INFO - [2024-08-21T07:26:23.482+0700] {dagbag.py:587} INFO - Filling up the DagBag from /home/user/airflow/airflow_venv/lib/python3.10/site-packages/airflow/example_dags/example_task_group.py
[2024-08-21T07:26:23.489+0700] {processor.py:925} INFO - DAG(s) 'example_task_group' retrieved from /home/user/airflow/airflow_venv/lib/python3.10/site-packages/airflow/example_dags/example_task_group.py
[2024-08-21T07:26:23.502+0700] {logging_mixin.py:190} INFO - [2024-08-21T07:26:23.502+0700] {dag.py:3211} INFO - Sync 1 DAGs
[2024-08-21T07:26:23.516+0700] {logging_mixin.py:190} INFO - [2024-08-21T07:26:23.515+0700] {dag.py:4138} INFO - Setting next_dagrun for example_task_group to 2024-08-20 00:00:00+00:00, run_after=2024-08-21 00:00:00+00:00
[2024-08-21T07:26:23.532+0700] {processor.py:208} INFO - Processing /home/user/airflow/airflow_venv/lib/python3.10/site-packages/airflow/example_dags/example_task_group.py took 0.057 seconds
[2024-08-21T07:27:15.092+0700] {processor.py:186} INFO - Started process (PID=4905) to work on /home/user/airflow/airflow_venv/lib/python3.10/site-packages/airflow/example_dags/example_task_group.py
[2024-08-21T07:27:15.094+0700] {processor.py:914} INFO - Processing file /home/user/airflow/airflow_venv/lib/python3.10/site-packages/airflow/example_dags/example_task_group.py for tasks to queue
[2024-08-21T07:27:15.095+0700] {logging_mixin.py:190} INFO - [2024-08-21T07:27:15.095+0700] {dagbag.py:587} INFO - Filling up the DagBag from /home/user/airflow/airflow_venv/lib/python3.10/site-packages/airflow/example_dags/example_task_group.py
[2024-08-21T07:27:15.105+0700] {processor.py:925} INFO - DAG(s) 'example_task_group' retrieved from /home/user/airflow/airflow_venv/lib/python3.10/site-packages/airflow/example_dags/example_task_group.py
[2024-08-21T07:27:15.118+0700] {logging_mixin.py:190} INFO - [2024-08-21T07:27:15.118+0700] {dag.py:3211} INFO - Sync 1 DAGs
[2024-08-21T07:27:15.131+0700] {logging_mixin.py:190} INFO - [2024-08-21T07:27:15.131+0700] {dag.py:4138} INFO - Setting next_dagrun for example_task_group to 2024-08-20 00:00:00+00:00, run_after=2024-08-21 00:00:00+00:00
[2024-08-21T07:27:15.148+0700] {processor.py:208} INFO - Processing /home/user/airflow/airflow_venv/lib/python3.10/site-packages/airflow/example_dags/example_task_group.py took 0.061 seconds
[2024-08-21T07:28:06.788+0700] {processor.py:186} INFO - Started process (PID=5345) to work on /home/user/airflow/airflow_venv/lib/python3.10/site-packages/airflow/example_dags/example_task_group.py
[2024-08-21T07:28:06.790+0700] {processor.py:914} INFO - Processing file /home/user/airflow/airflow_venv/lib/python3.10/site-packages/airflow/example_dags/example_task_group.py for tasks to queue
[2024-08-21T07:28:06.792+0700] {logging_mixin.py:190} INFO - [2024-08-21T07:28:06.791+0700] {dagbag.py:587} INFO - Filling up the DagBag from /home/user/airflow/airflow_venv/lib/python3.10/site-packages/airflow/example_dags/example_task_group.py
[2024-08-21T07:28:06.799+0700] {processor.py:925} INFO - DAG(s) 'example_task_group' retrieved from /home/user/airflow/airflow_venv/lib/python3.10/site-packages/airflow/example_dags/example_task_group.py
[2024-08-21T07:28:06.816+0700] {logging_mixin.py:190} INFO - [2024-08-21T07:28:06.816+0700] {dag.py:3211} INFO - Sync 1 DAGs
[2024-08-21T07:28:06.834+0700] {logging_mixin.py:190} INFO - [2024-08-21T07:28:06.834+0700] {dag.py:4138} INFO - Setting next_dagrun for example_task_group to 2024-08-20 00:00:00+00:00, run_after=2024-08-21 00:00:00+00:00
[2024-08-21T07:28:06.859+0700] {processor.py:208} INFO - Processing /home/user/airflow/airflow_venv/lib/python3.10/site-packages/airflow/example_dags/example_task_group.py took 0.076 seconds
[2024-08-21T07:28:58.608+0700] {processor.py:186} INFO - Started process (PID=5829) to work on /home/user/airflow/airflow_venv/lib/python3.10/site-packages/airflow/example_dags/example_task_group.py
[2024-08-21T07:28:58.610+0700] {processor.py:914} INFO - Processing file /home/user/airflow/airflow_venv/lib/python3.10/site-packages/airflow/example_dags/example_task_group.py for tasks to queue
[2024-08-21T07:28:58.612+0700] {logging_mixin.py:190} INFO - [2024-08-21T07:28:58.611+0700] {dagbag.py:587} INFO - Filling up the DagBag from /home/user/airflow/airflow_venv/lib/python3.10/site-packages/airflow/example_dags/example_task_group.py
[2024-08-21T07:28:58.619+0700] {processor.py:925} INFO - DAG(s) 'example_task_group' retrieved from /home/user/airflow/airflow_venv/lib/python3.10/site-packages/airflow/example_dags/example_task_group.py
[2024-08-21T07:28:58.638+0700] {logging_mixin.py:190} INFO - [2024-08-21T07:28:58.638+0700] {dag.py:3211} INFO - Sync 1 DAGs
[2024-08-21T07:28:58.665+0700] {logging_mixin.py:190} INFO - [2024-08-21T07:28:58.664+0700] {dag.py:4138} INFO - Setting next_dagrun for example_task_group to 2024-08-20 00:00:00+00:00, run_after=2024-08-21 00:00:00+00:00
[2024-08-21T07:28:58.687+0700] {processor.py:208} INFO - Processing /home/user/airflow/airflow_venv/lib/python3.10/site-packages/airflow/example_dags/example_task_group.py took 0.085 seconds
[2024-08-21T07:29:48.173+0700] {processor.py:186} INFO - Started process (PID=6248) to work on /home/user/airflow/airflow_venv/lib/python3.10/site-packages/airflow/example_dags/example_task_group.py
[2024-08-21T07:29:48.175+0700] {processor.py:914} INFO - Processing file /home/user/airflow/airflow_venv/lib/python3.10/site-packages/airflow/example_dags/example_task_group.py for tasks to queue
[2024-08-21T07:29:48.177+0700] {logging_mixin.py:190} INFO - [2024-08-21T07:29:48.176+0700] {dagbag.py:587} INFO - Filling up the DagBag from /home/user/airflow/airflow_venv/lib/python3.10/site-packages/airflow/example_dags/example_task_group.py
[2024-08-21T07:29:48.184+0700] {processor.py:925} INFO - DAG(s) 'example_task_group' retrieved from /home/user/airflow/airflow_venv/lib/python3.10/site-packages/airflow/example_dags/example_task_group.py
[2024-08-21T07:29:48.198+0700] {logging_mixin.py:190} INFO - [2024-08-21T07:29:48.198+0700] {dag.py:3211} INFO - Sync 1 DAGs
[2024-08-21T07:29:48.211+0700] {logging_mixin.py:190} INFO - [2024-08-21T07:29:48.211+0700] {dag.py:4138} INFO - Setting next_dagrun for example_task_group to 2024-08-20 00:00:00+00:00, run_after=2024-08-21 00:00:00+00:00
[2024-08-21T07:29:48.227+0700] {processor.py:208} INFO - Processing /home/user/airflow/airflow_venv/lib/python3.10/site-packages/airflow/example_dags/example_task_group.py took 0.065 seconds
[2024-08-21T07:30:38.829+0700] {processor.py:186} INFO - Started process (PID=6688) to work on /home/user/airflow/airflow_venv/lib/python3.10/site-packages/airflow/example_dags/example_task_group.py
[2024-08-21T07:30:38.831+0700] {processor.py:914} INFO - Processing file /home/user/airflow/airflow_venv/lib/python3.10/site-packages/airflow/example_dags/example_task_group.py for tasks to queue
[2024-08-21T07:30:38.833+0700] {logging_mixin.py:190} INFO - [2024-08-21T07:30:38.833+0700] {dagbag.py:587} INFO - Filling up the DagBag from /home/user/airflow/airflow_venv/lib/python3.10/site-packages/airflow/example_dags/example_task_group.py
[2024-08-21T07:30:38.841+0700] {processor.py:925} INFO - DAG(s) 'example_task_group' retrieved from /home/user/airflow/airflow_venv/lib/python3.10/site-packages/airflow/example_dags/example_task_group.py
[2024-08-21T07:30:38.858+0700] {logging_mixin.py:190} INFO - [2024-08-21T07:30:38.857+0700] {dag.py:3211} INFO - Sync 1 DAGs
[2024-08-21T07:30:38.875+0700] {logging_mixin.py:190} INFO - [2024-08-21T07:30:38.875+0700] {dag.py:4138} INFO - Setting next_dagrun for example_task_group to 2024-08-20 00:00:00+00:00, run_after=2024-08-21 00:00:00+00:00
[2024-08-21T07:30:38.899+0700] {processor.py:208} INFO - Processing /home/user/airflow/airflow_venv/lib/python3.10/site-packages/airflow/example_dags/example_task_group.py took 0.076 seconds
[2024-08-21T07:31:26.116+0700] {processor.py:186} INFO - Started process (PID=7199) to work on /home/user/airflow/airflow_venv/lib/python3.10/site-packages/airflow/example_dags/example_task_group.py
[2024-08-21T07:31:26.118+0700] {processor.py:914} INFO - Processing file /home/user/airflow/airflow_venv/lib/python3.10/site-packages/airflow/example_dags/example_task_group.py for tasks to queue
[2024-08-21T07:31:26.121+0700] {logging_mixin.py:190} INFO - [2024-08-21T07:31:26.121+0700] {dagbag.py:587} INFO - Filling up the DagBag from /home/user/airflow/airflow_venv/lib/python3.10/site-packages/airflow/example_dags/example_task_group.py
[2024-08-21T07:31:26.134+0700] {processor.py:925} INFO - DAG(s) 'example_task_group' retrieved from /home/user/airflow/airflow_venv/lib/python3.10/site-packages/airflow/example_dags/example_task_group.py
[2024-08-21T07:31:26.155+0700] {logging_mixin.py:190} INFO - [2024-08-21T07:31:26.155+0700] {dag.py:3211} INFO - Sync 1 DAGs
[2024-08-21T07:31:26.175+0700] {logging_mixin.py:190} INFO - [2024-08-21T07:31:26.175+0700] {dag.py:4138} INFO - Setting next_dagrun for example_task_group to 2024-08-20 00:00:00+00:00, run_after=2024-08-21 00:00:00+00:00
[2024-08-21T07:31:26.194+0700] {processor.py:208} INFO - Processing /home/user/airflow/airflow_venv/lib/python3.10/site-packages/airflow/example_dags/example_task_group.py took 0.085 seconds
[2024-08-21T07:32:14.660+0700] {processor.py:186} INFO - Started process (PID=7632) to work on /home/user/airflow/airflow_venv/lib/python3.10/site-packages/airflow/example_dags/example_task_group.py
[2024-08-21T07:32:14.662+0700] {processor.py:914} INFO - Processing file /home/user/airflow/airflow_venv/lib/python3.10/site-packages/airflow/example_dags/example_task_group.py for tasks to queue
[2024-08-21T07:32:14.664+0700] {logging_mixin.py:190} INFO - [2024-08-21T07:32:14.664+0700] {dagbag.py:587} INFO - Filling up the DagBag from /home/user/airflow/airflow_venv/lib/python3.10/site-packages/airflow/example_dags/example_task_group.py
[2024-08-21T07:32:14.675+0700] {processor.py:925} INFO - DAG(s) 'example_task_group' retrieved from /home/user/airflow/airflow_venv/lib/python3.10/site-packages/airflow/example_dags/example_task_group.py
[2024-08-21T07:32:14.692+0700] {logging_mixin.py:190} INFO - [2024-08-21T07:32:14.692+0700] {dag.py:3211} INFO - Sync 1 DAGs
[2024-08-21T07:32:14.710+0700] {logging_mixin.py:190} INFO - [2024-08-21T07:32:14.710+0700] {dag.py:4138} INFO - Setting next_dagrun for example_task_group to 2024-08-20 00:00:00+00:00, run_after=2024-08-21 00:00:00+00:00
[2024-08-21T07:32:14.729+0700] {processor.py:208} INFO - Processing /home/user/airflow/airflow_venv/lib/python3.10/site-packages/airflow/example_dags/example_task_group.py took 0.073 seconds
[2024-08-21T07:33:05.335+0700] {processor.py:186} INFO - Started process (PID=8161) to work on /home/user/airflow/airflow_venv/lib/python3.10/site-packages/airflow/example_dags/example_task_group.py
[2024-08-21T07:33:05.337+0700] {processor.py:914} INFO - Processing file /home/user/airflow/airflow_venv/lib/python3.10/site-packages/airflow/example_dags/example_task_group.py for tasks to queue
[2024-08-21T07:33:05.339+0700] {logging_mixin.py:190} INFO - [2024-08-21T07:33:05.338+0700] {dagbag.py:587} INFO - Filling up the DagBag from /home/user/airflow/airflow_venv/lib/python3.10/site-packages/airflow/example_dags/example_task_group.py
[2024-08-21T07:33:05.346+0700] {processor.py:925} INFO - DAG(s) 'example_task_group' retrieved from /home/user/airflow/airflow_venv/lib/python3.10/site-packages/airflow/example_dags/example_task_group.py
[2024-08-21T07:33:05.362+0700] {logging_mixin.py:190} INFO - [2024-08-21T07:33:05.362+0700] {dag.py:3211} INFO - Sync 1 DAGs
[2024-08-21T07:33:05.381+0700] {logging_mixin.py:190} INFO - [2024-08-21T07:33:05.381+0700] {dag.py:4138} INFO - Setting next_dagrun for example_task_group to 2024-08-20 00:00:00+00:00, run_after=2024-08-21 00:00:00+00:00
[2024-08-21T07:33:05.400+0700] {processor.py:208} INFO - Processing /home/user/airflow/airflow_venv/lib/python3.10/site-packages/airflow/example_dags/example_task_group.py took 0.070 seconds
[2024-08-21T07:33:58.687+0700] {processor.py:186} INFO - Started process (PID=8645) to work on /home/user/airflow/airflow_venv/lib/python3.10/site-packages/airflow/example_dags/example_task_group.py
[2024-08-21T07:33:58.688+0700] {processor.py:914} INFO - Processing file /home/user/airflow/airflow_venv/lib/python3.10/site-packages/airflow/example_dags/example_task_group.py for tasks to queue
[2024-08-21T07:33:58.691+0700] {logging_mixin.py:190} INFO - [2024-08-21T07:33:58.690+0700] {dagbag.py:587} INFO - Filling up the DagBag from /home/user/airflow/airflow_venv/lib/python3.10/site-packages/airflow/example_dags/example_task_group.py
[2024-08-21T07:33:58.700+0700] {processor.py:925} INFO - DAG(s) 'example_task_group' retrieved from /home/user/airflow/airflow_venv/lib/python3.10/site-packages/airflow/example_dags/example_task_group.py
[2024-08-21T07:33:58.715+0700] {logging_mixin.py:190} INFO - [2024-08-21T07:33:58.715+0700] {dag.py:3211} INFO - Sync 1 DAGs
[2024-08-21T07:33:58.730+0700] {logging_mixin.py:190} INFO - [2024-08-21T07:33:58.730+0700] {dag.py:4138} INFO - Setting next_dagrun for example_task_group to 2024-08-20 00:00:00+00:00, run_after=2024-08-21 00:00:00+00:00
[2024-08-21T07:33:58.748+0700] {processor.py:208} INFO - Processing /home/user/airflow/airflow_venv/lib/python3.10/site-packages/airflow/example_dags/example_task_group.py took 0.066 seconds
[2024-08-21T07:34:53.349+0700] {processor.py:186} INFO - Started process (PID=9738) to work on /home/user/airflow/airflow_venv/lib/python3.10/site-packages/airflow/example_dags/example_task_group.py
[2024-08-21T07:34:53.352+0700] {processor.py:914} INFO - Processing file /home/user/airflow/airflow_venv/lib/python3.10/site-packages/airflow/example_dags/example_task_group.py for tasks to queue
[2024-08-21T07:34:53.354+0700] {logging_mixin.py:190} INFO - [2024-08-21T07:34:53.353+0700] {dagbag.py:587} INFO - Filling up the DagBag from /home/user/airflow/airflow_venv/lib/python3.10/site-packages/airflow/example_dags/example_task_group.py
[2024-08-21T07:34:53.361+0700] {processor.py:925} INFO - DAG(s) 'example_task_group' retrieved from /home/user/airflow/airflow_venv/lib/python3.10/site-packages/airflow/example_dags/example_task_group.py
[2024-08-21T07:34:53.373+0700] {logging_mixin.py:190} INFO - [2024-08-21T07:34:53.373+0700] {dag.py:3211} INFO - Sync 1 DAGs
[2024-08-21T07:34:53.386+0700] {logging_mixin.py:190} INFO - [2024-08-21T07:34:53.386+0700] {dag.py:4138} INFO - Setting next_dagrun for example_task_group to 2024-08-20 00:00:00+00:00, run_after=2024-08-21 00:00:00+00:00
[2024-08-21T07:34:53.405+0700] {processor.py:208} INFO - Processing /home/user/airflow/airflow_venv/lib/python3.10/site-packages/airflow/example_dags/example_task_group.py took 0.061 seconds
[2024-08-21T07:35:43.424+0700] {processor.py:186} INFO - Started process (PID=10253) to work on /home/user/airflow/airflow_venv/lib/python3.10/site-packages/airflow/example_dags/example_task_group.py
[2024-08-21T07:35:43.426+0700] {processor.py:914} INFO - Processing file /home/user/airflow/airflow_venv/lib/python3.10/site-packages/airflow/example_dags/example_task_group.py for tasks to queue
[2024-08-21T07:35:43.429+0700] {logging_mixin.py:190} INFO - [2024-08-21T07:35:43.428+0700] {dagbag.py:587} INFO - Filling up the DagBag from /home/user/airflow/airflow_venv/lib/python3.10/site-packages/airflow/example_dags/example_task_group.py
[2024-08-21T07:35:43.437+0700] {processor.py:925} INFO - DAG(s) 'example_task_group' retrieved from /home/user/airflow/airflow_venv/lib/python3.10/site-packages/airflow/example_dags/example_task_group.py
[2024-08-21T07:35:43.454+0700] {logging_mixin.py:190} INFO - [2024-08-21T07:35:43.454+0700] {dag.py:3211} INFO - Sync 1 DAGs
[2024-08-21T07:35:43.471+0700] {logging_mixin.py:190} INFO - [2024-08-21T07:35:43.470+0700] {dag.py:4138} INFO - Setting next_dagrun for example_task_group to 2024-08-20 00:00:00+00:00, run_after=2024-08-21 00:00:00+00:00
[2024-08-21T07:35:43.488+0700] {processor.py:208} INFO - Processing /home/user/airflow/airflow_venv/lib/python3.10/site-packages/airflow/example_dags/example_task_group.py took 0.070 seconds
[2024-08-21T07:36:37.390+0700] {processor.py:186} INFO - Started process (PID=10762) to work on /home/user/airflow/airflow_venv/lib/python3.10/site-packages/airflow/example_dags/example_task_group.py
[2024-08-21T07:36:37.396+0700] {processor.py:914} INFO - Processing file /home/user/airflow/airflow_venv/lib/python3.10/site-packages/airflow/example_dags/example_task_group.py for tasks to queue
[2024-08-21T07:36:37.398+0700] {logging_mixin.py:190} INFO - [2024-08-21T07:36:37.398+0700] {dagbag.py:587} INFO - Filling up the DagBag from /home/user/airflow/airflow_venv/lib/python3.10/site-packages/airflow/example_dags/example_task_group.py
[2024-08-21T07:36:37.405+0700] {processor.py:925} INFO - DAG(s) 'example_task_group' retrieved from /home/user/airflow/airflow_venv/lib/python3.10/site-packages/airflow/example_dags/example_task_group.py
[2024-08-21T07:36:37.418+0700] {logging_mixin.py:190} INFO - [2024-08-21T07:36:37.418+0700] {dag.py:3211} INFO - Sync 1 DAGs
[2024-08-21T07:36:37.432+0700] {logging_mixin.py:190} INFO - [2024-08-21T07:36:37.432+0700] {dag.py:4138} INFO - Setting next_dagrun for example_task_group to 2024-08-20 00:00:00+00:00, run_after=2024-08-21 00:00:00+00:00
[2024-08-21T07:36:37.448+0700] {processor.py:208} INFO - Processing /home/user/airflow/airflow_venv/lib/python3.10/site-packages/airflow/example_dags/example_task_group.py took 0.062 seconds
[2024-08-21T07:37:30.728+0700] {processor.py:186} INFO - Started process (PID=11277) to work on /home/user/airflow/airflow_venv/lib/python3.10/site-packages/airflow/example_dags/example_task_group.py
[2024-08-21T07:37:30.735+0700] {processor.py:914} INFO - Processing file /home/user/airflow/airflow_venv/lib/python3.10/site-packages/airflow/example_dags/example_task_group.py for tasks to queue
[2024-08-21T07:37:30.740+0700] {logging_mixin.py:190} INFO - [2024-08-21T07:37:30.740+0700] {dagbag.py:587} INFO - Filling up the DagBag from /home/user/airflow/airflow_venv/lib/python3.10/site-packages/airflow/example_dags/example_task_group.py
[2024-08-21T07:37:30.750+0700] {processor.py:925} INFO - DAG(s) 'example_task_group' retrieved from /home/user/airflow/airflow_venv/lib/python3.10/site-packages/airflow/example_dags/example_task_group.py
[2024-08-21T07:37:30.767+0700] {logging_mixin.py:190} INFO - [2024-08-21T07:37:30.767+0700] {dag.py:3211} INFO - Sync 1 DAGs
[2024-08-21T07:37:30.783+0700] {logging_mixin.py:190} INFO - [2024-08-21T07:37:30.783+0700] {dag.py:4138} INFO - Setting next_dagrun for example_task_group to 2024-08-20 00:00:00+00:00, run_after=2024-08-21 00:00:00+00:00
[2024-08-21T07:37:30.806+0700] {processor.py:208} INFO - Processing /home/user/airflow/airflow_venv/lib/python3.10/site-packages/airflow/example_dags/example_task_group.py took 0.085 seconds
[2024-08-21T07:38:23.022+0700] {processor.py:186} INFO - Started process (PID=11905) to work on /home/user/airflow/airflow_venv/lib/python3.10/site-packages/airflow/example_dags/example_task_group.py
[2024-08-21T07:38:23.028+0700] {processor.py:914} INFO - Processing file /home/user/airflow/airflow_venv/lib/python3.10/site-packages/airflow/example_dags/example_task_group.py for tasks to queue
[2024-08-21T07:38:23.030+0700] {logging_mixin.py:190} INFO - [2024-08-21T07:38:23.030+0700] {dagbag.py:587} INFO - Filling up the DagBag from /home/user/airflow/airflow_venv/lib/python3.10/site-packages/airflow/example_dags/example_task_group.py
[2024-08-21T07:38:23.040+0700] {processor.py:925} INFO - DAG(s) 'example_task_group' retrieved from /home/user/airflow/airflow_venv/lib/python3.10/site-packages/airflow/example_dags/example_task_group.py
[2024-08-21T07:38:23.055+0700] {logging_mixin.py:190} INFO - [2024-08-21T07:38:23.054+0700] {dag.py:3211} INFO - Sync 1 DAGs
[2024-08-21T07:38:23.069+0700] {logging_mixin.py:190} INFO - [2024-08-21T07:38:23.069+0700] {dag.py:4138} INFO - Setting next_dagrun for example_task_group to 2024-08-20 00:00:00+00:00, run_after=2024-08-21 00:00:00+00:00
[2024-08-21T07:38:23.089+0700] {processor.py:208} INFO - Processing /home/user/airflow/airflow_venv/lib/python3.10/site-packages/airflow/example_dags/example_task_group.py took 0.073 seconds
[2024-08-21T07:39:15.559+0700] {processor.py:186} INFO - Started process (PID=12484) to work on /home/user/airflow/airflow_venv/lib/python3.10/site-packages/airflow/example_dags/example_task_group.py
[2024-08-21T07:39:15.561+0700] {processor.py:914} INFO - Processing file /home/user/airflow/airflow_venv/lib/python3.10/site-packages/airflow/example_dags/example_task_group.py for tasks to queue
[2024-08-21T07:39:15.563+0700] {logging_mixin.py:190} INFO - [2024-08-21T07:39:15.562+0700] {dagbag.py:587} INFO - Filling up the DagBag from /home/user/airflow/airflow_venv/lib/python3.10/site-packages/airflow/example_dags/example_task_group.py
[2024-08-21T07:39:15.570+0700] {processor.py:925} INFO - DAG(s) 'example_task_group' retrieved from /home/user/airflow/airflow_venv/lib/python3.10/site-packages/airflow/example_dags/example_task_group.py
[2024-08-21T07:39:15.589+0700] {logging_mixin.py:190} INFO - [2024-08-21T07:39:15.588+0700] {dag.py:3211} INFO - Sync 1 DAGs
[2024-08-21T07:39:15.622+0700] {logging_mixin.py:190} INFO - [2024-08-21T07:39:15.622+0700] {dag.py:4138} INFO - Setting next_dagrun for example_task_group to 2024-08-20 00:00:00+00:00, run_after=2024-08-21 00:00:00+00:00
[2024-08-21T07:39:15.669+0700] {processor.py:208} INFO - Processing /home/user/airflow/airflow_venv/lib/python3.10/site-packages/airflow/example_dags/example_task_group.py took 0.116 seconds
[2024-08-21T07:40:07.753+0700] {processor.py:186} INFO - Started process (PID=13031) to work on /home/user/airflow/airflow_venv/lib/python3.10/site-packages/airflow/example_dags/example_task_group.py
[2024-08-21T07:40:07.760+0700] {processor.py:914} INFO - Processing file /home/user/airflow/airflow_venv/lib/python3.10/site-packages/airflow/example_dags/example_task_group.py for tasks to queue
[2024-08-21T07:40:07.762+0700] {logging_mixin.py:190} INFO - [2024-08-21T07:40:07.762+0700] {dagbag.py:587} INFO - Filling up the DagBag from /home/user/airflow/airflow_venv/lib/python3.10/site-packages/airflow/example_dags/example_task_group.py
[2024-08-21T07:40:07.769+0700] {processor.py:925} INFO - DAG(s) 'example_task_group' retrieved from /home/user/airflow/airflow_venv/lib/python3.10/site-packages/airflow/example_dags/example_task_group.py
[2024-08-21T07:40:07.781+0700] {logging_mixin.py:190} INFO - [2024-08-21T07:40:07.781+0700] {dag.py:3211} INFO - Sync 1 DAGs
[2024-08-21T07:40:07.796+0700] {logging_mixin.py:190} INFO - [2024-08-21T07:40:07.796+0700] {dag.py:4138} INFO - Setting next_dagrun for example_task_group to 2024-08-20 00:00:00+00:00, run_after=2024-08-21 00:00:00+00:00
[2024-08-21T07:40:07.812+0700] {processor.py:208} INFO - Processing /home/user/airflow/airflow_venv/lib/python3.10/site-packages/airflow/example_dags/example_task_group.py took 0.063 seconds
[2024-08-21T07:40:57.690+0700] {processor.py:186} INFO - Started process (PID=13618) to work on /home/user/airflow/airflow_venv/lib/python3.10/site-packages/airflow/example_dags/example_task_group.py
[2024-08-21T07:40:57.691+0700] {processor.py:914} INFO - Processing file /home/user/airflow/airflow_venv/lib/python3.10/site-packages/airflow/example_dags/example_task_group.py for tasks to queue
[2024-08-21T07:40:57.693+0700] {logging_mixin.py:190} INFO - [2024-08-21T07:40:57.693+0700] {dagbag.py:587} INFO - Filling up the DagBag from /home/user/airflow/airflow_venv/lib/python3.10/site-packages/airflow/example_dags/example_task_group.py
[2024-08-21T07:40:57.701+0700] {processor.py:925} INFO - DAG(s) 'example_task_group' retrieved from /home/user/airflow/airflow_venv/lib/python3.10/site-packages/airflow/example_dags/example_task_group.py
[2024-08-21T07:40:57.715+0700] {logging_mixin.py:190} INFO - [2024-08-21T07:40:57.715+0700] {dag.py:3211} INFO - Sync 1 DAGs
[2024-08-21T07:40:57.730+0700] {logging_mixin.py:190} INFO - [2024-08-21T07:40:57.730+0700] {dag.py:4138} INFO - Setting next_dagrun for example_task_group to 2024-08-20 00:00:00+00:00, run_after=2024-08-21 00:00:00+00:00
[2024-08-21T07:40:57.747+0700] {processor.py:208} INFO - Processing /home/user/airflow/airflow_venv/lib/python3.10/site-packages/airflow/example_dags/example_task_group.py took 0.062 seconds
[2024-08-21T09:42:41.812+0700] {processor.py:186} INFO - Started process (PID=54517) to work on /home/user/airflow/airflow_venv/lib/python3.10/site-packages/airflow/example_dags/example_task_group.py
[2024-08-21T09:42:41.848+0700] {processor.py:914} INFO - Processing file /home/user/airflow/airflow_venv/lib/python3.10/site-packages/airflow/example_dags/example_task_group.py for tasks to queue
[2024-08-21T09:42:41.851+0700] {logging_mixin.py:190} INFO - [2024-08-21T09:42:41.851+0700] {dagbag.py:587} INFO - Filling up the DagBag from /home/user/airflow/airflow_venv/lib/python3.10/site-packages/airflow/example_dags/example_task_group.py
[2024-08-21T09:42:41.859+0700] {processor.py:925} INFO - DAG(s) 'example_task_group' retrieved from /home/user/airflow/airflow_venv/lib/python3.10/site-packages/airflow/example_dags/example_task_group.py
[2024-08-21T09:42:41.874+0700] {logging_mixin.py:190} INFO - [2024-08-21T09:42:41.874+0700] {dag.py:3211} INFO - Sync 1 DAGs
[2024-08-21T09:42:41.992+0700] {logging_mixin.py:190} INFO - [2024-08-21T09:42:41.992+0700] {dag.py:4138} INFO - Setting next_dagrun for example_task_group to 2024-08-20 00:00:00+00:00, run_after=2024-08-21 00:00:00+00:00
[2024-08-21T09:42:42.028+0700] {processor.py:208} INFO - Processing /home/user/airflow/airflow_venv/lib/python3.10/site-packages/airflow/example_dags/example_task_group.py took 0.221 seconds
[2024-08-21T09:43:38.552+0700] {processor.py:186} INFO - Started process (PID=54975) to work on /home/user/airflow/airflow_venv/lib/python3.10/site-packages/airflow/example_dags/example_task_group.py
[2024-08-21T09:43:38.554+0700] {processor.py:914} INFO - Processing file /home/user/airflow/airflow_venv/lib/python3.10/site-packages/airflow/example_dags/example_task_group.py for tasks to queue
[2024-08-21T09:43:38.556+0700] {logging_mixin.py:190} INFO - [2024-08-21T09:43:38.556+0700] {dagbag.py:587} INFO - Filling up the DagBag from /home/user/airflow/airflow_venv/lib/python3.10/site-packages/airflow/example_dags/example_task_group.py
[2024-08-21T09:43:38.563+0700] {processor.py:925} INFO - DAG(s) 'example_task_group' retrieved from /home/user/airflow/airflow_venv/lib/python3.10/site-packages/airflow/example_dags/example_task_group.py
[2024-08-21T09:43:38.577+0700] {logging_mixin.py:190} INFO - [2024-08-21T09:43:38.576+0700] {dag.py:3211} INFO - Sync 1 DAGs
[2024-08-21T09:43:38.594+0700] {logging_mixin.py:190} INFO - [2024-08-21T09:43:38.594+0700] {dag.py:4138} INFO - Setting next_dagrun for example_task_group to 2024-08-20 00:00:00+00:00, run_after=2024-08-21 00:00:00+00:00
[2024-08-21T09:43:38.615+0700] {processor.py:208} INFO - Processing /home/user/airflow/airflow_venv/lib/python3.10/site-packages/airflow/example_dags/example_task_group.py took 0.067 seconds
[2024-08-21T09:46:07.024+0700] {processor.py:186} INFO - Started process (PID=56198) to work on /home/user/airflow/airflow_venv/lib/python3.10/site-packages/airflow/example_dags/example_task_group.py
[2024-08-21T09:46:07.025+0700] {processor.py:914} INFO - Processing file /home/user/airflow/airflow_venv/lib/python3.10/site-packages/airflow/example_dags/example_task_group.py for tasks to queue
[2024-08-21T09:46:07.027+0700] {logging_mixin.py:190} INFO - [2024-08-21T09:46:07.027+0700] {dagbag.py:587} INFO - Filling up the DagBag from /home/user/airflow/airflow_venv/lib/python3.10/site-packages/airflow/example_dags/example_task_group.py
[2024-08-21T09:46:07.035+0700] {processor.py:925} INFO - DAG(s) 'example_task_group' retrieved from /home/user/airflow/airflow_venv/lib/python3.10/site-packages/airflow/example_dags/example_task_group.py
[2024-08-21T09:46:07.053+0700] {logging_mixin.py:190} INFO - [2024-08-21T09:46:07.053+0700] {dag.py:3211} INFO - Sync 1 DAGs
[2024-08-21T09:46:07.075+0700] {logging_mixin.py:190} INFO - [2024-08-21T09:46:07.075+0700] {dag.py:4138} INFO - Setting next_dagrun for example_task_group to 2024-08-20 00:00:00+00:00, run_after=2024-08-21 00:00:00+00:00
[2024-08-21T09:46:07.096+0700] {processor.py:208} INFO - Processing /home/user/airflow/airflow_venv/lib/python3.10/site-packages/airflow/example_dags/example_task_group.py took 0.079 seconds
[2024-08-21T09:53:27.451+0700] {processor.py:186} INFO - Started process (PID=59457) to work on /home/user/airflow/airflow_venv/lib/python3.10/site-packages/airflow/example_dags/example_task_group.py
[2024-08-21T09:53:27.452+0700] {processor.py:914} INFO - Processing file /home/user/airflow/airflow_venv/lib/python3.10/site-packages/airflow/example_dags/example_task_group.py for tasks to queue
[2024-08-21T09:53:27.454+0700] {logging_mixin.py:190} INFO - [2024-08-21T09:53:27.454+0700] {dagbag.py:587} INFO - Filling up the DagBag from /home/user/airflow/airflow_venv/lib/python3.10/site-packages/airflow/example_dags/example_task_group.py
[2024-08-21T09:53:27.461+0700] {processor.py:925} INFO - DAG(s) 'example_task_group' retrieved from /home/user/airflow/airflow_venv/lib/python3.10/site-packages/airflow/example_dags/example_task_group.py
[2024-08-21T09:53:27.478+0700] {logging_mixin.py:190} INFO - [2024-08-21T09:53:27.478+0700] {dag.py:3211} INFO - Sync 1 DAGs
[2024-08-21T09:53:27.508+0700] {logging_mixin.py:190} INFO - [2024-08-21T09:53:27.507+0700] {dag.py:4138} INFO - Setting next_dagrun for example_task_group to 2024-08-20 00:00:00+00:00, run_after=2024-08-21 00:00:00+00:00
[2024-08-21T09:53:27.542+0700] {processor.py:208} INFO - Processing /home/user/airflow/airflow_venv/lib/python3.10/site-packages/airflow/example_dags/example_task_group.py took 0.096 seconds
[2024-08-21T09:54:23.041+0700] {processor.py:186} INFO - Started process (PID=59894) to work on /home/user/airflow/airflow_venv/lib/python3.10/site-packages/airflow/example_dags/example_task_group.py
[2024-08-21T09:54:23.043+0700] {processor.py:914} INFO - Processing file /home/user/airflow/airflow_venv/lib/python3.10/site-packages/airflow/example_dags/example_task_group.py for tasks to queue
[2024-08-21T09:54:23.045+0700] {logging_mixin.py:190} INFO - [2024-08-21T09:54:23.044+0700] {dagbag.py:587} INFO - Filling up the DagBag from /home/user/airflow/airflow_venv/lib/python3.10/site-packages/airflow/example_dags/example_task_group.py
[2024-08-21T09:54:23.053+0700] {processor.py:925} INFO - DAG(s) 'example_task_group' retrieved from /home/user/airflow/airflow_venv/lib/python3.10/site-packages/airflow/example_dags/example_task_group.py
[2024-08-21T09:54:23.068+0700] {logging_mixin.py:190} INFO - [2024-08-21T09:54:23.068+0700] {dag.py:3211} INFO - Sync 1 DAGs
[2024-08-21T09:54:23.083+0700] {logging_mixin.py:190} INFO - [2024-08-21T09:54:23.083+0700] {dag.py:4138} INFO - Setting next_dagrun for example_task_group to 2024-08-20 00:00:00+00:00, run_after=2024-08-21 00:00:00+00:00
[2024-08-21T09:54:23.101+0700] {processor.py:208} INFO - Processing /home/user/airflow/airflow_venv/lib/python3.10/site-packages/airflow/example_dags/example_task_group.py took 0.070 seconds
[2024-08-21T09:55:13.648+0700] {processor.py:186} INFO - Started process (PID=60288) to work on /home/user/airflow/airflow_venv/lib/python3.10/site-packages/airflow/example_dags/example_task_group.py
[2024-08-21T09:55:13.650+0700] {processor.py:914} INFO - Processing file /home/user/airflow/airflow_venv/lib/python3.10/site-packages/airflow/example_dags/example_task_group.py for tasks to queue
[2024-08-21T09:55:13.653+0700] {logging_mixin.py:190} INFO - [2024-08-21T09:55:13.651+0700] {dagbag.py:587} INFO - Filling up the DagBag from /home/user/airflow/airflow_venv/lib/python3.10/site-packages/airflow/example_dags/example_task_group.py
[2024-08-21T09:55:13.667+0700] {processor.py:925} INFO - DAG(s) 'example_task_group' retrieved from /home/user/airflow/airflow_venv/lib/python3.10/site-packages/airflow/example_dags/example_task_group.py
[2024-08-21T09:55:13.687+0700] {logging_mixin.py:190} INFO - [2024-08-21T09:55:13.687+0700] {dag.py:3211} INFO - Sync 1 DAGs
[2024-08-21T09:55:13.711+0700] {logging_mixin.py:190} INFO - [2024-08-21T09:55:13.710+0700] {dag.py:4138} INFO - Setting next_dagrun for example_task_group to 2024-08-20 00:00:00+00:00, run_after=2024-08-21 00:00:00+00:00
[2024-08-21T09:55:13.740+0700] {processor.py:208} INFO - Processing /home/user/airflow/airflow_venv/lib/python3.10/site-packages/airflow/example_dags/example_task_group.py took 0.099 seconds
[2024-08-21T09:56:05.716+0700] {processor.py:186} INFO - Started process (PID=60699) to work on /home/user/airflow/airflow_venv/lib/python3.10/site-packages/airflow/example_dags/example_task_group.py
[2024-08-21T09:56:05.718+0700] {processor.py:914} INFO - Processing file /home/user/airflow/airflow_venv/lib/python3.10/site-packages/airflow/example_dags/example_task_group.py for tasks to queue
[2024-08-21T09:56:05.720+0700] {logging_mixin.py:190} INFO - [2024-08-21T09:56:05.720+0700] {dagbag.py:587} INFO - Filling up the DagBag from /home/user/airflow/airflow_venv/lib/python3.10/site-packages/airflow/example_dags/example_task_group.py
[2024-08-21T09:56:05.733+0700] {processor.py:925} INFO - DAG(s) 'example_task_group' retrieved from /home/user/airflow/airflow_venv/lib/python3.10/site-packages/airflow/example_dags/example_task_group.py
[2024-08-21T09:56:05.752+0700] {logging_mixin.py:190} INFO - [2024-08-21T09:56:05.751+0700] {dag.py:3211} INFO - Sync 1 DAGs
[2024-08-21T09:56:05.773+0700] {logging_mixin.py:190} INFO - [2024-08-21T09:56:05.773+0700] {dag.py:4138} INFO - Setting next_dagrun for example_task_group to 2024-08-20 00:00:00+00:00, run_after=2024-08-21 00:00:00+00:00
[2024-08-21T09:56:05.799+0700] {processor.py:208} INFO - Processing /home/user/airflow/airflow_venv/lib/python3.10/site-packages/airflow/example_dags/example_task_group.py took 0.088 seconds
[2024-08-21T09:56:58.677+0700] {processor.py:186} INFO - Started process (PID=61107) to work on /home/user/airflow/airflow_venv/lib/python3.10/site-packages/airflow/example_dags/example_task_group.py
[2024-08-21T09:56:58.679+0700] {processor.py:914} INFO - Processing file /home/user/airflow/airflow_venv/lib/python3.10/site-packages/airflow/example_dags/example_task_group.py for tasks to queue
[2024-08-21T09:56:58.680+0700] {logging_mixin.py:190} INFO - [2024-08-21T09:56:58.680+0700] {dagbag.py:587} INFO - Filling up the DagBag from /home/user/airflow/airflow_venv/lib/python3.10/site-packages/airflow/example_dags/example_task_group.py
[2024-08-21T09:56:58.694+0700] {processor.py:925} INFO - DAG(s) 'example_task_group' retrieved from /home/user/airflow/airflow_venv/lib/python3.10/site-packages/airflow/example_dags/example_task_group.py
[2024-08-21T09:56:58.711+0700] {logging_mixin.py:190} INFO - [2024-08-21T09:56:58.710+0700] {dag.py:3211} INFO - Sync 1 DAGs
[2024-08-21T09:56:58.730+0700] {logging_mixin.py:190} INFO - [2024-08-21T09:56:58.730+0700] {dag.py:4138} INFO - Setting next_dagrun for example_task_group to 2024-08-20 00:00:00+00:00, run_after=2024-08-21 00:00:00+00:00
[2024-08-21T09:56:58.753+0700] {processor.py:208} INFO - Processing /home/user/airflow/airflow_venv/lib/python3.10/site-packages/airflow/example_dags/example_task_group.py took 0.081 seconds
[2024-08-21T09:57:52.776+0700] {processor.py:186} INFO - Started process (PID=61537) to work on /home/user/airflow/airflow_venv/lib/python3.10/site-packages/airflow/example_dags/example_task_group.py
[2024-08-21T09:57:52.778+0700] {processor.py:914} INFO - Processing file /home/user/airflow/airflow_venv/lib/python3.10/site-packages/airflow/example_dags/example_task_group.py for tasks to queue
[2024-08-21T09:57:52.779+0700] {logging_mixin.py:190} INFO - [2024-08-21T09:57:52.779+0700] {dagbag.py:587} INFO - Filling up the DagBag from /home/user/airflow/airflow_venv/lib/python3.10/site-packages/airflow/example_dags/example_task_group.py
[2024-08-21T09:57:52.791+0700] {processor.py:925} INFO - DAG(s) 'example_task_group' retrieved from /home/user/airflow/airflow_venv/lib/python3.10/site-packages/airflow/example_dags/example_task_group.py
[2024-08-21T09:57:52.807+0700] {logging_mixin.py:190} INFO - [2024-08-21T09:57:52.807+0700] {dag.py:3211} INFO - Sync 1 DAGs
[2024-08-21T09:57:52.826+0700] {logging_mixin.py:190} INFO - [2024-08-21T09:57:52.825+0700] {dag.py:4138} INFO - Setting next_dagrun for example_task_group to 2024-08-20 00:00:00+00:00, run_after=2024-08-21 00:00:00+00:00
[2024-08-21T09:57:52.851+0700] {processor.py:208} INFO - Processing /home/user/airflow/airflow_venv/lib/python3.10/site-packages/airflow/example_dags/example_task_group.py took 0.081 seconds
[2024-08-21T09:58:43.969+0700] {processor.py:186} INFO - Started process (PID=61940) to work on /home/user/airflow/airflow_venv/lib/python3.10/site-packages/airflow/example_dags/example_task_group.py
[2024-08-21T09:58:43.971+0700] {processor.py:914} INFO - Processing file /home/user/airflow/airflow_venv/lib/python3.10/site-packages/airflow/example_dags/example_task_group.py for tasks to queue
[2024-08-21T09:58:43.972+0700] {logging_mixin.py:190} INFO - [2024-08-21T09:58:43.972+0700] {dagbag.py:587} INFO - Filling up the DagBag from /home/user/airflow/airflow_venv/lib/python3.10/site-packages/airflow/example_dags/example_task_group.py
[2024-08-21T09:58:43.981+0700] {processor.py:925} INFO - DAG(s) 'example_task_group' retrieved from /home/user/airflow/airflow_venv/lib/python3.10/site-packages/airflow/example_dags/example_task_group.py
[2024-08-21T09:58:44.001+0700] {logging_mixin.py:190} INFO - [2024-08-21T09:58:44.001+0700] {dag.py:3211} INFO - Sync 1 DAGs
[2024-08-21T09:58:44.018+0700] {logging_mixin.py:190} INFO - [2024-08-21T09:58:44.018+0700] {dag.py:4138} INFO - Setting next_dagrun for example_task_group to 2024-08-20 00:00:00+00:00, run_after=2024-08-21 00:00:00+00:00
[2024-08-21T09:58:44.038+0700] {processor.py:208} INFO - Processing /home/user/airflow/airflow_venv/lib/python3.10/site-packages/airflow/example_dags/example_task_group.py took 0.073 seconds
[2024-08-21T09:59:33.303+0700] {processor.py:186} INFO - Started process (PID=62329) to work on /home/user/airflow/airflow_venv/lib/python3.10/site-packages/airflow/example_dags/example_task_group.py
[2024-08-21T09:59:33.306+0700] {processor.py:914} INFO - Processing file /home/user/airflow/airflow_venv/lib/python3.10/site-packages/airflow/example_dags/example_task_group.py for tasks to queue
[2024-08-21T09:59:33.308+0700] {logging_mixin.py:190} INFO - [2024-08-21T09:59:33.308+0700] {dagbag.py:587} INFO - Filling up the DagBag from /home/user/airflow/airflow_venv/lib/python3.10/site-packages/airflow/example_dags/example_task_group.py
[2024-08-21T09:59:33.324+0700] {processor.py:925} INFO - DAG(s) 'example_task_group' retrieved from /home/user/airflow/airflow_venv/lib/python3.10/site-packages/airflow/example_dags/example_task_group.py
[2024-08-21T09:59:33.356+0700] {logging_mixin.py:190} INFO - [2024-08-21T09:59:33.355+0700] {dag.py:3211} INFO - Sync 1 DAGs
[2024-08-21T09:59:33.385+0700] {logging_mixin.py:190} INFO - [2024-08-21T09:59:33.385+0700] {dag.py:4138} INFO - Setting next_dagrun for example_task_group to 2024-08-20 00:00:00+00:00, run_after=2024-08-21 00:00:00+00:00
[2024-08-21T09:59:33.419+0700] {processor.py:208} INFO - Processing /home/user/airflow/airflow_venv/lib/python3.10/site-packages/airflow/example_dags/example_task_group.py took 0.127 seconds
