[2024-08-21T07:20:23.157+0700] {processor.py:186} INFO - Started process (PID=1619) to work on /home/user/airflow/airflow_venv/lib/python3.10/site-packages/airflow/example_dags/example_subdag_operator.py
[2024-08-21T07:20:23.158+0700] {processor.py:914} INFO - Processing file /home/user/airflow/airflow_venv/lib/python3.10/site-packages/airflow/example_dags/example_subdag_operator.py for tasks to queue
[2024-08-21T07:20:23.160+0700] {logging_mixin.py:190} INFO - [2024-08-21T07:20:23.159+0700] {dagbag.py:587} INFO - Filling up the DagBag from /home/user/airflow/airflow_venv/lib/python3.10/site-packages/airflow/example_dags/example_subdag_operator.py
[2024-08-21T07:20:23.187+0700] {processor.py:925} INFO - DAG(s) 'example_subdag_operator.section-1', 'example_subdag_operator.section-2', 'example_subdag_operator' retrieved from /home/user/airflow/airflow_venv/lib/python3.10/site-packages/airflow/example_dags/example_subdag_operator.py
[2024-08-21T07:20:23.266+0700] {logging_mixin.py:190} INFO - [2024-08-21T07:20:23.265+0700] {dag.py:3211} INFO - Sync 3 DAGs
[2024-08-21T07:20:23.281+0700] {logging_mixin.py:190} INFO - [2024-08-21T07:20:23.281+0700] {dag.py:4138} INFO - Setting next_dagrun for example_subdag_operator to 2022-01-01 00:00:00+00:00, run_after=2022-01-01 00:00:00+00:00
[2024-08-21T07:20:23.283+0700] {logging_mixin.py:190} INFO - [2024-08-21T07:20:23.283+0700] {dag.py:4138} INFO - Setting next_dagrun for example_subdag_operator.section-1 to None, run_after=None
[2024-08-21T07:20:23.284+0700] {logging_mixin.py:190} INFO - [2024-08-21T07:20:23.284+0700] {dag.py:4138} INFO - Setting next_dagrun for example_subdag_operator.section-2 to None, run_after=None
[2024-08-21T07:20:23.289+0700] {logging_mixin.py:190} INFO - [2024-08-21T07:20:23.289+0700] {dag.py:3211} INFO - Sync 2 DAGs
[2024-08-21T07:20:23.292+0700] {logging_mixin.py:190} INFO - [2024-08-21T07:20:23.292+0700] {dag.py:4138} INFO - Setting next_dagrun for example_subdag_operator.section-1 to None, run_after=None
[2024-08-21T07:20:23.293+0700] {logging_mixin.py:190} INFO - [2024-08-21T07:20:23.292+0700] {dag.py:4138} INFO - Setting next_dagrun for example_subdag_operator.section-2 to None, run_after=None
[2024-08-21T07:20:23.305+0700] {processor.py:208} INFO - Processing /home/user/airflow/airflow_venv/lib/python3.10/site-packages/airflow/example_dags/example_subdag_operator.py took 0.154 seconds
[2024-08-21T07:21:22.756+0700] {processor.py:186} INFO - Started process (PID=2085) to work on /home/user/airflow/airflow_venv/lib/python3.10/site-packages/airflow/example_dags/example_subdag_operator.py
[2024-08-21T07:21:22.762+0700] {processor.py:914} INFO - Processing file /home/user/airflow/airflow_venv/lib/python3.10/site-packages/airflow/example_dags/example_subdag_operator.py for tasks to queue
[2024-08-21T07:21:22.764+0700] {logging_mixin.py:190} INFO - [2024-08-21T07:21:22.764+0700] {dagbag.py:587} INFO - Filling up the DagBag from /home/user/airflow/airflow_venv/lib/python3.10/site-packages/airflow/example_dags/example_subdag_operator.py
[2024-08-21T07:21:22.785+0700] {processor.py:925} INFO - DAG(s) 'example_subdag_operator.section-1', 'example_subdag_operator.section-2', 'example_subdag_operator' retrieved from /home/user/airflow/airflow_venv/lib/python3.10/site-packages/airflow/example_dags/example_subdag_operator.py
[2024-08-21T07:21:22.795+0700] {logging_mixin.py:190} INFO - [2024-08-21T07:21:22.795+0700] {dag.py:3211} INFO - Sync 3 DAGs
[2024-08-21T07:21:22.807+0700] {logging_mixin.py:190} INFO - [2024-08-21T07:21:22.807+0700] {dag.py:4138} INFO - Setting next_dagrun for example_subdag_operator to 2022-01-01 00:00:00+00:00, run_after=2022-01-01 00:00:00+00:00
[2024-08-21T07:21:22.809+0700] {logging_mixin.py:190} INFO - [2024-08-21T07:21:22.809+0700] {dag.py:4138} INFO - Setting next_dagrun for example_subdag_operator.section-1 to None, run_after=None
[2024-08-21T07:21:22.809+0700] {logging_mixin.py:190} INFO - [2024-08-21T07:21:22.809+0700] {dag.py:4138} INFO - Setting next_dagrun for example_subdag_operator.section-2 to None, run_after=None
[2024-08-21T07:21:22.813+0700] {logging_mixin.py:190} INFO - [2024-08-21T07:21:22.813+0700] {dag.py:3211} INFO - Sync 2 DAGs
[2024-08-21T07:21:22.816+0700] {logging_mixin.py:190} INFO - [2024-08-21T07:21:22.816+0700] {dag.py:4138} INFO - Setting next_dagrun for example_subdag_operator.section-1 to None, run_after=None
[2024-08-21T07:21:22.816+0700] {logging_mixin.py:190} INFO - [2024-08-21T07:21:22.816+0700] {dag.py:4138} INFO - Setting next_dagrun for example_subdag_operator.section-2 to None, run_after=None
[2024-08-21T07:21:22.829+0700] {processor.py:208} INFO - Processing /home/user/airflow/airflow_venv/lib/python3.10/site-packages/airflow/example_dags/example_subdag_operator.py took 0.080 seconds
[2024-08-21T07:22:32.845+0700] {processor.py:186} INFO - Started process (PID=2642) to work on /home/user/airflow/airflow_venv/lib/python3.10/site-packages/airflow/example_dags/example_subdag_operator.py
[2024-08-21T07:22:32.847+0700] {processor.py:914} INFO - Processing file /home/user/airflow/airflow_venv/lib/python3.10/site-packages/airflow/example_dags/example_subdag_operator.py for tasks to queue
[2024-08-21T07:22:32.848+0700] {logging_mixin.py:190} INFO - [2024-08-21T07:22:32.848+0700] {dagbag.py:587} INFO - Filling up the DagBag from /home/user/airflow/airflow_venv/lib/python3.10/site-packages/airflow/example_dags/example_subdag_operator.py
[2024-08-21T07:22:32.869+0700] {processor.py:925} INFO - DAG(s) 'example_subdag_operator.section-1', 'example_subdag_operator.section-2', 'example_subdag_operator' retrieved from /home/user/airflow/airflow_venv/lib/python3.10/site-packages/airflow/example_dags/example_subdag_operator.py
[2024-08-21T07:22:32.882+0700] {logging_mixin.py:190} INFO - [2024-08-21T07:22:32.882+0700] {dag.py:3211} INFO - Sync 3 DAGs
[2024-08-21T07:22:32.898+0700] {logging_mixin.py:190} INFO - [2024-08-21T07:22:32.897+0700] {dag.py:4138} INFO - Setting next_dagrun for example_subdag_operator to 2022-01-01 00:00:00+00:00, run_after=2022-01-01 00:00:00+00:00
[2024-08-21T07:22:32.900+0700] {logging_mixin.py:190} INFO - [2024-08-21T07:22:32.900+0700] {dag.py:4138} INFO - Setting next_dagrun for example_subdag_operator.section-1 to None, run_after=None
[2024-08-21T07:22:32.901+0700] {logging_mixin.py:190} INFO - [2024-08-21T07:22:32.901+0700] {dag.py:4138} INFO - Setting next_dagrun for example_subdag_operator.section-2 to None, run_after=None
[2024-08-21T07:22:32.905+0700] {logging_mixin.py:190} INFO - [2024-08-21T07:22:32.905+0700] {dag.py:3211} INFO - Sync 2 DAGs
[2024-08-21T07:22:32.908+0700] {logging_mixin.py:190} INFO - [2024-08-21T07:22:32.908+0700] {dag.py:4138} INFO - Setting next_dagrun for example_subdag_operator.section-1 to None, run_after=None
[2024-08-21T07:22:32.908+0700] {logging_mixin.py:190} INFO - [2024-08-21T07:22:32.908+0700] {dag.py:4138} INFO - Setting next_dagrun for example_subdag_operator.section-2 to None, run_after=None
[2024-08-21T07:22:32.922+0700] {processor.py:208} INFO - Processing /home/user/airflow/airflow_venv/lib/python3.10/site-packages/airflow/example_dags/example_subdag_operator.py took 0.082 seconds
[2024-08-21T07:23:19.016+0700] {processor.py:186} INFO - Started process (PID=3007) to work on /home/user/airflow/airflow_venv/lib/python3.10/site-packages/airflow/example_dags/example_subdag_operator.py
[2024-08-21T07:23:19.020+0700] {processor.py:914} INFO - Processing file /home/user/airflow/airflow_venv/lib/python3.10/site-packages/airflow/example_dags/example_subdag_operator.py for tasks to queue
[2024-08-21T07:23:19.026+0700] {logging_mixin.py:190} INFO - [2024-08-21T07:23:19.024+0700] {dagbag.py:587} INFO - Filling up the DagBag from /home/user/airflow/airflow_venv/lib/python3.10/site-packages/airflow/example_dags/example_subdag_operator.py
[2024-08-21T07:23:19.058+0700] {processor.py:925} INFO - DAG(s) 'example_subdag_operator.section-1', 'example_subdag_operator.section-2', 'example_subdag_operator' retrieved from /home/user/airflow/airflow_venv/lib/python3.10/site-packages/airflow/example_dags/example_subdag_operator.py
[2024-08-21T07:23:19.080+0700] {logging_mixin.py:190} INFO - [2024-08-21T07:23:19.080+0700] {dag.py:3211} INFO - Sync 3 DAGs
[2024-08-21T07:23:19.099+0700] {logging_mixin.py:190} INFO - [2024-08-21T07:23:19.099+0700] {dag.py:4138} INFO - Setting next_dagrun for example_subdag_operator to 2022-01-01 00:00:00+00:00, run_after=2022-01-01 00:00:00+00:00
[2024-08-21T07:23:19.102+0700] {logging_mixin.py:190} INFO - [2024-08-21T07:23:19.102+0700] {dag.py:4138} INFO - Setting next_dagrun for example_subdag_operator.section-1 to None, run_after=None
[2024-08-21T07:23:19.104+0700] {logging_mixin.py:190} INFO - [2024-08-21T07:23:19.104+0700] {dag.py:4138} INFO - Setting next_dagrun for example_subdag_operator.section-2 to None, run_after=None
[2024-08-21T07:23:19.110+0700] {logging_mixin.py:190} INFO - [2024-08-21T07:23:19.110+0700] {dag.py:3211} INFO - Sync 2 DAGs
[2024-08-21T07:23:19.115+0700] {logging_mixin.py:190} INFO - [2024-08-21T07:23:19.114+0700] {dag.py:4138} INFO - Setting next_dagrun for example_subdag_operator.section-1 to None, run_after=None
[2024-08-21T07:23:19.115+0700] {logging_mixin.py:190} INFO - [2024-08-21T07:23:19.115+0700] {dag.py:4138} INFO - Setting next_dagrun for example_subdag_operator.section-2 to None, run_after=None
[2024-08-21T07:23:19.130+0700] {processor.py:208} INFO - Processing /home/user/airflow/airflow_venv/lib/python3.10/site-packages/airflow/example_dags/example_subdag_operator.py took 0.126 seconds
[2024-08-21T07:24:26.111+0700] {processor.py:186} INFO - Started process (PID=3552) to work on /home/user/airflow/airflow_venv/lib/python3.10/site-packages/airflow/example_dags/example_subdag_operator.py
[2024-08-21T07:24:26.113+0700] {processor.py:914} INFO - Processing file /home/user/airflow/airflow_venv/lib/python3.10/site-packages/airflow/example_dags/example_subdag_operator.py for tasks to queue
[2024-08-21T07:24:26.116+0700] {logging_mixin.py:190} INFO - [2024-08-21T07:24:26.116+0700] {dagbag.py:587} INFO - Filling up the DagBag from /home/user/airflow/airflow_venv/lib/python3.10/site-packages/airflow/example_dags/example_subdag_operator.py
[2024-08-21T07:24:26.137+0700] {processor.py:925} INFO - DAG(s) 'example_subdag_operator.section-1', 'example_subdag_operator.section-2', 'example_subdag_operator' retrieved from /home/user/airflow/airflow_venv/lib/python3.10/site-packages/airflow/example_dags/example_subdag_operator.py
[2024-08-21T07:24:26.149+0700] {logging_mixin.py:190} INFO - [2024-08-21T07:24:26.149+0700] {dag.py:3211} INFO - Sync 3 DAGs
[2024-08-21T07:24:26.165+0700] {logging_mixin.py:190} INFO - [2024-08-21T07:24:26.165+0700] {dag.py:4138} INFO - Setting next_dagrun for example_subdag_operator to 2022-01-01 00:00:00+00:00, run_after=2022-01-01 00:00:00+00:00
[2024-08-21T07:24:26.167+0700] {logging_mixin.py:190} INFO - [2024-08-21T07:24:26.167+0700] {dag.py:4138} INFO - Setting next_dagrun for example_subdag_operator.section-1 to None, run_after=None
[2024-08-21T07:24:26.168+0700] {logging_mixin.py:190} INFO - [2024-08-21T07:24:26.168+0700] {dag.py:4138} INFO - Setting next_dagrun for example_subdag_operator.section-2 to None, run_after=None
[2024-08-21T07:24:26.172+0700] {logging_mixin.py:190} INFO - [2024-08-21T07:24:26.172+0700] {dag.py:3211} INFO - Sync 2 DAGs
[2024-08-21T07:24:26.175+0700] {logging_mixin.py:190} INFO - [2024-08-21T07:24:26.175+0700] {dag.py:4138} INFO - Setting next_dagrun for example_subdag_operator.section-1 to None, run_after=None
[2024-08-21T07:24:26.175+0700] {logging_mixin.py:190} INFO - [2024-08-21T07:24:26.175+0700] {dag.py:4138} INFO - Setting next_dagrun for example_subdag_operator.section-2 to None, run_after=None
[2024-08-21T07:24:26.187+0700] {processor.py:208} INFO - Processing /home/user/airflow/airflow_venv/lib/python3.10/site-packages/airflow/example_dags/example_subdag_operator.py took 0.082 seconds
[2024-08-21T07:25:22.862+0700] {processor.py:186} INFO - Started process (PID=4012) to work on /home/user/airflow/airflow_venv/lib/python3.10/site-packages/airflow/example_dags/example_subdag_operator.py
[2024-08-21T07:25:22.865+0700] {processor.py:914} INFO - Processing file /home/user/airflow/airflow_venv/lib/python3.10/site-packages/airflow/example_dags/example_subdag_operator.py for tasks to queue
[2024-08-21T07:25:22.866+0700] {logging_mixin.py:190} INFO - [2024-08-21T07:25:22.866+0700] {dagbag.py:587} INFO - Filling up the DagBag from /home/user/airflow/airflow_venv/lib/python3.10/site-packages/airflow/example_dags/example_subdag_operator.py
[2024-08-21T07:25:22.883+0700] {processor.py:925} INFO - DAG(s) 'example_subdag_operator.section-1', 'example_subdag_operator.section-2', 'example_subdag_operator' retrieved from /home/user/airflow/airflow_venv/lib/python3.10/site-packages/airflow/example_dags/example_subdag_operator.py
[2024-08-21T07:25:22.895+0700] {logging_mixin.py:190} INFO - [2024-08-21T07:25:22.895+0700] {dag.py:3211} INFO - Sync 3 DAGs
[2024-08-21T07:25:22.910+0700] {logging_mixin.py:190} INFO - [2024-08-21T07:25:22.910+0700] {dag.py:4138} INFO - Setting next_dagrun for example_subdag_operator to 2022-01-01 00:00:00+00:00, run_after=2022-01-01 00:00:00+00:00
[2024-08-21T07:25:22.912+0700] {logging_mixin.py:190} INFO - [2024-08-21T07:25:22.912+0700] {dag.py:4138} INFO - Setting next_dagrun for example_subdag_operator.section-1 to None, run_after=None
[2024-08-21T07:25:22.913+0700] {logging_mixin.py:190} INFO - [2024-08-21T07:25:22.913+0700] {dag.py:4138} INFO - Setting next_dagrun for example_subdag_operator.section-2 to None, run_after=None
[2024-08-21T07:25:22.918+0700] {logging_mixin.py:190} INFO - [2024-08-21T07:25:22.918+0700] {dag.py:3211} INFO - Sync 2 DAGs
[2024-08-21T07:25:22.922+0700] {logging_mixin.py:190} INFO - [2024-08-21T07:25:22.922+0700] {dag.py:4138} INFO - Setting next_dagrun for example_subdag_operator.section-1 to None, run_after=None
[2024-08-21T07:25:22.922+0700] {logging_mixin.py:190} INFO - [2024-08-21T07:25:22.922+0700] {dag.py:4138} INFO - Setting next_dagrun for example_subdag_operator.section-2 to None, run_after=None
[2024-08-21T07:25:22.938+0700] {processor.py:208} INFO - Processing /home/user/airflow/airflow_venv/lib/python3.10/site-packages/airflow/example_dags/example_subdag_operator.py took 0.081 seconds
[2024-08-21T07:26:14.767+0700] {processor.py:186} INFO - Started process (PID=4426) to work on /home/user/airflow/airflow_venv/lib/python3.10/site-packages/airflow/example_dags/example_subdag_operator.py
[2024-08-21T07:26:14.774+0700] {processor.py:914} INFO - Processing file /home/user/airflow/airflow_venv/lib/python3.10/site-packages/airflow/example_dags/example_subdag_operator.py for tasks to queue
[2024-08-21T07:26:14.776+0700] {logging_mixin.py:190} INFO - [2024-08-21T07:26:14.776+0700] {dagbag.py:587} INFO - Filling up the DagBag from /home/user/airflow/airflow_venv/lib/python3.10/site-packages/airflow/example_dags/example_subdag_operator.py
[2024-08-21T07:26:14.799+0700] {processor.py:925} INFO - DAG(s) 'example_subdag_operator.section-1', 'example_subdag_operator.section-2', 'example_subdag_operator' retrieved from /home/user/airflow/airflow_venv/lib/python3.10/site-packages/airflow/example_dags/example_subdag_operator.py
[2024-08-21T07:26:14.812+0700] {logging_mixin.py:190} INFO - [2024-08-21T07:26:14.811+0700] {dag.py:3211} INFO - Sync 3 DAGs
[2024-08-21T07:26:14.827+0700] {logging_mixin.py:190} INFO - [2024-08-21T07:26:14.827+0700] {dag.py:4138} INFO - Setting next_dagrun for example_subdag_operator to 2022-01-01 00:00:00+00:00, run_after=2022-01-01 00:00:00+00:00
[2024-08-21T07:26:14.829+0700] {logging_mixin.py:190} INFO - [2024-08-21T07:26:14.829+0700] {dag.py:4138} INFO - Setting next_dagrun for example_subdag_operator.section-1 to None, run_after=None
[2024-08-21T07:26:14.830+0700] {logging_mixin.py:190} INFO - [2024-08-21T07:26:14.830+0700] {dag.py:4138} INFO - Setting next_dagrun for example_subdag_operator.section-2 to None, run_after=None
[2024-08-21T07:26:14.834+0700] {logging_mixin.py:190} INFO - [2024-08-21T07:26:14.834+0700] {dag.py:3211} INFO - Sync 2 DAGs
[2024-08-21T07:26:14.837+0700] {logging_mixin.py:190} INFO - [2024-08-21T07:26:14.837+0700] {dag.py:4138} INFO - Setting next_dagrun for example_subdag_operator.section-1 to None, run_after=None
[2024-08-21T07:26:14.837+0700] {logging_mixin.py:190} INFO - [2024-08-21T07:26:14.837+0700] {dag.py:4138} INFO - Setting next_dagrun for example_subdag_operator.section-2 to None, run_after=None
[2024-08-21T07:26:14.850+0700] {processor.py:208} INFO - Processing /home/user/airflow/airflow_venv/lib/python3.10/site-packages/airflow/example_dags/example_subdag_operator.py took 0.088 seconds
[2024-08-21T07:27:07.067+0700] {processor.py:186} INFO - Started process (PID=4841) to work on /home/user/airflow/airflow_venv/lib/python3.10/site-packages/airflow/example_dags/example_subdag_operator.py
[2024-08-21T07:27:07.069+0700] {processor.py:914} INFO - Processing file /home/user/airflow/airflow_venv/lib/python3.10/site-packages/airflow/example_dags/example_subdag_operator.py for tasks to queue
[2024-08-21T07:27:07.071+0700] {logging_mixin.py:190} INFO - [2024-08-21T07:27:07.071+0700] {dagbag.py:587} INFO - Filling up the DagBag from /home/user/airflow/airflow_venv/lib/python3.10/site-packages/airflow/example_dags/example_subdag_operator.py
[2024-08-21T07:27:07.088+0700] {processor.py:925} INFO - DAG(s) 'example_subdag_operator.section-1', 'example_subdag_operator.section-2', 'example_subdag_operator' retrieved from /home/user/airflow/airflow_venv/lib/python3.10/site-packages/airflow/example_dags/example_subdag_operator.py
[2024-08-21T07:27:07.098+0700] {logging_mixin.py:190} INFO - [2024-08-21T07:27:07.098+0700] {dag.py:3211} INFO - Sync 3 DAGs
[2024-08-21T07:27:07.111+0700] {logging_mixin.py:190} INFO - [2024-08-21T07:27:07.111+0700] {dag.py:4138} INFO - Setting next_dagrun for example_subdag_operator to 2022-01-01 00:00:00+00:00, run_after=2022-01-01 00:00:00+00:00
[2024-08-21T07:27:07.114+0700] {logging_mixin.py:190} INFO - [2024-08-21T07:27:07.114+0700] {dag.py:4138} INFO - Setting next_dagrun for example_subdag_operator.section-1 to None, run_after=None
[2024-08-21T07:27:07.115+0700] {logging_mixin.py:190} INFO - [2024-08-21T07:27:07.114+0700] {dag.py:4138} INFO - Setting next_dagrun for example_subdag_operator.section-2 to None, run_after=None
[2024-08-21T07:27:07.119+0700] {logging_mixin.py:190} INFO - [2024-08-21T07:27:07.119+0700] {dag.py:3211} INFO - Sync 2 DAGs
[2024-08-21T07:27:07.122+0700] {logging_mixin.py:190} INFO - [2024-08-21T07:27:07.122+0700] {dag.py:4138} INFO - Setting next_dagrun for example_subdag_operator.section-1 to None, run_after=None
[2024-08-21T07:27:07.122+0700] {logging_mixin.py:190} INFO - [2024-08-21T07:27:07.122+0700] {dag.py:4138} INFO - Setting next_dagrun for example_subdag_operator.section-2 to None, run_after=None
[2024-08-21T07:27:07.134+0700] {processor.py:208} INFO - Processing /home/user/airflow/airflow_venv/lib/python3.10/site-packages/airflow/example_dags/example_subdag_operator.py took 0.071 seconds
[2024-08-21T07:27:57.787+0700] {processor.py:186} INFO - Started process (PID=5271) to work on /home/user/airflow/airflow_venv/lib/python3.10/site-packages/airflow/example_dags/example_subdag_operator.py
[2024-08-21T07:27:57.788+0700] {processor.py:914} INFO - Processing file /home/user/airflow/airflow_venv/lib/python3.10/site-packages/airflow/example_dags/example_subdag_operator.py for tasks to queue
[2024-08-21T07:27:57.790+0700] {logging_mixin.py:190} INFO - [2024-08-21T07:27:57.789+0700] {dagbag.py:587} INFO - Filling up the DagBag from /home/user/airflow/airflow_venv/lib/python3.10/site-packages/airflow/example_dags/example_subdag_operator.py
[2024-08-21T07:27:57.810+0700] {processor.py:925} INFO - DAG(s) 'example_subdag_operator.section-1', 'example_subdag_operator.section-2', 'example_subdag_operator' retrieved from /home/user/airflow/airflow_venv/lib/python3.10/site-packages/airflow/example_dags/example_subdag_operator.py
[2024-08-21T07:27:57.824+0700] {logging_mixin.py:190} INFO - [2024-08-21T07:27:57.824+0700] {dag.py:3211} INFO - Sync 3 DAGs
[2024-08-21T07:27:57.840+0700] {logging_mixin.py:190} INFO - [2024-08-21T07:27:57.840+0700] {dag.py:4138} INFO - Setting next_dagrun for example_subdag_operator to 2022-01-01 00:00:00+00:00, run_after=2022-01-01 00:00:00+00:00
[2024-08-21T07:27:57.842+0700] {logging_mixin.py:190} INFO - [2024-08-21T07:27:57.842+0700] {dag.py:4138} INFO - Setting next_dagrun for example_subdag_operator.section-1 to None, run_after=None
[2024-08-21T07:27:57.843+0700] {logging_mixin.py:190} INFO - [2024-08-21T07:27:57.843+0700] {dag.py:4138} INFO - Setting next_dagrun for example_subdag_operator.section-2 to None, run_after=None
[2024-08-21T07:27:57.847+0700] {logging_mixin.py:190} INFO - [2024-08-21T07:27:57.847+0700] {dag.py:3211} INFO - Sync 2 DAGs
[2024-08-21T07:27:57.850+0700] {logging_mixin.py:190} INFO - [2024-08-21T07:27:57.849+0700] {dag.py:4138} INFO - Setting next_dagrun for example_subdag_operator.section-1 to None, run_after=None
[2024-08-21T07:27:57.850+0700] {logging_mixin.py:190} INFO - [2024-08-21T07:27:57.850+0700] {dag.py:4138} INFO - Setting next_dagrun for example_subdag_operator.section-2 to None, run_after=None
[2024-08-21T07:27:57.863+0700] {processor.py:208} INFO - Processing /home/user/airflow/airflow_venv/lib/python3.10/site-packages/airflow/example_dags/example_subdag_operator.py took 0.081 seconds
[2024-08-21T07:28:49.600+0700] {processor.py:186} INFO - Started process (PID=5760) to work on /home/user/airflow/airflow_venv/lib/python3.10/site-packages/airflow/example_dags/example_subdag_operator.py
[2024-08-21T07:28:49.601+0700] {processor.py:914} INFO - Processing file /home/user/airflow/airflow_venv/lib/python3.10/site-packages/airflow/example_dags/example_subdag_operator.py for tasks to queue
[2024-08-21T07:28:49.604+0700] {logging_mixin.py:190} INFO - [2024-08-21T07:28:49.603+0700] {dagbag.py:587} INFO - Filling up the DagBag from /home/user/airflow/airflow_venv/lib/python3.10/site-packages/airflow/example_dags/example_subdag_operator.py
[2024-08-21T07:28:49.623+0700] {processor.py:925} INFO - DAG(s) 'example_subdag_operator.section-1', 'example_subdag_operator.section-2', 'example_subdag_operator' retrieved from /home/user/airflow/airflow_venv/lib/python3.10/site-packages/airflow/example_dags/example_subdag_operator.py
[2024-08-21T07:28:49.634+0700] {logging_mixin.py:190} INFO - [2024-08-21T07:28:49.634+0700] {dag.py:3211} INFO - Sync 3 DAGs
[2024-08-21T07:28:49.650+0700] {logging_mixin.py:190} INFO - [2024-08-21T07:28:49.650+0700] {dag.py:4138} INFO - Setting next_dagrun for example_subdag_operator to 2022-01-01 00:00:00+00:00, run_after=2022-01-01 00:00:00+00:00
[2024-08-21T07:28:49.652+0700] {logging_mixin.py:190} INFO - [2024-08-21T07:28:49.652+0700] {dag.py:4138} INFO - Setting next_dagrun for example_subdag_operator.section-1 to None, run_after=None
[2024-08-21T07:28:49.653+0700] {logging_mixin.py:190} INFO - [2024-08-21T07:28:49.653+0700] {dag.py:4138} INFO - Setting next_dagrun for example_subdag_operator.section-2 to None, run_after=None
[2024-08-21T07:28:49.657+0700] {logging_mixin.py:190} INFO - [2024-08-21T07:28:49.657+0700] {dag.py:3211} INFO - Sync 2 DAGs
[2024-08-21T07:28:49.660+0700] {logging_mixin.py:190} INFO - [2024-08-21T07:28:49.660+0700] {dag.py:4138} INFO - Setting next_dagrun for example_subdag_operator.section-1 to None, run_after=None
[2024-08-21T07:28:49.660+0700] {logging_mixin.py:190} INFO - [2024-08-21T07:28:49.660+0700] {dag.py:4138} INFO - Setting next_dagrun for example_subdag_operator.section-2 to None, run_after=None
[2024-08-21T07:28:49.674+0700] {processor.py:208} INFO - Processing /home/user/airflow/airflow_venv/lib/python3.10/site-packages/airflow/example_dags/example_subdag_operator.py took 0.080 seconds
[2024-08-21T07:29:40.301+0700] {processor.py:186} INFO - Started process (PID=6155) to work on /home/user/airflow/airflow_venv/lib/python3.10/site-packages/airflow/example_dags/example_subdag_operator.py
[2024-08-21T07:29:40.303+0700] {processor.py:914} INFO - Processing file /home/user/airflow/airflow_venv/lib/python3.10/site-packages/airflow/example_dags/example_subdag_operator.py for tasks to queue
[2024-08-21T07:29:40.305+0700] {logging_mixin.py:190} INFO - [2024-08-21T07:29:40.305+0700] {dagbag.py:587} INFO - Filling up the DagBag from /home/user/airflow/airflow_venv/lib/python3.10/site-packages/airflow/example_dags/example_subdag_operator.py
[2024-08-21T07:29:40.321+0700] {processor.py:925} INFO - DAG(s) 'example_subdag_operator.section-1', 'example_subdag_operator.section-2', 'example_subdag_operator' retrieved from /home/user/airflow/airflow_venv/lib/python3.10/site-packages/airflow/example_dags/example_subdag_operator.py
[2024-08-21T07:29:40.331+0700] {logging_mixin.py:190} INFO - [2024-08-21T07:29:40.331+0700] {dag.py:3211} INFO - Sync 3 DAGs
[2024-08-21T07:29:40.345+0700] {logging_mixin.py:190} INFO - [2024-08-21T07:29:40.344+0700] {dag.py:4138} INFO - Setting next_dagrun for example_subdag_operator to 2022-01-01 00:00:00+00:00, run_after=2022-01-01 00:00:00+00:00
[2024-08-21T07:29:40.346+0700] {logging_mixin.py:190} INFO - [2024-08-21T07:29:40.346+0700] {dag.py:4138} INFO - Setting next_dagrun for example_subdag_operator.section-1 to None, run_after=None
[2024-08-21T07:29:40.347+0700] {logging_mixin.py:190} INFO - [2024-08-21T07:29:40.347+0700] {dag.py:4138} INFO - Setting next_dagrun for example_subdag_operator.section-2 to None, run_after=None
[2024-08-21T07:29:40.353+0700] {logging_mixin.py:190} INFO - [2024-08-21T07:29:40.353+0700] {dag.py:3211} INFO - Sync 2 DAGs
[2024-08-21T07:29:40.357+0700] {logging_mixin.py:190} INFO - [2024-08-21T07:29:40.356+0700] {dag.py:4138} INFO - Setting next_dagrun for example_subdag_operator.section-1 to None, run_after=None
[2024-08-21T07:29:40.357+0700] {logging_mixin.py:190} INFO - [2024-08-21T07:29:40.357+0700] {dag.py:4138} INFO - Setting next_dagrun for example_subdag_operator.section-2 to None, run_after=None
[2024-08-21T07:29:40.380+0700] {processor.py:208} INFO - Processing /home/user/airflow/airflow_venv/lib/python3.10/site-packages/airflow/example_dags/example_subdag_operator.py took 0.082 seconds
[2024-08-21T07:30:29.279+0700] {processor.py:186} INFO - Started process (PID=6612) to work on /home/user/airflow/airflow_venv/lib/python3.10/site-packages/airflow/example_dags/example_subdag_operator.py
[2024-08-21T07:30:29.281+0700] {processor.py:914} INFO - Processing file /home/user/airflow/airflow_venv/lib/python3.10/site-packages/airflow/example_dags/example_subdag_operator.py for tasks to queue
[2024-08-21T07:30:29.283+0700] {logging_mixin.py:190} INFO - [2024-08-21T07:30:29.282+0700] {dagbag.py:587} INFO - Filling up the DagBag from /home/user/airflow/airflow_venv/lib/python3.10/site-packages/airflow/example_dags/example_subdag_operator.py
[2024-08-21T07:30:29.300+0700] {processor.py:925} INFO - DAG(s) 'example_subdag_operator.section-1', 'example_subdag_operator.section-2', 'example_subdag_operator' retrieved from /home/user/airflow/airflow_venv/lib/python3.10/site-packages/airflow/example_dags/example_subdag_operator.py
[2024-08-21T07:30:29.311+0700] {logging_mixin.py:190} INFO - [2024-08-21T07:30:29.310+0700] {dag.py:3211} INFO - Sync 3 DAGs
[2024-08-21T07:30:29.324+0700] {logging_mixin.py:190} INFO - [2024-08-21T07:30:29.324+0700] {dag.py:4138} INFO - Setting next_dagrun for example_subdag_operator to 2022-01-01 00:00:00+00:00, run_after=2022-01-01 00:00:00+00:00
[2024-08-21T07:30:29.326+0700] {logging_mixin.py:190} INFO - [2024-08-21T07:30:29.326+0700] {dag.py:4138} INFO - Setting next_dagrun for example_subdag_operator.section-1 to None, run_after=None
[2024-08-21T07:30:29.327+0700] {logging_mixin.py:190} INFO - [2024-08-21T07:30:29.327+0700] {dag.py:4138} INFO - Setting next_dagrun for example_subdag_operator.section-2 to None, run_after=None
[2024-08-21T07:30:29.331+0700] {logging_mixin.py:190} INFO - [2024-08-21T07:30:29.331+0700] {dag.py:3211} INFO - Sync 2 DAGs
[2024-08-21T07:30:29.334+0700] {logging_mixin.py:190} INFO - [2024-08-21T07:30:29.333+0700] {dag.py:4138} INFO - Setting next_dagrun for example_subdag_operator.section-1 to None, run_after=None
[2024-08-21T07:30:29.334+0700] {logging_mixin.py:190} INFO - [2024-08-21T07:30:29.334+0700] {dag.py:4138} INFO - Setting next_dagrun for example_subdag_operator.section-2 to None, run_after=None
[2024-08-21T07:30:29.347+0700] {processor.py:208} INFO - Processing /home/user/airflow/airflow_venv/lib/python3.10/site-packages/airflow/example_dags/example_subdag_operator.py took 0.072 seconds
[2024-08-21T07:31:17.751+0700] {processor.py:186} INFO - Started process (PID=7132) to work on /home/user/airflow/airflow_venv/lib/python3.10/site-packages/airflow/example_dags/example_subdag_operator.py
[2024-08-21T07:31:17.757+0700] {processor.py:914} INFO - Processing file /home/user/airflow/airflow_venv/lib/python3.10/site-packages/airflow/example_dags/example_subdag_operator.py for tasks to queue
[2024-08-21T07:31:17.765+0700] {logging_mixin.py:190} INFO - [2024-08-21T07:31:17.764+0700] {dagbag.py:587} INFO - Filling up the DagBag from /home/user/airflow/airflow_venv/lib/python3.10/site-packages/airflow/example_dags/example_subdag_operator.py
[2024-08-21T07:31:17.851+0700] {processor.py:925} INFO - DAG(s) 'example_subdag_operator.section-1', 'example_subdag_operator.section-2', 'example_subdag_operator' retrieved from /home/user/airflow/airflow_venv/lib/python3.10/site-packages/airflow/example_dags/example_subdag_operator.py
[2024-08-21T07:31:17.882+0700] {logging_mixin.py:190} INFO - [2024-08-21T07:31:17.882+0700] {dag.py:3211} INFO - Sync 3 DAGs
[2024-08-21T07:31:17.899+0700] {logging_mixin.py:190} INFO - [2024-08-21T07:31:17.899+0700] {dag.py:4138} INFO - Setting next_dagrun for example_subdag_operator to 2022-01-01 00:00:00+00:00, run_after=2022-01-01 00:00:00+00:00
[2024-08-21T07:31:17.901+0700] {logging_mixin.py:190} INFO - [2024-08-21T07:31:17.901+0700] {dag.py:4138} INFO - Setting next_dagrun for example_subdag_operator.section-1 to None, run_after=None
[2024-08-21T07:31:17.902+0700] {logging_mixin.py:190} INFO - [2024-08-21T07:31:17.902+0700] {dag.py:4138} INFO - Setting next_dagrun for example_subdag_operator.section-2 to None, run_after=None
[2024-08-21T07:31:17.906+0700] {logging_mixin.py:190} INFO - [2024-08-21T07:31:17.906+0700] {dag.py:3211} INFO - Sync 2 DAGs
[2024-08-21T07:31:17.909+0700] {logging_mixin.py:190} INFO - [2024-08-21T07:31:17.909+0700] {dag.py:4138} INFO - Setting next_dagrun for example_subdag_operator.section-1 to None, run_after=None
[2024-08-21T07:31:17.909+0700] {logging_mixin.py:190} INFO - [2024-08-21T07:31:17.909+0700] {dag.py:4138} INFO - Setting next_dagrun for example_subdag_operator.section-2 to None, run_after=None
[2024-08-21T07:31:17.926+0700] {processor.py:208} INFO - Processing /home/user/airflow/airflow_venv/lib/python3.10/site-packages/airflow/example_dags/example_subdag_operator.py took 0.202 seconds
[2024-08-21T07:32:05.824+0700] {processor.py:186} INFO - Started process (PID=7559) to work on /home/user/airflow/airflow_venv/lib/python3.10/site-packages/airflow/example_dags/example_subdag_operator.py
[2024-08-21T07:32:05.825+0700] {processor.py:914} INFO - Processing file /home/user/airflow/airflow_venv/lib/python3.10/site-packages/airflow/example_dags/example_subdag_operator.py for tasks to queue
[2024-08-21T07:32:05.827+0700] {logging_mixin.py:190} INFO - [2024-08-21T07:32:05.827+0700] {dagbag.py:587} INFO - Filling up the DagBag from /home/user/airflow/airflow_venv/lib/python3.10/site-packages/airflow/example_dags/example_subdag_operator.py
[2024-08-21T07:32:05.847+0700] {processor.py:925} INFO - DAG(s) 'example_subdag_operator.section-1', 'example_subdag_operator.section-2', 'example_subdag_operator' retrieved from /home/user/airflow/airflow_venv/lib/python3.10/site-packages/airflow/example_dags/example_subdag_operator.py
[2024-08-21T07:32:05.858+0700] {logging_mixin.py:190} INFO - [2024-08-21T07:32:05.858+0700] {dag.py:3211} INFO - Sync 3 DAGs
[2024-08-21T07:32:05.872+0700] {logging_mixin.py:190} INFO - [2024-08-21T07:32:05.872+0700] {dag.py:4138} INFO - Setting next_dagrun for example_subdag_operator to 2022-01-01 00:00:00+00:00, run_after=2022-01-01 00:00:00+00:00
[2024-08-21T07:32:05.874+0700] {logging_mixin.py:190} INFO - [2024-08-21T07:32:05.874+0700] {dag.py:4138} INFO - Setting next_dagrun for example_subdag_operator.section-1 to None, run_after=None
[2024-08-21T07:32:05.875+0700] {logging_mixin.py:190} INFO - [2024-08-21T07:32:05.875+0700] {dag.py:4138} INFO - Setting next_dagrun for example_subdag_operator.section-2 to None, run_after=None
[2024-08-21T07:32:05.879+0700] {logging_mixin.py:190} INFO - [2024-08-21T07:32:05.879+0700] {dag.py:3211} INFO - Sync 2 DAGs
[2024-08-21T07:32:05.882+0700] {logging_mixin.py:190} INFO - [2024-08-21T07:32:05.882+0700] {dag.py:4138} INFO - Setting next_dagrun for example_subdag_operator.section-1 to None, run_after=None
[2024-08-21T07:32:05.882+0700] {logging_mixin.py:190} INFO - [2024-08-21T07:32:05.882+0700] {dag.py:4138} INFO - Setting next_dagrun for example_subdag_operator.section-2 to None, run_after=None
[2024-08-21T07:32:05.895+0700] {processor.py:208} INFO - Processing /home/user/airflow/airflow_venv/lib/python3.10/site-packages/airflow/example_dags/example_subdag_operator.py took 0.077 seconds
[2024-08-21T07:32:56.984+0700] {processor.py:186} INFO - Started process (PID=8049) to work on /home/user/airflow/airflow_venv/lib/python3.10/site-packages/airflow/example_dags/example_subdag_operator.py
[2024-08-21T07:32:56.990+0700] {processor.py:914} INFO - Processing file /home/user/airflow/airflow_venv/lib/python3.10/site-packages/airflow/example_dags/example_subdag_operator.py for tasks to queue
[2024-08-21T07:32:56.992+0700] {logging_mixin.py:190} INFO - [2024-08-21T07:32:56.991+0700] {dagbag.py:587} INFO - Filling up the DagBag from /home/user/airflow/airflow_venv/lib/python3.10/site-packages/airflow/example_dags/example_subdag_operator.py
[2024-08-21T07:32:57.013+0700] {processor.py:925} INFO - DAG(s) 'example_subdag_operator.section-1', 'example_subdag_operator.section-2', 'example_subdag_operator' retrieved from /home/user/airflow/airflow_venv/lib/python3.10/site-packages/airflow/example_dags/example_subdag_operator.py
[2024-08-21T07:32:57.024+0700] {logging_mixin.py:190} INFO - [2024-08-21T07:32:57.024+0700] {dag.py:3211} INFO - Sync 3 DAGs
[2024-08-21T07:32:57.038+0700] {logging_mixin.py:190} INFO - [2024-08-21T07:32:57.037+0700] {dag.py:4138} INFO - Setting next_dagrun for example_subdag_operator to 2022-01-01 00:00:00+00:00, run_after=2022-01-01 00:00:00+00:00
[2024-08-21T07:32:57.041+0700] {logging_mixin.py:190} INFO - [2024-08-21T07:32:57.041+0700] {dag.py:4138} INFO - Setting next_dagrun for example_subdag_operator.section-1 to None, run_after=None
[2024-08-21T07:32:57.041+0700] {logging_mixin.py:190} INFO - [2024-08-21T07:32:57.041+0700] {dag.py:4138} INFO - Setting next_dagrun for example_subdag_operator.section-2 to None, run_after=None
[2024-08-21T07:32:57.046+0700] {logging_mixin.py:190} INFO - [2024-08-21T07:32:57.046+0700] {dag.py:3211} INFO - Sync 2 DAGs
[2024-08-21T07:32:57.049+0700] {logging_mixin.py:190} INFO - [2024-08-21T07:32:57.049+0700] {dag.py:4138} INFO - Setting next_dagrun for example_subdag_operator.section-1 to None, run_after=None
[2024-08-21T07:32:57.049+0700] {logging_mixin.py:190} INFO - [2024-08-21T07:32:57.049+0700] {dag.py:4138} INFO - Setting next_dagrun for example_subdag_operator.section-2 to None, run_after=None
[2024-08-21T07:32:57.063+0700] {processor.py:208} INFO - Processing /home/user/airflow/airflow_venv/lib/python3.10/site-packages/airflow/example_dags/example_subdag_operator.py took 0.083 seconds
[2024-08-21T07:33:49.524+0700] {processor.py:186} INFO - Started process (PID=8576) to work on /home/user/airflow/airflow_venv/lib/python3.10/site-packages/airflow/example_dags/example_subdag_operator.py
[2024-08-21T07:33:49.531+0700] {processor.py:914} INFO - Processing file /home/user/airflow/airflow_venv/lib/python3.10/site-packages/airflow/example_dags/example_subdag_operator.py for tasks to queue
[2024-08-21T07:33:49.532+0700] {logging_mixin.py:190} INFO - [2024-08-21T07:33:49.532+0700] {dagbag.py:587} INFO - Filling up the DagBag from /home/user/airflow/airflow_venv/lib/python3.10/site-packages/airflow/example_dags/example_subdag_operator.py
[2024-08-21T07:33:49.551+0700] {processor.py:925} INFO - DAG(s) 'example_subdag_operator.section-1', 'example_subdag_operator.section-2', 'example_subdag_operator' retrieved from /home/user/airflow/airflow_venv/lib/python3.10/site-packages/airflow/example_dags/example_subdag_operator.py
[2024-08-21T07:33:49.562+0700] {logging_mixin.py:190} INFO - [2024-08-21T07:33:49.562+0700] {dag.py:3211} INFO - Sync 3 DAGs
[2024-08-21T07:33:49.578+0700] {logging_mixin.py:190} INFO - [2024-08-21T07:33:49.578+0700] {dag.py:4138} INFO - Setting next_dagrun for example_subdag_operator to 2022-01-01 00:00:00+00:00, run_after=2022-01-01 00:00:00+00:00
[2024-08-21T07:33:49.580+0700] {logging_mixin.py:190} INFO - [2024-08-21T07:33:49.580+0700] {dag.py:4138} INFO - Setting next_dagrun for example_subdag_operator.section-1 to None, run_after=None
[2024-08-21T07:33:49.581+0700] {logging_mixin.py:190} INFO - [2024-08-21T07:33:49.581+0700] {dag.py:4138} INFO - Setting next_dagrun for example_subdag_operator.section-2 to None, run_after=None
[2024-08-21T07:33:49.586+0700] {logging_mixin.py:190} INFO - [2024-08-21T07:33:49.586+0700] {dag.py:3211} INFO - Sync 2 DAGs
[2024-08-21T07:33:49.589+0700] {logging_mixin.py:190} INFO - [2024-08-21T07:33:49.589+0700] {dag.py:4138} INFO - Setting next_dagrun for example_subdag_operator.section-1 to None, run_after=None
[2024-08-21T07:33:49.589+0700] {logging_mixin.py:190} INFO - [2024-08-21T07:33:49.589+0700] {dag.py:4138} INFO - Setting next_dagrun for example_subdag_operator.section-2 to None, run_after=None
[2024-08-21T07:33:49.602+0700] {processor.py:208} INFO - Processing /home/user/airflow/airflow_venv/lib/python3.10/site-packages/airflow/example_dags/example_subdag_operator.py took 0.083 seconds
[2024-08-21T07:34:44.347+0700] {processor.py:186} INFO - Started process (PID=9375) to work on /home/user/airflow/airflow_venv/lib/python3.10/site-packages/airflow/example_dags/example_subdag_operator.py
[2024-08-21T07:34:44.348+0700] {processor.py:914} INFO - Processing file /home/user/airflow/airflow_venv/lib/python3.10/site-packages/airflow/example_dags/example_subdag_operator.py for tasks to queue
[2024-08-21T07:34:44.351+0700] {logging_mixin.py:190} INFO - [2024-08-21T07:34:44.350+0700] {dagbag.py:587} INFO - Filling up the DagBag from /home/user/airflow/airflow_venv/lib/python3.10/site-packages/airflow/example_dags/example_subdag_operator.py
[2024-08-21T07:34:44.369+0700] {processor.py:925} INFO - DAG(s) 'example_subdag_operator.section-1', 'example_subdag_operator.section-2', 'example_subdag_operator' retrieved from /home/user/airflow/airflow_venv/lib/python3.10/site-packages/airflow/example_dags/example_subdag_operator.py
[2024-08-21T07:34:44.380+0700] {logging_mixin.py:190} INFO - [2024-08-21T07:34:44.380+0700] {dag.py:3211} INFO - Sync 3 DAGs
[2024-08-21T07:34:44.394+0700] {logging_mixin.py:190} INFO - [2024-08-21T07:34:44.394+0700] {dag.py:4138} INFO - Setting next_dagrun for example_subdag_operator to 2022-01-01 00:00:00+00:00, run_after=2022-01-01 00:00:00+00:00
[2024-08-21T07:34:44.396+0700] {logging_mixin.py:190} INFO - [2024-08-21T07:34:44.396+0700] {dag.py:4138} INFO - Setting next_dagrun for example_subdag_operator.section-1 to None, run_after=None
[2024-08-21T07:34:44.397+0700] {logging_mixin.py:190} INFO - [2024-08-21T07:34:44.397+0700] {dag.py:4138} INFO - Setting next_dagrun for example_subdag_operator.section-2 to None, run_after=None
[2024-08-21T07:34:44.402+0700] {logging_mixin.py:190} INFO - [2024-08-21T07:34:44.401+0700] {dag.py:3211} INFO - Sync 2 DAGs
[2024-08-21T07:34:44.404+0700] {logging_mixin.py:190} INFO - [2024-08-21T07:34:44.404+0700] {dag.py:4138} INFO - Setting next_dagrun for example_subdag_operator.section-1 to None, run_after=None
[2024-08-21T07:34:44.404+0700] {logging_mixin.py:190} INFO - [2024-08-21T07:34:44.404+0700] {dag.py:4138} INFO - Setting next_dagrun for example_subdag_operator.section-2 to None, run_after=None
[2024-08-21T07:34:44.419+0700] {processor.py:208} INFO - Processing /home/user/airflow/airflow_venv/lib/python3.10/site-packages/airflow/example_dags/example_subdag_operator.py took 0.078 seconds
[2024-08-21T07:35:35.421+0700] {processor.py:186} INFO - Started process (PID=10180) to work on /home/user/airflow/airflow_venv/lib/python3.10/site-packages/airflow/example_dags/example_subdag_operator.py
[2024-08-21T07:35:35.423+0700] {processor.py:914} INFO - Processing file /home/user/airflow/airflow_venv/lib/python3.10/site-packages/airflow/example_dags/example_subdag_operator.py for tasks to queue
[2024-08-21T07:35:35.425+0700] {logging_mixin.py:190} INFO - [2024-08-21T07:35:35.425+0700] {dagbag.py:587} INFO - Filling up the DagBag from /home/user/airflow/airflow_venv/lib/python3.10/site-packages/airflow/example_dags/example_subdag_operator.py
[2024-08-21T07:35:35.444+0700] {processor.py:925} INFO - DAG(s) 'example_subdag_operator.section-1', 'example_subdag_operator.section-2', 'example_subdag_operator' retrieved from /home/user/airflow/airflow_venv/lib/python3.10/site-packages/airflow/example_dags/example_subdag_operator.py
[2024-08-21T07:35:35.461+0700] {logging_mixin.py:190} INFO - [2024-08-21T07:35:35.461+0700] {dag.py:3211} INFO - Sync 3 DAGs
[2024-08-21T07:35:35.481+0700] {logging_mixin.py:190} INFO - [2024-08-21T07:35:35.481+0700] {dag.py:4138} INFO - Setting next_dagrun for example_subdag_operator to 2022-01-01 00:00:00+00:00, run_after=2022-01-01 00:00:00+00:00
[2024-08-21T07:35:35.483+0700] {logging_mixin.py:190} INFO - [2024-08-21T07:35:35.483+0700] {dag.py:4138} INFO - Setting next_dagrun for example_subdag_operator.section-1 to None, run_after=None
[2024-08-21T07:35:35.484+0700] {logging_mixin.py:190} INFO - [2024-08-21T07:35:35.484+0700] {dag.py:4138} INFO - Setting next_dagrun for example_subdag_operator.section-2 to None, run_after=None
[2024-08-21T07:35:35.489+0700] {logging_mixin.py:190} INFO - [2024-08-21T07:35:35.489+0700] {dag.py:3211} INFO - Sync 2 DAGs
[2024-08-21T07:35:35.492+0700] {logging_mixin.py:190} INFO - [2024-08-21T07:35:35.492+0700] {dag.py:4138} INFO - Setting next_dagrun for example_subdag_operator.section-1 to None, run_after=None
[2024-08-21T07:35:35.492+0700] {logging_mixin.py:190} INFO - [2024-08-21T07:35:35.492+0700] {dag.py:4138} INFO - Setting next_dagrun for example_subdag_operator.section-2 to None, run_after=None
[2024-08-21T07:35:35.508+0700] {processor.py:208} INFO - Processing /home/user/airflow/airflow_venv/lib/python3.10/site-packages/airflow/example_dags/example_subdag_operator.py took 0.093 seconds
[2024-08-21T07:36:29.686+0700] {processor.py:186} INFO - Started process (PID=10699) to work on /home/user/airflow/airflow_venv/lib/python3.10/site-packages/airflow/example_dags/example_subdag_operator.py
[2024-08-21T07:36:29.688+0700] {processor.py:914} INFO - Processing file /home/user/airflow/airflow_venv/lib/python3.10/site-packages/airflow/example_dags/example_subdag_operator.py for tasks to queue
[2024-08-21T07:36:29.691+0700] {logging_mixin.py:190} INFO - [2024-08-21T07:36:29.690+0700] {dagbag.py:587} INFO - Filling up the DagBag from /home/user/airflow/airflow_venv/lib/python3.10/site-packages/airflow/example_dags/example_subdag_operator.py
[2024-08-21T07:36:29.711+0700] {processor.py:925} INFO - DAG(s) 'example_subdag_operator.section-1', 'example_subdag_operator.section-2', 'example_subdag_operator' retrieved from /home/user/airflow/airflow_venv/lib/python3.10/site-packages/airflow/example_dags/example_subdag_operator.py
[2024-08-21T07:36:29.723+0700] {logging_mixin.py:190} INFO - [2024-08-21T07:36:29.723+0700] {dag.py:3211} INFO - Sync 3 DAGs
[2024-08-21T07:36:29.737+0700] {logging_mixin.py:190} INFO - [2024-08-21T07:36:29.737+0700] {dag.py:4138} INFO - Setting next_dagrun for example_subdag_operator to 2022-01-01 00:00:00+00:00, run_after=2022-01-01 00:00:00+00:00
[2024-08-21T07:36:29.739+0700] {logging_mixin.py:190} INFO - [2024-08-21T07:36:29.739+0700] {dag.py:4138} INFO - Setting next_dagrun for example_subdag_operator.section-1 to None, run_after=None
[2024-08-21T07:36:29.739+0700] {logging_mixin.py:190} INFO - [2024-08-21T07:36:29.739+0700] {dag.py:4138} INFO - Setting next_dagrun for example_subdag_operator.section-2 to None, run_after=None
[2024-08-21T07:36:29.743+0700] {logging_mixin.py:190} INFO - [2024-08-21T07:36:29.743+0700] {dag.py:3211} INFO - Sync 2 DAGs
[2024-08-21T07:36:29.746+0700] {logging_mixin.py:190} INFO - [2024-08-21T07:36:29.746+0700] {dag.py:4138} INFO - Setting next_dagrun for example_subdag_operator.section-1 to None, run_after=None
[2024-08-21T07:36:29.746+0700] {logging_mixin.py:190} INFO - [2024-08-21T07:36:29.746+0700] {dag.py:4138} INFO - Setting next_dagrun for example_subdag_operator.section-2 to None, run_after=None
[2024-08-21T07:36:29.760+0700] {processor.py:208} INFO - Processing /home/user/airflow/airflow_venv/lib/python3.10/site-packages/airflow/example_dags/example_subdag_operator.py took 0.081 seconds
[2024-08-21T07:37:21.663+0700] {processor.py:186} INFO - Started process (PID=11203) to work on /home/user/airflow/airflow_venv/lib/python3.10/site-packages/airflow/example_dags/example_subdag_operator.py
[2024-08-21T07:37:21.665+0700] {processor.py:914} INFO - Processing file /home/user/airflow/airflow_venv/lib/python3.10/site-packages/airflow/example_dags/example_subdag_operator.py for tasks to queue
[2024-08-21T07:37:21.667+0700] {logging_mixin.py:190} INFO - [2024-08-21T07:37:21.666+0700] {dagbag.py:587} INFO - Filling up the DagBag from /home/user/airflow/airflow_venv/lib/python3.10/site-packages/airflow/example_dags/example_subdag_operator.py
[2024-08-21T07:37:21.683+0700] {processor.py:925} INFO - DAG(s) 'example_subdag_operator.section-1', 'example_subdag_operator.section-2', 'example_subdag_operator' retrieved from /home/user/airflow/airflow_venv/lib/python3.10/site-packages/airflow/example_dags/example_subdag_operator.py
[2024-08-21T07:37:21.693+0700] {logging_mixin.py:190} INFO - [2024-08-21T07:37:21.693+0700] {dag.py:3211} INFO - Sync 3 DAGs
[2024-08-21T07:37:21.706+0700] {logging_mixin.py:190} INFO - [2024-08-21T07:37:21.705+0700] {dag.py:4138} INFO - Setting next_dagrun for example_subdag_operator to 2022-01-01 00:00:00+00:00, run_after=2022-01-01 00:00:00+00:00
[2024-08-21T07:37:21.708+0700] {logging_mixin.py:190} INFO - [2024-08-21T07:37:21.708+0700] {dag.py:4138} INFO - Setting next_dagrun for example_subdag_operator.section-1 to None, run_after=None
[2024-08-21T07:37:21.709+0700] {logging_mixin.py:190} INFO - [2024-08-21T07:37:21.708+0700] {dag.py:4138} INFO - Setting next_dagrun for example_subdag_operator.section-2 to None, run_after=None
[2024-08-21T07:37:21.712+0700] {logging_mixin.py:190} INFO - [2024-08-21T07:37:21.712+0700] {dag.py:3211} INFO - Sync 2 DAGs
[2024-08-21T07:37:21.715+0700] {logging_mixin.py:190} INFO - [2024-08-21T07:37:21.714+0700] {dag.py:4138} INFO - Setting next_dagrun for example_subdag_operator.section-1 to None, run_after=None
[2024-08-21T07:37:21.715+0700] {logging_mixin.py:190} INFO - [2024-08-21T07:37:21.715+0700] {dag.py:4138} INFO - Setting next_dagrun for example_subdag_operator.section-2 to None, run_after=None
[2024-08-21T07:37:21.726+0700] {processor.py:208} INFO - Processing /home/user/airflow/airflow_venv/lib/python3.10/site-packages/airflow/example_dags/example_subdag_operator.py took 0.067 seconds
[2024-08-21T07:38:14.872+0700] {processor.py:186} INFO - Started process (PID=11841) to work on /home/user/airflow/airflow_venv/lib/python3.10/site-packages/airflow/example_dags/example_subdag_operator.py
[2024-08-21T07:38:14.874+0700] {processor.py:914} INFO - Processing file /home/user/airflow/airflow_venv/lib/python3.10/site-packages/airflow/example_dags/example_subdag_operator.py for tasks to queue
[2024-08-21T07:38:14.877+0700] {logging_mixin.py:190} INFO - [2024-08-21T07:38:14.877+0700] {dagbag.py:587} INFO - Filling up the DagBag from /home/user/airflow/airflow_venv/lib/python3.10/site-packages/airflow/example_dags/example_subdag_operator.py
[2024-08-21T07:38:14.901+0700] {processor.py:925} INFO - DAG(s) 'example_subdag_operator.section-1', 'example_subdag_operator.section-2', 'example_subdag_operator' retrieved from /home/user/airflow/airflow_venv/lib/python3.10/site-packages/airflow/example_dags/example_subdag_operator.py
[2024-08-21T07:38:14.915+0700] {logging_mixin.py:190} INFO - [2024-08-21T07:38:14.915+0700] {dag.py:3211} INFO - Sync 3 DAGs
[2024-08-21T07:38:14.935+0700] {logging_mixin.py:190} INFO - [2024-08-21T07:38:14.935+0700] {dag.py:4138} INFO - Setting next_dagrun for example_subdag_operator to 2022-01-01 00:00:00+00:00, run_after=2022-01-01 00:00:00+00:00
[2024-08-21T07:38:14.940+0700] {logging_mixin.py:190} INFO - [2024-08-21T07:38:14.939+0700] {dag.py:4138} INFO - Setting next_dagrun for example_subdag_operator.section-1 to None, run_after=None
[2024-08-21T07:38:14.941+0700] {logging_mixin.py:190} INFO - [2024-08-21T07:38:14.941+0700] {dag.py:4138} INFO - Setting next_dagrun for example_subdag_operator.section-2 to None, run_after=None
[2024-08-21T07:38:14.948+0700] {logging_mixin.py:190} INFO - [2024-08-21T07:38:14.947+0700] {dag.py:3211} INFO - Sync 2 DAGs
[2024-08-21T07:38:14.952+0700] {logging_mixin.py:190} INFO - [2024-08-21T07:38:14.952+0700] {dag.py:4138} INFO - Setting next_dagrun for example_subdag_operator.section-1 to None, run_after=None
[2024-08-21T07:38:14.953+0700] {logging_mixin.py:190} INFO - [2024-08-21T07:38:14.952+0700] {dag.py:4138} INFO - Setting next_dagrun for example_subdag_operator.section-2 to None, run_after=None
[2024-08-21T07:38:14.969+0700] {processor.py:208} INFO - Processing /home/user/airflow/airflow_venv/lib/python3.10/site-packages/airflow/example_dags/example_subdag_operator.py took 0.102 seconds
[2024-08-21T07:39:06.909+0700] {processor.py:186} INFO - Started process (PID=12318) to work on /home/user/airflow/airflow_venv/lib/python3.10/site-packages/airflow/example_dags/example_subdag_operator.py
[2024-08-21T07:39:06.911+0700] {processor.py:914} INFO - Processing file /home/user/airflow/airflow_venv/lib/python3.10/site-packages/airflow/example_dags/example_subdag_operator.py for tasks to queue
[2024-08-21T07:39:06.913+0700] {logging_mixin.py:190} INFO - [2024-08-21T07:39:06.913+0700] {dagbag.py:587} INFO - Filling up the DagBag from /home/user/airflow/airflow_venv/lib/python3.10/site-packages/airflow/example_dags/example_subdag_operator.py
[2024-08-21T07:39:06.931+0700] {processor.py:925} INFO - DAG(s) 'example_subdag_operator.section-1', 'example_subdag_operator.section-2', 'example_subdag_operator' retrieved from /home/user/airflow/airflow_venv/lib/python3.10/site-packages/airflow/example_dags/example_subdag_operator.py
[2024-08-21T07:39:06.942+0700] {logging_mixin.py:190} INFO - [2024-08-21T07:39:06.942+0700] {dag.py:3211} INFO - Sync 3 DAGs
[2024-08-21T07:39:06.959+0700] {logging_mixin.py:190} INFO - [2024-08-21T07:39:06.959+0700] {dag.py:4138} INFO - Setting next_dagrun for example_subdag_operator to 2022-01-01 00:00:00+00:00, run_after=2022-01-01 00:00:00+00:00
[2024-08-21T07:39:06.962+0700] {logging_mixin.py:190} INFO - [2024-08-21T07:39:06.962+0700] {dag.py:4138} INFO - Setting next_dagrun for example_subdag_operator.section-1 to None, run_after=None
[2024-08-21T07:39:06.963+0700] {logging_mixin.py:190} INFO - [2024-08-21T07:39:06.963+0700] {dag.py:4138} INFO - Setting next_dagrun for example_subdag_operator.section-2 to None, run_after=None
[2024-08-21T07:39:06.970+0700] {logging_mixin.py:190} INFO - [2024-08-21T07:39:06.970+0700] {dag.py:3211} INFO - Sync 2 DAGs
[2024-08-21T07:39:06.974+0700] {logging_mixin.py:190} INFO - [2024-08-21T07:39:06.974+0700] {dag.py:4138} INFO - Setting next_dagrun for example_subdag_operator.section-1 to None, run_after=None
[2024-08-21T07:39:06.974+0700] {logging_mixin.py:190} INFO - [2024-08-21T07:39:06.974+0700] {dag.py:4138} INFO - Setting next_dagrun for example_subdag_operator.section-2 to None, run_after=None
[2024-08-21T07:39:06.992+0700] {processor.py:208} INFO - Processing /home/user/airflow/airflow_venv/lib/python3.10/site-packages/airflow/example_dags/example_subdag_operator.py took 0.088 seconds
[2024-08-21T07:39:59.894+0700] {processor.py:186} INFO - Started process (PID=12955) to work on /home/user/airflow/airflow_venv/lib/python3.10/site-packages/airflow/example_dags/example_subdag_operator.py
[2024-08-21T07:39:59.895+0700] {processor.py:914} INFO - Processing file /home/user/airflow/airflow_venv/lib/python3.10/site-packages/airflow/example_dags/example_subdag_operator.py for tasks to queue
[2024-08-21T07:39:59.897+0700] {logging_mixin.py:190} INFO - [2024-08-21T07:39:59.897+0700] {dagbag.py:587} INFO - Filling up the DagBag from /home/user/airflow/airflow_venv/lib/python3.10/site-packages/airflow/example_dags/example_subdag_operator.py
[2024-08-21T07:39:59.914+0700] {processor.py:925} INFO - DAG(s) 'example_subdag_operator.section-1', 'example_subdag_operator.section-2', 'example_subdag_operator' retrieved from /home/user/airflow/airflow_venv/lib/python3.10/site-packages/airflow/example_dags/example_subdag_operator.py
[2024-08-21T07:39:59.924+0700] {logging_mixin.py:190} INFO - [2024-08-21T07:39:59.924+0700] {dag.py:3211} INFO - Sync 3 DAGs
[2024-08-21T07:39:59.937+0700] {logging_mixin.py:190} INFO - [2024-08-21T07:39:59.937+0700] {dag.py:4138} INFO - Setting next_dagrun for example_subdag_operator to 2022-01-01 00:00:00+00:00, run_after=2022-01-01 00:00:00+00:00
[2024-08-21T07:39:59.939+0700] {logging_mixin.py:190} INFO - [2024-08-21T07:39:59.939+0700] {dag.py:4138} INFO - Setting next_dagrun for example_subdag_operator.section-1 to None, run_after=None
[2024-08-21T07:39:59.940+0700] {logging_mixin.py:190} INFO - [2024-08-21T07:39:59.940+0700] {dag.py:4138} INFO - Setting next_dagrun for example_subdag_operator.section-2 to None, run_after=None
[2024-08-21T07:39:59.944+0700] {logging_mixin.py:190} INFO - [2024-08-21T07:39:59.944+0700] {dag.py:3211} INFO - Sync 2 DAGs
[2024-08-21T07:39:59.947+0700] {logging_mixin.py:190} INFO - [2024-08-21T07:39:59.946+0700] {dag.py:4138} INFO - Setting next_dagrun for example_subdag_operator.section-1 to None, run_after=None
[2024-08-21T07:39:59.947+0700] {logging_mixin.py:190} INFO - [2024-08-21T07:39:59.947+0700] {dag.py:4138} INFO - Setting next_dagrun for example_subdag_operator.section-2 to None, run_after=None
[2024-08-21T07:39:59.959+0700] {processor.py:208} INFO - Processing /home/user/airflow/airflow_venv/lib/python3.10/site-packages/airflow/example_dags/example_subdag_operator.py took 0.069 seconds
[2024-08-21T07:40:50.815+0700] {processor.py:186} INFO - Started process (PID=13524) to work on /home/user/airflow/airflow_venv/lib/python3.10/site-packages/airflow/example_dags/example_subdag_operator.py
[2024-08-21T07:40:50.817+0700] {processor.py:914} INFO - Processing file /home/user/airflow/airflow_venv/lib/python3.10/site-packages/airflow/example_dags/example_subdag_operator.py for tasks to queue
[2024-08-21T07:40:50.819+0700] {logging_mixin.py:190} INFO - [2024-08-21T07:40:50.819+0700] {dagbag.py:587} INFO - Filling up the DagBag from /home/user/airflow/airflow_venv/lib/python3.10/site-packages/airflow/example_dags/example_subdag_operator.py
[2024-08-21T07:40:50.840+0700] {processor.py:925} INFO - DAG(s) 'example_subdag_operator.section-1', 'example_subdag_operator.section-2', 'example_subdag_operator' retrieved from /home/user/airflow/airflow_venv/lib/python3.10/site-packages/airflow/example_dags/example_subdag_operator.py
[2024-08-21T07:40:50.866+0700] {logging_mixin.py:190} INFO - [2024-08-21T07:40:50.866+0700] {dag.py:3211} INFO - Sync 3 DAGs
[2024-08-21T07:40:50.883+0700] {logging_mixin.py:190} INFO - [2024-08-21T07:40:50.883+0700] {dag.py:4138} INFO - Setting next_dagrun for example_subdag_operator to 2022-01-01 00:00:00+00:00, run_after=2022-01-01 00:00:00+00:00
[2024-08-21T07:40:50.888+0700] {logging_mixin.py:190} INFO - [2024-08-21T07:40:50.887+0700] {dag.py:4138} INFO - Setting next_dagrun for example_subdag_operator.section-1 to None, run_after=None
[2024-08-21T07:40:50.889+0700] {logging_mixin.py:190} INFO - [2024-08-21T07:40:50.889+0700] {dag.py:4138} INFO - Setting next_dagrun for example_subdag_operator.section-2 to None, run_after=None
[2024-08-21T07:40:50.894+0700] {logging_mixin.py:190} INFO - [2024-08-21T07:40:50.894+0700] {dag.py:3211} INFO - Sync 2 DAGs
[2024-08-21T07:40:50.899+0700] {logging_mixin.py:190} INFO - [2024-08-21T07:40:50.899+0700] {dag.py:4138} INFO - Setting next_dagrun for example_subdag_operator.section-1 to None, run_after=None
[2024-08-21T07:40:50.899+0700] {logging_mixin.py:190} INFO - [2024-08-21T07:40:50.899+0700] {dag.py:4138} INFO - Setting next_dagrun for example_subdag_operator.section-2 to None, run_after=None
[2024-08-21T07:40:50.916+0700] {processor.py:208} INFO - Processing /home/user/airflow/airflow_venv/lib/python3.10/site-packages/airflow/example_dags/example_subdag_operator.py took 0.106 seconds
[2024-08-21T07:41:36.000+0700] {processor.py:186} INFO - Started process (PID=14054) to work on /home/user/airflow/airflow_venv/lib/python3.10/site-packages/airflow/example_dags/example_subdag_operator.py
[2024-08-21T07:41:36.003+0700] {processor.py:914} INFO - Processing file /home/user/airflow/airflow_venv/lib/python3.10/site-packages/airflow/example_dags/example_subdag_operator.py for tasks to queue
[2024-08-21T07:41:36.007+0700] {logging_mixin.py:190} INFO - [2024-08-21T07:41:36.006+0700] {dagbag.py:587} INFO - Filling up the DagBag from /home/user/airflow/airflow_venv/lib/python3.10/site-packages/airflow/example_dags/example_subdag_operator.py
[2024-08-21T07:41:36.040+0700] {processor.py:925} INFO - DAG(s) 'example_subdag_operator.section-1', 'example_subdag_operator.section-2', 'example_subdag_operator' retrieved from /home/user/airflow/airflow_venv/lib/python3.10/site-packages/airflow/example_dags/example_subdag_operator.py
[2024-08-21T07:41:36.065+0700] {logging_mixin.py:190} INFO - [2024-08-21T07:41:36.064+0700] {dag.py:3211} INFO - Sync 3 DAGs
[2024-08-21T07:41:36.082+0700] {logging_mixin.py:190} INFO - [2024-08-21T07:41:36.081+0700] {dag.py:4138} INFO - Setting next_dagrun for example_subdag_operator to 2022-01-01 00:00:00+00:00, run_after=2022-01-01 00:00:00+00:00
[2024-08-21T07:41:36.086+0700] {logging_mixin.py:190} INFO - [2024-08-21T07:41:36.086+0700] {dag.py:4138} INFO - Setting next_dagrun for example_subdag_operator.section-1 to None, run_after=None
[2024-08-21T07:41:36.087+0700] {logging_mixin.py:190} INFO - [2024-08-21T07:41:36.087+0700] {dag.py:4138} INFO - Setting next_dagrun for example_subdag_operator.section-2 to None, run_after=None
[2024-08-21T07:41:36.092+0700] {logging_mixin.py:190} INFO - [2024-08-21T07:41:36.091+0700] {dag.py:3211} INFO - Sync 2 DAGs
[2024-08-21T07:41:36.094+0700] {logging_mixin.py:190} INFO - [2024-08-21T07:41:36.094+0700] {dag.py:4138} INFO - Setting next_dagrun for example_subdag_operator.section-1 to None, run_after=None
[2024-08-21T07:41:36.095+0700] {logging_mixin.py:190} INFO - [2024-08-21T07:41:36.095+0700] {dag.py:4138} INFO - Setting next_dagrun for example_subdag_operator.section-2 to None, run_after=None
[2024-08-21T07:41:36.108+0700] {processor.py:208} INFO - Processing /home/user/airflow/airflow_venv/lib/python3.10/site-packages/airflow/example_dags/example_subdag_operator.py took 0.117 seconds
[2024-08-21T09:42:31.945+0700] {processor.py:186} INFO - Started process (PID=54442) to work on /home/user/airflow/airflow_venv/lib/python3.10/site-packages/airflow/example_dags/example_subdag_operator.py
[2024-08-21T09:42:31.948+0700] {processor.py:914} INFO - Processing file /home/user/airflow/airflow_venv/lib/python3.10/site-packages/airflow/example_dags/example_subdag_operator.py for tasks to queue
[2024-08-21T09:42:31.954+0700] {logging_mixin.py:190} INFO - [2024-08-21T09:42:31.951+0700] {dagbag.py:587} INFO - Filling up the DagBag from /home/user/airflow/airflow_venv/lib/python3.10/site-packages/airflow/example_dags/example_subdag_operator.py
[2024-08-21T09:42:31.974+0700] {processor.py:925} INFO - DAG(s) 'example_subdag_operator.section-1', 'example_subdag_operator.section-2', 'example_subdag_operator' retrieved from /home/user/airflow/airflow_venv/lib/python3.10/site-packages/airflow/example_dags/example_subdag_operator.py
[2024-08-21T09:42:31.992+0700] {logging_mixin.py:190} INFO - [2024-08-21T09:42:31.991+0700] {dag.py:3211} INFO - Sync 3 DAGs
[2024-08-21T09:42:32.015+0700] {logging_mixin.py:190} INFO - [2024-08-21T09:42:32.015+0700] {dag.py:4138} INFO - Setting next_dagrun for example_subdag_operator to 2022-01-01 00:00:00+00:00, run_after=2022-01-01 00:00:00+00:00
[2024-08-21T09:42:32.019+0700] {logging_mixin.py:190} INFO - [2024-08-21T09:42:32.019+0700] {dag.py:4138} INFO - Setting next_dagrun for example_subdag_operator.section-1 to None, run_after=None
[2024-08-21T09:42:32.021+0700] {logging_mixin.py:190} INFO - [2024-08-21T09:42:32.020+0700] {dag.py:4138} INFO - Setting next_dagrun for example_subdag_operator.section-2 to None, run_after=None
[2024-08-21T09:42:32.028+0700] {logging_mixin.py:190} INFO - [2024-08-21T09:42:32.027+0700] {dag.py:3211} INFO - Sync 2 DAGs
[2024-08-21T09:42:32.031+0700] {logging_mixin.py:190} INFO - [2024-08-21T09:42:32.031+0700] {dag.py:4138} INFO - Setting next_dagrun for example_subdag_operator.section-1 to None, run_after=None
[2024-08-21T09:42:32.032+0700] {logging_mixin.py:190} INFO - [2024-08-21T09:42:32.032+0700] {dag.py:4138} INFO - Setting next_dagrun for example_subdag_operator.section-2 to None, run_after=None
[2024-08-21T09:42:32.048+0700] {processor.py:208} INFO - Processing /home/user/airflow/airflow_venv/lib/python3.10/site-packages/airflow/example_dags/example_subdag_operator.py took 0.108 seconds
[2024-08-21T09:43:28.967+0700] {processor.py:186} INFO - Started process (PID=54895) to work on /home/user/airflow/airflow_venv/lib/python3.10/site-packages/airflow/example_dags/example_subdag_operator.py
[2024-08-21T09:43:28.969+0700] {processor.py:914} INFO - Processing file /home/user/airflow/airflow_venv/lib/python3.10/site-packages/airflow/example_dags/example_subdag_operator.py for tasks to queue
[2024-08-21T09:43:28.970+0700] {logging_mixin.py:190} INFO - [2024-08-21T09:43:28.970+0700] {dagbag.py:587} INFO - Filling up the DagBag from /home/user/airflow/airflow_venv/lib/python3.10/site-packages/airflow/example_dags/example_subdag_operator.py
[2024-08-21T09:43:28.993+0700] {processor.py:925} INFO - DAG(s) 'example_subdag_operator.section-1', 'example_subdag_operator.section-2', 'example_subdag_operator' retrieved from /home/user/airflow/airflow_venv/lib/python3.10/site-packages/airflow/example_dags/example_subdag_operator.py
[2024-08-21T09:43:29.004+0700] {logging_mixin.py:190} INFO - [2024-08-21T09:43:29.004+0700] {dag.py:3211} INFO - Sync 3 DAGs
[2024-08-21T09:43:29.018+0700] {logging_mixin.py:190} INFO - [2024-08-21T09:43:29.018+0700] {dag.py:4138} INFO - Setting next_dagrun for example_subdag_operator to 2022-01-01 00:00:00+00:00, run_after=2022-01-01 00:00:00+00:00
[2024-08-21T09:43:29.021+0700] {logging_mixin.py:190} INFO - [2024-08-21T09:43:29.021+0700] {dag.py:4138} INFO - Setting next_dagrun for example_subdag_operator.section-1 to None, run_after=None
[2024-08-21T09:43:29.021+0700] {logging_mixin.py:190} INFO - [2024-08-21T09:43:29.021+0700] {dag.py:4138} INFO - Setting next_dagrun for example_subdag_operator.section-2 to None, run_after=None
[2024-08-21T09:43:29.026+0700] {logging_mixin.py:190} INFO - [2024-08-21T09:43:29.026+0700] {dag.py:3211} INFO - Sync 2 DAGs
[2024-08-21T09:43:29.029+0700] {logging_mixin.py:190} INFO - [2024-08-21T09:43:29.029+0700] {dag.py:4138} INFO - Setting next_dagrun for example_subdag_operator.section-1 to None, run_after=None
[2024-08-21T09:43:29.029+0700] {logging_mixin.py:190} INFO - [2024-08-21T09:43:29.029+0700] {dag.py:4138} INFO - Setting next_dagrun for example_subdag_operator.section-2 to None, run_after=None
[2024-08-21T09:43:29.042+0700] {processor.py:208} INFO - Processing /home/user/airflow/airflow_venv/lib/python3.10/site-packages/airflow/example_dags/example_subdag_operator.py took 0.081 seconds
[2024-08-21T09:44:59.222+0700] {processor.py:186} INFO - Started process (PID=55637) to work on /home/user/airflow/airflow_venv/lib/python3.10/site-packages/airflow/example_dags/example_subdag_operator.py
[2024-08-21T09:44:59.223+0700] {processor.py:914} INFO - Processing file /home/user/airflow/airflow_venv/lib/python3.10/site-packages/airflow/example_dags/example_subdag_operator.py for tasks to queue
[2024-08-21T09:44:59.225+0700] {logging_mixin.py:190} INFO - [2024-08-21T09:44:59.225+0700] {dagbag.py:587} INFO - Filling up the DagBag from /home/user/airflow/airflow_venv/lib/python3.10/site-packages/airflow/example_dags/example_subdag_operator.py
[2024-08-21T09:44:59.246+0700] {processor.py:925} INFO - DAG(s) 'example_subdag_operator.section-1', 'example_subdag_operator.section-2', 'example_subdag_operator' retrieved from /home/user/airflow/airflow_venv/lib/python3.10/site-packages/airflow/example_dags/example_subdag_operator.py
[2024-08-21T09:44:59.259+0700] {logging_mixin.py:190} INFO - [2024-08-21T09:44:59.259+0700] {dag.py:3211} INFO - Sync 3 DAGs
[2024-08-21T09:44:59.277+0700] {logging_mixin.py:190} INFO - [2024-08-21T09:44:59.277+0700] {dag.py:4138} INFO - Setting next_dagrun for example_subdag_operator to 2022-01-01 00:00:00+00:00, run_after=2022-01-01 00:00:00+00:00
[2024-08-21T09:44:59.280+0700] {logging_mixin.py:190} INFO - [2024-08-21T09:44:59.280+0700] {dag.py:4138} INFO - Setting next_dagrun for example_subdag_operator.section-1 to None, run_after=None
[2024-08-21T09:44:59.281+0700] {logging_mixin.py:190} INFO - [2024-08-21T09:44:59.280+0700] {dag.py:4138} INFO - Setting next_dagrun for example_subdag_operator.section-2 to None, run_after=None
[2024-08-21T09:44:59.286+0700] {logging_mixin.py:190} INFO - [2024-08-21T09:44:59.285+0700] {dag.py:3211} INFO - Sync 2 DAGs
[2024-08-21T09:44:59.289+0700] {logging_mixin.py:190} INFO - [2024-08-21T09:44:59.289+0700] {dag.py:4138} INFO - Setting next_dagrun for example_subdag_operator.section-1 to None, run_after=None
[2024-08-21T09:44:59.290+0700] {logging_mixin.py:190} INFO - [2024-08-21T09:44:59.289+0700] {dag.py:4138} INFO - Setting next_dagrun for example_subdag_operator.section-2 to None, run_after=None
[2024-08-21T09:44:59.301+0700] {processor.py:208} INFO - Processing /home/user/airflow/airflow_venv/lib/python3.10/site-packages/airflow/example_dags/example_subdag_operator.py took 0.083 seconds
[2024-08-21T09:53:05.417+0700] {processor.py:186} INFO - Started process (PID=59277) to work on /home/user/airflow/airflow_venv/lib/python3.10/site-packages/airflow/example_dags/example_subdag_operator.py
[2024-08-21T09:53:05.420+0700] {processor.py:914} INFO - Processing file /home/user/airflow/airflow_venv/lib/python3.10/site-packages/airflow/example_dags/example_subdag_operator.py for tasks to queue
[2024-08-21T09:53:05.424+0700] {logging_mixin.py:190} INFO - [2024-08-21T09:53:05.423+0700] {dagbag.py:587} INFO - Filling up the DagBag from /home/user/airflow/airflow_venv/lib/python3.10/site-packages/airflow/example_dags/example_subdag_operator.py
[2024-08-21T09:53:05.466+0700] {processor.py:925} INFO - DAG(s) 'example_subdag_operator.section-1', 'example_subdag_operator.section-2', 'example_subdag_operator' retrieved from /home/user/airflow/airflow_venv/lib/python3.10/site-packages/airflow/example_dags/example_subdag_operator.py
[2024-08-21T09:53:05.488+0700] {logging_mixin.py:190} INFO - [2024-08-21T09:53:05.487+0700] {dag.py:3211} INFO - Sync 3 DAGs
[2024-08-21T09:53:05.522+0700] {logging_mixin.py:190} INFO - [2024-08-21T09:53:05.521+0700] {dag.py:4138} INFO - Setting next_dagrun for example_subdag_operator to 2022-01-01 00:00:00+00:00, run_after=2022-01-01 00:00:00+00:00
[2024-08-21T09:53:05.526+0700] {logging_mixin.py:190} INFO - [2024-08-21T09:53:05.526+0700] {dag.py:4138} INFO - Setting next_dagrun for example_subdag_operator.section-1 to None, run_after=None
[2024-08-21T09:53:05.527+0700] {logging_mixin.py:190} INFO - [2024-08-21T09:53:05.527+0700] {dag.py:4138} INFO - Setting next_dagrun for example_subdag_operator.section-2 to None, run_after=None
[2024-08-21T09:53:05.569+0700] {logging_mixin.py:190} INFO - [2024-08-21T09:53:05.568+0700] {dag.py:3211} INFO - Sync 2 DAGs
[2024-08-21T09:53:05.573+0700] {logging_mixin.py:190} INFO - [2024-08-21T09:53:05.573+0700] {dag.py:4138} INFO - Setting next_dagrun for example_subdag_operator.section-1 to None, run_after=None
[2024-08-21T09:53:05.573+0700] {logging_mixin.py:190} INFO - [2024-08-21T09:53:05.573+0700] {dag.py:4138} INFO - Setting next_dagrun for example_subdag_operator.section-2 to None, run_after=None
[2024-08-21T09:53:05.768+0700] {processor.py:208} INFO - Processing /home/user/airflow/airflow_venv/lib/python3.10/site-packages/airflow/example_dags/example_subdag_operator.py took 0.360 seconds
[2024-08-21T09:54:15.198+0700] {processor.py:186} INFO - Started process (PID=59831) to work on /home/user/airflow/airflow_venv/lib/python3.10/site-packages/airflow/example_dags/example_subdag_operator.py
[2024-08-21T09:54:15.201+0700] {processor.py:914} INFO - Processing file /home/user/airflow/airflow_venv/lib/python3.10/site-packages/airflow/example_dags/example_subdag_operator.py for tasks to queue
[2024-08-21T09:54:15.203+0700] {logging_mixin.py:190} INFO - [2024-08-21T09:54:15.202+0700] {dagbag.py:587} INFO - Filling up the DagBag from /home/user/airflow/airflow_venv/lib/python3.10/site-packages/airflow/example_dags/example_subdag_operator.py
[2024-08-21T09:54:15.227+0700] {processor.py:925} INFO - DAG(s) 'example_subdag_operator.section-1', 'example_subdag_operator.section-2', 'example_subdag_operator' retrieved from /home/user/airflow/airflow_venv/lib/python3.10/site-packages/airflow/example_dags/example_subdag_operator.py
[2024-08-21T09:54:15.245+0700] {logging_mixin.py:190} INFO - [2024-08-21T09:54:15.245+0700] {dag.py:3211} INFO - Sync 3 DAGs
[2024-08-21T09:54:15.267+0700] {logging_mixin.py:190} INFO - [2024-08-21T09:54:15.266+0700] {dag.py:4138} INFO - Setting next_dagrun for example_subdag_operator to 2022-01-01 00:00:00+00:00, run_after=2022-01-01 00:00:00+00:00
[2024-08-21T09:54:15.269+0700] {logging_mixin.py:190} INFO - [2024-08-21T09:54:15.269+0700] {dag.py:4138} INFO - Setting next_dagrun for example_subdag_operator.section-1 to None, run_after=None
[2024-08-21T09:54:15.270+0700] {logging_mixin.py:190} INFO - [2024-08-21T09:54:15.270+0700] {dag.py:4138} INFO - Setting next_dagrun for example_subdag_operator.section-2 to None, run_after=None
[2024-08-21T09:54:15.276+0700] {logging_mixin.py:190} INFO - [2024-08-21T09:54:15.275+0700] {dag.py:3211} INFO - Sync 2 DAGs
[2024-08-21T09:54:15.280+0700] {logging_mixin.py:190} INFO - [2024-08-21T09:54:15.279+0700] {dag.py:4138} INFO - Setting next_dagrun for example_subdag_operator.section-1 to None, run_after=None
[2024-08-21T09:54:15.280+0700] {logging_mixin.py:190} INFO - [2024-08-21T09:54:15.280+0700] {dag.py:4138} INFO - Setting next_dagrun for example_subdag_operator.section-2 to None, run_after=None
[2024-08-21T09:54:15.296+0700] {processor.py:208} INFO - Processing /home/user/airflow/airflow_venv/lib/python3.10/site-packages/airflow/example_dags/example_subdag_operator.py took 0.106 seconds
[2024-08-21T09:55:04.646+0700] {processor.py:186} INFO - Started process (PID=60220) to work on /home/user/airflow/airflow_venv/lib/python3.10/site-packages/airflow/example_dags/example_subdag_operator.py
[2024-08-21T09:55:04.648+0700] {processor.py:914} INFO - Processing file /home/user/airflow/airflow_venv/lib/python3.10/site-packages/airflow/example_dags/example_subdag_operator.py for tasks to queue
[2024-08-21T09:55:04.650+0700] {logging_mixin.py:190} INFO - [2024-08-21T09:55:04.650+0700] {dagbag.py:587} INFO - Filling up the DagBag from /home/user/airflow/airflow_venv/lib/python3.10/site-packages/airflow/example_dags/example_subdag_operator.py
[2024-08-21T09:55:04.669+0700] {processor.py:925} INFO - DAG(s) 'example_subdag_operator.section-1', 'example_subdag_operator.section-2', 'example_subdag_operator' retrieved from /home/user/airflow/airflow_venv/lib/python3.10/site-packages/airflow/example_dags/example_subdag_operator.py
[2024-08-21T09:55:04.681+0700] {logging_mixin.py:190} INFO - [2024-08-21T09:55:04.680+0700] {dag.py:3211} INFO - Sync 3 DAGs
[2024-08-21T09:55:04.695+0700] {logging_mixin.py:190} INFO - [2024-08-21T09:55:04.694+0700] {dag.py:4138} INFO - Setting next_dagrun for example_subdag_operator to 2022-01-01 00:00:00+00:00, run_after=2022-01-01 00:00:00+00:00
[2024-08-21T09:55:04.698+0700] {logging_mixin.py:190} INFO - [2024-08-21T09:55:04.697+0700] {dag.py:4138} INFO - Setting next_dagrun for example_subdag_operator.section-1 to None, run_after=None
[2024-08-21T09:55:04.698+0700] {logging_mixin.py:190} INFO - [2024-08-21T09:55:04.698+0700] {dag.py:4138} INFO - Setting next_dagrun for example_subdag_operator.section-2 to None, run_after=None
[2024-08-21T09:55:04.703+0700] {logging_mixin.py:190} INFO - [2024-08-21T09:55:04.703+0700] {dag.py:3211} INFO - Sync 2 DAGs
[2024-08-21T09:55:04.706+0700] {logging_mixin.py:190} INFO - [2024-08-21T09:55:04.706+0700] {dag.py:4138} INFO - Setting next_dagrun for example_subdag_operator.section-1 to None, run_after=None
[2024-08-21T09:55:04.707+0700] {logging_mixin.py:190} INFO - [2024-08-21T09:55:04.707+0700] {dag.py:4138} INFO - Setting next_dagrun for example_subdag_operator.section-2 to None, run_after=None
[2024-08-21T09:55:04.719+0700] {processor.py:208} INFO - Processing /home/user/airflow/airflow_venv/lib/python3.10/site-packages/airflow/example_dags/example_subdag_operator.py took 0.078 seconds
[2024-08-21T09:55:56.721+0700] {processor.py:186} INFO - Started process (PID=60625) to work on /home/user/airflow/airflow_venv/lib/python3.10/site-packages/airflow/example_dags/example_subdag_operator.py
[2024-08-21T09:55:56.723+0700] {processor.py:914} INFO - Processing file /home/user/airflow/airflow_venv/lib/python3.10/site-packages/airflow/example_dags/example_subdag_operator.py for tasks to queue
[2024-08-21T09:55:56.725+0700] {logging_mixin.py:190} INFO - [2024-08-21T09:55:56.725+0700] {dagbag.py:587} INFO - Filling up the DagBag from /home/user/airflow/airflow_venv/lib/python3.10/site-packages/airflow/example_dags/example_subdag_operator.py
[2024-08-21T09:55:56.755+0700] {processor.py:925} INFO - DAG(s) 'example_subdag_operator.section-1', 'example_subdag_operator.section-2', 'example_subdag_operator' retrieved from /home/user/airflow/airflow_venv/lib/python3.10/site-packages/airflow/example_dags/example_subdag_operator.py
[2024-08-21T09:55:56.772+0700] {logging_mixin.py:190} INFO - [2024-08-21T09:55:56.772+0700] {dag.py:3211} INFO - Sync 3 DAGs
[2024-08-21T09:55:56.792+0700] {logging_mixin.py:190} INFO - [2024-08-21T09:55:56.792+0700] {dag.py:4138} INFO - Setting next_dagrun for example_subdag_operator to 2022-01-01 00:00:00+00:00, run_after=2022-01-01 00:00:00+00:00
[2024-08-21T09:55:56.795+0700] {logging_mixin.py:190} INFO - [2024-08-21T09:55:56.795+0700] {dag.py:4138} INFO - Setting next_dagrun for example_subdag_operator.section-1 to None, run_after=None
[2024-08-21T09:55:56.796+0700] {logging_mixin.py:190} INFO - [2024-08-21T09:55:56.796+0700] {dag.py:4138} INFO - Setting next_dagrun for example_subdag_operator.section-2 to None, run_after=None
[2024-08-21T09:55:56.806+0700] {logging_mixin.py:190} INFO - [2024-08-21T09:55:56.805+0700] {dag.py:3211} INFO - Sync 2 DAGs
[2024-08-21T09:55:56.810+0700] {logging_mixin.py:190} INFO - [2024-08-21T09:55:56.810+0700] {dag.py:4138} INFO - Setting next_dagrun for example_subdag_operator.section-1 to None, run_after=None
[2024-08-21T09:55:56.811+0700] {logging_mixin.py:190} INFO - [2024-08-21T09:55:56.811+0700] {dag.py:4138} INFO - Setting next_dagrun for example_subdag_operator.section-2 to None, run_after=None
[2024-08-21T09:55:56.830+0700] {processor.py:208} INFO - Processing /home/user/airflow/airflow_venv/lib/python3.10/site-packages/airflow/example_dags/example_subdag_operator.py took 0.120 seconds
[2024-08-21T09:56:49.715+0700] {processor.py:186} INFO - Started process (PID=61039) to work on /home/user/airflow/airflow_venv/lib/python3.10/site-packages/airflow/example_dags/example_subdag_operator.py
[2024-08-21T09:56:49.717+0700] {processor.py:914} INFO - Processing file /home/user/airflow/airflow_venv/lib/python3.10/site-packages/airflow/example_dags/example_subdag_operator.py for tasks to queue
[2024-08-21T09:56:49.718+0700] {logging_mixin.py:190} INFO - [2024-08-21T09:56:49.718+0700] {dagbag.py:587} INFO - Filling up the DagBag from /home/user/airflow/airflow_venv/lib/python3.10/site-packages/airflow/example_dags/example_subdag_operator.py
[2024-08-21T09:56:49.739+0700] {processor.py:925} INFO - DAG(s) 'example_subdag_operator.section-1', 'example_subdag_operator.section-2', 'example_subdag_operator' retrieved from /home/user/airflow/airflow_venv/lib/python3.10/site-packages/airflow/example_dags/example_subdag_operator.py
[2024-08-21T09:56:49.752+0700] {logging_mixin.py:190} INFO - [2024-08-21T09:56:49.752+0700] {dag.py:3211} INFO - Sync 3 DAGs
[2024-08-21T09:56:49.769+0700] {logging_mixin.py:190} INFO - [2024-08-21T09:56:49.769+0700] {dag.py:4138} INFO - Setting next_dagrun for example_subdag_operator to 2022-01-01 00:00:00+00:00, run_after=2022-01-01 00:00:00+00:00
[2024-08-21T09:56:49.774+0700] {logging_mixin.py:190} INFO - [2024-08-21T09:56:49.774+0700] {dag.py:4138} INFO - Setting next_dagrun for example_subdag_operator.section-1 to None, run_after=None
[2024-08-21T09:56:49.775+0700] {logging_mixin.py:190} INFO - [2024-08-21T09:56:49.775+0700] {dag.py:4138} INFO - Setting next_dagrun for example_subdag_operator.section-2 to None, run_after=None
[2024-08-21T09:56:49.782+0700] {logging_mixin.py:190} INFO - [2024-08-21T09:56:49.782+0700] {dag.py:3211} INFO - Sync 2 DAGs
[2024-08-21T09:56:49.786+0700] {logging_mixin.py:190} INFO - [2024-08-21T09:56:49.786+0700] {dag.py:4138} INFO - Setting next_dagrun for example_subdag_operator.section-1 to None, run_after=None
[2024-08-21T09:56:49.787+0700] {logging_mixin.py:190} INFO - [2024-08-21T09:56:49.786+0700] {dag.py:4138} INFO - Setting next_dagrun for example_subdag_operator.section-2 to None, run_after=None
[2024-08-21T09:56:49.799+0700] {processor.py:208} INFO - Processing /home/user/airflow/airflow_venv/lib/python3.10/site-packages/airflow/example_dags/example_subdag_operator.py took 0.089 seconds
[2024-08-21T09:57:44.758+0700] {processor.py:186} INFO - Started process (PID=61472) to work on /home/user/airflow/airflow_venv/lib/python3.10/site-packages/airflow/example_dags/example_subdag_operator.py
[2024-08-21T09:57:44.759+0700] {processor.py:914} INFO - Processing file /home/user/airflow/airflow_venv/lib/python3.10/site-packages/airflow/example_dags/example_subdag_operator.py for tasks to queue
[2024-08-21T09:57:44.761+0700] {logging_mixin.py:190} INFO - [2024-08-21T09:57:44.760+0700] {dagbag.py:587} INFO - Filling up the DagBag from /home/user/airflow/airflow_venv/lib/python3.10/site-packages/airflow/example_dags/example_subdag_operator.py
[2024-08-21T09:57:44.782+0700] {processor.py:925} INFO - DAG(s) 'example_subdag_operator.section-1', 'example_subdag_operator.section-2', 'example_subdag_operator' retrieved from /home/user/airflow/airflow_venv/lib/python3.10/site-packages/airflow/example_dags/example_subdag_operator.py
[2024-08-21T09:57:44.799+0700] {logging_mixin.py:190} INFO - [2024-08-21T09:57:44.799+0700] {dag.py:3211} INFO - Sync 3 DAGs
[2024-08-21T09:57:44.827+0700] {logging_mixin.py:190} INFO - [2024-08-21T09:57:44.827+0700] {dag.py:4138} INFO - Setting next_dagrun for example_subdag_operator to 2022-01-01 00:00:00+00:00, run_after=2022-01-01 00:00:00+00:00
[2024-08-21T09:57:44.832+0700] {logging_mixin.py:190} INFO - [2024-08-21T09:57:44.832+0700] {dag.py:4138} INFO - Setting next_dagrun for example_subdag_operator.section-1 to None, run_after=None
[2024-08-21T09:57:44.834+0700] {logging_mixin.py:190} INFO - [2024-08-21T09:57:44.834+0700] {dag.py:4138} INFO - Setting next_dagrun for example_subdag_operator.section-2 to None, run_after=None
[2024-08-21T09:57:44.841+0700] {logging_mixin.py:190} INFO - [2024-08-21T09:57:44.840+0700] {dag.py:3211} INFO - Sync 2 DAGs
[2024-08-21T09:57:44.844+0700] {logging_mixin.py:190} INFO - [2024-08-21T09:57:44.844+0700] {dag.py:4138} INFO - Setting next_dagrun for example_subdag_operator.section-1 to None, run_after=None
[2024-08-21T09:57:44.845+0700] {logging_mixin.py:190} INFO - [2024-08-21T09:57:44.845+0700] {dag.py:4138} INFO - Setting next_dagrun for example_subdag_operator.section-2 to None, run_after=None
[2024-08-21T09:57:44.861+0700] {processor.py:208} INFO - Processing /home/user/airflow/airflow_venv/lib/python3.10/site-packages/airflow/example_dags/example_subdag_operator.py took 0.110 seconds
[2024-08-21T09:58:35.960+0700] {processor.py:186} INFO - Started process (PID=61875) to work on /home/user/airflow/airflow_venv/lib/python3.10/site-packages/airflow/example_dags/example_subdag_operator.py
[2024-08-21T09:58:35.962+0700] {processor.py:914} INFO - Processing file /home/user/airflow/airflow_venv/lib/python3.10/site-packages/airflow/example_dags/example_subdag_operator.py for tasks to queue
[2024-08-21T09:58:35.964+0700] {logging_mixin.py:190} INFO - [2024-08-21T09:58:35.963+0700] {dagbag.py:587} INFO - Filling up the DagBag from /home/user/airflow/airflow_venv/lib/python3.10/site-packages/airflow/example_dags/example_subdag_operator.py
[2024-08-21T09:58:35.986+0700] {processor.py:925} INFO - DAG(s) 'example_subdag_operator.section-1', 'example_subdag_operator.section-2', 'example_subdag_operator' retrieved from /home/user/airflow/airflow_venv/lib/python3.10/site-packages/airflow/example_dags/example_subdag_operator.py
[2024-08-21T09:58:35.998+0700] {logging_mixin.py:190} INFO - [2024-08-21T09:58:35.997+0700] {dag.py:3211} INFO - Sync 3 DAGs
[2024-08-21T09:58:36.011+0700] {logging_mixin.py:190} INFO - [2024-08-21T09:58:36.011+0700] {dag.py:4138} INFO - Setting next_dagrun for example_subdag_operator to 2022-01-01 00:00:00+00:00, run_after=2022-01-01 00:00:00+00:00
[2024-08-21T09:58:36.014+0700] {logging_mixin.py:190} INFO - [2024-08-21T09:58:36.014+0700] {dag.py:4138} INFO - Setting next_dagrun for example_subdag_operator.section-1 to None, run_after=None
[2024-08-21T09:58:36.015+0700] {logging_mixin.py:190} INFO - [2024-08-21T09:58:36.015+0700] {dag.py:4138} INFO - Setting next_dagrun for example_subdag_operator.section-2 to None, run_after=None
[2024-08-21T09:58:36.019+0700] {logging_mixin.py:190} INFO - [2024-08-21T09:58:36.019+0700] {dag.py:3211} INFO - Sync 2 DAGs
[2024-08-21T09:58:36.022+0700] {logging_mixin.py:190} INFO - [2024-08-21T09:58:36.022+0700] {dag.py:4138} INFO - Setting next_dagrun for example_subdag_operator.section-1 to None, run_after=None
[2024-08-21T09:58:36.022+0700] {logging_mixin.py:190} INFO - [2024-08-21T09:58:36.022+0700] {dag.py:4138} INFO - Setting next_dagrun for example_subdag_operator.section-2 to None, run_after=None
[2024-08-21T09:58:36.034+0700] {processor.py:208} INFO - Processing /home/user/airflow/airflow_venv/lib/python3.10/site-packages/airflow/example_dags/example_subdag_operator.py took 0.081 seconds
[2024-08-21T09:59:25.269+0700] {processor.py:186} INFO - Started process (PID=62264) to work on /home/user/airflow/airflow_venv/lib/python3.10/site-packages/airflow/example_dags/example_subdag_operator.py
[2024-08-21T09:59:25.271+0700] {processor.py:914} INFO - Processing file /home/user/airflow/airflow_venv/lib/python3.10/site-packages/airflow/example_dags/example_subdag_operator.py for tasks to queue
[2024-08-21T09:59:25.273+0700] {logging_mixin.py:190} INFO - [2024-08-21T09:59:25.273+0700] {dagbag.py:587} INFO - Filling up the DagBag from /home/user/airflow/airflow_venv/lib/python3.10/site-packages/airflow/example_dags/example_subdag_operator.py
[2024-08-21T09:59:25.293+0700] {processor.py:925} INFO - DAG(s) 'example_subdag_operator.section-1', 'example_subdag_operator.section-2', 'example_subdag_operator' retrieved from /home/user/airflow/airflow_venv/lib/python3.10/site-packages/airflow/example_dags/example_subdag_operator.py
[2024-08-21T09:59:25.304+0700] {logging_mixin.py:190} INFO - [2024-08-21T09:59:25.304+0700] {dag.py:3211} INFO - Sync 3 DAGs
[2024-08-21T09:59:25.319+0700] {logging_mixin.py:190} INFO - [2024-08-21T09:59:25.319+0700] {dag.py:4138} INFO - Setting next_dagrun for example_subdag_operator to 2022-01-01 00:00:00+00:00, run_after=2022-01-01 00:00:00+00:00
[2024-08-21T09:59:25.321+0700] {logging_mixin.py:190} INFO - [2024-08-21T09:59:25.321+0700] {dag.py:4138} INFO - Setting next_dagrun for example_subdag_operator.section-1 to None, run_after=None
[2024-08-21T09:59:25.322+0700] {logging_mixin.py:190} INFO - [2024-08-21T09:59:25.322+0700] {dag.py:4138} INFO - Setting next_dagrun for example_subdag_operator.section-2 to None, run_after=None
[2024-08-21T09:59:25.325+0700] {logging_mixin.py:190} INFO - [2024-08-21T09:59:25.325+0700] {dag.py:3211} INFO - Sync 2 DAGs
[2024-08-21T09:59:25.329+0700] {logging_mixin.py:190} INFO - [2024-08-21T09:59:25.329+0700] {dag.py:4138} INFO - Setting next_dagrun for example_subdag_operator.section-1 to None, run_after=None
[2024-08-21T09:59:25.329+0700] {logging_mixin.py:190} INFO - [2024-08-21T09:59:25.329+0700] {dag.py:4138} INFO - Setting next_dagrun for example_subdag_operator.section-2 to None, run_after=None
[2024-08-21T09:59:25.343+0700] {processor.py:208} INFO - Processing /home/user/airflow/airflow_venv/lib/python3.10/site-packages/airflow/example_dags/example_subdag_operator.py took 0.081 seconds
