[2024-08-21T07:21:08.996+0700] {processor.py:186} INFO - Started process (PID=1975) to work on /home/user/airflow/airflow_venv/lib/python3.10/site-packages/airflow/example_dags/example_outlet_event_extra.py
[2024-08-21T07:21:08.998+0700] {processor.py:914} INFO - Processing file /home/user/airflow/airflow_venv/lib/python3.10/site-packages/airflow/example_dags/example_outlet_event_extra.py for tasks to queue
[2024-08-21T07:21:08.999+0700] {logging_mixin.py:190} INFO - [2024-08-21T07:21:08.999+0700] {dagbag.py:587} INFO - Filling up the DagBag from /home/user/airflow/airflow_venv/lib/python3.10/site-packages/airflow/example_dags/example_outlet_event_extra.py
[2024-08-21T07:21:09.009+0700] {processor.py:925} INFO - DAG(s) 'dataset_with_extra_by_context', 'dataset_with_extra_by_yield', 'dataset_with_extra_from_classic_operator' retrieved from /home/user/airflow/airflow_venv/lib/python3.10/site-packages/airflow/example_dags/example_outlet_event_extra.py
[2024-08-21T07:21:09.093+0700] {logging_mixin.py:190} INFO - [2024-08-21T07:21:09.092+0700] {dag.py:3211} INFO - Sync 3 DAGs
[2024-08-21T07:21:09.106+0700] {logging_mixin.py:190} INFO - [2024-08-21T07:21:09.106+0700] {dag.py:4138} INFO - Setting next_dagrun for dataset_with_extra_by_context to 2024-08-20 00:00:00+00:00, run_after=2024-08-21 00:00:00+00:00
[2024-08-21T07:21:09.108+0700] {logging_mixin.py:190} INFO - [2024-08-21T07:21:09.108+0700] {dag.py:4138} INFO - Setting next_dagrun for dataset_with_extra_by_yield to 2024-08-20 00:00:00+00:00, run_after=2024-08-21 00:00:00+00:00
[2024-08-21T07:21:09.110+0700] {logging_mixin.py:190} INFO - [2024-08-21T07:21:09.110+0700] {dag.py:4138} INFO - Setting next_dagrun for dataset_with_extra_from_classic_operator to 2024-08-20 00:00:00+00:00, run_after=2024-08-21 00:00:00+00:00
[2024-08-21T07:21:09.131+0700] {processor.py:208} INFO - Processing /home/user/airflow/airflow_venv/lib/python3.10/site-packages/airflow/example_dags/example_outlet_event_extra.py took 0.140 seconds
[2024-08-21T07:22:07.397+0700] {processor.py:186} INFO - Started process (PID=2441) to work on /home/user/airflow/airflow_venv/lib/python3.10/site-packages/airflow/example_dags/example_outlet_event_extra.py
[2024-08-21T07:22:07.398+0700] {processor.py:914} INFO - Processing file /home/user/airflow/airflow_venv/lib/python3.10/site-packages/airflow/example_dags/example_outlet_event_extra.py for tasks to queue
[2024-08-21T07:22:07.400+0700] {logging_mixin.py:190} INFO - [2024-08-21T07:22:07.400+0700] {dagbag.py:587} INFO - Filling up the DagBag from /home/user/airflow/airflow_venv/lib/python3.10/site-packages/airflow/example_dags/example_outlet_event_extra.py
[2024-08-21T07:22:07.415+0700] {processor.py:925} INFO - DAG(s) 'dataset_with_extra_by_yield', 'dataset_with_extra_by_context', 'dataset_with_extra_from_classic_operator' retrieved from /home/user/airflow/airflow_venv/lib/python3.10/site-packages/airflow/example_dags/example_outlet_event_extra.py
[2024-08-21T07:22:07.433+0700] {logging_mixin.py:190} INFO - [2024-08-21T07:22:07.433+0700] {dag.py:3211} INFO - Sync 3 DAGs
[2024-08-21T07:22:07.450+0700] {logging_mixin.py:190} INFO - [2024-08-21T07:22:07.450+0700] {dag.py:4138} INFO - Setting next_dagrun for dataset_with_extra_by_context to 2024-08-20 00:00:00+00:00, run_after=2024-08-21 00:00:00+00:00
[2024-08-21T07:22:07.453+0700] {logging_mixin.py:190} INFO - [2024-08-21T07:22:07.453+0700] {dag.py:4138} INFO - Setting next_dagrun for dataset_with_extra_by_yield to 2024-08-20 00:00:00+00:00, run_after=2024-08-21 00:00:00+00:00
[2024-08-21T07:22:07.455+0700] {logging_mixin.py:190} INFO - [2024-08-21T07:22:07.454+0700] {dag.py:4138} INFO - Setting next_dagrun for dataset_with_extra_from_classic_operator to 2024-08-20 00:00:00+00:00, run_after=2024-08-21 00:00:00+00:00
[2024-08-21T07:22:07.477+0700] {processor.py:208} INFO - Processing /home/user/airflow/airflow_venv/lib/python3.10/site-packages/airflow/example_dags/example_outlet_event_extra.py took 0.085 seconds
[2024-08-21T07:24:03.760+0700] {processor.py:186} INFO - Started process (PID=3367) to work on /home/user/airflow/airflow_venv/lib/python3.10/site-packages/airflow/example_dags/example_outlet_event_extra.py
[2024-08-21T07:24:03.762+0700] {processor.py:914} INFO - Processing file /home/user/airflow/airflow_venv/lib/python3.10/site-packages/airflow/example_dags/example_outlet_event_extra.py for tasks to queue
[2024-08-21T07:24:03.764+0700] {logging_mixin.py:190} INFO - [2024-08-21T07:24:03.764+0700] {dagbag.py:587} INFO - Filling up the DagBag from /home/user/airflow/airflow_venv/lib/python3.10/site-packages/airflow/example_dags/example_outlet_event_extra.py
[2024-08-21T07:24:03.780+0700] {processor.py:925} INFO - DAG(s) 'dataset_with_extra_by_context', 'dataset_with_extra_by_yield', 'dataset_with_extra_from_classic_operator' retrieved from /home/user/airflow/airflow_venv/lib/python3.10/site-packages/airflow/example_dags/example_outlet_event_extra.py
[2024-08-21T07:24:03.801+0700] {logging_mixin.py:190} INFO - [2024-08-21T07:24:03.801+0700] {dag.py:3211} INFO - Sync 3 DAGs
[2024-08-21T07:24:03.824+0700] {logging_mixin.py:190} INFO - [2024-08-21T07:24:03.824+0700] {dag.py:4138} INFO - Setting next_dagrun for dataset_with_extra_by_context to 2024-08-20 00:00:00+00:00, run_after=2024-08-21 00:00:00+00:00
[2024-08-21T07:24:03.829+0700] {logging_mixin.py:190} INFO - [2024-08-21T07:24:03.829+0700] {dag.py:4138} INFO - Setting next_dagrun for dataset_with_extra_by_yield to 2024-08-20 00:00:00+00:00, run_after=2024-08-21 00:00:00+00:00
[2024-08-21T07:24:03.831+0700] {logging_mixin.py:190} INFO - [2024-08-21T07:24:03.831+0700] {dag.py:4138} INFO - Setting next_dagrun for dataset_with_extra_from_classic_operator to 2024-08-20 00:00:00+00:00, run_after=2024-08-21 00:00:00+00:00
[2024-08-21T07:24:04.084+0700] {processor.py:208} INFO - Processing /home/user/airflow/airflow_venv/lib/python3.10/site-packages/airflow/example_dags/example_outlet_event_extra.py took 0.333 seconds
[2024-08-21T07:25:14.299+0700] {processor.py:186} INFO - Started process (PID=3946) to work on /home/user/airflow/airflow_venv/lib/python3.10/site-packages/airflow/example_dags/example_outlet_event_extra.py
[2024-08-21T07:25:14.305+0700] {processor.py:914} INFO - Processing file /home/user/airflow/airflow_venv/lib/python3.10/site-packages/airflow/example_dags/example_outlet_event_extra.py for tasks to queue
[2024-08-21T07:25:14.307+0700] {logging_mixin.py:190} INFO - [2024-08-21T07:25:14.307+0700] {dagbag.py:587} INFO - Filling up the DagBag from /home/user/airflow/airflow_venv/lib/python3.10/site-packages/airflow/example_dags/example_outlet_event_extra.py
[2024-08-21T07:25:14.318+0700] {processor.py:925} INFO - DAG(s) 'dataset_with_extra_by_context', 'dataset_with_extra_by_yield', 'dataset_with_extra_from_classic_operator' retrieved from /home/user/airflow/airflow_venv/lib/python3.10/site-packages/airflow/example_dags/example_outlet_event_extra.py
[2024-08-21T07:25:14.336+0700] {logging_mixin.py:190} INFO - [2024-08-21T07:25:14.335+0700] {dag.py:3211} INFO - Sync 3 DAGs
[2024-08-21T07:25:14.351+0700] {logging_mixin.py:190} INFO - [2024-08-21T07:25:14.351+0700] {dag.py:4138} INFO - Setting next_dagrun for dataset_with_extra_by_context to 2024-08-20 00:00:00+00:00, run_after=2024-08-21 00:00:00+00:00
[2024-08-21T07:25:14.353+0700] {logging_mixin.py:190} INFO - [2024-08-21T07:25:14.353+0700] {dag.py:4138} INFO - Setting next_dagrun for dataset_with_extra_by_yield to 2024-08-20 00:00:00+00:00, run_after=2024-08-21 00:00:00+00:00
[2024-08-21T07:25:14.355+0700] {logging_mixin.py:190} INFO - [2024-08-21T07:25:14.355+0700] {dag.py:4138} INFO - Setting next_dagrun for dataset_with_extra_from_classic_operator to 2024-08-20 00:00:00+00:00, run_after=2024-08-21 00:00:00+00:00
[2024-08-21T07:25:14.372+0700] {processor.py:208} INFO - Processing /home/user/airflow/airflow_venv/lib/python3.10/site-packages/airflow/example_dags/example_outlet_event_extra.py took 0.079 seconds
[2024-08-21T07:26:10.322+0700] {processor.py:186} INFO - Started process (PID=4392) to work on /home/user/airflow/airflow_venv/lib/python3.10/site-packages/airflow/example_dags/example_outlet_event_extra.py
[2024-08-21T07:26:10.324+0700] {processor.py:914} INFO - Processing file /home/user/airflow/airflow_venv/lib/python3.10/site-packages/airflow/example_dags/example_outlet_event_extra.py for tasks to queue
[2024-08-21T07:26:10.326+0700] {logging_mixin.py:190} INFO - [2024-08-21T07:26:10.326+0700] {dagbag.py:587} INFO - Filling up the DagBag from /home/user/airflow/airflow_venv/lib/python3.10/site-packages/airflow/example_dags/example_outlet_event_extra.py
[2024-08-21T07:26:10.342+0700] {processor.py:925} INFO - DAG(s) 'dataset_with_extra_from_classic_operator', 'dataset_with_extra_by_context', 'dataset_with_extra_by_yield' retrieved from /home/user/airflow/airflow_venv/lib/python3.10/site-packages/airflow/example_dags/example_outlet_event_extra.py
[2024-08-21T07:26:10.369+0700] {logging_mixin.py:190} INFO - [2024-08-21T07:26:10.369+0700] {dag.py:3211} INFO - Sync 3 DAGs
[2024-08-21T07:26:10.393+0700] {logging_mixin.py:190} INFO - [2024-08-21T07:26:10.393+0700] {dag.py:4138} INFO - Setting next_dagrun for dataset_with_extra_by_context to 2024-08-20 00:00:00+00:00, run_after=2024-08-21 00:00:00+00:00
[2024-08-21T07:26:10.397+0700] {logging_mixin.py:190} INFO - [2024-08-21T07:26:10.397+0700] {dag.py:4138} INFO - Setting next_dagrun for dataset_with_extra_by_yield to 2024-08-20 00:00:00+00:00, run_after=2024-08-21 00:00:00+00:00
[2024-08-21T07:26:10.400+0700] {logging_mixin.py:190} INFO - [2024-08-21T07:26:10.400+0700] {dag.py:4138} INFO - Setting next_dagrun for dataset_with_extra_from_classic_operator to 2024-08-20 00:00:00+00:00, run_after=2024-08-21 00:00:00+00:00
[2024-08-21T07:26:10.425+0700] {processor.py:208} INFO - Processing /home/user/airflow/airflow_venv/lib/python3.10/site-packages/airflow/example_dags/example_outlet_event_extra.py took 0.110 seconds
[2024-08-21T07:27:27.328+0700] {processor.py:186} INFO - Started process (PID=5002) to work on /home/user/airflow/airflow_venv/lib/python3.10/site-packages/airflow/example_dags/example_outlet_event_extra.py
[2024-08-21T07:27:27.329+0700] {processor.py:914} INFO - Processing file /home/user/airflow/airflow_venv/lib/python3.10/site-packages/airflow/example_dags/example_outlet_event_extra.py for tasks to queue
[2024-08-21T07:27:27.331+0700] {logging_mixin.py:190} INFO - [2024-08-21T07:27:27.331+0700] {dagbag.py:587} INFO - Filling up the DagBag from /home/user/airflow/airflow_venv/lib/python3.10/site-packages/airflow/example_dags/example_outlet_event_extra.py
[2024-08-21T07:27:27.341+0700] {processor.py:925} INFO - DAG(s) 'dataset_with_extra_by_context', 'dataset_with_extra_by_yield', 'dataset_with_extra_from_classic_operator' retrieved from /home/user/airflow/airflow_venv/lib/python3.10/site-packages/airflow/example_dags/example_outlet_event_extra.py
[2024-08-21T07:27:27.358+0700] {logging_mixin.py:190} INFO - [2024-08-21T07:27:27.358+0700] {dag.py:3211} INFO - Sync 3 DAGs
[2024-08-21T07:27:27.372+0700] {logging_mixin.py:190} INFO - [2024-08-21T07:27:27.371+0700] {dag.py:4138} INFO - Setting next_dagrun for dataset_with_extra_by_context to 2024-08-20 00:00:00+00:00, run_after=2024-08-21 00:00:00+00:00
[2024-08-21T07:27:27.374+0700] {logging_mixin.py:190} INFO - [2024-08-21T07:27:27.374+0700] {dag.py:4138} INFO - Setting next_dagrun for dataset_with_extra_by_yield to 2024-08-20 00:00:00+00:00, run_after=2024-08-21 00:00:00+00:00
[2024-08-21T07:27:27.376+0700] {logging_mixin.py:190} INFO - [2024-08-21T07:27:27.375+0700] {dag.py:4138} INFO - Setting next_dagrun for dataset_with_extra_from_classic_operator to 2024-08-20 00:00:00+00:00, run_after=2024-08-21 00:00:00+00:00
[2024-08-21T07:27:27.394+0700] {processor.py:208} INFO - Processing /home/user/airflow/airflow_venv/lib/python3.10/site-packages/airflow/example_dags/example_outlet_event_extra.py took 0.071 seconds
[2024-08-21T07:28:44.597+0700] {processor.py:186} INFO - Started process (PID=5718) to work on /home/user/airflow/airflow_venv/lib/python3.10/site-packages/airflow/example_dags/example_outlet_event_extra.py
[2024-08-21T07:28:44.599+0700] {processor.py:914} INFO - Processing file /home/user/airflow/airflow_venv/lib/python3.10/site-packages/airflow/example_dags/example_outlet_event_extra.py for tasks to queue
[2024-08-21T07:28:44.601+0700] {logging_mixin.py:190} INFO - [2024-08-21T07:28:44.600+0700] {dagbag.py:587} INFO - Filling up the DagBag from /home/user/airflow/airflow_venv/lib/python3.10/site-packages/airflow/example_dags/example_outlet_event_extra.py
[2024-08-21T07:28:44.611+0700] {processor.py:925} INFO - DAG(s) 'dataset_with_extra_by_context', 'dataset_with_extra_from_classic_operator', 'dataset_with_extra_by_yield' retrieved from /home/user/airflow/airflow_venv/lib/python3.10/site-packages/airflow/example_dags/example_outlet_event_extra.py
[2024-08-21T07:28:44.627+0700] {logging_mixin.py:190} INFO - [2024-08-21T07:28:44.626+0700] {dag.py:3211} INFO - Sync 3 DAGs
[2024-08-21T07:28:44.641+0700] {logging_mixin.py:190} INFO - [2024-08-21T07:28:44.641+0700] {dag.py:4138} INFO - Setting next_dagrun for dataset_with_extra_by_context to 2024-08-20 00:00:00+00:00, run_after=2024-08-21 00:00:00+00:00
[2024-08-21T07:28:44.644+0700] {logging_mixin.py:190} INFO - [2024-08-21T07:28:44.644+0700] {dag.py:4138} INFO - Setting next_dagrun for dataset_with_extra_by_yield to 2024-08-20 00:00:00+00:00, run_after=2024-08-21 00:00:00+00:00
[2024-08-21T07:28:44.646+0700] {logging_mixin.py:190} INFO - [2024-08-21T07:28:44.645+0700] {dag.py:4138} INFO - Setting next_dagrun for dataset_with_extra_from_classic_operator to 2024-08-20 00:00:00+00:00, run_after=2024-08-21 00:00:00+00:00
[2024-08-21T07:28:44.663+0700] {processor.py:208} INFO - Processing /home/user/airflow/airflow_venv/lib/python3.10/site-packages/airflow/example_dags/example_outlet_event_extra.py took 0.070 seconds
[2024-08-21T07:30:01.725+0700] {processor.py:186} INFO - Started process (PID=6395) to work on /home/user/airflow/airflow_venv/lib/python3.10/site-packages/airflow/example_dags/example_outlet_event_extra.py
[2024-08-21T07:30:01.732+0700] {processor.py:914} INFO - Processing file /home/user/airflow/airflow_venv/lib/python3.10/site-packages/airflow/example_dags/example_outlet_event_extra.py for tasks to queue
[2024-08-21T07:30:01.734+0700] {logging_mixin.py:190} INFO - [2024-08-21T07:30:01.734+0700] {dagbag.py:587} INFO - Filling up the DagBag from /home/user/airflow/airflow_venv/lib/python3.10/site-packages/airflow/example_dags/example_outlet_event_extra.py
[2024-08-21T07:30:01.748+0700] {processor.py:925} INFO - DAG(s) 'dataset_with_extra_by_yield', 'dataset_with_extra_by_context', 'dataset_with_extra_from_classic_operator' retrieved from /home/user/airflow/airflow_venv/lib/python3.10/site-packages/airflow/example_dags/example_outlet_event_extra.py
[2024-08-21T07:30:01.767+0700] {logging_mixin.py:190} INFO - [2024-08-21T07:30:01.767+0700] {dag.py:3211} INFO - Sync 3 DAGs
[2024-08-21T07:30:01.785+0700] {logging_mixin.py:190} INFO - [2024-08-21T07:30:01.784+0700] {dag.py:4138} INFO - Setting next_dagrun for dataset_with_extra_by_context to 2024-08-20 00:00:00+00:00, run_after=2024-08-21 00:00:00+00:00
[2024-08-21T07:30:01.788+0700] {logging_mixin.py:190} INFO - [2024-08-21T07:30:01.788+0700] {dag.py:4138} INFO - Setting next_dagrun for dataset_with_extra_by_yield to 2024-08-20 00:00:00+00:00, run_after=2024-08-21 00:00:00+00:00
[2024-08-21T07:30:01.790+0700] {logging_mixin.py:190} INFO - [2024-08-21T07:30:01.790+0700] {dag.py:4138} INFO - Setting next_dagrun for dataset_with_extra_from_classic_operator to 2024-08-20 00:00:00+00:00, run_after=2024-08-21 00:00:00+00:00
[2024-08-21T07:30:01.817+0700] {processor.py:208} INFO - Processing /home/user/airflow/airflow_venv/lib/python3.10/site-packages/airflow/example_dags/example_outlet_event_extra.py took 0.098 seconds
[2024-08-21T07:31:12.841+0700] {processor.py:186} INFO - Started process (PID=7061) to work on /home/user/airflow/airflow_venv/lib/python3.10/site-packages/airflow/example_dags/example_outlet_event_extra.py
[2024-08-21T07:31:12.842+0700] {processor.py:914} INFO - Processing file /home/user/airflow/airflow_venv/lib/python3.10/site-packages/airflow/example_dags/example_outlet_event_extra.py for tasks to queue
[2024-08-21T07:31:12.844+0700] {logging_mixin.py:190} INFO - [2024-08-21T07:31:12.844+0700] {dagbag.py:587} INFO - Filling up the DagBag from /home/user/airflow/airflow_venv/lib/python3.10/site-packages/airflow/example_dags/example_outlet_event_extra.py
[2024-08-21T07:31:12.854+0700] {processor.py:925} INFO - DAG(s) 'dataset_with_extra_from_classic_operator', 'dataset_with_extra_by_yield', 'dataset_with_extra_by_context' retrieved from /home/user/airflow/airflow_venv/lib/python3.10/site-packages/airflow/example_dags/example_outlet_event_extra.py
[2024-08-21T07:31:12.869+0700] {logging_mixin.py:190} INFO - [2024-08-21T07:31:12.869+0700] {dag.py:3211} INFO - Sync 3 DAGs
[2024-08-21T07:31:12.888+0700] {logging_mixin.py:190} INFO - [2024-08-21T07:31:12.888+0700] {dag.py:4138} INFO - Setting next_dagrun for dataset_with_extra_by_context to 2024-08-20 00:00:00+00:00, run_after=2024-08-21 00:00:00+00:00
[2024-08-21T07:31:12.892+0700] {logging_mixin.py:190} INFO - [2024-08-21T07:31:12.892+0700] {dag.py:4138} INFO - Setting next_dagrun for dataset_with_extra_by_yield to 2024-08-20 00:00:00+00:00, run_after=2024-08-21 00:00:00+00:00
[2024-08-21T07:31:12.895+0700] {logging_mixin.py:190} INFO - [2024-08-21T07:31:12.895+0700] {dag.py:4138} INFO - Setting next_dagrun for dataset_with_extra_from_classic_operator to 2024-08-20 00:00:00+00:00, run_after=2024-08-21 00:00:00+00:00
[2024-08-21T07:31:12.918+0700] {processor.py:208} INFO - Processing /home/user/airflow/airflow_venv/lib/python3.10/site-packages/airflow/example_dags/example_outlet_event_extra.py took 0.082 seconds
[2024-08-21T07:32:27.220+0700] {processor.py:186} INFO - Started process (PID=7762) to work on /home/user/airflow/airflow_venv/lib/python3.10/site-packages/airflow/example_dags/example_outlet_event_extra.py
[2024-08-21T07:32:27.221+0700] {processor.py:914} INFO - Processing file /home/user/airflow/airflow_venv/lib/python3.10/site-packages/airflow/example_dags/example_outlet_event_extra.py for tasks to queue
[2024-08-21T07:32:27.223+0700] {logging_mixin.py:190} INFO - [2024-08-21T07:32:27.223+0700] {dagbag.py:587} INFO - Filling up the DagBag from /home/user/airflow/airflow_venv/lib/python3.10/site-packages/airflow/example_dags/example_outlet_event_extra.py
[2024-08-21T07:32:27.236+0700] {processor.py:925} INFO - DAG(s) 'dataset_with_extra_from_classic_operator', 'dataset_with_extra_by_context', 'dataset_with_extra_by_yield' retrieved from /home/user/airflow/airflow_venv/lib/python3.10/site-packages/airflow/example_dags/example_outlet_event_extra.py
[2024-08-21T07:32:27.255+0700] {logging_mixin.py:190} INFO - [2024-08-21T07:32:27.254+0700] {dag.py:3211} INFO - Sync 3 DAGs
[2024-08-21T07:32:27.271+0700] {logging_mixin.py:190} INFO - [2024-08-21T07:32:27.271+0700] {dag.py:4138} INFO - Setting next_dagrun for dataset_with_extra_by_context to 2024-08-20 00:00:00+00:00, run_after=2024-08-21 00:00:00+00:00
[2024-08-21T07:32:27.274+0700] {logging_mixin.py:190} INFO - [2024-08-21T07:32:27.274+0700] {dag.py:4138} INFO - Setting next_dagrun for dataset_with_extra_by_yield to 2024-08-20 00:00:00+00:00, run_after=2024-08-21 00:00:00+00:00
[2024-08-21T07:32:27.276+0700] {logging_mixin.py:190} INFO - [2024-08-21T07:32:27.276+0700] {dag.py:4138} INFO - Setting next_dagrun for dataset_with_extra_from_classic_operator to 2024-08-20 00:00:00+00:00, run_after=2024-08-21 00:00:00+00:00
[2024-08-21T07:32:27.299+0700] {processor.py:208} INFO - Processing /home/user/airflow/airflow_venv/lib/python3.10/site-packages/airflow/example_dags/example_outlet_event_extra.py took 0.083 seconds
