[2024-08-21T07:20:17.935+0700] {processor.py:186} INFO - Started process (PID=1574) to work on /home/user/airflow/airflow_venv/lib/python3.10/site-packages/airflow/example_dags/example_sla_dag.py
[2024-08-21T07:20:17.936+0700] {processor.py:914} INFO - Processing file /home/user/airflow/airflow_venv/lib/python3.10/site-packages/airflow/example_dags/example_sla_dag.py for tasks to queue
[2024-08-21T07:20:17.938+0700] {logging_mixin.py:190} INFO - [2024-08-21T07:20:17.938+0700] {dagbag.py:587} INFO - Filling up the DagBag from /home/user/airflow/airflow_venv/lib/python3.10/site-packages/airflow/example_dags/example_sla_dag.py
[2024-08-21T07:20:17.951+0700] {processor.py:925} INFO - DAG(s) 'example_sla_dag' retrieved from /home/user/airflow/airflow_venv/lib/python3.10/site-packages/airflow/example_dags/example_sla_dag.py
[2024-08-21T07:20:18.068+0700] {logging_mixin.py:190} INFO - [2024-08-21T07:20:18.068+0700] {dag.py:3211} INFO - Sync 1 DAGs
[2024-08-21T07:20:18.096+0700] {logging_mixin.py:190} INFO - [2024-08-21T07:20:18.096+0700] {dag.py:4138} INFO - Setting next_dagrun for example_sla_dag to 2024-08-21 00:18:00+00:00, run_after=2024-08-21 00:20:00+00:00
[2024-08-21T07:20:18.128+0700] {processor.py:208} INFO - Processing /home/user/airflow/airflow_venv/lib/python3.10/site-packages/airflow/example_dags/example_sla_dag.py took 0.211 seconds
[2024-08-21T07:21:17.679+0700] {processor.py:186} INFO - Started process (PID=2048) to work on /home/user/airflow/airflow_venv/lib/python3.10/site-packages/airflow/example_dags/example_sla_dag.py
[2024-08-21T07:21:17.680+0700] {processor.py:914} INFO - Processing file /home/user/airflow/airflow_venv/lib/python3.10/site-packages/airflow/example_dags/example_sla_dag.py for tasks to queue
[2024-08-21T07:21:17.682+0700] {logging_mixin.py:190} INFO - [2024-08-21T07:21:17.682+0700] {dagbag.py:587} INFO - Filling up the DagBag from /home/user/airflow/airflow_venv/lib/python3.10/site-packages/airflow/example_dags/example_sla_dag.py
[2024-08-21T07:21:17.690+0700] {processor.py:925} INFO - DAG(s) 'example_sla_dag' retrieved from /home/user/airflow/airflow_venv/lib/python3.10/site-packages/airflow/example_dags/example_sla_dag.py
[2024-08-21T07:21:17.703+0700] {logging_mixin.py:190} INFO - [2024-08-21T07:21:17.703+0700] {dag.py:3211} INFO - Sync 1 DAGs
[2024-08-21T07:21:17.719+0700] {logging_mixin.py:190} INFO - [2024-08-21T07:21:17.719+0700] {dag.py:4138} INFO - Setting next_dagrun for example_sla_dag to 2024-08-21 00:18:00+00:00, run_after=2024-08-21 00:20:00+00:00
[2024-08-21T07:21:17.736+0700] {processor.py:208} INFO - Processing /home/user/airflow/airflow_venv/lib/python3.10/site-packages/airflow/example_dags/example_sla_dag.py took 0.063 seconds
[2024-08-21T07:22:14.638+0700] {processor.py:186} INFO - Started process (PID=2496) to work on /home/user/airflow/airflow_venv/lib/python3.10/site-packages/airflow/example_dags/example_sla_dag.py
[2024-08-21T07:22:14.639+0700] {processor.py:914} INFO - Processing file /home/user/airflow/airflow_venv/lib/python3.10/site-packages/airflow/example_dags/example_sla_dag.py for tasks to queue
[2024-08-21T07:22:14.640+0700] {logging_mixin.py:190} INFO - [2024-08-21T07:22:14.640+0700] {dagbag.py:587} INFO - Filling up the DagBag from /home/user/airflow/airflow_venv/lib/python3.10/site-packages/airflow/example_dags/example_sla_dag.py
[2024-08-21T07:22:14.649+0700] {processor.py:925} INFO - DAG(s) 'example_sla_dag' retrieved from /home/user/airflow/airflow_venv/lib/python3.10/site-packages/airflow/example_dags/example_sla_dag.py
[2024-08-21T07:22:14.662+0700] {logging_mixin.py:190} INFO - [2024-08-21T07:22:14.662+0700] {dag.py:3211} INFO - Sync 1 DAGs
[2024-08-21T07:22:14.683+0700] {logging_mixin.py:190} INFO - [2024-08-21T07:22:14.683+0700] {dag.py:4138} INFO - Setting next_dagrun for example_sla_dag to 2024-08-21 00:20:00+00:00, run_after=2024-08-21 00:22:00+00:00
[2024-08-21T07:22:14.711+0700] {processor.py:208} INFO - Processing /home/user/airflow/airflow_venv/lib/python3.10/site-packages/airflow/example_dags/example_sla_dag.py took 0.078 seconds
[2024-08-21T07:22:28.847+0700] {processor.py:186} INFO - Started process (PID=2609) to work on /home/user/airflow/airflow_venv/lib/python3.10/site-packages/airflow/example_dags/example_sla_dag.py
[2024-08-21T07:22:28.849+0700] {processor.py:914} INFO - Processing file /home/user/airflow/airflow_venv/lib/python3.10/site-packages/airflow/example_dags/example_sla_dag.py for tasks to queue
[2024-08-21T07:22:28.851+0700] {logging_mixin.py:190} INFO - [2024-08-21T07:22:28.851+0700] {dagbag.py:587} INFO - Filling up the DagBag from /home/user/airflow/airflow_venv/lib/python3.10/site-packages/airflow/example_dags/example_sla_dag.py
[2024-08-21T07:22:28.862+0700] {processor.py:925} INFO - DAG(s) 'example_sla_dag' retrieved from /home/user/airflow/airflow_venv/lib/python3.10/site-packages/airflow/example_dags/example_sla_dag.py
[2024-08-21T07:22:28.875+0700] {logging_mixin.py:190} INFO - [2024-08-21T07:22:28.875+0700] {dag.py:3211} INFO - Sync 1 DAGs
[2024-08-21T07:22:28.891+0700] {logging_mixin.py:190} INFO - [2024-08-21T07:22:28.891+0700] {dag.py:4138} INFO - Setting next_dagrun for example_sla_dag to 2024-08-21 00:20:00+00:00, run_after=2024-08-21 00:22:00+00:00
[2024-08-21T07:22:28.907+0700] {processor.py:208} INFO - Processing /home/user/airflow/airflow_venv/lib/python3.10/site-packages/airflow/example_dags/example_sla_dag.py took 0.065 seconds
[2024-08-21T07:23:13.859+0700] {processor.py:186} INFO - Started process (PID=2970) to work on /home/user/airflow/airflow_venv/lib/python3.10/site-packages/airflow/example_dags/example_sla_dag.py
[2024-08-21T07:23:13.897+0700] {processor.py:914} INFO - Processing file /home/user/airflow/airflow_venv/lib/python3.10/site-packages/airflow/example_dags/example_sla_dag.py for tasks to queue
[2024-08-21T07:23:13.900+0700] {logging_mixin.py:190} INFO - [2024-08-21T07:23:13.900+0700] {dagbag.py:587} INFO - Filling up the DagBag from /home/user/airflow/airflow_venv/lib/python3.10/site-packages/airflow/example_dags/example_sla_dag.py
[2024-08-21T07:23:13.912+0700] {processor.py:925} INFO - DAG(s) 'example_sla_dag' retrieved from /home/user/airflow/airflow_venv/lib/python3.10/site-packages/airflow/example_dags/example_sla_dag.py
[2024-08-21T07:23:13.937+0700] {logging_mixin.py:190} INFO - [2024-08-21T07:23:13.936+0700] {dag.py:3211} INFO - Sync 1 DAGs
[2024-08-21T07:23:13.971+0700] {logging_mixin.py:190} INFO - [2024-08-21T07:23:13.971+0700] {dag.py:4138} INFO - Setting next_dagrun for example_sla_dag to 2024-08-21 00:20:00+00:00, run_after=2024-08-21 00:22:00+00:00
[2024-08-21T07:23:14.001+0700] {processor.py:208} INFO - Processing /home/user/airflow/airflow_venv/lib/python3.10/site-packages/airflow/example_dags/example_sla_dag.py took 0.151 seconds
[2024-08-21T07:24:22.208+0700] {processor.py:186} INFO - Started process (PID=3520) to work on /home/user/airflow/airflow_venv/lib/python3.10/site-packages/airflow/example_dags/example_sla_dag.py
[2024-08-21T07:24:22.210+0700] {processor.py:914} INFO - Processing file /home/user/airflow/airflow_venv/lib/python3.10/site-packages/airflow/example_dags/example_sla_dag.py for tasks to queue
[2024-08-21T07:24:22.213+0700] {logging_mixin.py:190} INFO - [2024-08-21T07:24:22.212+0700] {dagbag.py:587} INFO - Filling up the DagBag from /home/user/airflow/airflow_venv/lib/python3.10/site-packages/airflow/example_dags/example_sla_dag.py
[2024-08-21T07:24:22.220+0700] {processor.py:925} INFO - DAG(s) 'example_sla_dag' retrieved from /home/user/airflow/airflow_venv/lib/python3.10/site-packages/airflow/example_dags/example_sla_dag.py
[2024-08-21T07:24:22.233+0700] {logging_mixin.py:190} INFO - [2024-08-21T07:24:22.233+0700] {dag.py:3211} INFO - Sync 1 DAGs
[2024-08-21T07:24:22.250+0700] {logging_mixin.py:190} INFO - [2024-08-21T07:24:22.250+0700] {dag.py:4138} INFO - Setting next_dagrun for example_sla_dag to 2024-08-21 00:22:00+00:00, run_after=2024-08-21 00:24:00+00:00
[2024-08-21T07:24:22.267+0700] {processor.py:208} INFO - Processing /home/user/airflow/airflow_venv/lib/python3.10/site-packages/airflow/example_dags/example_sla_dag.py took 0.063 seconds
[2024-08-21T07:24:58.232+0700] {processor.py:186} INFO - Started process (PID=3815) to work on /home/user/airflow/airflow_venv/lib/python3.10/site-packages/airflow/example_dags/example_sla_dag.py
[2024-08-21T07:24:58.234+0700] {processor.py:914} INFO - Processing file /home/user/airflow/airflow_venv/lib/python3.10/site-packages/airflow/example_dags/example_sla_dag.py for tasks to queue
[2024-08-21T07:24:58.236+0700] {logging_mixin.py:190} INFO - [2024-08-21T07:24:58.235+0700] {dagbag.py:587} INFO - Filling up the DagBag from /home/user/airflow/airflow_venv/lib/python3.10/site-packages/airflow/example_dags/example_sla_dag.py
[2024-08-21T07:24:58.245+0700] {processor.py:925} INFO - DAG(s) 'example_sla_dag' retrieved from /home/user/airflow/airflow_venv/lib/python3.10/site-packages/airflow/example_dags/example_sla_dag.py
[2024-08-21T07:24:58.259+0700] {logging_mixin.py:190} INFO - [2024-08-21T07:24:58.259+0700] {dag.py:3211} INFO - Sync 1 DAGs
[2024-08-21T07:24:58.289+0700] {logging_mixin.py:190} INFO - [2024-08-21T07:24:58.288+0700] {dag.py:4138} INFO - Setting next_dagrun for example_sla_dag to 2024-08-21 00:22:00+00:00, run_after=2024-08-21 00:24:00+00:00
[2024-08-21T07:24:58.311+0700] {processor.py:208} INFO - Processing /home/user/airflow/airflow_venv/lib/python3.10/site-packages/airflow/example_dags/example_sla_dag.py took 0.083 seconds
[2024-08-21T07:25:49.627+0700] {processor.py:186} INFO - Started process (PID=4231) to work on /home/user/airflow/airflow_venv/lib/python3.10/site-packages/airflow/example_dags/example_sla_dag.py
[2024-08-21T07:25:49.629+0700] {processor.py:914} INFO - Processing file /home/user/airflow/airflow_venv/lib/python3.10/site-packages/airflow/example_dags/example_sla_dag.py for tasks to queue
[2024-08-21T07:25:49.631+0700] {logging_mixin.py:190} INFO - [2024-08-21T07:25:49.631+0700] {dagbag.py:587} INFO - Filling up the DagBag from /home/user/airflow/airflow_venv/lib/python3.10/site-packages/airflow/example_dags/example_sla_dag.py
[2024-08-21T07:25:49.640+0700] {processor.py:925} INFO - DAG(s) 'example_sla_dag' retrieved from /home/user/airflow/airflow_venv/lib/python3.10/site-packages/airflow/example_dags/example_sla_dag.py
[2024-08-21T07:25:49.653+0700] {logging_mixin.py:190} INFO - [2024-08-21T07:25:49.653+0700] {dag.py:3211} INFO - Sync 1 DAGs
[2024-08-21T07:25:49.669+0700] {logging_mixin.py:190} INFO - [2024-08-21T07:25:49.669+0700] {dag.py:4138} INFO - Setting next_dagrun for example_sla_dag to 2024-08-21 00:22:00+00:00, run_after=2024-08-21 00:24:00+00:00
[2024-08-21T07:25:49.687+0700] {processor.py:208} INFO - Processing /home/user/airflow/airflow_venv/lib/python3.10/site-packages/airflow/example_dags/example_sla_dag.py took 0.064 seconds
[2024-08-21T07:26:42.854+0700] {processor.py:186} INFO - Started process (PID=4649) to work on /home/user/airflow/airflow_venv/lib/python3.10/site-packages/airflow/example_dags/example_sla_dag.py
[2024-08-21T07:26:42.855+0700] {processor.py:914} INFO - Processing file /home/user/airflow/airflow_venv/lib/python3.10/site-packages/airflow/example_dags/example_sla_dag.py for tasks to queue
[2024-08-21T07:26:42.857+0700] {logging_mixin.py:190} INFO - [2024-08-21T07:26:42.857+0700] {dagbag.py:587} INFO - Filling up the DagBag from /home/user/airflow/airflow_venv/lib/python3.10/site-packages/airflow/example_dags/example_sla_dag.py
[2024-08-21T07:26:42.868+0700] {processor.py:925} INFO - DAG(s) 'example_sla_dag' retrieved from /home/user/airflow/airflow_venv/lib/python3.10/site-packages/airflow/example_dags/example_sla_dag.py
[2024-08-21T07:26:42.883+0700] {logging_mixin.py:190} INFO - [2024-08-21T07:26:42.883+0700] {dag.py:3211} INFO - Sync 1 DAGs
[2024-08-21T07:26:42.901+0700] {logging_mixin.py:190} INFO - [2024-08-21T07:26:42.900+0700] {dag.py:4138} INFO - Setting next_dagrun for example_sla_dag to 2024-08-21 00:24:00+00:00, run_after=2024-08-21 00:26:00+00:00
[2024-08-21T07:26:42.922+0700] {processor.py:208} INFO - Processing /home/user/airflow/airflow_venv/lib/python3.10/site-packages/airflow/example_dags/example_sla_dag.py took 0.074 seconds
[2024-08-21T07:27:32.743+0700] {processor.py:186} INFO - Started process (PID=5041) to work on /home/user/airflow/airflow_venv/lib/python3.10/site-packages/airflow/example_dags/example_sla_dag.py
[2024-08-21T07:27:32.744+0700] {processor.py:914} INFO - Processing file /home/user/airflow/airflow_venv/lib/python3.10/site-packages/airflow/example_dags/example_sla_dag.py for tasks to queue
[2024-08-21T07:27:32.746+0700] {logging_mixin.py:190} INFO - [2024-08-21T07:27:32.746+0700] {dagbag.py:587} INFO - Filling up the DagBag from /home/user/airflow/airflow_venv/lib/python3.10/site-packages/airflow/example_dags/example_sla_dag.py
[2024-08-21T07:27:32.756+0700] {processor.py:925} INFO - DAG(s) 'example_sla_dag' retrieved from /home/user/airflow/airflow_venv/lib/python3.10/site-packages/airflow/example_dags/example_sla_dag.py
[2024-08-21T07:27:32.768+0700] {logging_mixin.py:190} INFO - [2024-08-21T07:27:32.768+0700] {dag.py:3211} INFO - Sync 1 DAGs
[2024-08-21T07:27:32.788+0700] {logging_mixin.py:190} INFO - [2024-08-21T07:27:32.788+0700] {dag.py:4138} INFO - Setting next_dagrun for example_sla_dag to 2024-08-21 00:24:00+00:00, run_after=2024-08-21 00:26:00+00:00
[2024-08-21T07:27:32.811+0700] {processor.py:208} INFO - Processing /home/user/airflow/airflow_venv/lib/python3.10/site-packages/airflow/example_dags/example_sla_dag.py took 0.073 seconds
[2024-08-21T07:28:25.725+0700] {processor.py:186} INFO - Started process (PID=5493) to work on /home/user/airflow/airflow_venv/lib/python3.10/site-packages/airflow/example_dags/example_sla_dag.py
[2024-08-21T07:28:25.727+0700] {processor.py:914} INFO - Processing file /home/user/airflow/airflow_venv/lib/python3.10/site-packages/airflow/example_dags/example_sla_dag.py for tasks to queue
[2024-08-21T07:28:25.729+0700] {logging_mixin.py:190} INFO - [2024-08-21T07:28:25.728+0700] {dagbag.py:587} INFO - Filling up the DagBag from /home/user/airflow/airflow_venv/lib/python3.10/site-packages/airflow/example_dags/example_sla_dag.py
[2024-08-21T07:28:25.737+0700] {processor.py:925} INFO - DAG(s) 'example_sla_dag' retrieved from /home/user/airflow/airflow_venv/lib/python3.10/site-packages/airflow/example_dags/example_sla_dag.py
[2024-08-21T07:28:25.749+0700] {logging_mixin.py:190} INFO - [2024-08-21T07:28:25.749+0700] {dag.py:3211} INFO - Sync 1 DAGs
[2024-08-21T07:28:25.768+0700] {logging_mixin.py:190} INFO - [2024-08-21T07:28:25.768+0700] {dag.py:4138} INFO - Setting next_dagrun for example_sla_dag to 2024-08-21 00:26:00+00:00, run_after=2024-08-21 00:28:00+00:00
[2024-08-21T07:28:25.786+0700] {processor.py:208} INFO - Processing /home/user/airflow/airflow_venv/lib/python3.10/site-packages/airflow/example_dags/example_sla_dag.py took 0.066 seconds
[2024-08-21T07:29:16.491+0700] {processor.py:186} INFO - Started process (PID=5971) to work on /home/user/airflow/airflow_venv/lib/python3.10/site-packages/airflow/example_dags/example_sla_dag.py
[2024-08-21T07:29:16.497+0700] {processor.py:914} INFO - Processing file /home/user/airflow/airflow_venv/lib/python3.10/site-packages/airflow/example_dags/example_sla_dag.py for tasks to queue
[2024-08-21T07:29:16.499+0700] {logging_mixin.py:190} INFO - [2024-08-21T07:29:16.499+0700] {dagbag.py:587} INFO - Filling up the DagBag from /home/user/airflow/airflow_venv/lib/python3.10/site-packages/airflow/example_dags/example_sla_dag.py
[2024-08-21T07:29:16.508+0700] {processor.py:925} INFO - DAG(s) 'example_sla_dag' retrieved from /home/user/airflow/airflow_venv/lib/python3.10/site-packages/airflow/example_dags/example_sla_dag.py
[2024-08-21T07:29:16.521+0700] {logging_mixin.py:190} INFO - [2024-08-21T07:29:16.521+0700] {dag.py:3211} INFO - Sync 1 DAGs
[2024-08-21T07:29:16.540+0700] {logging_mixin.py:190} INFO - [2024-08-21T07:29:16.540+0700] {dag.py:4138} INFO - Setting next_dagrun for example_sla_dag to 2024-08-21 00:26:00+00:00, run_after=2024-08-21 00:28:00+00:00
[2024-08-21T07:29:16.558+0700] {processor.py:208} INFO - Processing /home/user/airflow/airflow_venv/lib/python3.10/site-packages/airflow/example_dags/example_sla_dag.py took 0.072 seconds
[2024-08-21T07:30:06.880+0700] {processor.py:186} INFO - Started process (PID=6433) to work on /home/user/airflow/airflow_venv/lib/python3.10/site-packages/airflow/example_dags/example_sla_dag.py
[2024-08-21T07:30:06.883+0700] {processor.py:914} INFO - Processing file /home/user/airflow/airflow_venv/lib/python3.10/site-packages/airflow/example_dags/example_sla_dag.py for tasks to queue
[2024-08-21T07:30:06.885+0700] {logging_mixin.py:190} INFO - [2024-08-21T07:30:06.884+0700] {dagbag.py:587} INFO - Filling up the DagBag from /home/user/airflow/airflow_venv/lib/python3.10/site-packages/airflow/example_dags/example_sla_dag.py
[2024-08-21T07:30:06.893+0700] {processor.py:925} INFO - DAG(s) 'example_sla_dag' retrieved from /home/user/airflow/airflow_venv/lib/python3.10/site-packages/airflow/example_dags/example_sla_dag.py
[2024-08-21T07:30:06.907+0700] {logging_mixin.py:190} INFO - [2024-08-21T07:30:06.907+0700] {dag.py:3211} INFO - Sync 1 DAGs
[2024-08-21T07:30:06.923+0700] {logging_mixin.py:190} INFO - [2024-08-21T07:30:06.923+0700] {dag.py:4138} INFO - Setting next_dagrun for example_sla_dag to 2024-08-21 00:28:00+00:00, run_after=2024-08-21 00:30:00+00:00
[2024-08-21T07:30:06.945+0700] {processor.py:208} INFO - Processing /home/user/airflow/airflow_venv/lib/python3.10/site-packages/airflow/example_dags/example_sla_dag.py took 0.070 seconds
[2024-08-21T07:30:54.523+0700] {processor.py:186} INFO - Started process (PID=6861) to work on /home/user/airflow/airflow_venv/lib/python3.10/site-packages/airflow/example_dags/example_sla_dag.py
[2024-08-21T07:30:54.525+0700] {processor.py:914} INFO - Processing file /home/user/airflow/airflow_venv/lib/python3.10/site-packages/airflow/example_dags/example_sla_dag.py for tasks to queue
[2024-08-21T07:30:54.528+0700] {logging_mixin.py:190} INFO - [2024-08-21T07:30:54.527+0700] {dagbag.py:587} INFO - Filling up the DagBag from /home/user/airflow/airflow_venv/lib/python3.10/site-packages/airflow/example_dags/example_sla_dag.py
[2024-08-21T07:30:54.541+0700] {processor.py:925} INFO - DAG(s) 'example_sla_dag' retrieved from /home/user/airflow/airflow_venv/lib/python3.10/site-packages/airflow/example_dags/example_sla_dag.py
[2024-08-21T07:30:54.560+0700] {logging_mixin.py:190} INFO - [2024-08-21T07:30:54.560+0700] {dag.py:3211} INFO - Sync 1 DAGs
[2024-08-21T07:30:54.582+0700] {logging_mixin.py:190} INFO - [2024-08-21T07:30:54.582+0700] {dag.py:4138} INFO - Setting next_dagrun for example_sla_dag to 2024-08-21 00:28:00+00:00, run_after=2024-08-21 00:30:00+00:00
[2024-08-21T07:30:54.614+0700] {processor.py:208} INFO - Processing /home/user/airflow/airflow_venv/lib/python3.10/site-packages/airflow/example_dags/example_sla_dag.py took 0.095 seconds
[2024-08-21T07:31:42.724+0700] {processor.py:186} INFO - Started process (PID=7351) to work on /home/user/airflow/airflow_venv/lib/python3.10/site-packages/airflow/example_dags/example_sla_dag.py
[2024-08-21T07:31:42.726+0700] {processor.py:914} INFO - Processing file /home/user/airflow/airflow_venv/lib/python3.10/site-packages/airflow/example_dags/example_sla_dag.py for tasks to queue
[2024-08-21T07:31:42.728+0700] {logging_mixin.py:190} INFO - [2024-08-21T07:31:42.727+0700] {dagbag.py:587} INFO - Filling up the DagBag from /home/user/airflow/airflow_venv/lib/python3.10/site-packages/airflow/example_dags/example_sla_dag.py
[2024-08-21T07:31:42.739+0700] {processor.py:925} INFO - DAG(s) 'example_sla_dag' retrieved from /home/user/airflow/airflow_venv/lib/python3.10/site-packages/airflow/example_dags/example_sla_dag.py
[2024-08-21T07:31:42.756+0700] {logging_mixin.py:190} INFO - [2024-08-21T07:31:42.755+0700] {dag.py:3211} INFO - Sync 1 DAGs
[2024-08-21T07:31:42.776+0700] {logging_mixin.py:190} INFO - [2024-08-21T07:31:42.776+0700] {dag.py:4138} INFO - Setting next_dagrun for example_sla_dag to 2024-08-21 00:28:00+00:00, run_after=2024-08-21 00:30:00+00:00
[2024-08-21T07:31:43.068+0700] {processor.py:208} INFO - Processing /home/user/airflow/airflow_venv/lib/python3.10/site-packages/airflow/example_dags/example_sla_dag.py took 0.349 seconds
[2024-08-21T07:32:32.657+0700] {processor.py:186} INFO - Started process (PID=7829) to work on /home/user/airflow/airflow_venv/lib/python3.10/site-packages/airflow/example_dags/example_sla_dag.py
[2024-08-21T07:32:32.659+0700] {processor.py:914} INFO - Processing file /home/user/airflow/airflow_venv/lib/python3.10/site-packages/airflow/example_dags/example_sla_dag.py for tasks to queue
[2024-08-21T07:32:32.660+0700] {logging_mixin.py:190} INFO - [2024-08-21T07:32:32.660+0700] {dagbag.py:587} INFO - Filling up the DagBag from /home/user/airflow/airflow_venv/lib/python3.10/site-packages/airflow/example_dags/example_sla_dag.py
[2024-08-21T07:32:32.670+0700] {processor.py:925} INFO - DAG(s) 'example_sla_dag' retrieved from /home/user/airflow/airflow_venv/lib/python3.10/site-packages/airflow/example_dags/example_sla_dag.py
[2024-08-21T07:32:32.687+0700] {logging_mixin.py:190} INFO - [2024-08-21T07:32:32.687+0700] {dag.py:3211} INFO - Sync 1 DAGs
[2024-08-21T07:32:32.707+0700] {logging_mixin.py:190} INFO - [2024-08-21T07:32:32.706+0700] {dag.py:4138} INFO - Setting next_dagrun for example_sla_dag to 2024-08-21 00:30:00+00:00, run_after=2024-08-21 00:32:00+00:00
[2024-08-21T07:32:32.727+0700] {processor.py:208} INFO - Processing /home/user/airflow/airflow_venv/lib/python3.10/site-packages/airflow/example_dags/example_sla_dag.py took 0.075 seconds
[2024-08-21T07:33:24.357+0700] {processor.py:186} INFO - Started process (PID=8378) to work on /home/user/airflow/airflow_venv/lib/python3.10/site-packages/airflow/example_dags/example_sla_dag.py
[2024-08-21T07:33:24.358+0700] {processor.py:914} INFO - Processing file /home/user/airflow/airflow_venv/lib/python3.10/site-packages/airflow/example_dags/example_sla_dag.py for tasks to queue
[2024-08-21T07:33:24.361+0700] {logging_mixin.py:190} INFO - [2024-08-21T07:33:24.361+0700] {dagbag.py:587} INFO - Filling up the DagBag from /home/user/airflow/airflow_venv/lib/python3.10/site-packages/airflow/example_dags/example_sla_dag.py
[2024-08-21T07:33:24.369+0700] {processor.py:925} INFO - DAG(s) 'example_sla_dag' retrieved from /home/user/airflow/airflow_venv/lib/python3.10/site-packages/airflow/example_dags/example_sla_dag.py
[2024-08-21T07:33:24.382+0700] {logging_mixin.py:190} INFO - [2024-08-21T07:33:24.381+0700] {dag.py:3211} INFO - Sync 1 DAGs
[2024-08-21T07:33:24.400+0700] {logging_mixin.py:190} INFO - [2024-08-21T07:33:24.400+0700] {dag.py:4138} INFO - Setting next_dagrun for example_sla_dag to 2024-08-21 00:30:00+00:00, run_after=2024-08-21 00:32:00+00:00
[2024-08-21T07:33:24.417+0700] {processor.py:208} INFO - Processing /home/user/airflow/airflow_venv/lib/python3.10/site-packages/airflow/example_dags/example_sla_dag.py took 0.065 seconds
[2024-08-21T07:34:18.135+0700] {processor.py:186} INFO - Started process (PID=8897) to work on /home/user/airflow/airflow_venv/lib/python3.10/site-packages/airflow/example_dags/example_sla_dag.py
[2024-08-21T07:34:18.141+0700] {processor.py:914} INFO - Processing file /home/user/airflow/airflow_venv/lib/python3.10/site-packages/airflow/example_dags/example_sla_dag.py for tasks to queue
[2024-08-21T07:34:18.143+0700] {logging_mixin.py:190} INFO - [2024-08-21T07:34:18.142+0700] {dagbag.py:587} INFO - Filling up the DagBag from /home/user/airflow/airflow_venv/lib/python3.10/site-packages/airflow/example_dags/example_sla_dag.py
[2024-08-21T07:34:18.151+0700] {processor.py:925} INFO - DAG(s) 'example_sla_dag' retrieved from /home/user/airflow/airflow_venv/lib/python3.10/site-packages/airflow/example_dags/example_sla_dag.py
[2024-08-21T07:34:18.169+0700] {logging_mixin.py:190} INFO - [2024-08-21T07:34:18.168+0700] {dag.py:3211} INFO - Sync 1 DAGs
[2024-08-21T07:34:18.193+0700] {logging_mixin.py:190} INFO - [2024-08-21T07:34:18.193+0700] {dag.py:4138} INFO - Setting next_dagrun for example_sla_dag to 2024-08-21 00:32:00+00:00, run_after=2024-08-21 00:34:00+00:00
[2024-08-21T07:34:18.216+0700] {processor.py:208} INFO - Processing /home/user/airflow/airflow_venv/lib/python3.10/site-packages/airflow/example_dags/example_sla_dag.py took 0.086 seconds
[2024-08-21T07:35:12.410+0700] {processor.py:186} INFO - Started process (PID=9958) to work on /home/user/airflow/airflow_venv/lib/python3.10/site-packages/airflow/example_dags/example_sla_dag.py
[2024-08-21T07:35:12.412+0700] {processor.py:914} INFO - Processing file /home/user/airflow/airflow_venv/lib/python3.10/site-packages/airflow/example_dags/example_sla_dag.py for tasks to queue
[2024-08-21T07:35:12.414+0700] {logging_mixin.py:190} INFO - [2024-08-21T07:35:12.414+0700] {dagbag.py:587} INFO - Filling up the DagBag from /home/user/airflow/airflow_venv/lib/python3.10/site-packages/airflow/example_dags/example_sla_dag.py
[2024-08-21T07:35:12.423+0700] {processor.py:925} INFO - DAG(s) 'example_sla_dag' retrieved from /home/user/airflow/airflow_venv/lib/python3.10/site-packages/airflow/example_dags/example_sla_dag.py
[2024-08-21T07:35:12.435+0700] {logging_mixin.py:190} INFO - [2024-08-21T07:35:12.435+0700] {dag.py:3211} INFO - Sync 1 DAGs
[2024-08-21T07:35:12.453+0700] {logging_mixin.py:190} INFO - [2024-08-21T07:35:12.453+0700] {dag.py:4138} INFO - Setting next_dagrun for example_sla_dag to 2024-08-21 00:32:00+00:00, run_after=2024-08-21 00:34:00+00:00
[2024-08-21T07:35:12.470+0700] {processor.py:208} INFO - Processing /home/user/airflow/airflow_venv/lib/python3.10/site-packages/airflow/example_dags/example_sla_dag.py took 0.065 seconds
[2024-08-21T07:36:03.109+0700] {processor.py:186} INFO - Started process (PID=10491) to work on /home/user/airflow/airflow_venv/lib/python3.10/site-packages/airflow/example_dags/example_sla_dag.py
[2024-08-21T07:36:03.115+0700] {processor.py:914} INFO - Processing file /home/user/airflow/airflow_venv/lib/python3.10/site-packages/airflow/example_dags/example_sla_dag.py for tasks to queue
[2024-08-21T07:36:03.118+0700] {logging_mixin.py:190} INFO - [2024-08-21T07:36:03.118+0700] {dagbag.py:587} INFO - Filling up the DagBag from /home/user/airflow/airflow_venv/lib/python3.10/site-packages/airflow/example_dags/example_sla_dag.py
[2024-08-21T07:36:03.125+0700] {processor.py:925} INFO - DAG(s) 'example_sla_dag' retrieved from /home/user/airflow/airflow_venv/lib/python3.10/site-packages/airflow/example_dags/example_sla_dag.py
[2024-08-21T07:36:03.142+0700] {logging_mixin.py:190} INFO - [2024-08-21T07:36:03.142+0700] {dag.py:3211} INFO - Sync 1 DAGs
[2024-08-21T07:36:03.165+0700] {logging_mixin.py:190} INFO - [2024-08-21T07:36:03.165+0700] {dag.py:4138} INFO - Setting next_dagrun for example_sla_dag to 2024-08-21 00:34:00+00:00, run_after=2024-08-21 00:36:00+00:00
[2024-08-21T07:36:03.190+0700] {processor.py:208} INFO - Processing /home/user/airflow/airflow_venv/lib/python3.10/site-packages/airflow/example_dags/example_sla_dag.py took 0.085 seconds
[2024-08-21T07:36:56.552+0700] {processor.py:186} INFO - Started process (PID=10911) to work on /home/user/airflow/airflow_venv/lib/python3.10/site-packages/airflow/example_dags/example_sla_dag.py
[2024-08-21T07:36:56.558+0700] {processor.py:914} INFO - Processing file /home/user/airflow/airflow_venv/lib/python3.10/site-packages/airflow/example_dags/example_sla_dag.py for tasks to queue
[2024-08-21T07:36:56.560+0700] {logging_mixin.py:190} INFO - [2024-08-21T07:36:56.560+0700] {dagbag.py:587} INFO - Filling up the DagBag from /home/user/airflow/airflow_venv/lib/python3.10/site-packages/airflow/example_dags/example_sla_dag.py
[2024-08-21T07:36:56.568+0700] {processor.py:925} INFO - DAG(s) 'example_sla_dag' retrieved from /home/user/airflow/airflow_venv/lib/python3.10/site-packages/airflow/example_dags/example_sla_dag.py
[2024-08-21T07:36:56.580+0700] {logging_mixin.py:190} INFO - [2024-08-21T07:36:56.579+0700] {dag.py:3211} INFO - Sync 1 DAGs
[2024-08-21T07:36:56.594+0700] {logging_mixin.py:190} INFO - [2024-08-21T07:36:56.594+0700] {dag.py:4138} INFO - Setting next_dagrun for example_sla_dag to 2024-08-21 00:34:00+00:00, run_after=2024-08-21 00:36:00+00:00
[2024-08-21T07:36:56.611+0700] {processor.py:208} INFO - Processing /home/user/airflow/airflow_venv/lib/python3.10/site-packages/airflow/example_dags/example_sla_dag.py took 0.064 seconds
[2024-08-21T07:37:50.592+0700] {processor.py:186} INFO - Started process (PID=11536) to work on /home/user/airflow/airflow_venv/lib/python3.10/site-packages/airflow/example_dags/example_sla_dag.py
[2024-08-21T07:37:50.594+0700] {processor.py:914} INFO - Processing file /home/user/airflow/airflow_venv/lib/python3.10/site-packages/airflow/example_dags/example_sla_dag.py for tasks to queue
[2024-08-21T07:37:50.596+0700] {logging_mixin.py:190} INFO - [2024-08-21T07:37:50.596+0700] {dagbag.py:587} INFO - Filling up the DagBag from /home/user/airflow/airflow_venv/lib/python3.10/site-packages/airflow/example_dags/example_sla_dag.py
[2024-08-21T07:37:50.611+0700] {processor.py:925} INFO - DAG(s) 'example_sla_dag' retrieved from /home/user/airflow/airflow_venv/lib/python3.10/site-packages/airflow/example_dags/example_sla_dag.py
[2024-08-21T07:37:50.627+0700] {logging_mixin.py:190} INFO - [2024-08-21T07:37:50.627+0700] {dag.py:3211} INFO - Sync 1 DAGs
[2024-08-21T07:37:50.653+0700] {logging_mixin.py:190} INFO - [2024-08-21T07:37:50.652+0700] {dag.py:4138} INFO - Setting next_dagrun for example_sla_dag to 2024-08-21 00:34:00+00:00, run_after=2024-08-21 00:36:00+00:00
[2024-08-21T07:37:50.673+0700] {processor.py:208} INFO - Processing /home/user/airflow/airflow_venv/lib/python3.10/site-packages/airflow/example_dags/example_sla_dag.py took 0.087 seconds
[2024-08-21T07:38:43.113+0700] {processor.py:186} INFO - Started process (PID=12112) to work on /home/user/airflow/airflow_venv/lib/python3.10/site-packages/airflow/example_dags/example_sla_dag.py
[2024-08-21T07:38:43.114+0700] {processor.py:914} INFO - Processing file /home/user/airflow/airflow_venv/lib/python3.10/site-packages/airflow/example_dags/example_sla_dag.py for tasks to queue
[2024-08-21T07:38:43.116+0700] {logging_mixin.py:190} INFO - [2024-08-21T07:38:43.116+0700] {dagbag.py:587} INFO - Filling up the DagBag from /home/user/airflow/airflow_venv/lib/python3.10/site-packages/airflow/example_dags/example_sla_dag.py
[2024-08-21T07:38:43.125+0700] {processor.py:925} INFO - DAG(s) 'example_sla_dag' retrieved from /home/user/airflow/airflow_venv/lib/python3.10/site-packages/airflow/example_dags/example_sla_dag.py
[2024-08-21T07:38:43.138+0700] {logging_mixin.py:190} INFO - [2024-08-21T07:38:43.137+0700] {dag.py:3211} INFO - Sync 1 DAGs
[2024-08-21T07:38:43.156+0700] {logging_mixin.py:190} INFO - [2024-08-21T07:38:43.156+0700] {dag.py:4138} INFO - Setting next_dagrun for example_sla_dag to 2024-08-21 00:36:00+00:00, run_after=2024-08-21 00:38:00+00:00
[2024-08-21T07:38:43.175+0700] {processor.py:208} INFO - Processing /home/user/airflow/airflow_venv/lib/python3.10/site-packages/airflow/example_dags/example_sla_dag.py took 0.067 seconds
