[2024-08-21T07:20:30.881+0700] {processor.py:186} INFO - Started process (PID=1682) to work on /home/user/airflow/airflow_venv/lib/python3.10/site-packages/airflow/example_dags/tutorial_taskflow_api_virtualenv.py
[2024-08-21T07:20:30.882+0700] {processor.py:914} INFO - Processing file /home/user/airflow/airflow_venv/lib/python3.10/site-packages/airflow/example_dags/tutorial_taskflow_api_virtualenv.py for tasks to queue
[2024-08-21T07:20:30.884+0700] {logging_mixin.py:190} INFO - [2024-08-21T07:20:30.884+0700] {dagbag.py:587} INFO - Filling up the DagBag from /home/user/airflow/airflow_venv/lib/python3.10/site-packages/airflow/example_dags/tutorial_taskflow_api_virtualenv.py
[2024-08-21T07:20:30.923+0700] {logging_mixin.py:190} INFO - [2024-08-21T07:20:30.923+0700] {tutorial_taskflow_api_virtualenv.py:29} WARNING - The tutorial_taskflow_api_virtualenv example DAG requires virtualenv, please install it.
[2024-08-21T07:20:30.924+0700] {processor.py:927} WARNING - No viable dags retrieved from /home/user/airflow/airflow_venv/lib/python3.10/site-packages/airflow/example_dags/tutorial_taskflow_api_virtualenv.py
[2024-08-21T07:20:30.934+0700] {processor.py:208} INFO - Processing /home/user/airflow/airflow_venv/lib/python3.10/site-packages/airflow/example_dags/tutorial_taskflow_api_virtualenv.py took 0.059 seconds
[2024-08-21T07:21:29.699+0700] {processor.py:186} INFO - Started process (PID=2137) to work on /home/user/airflow/airflow_venv/lib/python3.10/site-packages/airflow/example_dags/tutorial_taskflow_api_virtualenv.py
[2024-08-21T07:21:29.701+0700] {processor.py:914} INFO - Processing file /home/user/airflow/airflow_venv/lib/python3.10/site-packages/airflow/example_dags/tutorial_taskflow_api_virtualenv.py for tasks to queue
[2024-08-21T07:21:29.704+0700] {logging_mixin.py:190} INFO - [2024-08-21T07:21:29.704+0700] {dagbag.py:587} INFO - Filling up the DagBag from /home/user/airflow/airflow_venv/lib/python3.10/site-packages/airflow/example_dags/tutorial_taskflow_api_virtualenv.py
[2024-08-21T07:21:29.730+0700] {logging_mixin.py:190} INFO - [2024-08-21T07:21:29.728+0700] {tutorial_taskflow_api_virtualenv.py:29} WARNING - The tutorial_taskflow_api_virtualenv example DAG requires virtualenv, please install it.
[2024-08-21T07:21:29.730+0700] {processor.py:927} WARNING - No viable dags retrieved from /home/user/airflow/airflow_venv/lib/python3.10/site-packages/airflow/example_dags/tutorial_taskflow_api_virtualenv.py
[2024-08-21T07:21:29.741+0700] {processor.py:208} INFO - Processing /home/user/airflow/airflow_venv/lib/python3.10/site-packages/airflow/example_dags/tutorial_taskflow_api_virtualenv.py took 0.050 seconds
[2024-08-21T07:22:39.137+0700] {processor.py:186} INFO - Started process (PID=2695) to work on /home/user/airflow/airflow_venv/lib/python3.10/site-packages/airflow/example_dags/tutorial_taskflow_api_virtualenv.py
[2024-08-21T07:22:39.139+0700] {processor.py:914} INFO - Processing file /home/user/airflow/airflow_venv/lib/python3.10/site-packages/airflow/example_dags/tutorial_taskflow_api_virtualenv.py for tasks to queue
[2024-08-21T07:22:39.141+0700] {logging_mixin.py:190} INFO - [2024-08-21T07:22:39.140+0700] {dagbag.py:587} INFO - Filling up the DagBag from /home/user/airflow/airflow_venv/lib/python3.10/site-packages/airflow/example_dags/tutorial_taskflow_api_virtualenv.py
[2024-08-21T07:22:39.170+0700] {logging_mixin.py:190} INFO - [2024-08-21T07:22:39.170+0700] {tutorial_taskflow_api_virtualenv.py:29} WARNING - The tutorial_taskflow_api_virtualenv example DAG requires virtualenv, please install it.
[2024-08-21T07:22:39.170+0700] {processor.py:927} WARNING - No viable dags retrieved from /home/user/airflow/airflow_venv/lib/python3.10/site-packages/airflow/example_dags/tutorial_taskflow_api_virtualenv.py
[2024-08-21T07:22:39.179+0700] {processor.py:208} INFO - Processing /home/user/airflow/airflow_venv/lib/python3.10/site-packages/airflow/example_dags/tutorial_taskflow_api_virtualenv.py took 0.047 seconds
[2024-08-21T07:23:26.540+0700] {processor.py:186} INFO - Started process (PID=3069) to work on /home/user/airflow/airflow_venv/lib/python3.10/site-packages/airflow/example_dags/tutorial_taskflow_api_virtualenv.py
[2024-08-21T07:23:26.542+0700] {processor.py:914} INFO - Processing file /home/user/airflow/airflow_venv/lib/python3.10/site-packages/airflow/example_dags/tutorial_taskflow_api_virtualenv.py for tasks to queue
[2024-08-21T07:23:26.545+0700] {logging_mixin.py:190} INFO - [2024-08-21T07:23:26.544+0700] {dagbag.py:587} INFO - Filling up the DagBag from /home/user/airflow/airflow_venv/lib/python3.10/site-packages/airflow/example_dags/tutorial_taskflow_api_virtualenv.py
[2024-08-21T07:23:26.567+0700] {logging_mixin.py:190} INFO - [2024-08-21T07:23:26.567+0700] {tutorial_taskflow_api_virtualenv.py:29} WARNING - The tutorial_taskflow_api_virtualenv example DAG requires virtualenv, please install it.
[2024-08-21T07:23:26.568+0700] {processor.py:927} WARNING - No viable dags retrieved from /home/user/airflow/airflow_venv/lib/python3.10/site-packages/airflow/example_dags/tutorial_taskflow_api_virtualenv.py
[2024-08-21T07:23:26.577+0700] {processor.py:208} INFO - Processing /home/user/airflow/airflow_venv/lib/python3.10/site-packages/airflow/example_dags/tutorial_taskflow_api_virtualenv.py took 0.044 seconds
[2024-08-21T07:24:32.400+0700] {processor.py:186} INFO - Started process (PID=3604) to work on /home/user/airflow/airflow_venv/lib/python3.10/site-packages/airflow/example_dags/tutorial_taskflow_api_virtualenv.py
[2024-08-21T07:24:32.402+0700] {processor.py:914} INFO - Processing file /home/user/airflow/airflow_venv/lib/python3.10/site-packages/airflow/example_dags/tutorial_taskflow_api_virtualenv.py for tasks to queue
[2024-08-21T07:24:32.404+0700] {logging_mixin.py:190} INFO - [2024-08-21T07:24:32.403+0700] {dagbag.py:587} INFO - Filling up the DagBag from /home/user/airflow/airflow_venv/lib/python3.10/site-packages/airflow/example_dags/tutorial_taskflow_api_virtualenv.py
[2024-08-21T07:24:32.429+0700] {logging_mixin.py:190} INFO - [2024-08-21T07:24:32.428+0700] {tutorial_taskflow_api_virtualenv.py:29} WARNING - The tutorial_taskflow_api_virtualenv example DAG requires virtualenv, please install it.
[2024-08-21T07:24:32.430+0700] {processor.py:927} WARNING - No viable dags retrieved from /home/user/airflow/airflow_venv/lib/python3.10/site-packages/airflow/example_dags/tutorial_taskflow_api_virtualenv.py
[2024-08-21T07:24:32.440+0700] {processor.py:208} INFO - Processing /home/user/airflow/airflow_venv/lib/python3.10/site-packages/airflow/example_dags/tutorial_taskflow_api_virtualenv.py took 0.044 seconds
[2024-08-21T07:25:29.439+0700] {processor.py:186} INFO - Started process (PID=4064) to work on /home/user/airflow/airflow_venv/lib/python3.10/site-packages/airflow/example_dags/tutorial_taskflow_api_virtualenv.py
[2024-08-21T07:25:29.441+0700] {processor.py:914} INFO - Processing file /home/user/airflow/airflow_venv/lib/python3.10/site-packages/airflow/example_dags/tutorial_taskflow_api_virtualenv.py for tasks to queue
[2024-08-21T07:25:29.443+0700] {logging_mixin.py:190} INFO - [2024-08-21T07:25:29.442+0700] {dagbag.py:587} INFO - Filling up the DagBag from /home/user/airflow/airflow_venv/lib/python3.10/site-packages/airflow/example_dags/tutorial_taskflow_api_virtualenv.py
[2024-08-21T07:25:29.470+0700] {logging_mixin.py:190} INFO - [2024-08-21T07:25:29.470+0700] {tutorial_taskflow_api_virtualenv.py:29} WARNING - The tutorial_taskflow_api_virtualenv example DAG requires virtualenv, please install it.
[2024-08-21T07:25:29.470+0700] {processor.py:927} WARNING - No viable dags retrieved from /home/user/airflow/airflow_venv/lib/python3.10/site-packages/airflow/example_dags/tutorial_taskflow_api_virtualenv.py
[2024-08-21T07:25:29.480+0700] {processor.py:208} INFO - Processing /home/user/airflow/airflow_venv/lib/python3.10/site-packages/airflow/example_dags/tutorial_taskflow_api_virtualenv.py took 0.045 seconds
[2024-08-21T07:26:21.756+0700] {processor.py:186} INFO - Started process (PID=4485) to work on /home/user/airflow/airflow_venv/lib/python3.10/site-packages/airflow/example_dags/tutorial_taskflow_api_virtualenv.py
[2024-08-21T07:26:21.758+0700] {processor.py:914} INFO - Processing file /home/user/airflow/airflow_venv/lib/python3.10/site-packages/airflow/example_dags/tutorial_taskflow_api_virtualenv.py for tasks to queue
[2024-08-21T07:26:21.760+0700] {logging_mixin.py:190} INFO - [2024-08-21T07:26:21.760+0700] {dagbag.py:587} INFO - Filling up the DagBag from /home/user/airflow/airflow_venv/lib/python3.10/site-packages/airflow/example_dags/tutorial_taskflow_api_virtualenv.py
[2024-08-21T07:26:21.780+0700] {logging_mixin.py:190} INFO - [2024-08-21T07:26:21.780+0700] {tutorial_taskflow_api_virtualenv.py:29} WARNING - The tutorial_taskflow_api_virtualenv example DAG requires virtualenv, please install it.
[2024-08-21T07:26:21.780+0700] {processor.py:927} WARNING - No viable dags retrieved from /home/user/airflow/airflow_venv/lib/python3.10/site-packages/airflow/example_dags/tutorial_taskflow_api_virtualenv.py
[2024-08-21T07:26:21.791+0700] {processor.py:208} INFO - Processing /home/user/airflow/airflow_venv/lib/python3.10/site-packages/airflow/example_dags/tutorial_taskflow_api_virtualenv.py took 0.043 seconds
[2024-08-21T07:27:13.612+0700] {processor.py:186} INFO - Started process (PID=4891) to work on /home/user/airflow/airflow_venv/lib/python3.10/site-packages/airflow/example_dags/tutorial_taskflow_api_virtualenv.py
[2024-08-21T07:27:13.614+0700] {processor.py:914} INFO - Processing file /home/user/airflow/airflow_venv/lib/python3.10/site-packages/airflow/example_dags/tutorial_taskflow_api_virtualenv.py for tasks to queue
[2024-08-21T07:27:13.616+0700] {logging_mixin.py:190} INFO - [2024-08-21T07:27:13.615+0700] {dagbag.py:587} INFO - Filling up the DagBag from /home/user/airflow/airflow_venv/lib/python3.10/site-packages/airflow/example_dags/tutorial_taskflow_api_virtualenv.py
[2024-08-21T07:27:13.635+0700] {logging_mixin.py:190} INFO - [2024-08-21T07:27:13.635+0700] {tutorial_taskflow_api_virtualenv.py:29} WARNING - The tutorial_taskflow_api_virtualenv example DAG requires virtualenv, please install it.
[2024-08-21T07:27:13.636+0700] {processor.py:927} WARNING - No viable dags retrieved from /home/user/airflow/airflow_venv/lib/python3.10/site-packages/airflow/example_dags/tutorial_taskflow_api_virtualenv.py
[2024-08-21T07:27:13.648+0700] {processor.py:208} INFO - Processing /home/user/airflow/airflow_venv/lib/python3.10/site-packages/airflow/example_dags/tutorial_taskflow_api_virtualenv.py took 0.040 seconds
[2024-08-21T07:28:05.209+0700] {processor.py:186} INFO - Started process (PID=5331) to work on /home/user/airflow/airflow_venv/lib/python3.10/site-packages/airflow/example_dags/tutorial_taskflow_api_virtualenv.py
[2024-08-21T07:28:05.211+0700] {processor.py:914} INFO - Processing file /home/user/airflow/airflow_venv/lib/python3.10/site-packages/airflow/example_dags/tutorial_taskflow_api_virtualenv.py for tasks to queue
[2024-08-21T07:28:05.213+0700] {logging_mixin.py:190} INFO - [2024-08-21T07:28:05.213+0700] {dagbag.py:587} INFO - Filling up the DagBag from /home/user/airflow/airflow_venv/lib/python3.10/site-packages/airflow/example_dags/tutorial_taskflow_api_virtualenv.py
[2024-08-21T07:28:05.238+0700] {logging_mixin.py:190} INFO - [2024-08-21T07:28:05.237+0700] {tutorial_taskflow_api_virtualenv.py:29} WARNING - The tutorial_taskflow_api_virtualenv example DAG requires virtualenv, please install it.
[2024-08-21T07:28:05.238+0700] {processor.py:927} WARNING - No viable dags retrieved from /home/user/airflow/airflow_venv/lib/python3.10/site-packages/airflow/example_dags/tutorial_taskflow_api_virtualenv.py
[2024-08-21T07:28:05.249+0700] {processor.py:208} INFO - Processing /home/user/airflow/airflow_venv/lib/python3.10/site-packages/airflow/example_dags/tutorial_taskflow_api_virtualenv.py took 0.047 seconds
[2024-08-21T07:28:56.498+0700] {processor.py:186} INFO - Started process (PID=5812) to work on /home/user/airflow/airflow_venv/lib/python3.10/site-packages/airflow/example_dags/tutorial_taskflow_api_virtualenv.py
[2024-08-21T07:28:56.499+0700] {processor.py:914} INFO - Processing file /home/user/airflow/airflow_venv/lib/python3.10/site-packages/airflow/example_dags/tutorial_taskflow_api_virtualenv.py for tasks to queue
[2024-08-21T07:28:56.500+0700] {logging_mixin.py:190} INFO - [2024-08-21T07:28:56.500+0700] {dagbag.py:587} INFO - Filling up the DagBag from /home/user/airflow/airflow_venv/lib/python3.10/site-packages/airflow/example_dags/tutorial_taskflow_api_virtualenv.py
[2024-08-21T07:28:56.524+0700] {logging_mixin.py:190} INFO - [2024-08-21T07:28:56.524+0700] {tutorial_taskflow_api_virtualenv.py:29} WARNING - The tutorial_taskflow_api_virtualenv example DAG requires virtualenv, please install it.
[2024-08-21T07:28:56.525+0700] {processor.py:927} WARNING - No viable dags retrieved from /home/user/airflow/airflow_venv/lib/python3.10/site-packages/airflow/example_dags/tutorial_taskflow_api_virtualenv.py
[2024-08-21T07:28:56.533+0700] {processor.py:208} INFO - Processing /home/user/airflow/airflow_venv/lib/python3.10/site-packages/airflow/example_dags/tutorial_taskflow_api_virtualenv.py took 0.040 seconds
[2024-08-21T07:29:46.881+0700] {processor.py:186} INFO - Started process (PID=6241) to work on /home/user/airflow/airflow_venv/lib/python3.10/site-packages/airflow/example_dags/tutorial_taskflow_api_virtualenv.py
[2024-08-21T07:29:46.882+0700] {processor.py:914} INFO - Processing file /home/user/airflow/airflow_venv/lib/python3.10/site-packages/airflow/example_dags/tutorial_taskflow_api_virtualenv.py for tasks to queue
[2024-08-21T07:29:46.884+0700] {logging_mixin.py:190} INFO - [2024-08-21T07:29:46.884+0700] {dagbag.py:587} INFO - Filling up the DagBag from /home/user/airflow/airflow_venv/lib/python3.10/site-packages/airflow/example_dags/tutorial_taskflow_api_virtualenv.py
[2024-08-21T07:29:46.917+0700] {logging_mixin.py:190} INFO - [2024-08-21T07:29:46.917+0700] {tutorial_taskflow_api_virtualenv.py:29} WARNING - The tutorial_taskflow_api_virtualenv example DAG requires virtualenv, please install it.
[2024-08-21T07:29:46.917+0700] {processor.py:927} WARNING - No viable dags retrieved from /home/user/airflow/airflow_venv/lib/python3.10/site-packages/airflow/example_dags/tutorial_taskflow_api_virtualenv.py
[2024-08-21T07:29:46.930+0700] {processor.py:208} INFO - Processing /home/user/airflow/airflow_venv/lib/python3.10/site-packages/airflow/example_dags/tutorial_taskflow_api_virtualenv.py took 0.055 seconds
[2024-08-21T07:30:36.717+0700] {processor.py:186} INFO - Started process (PID=6672) to work on /home/user/airflow/airflow_venv/lib/python3.10/site-packages/airflow/example_dags/tutorial_taskflow_api_virtualenv.py
[2024-08-21T07:30:36.720+0700] {processor.py:914} INFO - Processing file /home/user/airflow/airflow_venv/lib/python3.10/site-packages/airflow/example_dags/tutorial_taskflow_api_virtualenv.py for tasks to queue
[2024-08-21T07:30:36.722+0700] {logging_mixin.py:190} INFO - [2024-08-21T07:30:36.722+0700] {dagbag.py:587} INFO - Filling up the DagBag from /home/user/airflow/airflow_venv/lib/python3.10/site-packages/airflow/example_dags/tutorial_taskflow_api_virtualenv.py
[2024-08-21T07:30:36.749+0700] {logging_mixin.py:190} INFO - [2024-08-21T07:30:36.749+0700] {tutorial_taskflow_api_virtualenv.py:29} WARNING - The tutorial_taskflow_api_virtualenv example DAG requires virtualenv, please install it.
[2024-08-21T07:30:36.749+0700] {processor.py:927} WARNING - No viable dags retrieved from /home/user/airflow/airflow_venv/lib/python3.10/site-packages/airflow/example_dags/tutorial_taskflow_api_virtualenv.py
[2024-08-21T07:30:36.758+0700] {processor.py:208} INFO - Processing /home/user/airflow/airflow_venv/lib/python3.10/site-packages/airflow/example_dags/tutorial_taskflow_api_virtualenv.py took 0.047 seconds
[2024-08-21T07:31:24.527+0700] {processor.py:186} INFO - Started process (PID=7183) to work on /home/user/airflow/airflow_venv/lib/python3.10/site-packages/airflow/example_dags/tutorial_taskflow_api_virtualenv.py
[2024-08-21T07:31:24.528+0700] {processor.py:914} INFO - Processing file /home/user/airflow/airflow_venv/lib/python3.10/site-packages/airflow/example_dags/tutorial_taskflow_api_virtualenv.py for tasks to queue
[2024-08-21T07:31:24.532+0700] {logging_mixin.py:190} INFO - [2024-08-21T07:31:24.531+0700] {dagbag.py:587} INFO - Filling up the DagBag from /home/user/airflow/airflow_venv/lib/python3.10/site-packages/airflow/example_dags/tutorial_taskflow_api_virtualenv.py
[2024-08-21T07:31:24.560+0700] {logging_mixin.py:190} INFO - [2024-08-21T07:31:24.560+0700] {tutorial_taskflow_api_virtualenv.py:29} WARNING - The tutorial_taskflow_api_virtualenv example DAG requires virtualenv, please install it.
[2024-08-21T07:31:24.560+0700] {processor.py:927} WARNING - No viable dags retrieved from /home/user/airflow/airflow_venv/lib/python3.10/site-packages/airflow/example_dags/tutorial_taskflow_api_virtualenv.py
[2024-08-21T07:31:24.587+0700] {processor.py:208} INFO - Processing /home/user/airflow/airflow_venv/lib/python3.10/site-packages/airflow/example_dags/tutorial_taskflow_api_virtualenv.py took 0.068 seconds
[2024-08-21T07:32:12.373+0700] {processor.py:186} INFO - Started process (PID=7609) to work on /home/user/airflow/airflow_venv/lib/python3.10/site-packages/airflow/example_dags/tutorial_taskflow_api_virtualenv.py
[2024-08-21T07:32:12.379+0700] {processor.py:914} INFO - Processing file /home/user/airflow/airflow_venv/lib/python3.10/site-packages/airflow/example_dags/tutorial_taskflow_api_virtualenv.py for tasks to queue
[2024-08-21T07:32:12.381+0700] {logging_mixin.py:190} INFO - [2024-08-21T07:32:12.381+0700] {dagbag.py:587} INFO - Filling up the DagBag from /home/user/airflow/airflow_venv/lib/python3.10/site-packages/airflow/example_dags/tutorial_taskflow_api_virtualenv.py
[2024-08-21T07:32:12.406+0700] {logging_mixin.py:190} INFO - [2024-08-21T07:32:12.406+0700] {tutorial_taskflow_api_virtualenv.py:29} WARNING - The tutorial_taskflow_api_virtualenv example DAG requires virtualenv, please install it.
[2024-08-21T07:32:12.406+0700] {processor.py:927} WARNING - No viable dags retrieved from /home/user/airflow/airflow_venv/lib/python3.10/site-packages/airflow/example_dags/tutorial_taskflow_api_virtualenv.py
[2024-08-21T07:32:12.415+0700] {processor.py:208} INFO - Processing /home/user/airflow/airflow_venv/lib/python3.10/site-packages/airflow/example_dags/tutorial_taskflow_api_virtualenv.py took 0.048 seconds
[2024-08-21T07:33:03.848+0700] {processor.py:186} INFO - Started process (PID=8145) to work on /home/user/airflow/airflow_venv/lib/python3.10/site-packages/airflow/example_dags/tutorial_taskflow_api_virtualenv.py
[2024-08-21T07:33:03.850+0700] {processor.py:914} INFO - Processing file /home/user/airflow/airflow_venv/lib/python3.10/site-packages/airflow/example_dags/tutorial_taskflow_api_virtualenv.py for tasks to queue
[2024-08-21T07:33:03.851+0700] {logging_mixin.py:190} INFO - [2024-08-21T07:33:03.851+0700] {dagbag.py:587} INFO - Filling up the DagBag from /home/user/airflow/airflow_venv/lib/python3.10/site-packages/airflow/example_dags/tutorial_taskflow_api_virtualenv.py
[2024-08-21T07:33:03.874+0700] {logging_mixin.py:190} INFO - [2024-08-21T07:33:03.874+0700] {tutorial_taskflow_api_virtualenv.py:29} WARNING - The tutorial_taskflow_api_virtualenv example DAG requires virtualenv, please install it.
[2024-08-21T07:33:03.874+0700] {processor.py:927} WARNING - No viable dags retrieved from /home/user/airflow/airflow_venv/lib/python3.10/site-packages/airflow/example_dags/tutorial_taskflow_api_virtualenv.py
[2024-08-21T07:33:03.882+0700] {processor.py:208} INFO - Processing /home/user/airflow/airflow_venv/lib/python3.10/site-packages/airflow/example_dags/tutorial_taskflow_api_virtualenv.py took 0.038 seconds
[2024-08-21T07:33:56.410+0700] {processor.py:186} INFO - Started process (PID=8628) to work on /home/user/airflow/airflow_venv/lib/python3.10/site-packages/airflow/example_dags/tutorial_taskflow_api_virtualenv.py
[2024-08-21T07:33:56.412+0700] {processor.py:914} INFO - Processing file /home/user/airflow/airflow_venv/lib/python3.10/site-packages/airflow/example_dags/tutorial_taskflow_api_virtualenv.py for tasks to queue
[2024-08-21T07:33:56.414+0700] {logging_mixin.py:190} INFO - [2024-08-21T07:33:56.414+0700] {dagbag.py:587} INFO - Filling up the DagBag from /home/user/airflow/airflow_venv/lib/python3.10/site-packages/airflow/example_dags/tutorial_taskflow_api_virtualenv.py
[2024-08-21T07:33:56.435+0700] {logging_mixin.py:190} INFO - [2024-08-21T07:33:56.434+0700] {tutorial_taskflow_api_virtualenv.py:29} WARNING - The tutorial_taskflow_api_virtualenv example DAG requires virtualenv, please install it.
[2024-08-21T07:33:56.435+0700] {processor.py:927} WARNING - No viable dags retrieved from /home/user/airflow/airflow_venv/lib/python3.10/site-packages/airflow/example_dags/tutorial_taskflow_api_virtualenv.py
[2024-08-21T07:33:56.443+0700] {processor.py:208} INFO - Processing /home/user/airflow/airflow_venv/lib/python3.10/site-packages/airflow/example_dags/tutorial_taskflow_api_virtualenv.py took 0.039 seconds
[2024-08-21T07:34:51.802+0700] {processor.py:186} INFO - Started process (PID=9705) to work on /home/user/airflow/airflow_venv/lib/python3.10/site-packages/airflow/example_dags/tutorial_taskflow_api_virtualenv.py
[2024-08-21T07:34:51.803+0700] {processor.py:914} INFO - Processing file /home/user/airflow/airflow_venv/lib/python3.10/site-packages/airflow/example_dags/tutorial_taskflow_api_virtualenv.py for tasks to queue
[2024-08-21T07:34:51.807+0700] {logging_mixin.py:190} INFO - [2024-08-21T07:34:51.807+0700] {dagbag.py:587} INFO - Filling up the DagBag from /home/user/airflow/airflow_venv/lib/python3.10/site-packages/airflow/example_dags/tutorial_taskflow_api_virtualenv.py
[2024-08-21T07:34:51.832+0700] {logging_mixin.py:190} INFO - [2024-08-21T07:34:51.832+0700] {tutorial_taskflow_api_virtualenv.py:29} WARNING - The tutorial_taskflow_api_virtualenv example DAG requires virtualenv, please install it.
[2024-08-21T07:34:51.833+0700] {processor.py:927} WARNING - No viable dags retrieved from /home/user/airflow/airflow_venv/lib/python3.10/site-packages/airflow/example_dags/tutorial_taskflow_api_virtualenv.py
[2024-08-21T07:34:51.856+0700] {processor.py:208} INFO - Processing /home/user/airflow/airflow_venv/lib/python3.10/site-packages/airflow/example_dags/tutorial_taskflow_api_virtualenv.py took 0.062 seconds
[2024-08-21T07:35:41.693+0700] {processor.py:186} INFO - Started process (PID=10241) to work on /home/user/airflow/airflow_venv/lib/python3.10/site-packages/airflow/example_dags/tutorial_taskflow_api_virtualenv.py
[2024-08-21T07:35:41.695+0700] {processor.py:914} INFO - Processing file /home/user/airflow/airflow_venv/lib/python3.10/site-packages/airflow/example_dags/tutorial_taskflow_api_virtualenv.py for tasks to queue
[2024-08-21T07:35:41.697+0700] {logging_mixin.py:190} INFO - [2024-08-21T07:35:41.697+0700] {dagbag.py:587} INFO - Filling up the DagBag from /home/user/airflow/airflow_venv/lib/python3.10/site-packages/airflow/example_dags/tutorial_taskflow_api_virtualenv.py
[2024-08-21T07:35:41.718+0700] {logging_mixin.py:190} INFO - [2024-08-21T07:35:41.718+0700] {tutorial_taskflow_api_virtualenv.py:29} WARNING - The tutorial_taskflow_api_virtualenv example DAG requires virtualenv, please install it.
[2024-08-21T07:35:41.718+0700] {processor.py:927} WARNING - No viable dags retrieved from /home/user/airflow/airflow_venv/lib/python3.10/site-packages/airflow/example_dags/tutorial_taskflow_api_virtualenv.py
[2024-08-21T07:35:41.728+0700] {processor.py:208} INFO - Processing /home/user/airflow/airflow_venv/lib/python3.10/site-packages/airflow/example_dags/tutorial_taskflow_api_virtualenv.py took 0.039 seconds
[2024-08-21T07:36:35.970+0700] {processor.py:186} INFO - Started process (PID=10748) to work on /home/user/airflow/airflow_venv/lib/python3.10/site-packages/airflow/example_dags/tutorial_taskflow_api_virtualenv.py
[2024-08-21T07:36:35.972+0700] {processor.py:914} INFO - Processing file /home/user/airflow/airflow_venv/lib/python3.10/site-packages/airflow/example_dags/tutorial_taskflow_api_virtualenv.py for tasks to queue
[2024-08-21T07:36:35.974+0700] {logging_mixin.py:190} INFO - [2024-08-21T07:36:35.973+0700] {dagbag.py:587} INFO - Filling up the DagBag from /home/user/airflow/airflow_venv/lib/python3.10/site-packages/airflow/example_dags/tutorial_taskflow_api_virtualenv.py
[2024-08-21T07:36:35.998+0700] {logging_mixin.py:190} INFO - [2024-08-21T07:36:35.998+0700] {tutorial_taskflow_api_virtualenv.py:29} WARNING - The tutorial_taskflow_api_virtualenv example DAG requires virtualenv, please install it.
[2024-08-21T07:36:35.998+0700] {processor.py:927} WARNING - No viable dags retrieved from /home/user/airflow/airflow_venv/lib/python3.10/site-packages/airflow/example_dags/tutorial_taskflow_api_virtualenv.py
[2024-08-21T07:36:36.006+0700] {processor.py:208} INFO - Processing /home/user/airflow/airflow_venv/lib/python3.10/site-packages/airflow/example_dags/tutorial_taskflow_api_virtualenv.py took 0.040 seconds
[2024-08-21T07:37:28.450+0700] {processor.py:186} INFO - Started process (PID=11260) to work on /home/user/airflow/airflow_venv/lib/python3.10/site-packages/airflow/example_dags/tutorial_taskflow_api_virtualenv.py
[2024-08-21T07:37:28.451+0700] {processor.py:914} INFO - Processing file /home/user/airflow/airflow_venv/lib/python3.10/site-packages/airflow/example_dags/tutorial_taskflow_api_virtualenv.py for tasks to queue
[2024-08-21T07:37:28.454+0700] {logging_mixin.py:190} INFO - [2024-08-21T07:37:28.453+0700] {dagbag.py:587} INFO - Filling up the DagBag from /home/user/airflow/airflow_venv/lib/python3.10/site-packages/airflow/example_dags/tutorial_taskflow_api_virtualenv.py
[2024-08-21T07:37:28.481+0700] {logging_mixin.py:190} INFO - [2024-08-21T07:37:28.481+0700] {tutorial_taskflow_api_virtualenv.py:29} WARNING - The tutorial_taskflow_api_virtualenv example DAG requires virtualenv, please install it.
[2024-08-21T07:37:28.481+0700] {processor.py:927} WARNING - No viable dags retrieved from /home/user/airflow/airflow_venv/lib/python3.10/site-packages/airflow/example_dags/tutorial_taskflow_api_virtualenv.py
[2024-08-21T07:37:28.491+0700] {processor.py:208} INFO - Processing /home/user/airflow/airflow_venv/lib/python3.10/site-packages/airflow/example_dags/tutorial_taskflow_api_virtualenv.py took 0.046 seconds
[2024-08-21T07:38:21.303+0700] {processor.py:186} INFO - Started process (PID=11891) to work on /home/user/airflow/airflow_venv/lib/python3.10/site-packages/airflow/example_dags/tutorial_taskflow_api_virtualenv.py
[2024-08-21T07:38:21.305+0700] {processor.py:914} INFO - Processing file /home/user/airflow/airflow_venv/lib/python3.10/site-packages/airflow/example_dags/tutorial_taskflow_api_virtualenv.py for tasks to queue
[2024-08-21T07:38:21.308+0700] {logging_mixin.py:190} INFO - [2024-08-21T07:38:21.308+0700] {dagbag.py:587} INFO - Filling up the DagBag from /home/user/airflow/airflow_venv/lib/python3.10/site-packages/airflow/example_dags/tutorial_taskflow_api_virtualenv.py
[2024-08-21T07:38:21.335+0700] {logging_mixin.py:190} INFO - [2024-08-21T07:38:21.334+0700] {tutorial_taskflow_api_virtualenv.py:29} WARNING - The tutorial_taskflow_api_virtualenv example DAG requires virtualenv, please install it.
[2024-08-21T07:38:21.335+0700] {processor.py:927} WARNING - No viable dags retrieved from /home/user/airflow/airflow_venv/lib/python3.10/site-packages/airflow/example_dags/tutorial_taskflow_api_virtualenv.py
[2024-08-21T07:38:21.345+0700] {processor.py:208} INFO - Processing /home/user/airflow/airflow_venv/lib/python3.10/site-packages/airflow/example_dags/tutorial_taskflow_api_virtualenv.py took 0.048 seconds
[2024-08-21T07:39:14.030+0700] {processor.py:186} INFO - Started process (PID=12456) to work on /home/user/airflow/airflow_venv/lib/python3.10/site-packages/airflow/example_dags/tutorial_taskflow_api_virtualenv.py
[2024-08-21T07:39:14.032+0700] {processor.py:914} INFO - Processing file /home/user/airflow/airflow_venv/lib/python3.10/site-packages/airflow/example_dags/tutorial_taskflow_api_virtualenv.py for tasks to queue
[2024-08-21T07:39:14.034+0700] {logging_mixin.py:190} INFO - [2024-08-21T07:39:14.034+0700] {dagbag.py:587} INFO - Filling up the DagBag from /home/user/airflow/airflow_venv/lib/python3.10/site-packages/airflow/example_dags/tutorial_taskflow_api_virtualenv.py
[2024-08-21T07:39:14.064+0700] {logging_mixin.py:190} INFO - [2024-08-21T07:39:14.063+0700] {tutorial_taskflow_api_virtualenv.py:29} WARNING - The tutorial_taskflow_api_virtualenv example DAG requires virtualenv, please install it.
[2024-08-21T07:39:14.064+0700] {processor.py:927} WARNING - No viable dags retrieved from /home/user/airflow/airflow_venv/lib/python3.10/site-packages/airflow/example_dags/tutorial_taskflow_api_virtualenv.py
[2024-08-21T07:39:14.072+0700] {processor.py:208} INFO - Processing /home/user/airflow/airflow_venv/lib/python3.10/site-packages/airflow/example_dags/tutorial_taskflow_api_virtualenv.py took 0.049 seconds
[2024-08-21T07:40:06.413+0700] {processor.py:186} INFO - Started process (PID=13020) to work on /home/user/airflow/airflow_venv/lib/python3.10/site-packages/airflow/example_dags/tutorial_taskflow_api_virtualenv.py
[2024-08-21T07:40:06.415+0700] {processor.py:914} INFO - Processing file /home/user/airflow/airflow_venv/lib/python3.10/site-packages/airflow/example_dags/tutorial_taskflow_api_virtualenv.py for tasks to queue
[2024-08-21T07:40:06.418+0700] {logging_mixin.py:190} INFO - [2024-08-21T07:40:06.417+0700] {dagbag.py:587} INFO - Filling up the DagBag from /home/user/airflow/airflow_venv/lib/python3.10/site-packages/airflow/example_dags/tutorial_taskflow_api_virtualenv.py
[2024-08-21T07:40:06.445+0700] {logging_mixin.py:190} INFO - [2024-08-21T07:40:06.445+0700] {tutorial_taskflow_api_virtualenv.py:29} WARNING - The tutorial_taskflow_api_virtualenv example DAG requires virtualenv, please install it.
[2024-08-21T07:40:06.446+0700] {processor.py:927} WARNING - No viable dags retrieved from /home/user/airflow/airflow_venv/lib/python3.10/site-packages/airflow/example_dags/tutorial_taskflow_api_virtualenv.py
[2024-08-21T07:40:06.457+0700] {processor.py:208} INFO - Processing /home/user/airflow/airflow_venv/lib/python3.10/site-packages/airflow/example_dags/tutorial_taskflow_api_virtualenv.py took 0.049 seconds
[2024-08-21T07:40:57.236+0700] {processor.py:186} INFO - Started process (PID=13599) to work on /home/user/airflow/airflow_venv/lib/python3.10/site-packages/airflow/example_dags/tutorial_taskflow_api_virtualenv.py
[2024-08-21T07:40:57.238+0700] {processor.py:914} INFO - Processing file /home/user/airflow/airflow_venv/lib/python3.10/site-packages/airflow/example_dags/tutorial_taskflow_api_virtualenv.py for tasks to queue
[2024-08-21T07:40:57.240+0700] {logging_mixin.py:190} INFO - [2024-08-21T07:40:57.240+0700] {dagbag.py:587} INFO - Filling up the DagBag from /home/user/airflow/airflow_venv/lib/python3.10/site-packages/airflow/example_dags/tutorial_taskflow_api_virtualenv.py
[2024-08-21T07:40:57.269+0700] {logging_mixin.py:190} INFO - [2024-08-21T07:40:57.269+0700] {tutorial_taskflow_api_virtualenv.py:29} WARNING - The tutorial_taskflow_api_virtualenv example DAG requires virtualenv, please install it.
[2024-08-21T07:40:57.269+0700] {processor.py:927} WARNING - No viable dags retrieved from /home/user/airflow/airflow_venv/lib/python3.10/site-packages/airflow/example_dags/tutorial_taskflow_api_virtualenv.py
[2024-08-21T07:40:57.277+0700] {processor.py:208} INFO - Processing /home/user/airflow/airflow_venv/lib/python3.10/site-packages/airflow/example_dags/tutorial_taskflow_api_virtualenv.py took 0.046 seconds
